ARM GAS  C:\Users\Tim\AppData\Local\Temp\ccNhzemc.s 			page 1


   1              		.cpu cortex-m0
   2              		.fpu softvfp
   3              		.eabi_attribute 20, 1
   4              		.eabi_attribute 21, 1
   5              		.eabi_attribute 23, 3
   6              		.eabi_attribute 24, 1
   7              		.eabi_attribute 25, 1
   8              		.eabi_attribute 26, 1
   9              		.eabi_attribute 30, 1
  10              		.eabi_attribute 34, 0
  11              		.eabi_attribute 18, 4
  12              		.code	16
  13              		.file	"cyfitter_cfg.c"
  14              		.text
  15              	.Ltext0:
  16              		.cfi_sections	.debug_frame
  17              		.section	.text.AnalogSetDefault,"ax",%progbits
  18              		.align	2
  19              		.code	16
  20              		.thumb_func
  21              		.type	AnalogSetDefault, %function
  22              	AnalogSetDefault:
  23              	.LFB5:
  24              		.file 1 ".\\Generated_Source\\PSoC4\\cyfitter_cfg.c"
   1:.\Generated_Source\PSoC4/cyfitter_cfg.c **** /*******************************************************************************
   2:.\Generated_Source\PSoC4/cyfitter_cfg.c **** * File Name: cyfitter_cfg.c
   3:.\Generated_Source\PSoC4/cyfitter_cfg.c **** * 
   4:.\Generated_Source\PSoC4/cyfitter_cfg.c **** * PSoC Creator  3.3 CP2
   5:.\Generated_Source\PSoC4/cyfitter_cfg.c **** *
   6:.\Generated_Source\PSoC4/cyfitter_cfg.c **** * Description:
   7:.\Generated_Source\PSoC4/cyfitter_cfg.c **** * This file contains device initialization code.
   8:.\Generated_Source\PSoC4/cyfitter_cfg.c **** * Except for the user defined sections in CyClockStartupError(), this file should not be modified.
   9:.\Generated_Source\PSoC4/cyfitter_cfg.c **** * This file is automatically generated by PSoC Creator.
  10:.\Generated_Source\PSoC4/cyfitter_cfg.c **** *
  11:.\Generated_Source\PSoC4/cyfitter_cfg.c **** ********************************************************************************
  12:.\Generated_Source\PSoC4/cyfitter_cfg.c **** * Copyright (c) 2007-2015 Cypress Semiconductor.  All rights reserved.
  13:.\Generated_Source\PSoC4/cyfitter_cfg.c **** * You may use this file only in accordance with the license, terms, conditions, 
  14:.\Generated_Source\PSoC4/cyfitter_cfg.c **** * disclaimers, and limitations in the end user license agreement accompanying 
  15:.\Generated_Source\PSoC4/cyfitter_cfg.c **** * the software package with which this file was provided.
  16:.\Generated_Source\PSoC4/cyfitter_cfg.c **** ********************************************************************************/
  17:.\Generated_Source\PSoC4/cyfitter_cfg.c **** 
  18:.\Generated_Source\PSoC4/cyfitter_cfg.c **** #include <string.h>
  19:.\Generated_Source\PSoC4/cyfitter_cfg.c **** #include "cytypes.h"
  20:.\Generated_Source\PSoC4/cyfitter_cfg.c **** #include "cydevice_trm.h"
  21:.\Generated_Source\PSoC4/cyfitter_cfg.c **** #include "cyfitter.h"
  22:.\Generated_Source\PSoC4/cyfitter_cfg.c **** #include "CyLib.h"
  23:.\Generated_Source\PSoC4/cyfitter_cfg.c **** #include "CyLFClk.h"
  24:.\Generated_Source\PSoC4/cyfitter_cfg.c **** #include "cyfitter_cfg.h"
  25:.\Generated_Source\PSoC4/cyfitter_cfg.c **** 
  26:.\Generated_Source\PSoC4/cyfitter_cfg.c **** 
  27:.\Generated_Source\PSoC4/cyfitter_cfg.c **** #if defined(__GNUC__) || defined(__ARMCC_VERSION)
  28:.\Generated_Source\PSoC4/cyfitter_cfg.c ****     #define CYPACKED 
  29:.\Generated_Source\PSoC4/cyfitter_cfg.c ****     #define CYPACKED_ATTR __attribute__ ((packed))
  30:.\Generated_Source\PSoC4/cyfitter_cfg.c ****     #define CYALIGNED __attribute__ ((aligned))
  31:.\Generated_Source\PSoC4/cyfitter_cfg.c ****     #define CY_CFG_UNUSED __attribute__ ((unused))
  32:.\Generated_Source\PSoC4/cyfitter_cfg.c ****     #ifndef CY_CFG_SECTION
  33:.\Generated_Source\PSoC4/cyfitter_cfg.c ****         #define CY_CFG_SECTION __attribute__ ((section(".psocinit")))
ARM GAS  C:\Users\Tim\AppData\Local\Temp\ccNhzemc.s 			page 2


  34:.\Generated_Source\PSoC4/cyfitter_cfg.c ****     #endif
  35:.\Generated_Source\PSoC4/cyfitter_cfg.c ****     
  36:.\Generated_Source\PSoC4/cyfitter_cfg.c ****     #if defined(__ARMCC_VERSION)
  37:.\Generated_Source\PSoC4/cyfitter_cfg.c ****         #define CY_CFG_MEMORY_BARRIER() __memory_changed()
  38:.\Generated_Source\PSoC4/cyfitter_cfg.c ****     #else
  39:.\Generated_Source\PSoC4/cyfitter_cfg.c ****         #define CY_CFG_MEMORY_BARRIER() __sync_synchronize()
  40:.\Generated_Source\PSoC4/cyfitter_cfg.c ****     #endif
  41:.\Generated_Source\PSoC4/cyfitter_cfg.c ****     
  42:.\Generated_Source\PSoC4/cyfitter_cfg.c **** #elif defined(__ICCARM__)
  43:.\Generated_Source\PSoC4/cyfitter_cfg.c ****     #include <intrinsics.h>
  44:.\Generated_Source\PSoC4/cyfitter_cfg.c **** 
  45:.\Generated_Source\PSoC4/cyfitter_cfg.c ****     #define CYPACKED __packed
  46:.\Generated_Source\PSoC4/cyfitter_cfg.c ****     #define CYPACKED_ATTR 
  47:.\Generated_Source\PSoC4/cyfitter_cfg.c ****     #define CYALIGNED _Pragma("data_alignment=4")
  48:.\Generated_Source\PSoC4/cyfitter_cfg.c ****     #define CY_CFG_UNUSED _Pragma("diag_suppress=Pe177")
  49:.\Generated_Source\PSoC4/cyfitter_cfg.c ****     #define CY_CFG_SECTION _Pragma("location=\".psocinit\"")
  50:.\Generated_Source\PSoC4/cyfitter_cfg.c ****     
  51:.\Generated_Source\PSoC4/cyfitter_cfg.c ****     #define CY_CFG_MEMORY_BARRIER() __DMB()
  52:.\Generated_Source\PSoC4/cyfitter_cfg.c ****     
  53:.\Generated_Source\PSoC4/cyfitter_cfg.c **** #else
  54:.\Generated_Source\PSoC4/cyfitter_cfg.c ****     #error Unsupported toolchain
  55:.\Generated_Source\PSoC4/cyfitter_cfg.c **** #endif
  56:.\Generated_Source\PSoC4/cyfitter_cfg.c **** 
  57:.\Generated_Source\PSoC4/cyfitter_cfg.c **** 
  58:.\Generated_Source\PSoC4/cyfitter_cfg.c **** CY_CFG_UNUSED
  59:.\Generated_Source\PSoC4/cyfitter_cfg.c **** static void CYMEMZERO(void *s, size_t n);
  60:.\Generated_Source\PSoC4/cyfitter_cfg.c **** CY_CFG_UNUSED
  61:.\Generated_Source\PSoC4/cyfitter_cfg.c **** static void CYMEMZERO(void *s, size_t n)
  62:.\Generated_Source\PSoC4/cyfitter_cfg.c **** {
  63:.\Generated_Source\PSoC4/cyfitter_cfg.c **** 	(void)memset(s, 0, n);
  64:.\Generated_Source\PSoC4/cyfitter_cfg.c **** }
  65:.\Generated_Source\PSoC4/cyfitter_cfg.c **** CY_CFG_UNUSED
  66:.\Generated_Source\PSoC4/cyfitter_cfg.c **** static void CYCONFIGCPY(void *dest, const void *src, size_t n);
  67:.\Generated_Source\PSoC4/cyfitter_cfg.c **** CY_CFG_UNUSED
  68:.\Generated_Source\PSoC4/cyfitter_cfg.c **** static void CYCONFIGCPY(void *dest, const void *src, size_t n)
  69:.\Generated_Source\PSoC4/cyfitter_cfg.c **** {
  70:.\Generated_Source\PSoC4/cyfitter_cfg.c **** 	(void)memcpy(dest, src, n);
  71:.\Generated_Source\PSoC4/cyfitter_cfg.c **** }
  72:.\Generated_Source\PSoC4/cyfitter_cfg.c **** CY_CFG_UNUSED
  73:.\Generated_Source\PSoC4/cyfitter_cfg.c **** static void CYCONFIGCPYCODE(void *dest, const void *src, size_t n);
  74:.\Generated_Source\PSoC4/cyfitter_cfg.c **** CY_CFG_UNUSED
  75:.\Generated_Source\PSoC4/cyfitter_cfg.c **** static void CYCONFIGCPYCODE(void *dest, const void *src, size_t n)
  76:.\Generated_Source\PSoC4/cyfitter_cfg.c **** {
  77:.\Generated_Source\PSoC4/cyfitter_cfg.c **** 	(void)memcpy(dest, src, n);
  78:.\Generated_Source\PSoC4/cyfitter_cfg.c **** }
  79:.\Generated_Source\PSoC4/cyfitter_cfg.c **** 
  80:.\Generated_Source\PSoC4/cyfitter_cfg.c **** 
  81:.\Generated_Source\PSoC4/cyfitter_cfg.c **** 
  82:.\Generated_Source\PSoC4/cyfitter_cfg.c **** /* Clock startup error codes                                                   */
  83:.\Generated_Source\PSoC4/cyfitter_cfg.c **** #define CYCLOCKSTART_NO_ERROR    0u
  84:.\Generated_Source\PSoC4/cyfitter_cfg.c **** #define CYCLOCKSTART_XTAL_ERROR  1u
  85:.\Generated_Source\PSoC4/cyfitter_cfg.c **** #define CYCLOCKSTART_32KHZ_ERROR 2u
  86:.\Generated_Source\PSoC4/cyfitter_cfg.c **** #define CYCLOCKSTART_PLL_ERROR   3u
  87:.\Generated_Source\PSoC4/cyfitter_cfg.c **** 
  88:.\Generated_Source\PSoC4/cyfitter_cfg.c **** #ifdef CY_NEED_CYCLOCKSTARTUPERROR
  89:.\Generated_Source\PSoC4/cyfitter_cfg.c **** /*******************************************************************************
  90:.\Generated_Source\PSoC4/cyfitter_cfg.c **** * Function Name: CyClockStartupError
ARM GAS  C:\Users\Tim\AppData\Local\Temp\ccNhzemc.s 			page 3


  91:.\Generated_Source\PSoC4/cyfitter_cfg.c **** ********************************************************************************
  92:.\Generated_Source\PSoC4/cyfitter_cfg.c **** * Summary:
  93:.\Generated_Source\PSoC4/cyfitter_cfg.c **** *  If an error is encountered during clock configuration (crystal startup error,
  94:.\Generated_Source\PSoC4/cyfitter_cfg.c **** *  PLL lock error, etc.), the system will end up here.  Unless reimplemented by
  95:.\Generated_Source\PSoC4/cyfitter_cfg.c **** *  the customer, this function will stop in an infinite loop.
  96:.\Generated_Source\PSoC4/cyfitter_cfg.c **** *
  97:.\Generated_Source\PSoC4/cyfitter_cfg.c **** * Parameters:
  98:.\Generated_Source\PSoC4/cyfitter_cfg.c **** *   void
  99:.\Generated_Source\PSoC4/cyfitter_cfg.c **** *
 100:.\Generated_Source\PSoC4/cyfitter_cfg.c **** * Return:
 101:.\Generated_Source\PSoC4/cyfitter_cfg.c **** *   void
 102:.\Generated_Source\PSoC4/cyfitter_cfg.c **** *
 103:.\Generated_Source\PSoC4/cyfitter_cfg.c **** *******************************************************************************/
 104:.\Generated_Source\PSoC4/cyfitter_cfg.c **** CY_CFG_UNUSED
 105:.\Generated_Source\PSoC4/cyfitter_cfg.c **** static void CyClockStartupError(uint8 errorCode);
 106:.\Generated_Source\PSoC4/cyfitter_cfg.c **** CY_CFG_UNUSED
 107:.\Generated_Source\PSoC4/cyfitter_cfg.c **** static void CyClockStartupError(uint8 errorCode)
 108:.\Generated_Source\PSoC4/cyfitter_cfg.c **** {
 109:.\Generated_Source\PSoC4/cyfitter_cfg.c ****     /* To remove the compiler warning if errorCode not used.                */
 110:.\Generated_Source\PSoC4/cyfitter_cfg.c ****     errorCode = errorCode;
 111:.\Generated_Source\PSoC4/cyfitter_cfg.c **** 
 112:.\Generated_Source\PSoC4/cyfitter_cfg.c ****     /* `#START CyClockStartupError` */
 113:.\Generated_Source\PSoC4/cyfitter_cfg.c **** 
 114:.\Generated_Source\PSoC4/cyfitter_cfg.c ****     /* If we have a clock startup error (bad MHz crystal, PLL lock, etc.),  */
 115:.\Generated_Source\PSoC4/cyfitter_cfg.c ****     /* we will end up here to allow the customer to implement something to  */
 116:.\Generated_Source\PSoC4/cyfitter_cfg.c ****     /* deal with the clock condition.                                       */
 117:.\Generated_Source\PSoC4/cyfitter_cfg.c **** 
 118:.\Generated_Source\PSoC4/cyfitter_cfg.c ****     /* `#END` */
 119:.\Generated_Source\PSoC4/cyfitter_cfg.c **** 
 120:.\Generated_Source\PSoC4/cyfitter_cfg.c ****     /* If nothing else, stop here since the clocks have not started         */
 121:.\Generated_Source\PSoC4/cyfitter_cfg.c ****     /* correctly.                                                           */
 122:.\Generated_Source\PSoC4/cyfitter_cfg.c ****     while(1) {}
 123:.\Generated_Source\PSoC4/cyfitter_cfg.c **** }
 124:.\Generated_Source\PSoC4/cyfitter_cfg.c **** #endif
 125:.\Generated_Source\PSoC4/cyfitter_cfg.c **** 
 126:.\Generated_Source\PSoC4/cyfitter_cfg.c **** 
 127:.\Generated_Source\PSoC4/cyfitter_cfg.c **** 
 128:.\Generated_Source\PSoC4/cyfitter_cfg.c **** /*******************************************************************************
 129:.\Generated_Source\PSoC4/cyfitter_cfg.c **** * Function Name: ClockSetup
 130:.\Generated_Source\PSoC4/cyfitter_cfg.c **** ********************************************************************************
 131:.\Generated_Source\PSoC4/cyfitter_cfg.c **** *
 132:.\Generated_Source\PSoC4/cyfitter_cfg.c **** * Summary:
 133:.\Generated_Source\PSoC4/cyfitter_cfg.c **** *   Performs the initialization of all of the clocks in the device based on the
 134:.\Generated_Source\PSoC4/cyfitter_cfg.c **** *   settings in the Clock tab of the DWR.  This includes enabling the requested
 135:.\Generated_Source\PSoC4/cyfitter_cfg.c **** *   clocks and setting the necessary dividers to produce the desired frequency. 
 136:.\Generated_Source\PSoC4/cyfitter_cfg.c **** *
 137:.\Generated_Source\PSoC4/cyfitter_cfg.c **** * Parameters:
 138:.\Generated_Source\PSoC4/cyfitter_cfg.c **** *   void
 139:.\Generated_Source\PSoC4/cyfitter_cfg.c **** *
 140:.\Generated_Source\PSoC4/cyfitter_cfg.c **** * Return:
 141:.\Generated_Source\PSoC4/cyfitter_cfg.c **** *   void
 142:.\Generated_Source\PSoC4/cyfitter_cfg.c **** *
 143:.\Generated_Source\PSoC4/cyfitter_cfg.c **** *******************************************************************************/
 144:.\Generated_Source\PSoC4/cyfitter_cfg.c **** static void ClockSetup(void);
 145:.\Generated_Source\PSoC4/cyfitter_cfg.c **** CY_CFG_SECTION
 146:.\Generated_Source\PSoC4/cyfitter_cfg.c **** static void ClockSetup(void)
 147:.\Generated_Source\PSoC4/cyfitter_cfg.c **** {
ARM GAS  C:\Users\Tim\AppData\Local\Temp\ccNhzemc.s 			page 4


 148:.\Generated_Source\PSoC4/cyfitter_cfg.c **** 
 149:.\Generated_Source\PSoC4/cyfitter_cfg.c **** 	/* Set Flash Cycles based on max possible frequency in case a glitch occurs during ClockSetup(). *
 150:.\Generated_Source\PSoC4/cyfitter_cfg.c **** 	CY_SET_REG32((void CYXDATA *)(CYREG_CPUSS_FLASH_CTL), (0x0012u));
 151:.\Generated_Source\PSoC4/cyfitter_cfg.c **** 	/* Setup and trim IMO based on desired frequency. */
 152:.\Generated_Source\PSoC4/cyfitter_cfg.c **** 	CySysClkWriteImoFreq(48u);
 153:.\Generated_Source\PSoC4/cyfitter_cfg.c **** 	/* CYDEV_CLK_ILO_CONFIG Starting address: CYDEV_CLK_ILO_CONFIG */
 154:.\Generated_Source\PSoC4/cyfitter_cfg.c **** 	CY_SET_XTND_REG32((void CYFAR *)(CYREG_CLK_ILO_CONFIG), 0x80000006u);
 155:.\Generated_Source\PSoC4/cyfitter_cfg.c **** 
 156:.\Generated_Source\PSoC4/cyfitter_cfg.c **** 
 157:.\Generated_Source\PSoC4/cyfitter_cfg.c **** 	/* Setup phase aligned clocks */
 158:.\Generated_Source\PSoC4/cyfitter_cfg.c **** 	CY_SET_REG32((void *)CYREG_PERI_DIV_16_CTL0, 0x00002200u);
 159:.\Generated_Source\PSoC4/cyfitter_cfg.c **** 	CY_SET_REG32((void *)CYREG_PERI_DIV_CMD, 0x8000FF40u);
 160:.\Generated_Source\PSoC4/cyfitter_cfg.c **** 
 161:.\Generated_Source\PSoC4/cyfitter_cfg.c **** 	/* CYDEV_CLK_IMO_CONFIG Starting address: CYDEV_CLK_IMO_CONFIG */
 162:.\Generated_Source\PSoC4/cyfitter_cfg.c **** 	CY_SET_XTND_REG32((void CYFAR *)(CYREG_CLK_IMO_CONFIG), 0x80000000u);
 163:.\Generated_Source\PSoC4/cyfitter_cfg.c **** 
 164:.\Generated_Source\PSoC4/cyfitter_cfg.c **** 	/* CYDEV_CLK_SELECT Starting address: CYDEV_CLK_SELECT */
 165:.\Generated_Source\PSoC4/cyfitter_cfg.c **** 	CY_SET_XTND_REG32((void CYFAR *)(CYREG_CLK_SELECT), 0x00040000u);
 166:.\Generated_Source\PSoC4/cyfitter_cfg.c **** 
 167:.\Generated_Source\PSoC4/cyfitter_cfg.c **** 	/* CYDEV_PERI_PCLK_CTL2 Starting address: CYDEV_PERI_PCLK_CTL2 */
 168:.\Generated_Source\PSoC4/cyfitter_cfg.c **** 	CY_SET_XTND_REG32((void CYFAR *)(CYREG_PERI_PCLK_CTL2), 0x00000040u);
 169:.\Generated_Source\PSoC4/cyfitter_cfg.c **** 
 170:.\Generated_Source\PSoC4/cyfitter_cfg.c **** 	(void)CyIntSetVector(7u, &CySysWdtIsr);
 171:.\Generated_Source\PSoC4/cyfitter_cfg.c **** 	CyIntEnable(7u);
 172:.\Generated_Source\PSoC4/cyfitter_cfg.c **** 	CY_SET_XTND_REG32((void CYFAR *)(CYREG_WDT_CONFIG), 0x00000000u);
 173:.\Generated_Source\PSoC4/cyfitter_cfg.c **** }
 174:.\Generated_Source\PSoC4/cyfitter_cfg.c **** 
 175:.\Generated_Source\PSoC4/cyfitter_cfg.c **** 
 176:.\Generated_Source\PSoC4/cyfitter_cfg.c **** /* Analog API Functions */
 177:.\Generated_Source\PSoC4/cyfitter_cfg.c **** 
 178:.\Generated_Source\PSoC4/cyfitter_cfg.c **** 
 179:.\Generated_Source\PSoC4/cyfitter_cfg.c **** /*******************************************************************************
 180:.\Generated_Source\PSoC4/cyfitter_cfg.c **** * Function Name: AnalogSetDefault
 181:.\Generated_Source\PSoC4/cyfitter_cfg.c **** ********************************************************************************
 182:.\Generated_Source\PSoC4/cyfitter_cfg.c **** *
 183:.\Generated_Source\PSoC4/cyfitter_cfg.c **** * Summary:
 184:.\Generated_Source\PSoC4/cyfitter_cfg.c **** *  Sets up the analog portions of the chip to default values based on chip
 185:.\Generated_Source\PSoC4/cyfitter_cfg.c **** *  configuration options from the project.
 186:.\Generated_Source\PSoC4/cyfitter_cfg.c **** *
 187:.\Generated_Source\PSoC4/cyfitter_cfg.c **** * Parameters:
 188:.\Generated_Source\PSoC4/cyfitter_cfg.c **** *  void
 189:.\Generated_Source\PSoC4/cyfitter_cfg.c **** *
 190:.\Generated_Source\PSoC4/cyfitter_cfg.c **** * Return:
 191:.\Generated_Source\PSoC4/cyfitter_cfg.c **** *  void
 192:.\Generated_Source\PSoC4/cyfitter_cfg.c **** *
 193:.\Generated_Source\PSoC4/cyfitter_cfg.c **** *******************************************************************************/
 194:.\Generated_Source\PSoC4/cyfitter_cfg.c **** static void AnalogSetDefault(void);
 195:.\Generated_Source\PSoC4/cyfitter_cfg.c **** static void AnalogSetDefault(void)
 196:.\Generated_Source\PSoC4/cyfitter_cfg.c **** {
  25              		.loc 1 196 0
  26              		.cfi_startproc
 197:.\Generated_Source\PSoC4/cyfitter_cfg.c **** 	CY_SET_XTND_REG32((void CYFAR *)CYREG_CTBM0_DFT_CTRL, 0x00000003u);
  27              		.loc 1 197 0
  28 0000 0323     		mov	r3, #3
  29 0002 044A     		ldr	r2, .L2
  30 0004 1360     		str	r3, [r2]
 198:.\Generated_Source\PSoC4/cyfitter_cfg.c **** 	CY_SET_XTND_REG32((void CYFAR *)CYREG_CTBM1_DFT_CTRL, 0x00000003u);
ARM GAS  C:\Users\Tim\AppData\Local\Temp\ccNhzemc.s 			page 5


  31              		.loc 1 198 0
  32 0006 044A     		ldr	r2, .L2+4
  33 0008 1360     		str	r3, [r2]
 199:.\Generated_Source\PSoC4/cyfitter_cfg.c **** 	CY_SET_XTND_REG32((void CYFAR *)CYREG_PASS_DSAB_DSAB_CTRL, 0x00000000u);
  34              		.loc 1 199 0
  35 000a 0022     		mov	r2, #0
  36 000c 034B     		ldr	r3, .L2+8
  37 000e 1A60     		str	r2, [r3]
 200:.\Generated_Source\PSoC4/cyfitter_cfg.c **** }
  38              		.loc 1 200 0
  39              		@ sp needed
  40 0010 7047     		bx	lr
  41              	.L3:
  42 0012 C046     		.align	2
  43              	.L2:
  44 0014 30003040 		.word	1076887600
  45 0018 30003140 		.word	1076953136
  46 001c 000E3F40 		.word	1077874176
  47              		.cfi_endproc
  48              	.LFE5:
  49              		.size	AnalogSetDefault, .-AnalogSetDefault
  50              		.section	.text.CYMEMZERO,"ax",%progbits
  51              		.align	2
  52              		.code	16
  53              		.thumb_func
  54              		.type	CYMEMZERO, %function
  55              	CYMEMZERO:
  56              	.LFB1:
  62:.\Generated_Source\PSoC4/cyfitter_cfg.c **** 	(void)memset(s, 0, n);
  57              		.loc 1 62 0
  58              		.cfi_startproc
  59              	.LVL0:
  60 0000 08B5     		push	{r3, lr}
  61              		.cfi_def_cfa_offset 8
  62              		.cfi_offset 3, -8
  63              		.cfi_offset 14, -4
  64 0002 0A1C     		mov	r2, r1
  63:.\Generated_Source\PSoC4/cyfitter_cfg.c **** }
  65              		.loc 1 63 0
  66 0004 0021     		mov	r1, #0
  67              	.LVL1:
  68 0006 FFF7FEFF 		bl	memset
  69              	.LVL2:
  64:.\Generated_Source\PSoC4/cyfitter_cfg.c **** CY_CFG_UNUSED
  70              		.loc 1 64 0
  71              		@ sp needed
  72 000a 08BD     		pop	{r3, pc}
  73              		.cfi_endproc
  74              	.LFE1:
  75              		.size	CYMEMZERO, .-CYMEMZERO
  76              		.section	.psocinit,"ax",%progbits
  77              		.align	2
  78              		.code	16
  79              		.thumb_func
  80              		.type	ClockSetup, %function
  81              	ClockSetup:
  82              	.LFB4:
ARM GAS  C:\Users\Tim\AppData\Local\Temp\ccNhzemc.s 			page 6


 147:.\Generated_Source\PSoC4/cyfitter_cfg.c **** 
  83              		.loc 1 147 0
  84              		.cfi_startproc
  85 0000 08B5     		push	{r3, lr}
  86              		.cfi_def_cfa_offset 8
  87              		.cfi_offset 3, -8
  88              		.cfi_offset 14, -4
 150:.\Generated_Source\PSoC4/cyfitter_cfg.c **** 	/* Setup and trim IMO based on desired frequency. */
  89              		.loc 1 150 0
  90 0002 1222     		mov	r2, #18
  91 0004 124B     		ldr	r3, .L6
  92 0006 1A60     		str	r2, [r3]
 152:.\Generated_Source\PSoC4/cyfitter_cfg.c **** 	/* CYDEV_CLK_ILO_CONFIG Starting address: CYDEV_CLK_ILO_CONFIG */
  93              		.loc 1 152 0
  94 0008 3020     		mov	r0, #48
  95 000a FFF7FEFF 		bl	CySysClkWriteImoFreq
  96              	.LVL3:
 154:.\Generated_Source\PSoC4/cyfitter_cfg.c **** 
  97              		.loc 1 154 0
  98 000e 114A     		ldr	r2, .L6+4
  99 0010 114B     		ldr	r3, .L6+8
 100 0012 1A60     		str	r2, [r3]
 158:.\Generated_Source\PSoC4/cyfitter_cfg.c **** 	CY_SET_REG32((void *)CYREG_PERI_DIV_CMD, 0x8000FF40u);
 101              		.loc 1 158 0
 102 0014 8822     		mov	r2, #136
 103 0016 9201     		lsl	r2, r2, #6
 104 0018 104B     		ldr	r3, .L6+12
 105 001a 1A60     		str	r2, [r3]
 159:.\Generated_Source\PSoC4/cyfitter_cfg.c **** 
 106              		.loc 1 159 0
 107 001c 104A     		ldr	r2, .L6+16
 108 001e 114B     		ldr	r3, .L6+20
 109 0020 1A60     		str	r2, [r3]
 162:.\Generated_Source\PSoC4/cyfitter_cfg.c **** 
 110              		.loc 1 162 0
 111 0022 8022     		mov	r2, #128
 112 0024 1206     		lsl	r2, r2, #24
 113 0026 104B     		ldr	r3, .L6+24
 114 0028 1A60     		str	r2, [r3]
 165:.\Generated_Source\PSoC4/cyfitter_cfg.c **** 
 115              		.loc 1 165 0
 116 002a 8022     		mov	r2, #128
 117 002c D202     		lsl	r2, r2, #11
 118 002e 0F4B     		ldr	r3, .L6+28
 119 0030 1A60     		str	r2, [r3]
 168:.\Generated_Source\PSoC4/cyfitter_cfg.c **** 
 120              		.loc 1 168 0
 121 0032 4022     		mov	r2, #64
 122 0034 0E4B     		ldr	r3, .L6+32
 123 0036 1A60     		str	r2, [r3]
 170:.\Generated_Source\PSoC4/cyfitter_cfg.c **** 	CyIntEnable(7u);
 124              		.loc 1 170 0
 125 0038 0720     		mov	r0, #7
 126 003a 0E49     		ldr	r1, .L6+36
 127 003c FFF7FEFF 		bl	CyIntSetVector
 128              	.LVL4:
 171:.\Generated_Source\PSoC4/cyfitter_cfg.c **** 	CY_SET_XTND_REG32((void CYFAR *)(CYREG_WDT_CONFIG), 0x00000000u);
ARM GAS  C:\Users\Tim\AppData\Local\Temp\ccNhzemc.s 			page 7


 129              		.loc 1 171 0
 130 0040 0720     		mov	r0, #7
 131 0042 FFF7FEFF 		bl	CyIntEnable
 132              	.LVL5:
 172:.\Generated_Source\PSoC4/cyfitter_cfg.c **** }
 133              		.loc 1 172 0
 134 0046 0022     		mov	r2, #0
 135 0048 0B4B     		ldr	r3, .L6+40
 136 004a 1A60     		str	r2, [r3]
 173:.\Generated_Source\PSoC4/cyfitter_cfg.c **** 
 137              		.loc 1 173 0
 138              		@ sp needed
 139 004c 08BD     		pop	{r3, pc}
 140              	.L7:
 141 004e C046     		.align	2
 142              	.L6:
 143 0050 30001040 		.word	1074790448
 144 0054 06000080 		.word	-2147483642
 145 0058 04010B40 		.word	1074462980
 146 005c 00030140 		.word	1073808128
 147 0060 40FF0080 		.word	-2147418304
 148 0064 00000140 		.word	1073807360
 149 0068 08010B40 		.word	1074462984
 150 006c 00010B40 		.word	1074462976
 151 0070 08010140 		.word	1073807624
 152 0074 00000000 		.word	CySysWdtIsr
 153 0078 0C020B40 		.word	1074463244
 154              		.cfi_endproc
 155              	.LFE4:
 156              		.size	ClockSetup, .-ClockSetup
 157              		.align	2
 158              		.global	cyfitter_cfg
 159              		.code	16
 160              		.thumb_func
 161              		.type	cyfitter_cfg, %function
 162              	cyfitter_cfg:
 163              	.LFB6:
 201:.\Generated_Source\PSoC4/cyfitter_cfg.c **** 
 202:.\Generated_Source\PSoC4/cyfitter_cfg.c **** #define CY_AMUX_UNUSED CYREG_CM0_ROM_DWT
 203:.\Generated_Source\PSoC4/cyfitter_cfg.c **** 
 204:.\Generated_Source\PSoC4/cyfitter_cfg.c **** 
 205:.\Generated_Source\PSoC4/cyfitter_cfg.c **** /*******************************************************************************
 206:.\Generated_Source\PSoC4/cyfitter_cfg.c **** * Function Name: cyfitter_cfg
 207:.\Generated_Source\PSoC4/cyfitter_cfg.c **** ********************************************************************************
 208:.\Generated_Source\PSoC4/cyfitter_cfg.c **** * Summary:
 209:.\Generated_Source\PSoC4/cyfitter_cfg.c **** *  This function is called by the start-up code for the selected device. It
 210:.\Generated_Source\PSoC4/cyfitter_cfg.c **** *  performs all of the necessary device configuration based on the design
 211:.\Generated_Source\PSoC4/cyfitter_cfg.c **** *  settings.  This includes settings from the Design Wide Resources (DWR) such
 212:.\Generated_Source\PSoC4/cyfitter_cfg.c **** *  as Clocks and Pins as well as any component configuration that is necessary.
 213:.\Generated_Source\PSoC4/cyfitter_cfg.c **** *
 214:.\Generated_Source\PSoC4/cyfitter_cfg.c **** * Parameters:  
 215:.\Generated_Source\PSoC4/cyfitter_cfg.c **** *   void
 216:.\Generated_Source\PSoC4/cyfitter_cfg.c **** *
 217:.\Generated_Source\PSoC4/cyfitter_cfg.c **** * Return:
 218:.\Generated_Source\PSoC4/cyfitter_cfg.c **** *   void
 219:.\Generated_Source\PSoC4/cyfitter_cfg.c **** *
 220:.\Generated_Source\PSoC4/cyfitter_cfg.c **** *******************************************************************************/
ARM GAS  C:\Users\Tim\AppData\Local\Temp\ccNhzemc.s 			page 8


 221:.\Generated_Source\PSoC4/cyfitter_cfg.c **** CY_CFG_SECTION
 222:.\Generated_Source\PSoC4/cyfitter_cfg.c **** void cyfitter_cfg(void)
 223:.\Generated_Source\PSoC4/cyfitter_cfg.c **** {
 164              		.loc 1 223 0
 165              		.cfi_startproc
 166 007c 10B5     		push	{r4, lr}
 167              		.cfi_def_cfa_offset 8
 168              		.cfi_offset 4, -8
 169              		.cfi_offset 14, -4
 224:.\Generated_Source\PSoC4/cyfitter_cfg.c **** 	/* Disable interrupts by default. Let user enable if/when they want. */
 225:.\Generated_Source\PSoC4/cyfitter_cfg.c **** 	CyGlobalIntDisable;
 170              		.loc 1 225 0
 171              	@ 225 ".\Generated_Source\PSoC4\cyfitter_cfg.c" 1
 172 007e 72B6     		CPSID   i
 173              	@ 0 "" 2
 174              	.LVL6:
 175              		.code	16
 176              	.LBB2:
 226:.\Generated_Source\PSoC4/cyfitter_cfg.c **** 
 227:.\Generated_Source\PSoC4/cyfitter_cfg.c **** 	{
 228:.\Generated_Source\PSoC4/cyfitter_cfg.c **** 
 229:.\Generated_Source\PSoC4/cyfitter_cfg.c **** 		CYPACKED typedef struct {
 230:.\Generated_Source\PSoC4/cyfitter_cfg.c **** 			void CYFAR *address;
 231:.\Generated_Source\PSoC4/cyfitter_cfg.c **** 			uint16 size;
 232:.\Generated_Source\PSoC4/cyfitter_cfg.c **** 		} CYPACKED_ATTR cfg_memset_t;
 233:.\Generated_Source\PSoC4/cyfitter_cfg.c **** 
 234:.\Generated_Source\PSoC4/cyfitter_cfg.c **** 		static const cfg_memset_t CYCODE cfg_memset_list [] = {
 235:.\Generated_Source\PSoC4/cyfitter_cfg.c **** 			/* address, size */
 236:.\Generated_Source\PSoC4/cyfitter_cfg.c **** 			{(void CYFAR *)(CYDEV_UDB_P0_U0_BASE), 1024u},
 237:.\Generated_Source\PSoC4/cyfitter_cfg.c **** 			{(void CYFAR *)(CYDEV_UDB_DSI0_BASE), 1024u},
 238:.\Generated_Source\PSoC4/cyfitter_cfg.c **** 		};
 239:.\Generated_Source\PSoC4/cyfitter_cfg.c **** 
 240:.\Generated_Source\PSoC4/cyfitter_cfg.c **** 		uint8 CYDATA i;
 241:.\Generated_Source\PSoC4/cyfitter_cfg.c **** 
 242:.\Generated_Source\PSoC4/cyfitter_cfg.c **** 		/* Zero out critical memory blocks before beginning configuration */
 243:.\Generated_Source\PSoC4/cyfitter_cfg.c **** 		for (i = 0u; i < (sizeof(cfg_memset_list)/sizeof(cfg_memset_list[0])); i++)
 177              		.loc 1 243 0
 178 0080 0024     		mov	r4, #0
 179 0082 10E0     		b	.L9
 180              	.LVL7:
 181              	.L10:
 182              	.LBB3:
 244:.\Generated_Source\PSoC4/cyfitter_cfg.c **** 		{
 245:.\Generated_Source\PSoC4/cyfitter_cfg.c **** 			const cfg_memset_t CYCODE * CYDATA ms = &cfg_memset_list[i];
 246:.\Generated_Source\PSoC4/cyfitter_cfg.c **** 			CYMEMZERO(ms->address, (size_t)(uint32)(ms->size));
 183              		.loc 1 246 0 discriminator 3
 184 0084 1F48     		ldr	r0, .L11
 185 0086 6300     		lsl	r3, r4, #1
 186 0088 1A19     		add	r2, r3, r4
 187 008a 5200     		lsl	r2, r2, #1
 188 008c 8218     		add	r2, r0, r2
 189 008e 9188     		ldrh	r1, [r2, #4]
 190 0090 1B19     		add	r3, r3, r4
 191 0092 5B00     		lsl	r3, r3, #1
 192 0094 1A5A     		ldrh	r2, [r3, r0]
 193 0096 C318     		add	r3, r0, r3
 194 0098 5888     		ldrh	r0, [r3, #2]
ARM GAS  C:\Users\Tim\AppData\Local\Temp\ccNhzemc.s 			page 9


 195 009a 0004     		lsl	r0, r0, #16
 196 009c 1043     		orr	r0, r2
 197 009e FFF7FEFF 		bl	CYMEMZERO
 198              	.LVL8:
 199              	.LBE3:
 243:.\Generated_Source\PSoC4/cyfitter_cfg.c **** 		{
 200              		.loc 1 243 0 discriminator 3
 201 00a2 0134     		add	r4, r4, #1
 202              	.LVL9:
 203 00a4 E4B2     		uxtb	r4, r4
 204              	.LVL10:
 205              	.L9:
 243:.\Generated_Source\PSoC4/cyfitter_cfg.c **** 		{
 206              		.loc 1 243 0 is_stmt 0 discriminator 1
 207 00a6 012C     		cmp	r4, #1
 208 00a8 ECD9     		bls	.L10
 247:.\Generated_Source\PSoC4/cyfitter_cfg.c **** 		}
 248:.\Generated_Source\PSoC4/cyfitter_cfg.c **** 
 249:.\Generated_Source\PSoC4/cyfitter_cfg.c **** 		/* HSIOM Starting address: CYDEV_HSIOM_BASE */
 250:.\Generated_Source\PSoC4/cyfitter_cfg.c **** 		CY_SET_XTND_REG32((void CYFAR *)(CYREG_HSIOM_PORT_SEL3), 0x0000EE00u);
 209              		.loc 1 250 0 is_stmt 1
 210 00aa EE22     		mov	r2, #238
 211 00ac 1202     		lsl	r2, r2, #8
 212 00ae 164B     		ldr	r3, .L11+4
 213 00b0 1A60     		str	r2, [r3]
 251:.\Generated_Source\PSoC4/cyfitter_cfg.c **** 		CY_SET_XTND_REG32((void CYFAR *)(CYREG_HSIOM_PORT_SEL4), 0x00000099u);
 214              		.loc 1 251 0
 215 00b2 9922     		mov	r2, #153
 216 00b4 154B     		ldr	r3, .L11+8
 217 00b6 1A60     		str	r2, [r3]
 252:.\Generated_Source\PSoC4/cyfitter_cfg.c **** 
 253:.\Generated_Source\PSoC4/cyfitter_cfg.c **** 		/* UDB_PA_3 Starting address: CYDEV_UDB_PA3_BASE */
 254:.\Generated_Source\PSoC4/cyfitter_cfg.c **** 		CY_SET_XTND_REG32((void CYFAR *)(CYDEV_UDB_PA3_BASE), 0x00990000u);
 218              		.loc 1 254 0
 219 00b8 9922     		mov	r2, #153
 220 00ba 1204     		lsl	r2, r2, #16
 221 00bc 144B     		ldr	r3, .L11+12
 222 00be 1A60     		str	r2, [r3]
 255:.\Generated_Source\PSoC4/cyfitter_cfg.c **** 
 256:.\Generated_Source\PSoC4/cyfitter_cfg.c **** 		/* Enable digital routing */
 257:.\Generated_Source\PSoC4/cyfitter_cfg.c **** 		CY_SET_XTND_REG8((void *)CYREG_UDB_UDBIF_BANK_CTL, CY_GET_XTND_REG8((void *)CYREG_UDB_UDBIF_BANK_
 223              		.loc 1 257 0
 224 00c0 144B     		ldr	r3, .L11+16
 225 00c2 1978     		ldrb	r1, [r3]
 226 00c4 0220     		mov	r0, #2
 227 00c6 0222     		mov	r2, #2
 228 00c8 0A43     		orr	r2, r1
 229 00ca 1A70     		strb	r2, [r3]
 258:.\Generated_Source\PSoC4/cyfitter_cfg.c **** 
 259:.\Generated_Source\PSoC4/cyfitter_cfg.c **** 		/* Enable UDB array */
 260:.\Generated_Source\PSoC4/cyfitter_cfg.c **** 		CY_SET_XTND_REG8((void *)CYREG_UDB_UDBIF_WAIT_CFG, (uint8)((CY_GET_XTND_REG8((void *)CYREG_UDB_UD
 230              		.loc 1 260 0
 231 00cc 124C     		ldr	r4, .L11+20
 232              	.LVL11:
 233 00ce 2278     		ldrb	r2, [r4]
 234 00d0 3C21     		mov	r1, #60
 235 00d2 8A43     		bic	r2, r1
ARM GAS  C:\Users\Tim\AppData\Local\Temp\ccNhzemc.s 			page 10


 236 00d4 2839     		sub	r1, r1, #40
 237 00d6 0A43     		orr	r2, r1
 238 00d8 2270     		strb	r2, [r4]
 261:.\Generated_Source\PSoC4/cyfitter_cfg.c **** 		CY_SET_XTND_REG8((void *)CYREG_UDB_UDBIF_BANK_CTL, (uint8)(CY_GET_XTND_REG8((void *)CYREG_UDB_UDB
 239              		.loc 1 261 0
 240 00da 1978     		ldrb	r1, [r3]
 241 00dc 1622     		mov	r2, #22
 242 00de 0A43     		orr	r2, r1
 243 00e0 1A70     		strb	r2, [r3]
 244              	.LBE2:
 262:.\Generated_Source\PSoC4/cyfitter_cfg.c **** 	}
 263:.\Generated_Source\PSoC4/cyfitter_cfg.c **** 
 264:.\Generated_Source\PSoC4/cyfitter_cfg.c **** 	/* Perform second pass device configuration. These items must be configured in specific order afte
 265:.\Generated_Source\PSoC4/cyfitter_cfg.c **** 	/* IOPINS0_3 Starting address: CYDEV_GPIO_PRT3_BASE */
 266:.\Generated_Source\PSoC4/cyfitter_cfg.c **** 	CY_SET_XTND_REG32((void CYFAR *)(CYREG_GPIO_PRT3_PC), 0x00000D80u);
 245              		.loc 1 266 0
 246 00e2 D822     		mov	r2, #216
 247 00e4 1201     		lsl	r2, r2, #4
 248 00e6 0D4B     		ldr	r3, .L11+24
 249 00e8 1A60     		str	r2, [r3]
 267:.\Generated_Source\PSoC4/cyfitter_cfg.c **** 
 268:.\Generated_Source\PSoC4/cyfitter_cfg.c **** 	/* IOPINS0_4 Starting address: CYDEV_GPIO_PRT4_BASE */
 269:.\Generated_Source\PSoC4/cyfitter_cfg.c **** 	CY_SET_XTND_REG32((void CYFAR *)(CYDEV_GPIO_PRT4_BASE), 0x00000002u);
 250              		.loc 1 269 0
 251 00ea 0D4B     		ldr	r3, .L11+28
 252 00ec 1860     		str	r0, [r3]
 270:.\Generated_Source\PSoC4/cyfitter_cfg.c **** 	CY_SET_XTND_REG32((void CYFAR *)(CYREG_GPIO_PRT4_PC), 0x00000031u);
 253              		.loc 1 270 0
 254 00ee 3122     		mov	r2, #49
 255 00f0 0C4B     		ldr	r3, .L11+32
 256 00f2 1A60     		str	r2, [r3]
 271:.\Generated_Source\PSoC4/cyfitter_cfg.c **** 	CY_SET_XTND_REG32((void CYFAR *)(CYREG_GPIO_PRT4_PC2), 0x00000002u);
 257              		.loc 1 271 0
 258 00f4 0C4B     		ldr	r3, .L11+36
 259 00f6 1860     		str	r0, [r3]
 272:.\Generated_Source\PSoC4/cyfitter_cfg.c **** 
 273:.\Generated_Source\PSoC4/cyfitter_cfg.c **** 
 274:.\Generated_Source\PSoC4/cyfitter_cfg.c **** 	/* Setup clocks based on selections from Clock DWR */
 275:.\Generated_Source\PSoC4/cyfitter_cfg.c **** 	ClockSetup();
 260              		.loc 1 275 0
 261 00f8 FFF782FF 		bl	ClockSetup
 262              	.LVL12:
 276:.\Generated_Source\PSoC4/cyfitter_cfg.c **** 
 277:.\Generated_Source\PSoC4/cyfitter_cfg.c **** 	/* Perform basic analog initialization to defaults */
 278:.\Generated_Source\PSoC4/cyfitter_cfg.c **** 	AnalogSetDefault();
 263              		.loc 1 278 0
 264 00fc FFF7FEFF 		bl	AnalogSetDefault
 265              	.LVL13:
 279:.\Generated_Source\PSoC4/cyfitter_cfg.c **** 
 280:.\Generated_Source\PSoC4/cyfitter_cfg.c **** }
 266              		.loc 1 280 0
 267              		@ sp needed
 268 0100 10BD     		pop	{r4, pc}
 269              	.L12:
 270 0102 C046     		.align	2
 271              	.L11:
 272 0104 00000000 		.word	.LANCHOR0
ARM GAS  C:\Users\Tim\AppData\Local\Temp\ccNhzemc.s 			page 11


 273 0108 00030240 		.word	1073873664
 274 010c 00040240 		.word	1073873920
 275 0110 30500F40 		.word	1074745392
 276 0114 00700F40 		.word	1074753536
 277 0118 01700F40 		.word	1074753537
 278 011c 08030440 		.word	1074004744
 279 0120 00040440 		.word	1074004992
 280 0124 08040440 		.word	1074005000
 281 0128 18040440 		.word	1074005016
 282              		.cfi_endproc
 283              	.LFE6:
 284              		.size	cyfitter_cfg, .-cyfitter_cfg
 285              		.section	.rodata
 286              		.align	2
 287              		.set	.LANCHOR0,. + 0
 288              		.type	cfg_memset_list.4746, %object
 289              		.size	cfg_memset_list.4746, 12
 290              	cfg_memset_list.4746:
 291 0000 00300F40 		.word	1074737152
 292 0004 0004     		.short	1024
 293 0006 00400F40 		.4byte	1074741248
 294 000a 0004     		.short	1024
 295              		.text
 296              	.Letext0:
 297              		.file 2 "c:\\program files (x86)\\cypress\\psoc creator\\3.3\\psoc creator\\import\\gnu\\arm\\4.9.
 298              		.file 3 ".\\Generated_Source\\PSoC4\\cytypes.h"
 299              		.file 4 ".\\Generated_Source\\PSoC4\\CyLib.h"
 300              		.section	.debug_info,"",%progbits
 301              	.Ldebug_info0:
 302 0000 AA020000 		.4byte	0x2aa
 303 0004 0400     		.2byte	0x4
 304 0006 00000000 		.4byte	.Ldebug_abbrev0
 305 000a 04       		.byte	0x4
 306 000b 01       		.uleb128 0x1
 307 000c 91010000 		.4byte	.LASF28
 308 0010 01       		.byte	0x1
 309 0011 4D010000 		.4byte	.LASF29
 310 0015 00000000 		.4byte	.LASF30
 311 0019 00000000 		.4byte	.Ldebug_ranges0+0
 312 001d 00000000 		.4byte	0
 313 0021 00000000 		.4byte	.Ldebug_line0
 314 0025 02       		.uleb128 0x2
 315 0026 04       		.byte	0x4
 316 0027 05       		.byte	0x5
 317 0028 696E7400 		.ascii	"int\000"
 318 002c 03       		.uleb128 0x3
 319 002d 3D000000 		.4byte	.LASF11
 320 0031 02       		.byte	0x2
 321 0032 D4       		.byte	0xd4
 322 0033 37000000 		.4byte	0x37
 323 0037 04       		.uleb128 0x4
 324 0038 04       		.byte	0x4
 325 0039 07       		.byte	0x7
 326 003a FA000000 		.4byte	.LASF0
 327 003e 04       		.uleb128 0x4
 328 003f 01       		.byte	0x1
 329 0040 06       		.byte	0x6
ARM GAS  C:\Users\Tim\AppData\Local\Temp\ccNhzemc.s 			page 12


 330 0041 47020000 		.4byte	.LASF1
 331 0045 04       		.uleb128 0x4
 332 0046 01       		.byte	0x1
 333 0047 08       		.byte	0x8
 334 0048 C4000000 		.4byte	.LASF2
 335 004c 04       		.uleb128 0x4
 336 004d 02       		.byte	0x2
 337 004e 05       		.byte	0x5
 338 004f 1F020000 		.4byte	.LASF3
 339 0053 04       		.uleb128 0x4
 340 0054 02       		.byte	0x2
 341 0055 07       		.byte	0x7
 342 0056 7F000000 		.4byte	.LASF4
 343 005a 04       		.uleb128 0x4
 344 005b 04       		.byte	0x4
 345 005c 05       		.byte	0x5
 346 005d 3E020000 		.4byte	.LASF5
 347 0061 04       		.uleb128 0x4
 348 0062 04       		.byte	0x4
 349 0063 07       		.byte	0x7
 350 0064 A2000000 		.4byte	.LASF6
 351 0068 04       		.uleb128 0x4
 352 0069 08       		.byte	0x8
 353 006a 05       		.byte	0x5
 354 006b 7E010000 		.4byte	.LASF7
 355 006f 04       		.uleb128 0x4
 356 0070 08       		.byte	0x8
 357 0071 07       		.byte	0x7
 358 0072 1C010000 		.4byte	.LASF8
 359 0076 04       		.uleb128 0x4
 360 0077 04       		.byte	0x4
 361 0078 07       		.byte	0x7
 362 0079 75010000 		.4byte	.LASF9
 363 007d 05       		.uleb128 0x5
 364 007e 04       		.byte	0x4
 365 007f 06       		.uleb128 0x6
 366 0080 04       		.byte	0x4
 367 0081 85000000 		.4byte	0x85
 368 0085 07       		.uleb128 0x7
 369 0086 04       		.uleb128 0x4
 370 0087 01       		.byte	0x1
 371 0088 08       		.byte	0x8
 372 0089 8C010000 		.4byte	.LASF10
 373 008d 08       		.uleb128 0x8
 374 008e B4000000 		.4byte	.LASF12
 375 0092 03       		.byte	0x3
 376 0093 3801     		.2byte	0x138
 377 0095 45000000 		.4byte	0x45
 378 0099 08       		.uleb128 0x8
 379 009a EC000000 		.4byte	.LASF13
 380 009e 03       		.byte	0x3
 381 009f 3901     		.2byte	0x139
 382 00a1 53000000 		.4byte	0x53
 383 00a5 08       		.uleb128 0x8
 384 00a6 F3000000 		.4byte	.LASF14
 385 00aa 03       		.byte	0x3
 386 00ab 3A01     		.2byte	0x13a
ARM GAS  C:\Users\Tim\AppData\Local\Temp\ccNhzemc.s 			page 13


 387 00ad 61000000 		.4byte	0x61
 388 00b1 04       		.uleb128 0x4
 389 00b2 04       		.byte	0x4
 390 00b3 04       		.byte	0x4
 391 00b4 92000000 		.4byte	.LASF15
 392 00b8 04       		.uleb128 0x4
 393 00b9 08       		.byte	0x8
 394 00ba 04       		.byte	0x4
 395 00bb D9000000 		.4byte	.LASF16
 396 00bf 08       		.uleb128 0x8
 397 00c0 9D000000 		.4byte	.LASF17
 398 00c4 03       		.byte	0x3
 399 00c5 E201     		.2byte	0x1e2
 400 00c7 CB000000 		.4byte	0xcb
 401 00cb 09       		.uleb128 0x9
 402 00cc 8D000000 		.4byte	0x8d
 403 00d0 08       		.uleb128 0x8
 404 00d1 37000000 		.4byte	.LASF18
 405 00d5 03       		.byte	0x3
 406 00d6 E401     		.2byte	0x1e4
 407 00d8 DC000000 		.4byte	0xdc
 408 00dc 09       		.uleb128 0x9
 409 00dd A5000000 		.4byte	0xa5
 410 00e1 08       		.uleb128 0x8
 411 00e2 33010000 		.4byte	.LASF19
 412 00e6 03       		.byte	0x3
 413 00e7 F401     		.2byte	0x1f4
 414 00e9 7F000000 		.4byte	0x7f
 415 00ed 0A       		.uleb128 0xa
 416 00ee 44000000 		.4byte	.LASF31
 417 00f2 01       		.byte	0x1
 418 00f3 C3       		.byte	0xc3
 419 00f4 00000000 		.4byte	.LFB5
 420 00f8 20000000 		.4byte	.LFE5-.LFB5
 421 00fc 01       		.uleb128 0x1
 422 00fd 9C       		.byte	0x9c
 423 00fe 0B       		.uleb128 0xb
 424 00ff BA000000 		.4byte	.LASF20
 425 0103 01       		.byte	0x1
 426 0104 3D       		.byte	0x3d
 427 0105 00000000 		.4byte	.LFB1
 428 0109 0C000000 		.4byte	.LFE1-.LFB1
 429 010d 01       		.uleb128 0x1
 430 010e 9C       		.byte	0x9c
 431 010f 4B010000 		.4byte	0x14b
 432 0113 0C       		.uleb128 0xc
 433 0114 7300     		.ascii	"s\000"
 434 0116 01       		.byte	0x1
 435 0117 3D       		.byte	0x3d
 436 0118 7D000000 		.4byte	0x7d
 437 011c 00000000 		.4byte	.LLST0
 438 0120 0C       		.uleb128 0xc
 439 0121 6E00     		.ascii	"n\000"
 440 0123 01       		.byte	0x1
 441 0124 3D       		.byte	0x3d
 442 0125 2C000000 		.4byte	0x2c
 443 0129 21000000 		.4byte	.LLST1
ARM GAS  C:\Users\Tim\AppData\Local\Temp\ccNhzemc.s 			page 14


 444 012d 0D       		.uleb128 0xd
 445 012e 0A000000 		.4byte	.LVL2
 446 0132 58020000 		.4byte	0x258
 447 0136 0E       		.uleb128 0xe
 448 0137 01       		.uleb128 0x1
 449 0138 52       		.byte	0x52
 450 0139 03       		.uleb128 0x3
 451 013a F3       		.byte	0xf3
 452 013b 01       		.uleb128 0x1
 453 013c 51       		.byte	0x51
 454 013d 0E       		.uleb128 0xe
 455 013e 01       		.uleb128 0x1
 456 013f 51       		.byte	0x51
 457 0140 01       		.uleb128 0x1
 458 0141 30       		.byte	0x30
 459 0142 0E       		.uleb128 0xe
 460 0143 01       		.uleb128 0x1
 461 0144 50       		.byte	0x50
 462 0145 03       		.uleb128 0x3
 463 0146 F3       		.byte	0xf3
 464 0147 01       		.uleb128 0x1
 465 0148 50       		.byte	0x50
 466 0149 00       		.byte	0
 467 014a 00       		.byte	0
 468 014b 0B       		.uleb128 0xb
 469 014c 74000000 		.4byte	.LASF21
 470 0150 01       		.byte	0x1
 471 0151 92       		.byte	0x92
 472 0152 00000000 		.4byte	.LFB4
 473 0156 7C000000 		.4byte	.LFE4-.LFB4
 474 015a 01       		.uleb128 0x1
 475 015b 9C       		.byte	0x9c
 476 015c 97010000 		.4byte	0x197
 477 0160 0F       		.uleb128 0xf
 478 0161 0E000000 		.4byte	.LVL3
 479 0165 75020000 		.4byte	0x275
 480 0169 74010000 		.4byte	0x174
 481 016d 0E       		.uleb128 0xe
 482 016e 01       		.uleb128 0x1
 483 016f 50       		.byte	0x50
 484 0170 02       		.uleb128 0x2
 485 0171 08       		.byte	0x8
 486 0172 30       		.byte	0x30
 487 0173 00       		.byte	0
 488 0174 0F       		.uleb128 0xf
 489 0175 40000000 		.4byte	.LVL4
 490 0179 86020000 		.4byte	0x286
 491 017d 87010000 		.4byte	0x187
 492 0181 0E       		.uleb128 0xe
 493 0182 01       		.uleb128 0x1
 494 0183 50       		.byte	0x50
 495 0184 01       		.uleb128 0x1
 496 0185 37       		.byte	0x37
 497 0186 00       		.byte	0
 498 0187 0D       		.uleb128 0xd
 499 0188 46000000 		.4byte	.LVL5
 500 018c A0020000 		.4byte	0x2a0
ARM GAS  C:\Users\Tim\AppData\Local\Temp\ccNhzemc.s 			page 15


 501 0190 0E       		.uleb128 0xe
 502 0191 01       		.uleb128 0x1
 503 0192 50       		.byte	0x50
 504 0193 01       		.uleb128 0x1
 505 0194 37       		.byte	0x37
 506 0195 00       		.byte	0
 507 0196 00       		.byte	0
 508 0197 10       		.uleb128 0x10
 509 0198 07010000 		.4byte	.LASF32
 510 019c 01       		.byte	0x1
 511 019d DE       		.byte	0xde
 512 019e 7C000000 		.4byte	.LFB6
 513 01a2 B0000000 		.4byte	.LFE6-.LFB6
 514 01a6 01       		.uleb128 0x1
 515 01a7 9C       		.byte	0x9c
 516 01a8 58020000 		.4byte	0x258
 517 01ac 11       		.uleb128 0x11
 518 01ad 80000000 		.4byte	.LBB2
 519 01b1 62000000 		.4byte	.LBE2-.LBB2
 520 01b5 45020000 		.4byte	0x245
 521 01b9 12       		.uleb128 0x12
 522 01ba 06       		.byte	0x6
 523 01bb 01       		.byte	0x1
 524 01bc E5       		.byte	0xe5
 525 01bd DA010000 		.4byte	0x1da
 526 01c1 13       		.uleb128 0x13
 527 01c2 14010000 		.4byte	.LASF22
 528 01c6 01       		.byte	0x1
 529 01c7 E6       		.byte	0xe6
 530 01c8 7D000000 		.4byte	0x7d
 531 01cc 00       		.byte	0
 532 01cd 13       		.uleb128 0x13
 533 01ce 98000000 		.4byte	.LASF23
 534 01d2 01       		.byte	0x1
 535 01d3 E7       		.byte	0xe7
 536 01d4 99000000 		.4byte	0x99
 537 01d8 04       		.byte	0x4
 538 01d9 00       		.byte	0
 539 01da 03       		.uleb128 0x3
 540 01db 40010000 		.4byte	.LASF24
 541 01df 01       		.byte	0x1
 542 01e0 E8       		.byte	0xe8
 543 01e1 B9010000 		.4byte	0x1b9
 544 01e5 14       		.uleb128 0x14
 545 01e6 DA010000 		.4byte	0x1da
 546 01ea F5010000 		.4byte	0x1f5
 547 01ee 15       		.uleb128 0x15
 548 01ef 76000000 		.4byte	0x76
 549 01f3 01       		.byte	0x1
 550 01f4 00       		.byte	0
 551 01f5 16       		.uleb128 0x16
 552 01f6 64000000 		.4byte	.LASF25
 553 01fa 01       		.byte	0x1
 554 01fb EA       		.byte	0xea
 555 01fc 06020000 		.4byte	0x206
 556 0200 05       		.uleb128 0x5
 557 0201 03       		.byte	0x3
ARM GAS  C:\Users\Tim\AppData\Local\Temp\ccNhzemc.s 			page 16


 558 0202 00000000 		.4byte	cfg_memset_list.4746
 559 0206 17       		.uleb128 0x17
 560 0207 E5010000 		.4byte	0x1e5
 561 020b 18       		.uleb128 0x18
 562 020c 6900     		.ascii	"i\000"
 563 020e 01       		.byte	0x1
 564 020f F0       		.byte	0xf0
 565 0210 8D000000 		.4byte	0x8d
 566 0214 4D000000 		.4byte	.LLST2
 567 0218 19       		.uleb128 0x19
 568 0219 84000000 		.4byte	.LBB3
 569 021d 1E000000 		.4byte	.LBE3-.LBB3
 570 0221 18       		.uleb128 0x18
 571 0222 6D7300   		.ascii	"ms\000"
 572 0225 01       		.byte	0x1
 573 0226 F5       		.byte	0xf5
 574 0227 2F020000 		.4byte	0x22f
 575 022b 77000000 		.4byte	.LLST3
 576 022f 06       		.uleb128 0x6
 577 0230 04       		.byte	0x4
 578 0231 35020000 		.4byte	0x235
 579 0235 17       		.uleb128 0x17
 580 0236 DA010000 		.4byte	0x1da
 581 023a 1A       		.uleb128 0x1a
 582 023b A2000000 		.4byte	.LVL8
 583 023f FE000000 		.4byte	0xfe
 584 0243 00       		.byte	0
 585 0244 00       		.byte	0
 586 0245 1A       		.uleb128 0x1a
 587 0246 FC000000 		.4byte	.LVL12
 588 024a 4B010000 		.4byte	0x14b
 589 024e 1A       		.uleb128 0x1a
 590 024f 00010000 		.4byte	.LVL13
 591 0253 ED000000 		.4byte	0xed
 592 0257 00       		.byte	0
 593 0258 1B       		.uleb128 0x1b
 594 0259 D2000000 		.4byte	.LASF26
 595 025d 7D000000 		.4byte	0x7d
 596 0261 75020000 		.4byte	0x275
 597 0265 1C       		.uleb128 0x1c
 598 0266 7D000000 		.4byte	0x7d
 599 026a 1C       		.uleb128 0x1c
 600 026b 25000000 		.4byte	0x25
 601 026f 1C       		.uleb128 0x1c
 602 0270 76000000 		.4byte	0x76
 603 0274 00       		.byte	0
 604 0275 1D       		.uleb128 0x1d
 605 0276 29020000 		.4byte	.LASF27
 606 027a 04       		.byte	0x4
 607 027b 38       		.byte	0x38
 608 027c 86020000 		.4byte	0x286
 609 0280 1C       		.uleb128 0x1c
 610 0281 A5000000 		.4byte	0xa5
 611 0285 00       		.byte	0
 612 0286 1E       		.uleb128 0x1e
 613 0287 55000000 		.4byte	.LASF33
 614 028b 04       		.byte	0x4
ARM GAS  C:\Users\Tim\AppData\Local\Temp\ccNhzemc.s 			page 17


 615 028c 49       		.byte	0x49
 616 028d E1000000 		.4byte	0xe1
 617 0291 A0020000 		.4byte	0x2a0
 618 0295 1C       		.uleb128 0x1c
 619 0296 8D000000 		.4byte	0x8d
 620 029a 1C       		.uleb128 0x1c
 621 029b E1000000 		.4byte	0xe1
 622 029f 00       		.byte	0
 623 02a0 1F       		.uleb128 0x1f
 624 02a1 E0000000 		.4byte	.LASF34
 625 02a5 04       		.byte	0x4
 626 02a6 4F       		.byte	0x4f
 627 02a7 1C       		.uleb128 0x1c
 628 02a8 8D000000 		.4byte	0x8d
 629 02ac 00       		.byte	0
 630 02ad 00       		.byte	0
 631              		.section	.debug_abbrev,"",%progbits
 632              	.Ldebug_abbrev0:
 633 0000 01       		.uleb128 0x1
 634 0001 11       		.uleb128 0x11
 635 0002 01       		.byte	0x1
 636 0003 25       		.uleb128 0x25
 637 0004 0E       		.uleb128 0xe
 638 0005 13       		.uleb128 0x13
 639 0006 0B       		.uleb128 0xb
 640 0007 03       		.uleb128 0x3
 641 0008 0E       		.uleb128 0xe
 642 0009 1B       		.uleb128 0x1b
 643 000a 0E       		.uleb128 0xe
 644 000b 55       		.uleb128 0x55
 645 000c 17       		.uleb128 0x17
 646 000d 11       		.uleb128 0x11
 647 000e 01       		.uleb128 0x1
 648 000f 10       		.uleb128 0x10
 649 0010 17       		.uleb128 0x17
 650 0011 00       		.byte	0
 651 0012 00       		.byte	0
 652 0013 02       		.uleb128 0x2
 653 0014 24       		.uleb128 0x24
 654 0015 00       		.byte	0
 655 0016 0B       		.uleb128 0xb
 656 0017 0B       		.uleb128 0xb
 657 0018 3E       		.uleb128 0x3e
 658 0019 0B       		.uleb128 0xb
 659 001a 03       		.uleb128 0x3
 660 001b 08       		.uleb128 0x8
 661 001c 00       		.byte	0
 662 001d 00       		.byte	0
 663 001e 03       		.uleb128 0x3
 664 001f 16       		.uleb128 0x16
 665 0020 00       		.byte	0
 666 0021 03       		.uleb128 0x3
 667 0022 0E       		.uleb128 0xe
 668 0023 3A       		.uleb128 0x3a
 669 0024 0B       		.uleb128 0xb
 670 0025 3B       		.uleb128 0x3b
 671 0026 0B       		.uleb128 0xb
ARM GAS  C:\Users\Tim\AppData\Local\Temp\ccNhzemc.s 			page 18


 672 0027 49       		.uleb128 0x49
 673 0028 13       		.uleb128 0x13
 674 0029 00       		.byte	0
 675 002a 00       		.byte	0
 676 002b 04       		.uleb128 0x4
 677 002c 24       		.uleb128 0x24
 678 002d 00       		.byte	0
 679 002e 0B       		.uleb128 0xb
 680 002f 0B       		.uleb128 0xb
 681 0030 3E       		.uleb128 0x3e
 682 0031 0B       		.uleb128 0xb
 683 0032 03       		.uleb128 0x3
 684 0033 0E       		.uleb128 0xe
 685 0034 00       		.byte	0
 686 0035 00       		.byte	0
 687 0036 05       		.uleb128 0x5
 688 0037 0F       		.uleb128 0xf
 689 0038 00       		.byte	0
 690 0039 0B       		.uleb128 0xb
 691 003a 0B       		.uleb128 0xb
 692 003b 00       		.byte	0
 693 003c 00       		.byte	0
 694 003d 06       		.uleb128 0x6
 695 003e 0F       		.uleb128 0xf
 696 003f 00       		.byte	0
 697 0040 0B       		.uleb128 0xb
 698 0041 0B       		.uleb128 0xb
 699 0042 49       		.uleb128 0x49
 700 0043 13       		.uleb128 0x13
 701 0044 00       		.byte	0
 702 0045 00       		.byte	0
 703 0046 07       		.uleb128 0x7
 704 0047 15       		.uleb128 0x15
 705 0048 00       		.byte	0
 706 0049 27       		.uleb128 0x27
 707 004a 19       		.uleb128 0x19
 708 004b 00       		.byte	0
 709 004c 00       		.byte	0
 710 004d 08       		.uleb128 0x8
 711 004e 16       		.uleb128 0x16
 712 004f 00       		.byte	0
 713 0050 03       		.uleb128 0x3
 714 0051 0E       		.uleb128 0xe
 715 0052 3A       		.uleb128 0x3a
 716 0053 0B       		.uleb128 0xb
 717 0054 3B       		.uleb128 0x3b
 718 0055 05       		.uleb128 0x5
 719 0056 49       		.uleb128 0x49
 720 0057 13       		.uleb128 0x13
 721 0058 00       		.byte	0
 722 0059 00       		.byte	0
 723 005a 09       		.uleb128 0x9
 724 005b 35       		.uleb128 0x35
 725 005c 00       		.byte	0
 726 005d 49       		.uleb128 0x49
 727 005e 13       		.uleb128 0x13
 728 005f 00       		.byte	0
ARM GAS  C:\Users\Tim\AppData\Local\Temp\ccNhzemc.s 			page 19


 729 0060 00       		.byte	0
 730 0061 0A       		.uleb128 0xa
 731 0062 2E       		.uleb128 0x2e
 732 0063 00       		.byte	0
 733 0064 03       		.uleb128 0x3
 734 0065 0E       		.uleb128 0xe
 735 0066 3A       		.uleb128 0x3a
 736 0067 0B       		.uleb128 0xb
 737 0068 3B       		.uleb128 0x3b
 738 0069 0B       		.uleb128 0xb
 739 006a 27       		.uleb128 0x27
 740 006b 19       		.uleb128 0x19
 741 006c 11       		.uleb128 0x11
 742 006d 01       		.uleb128 0x1
 743 006e 12       		.uleb128 0x12
 744 006f 06       		.uleb128 0x6
 745 0070 40       		.uleb128 0x40
 746 0071 18       		.uleb128 0x18
 747 0072 9742     		.uleb128 0x2117
 748 0074 19       		.uleb128 0x19
 749 0075 00       		.byte	0
 750 0076 00       		.byte	0
 751 0077 0B       		.uleb128 0xb
 752 0078 2E       		.uleb128 0x2e
 753 0079 01       		.byte	0x1
 754 007a 03       		.uleb128 0x3
 755 007b 0E       		.uleb128 0xe
 756 007c 3A       		.uleb128 0x3a
 757 007d 0B       		.uleb128 0xb
 758 007e 3B       		.uleb128 0x3b
 759 007f 0B       		.uleb128 0xb
 760 0080 27       		.uleb128 0x27
 761 0081 19       		.uleb128 0x19
 762 0082 11       		.uleb128 0x11
 763 0083 01       		.uleb128 0x1
 764 0084 12       		.uleb128 0x12
 765 0085 06       		.uleb128 0x6
 766 0086 40       		.uleb128 0x40
 767 0087 18       		.uleb128 0x18
 768 0088 9742     		.uleb128 0x2117
 769 008a 19       		.uleb128 0x19
 770 008b 01       		.uleb128 0x1
 771 008c 13       		.uleb128 0x13
 772 008d 00       		.byte	0
 773 008e 00       		.byte	0
 774 008f 0C       		.uleb128 0xc
 775 0090 05       		.uleb128 0x5
 776 0091 00       		.byte	0
 777 0092 03       		.uleb128 0x3
 778 0093 08       		.uleb128 0x8
 779 0094 3A       		.uleb128 0x3a
 780 0095 0B       		.uleb128 0xb
 781 0096 3B       		.uleb128 0x3b
 782 0097 0B       		.uleb128 0xb
 783 0098 49       		.uleb128 0x49
 784 0099 13       		.uleb128 0x13
 785 009a 02       		.uleb128 0x2
ARM GAS  C:\Users\Tim\AppData\Local\Temp\ccNhzemc.s 			page 20


 786 009b 17       		.uleb128 0x17
 787 009c 00       		.byte	0
 788 009d 00       		.byte	0
 789 009e 0D       		.uleb128 0xd
 790 009f 898201   		.uleb128 0x4109
 791 00a2 01       		.byte	0x1
 792 00a3 11       		.uleb128 0x11
 793 00a4 01       		.uleb128 0x1
 794 00a5 31       		.uleb128 0x31
 795 00a6 13       		.uleb128 0x13
 796 00a7 00       		.byte	0
 797 00a8 00       		.byte	0
 798 00a9 0E       		.uleb128 0xe
 799 00aa 8A8201   		.uleb128 0x410a
 800 00ad 00       		.byte	0
 801 00ae 02       		.uleb128 0x2
 802 00af 18       		.uleb128 0x18
 803 00b0 9142     		.uleb128 0x2111
 804 00b2 18       		.uleb128 0x18
 805 00b3 00       		.byte	0
 806 00b4 00       		.byte	0
 807 00b5 0F       		.uleb128 0xf
 808 00b6 898201   		.uleb128 0x4109
 809 00b9 01       		.byte	0x1
 810 00ba 11       		.uleb128 0x11
 811 00bb 01       		.uleb128 0x1
 812 00bc 31       		.uleb128 0x31
 813 00bd 13       		.uleb128 0x13
 814 00be 01       		.uleb128 0x1
 815 00bf 13       		.uleb128 0x13
 816 00c0 00       		.byte	0
 817 00c1 00       		.byte	0
 818 00c2 10       		.uleb128 0x10
 819 00c3 2E       		.uleb128 0x2e
 820 00c4 01       		.byte	0x1
 821 00c5 3F       		.uleb128 0x3f
 822 00c6 19       		.uleb128 0x19
 823 00c7 03       		.uleb128 0x3
 824 00c8 0E       		.uleb128 0xe
 825 00c9 3A       		.uleb128 0x3a
 826 00ca 0B       		.uleb128 0xb
 827 00cb 3B       		.uleb128 0x3b
 828 00cc 0B       		.uleb128 0xb
 829 00cd 27       		.uleb128 0x27
 830 00ce 19       		.uleb128 0x19
 831 00cf 11       		.uleb128 0x11
 832 00d0 01       		.uleb128 0x1
 833 00d1 12       		.uleb128 0x12
 834 00d2 06       		.uleb128 0x6
 835 00d3 40       		.uleb128 0x40
 836 00d4 18       		.uleb128 0x18
 837 00d5 9742     		.uleb128 0x2117
 838 00d7 19       		.uleb128 0x19
 839 00d8 01       		.uleb128 0x1
 840 00d9 13       		.uleb128 0x13
 841 00da 00       		.byte	0
 842 00db 00       		.byte	0
ARM GAS  C:\Users\Tim\AppData\Local\Temp\ccNhzemc.s 			page 21


 843 00dc 11       		.uleb128 0x11
 844 00dd 0B       		.uleb128 0xb
 845 00de 01       		.byte	0x1
 846 00df 11       		.uleb128 0x11
 847 00e0 01       		.uleb128 0x1
 848 00e1 12       		.uleb128 0x12
 849 00e2 06       		.uleb128 0x6
 850 00e3 01       		.uleb128 0x1
 851 00e4 13       		.uleb128 0x13
 852 00e5 00       		.byte	0
 853 00e6 00       		.byte	0
 854 00e7 12       		.uleb128 0x12
 855 00e8 13       		.uleb128 0x13
 856 00e9 01       		.byte	0x1
 857 00ea 0B       		.uleb128 0xb
 858 00eb 0B       		.uleb128 0xb
 859 00ec 3A       		.uleb128 0x3a
 860 00ed 0B       		.uleb128 0xb
 861 00ee 3B       		.uleb128 0x3b
 862 00ef 0B       		.uleb128 0xb
 863 00f0 01       		.uleb128 0x1
 864 00f1 13       		.uleb128 0x13
 865 00f2 00       		.byte	0
 866 00f3 00       		.byte	0
 867 00f4 13       		.uleb128 0x13
 868 00f5 0D       		.uleb128 0xd
 869 00f6 00       		.byte	0
 870 00f7 03       		.uleb128 0x3
 871 00f8 0E       		.uleb128 0xe
 872 00f9 3A       		.uleb128 0x3a
 873 00fa 0B       		.uleb128 0xb
 874 00fb 3B       		.uleb128 0x3b
 875 00fc 0B       		.uleb128 0xb
 876 00fd 49       		.uleb128 0x49
 877 00fe 13       		.uleb128 0x13
 878 00ff 38       		.uleb128 0x38
 879 0100 0B       		.uleb128 0xb
 880 0101 00       		.byte	0
 881 0102 00       		.byte	0
 882 0103 14       		.uleb128 0x14
 883 0104 01       		.uleb128 0x1
 884 0105 01       		.byte	0x1
 885 0106 49       		.uleb128 0x49
 886 0107 13       		.uleb128 0x13
 887 0108 01       		.uleb128 0x1
 888 0109 13       		.uleb128 0x13
 889 010a 00       		.byte	0
 890 010b 00       		.byte	0
 891 010c 15       		.uleb128 0x15
 892 010d 21       		.uleb128 0x21
 893 010e 00       		.byte	0
 894 010f 49       		.uleb128 0x49
 895 0110 13       		.uleb128 0x13
 896 0111 2F       		.uleb128 0x2f
 897 0112 0B       		.uleb128 0xb
 898 0113 00       		.byte	0
 899 0114 00       		.byte	0
ARM GAS  C:\Users\Tim\AppData\Local\Temp\ccNhzemc.s 			page 22


 900 0115 16       		.uleb128 0x16
 901 0116 34       		.uleb128 0x34
 902 0117 00       		.byte	0
 903 0118 03       		.uleb128 0x3
 904 0119 0E       		.uleb128 0xe
 905 011a 3A       		.uleb128 0x3a
 906 011b 0B       		.uleb128 0xb
 907 011c 3B       		.uleb128 0x3b
 908 011d 0B       		.uleb128 0xb
 909 011e 49       		.uleb128 0x49
 910 011f 13       		.uleb128 0x13
 911 0120 02       		.uleb128 0x2
 912 0121 18       		.uleb128 0x18
 913 0122 00       		.byte	0
 914 0123 00       		.byte	0
 915 0124 17       		.uleb128 0x17
 916 0125 26       		.uleb128 0x26
 917 0126 00       		.byte	0
 918 0127 49       		.uleb128 0x49
 919 0128 13       		.uleb128 0x13
 920 0129 00       		.byte	0
 921 012a 00       		.byte	0
 922 012b 18       		.uleb128 0x18
 923 012c 34       		.uleb128 0x34
 924 012d 00       		.byte	0
 925 012e 03       		.uleb128 0x3
 926 012f 08       		.uleb128 0x8
 927 0130 3A       		.uleb128 0x3a
 928 0131 0B       		.uleb128 0xb
 929 0132 3B       		.uleb128 0x3b
 930 0133 0B       		.uleb128 0xb
 931 0134 49       		.uleb128 0x49
 932 0135 13       		.uleb128 0x13
 933 0136 02       		.uleb128 0x2
 934 0137 17       		.uleb128 0x17
 935 0138 00       		.byte	0
 936 0139 00       		.byte	0
 937 013a 19       		.uleb128 0x19
 938 013b 0B       		.uleb128 0xb
 939 013c 01       		.byte	0x1
 940 013d 11       		.uleb128 0x11
 941 013e 01       		.uleb128 0x1
 942 013f 12       		.uleb128 0x12
 943 0140 06       		.uleb128 0x6
 944 0141 00       		.byte	0
 945 0142 00       		.byte	0
 946 0143 1A       		.uleb128 0x1a
 947 0144 898201   		.uleb128 0x4109
 948 0147 00       		.byte	0
 949 0148 11       		.uleb128 0x11
 950 0149 01       		.uleb128 0x1
 951 014a 31       		.uleb128 0x31
 952 014b 13       		.uleb128 0x13
 953 014c 00       		.byte	0
 954 014d 00       		.byte	0
 955 014e 1B       		.uleb128 0x1b
 956 014f 2E       		.uleb128 0x2e
ARM GAS  C:\Users\Tim\AppData\Local\Temp\ccNhzemc.s 			page 23


 957 0150 01       		.byte	0x1
 958 0151 3F       		.uleb128 0x3f
 959 0152 19       		.uleb128 0x19
 960 0153 03       		.uleb128 0x3
 961 0154 0E       		.uleb128 0xe
 962 0155 27       		.uleb128 0x27
 963 0156 19       		.uleb128 0x19
 964 0157 49       		.uleb128 0x49
 965 0158 13       		.uleb128 0x13
 966 0159 34       		.uleb128 0x34
 967 015a 19       		.uleb128 0x19
 968 015b 3C       		.uleb128 0x3c
 969 015c 19       		.uleb128 0x19
 970 015d 01       		.uleb128 0x1
 971 015e 13       		.uleb128 0x13
 972 015f 00       		.byte	0
 973 0160 00       		.byte	0
 974 0161 1C       		.uleb128 0x1c
 975 0162 05       		.uleb128 0x5
 976 0163 00       		.byte	0
 977 0164 49       		.uleb128 0x49
 978 0165 13       		.uleb128 0x13
 979 0166 00       		.byte	0
 980 0167 00       		.byte	0
 981 0168 1D       		.uleb128 0x1d
 982 0169 2E       		.uleb128 0x2e
 983 016a 01       		.byte	0x1
 984 016b 3F       		.uleb128 0x3f
 985 016c 19       		.uleb128 0x19
 986 016d 03       		.uleb128 0x3
 987 016e 0E       		.uleb128 0xe
 988 016f 3A       		.uleb128 0x3a
 989 0170 0B       		.uleb128 0xb
 990 0171 3B       		.uleb128 0x3b
 991 0172 0B       		.uleb128 0xb
 992 0173 27       		.uleb128 0x27
 993 0174 19       		.uleb128 0x19
 994 0175 3C       		.uleb128 0x3c
 995 0176 19       		.uleb128 0x19
 996 0177 01       		.uleb128 0x1
 997 0178 13       		.uleb128 0x13
 998 0179 00       		.byte	0
 999 017a 00       		.byte	0
 1000 017b 1E       		.uleb128 0x1e
 1001 017c 2E       		.uleb128 0x2e
 1002 017d 01       		.byte	0x1
 1003 017e 3F       		.uleb128 0x3f
 1004 017f 19       		.uleb128 0x19
 1005 0180 03       		.uleb128 0x3
 1006 0181 0E       		.uleb128 0xe
 1007 0182 3A       		.uleb128 0x3a
 1008 0183 0B       		.uleb128 0xb
 1009 0184 3B       		.uleb128 0x3b
 1010 0185 0B       		.uleb128 0xb
 1011 0186 27       		.uleb128 0x27
 1012 0187 19       		.uleb128 0x19
 1013 0188 49       		.uleb128 0x49
ARM GAS  C:\Users\Tim\AppData\Local\Temp\ccNhzemc.s 			page 24


 1014 0189 13       		.uleb128 0x13
 1015 018a 3C       		.uleb128 0x3c
 1016 018b 19       		.uleb128 0x19
 1017 018c 01       		.uleb128 0x1
 1018 018d 13       		.uleb128 0x13
 1019 018e 00       		.byte	0
 1020 018f 00       		.byte	0
 1021 0190 1F       		.uleb128 0x1f
 1022 0191 2E       		.uleb128 0x2e
 1023 0192 01       		.byte	0x1
 1024 0193 3F       		.uleb128 0x3f
 1025 0194 19       		.uleb128 0x19
 1026 0195 03       		.uleb128 0x3
 1027 0196 0E       		.uleb128 0xe
 1028 0197 3A       		.uleb128 0x3a
 1029 0198 0B       		.uleb128 0xb
 1030 0199 3B       		.uleb128 0x3b
 1031 019a 0B       		.uleb128 0xb
 1032 019b 27       		.uleb128 0x27
 1033 019c 19       		.uleb128 0x19
 1034 019d 3C       		.uleb128 0x3c
 1035 019e 19       		.uleb128 0x19
 1036 019f 00       		.byte	0
 1037 01a0 00       		.byte	0
 1038 01a1 00       		.byte	0
 1039              		.section	.debug_loc,"",%progbits
 1040              	.Ldebug_loc0:
 1041              	.LLST0:
 1042 0000 00000000 		.4byte	.LVL0
 1043 0004 09000000 		.4byte	.LVL2-1
 1044 0008 0100     		.2byte	0x1
 1045 000a 50       		.byte	0x50
 1046 000b 09000000 		.4byte	.LVL2-1
 1047 000f 0C000000 		.4byte	.LFE1
 1048 0013 0400     		.2byte	0x4
 1049 0015 F3       		.byte	0xf3
 1050 0016 01       		.uleb128 0x1
 1051 0017 50       		.byte	0x50
 1052 0018 9F       		.byte	0x9f
 1053 0019 00000000 		.4byte	0
 1054 001d 00000000 		.4byte	0
 1055              	.LLST1:
 1056 0021 00000000 		.4byte	.LVL0
 1057 0025 06000000 		.4byte	.LVL1
 1058 0029 0100     		.2byte	0x1
 1059 002b 51       		.byte	0x51
 1060 002c 06000000 		.4byte	.LVL1
 1061 0030 09000000 		.4byte	.LVL2-1
 1062 0034 0100     		.2byte	0x1
 1063 0036 52       		.byte	0x52
 1064 0037 09000000 		.4byte	.LVL2-1
 1065 003b 0C000000 		.4byte	.LFE1
 1066 003f 0400     		.2byte	0x4
 1067 0041 F3       		.byte	0xf3
 1068 0042 01       		.uleb128 0x1
 1069 0043 51       		.byte	0x51
 1070 0044 9F       		.byte	0x9f
ARM GAS  C:\Users\Tim\AppData\Local\Temp\ccNhzemc.s 			page 25


 1071 0045 00000000 		.4byte	0
 1072 0049 00000000 		.4byte	0
 1073              	.LLST2:
 1074 004d 80000000 		.4byte	.LVL6
 1075 0051 84000000 		.4byte	.LVL7
 1076 0055 0200     		.2byte	0x2
 1077 0057 30       		.byte	0x30
 1078 0058 9F       		.byte	0x9f
 1079 0059 84000000 		.4byte	.LVL7
 1080 005d A4000000 		.4byte	.LVL9
 1081 0061 0100     		.2byte	0x1
 1082 0063 54       		.byte	0x54
 1083 0064 A6000000 		.4byte	.LVL10
 1084 0068 CE000000 		.4byte	.LVL11
 1085 006c 0100     		.2byte	0x1
 1086 006e 54       		.byte	0x54
 1087 006f 00000000 		.4byte	0
 1088 0073 00000000 		.4byte	0
 1089              	.LLST3:
 1090 0077 84000000 		.4byte	.LVL7
 1091 007b A4000000 		.4byte	.LVL9
 1092 007f 0B00     		.2byte	0xb
 1093 0081 74       		.byte	0x74
 1094 0082 00       		.sleb128 0
 1095 0083 36       		.byte	0x36
 1096 0084 1E       		.byte	0x1e
 1097 0085 03       		.byte	0x3
 1098 0086 00000000 		.4byte	cfg_memset_list.4746
 1099 008a 22       		.byte	0x22
 1100 008b 9F       		.byte	0x9f
 1101 008c A4000000 		.4byte	.LVL9
 1102 0090 A6000000 		.4byte	.LVL10
 1103 0094 0B00     		.2byte	0xb
 1104 0096 74       		.byte	0x74
 1105 0097 7F       		.sleb128 -1
 1106 0098 36       		.byte	0x36
 1107 0099 1E       		.byte	0x1e
 1108 009a 03       		.byte	0x3
 1109 009b 00000000 		.4byte	cfg_memset_list.4746
 1110 009f 22       		.byte	0x22
 1111 00a0 9F       		.byte	0x9f
 1112 00a1 00000000 		.4byte	0
 1113 00a5 00000000 		.4byte	0
 1114              		.section	.debug_aranges,"",%progbits
 1115 0000 34000000 		.4byte	0x34
 1116 0004 0200     		.2byte	0x2
 1117 0006 00000000 		.4byte	.Ldebug_info0
 1118 000a 04       		.byte	0x4
 1119 000b 00       		.byte	0
 1120 000c 0000     		.2byte	0
 1121 000e 0000     		.2byte	0
 1122 0010 00000000 		.4byte	.LFB5
 1123 0014 20000000 		.4byte	.LFE5-.LFB5
 1124 0018 00000000 		.4byte	.LFB1
 1125 001c 0C000000 		.4byte	.LFE1-.LFB1
 1126 0020 00000000 		.4byte	.LFB4
 1127 0024 7C000000 		.4byte	.LFE4-.LFB4
ARM GAS  C:\Users\Tim\AppData\Local\Temp\ccNhzemc.s 			page 26


 1128 0028 7C000000 		.4byte	.LFB6
 1129 002c B0000000 		.4byte	.LFE6-.LFB6
 1130 0030 00000000 		.4byte	0
 1131 0034 00000000 		.4byte	0
 1132              		.section	.debug_ranges,"",%progbits
 1133              	.Ldebug_ranges0:
 1134 0000 00000000 		.4byte	.LFB5
 1135 0004 20000000 		.4byte	.LFE5
 1136 0008 00000000 		.4byte	.LFB1
 1137 000c 0C000000 		.4byte	.LFE1
 1138 0010 00000000 		.4byte	.LFB4
 1139 0014 7C000000 		.4byte	.LFE4
 1140 0018 7C000000 		.4byte	.LFB6
 1141 001c 2C010000 		.4byte	.LFE6
 1142 0020 00000000 		.4byte	0
 1143 0024 00000000 		.4byte	0
 1144              		.section	.debug_line,"",%progbits
 1145              	.Ldebug_line0:
 1146 0000 45010000 		.section	.debug_str,"MS",%progbits,1
 1146      0200D800 
 1146      00000201 
 1146      FB0E0D00 
 1146      01010101 
 1147              	.LASF30:
 1148 0000 443A5C70 		.ascii	"D:\\projects\\ArloBot\\ArlobotHw\\DualBoard-043\\UA"
 1148      726F6A65 
 1148      6374735C 
 1148      41726C6F 
 1148      426F745C 
 1149 002e 52542E63 		.ascii	"RT.cydsn\000"
 1149      7964736E 
 1149      00
 1150              	.LASF18:
 1151 0037 72656733 		.ascii	"reg32\000"
 1151      3200
 1152              	.LASF11:
 1153 003d 73697A65 		.ascii	"size_t\000"
 1153      5F7400
 1154              	.LASF31:
 1155 0044 416E616C 		.ascii	"AnalogSetDefault\000"
 1155      6F675365 
 1155      74446566 
 1155      61756C74 
 1155      00
 1156              	.LASF33:
 1157 0055 4379496E 		.ascii	"CyIntSetVector\000"
 1157      74536574 
 1157      56656374 
 1157      6F7200
 1158              	.LASF25:
 1159 0064 6366675F 		.ascii	"cfg_memset_list\000"
 1159      6D656D73 
 1159      65745F6C 
 1159      69737400 
 1160              	.LASF21:
 1161 0074 436C6F63 		.ascii	"ClockSetup\000"
 1161      6B536574 
ARM GAS  C:\Users\Tim\AppData\Local\Temp\ccNhzemc.s 			page 27


 1161      757000
 1162              	.LASF4:
 1163 007f 73686F72 		.ascii	"short unsigned int\000"
 1163      7420756E 
 1163      7369676E 
 1163      65642069 
 1163      6E7400
 1164              	.LASF15:
 1165 0092 666C6F61 		.ascii	"float\000"
 1165      7400
 1166              	.LASF23:
 1167 0098 73697A65 		.ascii	"size\000"
 1167      00
 1168              	.LASF17:
 1169 009d 72656738 		.ascii	"reg8\000"
 1169      00
 1170              	.LASF6:
 1171 00a2 6C6F6E67 		.ascii	"long unsigned int\000"
 1171      20756E73 
 1171      69676E65 
 1171      6420696E 
 1171      7400
 1172              	.LASF12:
 1173 00b4 75696E74 		.ascii	"uint8\000"
 1173      3800
 1174              	.LASF20:
 1175 00ba 43594D45 		.ascii	"CYMEMZERO\000"
 1175      4D5A4552 
 1175      4F00
 1176              	.LASF2:
 1177 00c4 756E7369 		.ascii	"unsigned char\000"
 1177      676E6564 
 1177      20636861 
 1177      7200
 1178              	.LASF26:
 1179 00d2 6D656D73 		.ascii	"memset\000"
 1179      657400
 1180              	.LASF16:
 1181 00d9 646F7562 		.ascii	"double\000"
 1181      6C6500
 1182              	.LASF34:
 1183 00e0 4379496E 		.ascii	"CyIntEnable\000"
 1183      74456E61 
 1183      626C6500 
 1184              	.LASF13:
 1185 00ec 75696E74 		.ascii	"uint16\000"
 1185      313600
 1186              	.LASF14:
 1187 00f3 75696E74 		.ascii	"uint32\000"
 1187      333200
 1188              	.LASF0:
 1189 00fa 756E7369 		.ascii	"unsigned int\000"
 1189      676E6564 
 1189      20696E74 
 1189      00
 1190              	.LASF32:
 1191 0107 63796669 		.ascii	"cyfitter_cfg\000"
ARM GAS  C:\Users\Tim\AppData\Local\Temp\ccNhzemc.s 			page 28


 1191      74746572 
 1191      5F636667 
 1191      00
 1192              	.LASF22:
 1193 0114 61646472 		.ascii	"address\000"
 1193      65737300 
 1194              	.LASF8:
 1195 011c 6C6F6E67 		.ascii	"long long unsigned int\000"
 1195      206C6F6E 
 1195      6720756E 
 1195      7369676E 
 1195      65642069 
 1196              	.LASF19:
 1197 0133 63796973 		.ascii	"cyisraddress\000"
 1197      72616464 
 1197      72657373 
 1197      00
 1198              	.LASF24:
 1199 0140 6366675F 		.ascii	"cfg_memset_t\000"
 1199      6D656D73 
 1199      65745F74 
 1199      00
 1200              	.LASF29:
 1201 014d 2E5C4765 		.ascii	".\\Generated_Source\\PSoC4\\cyfitter_cfg.c\000"
 1201      6E657261 
 1201      7465645F 
 1201      536F7572 
 1201      63655C50 
 1202              	.LASF9:
 1203 0175 73697A65 		.ascii	"sizetype\000"
 1203      74797065 
 1203      00
 1204              	.LASF7:
 1205 017e 6C6F6E67 		.ascii	"long long int\000"
 1205      206C6F6E 
 1205      6720696E 
 1205      7400
 1206              	.LASF10:
 1207 018c 63686172 		.ascii	"char\000"
 1207      00
 1208              	.LASF28:
 1209 0191 474E5520 		.ascii	"GNU C 4.9.3 20150303 (release) [ARM/embedded-4_9-br"
 1209      4320342E 
 1209      392E3320 
 1209      32303135 
 1209      30333033 
 1210 01c4 616E6368 		.ascii	"anch revision 221220] -mcpu=cortex-m0 -mthumb -g -O"
 1210      20726576 
 1210      6973696F 
 1210      6E203232 
 1210      31323230 
 1211 01f7 67202D66 		.ascii	"g -ffunction-sections -ffat-lto-objects\000"
 1211      66756E63 
 1211      74696F6E 
 1211      2D736563 
 1211      74696F6E 
 1212              	.LASF3:
ARM GAS  C:\Users\Tim\AppData\Local\Temp\ccNhzemc.s 			page 29


 1213 021f 73686F72 		.ascii	"short int\000"
 1213      7420696E 
 1213      7400
 1214              	.LASF27:
 1215 0229 43795379 		.ascii	"CySysClkWriteImoFreq\000"
 1215      73436C6B 
 1215      57726974 
 1215      65496D6F 
 1215      46726571 
 1216              	.LASF5:
 1217 023e 6C6F6E67 		.ascii	"long int\000"
 1217      20696E74 
 1217      00
 1218              	.LASF1:
 1219 0247 7369676E 		.ascii	"signed char\000"
 1219      65642063 
 1219      68617200 
 1220              		.ident	"GCC: (GNU Tools for ARM Embedded Processors) 4.9.3 20150303 (release) [ARM/embedded-4_9-br
