ARM GAS  C:\Users\Tim\AppData\Local\Temp\cc72Q6B7.s 			page 1


   1              		.cpu cortex-m0
   2              		.fpu softvfp
   3              		.eabi_attribute 20, 1
   4              		.eabi_attribute 21, 1
   5              		.eabi_attribute 23, 3
   6              		.eabi_attribute 24, 1
   7              		.eabi_attribute 25, 1
   8              		.eabi_attribute 26, 1
   9              		.eabi_attribute 30, 1
  10              		.eabi_attribute 34, 0
  11              		.eabi_attribute 18, 4
  12              		.code	16
  13              		.file	"boardmain.c"
  14              		.text
  15              	.Ltext0:
  16              		.cfi_sections	.debug_frame
  17              		.section	.text.main,"ax",%progbits
  18              		.align	2
  19              		.global	main
  20              		.code	16
  21              		.thumb_func
  22              		.type	main, %function
  23              	main:
  24              	.LFB34:
  25              		.file 1 "..\\source\\boardmain.c"
   1:..\source/boardmain.c **** /* ========================================
   2:..\source/boardmain.c ****  *
   3:..\source/boardmain.c ****  * Copyright YOUR COMPANY, THE YEAR
   4:..\source/boardmain.c ****  * All Rights Reserved
   5:..\source/boardmain.c ****  * UNPUBLISHED, LICENSED SOFTWARE.
   6:..\source/boardmain.c ****  *
   7:..\source/boardmain.c ****  * CONFIDENTIAL AND PROPRIETARY INFORMATION
   8:..\source/boardmain.c ****  * WHICH IS THE PROPERTY OF your company.
   9:..\source/boardmain.c ****  *
  10:..\source/boardmain.c ****  * ========================================
  11:..\source/boardmain.c **** */
  12:..\source/boardmain.c **** #include <stdio.h>
  13:..\source/boardmain.c **** #include <project.h>
  14:..\source/boardmain.c **** #include "control.h"
  15:..\source/boardmain.c **** #include "i2c.h"
  16:..\source/boardmain.c **** #include "pid.h"
  17:..\source/boardmain.c **** #include "encoder.h"
  18:..\source/boardmain.c **** #include "odom.h"
  19:..\source/boardmain.c **** #include "motor.h"
  20:..\source/boardmain.c **** #include "ultrasonic.h"
  21:..\source/boardmain.c **** #include "infrared.h"
  22:..\source/boardmain.c **** #include "time.h"
  23:..\source/boardmain.c **** #include "debug.h"
  24:..\source/boardmain.c **** 
  25:..\source/boardmain.c **** #define MAX_MILLIMETERS_PER_SECOND (1000)
  26:..\source/boardmain.c **** #define MIN_MILLIMETERS_PER_SECOND (-1000)
  27:..\source/boardmain.c **** 
  28:..\source/boardmain.c **** int main()
  29:..\source/boardmain.c **** {       
  26              		.loc 1 29 0
  27              		.cfi_startproc
  28 0000 08B5     		push	{r3, lr}
ARM GAS  C:\Users\Tim\AppData\Local\Temp\cc72Q6B7.s 			page 2


  29              		.cfi_def_cfa_offset 8
  30              		.cfi_offset 3, -8
  31              		.cfi_offset 14, -4
  30:..\source/boardmain.c ****     CyGlobalIntEnable;      /* Enable global interrupts */
  32              		.loc 1 30 0
  33              	@ 30 "..\source\boardmain.c" 1
  34 0002 62B6     		CPSIE   i
  35              	@ 0 "" 2
  31:..\source/boardmain.c ****     
  32:..\source/boardmain.c ****     /* Start this right away so that we debug as soon as possible */
  33:..\source/boardmain.c ****     Debug_Init();
  36              		.loc 1 33 0
  37              		.code	16
  38 0004 FFF7FEFF 		bl	Debug_Init
  39              	.LVL0:
  34:..\source/boardmain.c ****     Debug_Start();
  40              		.loc 1 34 0
  41 0008 FFF7FEFF 		bl	Debug_Start
  42              	.LVL1:
  35:..\source/boardmain.c ****         
  36:..\source/boardmain.c ****     Control_Init();
  43              		.loc 1 36 0
  44 000c FFF7FEFF 		bl	Control_Init
  45              	.LVL2:
  37:..\source/boardmain.c ****     Time_Init();
  46              		.loc 1 37 0
  47 0010 FFF7FEFF 		bl	Time_Init
  48              	.LVL3:
  38:..\source/boardmain.c ****     I2c_Init();
  49              		.loc 1 38 0
  50 0014 FFF7FEFF 		bl	I2c_Init
  51              	.LVL4:
  39:..\source/boardmain.c ****     Encoder_Init();
  52              		.loc 1 39 0
  53 0018 FFF7FEFF 		bl	Encoder_Init
  54              	.LVL5:
  40:..\source/boardmain.c ****     Odom_Init();
  55              		.loc 1 40 0
  56 001c FFF7FEFF 		bl	Odom_Init
  57              	.LVL6:
  41:..\source/boardmain.c ****     Motor_Init();
  58              		.loc 1 41 0
  59 0020 FFF7FEFF 		bl	Motor_Init
  60              	.LVL7:
  42:..\source/boardmain.c **** 
  43:..\source/boardmain.c ****     Time_Start();
  61              		.loc 1 43 0
  62 0024 FFF7FEFF 		bl	Time_Start
  63              	.LVL8:
  44:..\source/boardmain.c ****     I2c_Start();
  64              		.loc 1 44 0
  65 0028 FFF7FEFF 		bl	I2c_Start
  66              	.LVL9:
  45:..\source/boardmain.c ****     PID_Start();
  67              		.loc 1 45 0
  68 002c FFF7FEFF 		bl	PID_Start
  69              	.LVL10:
ARM GAS  C:\Users\Tim\AppData\Local\Temp\cc72Q6B7.s 			page 3


  46:..\source/boardmain.c ****     Encoder_Start();
  70              		.loc 1 46 0
  71 0030 FFF7FEFF 		bl	Encoder_Start
  72              	.LVL11:
  47:..\source/boardmain.c ****     Odom_Start();
  73              		.loc 1 47 0
  74 0034 FFF7FEFF 		bl	Odom_Start
  75              	.LVL12:
  48:..\source/boardmain.c ****     Motor_Start();
  76              		.loc 1 48 0
  77 0038 FFF7FEFF 		bl	Motor_Start
  78              	.LVL13:
  49:..\source/boardmain.c ****     
  50:..\source/boardmain.c ****     Control_Start();
  79              		.loc 1 50 0
  80 003c FFF7FEFF 		bl	Control_Start
  81              	.LVL14:
  82              	.L2:
  51:..\source/boardmain.c ****     
  52:..\source/boardmain.c ****     for(;;)
  53:..\source/boardmain.c ****     {
  54:..\source/boardmain.c ****         /* Update any control changes */
  55:..\source/boardmain.c ****         Control_Update();
  83              		.loc 1 55 0 discriminator 1
  84 0040 FFF7FEFF 		bl	Control_Update
  85              	.LVL15:
  56:..\source/boardmain.c ****         /* Apply the velocity command to PID */
  57:..\source/boardmain.c ****         PID_Update();
  86              		.loc 1 57 0 discriminator 1
  87 0044 FFF7FEFF 		bl	PID_Update
  88              	.LVL16:
  58:..\source/boardmain.c ****         /* Update the odometry calculation */
  59:..\source/boardmain.c ****         Odom_Update();
  89              		.loc 1 59 0 discriminator 1
  90 0048 FFF7FEFF 		bl	Odom_Update
  91              	.LVL17:
  60:..\source/boardmain.c ****         /* Read the infrared sensors */
  61:..\source/boardmain.c ****         Infrared_Measure();
  92              		.loc 1 61 0 discriminator 1
  93 004c FFF7FEFF 		bl	Infrared_Measure
  94              	.LVL18:
  62:..\source/boardmain.c ****         /* Read the ultrasonic sensors */
  63:..\source/boardmain.c ****         Ultrasonic_Measure();
  95              		.loc 1 63 0 discriminator 1
  96 0050 FFF7FEFF 		bl	Ultrasonic_Measure
  97              	.LVL19:
  64:..\source/boardmain.c ****     }
  98              		.loc 1 64 0 discriminator 1
  99 0054 F4E7     		b	.L2
 100              		.cfi_endproc
 101              	.LFE34:
 102              		.size	main, .-main
 103              		.comm	formatted_string,256,4
 104 0056 C046     		.text
 105              	.Letext0:
 106              		.file 2 "..\\source\\debug.h"
 107              		.file 3 "..\\source\\control.h"
ARM GAS  C:\Users\Tim\AppData\Local\Temp\cc72Q6B7.s 			page 4


 108              		.file 4 "..\\source\\time.h"
 109              		.file 5 "..\\source\\i2c.h"
 110              		.file 6 "..\\source\\encoder.h"
 111              		.file 7 "..\\source\\odom.h"
 112              		.file 8 "..\\source\\motor.h"
 113              		.file 9 "..\\source\\pid.h"
 114              		.file 10 "..\\source\\infrared.h"
 115              		.file 11 "..\\source\\ultrasonic.h"
 116              		.section	.debug_info,"",%progbits
 117              	.Ldebug_info0:
 118 0000 73020000 		.4byte	0x273
 119 0004 0400     		.2byte	0x4
 120 0006 00000000 		.4byte	.Ldebug_abbrev0
 121 000a 04       		.byte	0x4
 122 000b 01       		.uleb128 0x1
 123 000c 8A010000 		.4byte	.LASF32
 124 0010 01       		.byte	0x1
 125 0011 22010000 		.4byte	.LASF33
 126 0015 00000000 		.4byte	.LASF34
 127 0019 00000000 		.4byte	.Ldebug_ranges0+0
 128 001d 00000000 		.4byte	0
 129 0021 00000000 		.4byte	.Ldebug_line0
 130 0025 02       		.uleb128 0x2
 131 0026 01       		.byte	0x1
 132 0027 06       		.byte	0x6
 133 0028 6E020000 		.4byte	.LASF0
 134 002c 02       		.uleb128 0x2
 135 002d 01       		.byte	0x1
 136 002e 08       		.byte	0x8
 137 002f 7D000000 		.4byte	.LASF1
 138 0033 02       		.uleb128 0x2
 139 0034 02       		.byte	0x2
 140 0035 05       		.byte	0x5
 141 0036 4B000000 		.4byte	.LASF2
 142 003a 02       		.uleb128 0x2
 143 003b 02       		.byte	0x2
 144 003c 07       		.byte	0x7
 145 003d AC000000 		.4byte	.LASF3
 146 0041 02       		.uleb128 0x2
 147 0042 04       		.byte	0x4
 148 0043 05       		.byte	0x5
 149 0044 65020000 		.4byte	.LASF4
 150 0048 02       		.uleb128 0x2
 151 0049 04       		.byte	0x4
 152 004a 07       		.byte	0x7
 153 004b 9A000000 		.4byte	.LASF5
 154 004f 02       		.uleb128 0x2
 155 0050 08       		.byte	0x8
 156 0051 05       		.byte	0x5
 157 0052 18020000 		.4byte	.LASF6
 158 0056 02       		.uleb128 0x2
 159 0057 08       		.byte	0x8
 160 0058 07       		.byte	0x7
 161 0059 38010000 		.4byte	.LASF7
 162 005d 03       		.uleb128 0x3
 163 005e 04       		.byte	0x4
 164 005f 05       		.byte	0x5
ARM GAS  C:\Users\Tim\AppData\Local\Temp\cc72Q6B7.s 			page 5


 165 0060 696E7400 		.ascii	"int\000"
 166 0064 02       		.uleb128 0x2
 167 0065 04       		.byte	0x4
 168 0066 07       		.byte	0x7
 169 0067 15010000 		.4byte	.LASF8
 170 006b 02       		.uleb128 0x2
 171 006c 04       		.byte	0x4
 172 006d 07       		.byte	0x7
 173 006e 81010000 		.4byte	.LASF9
 174 0072 02       		.uleb128 0x2
 175 0073 01       		.byte	0x1
 176 0074 08       		.byte	0x8
 177 0075 26020000 		.4byte	.LASF10
 178 0079 02       		.uleb128 0x2
 179 007a 04       		.byte	0x4
 180 007b 04       		.byte	0x4
 181 007c 77000000 		.4byte	.LASF11
 182 0080 02       		.uleb128 0x2
 183 0081 08       		.byte	0x8
 184 0082 04       		.byte	0x4
 185 0083 E2000000 		.4byte	.LASF12
 186 0087 04       		.uleb128 0x4
 187 0088 FF000000 		.4byte	.LASF35
 188 008c 01       		.byte	0x1
 189 008d 1C       		.byte	0x1c
 190 008e 5D000000 		.4byte	0x5d
 191 0092 00000000 		.4byte	.LFB34
 192 0096 56000000 		.4byte	.LFE34-.LFB34
 193 009a 01       		.uleb128 0x1
 194 009b 9C       		.byte	0x9c
 195 009c 55010000 		.4byte	0x155
 196 00a0 05       		.uleb128 0x5
 197 00a1 08000000 		.4byte	.LVL0
 198 00a5 76010000 		.4byte	0x176
 199 00a9 05       		.uleb128 0x5
 200 00aa 0C000000 		.4byte	.LVL1
 201 00ae 83010000 		.4byte	0x183
 202 00b2 05       		.uleb128 0x5
 203 00b3 10000000 		.4byte	.LVL2
 204 00b7 90010000 		.4byte	0x190
 205 00bb 05       		.uleb128 0x5
 206 00bc 14000000 		.4byte	.LVL3
 207 00c0 9D010000 		.4byte	0x19d
 208 00c4 05       		.uleb128 0x5
 209 00c5 18000000 		.4byte	.LVL4
 210 00c9 AA010000 		.4byte	0x1aa
 211 00cd 05       		.uleb128 0x5
 212 00ce 1C000000 		.4byte	.LVL5
 213 00d2 B7010000 		.4byte	0x1b7
 214 00d6 05       		.uleb128 0x5
 215 00d7 20000000 		.4byte	.LVL6
 216 00db C4010000 		.4byte	0x1c4
 217 00df 05       		.uleb128 0x5
 218 00e0 24000000 		.4byte	.LVL7
 219 00e4 D1010000 		.4byte	0x1d1
 220 00e8 05       		.uleb128 0x5
 221 00e9 28000000 		.4byte	.LVL8
ARM GAS  C:\Users\Tim\AppData\Local\Temp\cc72Q6B7.s 			page 6


 222 00ed DE010000 		.4byte	0x1de
 223 00f1 05       		.uleb128 0x5
 224 00f2 2C000000 		.4byte	.LVL9
 225 00f6 EB010000 		.4byte	0x1eb
 226 00fa 05       		.uleb128 0x5
 227 00fb 30000000 		.4byte	.LVL10
 228 00ff F8010000 		.4byte	0x1f8
 229 0103 05       		.uleb128 0x5
 230 0104 34000000 		.4byte	.LVL11
 231 0108 05020000 		.4byte	0x205
 232 010c 05       		.uleb128 0x5
 233 010d 38000000 		.4byte	.LVL12
 234 0111 12020000 		.4byte	0x212
 235 0115 05       		.uleb128 0x5
 236 0116 3C000000 		.4byte	.LVL13
 237 011a 1F020000 		.4byte	0x21f
 238 011e 05       		.uleb128 0x5
 239 011f 40000000 		.4byte	.LVL14
 240 0123 2C020000 		.4byte	0x22c
 241 0127 05       		.uleb128 0x5
 242 0128 44000000 		.4byte	.LVL15
 243 012c 39020000 		.4byte	0x239
 244 0130 05       		.uleb128 0x5
 245 0131 48000000 		.4byte	.LVL16
 246 0135 46020000 		.4byte	0x246
 247 0139 05       		.uleb128 0x5
 248 013a 4C000000 		.4byte	.LVL17
 249 013e 53020000 		.4byte	0x253
 250 0142 05       		.uleb128 0x5
 251 0143 50000000 		.4byte	.LVL18
 252 0147 60020000 		.4byte	0x260
 253 014b 05       		.uleb128 0x5
 254 014c 54000000 		.4byte	.LVL19
 255 0150 6D020000 		.4byte	0x26d
 256 0154 00       		.byte	0
 257 0155 06       		.uleb128 0x6
 258 0156 72000000 		.4byte	0x72
 259 015a 65010000 		.4byte	0x165
 260 015e 07       		.uleb128 0x7
 261 015f 6B000000 		.4byte	0x6b
 262 0163 FF       		.byte	0xff
 263 0164 00       		.byte	0
 264 0165 08       		.uleb128 0x8
 265 0166 7A020000 		.4byte	.LASF36
 266 016a 02       		.byte	0x2
 267 016b 08       		.byte	0x8
 268 016c 55010000 		.4byte	0x155
 269 0170 05       		.uleb128 0x5
 270 0171 03       		.byte	0x3
 271 0172 00000000 		.4byte	formatted_string
 272 0176 09       		.uleb128 0x9
 273 0177 F4000000 		.4byte	.LASF13
 274 017b 02       		.byte	0x2
 275 017c 21       		.byte	0x21
 276 017d 83010000 		.4byte	0x183
 277 0181 0A       		.uleb128 0xa
 278 0182 00       		.byte	0
ARM GAS  C:\Users\Tim\AppData\Local\Temp\cc72Q6B7.s 			page 7


 279 0183 09       		.uleb128 0x9
 280 0184 36020000 		.4byte	.LASF14
 281 0188 02       		.byte	0x2
 282 0189 22       		.byte	0x22
 283 018a 90010000 		.4byte	0x190
 284 018e 0A       		.uleb128 0xa
 285 018f 00       		.byte	0
 286 0190 09       		.uleb128 0x9
 287 0191 4C020000 		.4byte	.LASF15
 288 0195 03       		.byte	0x3
 289 0196 12       		.byte	0x12
 290 0197 9D010000 		.4byte	0x19d
 291 019b 0A       		.uleb128 0xa
 292 019c 00       		.byte	0
 293 019d 09       		.uleb128 0x9
 294 019e 55000000 		.4byte	.LASF16
 295 01a2 04       		.byte	0x4
 296 01a3 14       		.byte	0x14
 297 01a4 AA010000 		.4byte	0x1aa
 298 01a8 0A       		.uleb128 0xa
 299 01a9 00       		.byte	0
 300 01aa 09       		.uleb128 0x9
 301 01ab 5B010000 		.4byte	.LASF17
 302 01af 05       		.byte	0x5
 303 01b0 14       		.byte	0x14
 304 01b1 B7010000 		.4byte	0x1b7
 305 01b5 0A       		.uleb128 0xa
 306 01b6 00       		.byte	0
 307 01b7 09       		.uleb128 0x9
 308 01b8 5F000000 		.4byte	.LASF18
 309 01bc 06       		.byte	0x6
 310 01bd 12       		.byte	0x12
 311 01be C4010000 		.4byte	0x1c4
 312 01c2 0A       		.uleb128 0xa
 313 01c3 00       		.byte	0
 314 01c4 09       		.uleb128 0x9
 315 01c5 42020000 		.4byte	.LASF19
 316 01c9 07       		.byte	0x7
 317 01ca 11       		.byte	0x11
 318 01cb D1010000 		.4byte	0x1d1
 319 01cf 0A       		.uleb128 0xa
 320 01d0 00       		.byte	0
 321 01d1 09       		.uleb128 0x9
 322 01d2 2B020000 		.4byte	.LASF20
 323 01d6 08       		.byte	0x8
 324 01d7 12       		.byte	0x12
 325 01d8 DE010000 		.4byte	0x1de
 326 01dc 0A       		.uleb128 0xa
 327 01dd 00       		.byte	0
 328 01de 09       		.uleb128 0x9
 329 01df BF000000 		.4byte	.LASF21
 330 01e3 04       		.byte	0x4
 331 01e4 15       		.byte	0x15
 332 01e5 EB010000 		.4byte	0x1eb
 333 01e9 0A       		.uleb128 0xa
 334 01ea 00       		.byte	0
 335 01eb 09       		.uleb128 0x9
ARM GAS  C:\Users\Tim\AppData\Local\Temp\cc72Q6B7.s 			page 8


 336 01ec D8000000 		.4byte	.LASF22
 337 01f0 05       		.byte	0x5
 338 01f1 15       		.byte	0x15
 339 01f2 F8010000 		.4byte	0x1f8
 340 01f6 0A       		.uleb128 0xa
 341 01f7 00       		.byte	0
 342 01f8 09       		.uleb128 0x9
 343 01f9 64010000 		.4byte	.LASF23
 344 01fd 09       		.byte	0x9
 345 01fe 21       		.byte	0x21
 346 01ff 05020000 		.4byte	0x205
 347 0203 0A       		.uleb128 0xa
 348 0204 00       		.byte	0
 349 0205 09       		.uleb128 0x9
 350 0206 3D000000 		.4byte	.LASF24
 351 020a 06       		.byte	0x6
 352 020b 13       		.byte	0x13
 353 020c 12020000 		.4byte	0x212
 354 0210 0A       		.uleb128 0xa
 355 0211 00       		.byte	0
 356 0212 09       		.uleb128 0x9
 357 0213 E9000000 		.4byte	.LASF25
 358 0217 07       		.byte	0x7
 359 0218 12       		.byte	0x12
 360 0219 1F020000 		.4byte	0x21f
 361 021d 0A       		.uleb128 0xa
 362 021e 00       		.byte	0
 363 021f 09       		.uleb128 0x9
 364 0220 4F010000 		.4byte	.LASF26
 365 0224 08       		.byte	0x8
 366 0225 13       		.byte	0x13
 367 0226 2C020000 		.4byte	0x22c
 368 022a 0A       		.uleb128 0xa
 369 022b 00       		.byte	0
 370 022c 09       		.uleb128 0x9
 371 022d CA000000 		.4byte	.LASF27
 372 0231 03       		.byte	0x3
 373 0232 13       		.byte	0x13
 374 0233 39020000 		.4byte	0x239
 375 0237 0A       		.uleb128 0xa
 376 0238 00       		.byte	0
 377 0239 09       		.uleb128 0x9
 378 023a 8B000000 		.4byte	.LASF28
 379 023e 03       		.byte	0x3
 380 023f 14       		.byte	0x14
 381 0240 46020000 		.4byte	0x246
 382 0244 0A       		.uleb128 0xa
 383 0245 00       		.byte	0
 384 0246 09       		.uleb128 0x9
 385 0247 6C000000 		.4byte	.LASF29
 386 024b 09       		.byte	0x9
 387 024c 28       		.byte	0x28
 388 024d 53020000 		.4byte	0x253
 389 0251 0A       		.uleb128 0xa
 390 0252 00       		.byte	0
 391 0253 09       		.uleb128 0x9
 392 0254 59020000 		.4byte	.LASF30
ARM GAS  C:\Users\Tim\AppData\Local\Temp\cc72Q6B7.s 			page 9


 393 0258 07       		.byte	0x7
 394 0259 13       		.byte	0x13
 395 025a 60020000 		.4byte	0x260
 396 025e 0A       		.uleb128 0xa
 397 025f 00       		.byte	0
 398 0260 09       		.uleb128 0x9
 399 0261 04010000 		.4byte	.LASF31
 400 0265 0A       		.byte	0xa
 401 0266 14       		.byte	0x14
 402 0267 6D020000 		.4byte	0x26d
 403 026b 0A       		.uleb128 0xa
 404 026c 00       		.byte	0
 405 026d 0B       		.uleb128 0xb
 406 026e 6E010000 		.4byte	.LASF37
 407 0272 0B       		.byte	0xb
 408 0273 14       		.byte	0x14
 409 0274 0A       		.uleb128 0xa
 410 0275 00       		.byte	0
 411 0276 00       		.byte	0
 412              		.section	.debug_abbrev,"",%progbits
 413              	.Ldebug_abbrev0:
 414 0000 01       		.uleb128 0x1
 415 0001 11       		.uleb128 0x11
 416 0002 01       		.byte	0x1
 417 0003 25       		.uleb128 0x25
 418 0004 0E       		.uleb128 0xe
 419 0005 13       		.uleb128 0x13
 420 0006 0B       		.uleb128 0xb
 421 0007 03       		.uleb128 0x3
 422 0008 0E       		.uleb128 0xe
 423 0009 1B       		.uleb128 0x1b
 424 000a 0E       		.uleb128 0xe
 425 000b 55       		.uleb128 0x55
 426 000c 17       		.uleb128 0x17
 427 000d 11       		.uleb128 0x11
 428 000e 01       		.uleb128 0x1
 429 000f 10       		.uleb128 0x10
 430 0010 17       		.uleb128 0x17
 431 0011 00       		.byte	0
 432 0012 00       		.byte	0
 433 0013 02       		.uleb128 0x2
 434 0014 24       		.uleb128 0x24
 435 0015 00       		.byte	0
 436 0016 0B       		.uleb128 0xb
 437 0017 0B       		.uleb128 0xb
 438 0018 3E       		.uleb128 0x3e
 439 0019 0B       		.uleb128 0xb
 440 001a 03       		.uleb128 0x3
 441 001b 0E       		.uleb128 0xe
 442 001c 00       		.byte	0
 443 001d 00       		.byte	0
 444 001e 03       		.uleb128 0x3
 445 001f 24       		.uleb128 0x24
 446 0020 00       		.byte	0
 447 0021 0B       		.uleb128 0xb
 448 0022 0B       		.uleb128 0xb
 449 0023 3E       		.uleb128 0x3e
ARM GAS  C:\Users\Tim\AppData\Local\Temp\cc72Q6B7.s 			page 10


 450 0024 0B       		.uleb128 0xb
 451 0025 03       		.uleb128 0x3
 452 0026 08       		.uleb128 0x8
 453 0027 00       		.byte	0
 454 0028 00       		.byte	0
 455 0029 04       		.uleb128 0x4
 456 002a 2E       		.uleb128 0x2e
 457 002b 01       		.byte	0x1
 458 002c 3F       		.uleb128 0x3f
 459 002d 19       		.uleb128 0x19
 460 002e 03       		.uleb128 0x3
 461 002f 0E       		.uleb128 0xe
 462 0030 3A       		.uleb128 0x3a
 463 0031 0B       		.uleb128 0xb
 464 0032 3B       		.uleb128 0x3b
 465 0033 0B       		.uleb128 0xb
 466 0034 49       		.uleb128 0x49
 467 0035 13       		.uleb128 0x13
 468 0036 11       		.uleb128 0x11
 469 0037 01       		.uleb128 0x1
 470 0038 12       		.uleb128 0x12
 471 0039 06       		.uleb128 0x6
 472 003a 40       		.uleb128 0x40
 473 003b 18       		.uleb128 0x18
 474 003c 9742     		.uleb128 0x2117
 475 003e 19       		.uleb128 0x19
 476 003f 01       		.uleb128 0x1
 477 0040 13       		.uleb128 0x13
 478 0041 00       		.byte	0
 479 0042 00       		.byte	0
 480 0043 05       		.uleb128 0x5
 481 0044 898201   		.uleb128 0x4109
 482 0047 00       		.byte	0
 483 0048 11       		.uleb128 0x11
 484 0049 01       		.uleb128 0x1
 485 004a 31       		.uleb128 0x31
 486 004b 13       		.uleb128 0x13
 487 004c 00       		.byte	0
 488 004d 00       		.byte	0
 489 004e 06       		.uleb128 0x6
 490 004f 01       		.uleb128 0x1
 491 0050 01       		.byte	0x1
 492 0051 49       		.uleb128 0x49
 493 0052 13       		.uleb128 0x13
 494 0053 01       		.uleb128 0x1
 495 0054 13       		.uleb128 0x13
 496 0055 00       		.byte	0
 497 0056 00       		.byte	0
 498 0057 07       		.uleb128 0x7
 499 0058 21       		.uleb128 0x21
 500 0059 00       		.byte	0
 501 005a 49       		.uleb128 0x49
 502 005b 13       		.uleb128 0x13
 503 005c 2F       		.uleb128 0x2f
 504 005d 0B       		.uleb128 0xb
 505 005e 00       		.byte	0
 506 005f 00       		.byte	0
ARM GAS  C:\Users\Tim\AppData\Local\Temp\cc72Q6B7.s 			page 11


 507 0060 08       		.uleb128 0x8
 508 0061 34       		.uleb128 0x34
 509 0062 00       		.byte	0
 510 0063 03       		.uleb128 0x3
 511 0064 0E       		.uleb128 0xe
 512 0065 3A       		.uleb128 0x3a
 513 0066 0B       		.uleb128 0xb
 514 0067 3B       		.uleb128 0x3b
 515 0068 0B       		.uleb128 0xb
 516 0069 49       		.uleb128 0x49
 517 006a 13       		.uleb128 0x13
 518 006b 3F       		.uleb128 0x3f
 519 006c 19       		.uleb128 0x19
 520 006d 02       		.uleb128 0x2
 521 006e 18       		.uleb128 0x18
 522 006f 00       		.byte	0
 523 0070 00       		.byte	0
 524 0071 09       		.uleb128 0x9
 525 0072 2E       		.uleb128 0x2e
 526 0073 01       		.byte	0x1
 527 0074 3F       		.uleb128 0x3f
 528 0075 19       		.uleb128 0x19
 529 0076 03       		.uleb128 0x3
 530 0077 0E       		.uleb128 0xe
 531 0078 3A       		.uleb128 0x3a
 532 0079 0B       		.uleb128 0xb
 533 007a 3B       		.uleb128 0x3b
 534 007b 0B       		.uleb128 0xb
 535 007c 3C       		.uleb128 0x3c
 536 007d 19       		.uleb128 0x19
 537 007e 01       		.uleb128 0x1
 538 007f 13       		.uleb128 0x13
 539 0080 00       		.byte	0
 540 0081 00       		.byte	0
 541 0082 0A       		.uleb128 0xa
 542 0083 18       		.uleb128 0x18
 543 0084 00       		.byte	0
 544 0085 00       		.byte	0
 545 0086 00       		.byte	0
 546 0087 0B       		.uleb128 0xb
 547 0088 2E       		.uleb128 0x2e
 548 0089 01       		.byte	0x1
 549 008a 3F       		.uleb128 0x3f
 550 008b 19       		.uleb128 0x19
 551 008c 03       		.uleb128 0x3
 552 008d 0E       		.uleb128 0xe
 553 008e 3A       		.uleb128 0x3a
 554 008f 0B       		.uleb128 0xb
 555 0090 3B       		.uleb128 0x3b
 556 0091 0B       		.uleb128 0xb
 557 0092 3C       		.uleb128 0x3c
 558 0093 19       		.uleb128 0x19
 559 0094 00       		.byte	0
 560 0095 00       		.byte	0
 561 0096 00       		.byte	0
 562              		.section	.debug_aranges,"",%progbits
 563 0000 1C000000 		.4byte	0x1c
ARM GAS  C:\Users\Tim\AppData\Local\Temp\cc72Q6B7.s 			page 12


 564 0004 0200     		.2byte	0x2
 565 0006 00000000 		.4byte	.Ldebug_info0
 566 000a 04       		.byte	0x4
 567 000b 00       		.byte	0
 568 000c 0000     		.2byte	0
 569 000e 0000     		.2byte	0
 570 0010 00000000 		.4byte	.LFB34
 571 0014 56000000 		.4byte	.LFE34-.LFB34
 572 0018 00000000 		.4byte	0
 573 001c 00000000 		.4byte	0
 574              		.section	.debug_ranges,"",%progbits
 575              	.Ldebug_ranges0:
 576 0000 00000000 		.4byte	.LFB34
 577 0004 56000000 		.4byte	.LFE34
 578 0008 00000000 		.4byte	0
 579 000c 00000000 		.4byte	0
 580              		.section	.debug_line,"",%progbits
 581              	.Ldebug_line0:
 582 0000 E3000000 		.section	.debug_str,"MS",%progbits,1
 582      0200A000 
 582      00000201 
 582      FB0E0D00 
 582      01010101 
 583              	.LASF34:
 584 0000 443A5C70 		.ascii	"D:\\projects\\ArloBot\\ArlobotHw\\DualBoard-043\\Bo"
 584      726F6A65 
 584      6374735C 
 584      41726C6F 
 584      426F745C 
 585 002e 61726431 		.ascii	"ard1-RPi.cydsn\000"
 585      2D525069 
 585      2E637964 
 585      736E00
 586              	.LASF24:
 587 003d 456E636F 		.ascii	"Encoder_Start\000"
 587      6465725F 
 587      53746172 
 587      7400
 588              	.LASF2:
 589 004b 73686F72 		.ascii	"short int\000"
 589      7420696E 
 589      7400
 590              	.LASF16:
 591 0055 54696D65 		.ascii	"Time_Init\000"
 591      5F496E69 
 591      7400
 592              	.LASF18:
 593 005f 456E636F 		.ascii	"Encoder_Init\000"
 593      6465725F 
 593      496E6974 
 593      00
 594              	.LASF29:
 595 006c 5049445F 		.ascii	"PID_Update\000"
 595      55706461 
 595      746500
 596              	.LASF11:
 597 0077 666C6F61 		.ascii	"float\000"
ARM GAS  C:\Users\Tim\AppData\Local\Temp\cc72Q6B7.s 			page 13


 597      7400
 598              	.LASF1:
 599 007d 756E7369 		.ascii	"unsigned char\000"
 599      676E6564 
 599      20636861 
 599      7200
 600              	.LASF28:
 601 008b 436F6E74 		.ascii	"Control_Update\000"
 601      726F6C5F 
 601      55706461 
 601      746500
 602              	.LASF5:
 603 009a 6C6F6E67 		.ascii	"long unsigned int\000"
 603      20756E73 
 603      69676E65 
 603      6420696E 
 603      7400
 604              	.LASF3:
 605 00ac 73686F72 		.ascii	"short unsigned int\000"
 605      7420756E 
 605      7369676E 
 605      65642069 
 605      6E7400
 606              	.LASF21:
 607 00bf 54696D65 		.ascii	"Time_Start\000"
 607      5F537461 
 607      727400
 608              	.LASF27:
 609 00ca 436F6E74 		.ascii	"Control_Start\000"
 609      726F6C5F 
 609      53746172 
 609      7400
 610              	.LASF22:
 611 00d8 4932635F 		.ascii	"I2c_Start\000"
 611      53746172 
 611      7400
 612              	.LASF12:
 613 00e2 646F7562 		.ascii	"double\000"
 613      6C6500
 614              	.LASF25:
 615 00e9 4F646F6D 		.ascii	"Odom_Start\000"
 615      5F537461 
 615      727400
 616              	.LASF13:
 617 00f4 44656275 		.ascii	"Debug_Init\000"
 617      675F496E 
 617      697400
 618              	.LASF35:
 619 00ff 6D61696E 		.ascii	"main\000"
 619      00
 620              	.LASF31:
 621 0104 496E6672 		.ascii	"Infrared_Measure\000"
 621      61726564 
 621      5F4D6561 
 621      73757265 
 621      00
 622              	.LASF8:
ARM GAS  C:\Users\Tim\AppData\Local\Temp\cc72Q6B7.s 			page 14


 623 0115 756E7369 		.ascii	"unsigned int\000"
 623      676E6564 
 623      20696E74 
 623      00
 624              	.LASF33:
 625 0122 2E2E5C73 		.ascii	"..\\source\\boardmain.c\000"
 625      6F757263 
 625      655C626F 
 625      6172646D 
 625      61696E2E 
 626              	.LASF7:
 627 0138 6C6F6E67 		.ascii	"long long unsigned int\000"
 627      206C6F6E 
 627      6720756E 
 627      7369676E 
 627      65642069 
 628              	.LASF26:
 629 014f 4D6F746F 		.ascii	"Motor_Start\000"
 629      725F5374 
 629      61727400 
 630              	.LASF17:
 631 015b 4932635F 		.ascii	"I2c_Init\000"
 631      496E6974 
 631      00
 632              	.LASF23:
 633 0164 5049445F 		.ascii	"PID_Start\000"
 633      53746172 
 633      7400
 634              	.LASF37:
 635 016e 556C7472 		.ascii	"Ultrasonic_Measure\000"
 635      61736F6E 
 635      69635F4D 
 635      65617375 
 635      726500
 636              	.LASF9:
 637 0181 73697A65 		.ascii	"sizetype\000"
 637      74797065 
 637      00
 638              	.LASF32:
 639 018a 474E5520 		.ascii	"GNU C 4.9.3 20150303 (release) [ARM/embedded-4_9-br"
 639      4320342E 
 639      392E3320 
 639      32303135 
 639      30333033 
 640 01bd 616E6368 		.ascii	"anch revision 221220] -mcpu=cortex-m0 -mthumb -g -O"
 640      20726576 
 640      6973696F 
 640      6E203232 
 640      31323230 
 641 01f0 67202D66 		.ascii	"g -ffunction-sections -ffat-lto-objects\000"
 641      66756E63 
 641      74696F6E 
 641      2D736563 
 641      74696F6E 
 642              	.LASF6:
 643 0218 6C6F6E67 		.ascii	"long long int\000"
 643      206C6F6E 
ARM GAS  C:\Users\Tim\AppData\Local\Temp\cc72Q6B7.s 			page 15


 643      6720696E 
 643      7400
 644              	.LASF10:
 645 0226 63686172 		.ascii	"char\000"
 645      00
 646              	.LASF20:
 647 022b 4D6F746F 		.ascii	"Motor_Init\000"
 647      725F496E 
 647      697400
 648              	.LASF14:
 649 0236 44656275 		.ascii	"Debug_Start\000"
 649      675F5374 
 649      61727400 
 650              	.LASF19:
 651 0242 4F646F6D 		.ascii	"Odom_Init\000"
 651      5F496E69 
 651      7400
 652              	.LASF15:
 653 024c 436F6E74 		.ascii	"Control_Init\000"
 653      726F6C5F 
 653      496E6974 
 653      00
 654              	.LASF30:
 655 0259 4F646F6D 		.ascii	"Odom_Update\000"
 655      5F557064 
 655      61746500 
 656              	.LASF4:
 657 0265 6C6F6E67 		.ascii	"long int\000"
 657      20696E74 
 657      00
 658              	.LASF0:
 659 026e 7369676E 		.ascii	"signed char\000"
 659      65642063 
 659      68617200 
 660              	.LASF36:
 661 027a 666F726D 		.ascii	"formatted_string\000"
 661      61747465 
 661      645F7374 
 661      72696E67 
 661      00
 662              		.ident	"GCC: (GNU Tools for ARM Embedded Processors) 4.9.3 20150303 (release) [ARM/embedded-4_9-br
