ARM GAS  C:\Users\Tim\AppData\Local\Temp\cc7WXtoq.s 			page 1


   1              		.cpu cortex-m0
   2              		.fpu softvfp
   3              		.eabi_attribute 20, 1
   4              		.eabi_attribute 21, 1
   5              		.eabi_attribute 23, 3
   6              		.eabi_attribute 24, 1
   7              		.eabi_attribute 25, 1
   8              		.eabi_attribute 26, 1
   9              		.eabi_attribute 30, 1
  10              		.eabi_attribute 34, 0
  11              		.eabi_attribute 18, 4
  12              		.code	16
  13              		.file	"control.c"
  14              		.text
  15              	.Ltext0:
  16              		.cfi_sections	.debug_frame
  17              		.section	.text.Control_Init,"ax",%progbits
  18              		.align	2
  19              		.global	Control_Init
  20              		.code	16
  21              		.thumb_func
  22              		.type	Control_Init, %function
  23              	Control_Init:
  24              	.LFB36:
  25              		.file 1 "..\\source\\control.c"
   1:..\source/control.c **** /* ========================================
   2:..\source/control.c ****  *
   3:..\source/control.c ****  * Copyright YOUR COMPANY, THE YEAR
   4:..\source/control.c ****  * All Rights Reserved
   5:..\source/control.c ****  * UNPUBLISHED, LICENSED SOFTWARE.
   6:..\source/control.c ****  *
   7:..\source/control.c ****  * CONFIDENTIAL AND PROPRIETARY INFORMATION
   8:..\source/control.c ****  * WHICH IS THE PROPERTY OF your company.
   9:..\source/control.c ****  *
  10:..\source/control.c ****  * ========================================
  11:..\source/control.c **** */
  12:..\source/control.c **** 
  13:..\source/control.c **** #include "control.h"
  14:..\source/control.c **** #include "i2c.h"
  15:..\source/control.c **** #include "encoder.h"
  16:..\source/control.c **** #include "motor.h"
  17:..\source/control.c **** #include "cal.h"
  18:..\source/control.c **** 
  19:..\source/control.c **** /* The purpose of this module is to handle control changes to the system.
  20:..\source/control.c ****  */
  21:..\source/control.c **** 
  22:..\source/control.c **** void Control_Init()
  23:..\source/control.c **** {
  26              		.loc 1 23 0
  27              		.cfi_startproc
  24:..\source/control.c **** }
  28              		.loc 1 24 0
  29              		@ sp needed
  30 0000 7047     		bx	lr
  31              		.cfi_endproc
  32              	.LFE36:
  33              		.size	Control_Init, .-Control_Init
ARM GAS  C:\Users\Tim\AppData\Local\Temp\cc7WXtoq.s 			page 2


  34 0002 C046     		.section	.text.Control_Start,"ax",%progbits
  35              		.align	2
  36              		.global	Control_Start
  37              		.code	16
  38              		.thumb_func
  39              		.type	Control_Start, %function
  40              	Control_Start:
  41              	.LFB37:
  25:..\source/control.c **** 
  26:..\source/control.c **** void Control_Start()
  27:..\source/control.c **** {    
  42              		.loc 1 27 0
  43              		.cfi_startproc
  28:..\source/control.c **** }
  44              		.loc 1 28 0
  45              		@ sp needed
  46 0000 7047     		bx	lr
  47              		.cfi_endproc
  48              	.LFE37:
  49              		.size	Control_Start, .-Control_Start
  50 0002 C046     		.section	.text.Control_Update,"ax",%progbits
  51              		.align	2
  52              		.global	Control_Update
  53              		.code	16
  54              		.thumb_func
  55              		.type	Control_Update, %function
  56              	Control_Update:
  57              	.LFB38:
  29:..\source/control.c **** 
  30:..\source/control.c **** void Control_Update()
  31:..\source/control.c **** {
  58              		.loc 1 31 0
  59              		.cfi_startproc
  60 0000 10B5     		push	{r4, lr}
  61              		.cfi_def_cfa_offset 8
  62              		.cfi_offset 4, -8
  63              		.cfi_offset 14, -4
  32:..\source/control.c ****     uint16 control;
  33:..\source/control.c ****     
  34:..\source/control.c ****     /* Clear Encoder Counts */
  35:..\source/control.c ****     control = I2c_ReadControl();    
  64              		.loc 1 35 0
  65 0002 FFF7FEFF 		bl	I2c_ReadControl
  66              	.LVL0:
  67 0006 041C     		mov	r4, r0
  68              	.LVL1:
  36:..\source/control.c ****     if (control & CONTROL_CLEAR_ENCODER_COUNT_BIT)
  69              		.loc 1 36 0
  70 0008 8307     		lsl	r3, r0, #30
  71 000a 01D5     		bpl	.L4
  37:..\source/control.c ****     {
  38:..\source/control.c ****         Encoder_Reset();
  72              		.loc 1 38 0
  73 000c FFF7FEFF 		bl	Encoder_Reset
  74              	.LVL2:
  75              	.L4:
  39:..\source/control.c ****     }    
ARM GAS  C:\Users\Tim\AppData\Local\Temp\cc7WXtoq.s 			page 3


  40:..\source/control.c **** 
  41:..\source/control.c ****     /* Perform calibration */
  42:..\source/control.c ****     if (control & CONTROL_ENABLE_CALIBRATION_BIT)
  76              		.loc 1 42 0
  77 0010 6307     		lsl	r3, r4, #29
  78 0012 01D5     		bpl	.L5
  43:..\source/control.c ****     {
  44:..\source/control.c ****         Cal_Update();
  79              		.loc 1 44 0
  80 0014 FFF7FEFF 		bl	Cal_Update
  81              	.LVL3:
  82              	.L5:
  45:..\source/control.c ****     }
  46:..\source/control.c ****     
  47:..\source/control.c ****     /* Upload calibration values */
  48:..\source/control.c ****     if (control & CONTROL_UPLOAD_CALIBRATION_BIT)
  83              		.loc 1 48 0
  84 0018 2307     		lsl	r3, r4, #28
  85 001a 01D5     		bpl	.L3
  49:..\source/control.c ****     {
  50:..\source/control.c ****         Cal_Upload();
  86              		.loc 1 50 0
  87 001c FFF7FEFF 		bl	Cal_Upload
  88              	.LVL4:
  89              	.L3:
  51:..\source/control.c ****     }
  52:..\source/control.c **** }
  90              		.loc 1 52 0
  91              		@ sp needed
  92 0020 10BD     		pop	{r4, pc}
  93              		.cfi_endproc
  94              	.LFE38:
  95              		.size	Control_Update, .-Control_Update
  96 0022 C046     		.text
  97              	.Letext0:
  98              		.file 2 "..\\source\\encoder.h"
  99              		.file 3 "..\\source\\cal.h"
 100              		.file 4 "Generated_Source\\PSoC4/cytypes.h"
 101              		.file 5 "..\\source\\i2c.h"
 102              		.section	.debug_info,"",%progbits
 103              	.Ldebug_info0:
 104 0000 2F010000 		.4byte	0x12f
 105 0004 0400     		.2byte	0x4
 106 0006 00000000 		.4byte	.Ldebug_abbrev0
 107 000a 04       		.byte	0x4
 108 000b 01       		.uleb128 0x1
 109 000c 2D010000 		.4byte	.LASF17
 110 0010 01       		.byte	0x1
 111 0011 19010000 		.4byte	.LASF18
 112 0015 AE000000 		.4byte	.LASF19
 113 0019 00000000 		.4byte	.Ldebug_ranges0+0
 114 001d 00000000 		.4byte	0
 115 0021 00000000 		.4byte	.Ldebug_line0
 116 0025 02       		.uleb128 0x2
 117 0026 01       		.byte	0x1
 118 0027 06       		.byte	0x6
 119 0028 0D010000 		.4byte	.LASF0
ARM GAS  C:\Users\Tim\AppData\Local\Temp\cc7WXtoq.s 			page 4


 120 002c 02       		.uleb128 0x2
 121 002d 01       		.byte	0x1
 122 002e 08       		.byte	0x8
 123 002f 66000000 		.4byte	.LASF1
 124 0033 02       		.uleb128 0x2
 125 0034 02       		.byte	0x2
 126 0035 05       		.byte	0x5
 127 0036 8B000000 		.4byte	.LASF2
 128 003a 02       		.uleb128 0x2
 129 003b 02       		.byte	0x2
 130 003c 07       		.byte	0x7
 131 003d FA000000 		.4byte	.LASF3
 132 0041 02       		.uleb128 0x2
 133 0042 04       		.byte	0x4
 134 0043 05       		.byte	0x5
 135 0044 82000000 		.4byte	.LASF4
 136 0048 02       		.uleb128 0x2
 137 0049 04       		.byte	0x4
 138 004a 07       		.byte	0x7
 139 004b 95000000 		.4byte	.LASF5
 140 004f 02       		.uleb128 0x2
 141 0050 08       		.byte	0x8
 142 0051 05       		.byte	0x5
 143 0052 00000000 		.4byte	.LASF6
 144 0056 02       		.uleb128 0x2
 145 0057 08       		.byte	0x8
 146 0058 07       		.byte	0x7
 147 0059 44000000 		.4byte	.LASF7
 148 005d 03       		.uleb128 0x3
 149 005e 04       		.byte	0x4
 150 005f 05       		.byte	0x5
 151 0060 696E7400 		.ascii	"int\000"
 152 0064 02       		.uleb128 0x2
 153 0065 04       		.byte	0x4
 154 0066 07       		.byte	0x7
 155 0067 0E000000 		.4byte	.LASF8
 156 006b 04       		.uleb128 0x4
 157 006c C8010000 		.4byte	.LASF20
 158 0070 04       		.byte	0x4
 159 0071 3901     		.2byte	0x139
 160 0073 3A000000 		.4byte	0x3a
 161 0077 02       		.uleb128 0x2
 162 0078 04       		.byte	0x4
 163 0079 04       		.byte	0x4
 164 007a 5B000000 		.4byte	.LASF9
 165 007e 02       		.uleb128 0x2
 166 007f 08       		.byte	0x8
 167 0080 04       		.byte	0x4
 168 0081 A7000000 		.4byte	.LASF10
 169 0085 02       		.uleb128 0x2
 170 0086 01       		.byte	0x1
 171 0087 08       		.byte	0x8
 172 0088 61000000 		.4byte	.LASF11
 173 008c 02       		.uleb128 0x2
 174 008d 04       		.byte	0x4
 175 008e 07       		.byte	0x7
 176 008f D7010000 		.4byte	.LASF12
ARM GAS  C:\Users\Tim\AppData\Local\Temp\cc7WXtoq.s 			page 5


 177 0093 05       		.uleb128 0x5
 178 0094 BB010000 		.4byte	.LASF13
 179 0098 01       		.byte	0x1
 180 0099 16       		.byte	0x16
 181 009a 00000000 		.4byte	.LFB36
 182 009e 02000000 		.4byte	.LFE36-.LFB36
 183 00a2 01       		.uleb128 0x1
 184 00a3 9C       		.byte	0x9c
 185 00a4 05       		.uleb128 0x5
 186 00a5 74000000 		.4byte	.LASF14
 187 00a9 01       		.byte	0x1
 188 00aa 1A       		.byte	0x1a
 189 00ab 00000000 		.4byte	.LFB37
 190 00af 02000000 		.4byte	.LFE37-.LFB37
 191 00b3 01       		.uleb128 0x1
 192 00b4 9C       		.byte	0x9c
 193 00b5 06       		.uleb128 0x6
 194 00b6 EB000000 		.4byte	.LASF21
 195 00ba 01       		.byte	0x1
 196 00bb 1E       		.byte	0x1e
 197 00bc 00000000 		.4byte	.LFB38
 198 00c0 22000000 		.4byte	.LFE38-.LFB38
 199 00c4 01       		.uleb128 0x1
 200 00c5 9C       		.byte	0x9c
 201 00c6 FE000000 		.4byte	0xfe
 202 00ca 07       		.uleb128 0x7
 203 00cb CF010000 		.4byte	.LASF22
 204 00cf 01       		.byte	0x1
 205 00d0 20       		.byte	0x20
 206 00d1 6B000000 		.4byte	0x6b
 207 00d5 00000000 		.4byte	.LLST0
 208 00d9 08       		.uleb128 0x8
 209 00da 06000000 		.4byte	.LVL0
 210 00de FE000000 		.4byte	0xfe
 211 00e2 08       		.uleb128 0x8
 212 00e3 10000000 		.4byte	.LVL2
 213 00e7 0F010000 		.4byte	0x10f
 214 00eb 08       		.uleb128 0x8
 215 00ec 18000000 		.4byte	.LVL3
 216 00f0 1C010000 		.4byte	0x11c
 217 00f4 08       		.uleb128 0x8
 218 00f5 20000000 		.4byte	.LVL4
 219 00f9 29010000 		.4byte	0x129
 220 00fd 00       		.byte	0
 221 00fe 09       		.uleb128 0x9
 222 00ff 34000000 		.4byte	.LASF23
 223 0103 05       		.byte	0x5
 224 0104 23       		.byte	0x23
 225 0105 6B000000 		.4byte	0x6b
 226 0109 0F010000 		.4byte	0x10f
 227 010d 0A       		.uleb128 0xa
 228 010e 00       		.byte	0
 229 010f 0B       		.uleb128 0xb
 230 0110 26000000 		.4byte	.LASF15
 231 0114 02       		.byte	0x2
 232 0115 15       		.byte	0x15
 233 0116 1C010000 		.4byte	0x11c
ARM GAS  C:\Users\Tim\AppData\Local\Temp\cc7WXtoq.s 			page 6


 234 011a 0A       		.uleb128 0xa
 235 011b 00       		.byte	0
 236 011c 0B       		.uleb128 0xb
 237 011d E0010000 		.4byte	.LASF16
 238 0121 03       		.byte	0x3
 239 0122 14       		.byte	0x14
 240 0123 29010000 		.4byte	0x129
 241 0127 0A       		.uleb128 0xa
 242 0128 00       		.byte	0
 243 0129 0C       		.uleb128 0xc
 244 012a 1B000000 		.4byte	.LASF24
 245 012e 03       		.byte	0x3
 246 012f 15       		.byte	0x15
 247 0130 0A       		.uleb128 0xa
 248 0131 00       		.byte	0
 249 0132 00       		.byte	0
 250              		.section	.debug_abbrev,"",%progbits
 251              	.Ldebug_abbrev0:
 252 0000 01       		.uleb128 0x1
 253 0001 11       		.uleb128 0x11
 254 0002 01       		.byte	0x1
 255 0003 25       		.uleb128 0x25
 256 0004 0E       		.uleb128 0xe
 257 0005 13       		.uleb128 0x13
 258 0006 0B       		.uleb128 0xb
 259 0007 03       		.uleb128 0x3
 260 0008 0E       		.uleb128 0xe
 261 0009 1B       		.uleb128 0x1b
 262 000a 0E       		.uleb128 0xe
 263 000b 55       		.uleb128 0x55
 264 000c 17       		.uleb128 0x17
 265 000d 11       		.uleb128 0x11
 266 000e 01       		.uleb128 0x1
 267 000f 10       		.uleb128 0x10
 268 0010 17       		.uleb128 0x17
 269 0011 00       		.byte	0
 270 0012 00       		.byte	0
 271 0013 02       		.uleb128 0x2
 272 0014 24       		.uleb128 0x24
 273 0015 00       		.byte	0
 274 0016 0B       		.uleb128 0xb
 275 0017 0B       		.uleb128 0xb
 276 0018 3E       		.uleb128 0x3e
 277 0019 0B       		.uleb128 0xb
 278 001a 03       		.uleb128 0x3
 279 001b 0E       		.uleb128 0xe
 280 001c 00       		.byte	0
 281 001d 00       		.byte	0
 282 001e 03       		.uleb128 0x3
 283 001f 24       		.uleb128 0x24
 284 0020 00       		.byte	0
 285 0021 0B       		.uleb128 0xb
 286 0022 0B       		.uleb128 0xb
 287 0023 3E       		.uleb128 0x3e
 288 0024 0B       		.uleb128 0xb
 289 0025 03       		.uleb128 0x3
 290 0026 08       		.uleb128 0x8
ARM GAS  C:\Users\Tim\AppData\Local\Temp\cc7WXtoq.s 			page 7


 291 0027 00       		.byte	0
 292 0028 00       		.byte	0
 293 0029 04       		.uleb128 0x4
 294 002a 16       		.uleb128 0x16
 295 002b 00       		.byte	0
 296 002c 03       		.uleb128 0x3
 297 002d 0E       		.uleb128 0xe
 298 002e 3A       		.uleb128 0x3a
 299 002f 0B       		.uleb128 0xb
 300 0030 3B       		.uleb128 0x3b
 301 0031 05       		.uleb128 0x5
 302 0032 49       		.uleb128 0x49
 303 0033 13       		.uleb128 0x13
 304 0034 00       		.byte	0
 305 0035 00       		.byte	0
 306 0036 05       		.uleb128 0x5
 307 0037 2E       		.uleb128 0x2e
 308 0038 00       		.byte	0
 309 0039 3F       		.uleb128 0x3f
 310 003a 19       		.uleb128 0x19
 311 003b 03       		.uleb128 0x3
 312 003c 0E       		.uleb128 0xe
 313 003d 3A       		.uleb128 0x3a
 314 003e 0B       		.uleb128 0xb
 315 003f 3B       		.uleb128 0x3b
 316 0040 0B       		.uleb128 0xb
 317 0041 11       		.uleb128 0x11
 318 0042 01       		.uleb128 0x1
 319 0043 12       		.uleb128 0x12
 320 0044 06       		.uleb128 0x6
 321 0045 40       		.uleb128 0x40
 322 0046 18       		.uleb128 0x18
 323 0047 9742     		.uleb128 0x2117
 324 0049 19       		.uleb128 0x19
 325 004a 00       		.byte	0
 326 004b 00       		.byte	0
 327 004c 06       		.uleb128 0x6
 328 004d 2E       		.uleb128 0x2e
 329 004e 01       		.byte	0x1
 330 004f 3F       		.uleb128 0x3f
 331 0050 19       		.uleb128 0x19
 332 0051 03       		.uleb128 0x3
 333 0052 0E       		.uleb128 0xe
 334 0053 3A       		.uleb128 0x3a
 335 0054 0B       		.uleb128 0xb
 336 0055 3B       		.uleb128 0x3b
 337 0056 0B       		.uleb128 0xb
 338 0057 11       		.uleb128 0x11
 339 0058 01       		.uleb128 0x1
 340 0059 12       		.uleb128 0x12
 341 005a 06       		.uleb128 0x6
 342 005b 40       		.uleb128 0x40
 343 005c 18       		.uleb128 0x18
 344 005d 9742     		.uleb128 0x2117
 345 005f 19       		.uleb128 0x19
 346 0060 01       		.uleb128 0x1
 347 0061 13       		.uleb128 0x13
ARM GAS  C:\Users\Tim\AppData\Local\Temp\cc7WXtoq.s 			page 8


 348 0062 00       		.byte	0
 349 0063 00       		.byte	0
 350 0064 07       		.uleb128 0x7
 351 0065 34       		.uleb128 0x34
 352 0066 00       		.byte	0
 353 0067 03       		.uleb128 0x3
 354 0068 0E       		.uleb128 0xe
 355 0069 3A       		.uleb128 0x3a
 356 006a 0B       		.uleb128 0xb
 357 006b 3B       		.uleb128 0x3b
 358 006c 0B       		.uleb128 0xb
 359 006d 49       		.uleb128 0x49
 360 006e 13       		.uleb128 0x13
 361 006f 02       		.uleb128 0x2
 362 0070 17       		.uleb128 0x17
 363 0071 00       		.byte	0
 364 0072 00       		.byte	0
 365 0073 08       		.uleb128 0x8
 366 0074 898201   		.uleb128 0x4109
 367 0077 00       		.byte	0
 368 0078 11       		.uleb128 0x11
 369 0079 01       		.uleb128 0x1
 370 007a 31       		.uleb128 0x31
 371 007b 13       		.uleb128 0x13
 372 007c 00       		.byte	0
 373 007d 00       		.byte	0
 374 007e 09       		.uleb128 0x9
 375 007f 2E       		.uleb128 0x2e
 376 0080 01       		.byte	0x1
 377 0081 3F       		.uleb128 0x3f
 378 0082 19       		.uleb128 0x19
 379 0083 03       		.uleb128 0x3
 380 0084 0E       		.uleb128 0xe
 381 0085 3A       		.uleb128 0x3a
 382 0086 0B       		.uleb128 0xb
 383 0087 3B       		.uleb128 0x3b
 384 0088 0B       		.uleb128 0xb
 385 0089 49       		.uleb128 0x49
 386 008a 13       		.uleb128 0x13
 387 008b 3C       		.uleb128 0x3c
 388 008c 19       		.uleb128 0x19
 389 008d 01       		.uleb128 0x1
 390 008e 13       		.uleb128 0x13
 391 008f 00       		.byte	0
 392 0090 00       		.byte	0
 393 0091 0A       		.uleb128 0xa
 394 0092 18       		.uleb128 0x18
 395 0093 00       		.byte	0
 396 0094 00       		.byte	0
 397 0095 00       		.byte	0
 398 0096 0B       		.uleb128 0xb
 399 0097 2E       		.uleb128 0x2e
 400 0098 01       		.byte	0x1
 401 0099 3F       		.uleb128 0x3f
 402 009a 19       		.uleb128 0x19
 403 009b 03       		.uleb128 0x3
 404 009c 0E       		.uleb128 0xe
ARM GAS  C:\Users\Tim\AppData\Local\Temp\cc7WXtoq.s 			page 9


 405 009d 3A       		.uleb128 0x3a
 406 009e 0B       		.uleb128 0xb
 407 009f 3B       		.uleb128 0x3b
 408 00a0 0B       		.uleb128 0xb
 409 00a1 3C       		.uleb128 0x3c
 410 00a2 19       		.uleb128 0x19
 411 00a3 01       		.uleb128 0x1
 412 00a4 13       		.uleb128 0x13
 413 00a5 00       		.byte	0
 414 00a6 00       		.byte	0
 415 00a7 0C       		.uleb128 0xc
 416 00a8 2E       		.uleb128 0x2e
 417 00a9 01       		.byte	0x1
 418 00aa 3F       		.uleb128 0x3f
 419 00ab 19       		.uleb128 0x19
 420 00ac 03       		.uleb128 0x3
 421 00ad 0E       		.uleb128 0xe
 422 00ae 3A       		.uleb128 0x3a
 423 00af 0B       		.uleb128 0xb
 424 00b0 3B       		.uleb128 0x3b
 425 00b1 0B       		.uleb128 0xb
 426 00b2 3C       		.uleb128 0x3c
 427 00b3 19       		.uleb128 0x19
 428 00b4 00       		.byte	0
 429 00b5 00       		.byte	0
 430 00b6 00       		.byte	0
 431              		.section	.debug_loc,"",%progbits
 432              	.Ldebug_loc0:
 433              	.LLST0:
 434 0000 08000000 		.4byte	.LVL1
 435 0004 0F000000 		.4byte	.LVL2-1
 436 0008 0100     		.2byte	0x1
 437 000a 50       		.byte	0x50
 438 000b 00000000 		.4byte	0
 439 000f 00000000 		.4byte	0
 440              		.section	.debug_aranges,"",%progbits
 441 0000 2C000000 		.4byte	0x2c
 442 0004 0200     		.2byte	0x2
 443 0006 00000000 		.4byte	.Ldebug_info0
 444 000a 04       		.byte	0x4
 445 000b 00       		.byte	0
 446 000c 0000     		.2byte	0
 447 000e 0000     		.2byte	0
 448 0010 00000000 		.4byte	.LFB36
 449 0014 02000000 		.4byte	.LFE36-.LFB36
 450 0018 00000000 		.4byte	.LFB37
 451 001c 02000000 		.4byte	.LFE37-.LFB37
 452 0020 00000000 		.4byte	.LFB38
 453 0024 22000000 		.4byte	.LFE38-.LFB38
 454 0028 00000000 		.4byte	0
 455 002c 00000000 		.4byte	0
 456              		.section	.debug_ranges,"",%progbits
 457              	.Ldebug_ranges0:
 458 0000 00000000 		.4byte	.LFB36
 459 0004 02000000 		.4byte	.LFE36
 460 0008 00000000 		.4byte	.LFB37
 461 000c 02000000 		.4byte	.LFE37
ARM GAS  C:\Users\Tim\AppData\Local\Temp\cc7WXtoq.s 			page 10


 462 0010 00000000 		.4byte	.LFB38
 463 0014 22000000 		.4byte	.LFE38
 464 0018 00000000 		.4byte	0
 465 001c 00000000 		.4byte	0
 466              		.section	.debug_line,"",%progbits
 467              	.Ldebug_line0:
 468 0000 AA000000 		.section	.debug_str,"MS",%progbits,1
 468      02006D00 
 468      00000201 
 468      FB0E0D00 
 468      01010101 
 469              	.LASF6:
 470 0000 6C6F6E67 		.ascii	"long long int\000"
 470      206C6F6E 
 470      6720696E 
 470      7400
 471              	.LASF8:
 472 000e 756E7369 		.ascii	"unsigned int\000"
 472      676E6564 
 472      20696E74 
 472      00
 473              	.LASF24:
 474 001b 43616C5F 		.ascii	"Cal_Upload\000"
 474      55706C6F 
 474      616400
 475              	.LASF15:
 476 0026 456E636F 		.ascii	"Encoder_Reset\000"
 476      6465725F 
 476      52657365 
 476      7400
 477              	.LASF23:
 478 0034 4932635F 		.ascii	"I2c_ReadControl\000"
 478      52656164 
 478      436F6E74 
 478      726F6C00 
 479              	.LASF7:
 480 0044 6C6F6E67 		.ascii	"long long unsigned int\000"
 480      206C6F6E 
 480      6720756E 
 480      7369676E 
 480      65642069 
 481              	.LASF9:
 482 005b 666C6F61 		.ascii	"float\000"
 482      7400
 483              	.LASF11:
 484 0061 63686172 		.ascii	"char\000"
 484      00
 485              	.LASF1:
 486 0066 756E7369 		.ascii	"unsigned char\000"
 486      676E6564 
 486      20636861 
 486      7200
 487              	.LASF14:
 488 0074 436F6E74 		.ascii	"Control_Start\000"
 488      726F6C5F 
 488      53746172 
 488      7400
ARM GAS  C:\Users\Tim\AppData\Local\Temp\cc7WXtoq.s 			page 11


 489              	.LASF4:
 490 0082 6C6F6E67 		.ascii	"long int\000"
 490      20696E74 
 490      00
 491              	.LASF2:
 492 008b 73686F72 		.ascii	"short int\000"
 492      7420696E 
 492      7400
 493              	.LASF5:
 494 0095 6C6F6E67 		.ascii	"long unsigned int\000"
 494      20756E73 
 494      69676E65 
 494      6420696E 
 494      7400
 495              	.LASF10:
 496 00a7 646F7562 		.ascii	"double\000"
 496      6C6500
 497              	.LASF19:
 498 00ae 443A5C70 		.ascii	"D:\\projects\\ArloBot\\ArlobotHw\\DualBoard-043\\Bo"
 498      726F6A65 
 498      6374735C 
 498      41726C6F 
 498      426F745C 
 499 00dc 61726431 		.ascii	"ard1-RPi.cydsn\000"
 499      2D525069 
 499      2E637964 
 499      736E00
 500              	.LASF21:
 501 00eb 436F6E74 		.ascii	"Control_Update\000"
 501      726F6C5F 
 501      55706461 
 501      746500
 502              	.LASF3:
 503 00fa 73686F72 		.ascii	"short unsigned int\000"
 503      7420756E 
 503      7369676E 
 503      65642069 
 503      6E7400
 504              	.LASF0:
 505 010d 7369676E 		.ascii	"signed char\000"
 505      65642063 
 505      68617200 
 506              	.LASF18:
 507 0119 2E2E5C73 		.ascii	"..\\source\\control.c\000"
 507      6F757263 
 507      655C636F 
 507      6E74726F 
 507      6C2E6300 
 508              	.LASF17:
 509 012d 474E5520 		.ascii	"GNU C 4.9.3 20150303 (release) [ARM/embedded-4_9-br"
 509      4320342E 
 509      392E3320 
 509      32303135 
 509      30333033 
 510 0160 616E6368 		.ascii	"anch revision 221220] -mcpu=cortex-m0 -mthumb -g -O"
 510      20726576 
 510      6973696F 
ARM GAS  C:\Users\Tim\AppData\Local\Temp\cc7WXtoq.s 			page 12


 510      6E203232 
 510      31323230 
 511 0193 67202D66 		.ascii	"g -ffunction-sections -ffat-lto-objects\000"
 511      66756E63 
 511      74696F6E 
 511      2D736563 
 511      74696F6E 
 512              	.LASF13:
 513 01bb 436F6E74 		.ascii	"Control_Init\000"
 513      726F6C5F 
 513      496E6974 
 513      00
 514              	.LASF20:
 515 01c8 75696E74 		.ascii	"uint16\000"
 515      313600
 516              	.LASF22:
 517 01cf 636F6E74 		.ascii	"control\000"
 517      726F6C00 
 518              	.LASF12:
 519 01d7 73697A65 		.ascii	"sizetype\000"
 519      74797065 
 519      00
 520              	.LASF16:
 521 01e0 43616C5F 		.ascii	"Cal_Update\000"
 521      55706461 
 521      746500
 522              		.ident	"GCC: (GNU Tools for ARM Embedded Processors) 4.9.3 20150303 (release) [ARM/embedded-4_9-br
