ARM GAS  C:\Users\Tim\AppData\Local\Temp\ccCq9V8k.s 			page 1


   1              		.cpu cortex-m0
   2              		.fpu softvfp
   3              		.eabi_attribute 20, 1
   4              		.eabi_attribute 21, 1
   5              		.eabi_attribute 23, 3
   6              		.eabi_attribute 24, 1
   7              		.eabi_attribute 25, 1
   8              		.eabi_attribute 26, 1
   9              		.eabi_attribute 30, 1
  10              		.eabi_attribute 34, 0
  11              		.eabi_attribute 18, 4
  12              		.code	16
  13              		.file	"diag.c"
  14              		.text
  15              	.Ltext0:
  16              		.cfi_sections	.debug_frame
  17              		.section	.text.Diag_Init,"ax",%progbits
  18              		.align	2
  19              		.global	Diag_Init
  20              		.code	16
  21              		.thumb_func
  22              		.type	Diag_Init, %function
  23              	Diag_Init:
  24              	.LFB36:
  25              		.file 1 "..\\source\\diag.c"
   1:..\source/diag.c **** /* ========================================
   2:..\source/diag.c ****  *
   3:..\source/diag.c ****  * Copyright YOUR COMPANY, THE YEAR
   4:..\source/diag.c ****  * All Rights Reserved
   5:..\source/diag.c ****  * UNPUBLISHED, LICENSED SOFTWARE.
   6:..\source/diag.c ****  *
   7:..\source/diag.c ****  * CONFIDENTIAL AND PROPRIETARY INFORMATION
   8:..\source/diag.c ****  * WHICH IS THE PROPERTY OF your company.
   9:..\source/diag.c ****  *
  10:..\source/diag.c ****  * ========================================
  11:..\source/diag.c **** */
  12:..\source/diag.c **** 
  13:..\source/diag.c **** #include "diag.h"
  14:..\source/diag.c **** 
  15:..\source/diag.c **** void Diag_Init()
  16:..\source/diag.c **** {
  26              		.loc 1 16 0
  27              		.cfi_startproc
  17:..\source/diag.c **** 
  18:..\source/diag.c **** }
  28              		.loc 1 18 0
  29              		@ sp needed
  30 0000 7047     		bx	lr
  31              		.cfi_endproc
  32              	.LFE36:
  33              		.size	Diag_Init, .-Diag_Init
  34 0002 C046     		.section	.text.Diag_Start,"ax",%progbits
  35              		.align	2
  36              		.global	Diag_Start
  37              		.code	16
  38              		.thumb_func
  39              		.type	Diag_Start, %function
ARM GAS  C:\Users\Tim\AppData\Local\Temp\ccCq9V8k.s 			page 2


  40              	Diag_Start:
  41              	.LFB37:
  19:..\source/diag.c **** 
  20:..\source/diag.c **** void Diag_Start()
  21:..\source/diag.c **** {
  42              		.loc 1 21 0
  43              		.cfi_startproc
  22:..\source/diag.c **** 
  23:..\source/diag.c **** }
  44              		.loc 1 23 0
  45              		@ sp needed
  46 0000 7047     		bx	lr
  47              		.cfi_endproc
  48              	.LFE37:
  49              		.size	Diag_Start, .-Diag_Start
  50 0002 C046     		.section	.text.Diag_Update,"ax",%progbits
  51              		.align	2
  52              		.global	Diag_Update
  53              		.code	16
  54              		.thumb_func
  55              		.type	Diag_Update, %function
  56              	Diag_Update:
  57              	.LFB38:
  24:..\source/diag.c **** 
  25:..\source/diag.c **** void Diag_Update()
  26:..\source/diag.c **** {
  58              		.loc 1 26 0
  59              		.cfi_startproc
  60 0000 08B5     		push	{r3, lr}
  61              		.cfi_def_cfa_offset 8
  62              		.cfi_offset 3, -8
  63              		.cfi_offset 14, -4
  27:..\source/diag.c ****     // Used to monitor loop cycle time
  28:..\source/diag.c ****     MainLoop_Pin_Write( ~MainLoop_Pin_Read() );
  64              		.loc 1 28 0
  65 0002 FFF7FEFF 		bl	MainLoop_Pin_Read
  66              	.LVL0:
  67 0006 C043     		mvn	r0, r0
  68 0008 C0B2     		uxtb	r0, r0
  69 000a FFF7FEFF 		bl	MainLoop_Pin_Write
  70              	.LVL1:
  29:..\source/diag.c **** }
  71              		.loc 1 29 0
  72              		@ sp needed
  73 000e 08BD     		pop	{r3, pc}
  74              		.cfi_endproc
  75              	.LFE38:
  76              		.size	Diag_Update, .-Diag_Update
  77              		.text
  78              	.Letext0:
  79              		.file 2 "Generated_Source\\PSoC4/cytypes.h"
  80              		.file 3 "Generated_Source\\PSoC4/MainLoop_Pin.h"
  81              		.section	.debug_info,"",%progbits
  82              	.Ldebug_info0:
  83 0000 F2000000 		.4byte	0xf2
  84 0004 0400     		.2byte	0x4
  85 0006 00000000 		.4byte	.Ldebug_abbrev0
ARM GAS  C:\Users\Tim\AppData\Local\Temp\ccCq9V8k.s 			page 3


  86 000a 04       		.byte	0x4
  87 000b 01       		.uleb128 0x1
  88 000c 58000000 		.4byte	.LASF15
  89 0010 01       		.byte	0x1
  90 0011 E6000000 		.4byte	.LASF16
  91 0015 2C010000 		.4byte	.LASF17
  92 0019 00000000 		.4byte	.Ldebug_ranges0+0
  93 001d 00000000 		.4byte	0
  94 0021 00000000 		.4byte	.Ldebug_line0
  95 0025 02       		.uleb128 0x2
  96 0026 01       		.byte	0x1
  97 0027 06       		.byte	0x6
  98 0028 7C010000 		.4byte	.LASF0
  99 002c 02       		.uleb128 0x2
 100 002d 01       		.byte	0x1
 101 002e 08       		.byte	0x8
 102 002f F7000000 		.4byte	.LASF1
 103 0033 02       		.uleb128 0x2
 104 0034 02       		.byte	0x2
 105 0035 05       		.byte	0x5
 106 0036 94010000 		.4byte	.LASF2
 107 003a 02       		.uleb128 0x2
 108 003b 02       		.byte	0x2
 109 003c 07       		.byte	0x7
 110 003d 69010000 		.4byte	.LASF3
 111 0041 02       		.uleb128 0x2
 112 0042 04       		.byte	0x4
 113 0043 05       		.byte	0x5
 114 0044 0A010000 		.4byte	.LASF4
 115 0048 02       		.uleb128 0x2
 116 0049 04       		.byte	0x4
 117 004a 07       		.byte	0x7
 118 004b 13010000 		.4byte	.LASF5
 119 004f 02       		.uleb128 0x2
 120 0050 08       		.byte	0x8
 121 0051 05       		.byte	0x5
 122 0052 00000000 		.4byte	.LASF6
 123 0056 02       		.uleb128 0x2
 124 0057 08       		.byte	0x8
 125 0058 07       		.byte	0x7
 126 0059 3B000000 		.4byte	.LASF7
 127 005d 03       		.uleb128 0x3
 128 005e 04       		.byte	0x4
 129 005f 05       		.byte	0x5
 130 0060 696E7400 		.ascii	"int\000"
 131 0064 02       		.uleb128 0x2
 132 0065 04       		.byte	0x4
 133 0066 07       		.byte	0x7
 134 0067 9E010000 		.4byte	.LASF8
 135 006b 04       		.uleb128 0x4
 136 006c 20000000 		.4byte	.LASF18
 137 0070 02       		.byte	0x2
 138 0071 3801     		.2byte	0x138
 139 0073 2C000000 		.4byte	0x2c
 140 0077 02       		.uleb128 0x2
 141 0078 04       		.byte	0x4
 142 0079 04       		.byte	0x4
ARM GAS  C:\Users\Tim\AppData\Local\Temp\ccCq9V8k.s 			page 4


 143 007a 52000000 		.4byte	.LASF9
 144 007e 02       		.uleb128 0x2
 145 007f 08       		.byte	0x8
 146 0080 04       		.byte	0x4
 147 0081 25010000 		.4byte	.LASF10
 148 0085 02       		.uleb128 0x2
 149 0086 01       		.byte	0x1
 150 0087 08       		.byte	0x8
 151 0088 05010000 		.4byte	.LASF11
 152 008c 02       		.uleb128 0x2
 153 008d 04       		.byte	0x4
 154 008e 07       		.byte	0x7
 155 008f AB010000 		.4byte	.LASF12
 156 0093 05       		.uleb128 0x5
 157 0094 26000000 		.4byte	.LASF13
 158 0098 01       		.byte	0x1
 159 0099 0F       		.byte	0xf
 160 009a 00000000 		.4byte	.LFB36
 161 009e 02000000 		.4byte	.LFE36-.LFB36
 162 00a2 01       		.uleb128 0x1
 163 00a3 9C       		.byte	0x9c
 164 00a4 05       		.uleb128 0x5
 165 00a5 30000000 		.4byte	.LASF14
 166 00a9 01       		.byte	0x1
 167 00aa 14       		.byte	0x14
 168 00ab 00000000 		.4byte	.LFB37
 169 00af 02000000 		.4byte	.LFE37-.LFB37
 170 00b3 01       		.uleb128 0x1
 171 00b4 9C       		.byte	0x9c
 172 00b5 06       		.uleb128 0x6
 173 00b6 88010000 		.4byte	.LASF19
 174 00ba 01       		.byte	0x1
 175 00bb 19       		.byte	0x19
 176 00bc 00000000 		.4byte	.LFB38
 177 00c0 10000000 		.4byte	.LFE38-.LFB38
 178 00c4 01       		.uleb128 0x1
 179 00c5 9C       		.byte	0x9c
 180 00c6 DD000000 		.4byte	0xdd
 181 00ca 07       		.uleb128 0x7
 182 00cb 06000000 		.4byte	.LVL0
 183 00cf DD000000 		.4byte	0xdd
 184 00d3 07       		.uleb128 0x7
 185 00d4 0E000000 		.4byte	.LVL1
 186 00d8 E8000000 		.4byte	0xe8
 187 00dc 00       		.byte	0
 188 00dd 08       		.uleb128 0x8
 189 00de 0E000000 		.4byte	.LASF20
 190 00e2 03       		.byte	0x3
 191 00e3 32       		.byte	0x32
 192 00e4 6B000000 		.4byte	0x6b
 193 00e8 09       		.uleb128 0x9
 194 00e9 B4010000 		.4byte	.LASF21
 195 00ed 03       		.byte	0x3
 196 00ee 33       		.byte	0x33
 197 00ef 0A       		.uleb128 0xa
 198 00f0 6B000000 		.4byte	0x6b
 199 00f4 00       		.byte	0
ARM GAS  C:\Users\Tim\AppData\Local\Temp\ccCq9V8k.s 			page 5


 200 00f5 00       		.byte	0
 201              		.section	.debug_abbrev,"",%progbits
 202              	.Ldebug_abbrev0:
 203 0000 01       		.uleb128 0x1
 204 0001 11       		.uleb128 0x11
 205 0002 01       		.byte	0x1
 206 0003 25       		.uleb128 0x25
 207 0004 0E       		.uleb128 0xe
 208 0005 13       		.uleb128 0x13
 209 0006 0B       		.uleb128 0xb
 210 0007 03       		.uleb128 0x3
 211 0008 0E       		.uleb128 0xe
 212 0009 1B       		.uleb128 0x1b
 213 000a 0E       		.uleb128 0xe
 214 000b 55       		.uleb128 0x55
 215 000c 17       		.uleb128 0x17
 216 000d 11       		.uleb128 0x11
 217 000e 01       		.uleb128 0x1
 218 000f 10       		.uleb128 0x10
 219 0010 17       		.uleb128 0x17
 220 0011 00       		.byte	0
 221 0012 00       		.byte	0
 222 0013 02       		.uleb128 0x2
 223 0014 24       		.uleb128 0x24
 224 0015 00       		.byte	0
 225 0016 0B       		.uleb128 0xb
 226 0017 0B       		.uleb128 0xb
 227 0018 3E       		.uleb128 0x3e
 228 0019 0B       		.uleb128 0xb
 229 001a 03       		.uleb128 0x3
 230 001b 0E       		.uleb128 0xe
 231 001c 00       		.byte	0
 232 001d 00       		.byte	0
 233 001e 03       		.uleb128 0x3
 234 001f 24       		.uleb128 0x24
 235 0020 00       		.byte	0
 236 0021 0B       		.uleb128 0xb
 237 0022 0B       		.uleb128 0xb
 238 0023 3E       		.uleb128 0x3e
 239 0024 0B       		.uleb128 0xb
 240 0025 03       		.uleb128 0x3
 241 0026 08       		.uleb128 0x8
 242 0027 00       		.byte	0
 243 0028 00       		.byte	0
 244 0029 04       		.uleb128 0x4
 245 002a 16       		.uleb128 0x16
 246 002b 00       		.byte	0
 247 002c 03       		.uleb128 0x3
 248 002d 0E       		.uleb128 0xe
 249 002e 3A       		.uleb128 0x3a
 250 002f 0B       		.uleb128 0xb
 251 0030 3B       		.uleb128 0x3b
 252 0031 05       		.uleb128 0x5
 253 0032 49       		.uleb128 0x49
 254 0033 13       		.uleb128 0x13
 255 0034 00       		.byte	0
 256 0035 00       		.byte	0
ARM GAS  C:\Users\Tim\AppData\Local\Temp\ccCq9V8k.s 			page 6


 257 0036 05       		.uleb128 0x5
 258 0037 2E       		.uleb128 0x2e
 259 0038 00       		.byte	0
 260 0039 3F       		.uleb128 0x3f
 261 003a 19       		.uleb128 0x19
 262 003b 03       		.uleb128 0x3
 263 003c 0E       		.uleb128 0xe
 264 003d 3A       		.uleb128 0x3a
 265 003e 0B       		.uleb128 0xb
 266 003f 3B       		.uleb128 0x3b
 267 0040 0B       		.uleb128 0xb
 268 0041 11       		.uleb128 0x11
 269 0042 01       		.uleb128 0x1
 270 0043 12       		.uleb128 0x12
 271 0044 06       		.uleb128 0x6
 272 0045 40       		.uleb128 0x40
 273 0046 18       		.uleb128 0x18
 274 0047 9742     		.uleb128 0x2117
 275 0049 19       		.uleb128 0x19
 276 004a 00       		.byte	0
 277 004b 00       		.byte	0
 278 004c 06       		.uleb128 0x6
 279 004d 2E       		.uleb128 0x2e
 280 004e 01       		.byte	0x1
 281 004f 3F       		.uleb128 0x3f
 282 0050 19       		.uleb128 0x19
 283 0051 03       		.uleb128 0x3
 284 0052 0E       		.uleb128 0xe
 285 0053 3A       		.uleb128 0x3a
 286 0054 0B       		.uleb128 0xb
 287 0055 3B       		.uleb128 0x3b
 288 0056 0B       		.uleb128 0xb
 289 0057 11       		.uleb128 0x11
 290 0058 01       		.uleb128 0x1
 291 0059 12       		.uleb128 0x12
 292 005a 06       		.uleb128 0x6
 293 005b 40       		.uleb128 0x40
 294 005c 18       		.uleb128 0x18
 295 005d 9742     		.uleb128 0x2117
 296 005f 19       		.uleb128 0x19
 297 0060 01       		.uleb128 0x1
 298 0061 13       		.uleb128 0x13
 299 0062 00       		.byte	0
 300 0063 00       		.byte	0
 301 0064 07       		.uleb128 0x7
 302 0065 898201   		.uleb128 0x4109
 303 0068 00       		.byte	0
 304 0069 11       		.uleb128 0x11
 305 006a 01       		.uleb128 0x1
 306 006b 31       		.uleb128 0x31
 307 006c 13       		.uleb128 0x13
 308 006d 00       		.byte	0
 309 006e 00       		.byte	0
 310 006f 08       		.uleb128 0x8
 311 0070 2E       		.uleb128 0x2e
 312 0071 00       		.byte	0
 313 0072 3F       		.uleb128 0x3f
ARM GAS  C:\Users\Tim\AppData\Local\Temp\ccCq9V8k.s 			page 7


 314 0073 19       		.uleb128 0x19
 315 0074 03       		.uleb128 0x3
 316 0075 0E       		.uleb128 0xe
 317 0076 3A       		.uleb128 0x3a
 318 0077 0B       		.uleb128 0xb
 319 0078 3B       		.uleb128 0x3b
 320 0079 0B       		.uleb128 0xb
 321 007a 27       		.uleb128 0x27
 322 007b 19       		.uleb128 0x19
 323 007c 49       		.uleb128 0x49
 324 007d 13       		.uleb128 0x13
 325 007e 3C       		.uleb128 0x3c
 326 007f 19       		.uleb128 0x19
 327 0080 00       		.byte	0
 328 0081 00       		.byte	0
 329 0082 09       		.uleb128 0x9
 330 0083 2E       		.uleb128 0x2e
 331 0084 01       		.byte	0x1
 332 0085 3F       		.uleb128 0x3f
 333 0086 19       		.uleb128 0x19
 334 0087 03       		.uleb128 0x3
 335 0088 0E       		.uleb128 0xe
 336 0089 3A       		.uleb128 0x3a
 337 008a 0B       		.uleb128 0xb
 338 008b 3B       		.uleb128 0x3b
 339 008c 0B       		.uleb128 0xb
 340 008d 27       		.uleb128 0x27
 341 008e 19       		.uleb128 0x19
 342 008f 3C       		.uleb128 0x3c
 343 0090 19       		.uleb128 0x19
 344 0091 00       		.byte	0
 345 0092 00       		.byte	0
 346 0093 0A       		.uleb128 0xa
 347 0094 05       		.uleb128 0x5
 348 0095 00       		.byte	0
 349 0096 49       		.uleb128 0x49
 350 0097 13       		.uleb128 0x13
 351 0098 00       		.byte	0
 352 0099 00       		.byte	0
 353 009a 00       		.byte	0
 354              		.section	.debug_aranges,"",%progbits
 355 0000 2C000000 		.4byte	0x2c
 356 0004 0200     		.2byte	0x2
 357 0006 00000000 		.4byte	.Ldebug_info0
 358 000a 04       		.byte	0x4
 359 000b 00       		.byte	0
 360 000c 0000     		.2byte	0
 361 000e 0000     		.2byte	0
 362 0010 00000000 		.4byte	.LFB36
 363 0014 02000000 		.4byte	.LFE36-.LFB36
 364 0018 00000000 		.4byte	.LFB37
 365 001c 02000000 		.4byte	.LFE37-.LFB37
 366 0020 00000000 		.4byte	.LFB38
 367 0024 10000000 		.4byte	.LFE38-.LFB38
 368 0028 00000000 		.4byte	0
 369 002c 00000000 		.4byte	0
 370              		.section	.debug_ranges,"",%progbits
ARM GAS  C:\Users\Tim\AppData\Local\Temp\ccCq9V8k.s 			page 8


 371              	.Ldebug_ranges0:
 372 0000 00000000 		.4byte	.LFB36
 373 0004 02000000 		.4byte	.LFE36
 374 0008 00000000 		.4byte	.LFB37
 375 000c 02000000 		.4byte	.LFE37
 376 0010 00000000 		.4byte	.LFB38
 377 0014 10000000 		.4byte	.LFE38
 378 0018 00000000 		.4byte	0
 379 001c 00000000 		.4byte	0
 380              		.section	.debug_line,"",%progbits
 381              	.Ldebug_line0:
 382 0000 94000000 		.section	.debug_str,"MS",%progbits,1
 382      02005D00 
 382      00000201 
 382      FB0E0D00 
 382      01010101 
 383              	.LASF6:
 384 0000 6C6F6E67 		.ascii	"long long int\000"
 384      206C6F6E 
 384      6720696E 
 384      7400
 385              	.LASF20:
 386 000e 4D61696E 		.ascii	"MainLoop_Pin_Read\000"
 386      4C6F6F70 
 386      5F50696E 
 386      5F526561 
 386      6400
 387              	.LASF18:
 388 0020 75696E74 		.ascii	"uint8\000"
 388      3800
 389              	.LASF13:
 390 0026 44696167 		.ascii	"Diag_Init\000"
 390      5F496E69 
 390      7400
 391              	.LASF14:
 392 0030 44696167 		.ascii	"Diag_Start\000"
 392      5F537461 
 392      727400
 393              	.LASF7:
 394 003b 6C6F6E67 		.ascii	"long long unsigned int\000"
 394      206C6F6E 
 394      6720756E 
 394      7369676E 
 394      65642069 
 395              	.LASF9:
 396 0052 666C6F61 		.ascii	"float\000"
 396      7400
 397              	.LASF15:
 398 0058 474E5520 		.ascii	"GNU C 4.9.3 20150303 (release) [ARM/embedded-4_9-br"
 398      4320342E 
 398      392E3320 
 398      32303135 
 398      30333033 
 399 008b 616E6368 		.ascii	"anch revision 221220] -mcpu=cortex-m0 -mthumb -g -O"
 399      20726576 
 399      6973696F 
 399      6E203232 
ARM GAS  C:\Users\Tim\AppData\Local\Temp\ccCq9V8k.s 			page 9


 399      31323230 
 400 00be 67202D66 		.ascii	"g -ffunction-sections -ffat-lto-objects\000"
 400      66756E63 
 400      74696F6E 
 400      2D736563 
 400      74696F6E 
 401              	.LASF16:
 402 00e6 2E2E5C73 		.ascii	"..\\source\\diag.c\000"
 402      6F757263 
 402      655C6469 
 402      61672E63 
 402      00
 403              	.LASF1:
 404 00f7 756E7369 		.ascii	"unsigned char\000"
 404      676E6564 
 404      20636861 
 404      7200
 405              	.LASF11:
 406 0105 63686172 		.ascii	"char\000"
 406      00
 407              	.LASF4:
 408 010a 6C6F6E67 		.ascii	"long int\000"
 408      20696E74 
 408      00
 409              	.LASF5:
 410 0113 6C6F6E67 		.ascii	"long unsigned int\000"
 410      20756E73 
 410      69676E65 
 410      6420696E 
 410      7400
 411              	.LASF10:
 412 0125 646F7562 		.ascii	"double\000"
 412      6C6500
 413              	.LASF17:
 414 012c 443A5C70 		.ascii	"D:\\projects\\ArloBot\\ArlobotHw\\DualBoard-043\\Bo"
 414      726F6A65 
 414      6374735C 
 414      41726C6F 
 414      426F745C 
 415 015a 61726431 		.ascii	"ard1-RPi.cydsn\000"
 415      2D525069 
 415      2E637964 
 415      736E00
 416              	.LASF3:
 417 0169 73686F72 		.ascii	"short unsigned int\000"
 417      7420756E 
 417      7369676E 
 417      65642069 
 417      6E7400
 418              	.LASF0:
 419 017c 7369676E 		.ascii	"signed char\000"
 419      65642063 
 419      68617200 
 420              	.LASF19:
 421 0188 44696167 		.ascii	"Diag_Update\000"
 421      5F557064 
 421      61746500 
ARM GAS  C:\Users\Tim\AppData\Local\Temp\ccCq9V8k.s 			page 10


 422              	.LASF2:
 423 0194 73686F72 		.ascii	"short int\000"
 423      7420696E 
 423      7400
 424              	.LASF8:
 425 019e 756E7369 		.ascii	"unsigned int\000"
 425      676E6564 
 425      20696E74 
 425      00
 426              	.LASF12:
 427 01ab 73697A65 		.ascii	"sizetype\000"
 427      74797065 
 427      00
 428              	.LASF21:
 429 01b4 4D61696E 		.ascii	"MainLoop_Pin_Write\000"
 429      4C6F6F70 
 429      5F50696E 
 429      5F577269 
 429      746500
 430              		.ident	"GCC: (GNU Tools for ARM Embedded Processors) 4.9.3 20150303 (release) [ARM/embedded-4_9-br
