ARM GAS  C:\Users\Tim\AppData\Local\Temp\ccsFkJgc.s 			page 1


   1              		.cpu cortex-m0
   2              		.fpu softvfp
   3              		.eabi_attribute 20, 1
   4              		.eabi_attribute 21, 1
   5              		.eabi_attribute 23, 3
   6              		.eabi_attribute 24, 1
   7              		.eabi_attribute 25, 1
   8              		.eabi_attribute 26, 1
   9              		.eabi_attribute 30, 1
  10              		.eabi_attribute 34, 0
  11              		.eabi_attribute 18, 4
  12              		.code	16
  13              		.file	"encoder.c"
  14              		.text
  15              	.Ltext0:
  16              		.cfi_sections	.debug_frame
  17              		.section	.text.Phase_Counter_Interrupt_Handler,"ax",%progbits
  18              		.align	2
  19              		.global	Phase_Counter_Interrupt_Handler
  20              		.code	16
  21              		.thumb_func
  22              		.type	Phase_Counter_Interrupt_Handler, %function
  23              	Phase_Counter_Interrupt_Handler:
  24              	.LFB36:
  25              		.file 1 "..\\source\\encoder.c"
   1:..\source/encoder.c **** /* ========================================
   2:..\source/encoder.c ****  *
   3:..\source/encoder.c ****  * Copyright YOUR COMPANY, THE YEAR
   4:..\source/encoder.c ****  * All Rights Reserved
   5:..\source/encoder.c ****  * UNPUBLISHED, LICENSED SOFTWARE.
   6:..\source/encoder.c ****  *
   7:..\source/encoder.c ****  * CONFIDENTIAL AND PROPRIETARY INFORMATION
   8:..\source/encoder.c ****  * WHICH IS THE PROPERTY OF your company.
   9:..\source/encoder.c ****  *
  10:..\source/encoder.c ****  * ========================================
  11:..\source/encoder.c **** */
  12:..\source/encoder.c **** 
  13:..\source/encoder.c **** #include <stdlib.h>
  14:..\source/encoder.c **** #include "hwconfig.h"
  15:..\source/encoder.c **** #include "encoder.h"
  16:..\source/encoder.c **** #include "i2c.h"
  17:..\source/encoder.c **** #include "utils.h"
  18:..\source/encoder.c **** #include "time.h"
  19:..\source/encoder.c **** 
  20:..\source/encoder.c **** static uint8 overflow = 0;
  21:..\source/encoder.c **** static uint8 underflow = 0;
  22:..\source/encoder.c **** 
  23:..\source/encoder.c **** static MOVING_AVERAGE_TYPE ma_left_delta_count;
  24:..\source/encoder.c **** static MOVING_AVERAGE_TYPE ma_right_delta_count;
  25:..\source/encoder.c **** 
  26:..\source/encoder.c **** static int16 left_wheel_velocity;
  27:..\source/encoder.c **** static int16 right_wheel_velocity;
  28:..\source/encoder.c **** 
  29:..\source/encoder.c **** static MOVING_AVERAGE_TYPE ma_left_wheel_velocity;
  30:..\source/encoder.c **** static MOVING_AVERAGE_TYPE ma_right_wheel_velocity;
  31:..\source/encoder.c **** 
  32:..\source/encoder.c **** static int16 left_count_per_second;
ARM GAS  C:\Users\Tim\AppData\Local\Temp\ccsFkJgc.s 			page 2


  33:..\source/encoder.c **** static int16 right_count_per_second;
  34:..\source/encoder.c **** 
  35:..\source/encoder.c **** 
  36:..\source/encoder.c **** CY_ISR( Phase_Counter_Interrupt_Handler )
  37:..\source/encoder.c **** {
  26              		.loc 1 37 0
  27              		.cfi_startproc
  28 0000 08B5     		push	{r3, lr}
  29              		.cfi_def_cfa_offset 8
  30              		.cfi_offset 3, -8
  31              		.cfi_offset 14, -4
  38:..\source/encoder.c ****     uint8 status;
  39:..\source/encoder.c ****     /* Not sure what to do here.  This interrupt occurs on terminal count which basically means rol
  40:..\source/encoder.c ****        just clear the interrupt.
  41:..\source/encoder.c ****     
  42:..\source/encoder.c ****        These are the status provided in the status register:
  43:..\source/encoder.c ****     
  44:..\source/encoder.c ****         [7]: Unused (0) 
  45:..\source/encoder.c ****         [6]: FIFO not empty 
  46:..\source/encoder.c ****         [5]: FIFO full 
  47:..\source/encoder.c ****         [4]: Capture status 
  48:..\source/encoder.c ****         [3]: Underflow status 
  49:..\source/encoder.c ****         [2]: Overflow status 
  50:..\source/encoder.c ****         [1]: A0 Zero status 
  51:..\source/encoder.c ****         [0]: Compare output
  52:..\source/encoder.c ****     
  53:..\source/encoder.c ****      */
  54:..\source/encoder.c ****     status = Phase_Counter_ReadStatusRegister();
  32              		.loc 1 54 0
  33 0002 FFF7FEFF 		bl	Phase_Counter_ReadStatusRegister
  34              	.LVL0:
  55:..\source/encoder.c ****     if (status & 0x04)
  35              		.loc 1 55 0
  36 0006 4307     		lsl	r3, r0, #29
  37 0008 02D5     		bpl	.L2
  56:..\source/encoder.c ****     {
  57:..\source/encoder.c ****         overflow = 1;
  38              		.loc 1 57 0
  39 000a 0122     		mov	r2, #1
  40 000c 034B     		ldr	r3, .L4
  41 000e 1A70     		strb	r2, [r3]
  42              	.L2:
  58:..\source/encoder.c ****     }
  59:..\source/encoder.c ****     if (status & 0x08)
  43              		.loc 1 59 0
  44 0010 0307     		lsl	r3, r0, #28
  45 0012 02D5     		bpl	.L1
  60:..\source/encoder.c ****     {
  61:..\source/encoder.c ****         underflow = 1;
  46              		.loc 1 61 0
  47 0014 0122     		mov	r2, #1
  48 0016 014B     		ldr	r3, .L4
  49 0018 5A70     		strb	r2, [r3, #1]
  50              	.L1:
  62:..\source/encoder.c ****     }
  63:..\source/encoder.c **** }
  51              		.loc 1 63 0
ARM GAS  C:\Users\Tim\AppData\Local\Temp\ccsFkJgc.s 			page 3


  52              		@ sp needed
  53 001a 08BD     		pop	{r3, pc}
  54              	.L5:
  55              		.align	2
  56              	.L4:
  57 001c 00000000 		.word	.LANCHOR0
  58              		.cfi_endproc
  59              	.LFE36:
  60              		.size	Phase_Counter_Interrupt_Handler, .-Phase_Counter_Interrupt_Handler
  61              		.section	.text.LeftCounterWrapper,"ax",%progbits
  62              		.align	2
  63              		.code	16
  64              		.thumb_func
  65              		.type	LeftCounterWrapper, %function
  66              	LeftCounterWrapper:
  67              	.LFB37:
  64:..\source/encoder.c **** 
  65:..\source/encoder.c **** #ifdef LEFT_BOARD
  66:..\source/encoder.c **** static int32 LeftCounterWrapper()
  67:..\source/encoder.c **** {
  68              		.loc 1 67 0
  69              		.cfi_startproc
  70 0000 08B5     		push	{r3, lr}
  71              		.cfi_def_cfa_offset 8
  72              		.cfi_offset 3, -8
  73              		.cfi_offset 14, -4
  68:..\source/encoder.c ****     return (int32) Phase_Counter_ReadCounter();
  74              		.loc 1 68 0
  75 0002 FFF7FEFF 		bl	Phase_Counter_ReadCounter
  76              	.LVL1:
  69:..\source/encoder.c **** }
  77              		.loc 1 69 0
  78              		@ sp needed
  79 0006 08BD     		pop	{r3, pc}
  80              		.cfi_endproc
  81              	.LFE37:
  82              		.size	LeftCounterWrapper, .-LeftCounterWrapper
  83              		.section	.text.RightCounterWrapper,"ax",%progbits
  84              		.align	2
  85              		.code	16
  86              		.thumb_func
  87              		.type	RightCounterWrapper, %function
  88              	RightCounterWrapper:
  89              	.LFB38:
  70:..\source/encoder.c **** static int32 RightCounterWrapper()
  71:..\source/encoder.c **** {
  90              		.loc 1 71 0
  91              		.cfi_startproc
  92 0000 08B5     		push	{r3, lr}
  93              		.cfi_def_cfa_offset 8
  94              		.cfi_offset 3, -8
  95              		.cfi_offset 14, -4
  72:..\source/encoder.c ****     return I2c_ReadCount();
  96              		.loc 1 72 0
  97 0002 FFF7FEFF 		bl	I2c_ReadCount
  98              	.LVL2:
  73:..\source/encoder.c **** }
ARM GAS  C:\Users\Tim\AppData\Local\Temp\ccsFkJgc.s 			page 4


  99              		.loc 1 73 0
 100              		@ sp needed
 101 0006 08BD     		pop	{r3, pc}
 102              		.cfi_endproc
 103              	.LFE38:
 104              		.size	RightCounterWrapper, .-RightCounterWrapper
 105              		.section	.text.Encoder_Init,"ax",%progbits
 106              		.align	2
 107              		.global	Encoder_Init
 108              		.code	16
 109              		.thumb_func
 110              		.type	Encoder_Init, %function
 111              	Encoder_Init:
 112              	.LFB39:
  74:..\source/encoder.c **** #define ReadCounter LeftCounterWrapper
  75:..\source/encoder.c **** #elif defined RIGHT_BOARD
  76:..\source/encoder.c **** static int32 RightCounterWrapper()
  77:..\source/encoder.c **** {
  78:..\source/encoder.c ****     return - ( (int32) Phase_Counter_ReadCounter() );
  79:..\source/encoder.c **** }
  80:..\source/encoder.c **** static int32 LeftCounterWrapper()
  81:..\source/encoder.c **** {
  82:..\source/encoder.c ****     return I2c_ReadCount();
  83:..\source/encoder.c **** }
  84:..\source/encoder.c **** #define ReadCounter RightCounterWrapper
  85:..\source/encoder.c **** #else
  86:..\source/encoder.c ****     #error "You haven't defined a board, e.g. LEFT_BOARD or RIGHT_BOARD"
  87:..\source/encoder.c **** #endif
  88:..\source/encoder.c **** 
  89:..\source/encoder.c **** void Encoder_Init()
  90:..\source/encoder.c **** {
 113              		.loc 1 90 0
 114              		.cfi_startproc
 115 0000 08B5     		push	{r3, lr}
 116              		.cfi_def_cfa_offset 8
 117              		.cfi_offset 3, -8
 118              		.cfi_offset 14, -4
  91:..\source/encoder.c ****     Phase_Counter_WriteCounter(0);
 119              		.loc 1 91 0
 120 0002 0020     		mov	r0, #0
 121 0004 FFF7FEFF 		bl	Phase_Counter_WriteCounter
 122              	.LVL3:
  92:..\source/encoder.c ****     
  93:..\source/encoder.c ****     memset(&ma_left_delta_count, 0, sizeof(ma_left_delta_count));
 123              		.loc 1 93 0
 124 0008 074B     		ldr	r3, .L9
 125 000a 0022     		mov	r2, #0
 126 000c 9A60     		str	r2, [r3, #8]
  94:..\source/encoder.c ****     memset(&ma_right_delta_count, 0, sizeof(ma_right_delta_count));
 127              		.loc 1 94 0
 128 000e 1A61     		str	r2, [r3, #16]
  95:..\source/encoder.c ****     ma_left_delta_count.n = 10;
 129              		.loc 1 95 0
 130 0010 0A21     		mov	r1, #10
 131 0012 5960     		str	r1, [r3, #4]
  96:..\source/encoder.c ****     ma_right_delta_count.n = 10;
 132              		.loc 1 96 0
ARM GAS  C:\Users\Tim\AppData\Local\Temp\ccsFkJgc.s 			page 5


 133 0014 D960     		str	r1, [r3, #12]
  97:..\source/encoder.c ****     
  98:..\source/encoder.c ****     memset(&ma_left_wheel_velocity, 0, sizeof(ma_left_wheel_velocity));
 134              		.loc 1 98 0
 135 0016 9A61     		str	r2, [r3, #24]
  99:..\source/encoder.c ****     memset(&ma_right_wheel_velocity, 0, sizeof(ma_right_wheel_velocity));
 136              		.loc 1 99 0
 137 0018 1A62     		str	r2, [r3, #32]
 100:..\source/encoder.c ****     ma_left_wheel_velocity.n = 10;
 138              		.loc 1 100 0
 139 001a 5961     		str	r1, [r3, #20]
 101:..\source/encoder.c ****     ma_right_wheel_velocity.n = 10;
 140              		.loc 1 101 0
 141 001c D961     		str	r1, [r3, #28]
 102:..\source/encoder.c ****     
 103:..\source/encoder.c ****     left_wheel_velocity = 0;
 142              		.loc 1 103 0
 143 001e 9A84     		strh	r2, [r3, #36]
 104:..\source/encoder.c ****     right_wheel_velocity = 0;
 144              		.loc 1 104 0
 145 0020 DA84     		strh	r2, [r3, #38]
 105:..\source/encoder.c ****     
 106:..\source/encoder.c ****     left_count_per_second = 0;
 146              		.loc 1 106 0
 147 0022 1A85     		strh	r2, [r3, #40]
 107:..\source/encoder.c ****     right_count_per_second = 0;
 148              		.loc 1 107 0
 149 0024 5A85     		strh	r2, [r3, #42]
 108:..\source/encoder.c **** 
 109:..\source/encoder.c **** }
 150              		.loc 1 109 0
 151              		@ sp needed
 152 0026 08BD     		pop	{r3, pc}
 153              	.L10:
 154              		.align	2
 155              	.L9:
 156 0028 00000000 		.word	.LANCHOR0
 157              		.cfi_endproc
 158              	.LFE39:
 159              		.size	Encoder_Init, .-Encoder_Init
 160              		.section	.text.Encoder_Start,"ax",%progbits
 161              		.align	2
 162              		.global	Encoder_Start
 163              		.code	16
 164              		.thumb_func
 165              		.type	Encoder_Start, %function
 166              	Encoder_Start:
 167              	.LFB40:
 110:..\source/encoder.c **** 
 111:..\source/encoder.c **** void Encoder_Start()
 112:..\source/encoder.c **** {
 168              		.loc 1 112 0
 169              		.cfi_startproc
 170 0000 08B5     		push	{r3, lr}
 171              		.cfi_def_cfa_offset 8
 172              		.cfi_offset 3, -8
 173              		.cfi_offset 14, -4
ARM GAS  C:\Users\Tim\AppData\Local\Temp\ccsFkJgc.s 			page 6


 113:..\source/encoder.c ****     PhaseCounter_Intr_StartEx( Phase_Counter_Interrupt_Handler );    
 174              		.loc 1 113 0
 175 0002 0248     		ldr	r0, .L12
 176 0004 FFF7FEFF 		bl	PhaseCounter_Intr_StartEx
 177              	.LVL4:
 114:..\source/encoder.c **** }
 178              		.loc 1 114 0
 179              		@ sp needed
 180 0008 08BD     		pop	{r3, pc}
 181              	.L13:
 182 000a C046     		.align	2
 183              	.L12:
 184 000c 00000000 		.word	Phase_Counter_Interrupt_Handler
 185              		.cfi_endproc
 186              	.LFE40:
 187              		.size	Encoder_Start, .-Encoder_Start
 188              		.global	__aeabi_idiv
 189              		.global	__aeabi_i2d
 190              		.global	__aeabi_dmul
 191              		.global	__aeabi_d2iz
 192              		.section	.text.Encoder_Sample,"ax",%progbits
 193              		.align	2
 194              		.global	Encoder_Sample
 195              		.code	16
 196              		.thumb_func
 197              		.type	Encoder_Sample, %function
 198              	Encoder_Sample:
 199              	.LFB41:
 115:..\source/encoder.c **** 
 116:..\source/encoder.c **** void Encoder_Sample(uint32 delta_time)
 117:..\source/encoder.c **** {
 200              		.loc 1 117 0
 201              		.cfi_startproc
 202              	.LVL5:
 203 0000 F0B5     		push	{r4, r5, r6, r7, lr}
 204              		.cfi_def_cfa_offset 20
 205              		.cfi_offset 4, -20
 206              		.cfi_offset 5, -16
 207              		.cfi_offset 6, -12
 208              		.cfi_offset 7, -8
 209              		.cfi_offset 14, -4
 210 0002 83B0     		sub	sp, sp, #12
 211              		.cfi_def_cfa_offset 32
 212 0004 0190     		str	r0, [sp, #4]
 118:..\source/encoder.c ****     static int32 last_left_count = 0;
 119:..\source/encoder.c ****     static int32 last_right_count = 0;
 120:..\source/encoder.c ****     int32 left_delta_count;
 121:..\source/encoder.c ****     int32 right_delta_count;
 122:..\source/encoder.c ****     int32 left_count;
 123:..\source/encoder.c ****     int32 right_count;
 124:..\source/encoder.c ****     
 125:..\source/encoder.c ****     left_count = LeftCounterWrapper();
 213              		.loc 1 125 0
 214 0006 FFF7FEFF 		bl	LeftCounterWrapper
 215              	.LVL6:
 216 000a 051C     		mov	r5, r0
 217              	.LVL7:
ARM GAS  C:\Users\Tim\AppData\Local\Temp\ccsFkJgc.s 			page 7


 126:..\source/encoder.c ****     right_count = RightCounterWrapper();
 218              		.loc 1 126 0
 219 000c FFF7FEFF 		bl	RightCounterWrapper
 220              	.LVL8:
 127:..\source/encoder.c ****     
 128:..\source/encoder.c ****     left_delta_count = left_count - last_left_count;
 221              		.loc 1 128 0
 222 0010 1E4C     		ldr	r4, .L15
 223 0012 E36A     		ldr	r3, [r4, #44]
 224 0014 ED1A     		sub	r5, r5, r3
 225              	.LVL9:
 129:..\source/encoder.c ****     right_delta_count = right_count - last_right_count;
 226              		.loc 1 129 0
 227 0016 236B     		ldr	r3, [r4, #48]
 228 0018 C61A     		sub	r6, r0, r3
 229              	.LVL10:
 130:..\source/encoder.c **** 
 131:..\source/encoder.c ****     last_left_count = LeftCounterWrapper();
 230              		.loc 1 131 0
 231 001a FFF7FEFF 		bl	LeftCounterWrapper
 232              	.LVL11:
 233 001e E062     		str	r0, [r4, #44]
 132:..\source/encoder.c ****     last_right_count = RightCounterWrapper();
 234              		.loc 1 132 0
 235 0020 FFF7FEFF 		bl	RightCounterWrapper
 236              	.LVL12:
 237 0024 2063     		str	r0, [r4, #48]
 133:..\source/encoder.c ****     
 134:..\source/encoder.c ****     left_count_per_second = (left_delta_count * MS_IN_SEC) / (int32) delta_time;
 238              		.loc 1 134 0
 239 0026 FA27     		mov	r7, #250
 240 0028 BF00     		lsl	r7, r7, #2
 241 002a 7D43     		mul	r5, r7
 242              	.LVL13:
 243 002c 281C     		mov	r0, r5
 244 002e 0199     		ldr	r1, [sp, #4]
 245 0030 FFF7FEFF 		bl	__aeabi_idiv
 246              	.LVL14:
 247 0034 85B2     		uxth	r5, r0
 248 0036 2585     		strh	r5, [r4, #40]
 135:..\source/encoder.c ****     right_count_per_second =  (right_delta_count * MS_IN_SEC) / (int32) delta_time;
 249              		.loc 1 135 0
 250 0038 381C     		mov	r0, r7
 251 003a 7043     		mul	r0, r6
 252 003c 0199     		ldr	r1, [sp, #4]
 253 003e FFF7FEFF 		bl	__aeabi_idiv
 254              	.LVL15:
 255 0042 6085     		strh	r0, [r4, #42]
 136:..\source/encoder.c **** 
 137:..\source/encoder.c ****     /* Update left/right linear speeds
 138:..\source/encoder.c ****                 count     meter
 139:..\source/encoder.c ****        speed = ------- X -------
 140:..\source/encoder.c ****                  sec      count
 141:..\source/encoder.c ****     */
 142:..\source/encoder.c ****     left_wheel_velocity = MovingAverage(&ma_left_wheel_velocity, left_count_per_second * MILLIMETER
 256              		.loc 1 142 0
 257 0044 28B2     		sxth	r0, r5
ARM GAS  C:\Users\Tim\AppData\Local\Temp\ccsFkJgc.s 			page 8


 258 0046 FFF7FEFF 		bl	__aeabi_i2d
 259              	.LVL16:
 260 004a 114A     		ldr	r2, .L15+4
 261 004c 114B     		ldr	r3, .L15+8
 262 004e FFF7FEFF 		bl	__aeabi_dmul
 263              	.LVL17:
 264 0052 251C     		mov	r5, r4
 265 0054 1435     		add	r5, r5, #20
 266 0056 FFF7FEFF 		bl	__aeabi_d2iz
 267              	.LVL18:
 268 005a 011C     		mov	r1, r0
 269 005c 281C     		mov	r0, r5
 270 005e FFF7FEFF 		bl	MovingAverage
 271              	.LVL19:
 272 0062 A084     		strh	r0, [r4, #36]
 143:..\source/encoder.c ****     right_wheel_velocity = MovingAverage(&ma_right_wheel_velocity, right_count_per_second * MILLIME
 273              		.loc 1 143 0
 274 0064 2A23     		mov	r3, #42
 275 0066 E05E     		ldrsh	r0, [r4, r3]
 276 0068 FFF7FEFF 		bl	__aeabi_i2d
 277              	.LVL20:
 278 006c 084A     		ldr	r2, .L15+4
 279 006e 094B     		ldr	r3, .L15+8
 280 0070 FFF7FEFF 		bl	__aeabi_dmul
 281              	.LVL21:
 282 0074 251C     		mov	r5, r4
 283 0076 1C35     		add	r5, r5, #28
 284 0078 FFF7FEFF 		bl	__aeabi_d2iz
 285              	.LVL22:
 286 007c 011C     		mov	r1, r0
 287 007e 281C     		mov	r0, r5
 288 0080 FFF7FEFF 		bl	MovingAverage
 289              	.LVL23:
 290 0084 E084     		strh	r0, [r4, #38]
 144:..\source/encoder.c **** }
 291              		.loc 1 144 0
 292 0086 03B0     		add	sp, sp, #12
 293              		@ sp needed
 294              	.LVL24:
 295 0088 F0BD     		pop	{r4, r5, r6, r7, pc}
 296              	.L16:
 297 008a C046     		.align	2
 298              	.L15:
 299 008c 00000000 		.word	.LANCHOR0
 300 0090 C7711CC7 		.word	-954437177
 301 0094 719C0A40 		.word	1074437233
 302              		.cfi_endproc
 303              	.LFE41:
 304              		.size	Encoder_Sample, .-Encoder_Sample
 305              		.section	.text.Encoder_Update,"ax",%progbits
 306              		.align	2
 307              		.global	Encoder_Update
 308              		.code	16
 309              		.thumb_func
 310              		.type	Encoder_Update, %function
 311              	Encoder_Update:
 312              	.LFB42:
ARM GAS  C:\Users\Tim\AppData\Local\Temp\ccsFkJgc.s 			page 9


 145:..\source/encoder.c **** 
 146:..\source/encoder.c **** void Encoder_Update()
 147:..\source/encoder.c **** {
 313              		.loc 1 147 0
 314              		.cfi_startproc
 315 0000 10B5     		push	{r4, lr}
 316              		.cfi_def_cfa_offset 8
 317              		.cfi_offset 4, -8
 318              		.cfi_offset 14, -4
 148:..\source/encoder.c ****     static uint32 last_capture_time = 0;
 149:..\source/encoder.c ****     static uint32 delta_time;
 150:..\source/encoder.c ****     
 151:..\source/encoder.c ****     delta_time = millis() - last_capture_time;
 319              		.loc 1 151 0
 320 0002 FFF7FEFF 		bl	millis
 321              	.LVL25:
 322 0006 0B4C     		ldr	r4, .L18
 323 0008 636B     		ldr	r3, [r4, #52]
 324 000a C01A     		sub	r0, r0, r3
 325 000c A063     		str	r0, [r4, #56]
 152:..\source/encoder.c ****     
 153:..\source/encoder.c ****     last_capture_time = millis();
 326              		.loc 1 153 0
 327 000e FFF7FEFF 		bl	millis
 328              	.LVL26:
 329 0012 6063     		str	r0, [r4, #52]
 154:..\source/encoder.c ****     
 155:..\source/encoder.c ****     Encoder_Sample(delta_time);    
 330              		.loc 1 155 0
 331 0014 A06B     		ldr	r0, [r4, #56]
 332 0016 FFF7FEFF 		bl	Encoder_Sample
 333              	.LVL27:
 156:..\source/encoder.c ****                     
 157:..\source/encoder.c **** #ifdef LEFT_BOARD
 158:..\source/encoder.c ****     I2c_WriteCount(LeftCounterWrapper());
 334              		.loc 1 158 0
 335 001a FFF7FEFF 		bl	LeftCounterWrapper
 336              	.LVL28:
 337 001e FFF7FEFF 		bl	I2c_WriteCount
 338              	.LVL29:
 159:..\source/encoder.c ****     I2c_WriteCountPerSecond(left_count_per_second);
 339              		.loc 1 159 0
 340 0022 2823     		mov	r3, #40
 341 0024 E05E     		ldrsh	r0, [r4, r3]
 342 0026 FFF7FEFF 		bl	I2c_WriteCountPerSecond
 343              	.LVL30:
 160:..\source/encoder.c ****     I2c_WriteWheelVelocity(left_wheel_velocity);
 344              		.loc 1 160 0
 345 002a 2423     		mov	r3, #36
 346 002c E05E     		ldrsh	r0, [r4, r3]
 347 002e FFF7FEFF 		bl	I2c_WriteWheelVelocity
 348              	.LVL31:
 161:..\source/encoder.c **** #elif defined RIGHT_BOARD
 162:..\source/encoder.c ****     I2c_WriteCount(RightCounterWrapper());
 163:..\source/encoder.c ****     I2c_WriteCountPerSecond(right_count_per_second);
 164:..\source/encoder.c ****     I2c_WriteWheelVelocity(right_wheel_velocity);
 165:..\source/encoder.c **** #else
ARM GAS  C:\Users\Tim\AppData\Local\Temp\ccsFkJgc.s 			page 10


 166:..\source/encoder.c ****     #error "You haven't defined a board, e.g. LEFT_BOARD or RIGHT_BOARD"
 167:..\source/encoder.c **** #endif
 168:..\source/encoder.c **** 
 169:..\source/encoder.c **** }
 349              		.loc 1 169 0
 350              		@ sp needed
 351 0032 10BD     		pop	{r4, pc}
 352              	.L19:
 353              		.align	2
 354              	.L18:
 355 0034 00000000 		.word	.LANCHOR0
 356              		.cfi_endproc
 357              	.LFE42:
 358              		.size	Encoder_Update, .-Encoder_Update
 359              		.section	.text.Encoder_GetLRSpeed,"ax",%progbits
 360              		.align	2
 361              		.global	Encoder_GetLRSpeed
 362              		.code	16
 363              		.thumb_func
 364              		.type	Encoder_GetLRSpeed, %function
 365              	Encoder_GetLRSpeed:
 366              	.LFB43:
 170:..\source/encoder.c **** 
 171:..\source/encoder.c **** void Encoder_GetLRSpeed(int16* left, int16* right)
 172:..\source/encoder.c **** {
 367              		.loc 1 172 0
 368              		.cfi_startproc
 369              	.LVL32:
 173:..\source/encoder.c ****     *left = left_wheel_velocity;
 370              		.loc 1 173 0
 371 0000 024B     		ldr	r3, .L21
 372 0002 9A8C     		ldrh	r2, [r3, #36]
 373 0004 0280     		strh	r2, [r0]
 174:..\source/encoder.c ****     *right = right_wheel_velocity;
 374              		.loc 1 174 0
 375 0006 DB8C     		ldrh	r3, [r3, #38]
 376 0008 0B80     		strh	r3, [r1]
 175:..\source/encoder.c **** }
 377              		.loc 1 175 0
 378              		@ sp needed
 379 000a 7047     		bx	lr
 380              	.L22:
 381              		.align	2
 382              	.L21:
 383 000c 00000000 		.word	.LANCHOR0
 384              		.cfi_endproc
 385              	.LFE43:
 386              		.size	Encoder_GetLRSpeed, .-Encoder_GetLRSpeed
 387              		.section	.text.Encoder_GetWheelSpeed,"ax",%progbits
 388              		.align	2
 389              		.global	Encoder_GetWheelSpeed
 390              		.code	16
 391              		.thumb_func
 392              		.type	Encoder_GetWheelSpeed, %function
 393              	Encoder_GetWheelSpeed:
 394              	.LFB44:
 176:..\source/encoder.c **** 
ARM GAS  C:\Users\Tim\AppData\Local\Temp\ccsFkJgc.s 			page 11


 177:..\source/encoder.c **** int16 Encoder_GetWheelSpeed()
 178:..\source/encoder.c **** {
 395              		.loc 1 178 0
 396              		.cfi_startproc
 179:..\source/encoder.c **** #ifdef LEFT_BOARD
 180:..\source/encoder.c ****     return left_wheel_velocity;
 397              		.loc 1 180 0
 398 0000 014B     		ldr	r3, .L24
 399 0002 2420     		mov	r0, #36
 400 0004 185E     		ldrsh	r0, [r3, r0]
 181:..\source/encoder.c **** #elif defined RIGHT_BOARD
 182:..\source/encoder.c ****     return right_wheel_velocity;
 183:..\source/encoder.c **** #else
 184:..\source/encoder.c ****     #error "You haven't defined a board, e.g. LEFT_BOARD or RIGHT_BOARD"
 185:..\source/encoder.c **** #endif
 186:..\source/encoder.c **** }
 401              		.loc 1 186 0
 402              		@ sp needed
 403 0006 7047     		bx	lr
 404              	.L25:
 405              		.align	2
 406              	.L24:
 407 0008 00000000 		.word	.LANCHOR0
 408              		.cfi_endproc
 409              	.LFE44:
 410              		.size	Encoder_GetWheelSpeed, .-Encoder_GetWheelSpeed
 411              		.section	.text.Encoder_GetCount,"ax",%progbits
 412              		.align	2
 413              		.global	Encoder_GetCount
 414              		.code	16
 415              		.thumb_func
 416              		.type	Encoder_GetCount, %function
 417              	Encoder_GetCount:
 418              	.LFB45:
 187:..\source/encoder.c **** 
 188:..\source/encoder.c **** int32 Encoder_GetCount()
 189:..\source/encoder.c **** {
 419              		.loc 1 189 0
 420              		.cfi_startproc
 421 0000 08B5     		push	{r3, lr}
 422              		.cfi_def_cfa_offset 8
 423              		.cfi_offset 3, -8
 424              		.cfi_offset 14, -4
 190:..\source/encoder.c ****     return ReadCounter();
 425              		.loc 1 190 0
 426 0002 FFF7FEFF 		bl	LeftCounterWrapper
 427              	.LVL33:
 191:..\source/encoder.c **** }
 428              		.loc 1 191 0
 429              		@ sp needed
 430 0006 08BD     		pop	{r3, pc}
 431              		.cfi_endproc
 432              	.LFE45:
 433              		.size	Encoder_GetCount, .-Encoder_GetCount
 434              		.section	.text.Encoder_GetLRCount,"ax",%progbits
 435              		.align	2
 436              		.global	Encoder_GetLRCount
ARM GAS  C:\Users\Tim\AppData\Local\Temp\ccsFkJgc.s 			page 12


 437              		.code	16
 438              		.thumb_func
 439              		.type	Encoder_GetLRCount, %function
 440              	Encoder_GetLRCount:
 441              	.LFB46:
 192:..\source/encoder.c **** 
 193:..\source/encoder.c **** void Encoder_GetLRCount(int32* left, int32* right)
 194:..\source/encoder.c **** {
 442              		.loc 1 194 0
 443              		.cfi_startproc
 444              	.LVL34:
 445 0000 38B5     		push	{r3, r4, r5, lr}
 446              		.cfi_def_cfa_offset 16
 447              		.cfi_offset 3, -16
 448              		.cfi_offset 4, -12
 449              		.cfi_offset 5, -8
 450              		.cfi_offset 14, -4
 451 0002 051C     		mov	r5, r0
 452 0004 0C1C     		mov	r4, r1
 195:..\source/encoder.c ****     *left = LeftCounterWrapper();
 453              		.loc 1 195 0
 454 0006 FFF7FEFF 		bl	LeftCounterWrapper
 455              	.LVL35:
 456 000a 2860     		str	r0, [r5]
 196:..\source/encoder.c ****     *right = RightCounterWrapper();
 457              		.loc 1 196 0
 458 000c FFF7FEFF 		bl	RightCounterWrapper
 459              	.LVL36:
 460 0010 2060     		str	r0, [r4]
 197:..\source/encoder.c **** }
 461              		.loc 1 197 0
 462              		@ sp needed
 463              	.LVL37:
 464              	.LVL38:
 465 0012 38BD     		pop	{r3, r4, r5, pc}
 466              		.cfi_endproc
 467              	.LFE46:
 468              		.size	Encoder_GetLRCount, .-Encoder_GetLRCount
 469              		.section	.text.Encoder_Reset,"ax",%progbits
 470              		.align	2
 471              		.global	Encoder_Reset
 472              		.code	16
 473              		.thumb_func
 474              		.type	Encoder_Reset, %function
 475              	Encoder_Reset:
 476              	.LFB47:
 198:..\source/encoder.c **** 
 199:..\source/encoder.c **** void Encoder_Reset()
 200:..\source/encoder.c **** {
 477              		.loc 1 200 0
 478              		.cfi_startproc
 479 0000 08B5     		push	{r3, lr}
 480              		.cfi_def_cfa_offset 8
 481              		.cfi_offset 3, -8
 482              		.cfi_offset 14, -4
 201:..\source/encoder.c ****     left_wheel_velocity = 0;
 483              		.loc 1 201 0
ARM GAS  C:\Users\Tim\AppData\Local\Temp\ccsFkJgc.s 			page 13


 484 0002 064B     		ldr	r3, .L29
 485 0004 0022     		mov	r2, #0
 486 0006 9A84     		strh	r2, [r3, #36]
 202:..\source/encoder.c ****     right_wheel_velocity = 0;
 487              		.loc 1 202 0
 488 0008 DA84     		strh	r2, [r3, #38]
 203:..\source/encoder.c ****     left_count_per_second = 0;
 489              		.loc 1 203 0
 490 000a 1A85     		strh	r2, [r3, #40]
 204:..\source/encoder.c ****     right_count_per_second = 0;
 491              		.loc 1 204 0
 492 000c 5A85     		strh	r2, [r3, #42]
 205:..\source/encoder.c ****     Phase_Counter_WriteCounter(0);
 493              		.loc 1 205 0
 494 000e 0020     		mov	r0, #0
 495 0010 FFF7FEFF 		bl	Phase_Counter_WriteCounter
 496              	.LVL39:
 206:..\source/encoder.c ****     I2c_WriteCount(0);
 497              		.loc 1 206 0
 498 0014 0020     		mov	r0, #0
 499 0016 FFF7FEFF 		bl	I2c_WriteCount
 500              	.LVL40:
 207:..\source/encoder.c **** }
 501              		.loc 1 207 0
 502              		@ sp needed
 503 001a 08BD     		pop	{r3, pc}
 504              	.L30:
 505              		.align	2
 506              	.L29:
 507 001c 00000000 		.word	.LANCHOR0
 508              		.cfi_endproc
 509              	.LFE47:
 510              		.size	Encoder_Reset, .-Encoder_Reset
 511              		.bss
 512              		.align	2
 513              		.set	.LANCHOR0,. + 0
 514              		.type	overflow, %object
 515              		.size	overflow, 1
 516              	overflow:
 517 0000 00       		.space	1
 518              		.type	underflow, %object
 519              		.size	underflow, 1
 520              	underflow:
 521 0001 00       		.space	1
 522 0002 0000     		.space	2
 523              		.type	ma_left_delta_count, %object
 524              		.size	ma_left_delta_count, 8
 525              	ma_left_delta_count:
 526 0004 00000000 		.space	8
 526      00000000 
 527              		.type	ma_right_delta_count, %object
 528              		.size	ma_right_delta_count, 8
 529              	ma_right_delta_count:
 530 000c 00000000 		.space	8
 530      00000000 
 531              		.type	ma_left_wheel_velocity, %object
 532              		.size	ma_left_wheel_velocity, 8
ARM GAS  C:\Users\Tim\AppData\Local\Temp\ccsFkJgc.s 			page 14


 533              	ma_left_wheel_velocity:
 534 0014 00000000 		.space	8
 534      00000000 
 535              		.type	ma_right_wheel_velocity, %object
 536              		.size	ma_right_wheel_velocity, 8
 537              	ma_right_wheel_velocity:
 538 001c 00000000 		.space	8
 538      00000000 
 539              		.type	left_wheel_velocity, %object
 540              		.size	left_wheel_velocity, 2
 541              	left_wheel_velocity:
 542 0024 0000     		.space	2
 543              		.type	right_wheel_velocity, %object
 544              		.size	right_wheel_velocity, 2
 545              	right_wheel_velocity:
 546 0026 0000     		.space	2
 547              		.type	left_count_per_second, %object
 548              		.size	left_count_per_second, 2
 549              	left_count_per_second:
 550 0028 0000     		.space	2
 551              		.type	right_count_per_second, %object
 552              		.size	right_count_per_second, 2
 553              	right_count_per_second:
 554 002a 0000     		.space	2
 555              		.type	last_left_count.6960, %object
 556              		.size	last_left_count.6960, 4
 557              	last_left_count.6960:
 558 002c 00000000 		.space	4
 559              		.type	last_right_count.6961, %object
 560              		.size	last_right_count.6961, 4
 561              	last_right_count.6961:
 562 0030 00000000 		.space	4
 563              		.type	last_capture_time.6968, %object
 564              		.size	last_capture_time.6968, 4
 565              	last_capture_time.6968:
 566 0034 00000000 		.space	4
 567              		.type	delta_time.6969, %object
 568              		.size	delta_time.6969, 4
 569              	delta_time.6969:
 570 0038 00000000 		.space	4
 571              		.text
 572              	.Letext0:
 573              		.file 2 "Generated_Source\\PSoC4/cytypes.h"
 574              		.file 3 "..\\source\\utils.h"
 575              		.file 4 "Generated_Source\\PSoC4/Phase_Counter.h"
 576              		.file 5 "..\\source\\i2c.h"
 577              		.file 6 "Generated_Source\\PSoC4/PhaseCounter_Intr.h"
 578              		.file 7 "..\\source\\time.h"
 579              		.section	.debug_info,"",%progbits
 580              	.Ldebug_info0:
 581 0000 3C050000 		.4byte	0x53c
 582 0004 0400     		.2byte	0x4
 583 0006 00000000 		.4byte	.Ldebug_abbrev0
 584 000a 04       		.byte	0x4
 585 000b 01       		.uleb128 0x1
 586 000c 52010000 		.4byte	.LASF60
 587 0010 01       		.byte	0x1
ARM GAS  C:\Users\Tim\AppData\Local\Temp\ccsFkJgc.s 			page 15


 588 0011 41040000 		.4byte	.LASF61
 589 0015 1F030000 		.4byte	.LASF62
 590 0019 00000000 		.4byte	.Ldebug_ranges0+0
 591 001d 00000000 		.4byte	0
 592 0021 00000000 		.4byte	.Ldebug_line0
 593 0025 02       		.uleb128 0x2
 594 0026 04       		.byte	0x4
 595 0027 07       		.byte	0x7
 596 0028 57020000 		.4byte	.LASF0
 597 002c 03       		.uleb128 0x3
 598 002d 04       		.byte	0x4
 599 002e 05       		.byte	0x5
 600 002f 696E7400 		.ascii	"int\000"
 601 0033 02       		.uleb128 0x2
 602 0034 01       		.byte	0x1
 603 0035 06       		.byte	0x6
 604 0036 25020000 		.4byte	.LASF1
 605 003a 02       		.uleb128 0x2
 606 003b 01       		.byte	0x1
 607 003c 08       		.byte	0x8
 608 003d E0010000 		.4byte	.LASF2
 609 0041 02       		.uleb128 0x2
 610 0042 02       		.byte	0x2
 611 0043 05       		.byte	0x5
 612 0044 40000000 		.4byte	.LASF3
 613 0048 02       		.uleb128 0x2
 614 0049 02       		.byte	0x2
 615 004a 07       		.byte	0x7
 616 004b 77020000 		.4byte	.LASF4
 617 004f 02       		.uleb128 0x2
 618 0050 04       		.byte	0x4
 619 0051 05       		.byte	0x5
 620 0052 2D010000 		.4byte	.LASF5
 621 0056 02       		.uleb128 0x2
 622 0057 04       		.byte	0x4
 623 0058 07       		.byte	0x7
 624 0059 76030000 		.4byte	.LASF6
 625 005d 02       		.uleb128 0x2
 626 005e 08       		.byte	0x8
 627 005f 05       		.byte	0x5
 628 0060 14010000 		.4byte	.LASF7
 629 0064 02       		.uleb128 0x2
 630 0065 08       		.byte	0x8
 631 0066 07       		.byte	0x7
 632 0067 31020000 		.4byte	.LASF8
 633 006b 02       		.uleb128 0x2
 634 006c 04       		.byte	0x4
 635 006d 07       		.byte	0x7
 636 006e 4A000000 		.4byte	.LASF9
 637 0072 04       		.uleb128 0x4
 638 0073 04       		.byte	0x4
 639 0074 78000000 		.4byte	0x78
 640 0078 05       		.uleb128 0x5
 641 0079 02       		.uleb128 0x2
 642 007a 01       		.byte	0x1
 643 007b 08       		.byte	0x8
 644 007c 91020000 		.4byte	.LASF10
ARM GAS  C:\Users\Tim\AppData\Local\Temp\ccsFkJgc.s 			page 16


 645 0080 06       		.uleb128 0x6
 646 0081 E5000000 		.4byte	.LASF11
 647 0085 02       		.byte	0x2
 648 0086 3801     		.2byte	0x138
 649 0088 3A000000 		.4byte	0x3a
 650 008c 06       		.uleb128 0x6
 651 008d 5C030000 		.4byte	.LASF12
 652 0091 02       		.byte	0x2
 653 0092 3A01     		.2byte	0x13a
 654 0094 56000000 		.4byte	0x56
 655 0098 06       		.uleb128 0x6
 656 0099 CB000000 		.4byte	.LASF13
 657 009d 02       		.byte	0x2
 658 009e 3C01     		.2byte	0x13c
 659 00a0 41000000 		.4byte	0x41
 660 00a4 06       		.uleb128 0x6
 661 00a5 0E010000 		.4byte	.LASF14
 662 00a9 02       		.byte	0x2
 663 00aa 3D01     		.2byte	0x13d
 664 00ac 4F000000 		.4byte	0x4f
 665 00b0 02       		.uleb128 0x2
 666 00b1 04       		.byte	0x4
 667 00b2 04       		.byte	0x4
 668 00b3 F7000000 		.4byte	.LASF15
 669 00b7 02       		.uleb128 0x2
 670 00b8 08       		.byte	0x8
 671 00b9 04       		.byte	0x4
 672 00ba B0030000 		.4byte	.LASF16
 673 00be 06       		.uleb128 0x6
 674 00bf EE010000 		.4byte	.LASF17
 675 00c3 02       		.byte	0x2
 676 00c4 F401     		.2byte	0x1f4
 677 00c6 72000000 		.4byte	0x72
 678 00ca 07       		.uleb128 0x7
 679 00cb 11020000 		.4byte	.LASF63
 680 00cf 08       		.byte	0x8
 681 00d0 03       		.byte	0x3
 682 00d1 1A       		.byte	0x1a
 683 00d2 ED000000 		.4byte	0xed
 684 00d6 08       		.uleb128 0x8
 685 00d7 6E00     		.ascii	"n\000"
 686 00d9 03       		.byte	0x3
 687 00da 1C       		.byte	0x1c
 688 00db A4000000 		.4byte	0xa4
 689 00df 00       		.byte	0
 690 00e0 09       		.uleb128 0x9
 691 00e1 64020000 		.4byte	.LASF18
 692 00e5 03       		.byte	0x3
 693 00e6 1D       		.byte	0x1d
 694 00e7 A4000000 		.4byte	0xa4
 695 00eb 04       		.byte	0x4
 696 00ec 00       		.byte	0
 697 00ed 0A       		.uleb128 0xa
 698 00ee B4040000 		.4byte	.LASF19
 699 00f2 03       		.byte	0x3
 700 00f3 1E       		.byte	0x1e
 701 00f4 CA000000 		.4byte	0xca
ARM GAS  C:\Users\Tim\AppData\Local\Temp\ccsFkJgc.s 			page 17


 702 00f8 0B       		.uleb128 0xb
 703 00f9 96020000 		.4byte	.LASF24
 704 00fd 01       		.byte	0x1
 705 00fe 24       		.byte	0x24
 706 00ff 00000000 		.4byte	.LFB36
 707 0103 20000000 		.4byte	.LFE36-.LFB36
 708 0107 01       		.uleb128 0x1
 709 0108 9C       		.byte	0x9c
 710 0109 24010000 		.4byte	0x124
 711 010d 0C       		.uleb128 0xc
 712 010e 8A020000 		.4byte	.LASF26
 713 0112 01       		.byte	0x1
 714 0113 26       		.byte	0x26
 715 0114 80000000 		.4byte	0x80
 716 0118 01       		.uleb128 0x1
 717 0119 50       		.byte	0x50
 718 011a 0D       		.uleb128 0xd
 719 011b 06000000 		.4byte	.LVL0
 720 011f 96040000 		.4byte	0x496
 721 0123 00       		.byte	0
 722 0124 0E       		.uleb128 0xe
 723 0125 63030000 		.4byte	.LASF20
 724 0129 01       		.byte	0x1
 725 012a 42       		.byte	0x42
 726 012b A4000000 		.4byte	0xa4
 727 012f 00000000 		.4byte	.LFB37
 728 0133 08000000 		.4byte	.LFE37-.LFB37
 729 0137 01       		.uleb128 0x1
 730 0138 9C       		.byte	0x9c
 731 0139 47010000 		.4byte	0x147
 732 013d 0D       		.uleb128 0xd
 733 013e 06000000 		.4byte	.LVL1
 734 0142 A1040000 		.4byte	0x4a1
 735 0146 00       		.byte	0
 736 0147 0E       		.uleb128 0xe
 737 0148 53000000 		.4byte	.LASF21
 738 014c 01       		.byte	0x1
 739 014d 46       		.byte	0x46
 740 014e A4000000 		.4byte	0xa4
 741 0152 00000000 		.4byte	.LFB38
 742 0156 08000000 		.4byte	.LFE38-.LFB38
 743 015a 01       		.uleb128 0x1
 744 015b 9C       		.byte	0x9c
 745 015c 6A010000 		.4byte	0x16a
 746 0160 0D       		.uleb128 0xd
 747 0161 06000000 		.4byte	.LVL2
 748 0165 AC040000 		.4byte	0x4ac
 749 0169 00       		.byte	0
 750 016a 0F       		.uleb128 0xf
 751 016b 13000000 		.4byte	.LASF22
 752 016f 01       		.byte	0x1
 753 0170 59       		.byte	0x59
 754 0171 00000000 		.4byte	.LFB39
 755 0175 2C000000 		.4byte	.LFE39-.LFB39
 756 0179 01       		.uleb128 0x1
 757 017a 9C       		.byte	0x9c
 758 017b 8F010000 		.4byte	0x18f
ARM GAS  C:\Users\Tim\AppData\Local\Temp\ccsFkJgc.s 			page 18


 759 017f 10       		.uleb128 0x10
 760 0180 08000000 		.4byte	.LVL3
 761 0184 BD040000 		.4byte	0x4bd
 762 0188 11       		.uleb128 0x11
 763 0189 01       		.uleb128 0x1
 764 018a 50       		.byte	0x50
 765 018b 01       		.uleb128 0x1
 766 018c 30       		.byte	0x30
 767 018d 00       		.byte	0
 768 018e 00       		.byte	0
 769 018f 0F       		.uleb128 0xf
 770 0190 A5000000 		.4byte	.LASF23
 771 0194 01       		.byte	0x1
 772 0195 6F       		.byte	0x6f
 773 0196 00000000 		.4byte	.LFB40
 774 019a 10000000 		.4byte	.LFE40-.LFB40
 775 019e 01       		.uleb128 0x1
 776 019f 9C       		.byte	0x9c
 777 01a0 B8010000 		.4byte	0x1b8
 778 01a4 10       		.uleb128 0x10
 779 01a5 08000000 		.4byte	.LVL4
 780 01a9 CE040000 		.4byte	0x4ce
 781 01ad 11       		.uleb128 0x11
 782 01ae 01       		.uleb128 0x1
 783 01af 50       		.byte	0x50
 784 01b0 05       		.uleb128 0x5
 785 01b1 03       		.byte	0x3
 786 01b2 00000000 		.4byte	Phase_Counter_Interrupt_Handler
 787 01b6 00       		.byte	0
 788 01b7 00       		.byte	0
 789 01b8 12       		.uleb128 0x12
 790 01b9 48020000 		.4byte	.LASF25
 791 01bd 01       		.byte	0x1
 792 01be 74       		.byte	0x74
 793 01bf 00000000 		.4byte	.LFB41
 794 01c3 98000000 		.4byte	.LFE41-.LFB41
 795 01c7 01       		.uleb128 0x1
 796 01c8 9C       		.byte	0x9c
 797 01c9 83020000 		.4byte	0x283
 798 01cd 13       		.uleb128 0x13
 799 01ce 67000000 		.4byte	.LASF35
 800 01d2 01       		.byte	0x1
 801 01d3 74       		.byte	0x74
 802 01d4 8C000000 		.4byte	0x8c
 803 01d8 00000000 		.4byte	.LLST0
 804 01dc 0C       		.uleb128 0xc
 805 01dd B7030000 		.4byte	.LASF27
 806 01e1 01       		.byte	0x1
 807 01e2 76       		.byte	0x76
 808 01e3 A4000000 		.4byte	0xa4
 809 01e7 05       		.uleb128 0x5
 810 01e8 03       		.byte	0x3
 811 01e9 2C000000 		.4byte	last_left_count.6960
 812 01ed 0C       		.uleb128 0xc
 813 01ee BB020000 		.4byte	.LASF28
 814 01f2 01       		.byte	0x1
 815 01f3 77       		.byte	0x77
ARM GAS  C:\Users\Tim\AppData\Local\Temp\ccsFkJgc.s 			page 19


 816 01f4 A4000000 		.4byte	0xa4
 817 01f8 05       		.uleb128 0x5
 818 01f9 03       		.byte	0x3
 819 01fa 30000000 		.4byte	last_right_count.6961
 820 01fe 14       		.uleb128 0x14
 821 01ff 19040000 		.4byte	.LASF29
 822 0203 01       		.byte	0x1
 823 0204 78       		.byte	0x78
 824 0205 A4000000 		.4byte	0xa4
 825 0209 1F000000 		.4byte	.LLST1
 826 020d 14       		.uleb128 0x14
 827 020e 07040000 		.4byte	.LASF30
 828 0212 01       		.byte	0x1
 829 0213 79       		.byte	0x79
 830 0214 A4000000 		.4byte	0xa4
 831 0218 32000000 		.4byte	.LLST2
 832 021c 14       		.uleb128 0x14
 833 021d 22010000 		.4byte	.LASF31
 834 0221 01       		.byte	0x1
 835 0222 7A       		.byte	0x7a
 836 0223 A4000000 		.4byte	0xa4
 837 0227 45000000 		.4byte	.LLST3
 838 022b 14       		.uleb128 0x14
 839 022c EB000000 		.4byte	.LASF32
 840 0230 01       		.byte	0x1
 841 0231 7B       		.byte	0x7b
 842 0232 A4000000 		.4byte	0xa4
 843 0236 63000000 		.4byte	.LLST4
 844 023a 0D       		.uleb128 0xd
 845 023b 0A000000 		.4byte	.LVL6
 846 023f 24010000 		.4byte	0x124
 847 0243 0D       		.uleb128 0xd
 848 0244 10000000 		.4byte	.LVL8
 849 0248 47010000 		.4byte	0x147
 850 024c 0D       		.uleb128 0xd
 851 024d 1E000000 		.4byte	.LVL11
 852 0251 24010000 		.4byte	0x124
 853 0255 0D       		.uleb128 0xd
 854 0256 24000000 		.4byte	.LVL12
 855 025a 47010000 		.4byte	0x147
 856 025e 15       		.uleb128 0x15
 857 025f 62000000 		.4byte	.LVL19
 858 0263 DF040000 		.4byte	0x4df
 859 0267 72020000 		.4byte	0x272
 860 026b 11       		.uleb128 0x11
 861 026c 01       		.uleb128 0x1
 862 026d 50       		.byte	0x50
 863 026e 02       		.uleb128 0x2
 864 026f 75       		.byte	0x75
 865 0270 00       		.sleb128 0
 866 0271 00       		.byte	0
 867 0272 10       		.uleb128 0x10
 868 0273 84000000 		.4byte	.LVL23
 869 0277 DF040000 		.4byte	0x4df
 870 027b 11       		.uleb128 0x11
 871 027c 01       		.uleb128 0x1
 872 027d 50       		.byte	0x50
ARM GAS  C:\Users\Tim\AppData\Local\Temp\ccsFkJgc.s 			page 20


 873 027e 02       		.uleb128 0x2
 874 027f 75       		.byte	0x75
 875 0280 00       		.sleb128 0
 876 0281 00       		.byte	0
 877 0282 00       		.byte	0
 878 0283 0F       		.uleb128 0xf
 879 0284 F8030000 		.4byte	.LASF33
 880 0288 01       		.byte	0x1
 881 0289 92       		.byte	0x92
 882 028a 00000000 		.4byte	.LFB42
 883 028e 38000000 		.4byte	.LFE42-.LFB42
 884 0292 01       		.uleb128 0x1
 885 0293 9C       		.byte	0x9c
 886 0294 FA020000 		.4byte	0x2fa
 887 0298 0C       		.uleb128 0xc
 888 0299 93000000 		.4byte	.LASF34
 889 029d 01       		.byte	0x1
 890 029e 94       		.byte	0x94
 891 029f 8C000000 		.4byte	0x8c
 892 02a3 05       		.uleb128 0x5
 893 02a4 03       		.byte	0x3
 894 02a5 34000000 		.4byte	last_capture_time.6968
 895 02a9 0C       		.uleb128 0xc
 896 02aa 67000000 		.4byte	.LASF35
 897 02ae 01       		.byte	0x1
 898 02af 95       		.byte	0x95
 899 02b0 8C000000 		.4byte	0x8c
 900 02b4 05       		.uleb128 0x5
 901 02b5 03       		.byte	0x3
 902 02b6 38000000 		.4byte	delta_time.6969
 903 02ba 0D       		.uleb128 0xd
 904 02bb 06000000 		.4byte	.LVL25
 905 02bf FF040000 		.4byte	0x4ff
 906 02c3 0D       		.uleb128 0xd
 907 02c4 12000000 		.4byte	.LVL26
 908 02c8 FF040000 		.4byte	0x4ff
 909 02cc 0D       		.uleb128 0xd
 910 02cd 1A000000 		.4byte	.LVL27
 911 02d1 B8010000 		.4byte	0x1b8
 912 02d5 0D       		.uleb128 0xd
 913 02d6 1E000000 		.4byte	.LVL28
 914 02da 24010000 		.4byte	0x124
 915 02de 0D       		.uleb128 0xd
 916 02df 22000000 		.4byte	.LVL29
 917 02e3 10050000 		.4byte	0x510
 918 02e7 0D       		.uleb128 0xd
 919 02e8 2A000000 		.4byte	.LVL30
 920 02ec 21050000 		.4byte	0x521
 921 02f0 0D       		.uleb128 0xd
 922 02f1 32000000 		.4byte	.LVL31
 923 02f5 32050000 		.4byte	0x532
 924 02f9 00       		.byte	0
 925 02fa 0B       		.uleb128 0xb
 926 02fb 00000000 		.4byte	.LASF36
 927 02ff 01       		.byte	0x1
 928 0300 AB       		.byte	0xab
 929 0301 00000000 		.4byte	.LFB43
ARM GAS  C:\Users\Tim\AppData\Local\Temp\ccsFkJgc.s 			page 21


 930 0305 10000000 		.4byte	.LFE43-.LFB43
 931 0309 01       		.uleb128 0x1
 932 030a 9C       		.byte	0x9c
 933 030b 2A030000 		.4byte	0x32a
 934 030f 16       		.uleb128 0x16
 935 0310 B6020000 		.4byte	.LASF37
 936 0314 01       		.byte	0x1
 937 0315 AB       		.byte	0xab
 938 0316 2A030000 		.4byte	0x32a
 939 031a 01       		.uleb128 0x1
 940 031b 50       		.byte	0x50
 941 031c 16       		.uleb128 0x16
 942 031d 20000000 		.4byte	.LASF38
 943 0321 01       		.byte	0x1
 944 0322 AB       		.byte	0xab
 945 0323 2A030000 		.4byte	0x32a
 946 0327 01       		.uleb128 0x1
 947 0328 51       		.byte	0x51
 948 0329 00       		.byte	0
 949 032a 04       		.uleb128 0x4
 950 032b 04       		.byte	0x4
 951 032c 98000000 		.4byte	0x98
 952 0330 17       		.uleb128 0x17
 953 0331 FB010000 		.4byte	.LASF64
 954 0335 01       		.byte	0x1
 955 0336 B1       		.byte	0xb1
 956 0337 98000000 		.4byte	0x98
 957 033b 00000000 		.4byte	.LFB44
 958 033f 0C000000 		.4byte	.LFE44-.LFB44
 959 0343 01       		.uleb128 0x1
 960 0344 9C       		.byte	0x9c
 961 0345 18       		.uleb128 0x18
 962 0346 FD000000 		.4byte	.LASF39
 963 034a 01       		.byte	0x1
 964 034b BC       		.byte	0xbc
 965 034c A4000000 		.4byte	0xa4
 966 0350 00000000 		.4byte	.LFB45
 967 0354 08000000 		.4byte	.LFE45-.LFB45
 968 0358 01       		.uleb128 0x1
 969 0359 9C       		.byte	0x9c
 970 035a 68030000 		.4byte	0x368
 971 035e 0D       		.uleb128 0xd
 972 035f 06000000 		.4byte	.LVL33
 973 0363 24010000 		.4byte	0x124
 974 0367 00       		.byte	0
 975 0368 0B       		.uleb128 0xb
 976 0369 9D030000 		.4byte	.LASF40
 977 036d 01       		.byte	0x1
 978 036e C1       		.byte	0xc1
 979 036f 00000000 		.4byte	.LFB46
 980 0373 14000000 		.4byte	.LFE46-.LFB46
 981 0377 01       		.uleb128 0x1
 982 0378 9C       		.byte	0x9c
 983 0379 AE030000 		.4byte	0x3ae
 984 037d 13       		.uleb128 0x13
 985 037e B6020000 		.4byte	.LASF37
 986 0382 01       		.byte	0x1
ARM GAS  C:\Users\Tim\AppData\Local\Temp\ccsFkJgc.s 			page 22


 987 0383 C1       		.byte	0xc1
 988 0384 AE030000 		.4byte	0x3ae
 989 0388 76000000 		.4byte	.LLST5
 990 038c 13       		.uleb128 0x13
 991 038d 20000000 		.4byte	.LASF38
 992 0391 01       		.byte	0x1
 993 0392 C1       		.byte	0xc1
 994 0393 AE030000 		.4byte	0x3ae
 995 0397 A2000000 		.4byte	.LLST6
 996 039b 0D       		.uleb128 0xd
 997 039c 0A000000 		.4byte	.LVL35
 998 03a0 24010000 		.4byte	0x124
 999 03a4 0D       		.uleb128 0xd
 1000 03a5 10000000 		.4byte	.LVL36
 1001 03a9 47010000 		.4byte	0x147
 1002 03ad 00       		.byte	0
 1003 03ae 04       		.uleb128 0x4
 1004 03af 04       		.byte	0x4
 1005 03b0 A4000000 		.4byte	0xa4
 1006 03b4 0F       		.uleb128 0xf
 1007 03b5 55040000 		.4byte	.LASF41
 1008 03b9 01       		.byte	0x1
 1009 03ba C7       		.byte	0xc7
 1010 03bb 00000000 		.4byte	.LFB47
 1011 03bf 20000000 		.4byte	.LFE47-.LFB47
 1012 03c3 01       		.uleb128 0x1
 1013 03c4 9C       		.byte	0x9c
 1014 03c5 EC030000 		.4byte	0x3ec
 1015 03c9 15       		.uleb128 0x15
 1016 03ca 14000000 		.4byte	.LVL39
 1017 03ce BD040000 		.4byte	0x4bd
 1018 03d2 DC030000 		.4byte	0x3dc
 1019 03d6 11       		.uleb128 0x11
 1020 03d7 01       		.uleb128 0x1
 1021 03d8 50       		.byte	0x50
 1022 03d9 01       		.uleb128 0x1
 1023 03da 30       		.byte	0x30
 1024 03db 00       		.byte	0
 1025 03dc 10       		.uleb128 0x10
 1026 03dd 1A000000 		.4byte	.LVL40
 1027 03e1 10050000 		.4byte	0x510
 1028 03e5 11       		.uleb128 0x11
 1029 03e6 01       		.uleb128 0x1
 1030 03e7 50       		.byte	0x50
 1031 03e8 01       		.uleb128 0x1
 1032 03e9 30       		.byte	0x30
 1033 03ea 00       		.byte	0
 1034 03eb 00       		.byte	0
 1035 03ec 0C       		.uleb128 0xc
 1036 03ed CC020000 		.4byte	.LASF42
 1037 03f1 01       		.byte	0x1
 1038 03f2 14       		.byte	0x14
 1039 03f3 80000000 		.4byte	0x80
 1040 03f7 05       		.uleb128 0x5
 1041 03f8 03       		.byte	0x3
 1042 03f9 00000000 		.4byte	overflow
 1043 03fd 0C       		.uleb128 0xc
ARM GAS  C:\Users\Tim\AppData\Local\Temp\ccsFkJgc.s 			page 23


 1044 03fe C1000000 		.4byte	.LASF43
 1045 0402 01       		.byte	0x1
 1046 0403 15       		.byte	0x15
 1047 0404 80000000 		.4byte	0x80
 1048 0408 05       		.uleb128 0x5
 1049 0409 03       		.byte	0x3
 1050 040a 01000000 		.4byte	underflow
 1051 040e 0C       		.uleb128 0xc
 1052 040f 63040000 		.4byte	.LASF44
 1053 0413 01       		.byte	0x1
 1054 0414 17       		.byte	0x17
 1055 0415 ED000000 		.4byte	0xed
 1056 0419 05       		.uleb128 0x5
 1057 041a 03       		.byte	0x3
 1058 041b 04000000 		.4byte	ma_left_delta_count
 1059 041f 0C       		.uleb128 0xc
 1060 0420 88030000 		.4byte	.LASF45
 1061 0424 01       		.byte	0x1
 1062 0425 18       		.byte	0x18
 1063 0426 ED000000 		.4byte	0xed
 1064 042a 05       		.uleb128 0x5
 1065 042b 03       		.byte	0x3
 1066 042c 0C000000 		.4byte	ma_right_delta_count
 1067 0430 0C       		.uleb128 0xc
 1068 0431 D1000000 		.4byte	.LASF46
 1069 0435 01       		.byte	0x1
 1070 0436 1A       		.byte	0x1a
 1071 0437 98000000 		.4byte	0x98
 1072 043b 05       		.uleb128 0x5
 1073 043c 03       		.byte	0x3
 1074 043d 24000000 		.4byte	left_wheel_velocity
 1075 0441 0C       		.uleb128 0xc
 1076 0442 3D010000 		.4byte	.LASF47
 1077 0446 01       		.byte	0x1
 1078 0447 1B       		.byte	0x1b
 1079 0448 98000000 		.4byte	0x98
 1080 044c 05       		.uleb128 0x5
 1081 044d 03       		.byte	0x3
 1082 044e 26000000 		.4byte	right_wheel_velocity
 1083 0452 0C       		.uleb128 0xc
 1084 0453 2A040000 		.4byte	.LASF48
 1085 0457 01       		.byte	0x1
 1086 0458 1D       		.byte	0x1d
 1087 0459 ED000000 		.4byte	0xed
 1088 045d 05       		.uleb128 0x5
 1089 045e 03       		.byte	0x3
 1090 045f 14000000 		.4byte	ma_left_wheel_velocity
 1091 0463 0C       		.uleb128 0xc
 1092 0464 9C040000 		.4byte	.LASF49
 1093 0468 01       		.byte	0x1
 1094 0469 1E       		.byte	0x1e
 1095 046a ED000000 		.4byte	0xed
 1096 046e 05       		.uleb128 0x5
 1097 046f 03       		.byte	0x3
 1098 0470 1C000000 		.4byte	ma_right_wheel_velocity
 1099 0474 0C       		.uleb128 0xc
 1100 0475 77040000 		.4byte	.LASF50
ARM GAS  C:\Users\Tim\AppData\Local\Temp\ccsFkJgc.s 			page 24


 1101 0479 01       		.byte	0x1
 1102 047a 20       		.byte	0x20
 1103 047b 98000000 		.4byte	0x98
 1104 047f 05       		.uleb128 0x5
 1105 0480 03       		.byte	0x3
 1106 0481 28000000 		.4byte	left_count_per_second
 1107 0485 0C       		.uleb128 0xc
 1108 0486 08030000 		.4byte	.LASF51
 1109 048a 01       		.byte	0x1
 1110 048b 21       		.byte	0x21
 1111 048c 98000000 		.4byte	0x98
 1112 0490 05       		.uleb128 0x5
 1113 0491 03       		.byte	0x3
 1114 0492 2A000000 		.4byte	right_count_per_second
 1115 0496 19       		.uleb128 0x19
 1116 0497 72000000 		.4byte	.LASF52
 1117 049b 04       		.byte	0x4
 1118 049c 52       		.byte	0x52
 1119 049d 80000000 		.4byte	0x80
 1120 04a1 19       		.uleb128 0x19
 1121 04a2 DE030000 		.4byte	.LASF53
 1122 04a6 04       		.byte	0x4
 1123 04a7 5D       		.byte	0x5d
 1124 04a8 8C000000 		.4byte	0x8c
 1125 04ac 1A       		.uleb128 0x1a
 1126 04ad 69020000 		.4byte	.LASF54
 1127 04b1 05       		.byte	0x5
 1128 04b2 2A       		.byte	0x2a
 1129 04b3 A4000000 		.4byte	0xa4
 1130 04b7 BD040000 		.4byte	0x4bd
 1131 04bb 1B       		.uleb128 0x1b
 1132 04bc 00       		.byte	0
 1133 04bd 1C       		.uleb128 0x1c
 1134 04be ED020000 		.4byte	.LASF55
 1135 04c2 04       		.byte	0x4
 1136 04c3 5A       		.byte	0x5a
 1137 04c4 CE040000 		.4byte	0x4ce
 1138 04c8 1D       		.uleb128 0x1d
 1139 04c9 8C000000 		.4byte	0x8c
 1140 04cd 00       		.byte	0
 1141 04ce 1C       		.uleb128 0x1c
 1142 04cf 26000000 		.4byte	.LASF56
 1143 04d3 06       		.byte	0x6
 1144 04d4 18       		.byte	0x18
 1145 04d5 DF040000 		.4byte	0x4df
 1146 04d9 1D       		.uleb128 0x1d
 1147 04da BE000000 		.4byte	0xbe
 1148 04de 00       		.byte	0
 1149 04df 1E       		.uleb128 0x1e
 1150 04e0 B3000000 		.4byte	.LASF65
 1151 04e4 03       		.byte	0x3
 1152 04e5 20       		.byte	0x20
 1153 04e6 A4000000 		.4byte	0xa4
 1154 04ea F9040000 		.4byte	0x4f9
 1155 04ee 1D       		.uleb128 0x1d
 1156 04ef F9040000 		.4byte	0x4f9
 1157 04f3 1D       		.uleb128 0x1d
ARM GAS  C:\Users\Tim\AppData\Local\Temp\ccsFkJgc.s 			page 25


 1158 04f4 A4000000 		.4byte	0xa4
 1159 04f8 00       		.byte	0
 1160 04f9 04       		.uleb128 0x4
 1161 04fa 04       		.byte	0x4
 1162 04fb ED000000 		.4byte	0xed
 1163 04ff 1A       		.uleb128 0x1a
 1164 0500 36010000 		.4byte	.LASF57
 1165 0504 07       		.byte	0x7
 1166 0505 18       		.byte	0x18
 1167 0506 8C000000 		.4byte	0x8c
 1168 050a 10050000 		.4byte	0x510
 1169 050e 1B       		.uleb128 0x1b
 1170 050f 00       		.byte	0
 1171 0510 1C       		.uleb128 0x1c
 1172 0511 8D040000 		.4byte	.LASF58
 1173 0515 05       		.byte	0x5
 1174 0516 2D       		.byte	0x2d
 1175 0517 21050000 		.4byte	0x521
 1176 051b 1D       		.uleb128 0x1d
 1177 051c A4000000 		.4byte	0xa4
 1178 0520 00       		.byte	0
 1179 0521 1C       		.uleb128 0x1c
 1180 0522 D5020000 		.4byte	.LASF59
 1181 0526 05       		.byte	0x5
 1182 0527 2E       		.byte	0x2e
 1183 0528 32050000 		.4byte	0x532
 1184 052c 1D       		.uleb128 0x1d
 1185 052d 98000000 		.4byte	0x98
 1186 0531 00       		.byte	0
 1187 0532 1F       		.uleb128 0x1f
 1188 0533 C7030000 		.4byte	.LASF66
 1189 0537 05       		.byte	0x5
 1190 0538 2F       		.byte	0x2f
 1191 0539 1D       		.uleb128 0x1d
 1192 053a 98000000 		.4byte	0x98
 1193 053e 00       		.byte	0
 1194 053f 00       		.byte	0
 1195              		.section	.debug_abbrev,"",%progbits
 1196              	.Ldebug_abbrev0:
 1197 0000 01       		.uleb128 0x1
 1198 0001 11       		.uleb128 0x11
 1199 0002 01       		.byte	0x1
 1200 0003 25       		.uleb128 0x25
 1201 0004 0E       		.uleb128 0xe
 1202 0005 13       		.uleb128 0x13
 1203 0006 0B       		.uleb128 0xb
 1204 0007 03       		.uleb128 0x3
 1205 0008 0E       		.uleb128 0xe
 1206 0009 1B       		.uleb128 0x1b
 1207 000a 0E       		.uleb128 0xe
 1208 000b 55       		.uleb128 0x55
 1209 000c 17       		.uleb128 0x17
 1210 000d 11       		.uleb128 0x11
 1211 000e 01       		.uleb128 0x1
 1212 000f 10       		.uleb128 0x10
 1213 0010 17       		.uleb128 0x17
 1214 0011 00       		.byte	0
ARM GAS  C:\Users\Tim\AppData\Local\Temp\ccsFkJgc.s 			page 26


 1215 0012 00       		.byte	0
 1216 0013 02       		.uleb128 0x2
 1217 0014 24       		.uleb128 0x24
 1218 0015 00       		.byte	0
 1219 0016 0B       		.uleb128 0xb
 1220 0017 0B       		.uleb128 0xb
 1221 0018 3E       		.uleb128 0x3e
 1222 0019 0B       		.uleb128 0xb
 1223 001a 03       		.uleb128 0x3
 1224 001b 0E       		.uleb128 0xe
 1225 001c 00       		.byte	0
 1226 001d 00       		.byte	0
 1227 001e 03       		.uleb128 0x3
 1228 001f 24       		.uleb128 0x24
 1229 0020 00       		.byte	0
 1230 0021 0B       		.uleb128 0xb
 1231 0022 0B       		.uleb128 0xb
 1232 0023 3E       		.uleb128 0x3e
 1233 0024 0B       		.uleb128 0xb
 1234 0025 03       		.uleb128 0x3
 1235 0026 08       		.uleb128 0x8
 1236 0027 00       		.byte	0
 1237 0028 00       		.byte	0
 1238 0029 04       		.uleb128 0x4
 1239 002a 0F       		.uleb128 0xf
 1240 002b 00       		.byte	0
 1241 002c 0B       		.uleb128 0xb
 1242 002d 0B       		.uleb128 0xb
 1243 002e 49       		.uleb128 0x49
 1244 002f 13       		.uleb128 0x13
 1245 0030 00       		.byte	0
 1246 0031 00       		.byte	0
 1247 0032 05       		.uleb128 0x5
 1248 0033 15       		.uleb128 0x15
 1249 0034 00       		.byte	0
 1250 0035 27       		.uleb128 0x27
 1251 0036 19       		.uleb128 0x19
 1252 0037 00       		.byte	0
 1253 0038 00       		.byte	0
 1254 0039 06       		.uleb128 0x6
 1255 003a 16       		.uleb128 0x16
 1256 003b 00       		.byte	0
 1257 003c 03       		.uleb128 0x3
 1258 003d 0E       		.uleb128 0xe
 1259 003e 3A       		.uleb128 0x3a
 1260 003f 0B       		.uleb128 0xb
 1261 0040 3B       		.uleb128 0x3b
 1262 0041 05       		.uleb128 0x5
 1263 0042 49       		.uleb128 0x49
 1264 0043 13       		.uleb128 0x13
 1265 0044 00       		.byte	0
 1266 0045 00       		.byte	0
 1267 0046 07       		.uleb128 0x7
 1268 0047 13       		.uleb128 0x13
 1269 0048 01       		.byte	0x1
 1270 0049 03       		.uleb128 0x3
 1271 004a 0E       		.uleb128 0xe
ARM GAS  C:\Users\Tim\AppData\Local\Temp\ccsFkJgc.s 			page 27


 1272 004b 0B       		.uleb128 0xb
 1273 004c 0B       		.uleb128 0xb
 1274 004d 3A       		.uleb128 0x3a
 1275 004e 0B       		.uleb128 0xb
 1276 004f 3B       		.uleb128 0x3b
 1277 0050 0B       		.uleb128 0xb
 1278 0051 01       		.uleb128 0x1
 1279 0052 13       		.uleb128 0x13
 1280 0053 00       		.byte	0
 1281 0054 00       		.byte	0
 1282 0055 08       		.uleb128 0x8
 1283 0056 0D       		.uleb128 0xd
 1284 0057 00       		.byte	0
 1285 0058 03       		.uleb128 0x3
 1286 0059 08       		.uleb128 0x8
 1287 005a 3A       		.uleb128 0x3a
 1288 005b 0B       		.uleb128 0xb
 1289 005c 3B       		.uleb128 0x3b
 1290 005d 0B       		.uleb128 0xb
 1291 005e 49       		.uleb128 0x49
 1292 005f 13       		.uleb128 0x13
 1293 0060 38       		.uleb128 0x38
 1294 0061 0B       		.uleb128 0xb
 1295 0062 00       		.byte	0
 1296 0063 00       		.byte	0
 1297 0064 09       		.uleb128 0x9
 1298 0065 0D       		.uleb128 0xd
 1299 0066 00       		.byte	0
 1300 0067 03       		.uleb128 0x3
 1301 0068 0E       		.uleb128 0xe
 1302 0069 3A       		.uleb128 0x3a
 1303 006a 0B       		.uleb128 0xb
 1304 006b 3B       		.uleb128 0x3b
 1305 006c 0B       		.uleb128 0xb
 1306 006d 49       		.uleb128 0x49
 1307 006e 13       		.uleb128 0x13
 1308 006f 38       		.uleb128 0x38
 1309 0070 0B       		.uleb128 0xb
 1310 0071 00       		.byte	0
 1311 0072 00       		.byte	0
 1312 0073 0A       		.uleb128 0xa
 1313 0074 16       		.uleb128 0x16
 1314 0075 00       		.byte	0
 1315 0076 03       		.uleb128 0x3
 1316 0077 0E       		.uleb128 0xe
 1317 0078 3A       		.uleb128 0x3a
 1318 0079 0B       		.uleb128 0xb
 1319 007a 3B       		.uleb128 0x3b
 1320 007b 0B       		.uleb128 0xb
 1321 007c 49       		.uleb128 0x49
 1322 007d 13       		.uleb128 0x13
 1323 007e 00       		.byte	0
 1324 007f 00       		.byte	0
 1325 0080 0B       		.uleb128 0xb
 1326 0081 2E       		.uleb128 0x2e
 1327 0082 01       		.byte	0x1
 1328 0083 3F       		.uleb128 0x3f
ARM GAS  C:\Users\Tim\AppData\Local\Temp\ccsFkJgc.s 			page 28


 1329 0084 19       		.uleb128 0x19
 1330 0085 03       		.uleb128 0x3
 1331 0086 0E       		.uleb128 0xe
 1332 0087 3A       		.uleb128 0x3a
 1333 0088 0B       		.uleb128 0xb
 1334 0089 3B       		.uleb128 0x3b
 1335 008a 0B       		.uleb128 0xb
 1336 008b 27       		.uleb128 0x27
 1337 008c 19       		.uleb128 0x19
 1338 008d 11       		.uleb128 0x11
 1339 008e 01       		.uleb128 0x1
 1340 008f 12       		.uleb128 0x12
 1341 0090 06       		.uleb128 0x6
 1342 0091 40       		.uleb128 0x40
 1343 0092 18       		.uleb128 0x18
 1344 0093 9742     		.uleb128 0x2117
 1345 0095 19       		.uleb128 0x19
 1346 0096 01       		.uleb128 0x1
 1347 0097 13       		.uleb128 0x13
 1348 0098 00       		.byte	0
 1349 0099 00       		.byte	0
 1350 009a 0C       		.uleb128 0xc
 1351 009b 34       		.uleb128 0x34
 1352 009c 00       		.byte	0
 1353 009d 03       		.uleb128 0x3
 1354 009e 0E       		.uleb128 0xe
 1355 009f 3A       		.uleb128 0x3a
 1356 00a0 0B       		.uleb128 0xb
 1357 00a1 3B       		.uleb128 0x3b
 1358 00a2 0B       		.uleb128 0xb
 1359 00a3 49       		.uleb128 0x49
 1360 00a4 13       		.uleb128 0x13
 1361 00a5 02       		.uleb128 0x2
 1362 00a6 18       		.uleb128 0x18
 1363 00a7 00       		.byte	0
 1364 00a8 00       		.byte	0
 1365 00a9 0D       		.uleb128 0xd
 1366 00aa 898201   		.uleb128 0x4109
 1367 00ad 00       		.byte	0
 1368 00ae 11       		.uleb128 0x11
 1369 00af 01       		.uleb128 0x1
 1370 00b0 31       		.uleb128 0x31
 1371 00b1 13       		.uleb128 0x13
 1372 00b2 00       		.byte	0
 1373 00b3 00       		.byte	0
 1374 00b4 0E       		.uleb128 0xe
 1375 00b5 2E       		.uleb128 0x2e
 1376 00b6 01       		.byte	0x1
 1377 00b7 03       		.uleb128 0x3
 1378 00b8 0E       		.uleb128 0xe
 1379 00b9 3A       		.uleb128 0x3a
 1380 00ba 0B       		.uleb128 0xb
 1381 00bb 3B       		.uleb128 0x3b
 1382 00bc 0B       		.uleb128 0xb
 1383 00bd 49       		.uleb128 0x49
 1384 00be 13       		.uleb128 0x13
 1385 00bf 11       		.uleb128 0x11
ARM GAS  C:\Users\Tim\AppData\Local\Temp\ccsFkJgc.s 			page 29


 1386 00c0 01       		.uleb128 0x1
 1387 00c1 12       		.uleb128 0x12
 1388 00c2 06       		.uleb128 0x6
 1389 00c3 40       		.uleb128 0x40
 1390 00c4 18       		.uleb128 0x18
 1391 00c5 9742     		.uleb128 0x2117
 1392 00c7 19       		.uleb128 0x19
 1393 00c8 01       		.uleb128 0x1
 1394 00c9 13       		.uleb128 0x13
 1395 00ca 00       		.byte	0
 1396 00cb 00       		.byte	0
 1397 00cc 0F       		.uleb128 0xf
 1398 00cd 2E       		.uleb128 0x2e
 1399 00ce 01       		.byte	0x1
 1400 00cf 3F       		.uleb128 0x3f
 1401 00d0 19       		.uleb128 0x19
 1402 00d1 03       		.uleb128 0x3
 1403 00d2 0E       		.uleb128 0xe
 1404 00d3 3A       		.uleb128 0x3a
 1405 00d4 0B       		.uleb128 0xb
 1406 00d5 3B       		.uleb128 0x3b
 1407 00d6 0B       		.uleb128 0xb
 1408 00d7 11       		.uleb128 0x11
 1409 00d8 01       		.uleb128 0x1
 1410 00d9 12       		.uleb128 0x12
 1411 00da 06       		.uleb128 0x6
 1412 00db 40       		.uleb128 0x40
 1413 00dc 18       		.uleb128 0x18
 1414 00dd 9742     		.uleb128 0x2117
 1415 00df 19       		.uleb128 0x19
 1416 00e0 01       		.uleb128 0x1
 1417 00e1 13       		.uleb128 0x13
 1418 00e2 00       		.byte	0
 1419 00e3 00       		.byte	0
 1420 00e4 10       		.uleb128 0x10
 1421 00e5 898201   		.uleb128 0x4109
 1422 00e8 01       		.byte	0x1
 1423 00e9 11       		.uleb128 0x11
 1424 00ea 01       		.uleb128 0x1
 1425 00eb 31       		.uleb128 0x31
 1426 00ec 13       		.uleb128 0x13
 1427 00ed 00       		.byte	0
 1428 00ee 00       		.byte	0
 1429 00ef 11       		.uleb128 0x11
 1430 00f0 8A8201   		.uleb128 0x410a
 1431 00f3 00       		.byte	0
 1432 00f4 02       		.uleb128 0x2
 1433 00f5 18       		.uleb128 0x18
 1434 00f6 9142     		.uleb128 0x2111
 1435 00f8 18       		.uleb128 0x18
 1436 00f9 00       		.byte	0
 1437 00fa 00       		.byte	0
 1438 00fb 12       		.uleb128 0x12
 1439 00fc 2E       		.uleb128 0x2e
 1440 00fd 01       		.byte	0x1
 1441 00fe 3F       		.uleb128 0x3f
 1442 00ff 19       		.uleb128 0x19
ARM GAS  C:\Users\Tim\AppData\Local\Temp\ccsFkJgc.s 			page 30


 1443 0100 03       		.uleb128 0x3
 1444 0101 0E       		.uleb128 0xe
 1445 0102 3A       		.uleb128 0x3a
 1446 0103 0B       		.uleb128 0xb
 1447 0104 3B       		.uleb128 0x3b
 1448 0105 0B       		.uleb128 0xb
 1449 0106 27       		.uleb128 0x27
 1450 0107 19       		.uleb128 0x19
 1451 0108 11       		.uleb128 0x11
 1452 0109 01       		.uleb128 0x1
 1453 010a 12       		.uleb128 0x12
 1454 010b 06       		.uleb128 0x6
 1455 010c 40       		.uleb128 0x40
 1456 010d 18       		.uleb128 0x18
 1457 010e 9642     		.uleb128 0x2116
 1458 0110 19       		.uleb128 0x19
 1459 0111 01       		.uleb128 0x1
 1460 0112 13       		.uleb128 0x13
 1461 0113 00       		.byte	0
 1462 0114 00       		.byte	0
 1463 0115 13       		.uleb128 0x13
 1464 0116 05       		.uleb128 0x5
 1465 0117 00       		.byte	0
 1466 0118 03       		.uleb128 0x3
 1467 0119 0E       		.uleb128 0xe
 1468 011a 3A       		.uleb128 0x3a
 1469 011b 0B       		.uleb128 0xb
 1470 011c 3B       		.uleb128 0x3b
 1471 011d 0B       		.uleb128 0xb
 1472 011e 49       		.uleb128 0x49
 1473 011f 13       		.uleb128 0x13
 1474 0120 02       		.uleb128 0x2
 1475 0121 17       		.uleb128 0x17
 1476 0122 00       		.byte	0
 1477 0123 00       		.byte	0
 1478 0124 14       		.uleb128 0x14
 1479 0125 34       		.uleb128 0x34
 1480 0126 00       		.byte	0
 1481 0127 03       		.uleb128 0x3
 1482 0128 0E       		.uleb128 0xe
 1483 0129 3A       		.uleb128 0x3a
 1484 012a 0B       		.uleb128 0xb
 1485 012b 3B       		.uleb128 0x3b
 1486 012c 0B       		.uleb128 0xb
 1487 012d 49       		.uleb128 0x49
 1488 012e 13       		.uleb128 0x13
 1489 012f 02       		.uleb128 0x2
 1490 0130 17       		.uleb128 0x17
 1491 0131 00       		.byte	0
 1492 0132 00       		.byte	0
 1493 0133 15       		.uleb128 0x15
 1494 0134 898201   		.uleb128 0x4109
 1495 0137 01       		.byte	0x1
 1496 0138 11       		.uleb128 0x11
 1497 0139 01       		.uleb128 0x1
 1498 013a 31       		.uleb128 0x31
 1499 013b 13       		.uleb128 0x13
ARM GAS  C:\Users\Tim\AppData\Local\Temp\ccsFkJgc.s 			page 31


 1500 013c 01       		.uleb128 0x1
 1501 013d 13       		.uleb128 0x13
 1502 013e 00       		.byte	0
 1503 013f 00       		.byte	0
 1504 0140 16       		.uleb128 0x16
 1505 0141 05       		.uleb128 0x5
 1506 0142 00       		.byte	0
 1507 0143 03       		.uleb128 0x3
 1508 0144 0E       		.uleb128 0xe
 1509 0145 3A       		.uleb128 0x3a
 1510 0146 0B       		.uleb128 0xb
 1511 0147 3B       		.uleb128 0x3b
 1512 0148 0B       		.uleb128 0xb
 1513 0149 49       		.uleb128 0x49
 1514 014a 13       		.uleb128 0x13
 1515 014b 02       		.uleb128 0x2
 1516 014c 18       		.uleb128 0x18
 1517 014d 00       		.byte	0
 1518 014e 00       		.byte	0
 1519 014f 17       		.uleb128 0x17
 1520 0150 2E       		.uleb128 0x2e
 1521 0151 00       		.byte	0
 1522 0152 3F       		.uleb128 0x3f
 1523 0153 19       		.uleb128 0x19
 1524 0154 03       		.uleb128 0x3
 1525 0155 0E       		.uleb128 0xe
 1526 0156 3A       		.uleb128 0x3a
 1527 0157 0B       		.uleb128 0xb
 1528 0158 3B       		.uleb128 0x3b
 1529 0159 0B       		.uleb128 0xb
 1530 015a 49       		.uleb128 0x49
 1531 015b 13       		.uleb128 0x13
 1532 015c 11       		.uleb128 0x11
 1533 015d 01       		.uleb128 0x1
 1534 015e 12       		.uleb128 0x12
 1535 015f 06       		.uleb128 0x6
 1536 0160 40       		.uleb128 0x40
 1537 0161 18       		.uleb128 0x18
 1538 0162 9742     		.uleb128 0x2117
 1539 0164 19       		.uleb128 0x19
 1540 0165 00       		.byte	0
 1541 0166 00       		.byte	0
 1542 0167 18       		.uleb128 0x18
 1543 0168 2E       		.uleb128 0x2e
 1544 0169 01       		.byte	0x1
 1545 016a 3F       		.uleb128 0x3f
 1546 016b 19       		.uleb128 0x19
 1547 016c 03       		.uleb128 0x3
 1548 016d 0E       		.uleb128 0xe
 1549 016e 3A       		.uleb128 0x3a
 1550 016f 0B       		.uleb128 0xb
 1551 0170 3B       		.uleb128 0x3b
 1552 0171 0B       		.uleb128 0xb
 1553 0172 49       		.uleb128 0x49
 1554 0173 13       		.uleb128 0x13
 1555 0174 11       		.uleb128 0x11
 1556 0175 01       		.uleb128 0x1
ARM GAS  C:\Users\Tim\AppData\Local\Temp\ccsFkJgc.s 			page 32


 1557 0176 12       		.uleb128 0x12
 1558 0177 06       		.uleb128 0x6
 1559 0178 40       		.uleb128 0x40
 1560 0179 18       		.uleb128 0x18
 1561 017a 9742     		.uleb128 0x2117
 1562 017c 19       		.uleb128 0x19
 1563 017d 01       		.uleb128 0x1
 1564 017e 13       		.uleb128 0x13
 1565 017f 00       		.byte	0
 1566 0180 00       		.byte	0
 1567 0181 19       		.uleb128 0x19
 1568 0182 2E       		.uleb128 0x2e
 1569 0183 00       		.byte	0
 1570 0184 3F       		.uleb128 0x3f
 1571 0185 19       		.uleb128 0x19
 1572 0186 03       		.uleb128 0x3
 1573 0187 0E       		.uleb128 0xe
 1574 0188 3A       		.uleb128 0x3a
 1575 0189 0B       		.uleb128 0xb
 1576 018a 3B       		.uleb128 0x3b
 1577 018b 0B       		.uleb128 0xb
 1578 018c 27       		.uleb128 0x27
 1579 018d 19       		.uleb128 0x19
 1580 018e 49       		.uleb128 0x49
 1581 018f 13       		.uleb128 0x13
 1582 0190 3C       		.uleb128 0x3c
 1583 0191 19       		.uleb128 0x19
 1584 0192 00       		.byte	0
 1585 0193 00       		.byte	0
 1586 0194 1A       		.uleb128 0x1a
 1587 0195 2E       		.uleb128 0x2e
 1588 0196 01       		.byte	0x1
 1589 0197 3F       		.uleb128 0x3f
 1590 0198 19       		.uleb128 0x19
 1591 0199 03       		.uleb128 0x3
 1592 019a 0E       		.uleb128 0xe
 1593 019b 3A       		.uleb128 0x3a
 1594 019c 0B       		.uleb128 0xb
 1595 019d 3B       		.uleb128 0x3b
 1596 019e 0B       		.uleb128 0xb
 1597 019f 49       		.uleb128 0x49
 1598 01a0 13       		.uleb128 0x13
 1599 01a1 3C       		.uleb128 0x3c
 1600 01a2 19       		.uleb128 0x19
 1601 01a3 01       		.uleb128 0x1
 1602 01a4 13       		.uleb128 0x13
 1603 01a5 00       		.byte	0
 1604 01a6 00       		.byte	0
 1605 01a7 1B       		.uleb128 0x1b
 1606 01a8 18       		.uleb128 0x18
 1607 01a9 00       		.byte	0
 1608 01aa 00       		.byte	0
 1609 01ab 00       		.byte	0
 1610 01ac 1C       		.uleb128 0x1c
 1611 01ad 2E       		.uleb128 0x2e
 1612 01ae 01       		.byte	0x1
 1613 01af 3F       		.uleb128 0x3f
ARM GAS  C:\Users\Tim\AppData\Local\Temp\ccsFkJgc.s 			page 33


 1614 01b0 19       		.uleb128 0x19
 1615 01b1 03       		.uleb128 0x3
 1616 01b2 0E       		.uleb128 0xe
 1617 01b3 3A       		.uleb128 0x3a
 1618 01b4 0B       		.uleb128 0xb
 1619 01b5 3B       		.uleb128 0x3b
 1620 01b6 0B       		.uleb128 0xb
 1621 01b7 27       		.uleb128 0x27
 1622 01b8 19       		.uleb128 0x19
 1623 01b9 3C       		.uleb128 0x3c
 1624 01ba 19       		.uleb128 0x19
 1625 01bb 01       		.uleb128 0x1
 1626 01bc 13       		.uleb128 0x13
 1627 01bd 00       		.byte	0
 1628 01be 00       		.byte	0
 1629 01bf 1D       		.uleb128 0x1d
 1630 01c0 05       		.uleb128 0x5
 1631 01c1 00       		.byte	0
 1632 01c2 49       		.uleb128 0x49
 1633 01c3 13       		.uleb128 0x13
 1634 01c4 00       		.byte	0
 1635 01c5 00       		.byte	0
 1636 01c6 1E       		.uleb128 0x1e
 1637 01c7 2E       		.uleb128 0x2e
 1638 01c8 01       		.byte	0x1
 1639 01c9 3F       		.uleb128 0x3f
 1640 01ca 19       		.uleb128 0x19
 1641 01cb 03       		.uleb128 0x3
 1642 01cc 0E       		.uleb128 0xe
 1643 01cd 3A       		.uleb128 0x3a
 1644 01ce 0B       		.uleb128 0xb
 1645 01cf 3B       		.uleb128 0x3b
 1646 01d0 0B       		.uleb128 0xb
 1647 01d1 27       		.uleb128 0x27
 1648 01d2 19       		.uleb128 0x19
 1649 01d3 49       		.uleb128 0x49
 1650 01d4 13       		.uleb128 0x13
 1651 01d5 3C       		.uleb128 0x3c
 1652 01d6 19       		.uleb128 0x19
 1653 01d7 01       		.uleb128 0x1
 1654 01d8 13       		.uleb128 0x13
 1655 01d9 00       		.byte	0
 1656 01da 00       		.byte	0
 1657 01db 1F       		.uleb128 0x1f
 1658 01dc 2E       		.uleb128 0x2e
 1659 01dd 01       		.byte	0x1
 1660 01de 3F       		.uleb128 0x3f
 1661 01df 19       		.uleb128 0x19
 1662 01e0 03       		.uleb128 0x3
 1663 01e1 0E       		.uleb128 0xe
 1664 01e2 3A       		.uleb128 0x3a
 1665 01e3 0B       		.uleb128 0xb
 1666 01e4 3B       		.uleb128 0x3b
 1667 01e5 0B       		.uleb128 0xb
 1668 01e6 27       		.uleb128 0x27
 1669 01e7 19       		.uleb128 0x19
 1670 01e8 3C       		.uleb128 0x3c
ARM GAS  C:\Users\Tim\AppData\Local\Temp\ccsFkJgc.s 			page 34


 1671 01e9 19       		.uleb128 0x19
 1672 01ea 00       		.byte	0
 1673 01eb 00       		.byte	0
 1674 01ec 00       		.byte	0
 1675              		.section	.debug_loc,"",%progbits
 1676              	.Ldebug_loc0:
 1677              	.LLST0:
 1678 0000 00000000 		.4byte	.LVL5
 1679 0004 09000000 		.4byte	.LVL6-1
 1680 0008 0100     		.2byte	0x1
 1681 000a 50       		.byte	0x50
 1682 000b 09000000 		.4byte	.LVL6-1
 1683 000f 98000000 		.4byte	.LFE41
 1684 0013 0200     		.2byte	0x2
 1685 0015 91       		.byte	0x91
 1686 0016 64       		.sleb128 -28
 1687 0017 00000000 		.4byte	0
 1688 001b 00000000 		.4byte	0
 1689              	.LLST1:
 1690 001f 16000000 		.4byte	.LVL9
 1691 0023 2C000000 		.4byte	.LVL13
 1692 0027 0100     		.2byte	0x1
 1693 0029 55       		.byte	0x55
 1694 002a 00000000 		.4byte	0
 1695 002e 00000000 		.4byte	0
 1696              	.LLST2:
 1697 0032 1A000000 		.4byte	.LVL10
 1698 0036 88000000 		.4byte	.LVL24
 1699 003a 0100     		.2byte	0x1
 1700 003c 56       		.byte	0x56
 1701 003d 00000000 		.4byte	0
 1702 0041 00000000 		.4byte	0
 1703              	.LLST3:
 1704 0045 0C000000 		.4byte	.LVL7
 1705 0049 0F000000 		.4byte	.LVL8-1
 1706 004d 0100     		.2byte	0x1
 1707 004f 50       		.byte	0x50
 1708 0050 0F000000 		.4byte	.LVL8-1
 1709 0054 16000000 		.4byte	.LVL9
 1710 0058 0100     		.2byte	0x1
 1711 005a 55       		.byte	0x55
 1712 005b 00000000 		.4byte	0
 1713 005f 00000000 		.4byte	0
 1714              	.LLST4:
 1715 0063 10000000 		.4byte	.LVL8
 1716 0067 1D000000 		.4byte	.LVL11-1
 1717 006b 0100     		.2byte	0x1
 1718 006d 50       		.byte	0x50
 1719 006e 00000000 		.4byte	0
 1720 0072 00000000 		.4byte	0
 1721              	.LLST5:
 1722 0076 00000000 		.4byte	.LVL34
 1723 007a 09000000 		.4byte	.LVL35-1
 1724 007e 0100     		.2byte	0x1
 1725 0080 50       		.byte	0x50
 1726 0081 09000000 		.4byte	.LVL35-1
 1727 0085 12000000 		.4byte	.LVL38
ARM GAS  C:\Users\Tim\AppData\Local\Temp\ccsFkJgc.s 			page 35


 1728 0089 0100     		.2byte	0x1
 1729 008b 55       		.byte	0x55
 1730 008c 12000000 		.4byte	.LVL38
 1731 0090 14000000 		.4byte	.LFE46
 1732 0094 0400     		.2byte	0x4
 1733 0096 F3       		.byte	0xf3
 1734 0097 01       		.uleb128 0x1
 1735 0098 50       		.byte	0x50
 1736 0099 9F       		.byte	0x9f
 1737 009a 00000000 		.4byte	0
 1738 009e 00000000 		.4byte	0
 1739              	.LLST6:
 1740 00a2 00000000 		.4byte	.LVL34
 1741 00a6 09000000 		.4byte	.LVL35-1
 1742 00aa 0100     		.2byte	0x1
 1743 00ac 51       		.byte	0x51
 1744 00ad 09000000 		.4byte	.LVL35-1
 1745 00b1 12000000 		.4byte	.LVL37
 1746 00b5 0100     		.2byte	0x1
 1747 00b7 54       		.byte	0x54
 1748 00b8 12000000 		.4byte	.LVL37
 1749 00bc 14000000 		.4byte	.LFE46
 1750 00c0 0400     		.2byte	0x4
 1751 00c2 F3       		.byte	0xf3
 1752 00c3 01       		.uleb128 0x1
 1753 00c4 51       		.byte	0x51
 1754 00c5 9F       		.byte	0x9f
 1755 00c6 00000000 		.4byte	0
 1756 00ca 00000000 		.4byte	0
 1757              		.section	.debug_aranges,"",%progbits
 1758 0000 74000000 		.4byte	0x74
 1759 0004 0200     		.2byte	0x2
 1760 0006 00000000 		.4byte	.Ldebug_info0
 1761 000a 04       		.byte	0x4
 1762 000b 00       		.byte	0
 1763 000c 0000     		.2byte	0
 1764 000e 0000     		.2byte	0
 1765 0010 00000000 		.4byte	.LFB36
 1766 0014 20000000 		.4byte	.LFE36-.LFB36
 1767 0018 00000000 		.4byte	.LFB37
 1768 001c 08000000 		.4byte	.LFE37-.LFB37
 1769 0020 00000000 		.4byte	.LFB38
 1770 0024 08000000 		.4byte	.LFE38-.LFB38
 1771 0028 00000000 		.4byte	.LFB39
 1772 002c 2C000000 		.4byte	.LFE39-.LFB39
 1773 0030 00000000 		.4byte	.LFB40
 1774 0034 10000000 		.4byte	.LFE40-.LFB40
 1775 0038 00000000 		.4byte	.LFB41
 1776 003c 98000000 		.4byte	.LFE41-.LFB41
 1777 0040 00000000 		.4byte	.LFB42
 1778 0044 38000000 		.4byte	.LFE42-.LFB42
 1779 0048 00000000 		.4byte	.LFB43
 1780 004c 10000000 		.4byte	.LFE43-.LFB43
 1781 0050 00000000 		.4byte	.LFB44
 1782 0054 0C000000 		.4byte	.LFE44-.LFB44
 1783 0058 00000000 		.4byte	.LFB45
 1784 005c 08000000 		.4byte	.LFE45-.LFB45
ARM GAS  C:\Users\Tim\AppData\Local\Temp\ccsFkJgc.s 			page 36


 1785 0060 00000000 		.4byte	.LFB46
 1786 0064 14000000 		.4byte	.LFE46-.LFB46
 1787 0068 00000000 		.4byte	.LFB47
 1788 006c 20000000 		.4byte	.LFE47-.LFB47
 1789 0070 00000000 		.4byte	0
 1790 0074 00000000 		.4byte	0
 1791              		.section	.debug_ranges,"",%progbits
 1792              	.Ldebug_ranges0:
 1793 0000 00000000 		.4byte	.LFB36
 1794 0004 20000000 		.4byte	.LFE36
 1795 0008 00000000 		.4byte	.LFB37
 1796 000c 08000000 		.4byte	.LFE37
 1797 0010 00000000 		.4byte	.LFB38
 1798 0014 08000000 		.4byte	.LFE38
 1799 0018 00000000 		.4byte	.LFB39
 1800 001c 2C000000 		.4byte	.LFE39
 1801 0020 00000000 		.4byte	.LFB40
 1802 0024 10000000 		.4byte	.LFE40
 1803 0028 00000000 		.4byte	.LFB41
 1804 002c 98000000 		.4byte	.LFE41
 1805 0030 00000000 		.4byte	.LFB42
 1806 0034 38000000 		.4byte	.LFE42
 1807 0038 00000000 		.4byte	.LFB43
 1808 003c 10000000 		.4byte	.LFE43
 1809 0040 00000000 		.4byte	.LFB44
 1810 0044 0C000000 		.4byte	.LFE44
 1811 0048 00000000 		.4byte	.LFB45
 1812 004c 08000000 		.4byte	.LFE45
 1813 0050 00000000 		.4byte	.LFB46
 1814 0054 14000000 		.4byte	.LFE46
 1815 0058 00000000 		.4byte	.LFB47
 1816 005c 20000000 		.4byte	.LFE47
 1817 0060 00000000 		.4byte	0
 1818 0064 00000000 		.4byte	0
 1819              		.section	.debug_line,"",%progbits
 1820              	.Ldebug_line0:
 1821 0000 9D010000 		.section	.debug_str,"MS",%progbits,1
 1821      02009600 
 1821      00000201 
 1821      FB0E0D00 
 1821      01010101 
 1822              	.LASF36:
 1823 0000 456E636F 		.ascii	"Encoder_GetLRSpeed\000"
 1823      6465725F 
 1823      4765744C 
 1823      52537065 
 1823      656400
 1824              	.LASF22:
 1825 0013 456E636F 		.ascii	"Encoder_Init\000"
 1825      6465725F 
 1825      496E6974 
 1825      00
 1826              	.LASF38:
 1827 0020 72696768 		.ascii	"right\000"
 1827      7400
 1828              	.LASF56:
 1829 0026 50686173 		.ascii	"PhaseCounter_Intr_StartEx\000"
ARM GAS  C:\Users\Tim\AppData\Local\Temp\ccsFkJgc.s 			page 37


 1829      65436F75 
 1829      6E746572 
 1829      5F496E74 
 1829      725F5374 
 1830              	.LASF3:
 1831 0040 73686F72 		.ascii	"short int\000"
 1831      7420696E 
 1831      7400
 1832              	.LASF9:
 1833 004a 73697A65 		.ascii	"sizetype\000"
 1833      74797065 
 1833      00
 1834              	.LASF21:
 1835 0053 52696768 		.ascii	"RightCounterWrapper\000"
 1835      74436F75 
 1835      6E746572 
 1835      57726170 
 1835      70657200 
 1836              	.LASF35:
 1837 0067 64656C74 		.ascii	"delta_time\000"
 1837      615F7469 
 1837      6D6500
 1838              	.LASF52:
 1839 0072 50686173 		.ascii	"Phase_Counter_ReadStatusRegister\000"
 1839      655F436F 
 1839      756E7465 
 1839      725F5265 
 1839      61645374 
 1840              	.LASF34:
 1841 0093 6C617374 		.ascii	"last_capture_time\000"
 1841      5F636170 
 1841      74757265 
 1841      5F74696D 
 1841      6500
 1842              	.LASF23:
 1843 00a5 456E636F 		.ascii	"Encoder_Start\000"
 1843      6465725F 
 1843      53746172 
 1843      7400
 1844              	.LASF65:
 1845 00b3 4D6F7669 		.ascii	"MovingAverage\000"
 1845      6E674176 
 1845      65726167 
 1845      6500
 1846              	.LASF43:
 1847 00c1 756E6465 		.ascii	"underflow\000"
 1847      72666C6F 
 1847      7700
 1848              	.LASF13:
 1849 00cb 696E7431 		.ascii	"int16\000"
 1849      3600
 1850              	.LASF46:
 1851 00d1 6C656674 		.ascii	"left_wheel_velocity\000"
 1851      5F776865 
 1851      656C5F76 
 1851      656C6F63 
 1851      69747900 
ARM GAS  C:\Users\Tim\AppData\Local\Temp\ccsFkJgc.s 			page 38


 1852              	.LASF11:
 1853 00e5 75696E74 		.ascii	"uint8\000"
 1853      3800
 1854              	.LASF32:
 1855 00eb 72696768 		.ascii	"right_count\000"
 1855      745F636F 
 1855      756E7400 
 1856              	.LASF15:
 1857 00f7 666C6F61 		.ascii	"float\000"
 1857      7400
 1858              	.LASF39:
 1859 00fd 456E636F 		.ascii	"Encoder_GetCount\000"
 1859      6465725F 
 1859      47657443 
 1859      6F756E74 
 1859      00
 1860              	.LASF14:
 1861 010e 696E7433 		.ascii	"int32\000"
 1861      3200
 1862              	.LASF7:
 1863 0114 6C6F6E67 		.ascii	"long long int\000"
 1863      206C6F6E 
 1863      6720696E 
 1863      7400
 1864              	.LASF31:
 1865 0122 6C656674 		.ascii	"left_count\000"
 1865      5F636F75 
 1865      6E7400
 1866              	.LASF5:
 1867 012d 6C6F6E67 		.ascii	"long int\000"
 1867      20696E74 
 1867      00
 1868              	.LASF57:
 1869 0136 6D696C6C 		.ascii	"millis\000"
 1869      697300
 1870              	.LASF47:
 1871 013d 72696768 		.ascii	"right_wheel_velocity\000"
 1871      745F7768 
 1871      65656C5F 
 1871      76656C6F 
 1871      63697479 
 1872              	.LASF60:
 1873 0152 474E5520 		.ascii	"GNU C 4.9.3 20150303 (release) [ARM/embedded-4_9-br"
 1873      4320342E 
 1873      392E3320 
 1873      32303135 
 1873      30333033 
 1874 0185 616E6368 		.ascii	"anch revision 221220] -mcpu=cortex-m0 -mthumb -g -O"
 1874      20726576 
 1874      6973696F 
 1874      6E203232 
 1874      31323230 
 1875 01b8 67202D66 		.ascii	"g -ffunction-sections -ffat-lto-objects\000"
 1875      66756E63 
 1875      74696F6E 
 1875      2D736563 
 1875      74696F6E 
ARM GAS  C:\Users\Tim\AppData\Local\Temp\ccsFkJgc.s 			page 39


 1876              	.LASF2:
 1877 01e0 756E7369 		.ascii	"unsigned char\000"
 1877      676E6564 
 1877      20636861 
 1877      7200
 1878              	.LASF17:
 1879 01ee 63796973 		.ascii	"cyisraddress\000"
 1879      72616464 
 1879      72657373 
 1879      00
 1880              	.LASF64:
 1881 01fb 456E636F 		.ascii	"Encoder_GetWheelSpeed\000"
 1881      6465725F 
 1881      47657457 
 1881      6865656C 
 1881      53706565 
 1882              	.LASF63:
 1883 0211 5F6D6F76 		.ascii	"_moving_average_tag\000"
 1883      696E675F 
 1883      61766572 
 1883      6167655F 
 1883      74616700 
 1884              	.LASF1:
 1885 0225 7369676E 		.ascii	"signed char\000"
 1885      65642063 
 1885      68617200 
 1886              	.LASF8:
 1887 0231 6C6F6E67 		.ascii	"long long unsigned int\000"
 1887      206C6F6E 
 1887      6720756E 
 1887      7369676E 
 1887      65642069 
 1888              	.LASF25:
 1889 0248 456E636F 		.ascii	"Encoder_Sample\000"
 1889      6465725F 
 1889      53616D70 
 1889      6C6500
 1890              	.LASF0:
 1891 0257 756E7369 		.ascii	"unsigned int\000"
 1891      676E6564 
 1891      20696E74 
 1891      00
 1892              	.LASF18:
 1893 0264 6C617374 		.ascii	"last\000"
 1893      00
 1894              	.LASF54:
 1895 0269 4932635F 		.ascii	"I2c_ReadCount\000"
 1895      52656164 
 1895      436F756E 
 1895      7400
 1896              	.LASF4:
 1897 0277 73686F72 		.ascii	"short unsigned int\000"
 1897      7420756E 
 1897      7369676E 
 1897      65642069 
 1897      6E7400
 1898              	.LASF26:
ARM GAS  C:\Users\Tim\AppData\Local\Temp\ccsFkJgc.s 			page 40


 1899 028a 73746174 		.ascii	"status\000"
 1899      757300
 1900              	.LASF10:
 1901 0291 63686172 		.ascii	"char\000"
 1901      00
 1902              	.LASF24:
 1903 0296 50686173 		.ascii	"Phase_Counter_Interrupt_Handler\000"
 1903      655F436F 
 1903      756E7465 
 1903      725F496E 
 1903      74657272 
 1904              	.LASF37:
 1905 02b6 6C656674 		.ascii	"left\000"
 1905      00
 1906              	.LASF28:
 1907 02bb 6C617374 		.ascii	"last_right_count\000"
 1907      5F726967 
 1907      68745F63 
 1907      6F756E74 
 1907      00
 1908              	.LASF42:
 1909 02cc 6F766572 		.ascii	"overflow\000"
 1909      666C6F77 
 1909      00
 1910              	.LASF59:
 1911 02d5 4932635F 		.ascii	"I2c_WriteCountPerSecond\000"
 1911      57726974 
 1911      65436F75 
 1911      6E745065 
 1911      72536563 
 1912              	.LASF55:
 1913 02ed 50686173 		.ascii	"Phase_Counter_WriteCounter\000"
 1913      655F436F 
 1913      756E7465 
 1913      725F5772 
 1913      69746543 
 1914              	.LASF51:
 1915 0308 72696768 		.ascii	"right_count_per_second\000"
 1915      745F636F 
 1915      756E745F 
 1915      7065725F 
 1915      7365636F 
 1916              	.LASF62:
 1917 031f 443A5C70 		.ascii	"D:\\projects\\ArloBot\\ArlobotHw\\DualBoard-043\\Bo"
 1917      726F6A65 
 1917      6374735C 
 1917      41726C6F 
 1917      426F745C 
 1918 034d 61726431 		.ascii	"ard1-RPi.cydsn\000"
 1918      2D525069 
 1918      2E637964 
 1918      736E00
 1919              	.LASF12:
 1920 035c 75696E74 		.ascii	"uint32\000"
 1920      333200
 1921              	.LASF20:
 1922 0363 4C656674 		.ascii	"LeftCounterWrapper\000"
ARM GAS  C:\Users\Tim\AppData\Local\Temp\ccsFkJgc.s 			page 41


 1922      436F756E 
 1922      74657257 
 1922      72617070 
 1922      657200
 1923              	.LASF6:
 1924 0376 6C6F6E67 		.ascii	"long unsigned int\000"
 1924      20756E73 
 1924      69676E65 
 1924      6420696E 
 1924      7400
 1925              	.LASF45:
 1926 0388 6D615F72 		.ascii	"ma_right_delta_count\000"
 1926      69676874 
 1926      5F64656C 
 1926      74615F63 
 1926      6F756E74 
 1927              	.LASF40:
 1928 039d 456E636F 		.ascii	"Encoder_GetLRCount\000"
 1928      6465725F 
 1928      4765744C 
 1928      52436F75 
 1928      6E7400
 1929              	.LASF16:
 1930 03b0 646F7562 		.ascii	"double\000"
 1930      6C6500
 1931              	.LASF27:
 1932 03b7 6C617374 		.ascii	"last_left_count\000"
 1932      5F6C6566 
 1932      745F636F 
 1932      756E7400 
 1933              	.LASF66:
 1934 03c7 4932635F 		.ascii	"I2c_WriteWheelVelocity\000"
 1934      57726974 
 1934      65576865 
 1934      656C5665 
 1934      6C6F6369 
 1935              	.LASF53:
 1936 03de 50686173 		.ascii	"Phase_Counter_ReadCounter\000"
 1936      655F436F 
 1936      756E7465 
 1936      725F5265 
 1936      6164436F 
 1937              	.LASF33:
 1938 03f8 456E636F 		.ascii	"Encoder_Update\000"
 1938      6465725F 
 1938      55706461 
 1938      746500
 1939              	.LASF30:
 1940 0407 72696768 		.ascii	"right_delta_count\000"
 1940      745F6465 
 1940      6C74615F 
 1940      636F756E 
 1940      7400
 1941              	.LASF29:
 1942 0419 6C656674 		.ascii	"left_delta_count\000"
 1942      5F64656C 
 1942      74615F63 
ARM GAS  C:\Users\Tim\AppData\Local\Temp\ccsFkJgc.s 			page 42


 1942      6F756E74 
 1942      00
 1943              	.LASF48:
 1944 042a 6D615F6C 		.ascii	"ma_left_wheel_velocity\000"
 1944      6566745F 
 1944      77686565 
 1944      6C5F7665 
 1944      6C6F6369 
 1945              	.LASF61:
 1946 0441 2E2E5C73 		.ascii	"..\\source\\encoder.c\000"
 1946      6F757263 
 1946      655C656E 
 1946      636F6465 
 1946      722E6300 
 1947              	.LASF41:
 1948 0455 456E636F 		.ascii	"Encoder_Reset\000"
 1948      6465725F 
 1948      52657365 
 1948      7400
 1949              	.LASF44:
 1950 0463 6D615F6C 		.ascii	"ma_left_delta_count\000"
 1950      6566745F 
 1950      64656C74 
 1950      615F636F 
 1950      756E7400 
 1951              	.LASF50:
 1952 0477 6C656674 		.ascii	"left_count_per_second\000"
 1952      5F636F75 
 1952      6E745F70 
 1952      65725F73 
 1952      65636F6E 
 1953              	.LASF58:
 1954 048d 4932635F 		.ascii	"I2c_WriteCount\000"
 1954      57726974 
 1954      65436F75 
 1954      6E7400
 1955              	.LASF49:
 1956 049c 6D615F72 		.ascii	"ma_right_wheel_velocity\000"
 1956      69676874 
 1956      5F776865 
 1956      656C5F76 
 1956      656C6F63 
 1957              	.LASF19:
 1958 04b4 4D4F5649 		.ascii	"MOVING_AVERAGE_TYPE\000"
 1958      4E475F41 
 1958      56455241 
 1958      47455F54 
 1958      59504500 
 1959              		.ident	"GCC: (GNU Tools for ARM Embedded Processors) 4.9.3 20150303 (release) [ARM/embedded-4_9-br
