ARM GAS  C:\Users\Tim\AppData\Local\Temp\ccQFrLnC.s 			page 1


   1              		.cpu cortex-m0
   2              		.fpu softvfp
   3              		.eabi_attribute 20, 1
   4              		.eabi_attribute 21, 1
   5              		.eabi_attribute 23, 3
   6              		.eabi_attribute 24, 1
   7              		.eabi_attribute 25, 1
   8              		.eabi_attribute 26, 1
   9              		.eabi_attribute 30, 1
  10              		.eabi_attribute 34, 0
  11              		.eabi_attribute 18, 4
  12              		.code	16
  13              		.file	"I2CIF_I2C_SLAVE.c"
  14              		.text
  15              	.Ltext0:
  16              		.cfi_sections	.debug_frame
  17              		.section	.text.I2CIF_I2CSlaveStatus,"ax",%progbits
  18              		.align	2
  19              		.global	I2CIF_I2CSlaveStatus
  20              		.code	16
  21              		.thumb_func
  22              		.type	I2CIF_I2CSlaveStatus, %function
  23              	I2CIF_I2CSlaveStatus:
  24              	.LFB1:
  25              		.file 1 ".\\Generated_Source\\PSoC4\\I2CIF_I2C_SLAVE.c"
   1:.\Generated_Source\PSoC4/I2CIF_I2C_SLAVE.c **** /*******************************************************************************
   2:.\Generated_Source\PSoC4/I2CIF_I2C_SLAVE.c **** * File Name: I2CIF_I2C_SLAVE.c
   3:.\Generated_Source\PSoC4/I2CIF_I2C_SLAVE.c **** * Version 3.10
   4:.\Generated_Source\PSoC4/I2CIF_I2C_SLAVE.c **** *
   5:.\Generated_Source\PSoC4/I2CIF_I2C_SLAVE.c **** * Description:
   6:.\Generated_Source\PSoC4/I2CIF_I2C_SLAVE.c **** *  This file provides the source code to the API for the SCB Component in
   7:.\Generated_Source\PSoC4/I2CIF_I2C_SLAVE.c **** *  I2C Slave mode.
   8:.\Generated_Source\PSoC4/I2CIF_I2C_SLAVE.c **** *
   9:.\Generated_Source\PSoC4/I2CIF_I2C_SLAVE.c **** * Note:
  10:.\Generated_Source\PSoC4/I2CIF_I2C_SLAVE.c **** *
  11:.\Generated_Source\PSoC4/I2CIF_I2C_SLAVE.c **** *******************************************************************************
  12:.\Generated_Source\PSoC4/I2CIF_I2C_SLAVE.c **** * Copyright 2013-2015, Cypress Semiconductor Corporation.  All rights reserved.
  13:.\Generated_Source\PSoC4/I2CIF_I2C_SLAVE.c **** * You may use this file only in accordance with the license, terms, conditions,
  14:.\Generated_Source\PSoC4/I2CIF_I2C_SLAVE.c **** * disclaimers, and limitations in the end user license agreement accompanying
  15:.\Generated_Source\PSoC4/I2CIF_I2C_SLAVE.c **** * the software package with which this file was provided.
  16:.\Generated_Source\PSoC4/I2CIF_I2C_SLAVE.c **** *******************************************************************************/
  17:.\Generated_Source\PSoC4/I2CIF_I2C_SLAVE.c **** 
  18:.\Generated_Source\PSoC4/I2CIF_I2C_SLAVE.c **** #include "I2CIF_I2C_PVT.h"
  19:.\Generated_Source\PSoC4/I2CIF_I2C_SLAVE.c **** 
  20:.\Generated_Source\PSoC4/I2CIF_I2C_SLAVE.c **** #if(I2CIF_I2C_SLAVE_CONST)
  21:.\Generated_Source\PSoC4/I2CIF_I2C_SLAVE.c **** 
  22:.\Generated_Source\PSoC4/I2CIF_I2C_SLAVE.c **** /***************************************
  23:.\Generated_Source\PSoC4/I2CIF_I2C_SLAVE.c **** *      I2C Slave Private Vars
  24:.\Generated_Source\PSoC4/I2CIF_I2C_SLAVE.c **** ***************************************/
  25:.\Generated_Source\PSoC4/I2CIF_I2C_SLAVE.c **** 
  26:.\Generated_Source\PSoC4/I2CIF_I2C_SLAVE.c **** volatile uint8 I2CIF_slStatus;          /* Slave Status */
  27:.\Generated_Source\PSoC4/I2CIF_I2C_SLAVE.c **** 
  28:.\Generated_Source\PSoC4/I2CIF_I2C_SLAVE.c **** /* Receive buffer variables */
  29:.\Generated_Source\PSoC4/I2CIF_I2C_SLAVE.c **** volatile uint8 * I2CIF_slWrBufPtr;      /* Pointer to Receive buffer  */
  30:.\Generated_Source\PSoC4/I2CIF_I2C_SLAVE.c **** volatile uint32  I2CIF_slWrBufSize;     /* Slave Receive buffer size  */
  31:.\Generated_Source\PSoC4/I2CIF_I2C_SLAVE.c **** volatile uint32  I2CIF_slWrBufIndex;    /* Slave Receive buffer Index */
  32:.\Generated_Source\PSoC4/I2CIF_I2C_SLAVE.c **** 
ARM GAS  C:\Users\Tim\AppData\Local\Temp\ccQFrLnC.s 			page 2


  33:.\Generated_Source\PSoC4/I2CIF_I2C_SLAVE.c **** /* Transmit buffer variables */
  34:.\Generated_Source\PSoC4/I2CIF_I2C_SLAVE.c **** volatile uint8 * I2CIF_slRdBufPtr;      /* Pointer to Transmit buffer  */
  35:.\Generated_Source\PSoC4/I2CIF_I2C_SLAVE.c **** volatile uint32  I2CIF_slRdBufSize;     /* Slave Transmit buffer size  */
  36:.\Generated_Source\PSoC4/I2CIF_I2C_SLAVE.c **** volatile uint32  I2CIF_slRdBufIndex;    /* Slave Transmit buffer Index */
  37:.\Generated_Source\PSoC4/I2CIF_I2C_SLAVE.c **** volatile uint32  I2CIF_slRdBufIndexTmp; /* Slave Transmit buffer Index Tmp */
  38:.\Generated_Source\PSoC4/I2CIF_I2C_SLAVE.c **** volatile uint8   I2CIF_slOverFlowCount; /* Slave Transmit Overflow counter */
  39:.\Generated_Source\PSoC4/I2CIF_I2C_SLAVE.c **** 
  40:.\Generated_Source\PSoC4/I2CIF_I2C_SLAVE.c **** #if (I2CIF_I2C_CUSTOM_ADDRESS_HANDLER_CONST)
  41:.\Generated_Source\PSoC4/I2CIF_I2C_SLAVE.c **** 
  42:.\Generated_Source\PSoC4/I2CIF_I2C_SLAVE.c ****     uint32 (*I2CIF_customAddressHandler)(void) = NULL;
  43:.\Generated_Source\PSoC4/I2CIF_I2C_SLAVE.c **** 
  44:.\Generated_Source\PSoC4/I2CIF_I2C_SLAVE.c **** 
  45:.\Generated_Source\PSoC4/I2CIF_I2C_SLAVE.c ****     /*******************************************************************************
  46:.\Generated_Source\PSoC4/I2CIF_I2C_SLAVE.c ****     * Function Name: I2CIF_SetI2cAddressCustomInterruptHandler
  47:.\Generated_Source\PSoC4/I2CIF_I2C_SLAVE.c ****     ********************************************************************************
  48:.\Generated_Source\PSoC4/I2CIF_I2C_SLAVE.c ****     *
  49:.\Generated_Source\PSoC4/I2CIF_I2C_SLAVE.c ****     * Summary:
  50:.\Generated_Source\PSoC4/I2CIF_I2C_SLAVE.c ****     *  Registers a function to be called by the I2C slave interrupt handler during
  51:.\Generated_Source\PSoC4/I2CIF_I2C_SLAVE.c ****     *  the I2C interrupt address processing. This function should be used when
  52:.\Generated_Source\PSoC4/I2CIF_I2C_SLAVE.c ****     *  multiple I2C addresses need to be decoded or general call address supported.
  53:.\Generated_Source\PSoC4/I2CIF_I2C_SLAVE.c ****     *  The registered function must return decision whether to ACK or NACK address.
  54:.\Generated_Source\PSoC4/I2CIF_I2C_SLAVE.c ****     *  Only one I2C address handler is supported, which is the function provided
  55:.\Generated_Source\PSoC4/I2CIF_I2C_SLAVE.c ****     *  by the most recent call.
  56:.\Generated_Source\PSoC4/I2CIF_I2C_SLAVE.c ****     *  At initialization time no I2C address handler is registered.
  57:.\Generated_Source\PSoC4/I2CIF_I2C_SLAVE.c ****     *
  58:.\Generated_Source\PSoC4/I2CIF_I2C_SLAVE.c ****     * Parameters:
  59:.\Generated_Source\PSoC4/I2CIF_I2C_SLAVE.c ****     *  func: Pointer to the function to register.
  60:.\Generated_Source\PSoC4/I2CIF_I2C_SLAVE.c ****     *        The value NULL indicates to remove the current custom interrupt
  61:.\Generated_Source\PSoC4/I2CIF_I2C_SLAVE.c ****     *        handler.
  62:.\Generated_Source\PSoC4/I2CIF_I2C_SLAVE.c ****     *
  63:.\Generated_Source\PSoC4/I2CIF_I2C_SLAVE.c ****     * Return:
  64:.\Generated_Source\PSoC4/I2CIF_I2C_SLAVE.c ****     *  None
  65:.\Generated_Source\PSoC4/I2CIF_I2C_SLAVE.c ****     *
  66:.\Generated_Source\PSoC4/I2CIF_I2C_SLAVE.c ****     *******************************************************************************/
  67:.\Generated_Source\PSoC4/I2CIF_I2C_SLAVE.c ****     void I2CIF_SetI2cAddressCustomInterruptHandler(uint32 (*func) (void))
  68:.\Generated_Source\PSoC4/I2CIF_I2C_SLAVE.c ****     {
  69:.\Generated_Source\PSoC4/I2CIF_I2C_SLAVE.c ****         /* Register custom address handler */
  70:.\Generated_Source\PSoC4/I2CIF_I2C_SLAVE.c ****         I2CIF_customAddressHandler = func;
  71:.\Generated_Source\PSoC4/I2CIF_I2C_SLAVE.c ****     }
  72:.\Generated_Source\PSoC4/I2CIF_I2C_SLAVE.c **** #endif /* (I2CIF_I2C_CUSTOM_ADDRESS_HANDLER_CONST) */
  73:.\Generated_Source\PSoC4/I2CIF_I2C_SLAVE.c **** 
  74:.\Generated_Source\PSoC4/I2CIF_I2C_SLAVE.c **** 
  75:.\Generated_Source\PSoC4/I2CIF_I2C_SLAVE.c **** /*******************************************************************************
  76:.\Generated_Source\PSoC4/I2CIF_I2C_SLAVE.c **** * Function Name: I2CIF_I2CSlaveStatus
  77:.\Generated_Source\PSoC4/I2CIF_I2C_SLAVE.c **** ********************************************************************************
  78:.\Generated_Source\PSoC4/I2CIF_I2C_SLAVE.c **** *
  79:.\Generated_Source\PSoC4/I2CIF_I2C_SLAVE.c **** * Summary:
  80:.\Generated_Source\PSoC4/I2CIF_I2C_SLAVE.c **** *  Returns the I2C slave's communication status.
  81:.\Generated_Source\PSoC4/I2CIF_I2C_SLAVE.c **** *
  82:.\Generated_Source\PSoC4/I2CIF_I2C_SLAVE.c **** * Parameters:
  83:.\Generated_Source\PSoC4/I2CIF_I2C_SLAVE.c **** *  None
  84:.\Generated_Source\PSoC4/I2CIF_I2C_SLAVE.c **** *
  85:.\Generated_Source\PSoC4/I2CIF_I2C_SLAVE.c **** * Return:
  86:.\Generated_Source\PSoC4/I2CIF_I2C_SLAVE.c **** *  Current status of I2C slave.
  87:.\Generated_Source\PSoC4/I2CIF_I2C_SLAVE.c **** *
  88:.\Generated_Source\PSoC4/I2CIF_I2C_SLAVE.c **** * Global variables:
  89:.\Generated_Source\PSoC4/I2CIF_I2C_SLAVE.c **** *  I2CIF_slStatus - used to store current status of I2C slave.
ARM GAS  C:\Users\Tim\AppData\Local\Temp\ccQFrLnC.s 			page 3


  90:.\Generated_Source\PSoC4/I2CIF_I2C_SLAVE.c **** *
  91:.\Generated_Source\PSoC4/I2CIF_I2C_SLAVE.c **** *******************************************************************************/
  92:.\Generated_Source\PSoC4/I2CIF_I2C_SLAVE.c **** uint32 I2CIF_I2CSlaveStatus(void)
  93:.\Generated_Source\PSoC4/I2CIF_I2C_SLAVE.c **** {
  26              		.loc 1 93 0
  27              		.cfi_startproc
  94:.\Generated_Source\PSoC4/I2CIF_I2C_SLAVE.c ****     return((uint32) I2CIF_slStatus);
  28              		.loc 1 94 0
  29 0000 014B     		ldr	r3, .L2
  30 0002 1878     		ldrb	r0, [r3]
  31 0004 C0B2     		uxtb	r0, r0
  95:.\Generated_Source\PSoC4/I2CIF_I2C_SLAVE.c **** }
  32              		.loc 1 95 0
  33              		@ sp needed
  34 0006 7047     		bx	lr
  35              	.L3:
  36              		.align	2
  37              	.L2:
  38 0008 00000000 		.word	I2CIF_slStatus
  39              		.cfi_endproc
  40              	.LFE1:
  41              		.size	I2CIF_I2CSlaveStatus, .-I2CIF_I2CSlaveStatus
  42              		.section	.text.I2CIF_I2CSlaveClearReadStatus,"ax",%progbits
  43              		.align	2
  44              		.global	I2CIF_I2CSlaveClearReadStatus
  45              		.code	16
  46              		.thumb_func
  47              		.type	I2CIF_I2CSlaveClearReadStatus, %function
  48              	I2CIF_I2CSlaveClearReadStatus:
  49              	.LFB2:
  96:.\Generated_Source\PSoC4/I2CIF_I2C_SLAVE.c **** 
  97:.\Generated_Source\PSoC4/I2CIF_I2C_SLAVE.c **** 
  98:.\Generated_Source\PSoC4/I2CIF_I2C_SLAVE.c **** /*******************************************************************************
  99:.\Generated_Source\PSoC4/I2CIF_I2C_SLAVE.c **** * Function Name: I2CIF_I2CSlaveClearReadStatus
 100:.\Generated_Source\PSoC4/I2CIF_I2C_SLAVE.c **** ********************************************************************************
 101:.\Generated_Source\PSoC4/I2CIF_I2C_SLAVE.c **** *
 102:.\Generated_Source\PSoC4/I2CIF_I2C_SLAVE.c **** * Summary:
 103:.\Generated_Source\PSoC4/I2CIF_I2C_SLAVE.c **** *  Clears the read status flags and returns their values. No other status flags
 104:.\Generated_Source\PSoC4/I2CIF_I2C_SLAVE.c **** *  are affected.
 105:.\Generated_Source\PSoC4/I2CIF_I2C_SLAVE.c **** *
 106:.\Generated_Source\PSoC4/I2CIF_I2C_SLAVE.c **** * Parameters:
 107:.\Generated_Source\PSoC4/I2CIF_I2C_SLAVE.c **** *  None
 108:.\Generated_Source\PSoC4/I2CIF_I2C_SLAVE.c **** *
 109:.\Generated_Source\PSoC4/I2CIF_I2C_SLAVE.c **** * Return:
 110:.\Generated_Source\PSoC4/I2CIF_I2C_SLAVE.c **** *  Current read status of I2C slave.
 111:.\Generated_Source\PSoC4/I2CIF_I2C_SLAVE.c **** *
 112:.\Generated_Source\PSoC4/I2CIF_I2C_SLAVE.c **** * Global variables:
 113:.\Generated_Source\PSoC4/I2CIF_I2C_SLAVE.c **** *  I2CIF_slStatus  - used to store current status of I2C slave.
 114:.\Generated_Source\PSoC4/I2CIF_I2C_SLAVE.c **** *
 115:.\Generated_Source\PSoC4/I2CIF_I2C_SLAVE.c **** *******************************************************************************/
 116:.\Generated_Source\PSoC4/I2CIF_I2C_SLAVE.c **** uint32 I2CIF_I2CSlaveClearReadStatus(void)
 117:.\Generated_Source\PSoC4/I2CIF_I2C_SLAVE.c **** {
  50              		.loc 1 117 0
  51              		.cfi_startproc
  52 0000 10B5     		push	{r4, lr}
  53              		.cfi_def_cfa_offset 8
  54              		.cfi_offset 4, -8
ARM GAS  C:\Users\Tim\AppData\Local\Temp\ccQFrLnC.s 			page 4


  55              		.cfi_offset 14, -4
 118:.\Generated_Source\PSoC4/I2CIF_I2C_SLAVE.c ****     uint32 status;
 119:.\Generated_Source\PSoC4/I2CIF_I2C_SLAVE.c **** 
 120:.\Generated_Source\PSoC4/I2CIF_I2C_SLAVE.c ****     I2CIF_DisableInt();  /* Lock from interruption */
  56              		.loc 1 120 0
  57 0002 0820     		mov	r0, #8
  58 0004 FFF7FEFF 		bl	CyIntDisable
  59              	.LVL0:
 121:.\Generated_Source\PSoC4/I2CIF_I2C_SLAVE.c **** 
 122:.\Generated_Source\PSoC4/I2CIF_I2C_SLAVE.c ****     /* Mask of transfer complete flag and error status */
 123:.\Generated_Source\PSoC4/I2CIF_I2C_SLAVE.c ****     status = ((uint32) I2CIF_slStatus & I2CIF_I2C_SSTAT_RD_MASK);
  60              		.loc 1 123 0
  61 0008 064A     		ldr	r2, .L5
  62 000a 1478     		ldrb	r4, [r2]
  63 000c 0F23     		mov	r3, #15
  64 000e 1C40     		and	r4, r3
  65              	.LVL1:
 124:.\Generated_Source\PSoC4/I2CIF_I2C_SLAVE.c ****     I2CIF_slStatus &= (uint8) ~I2CIF_I2C_SSTAT_RD_CLEAR;
  66              		.loc 1 124 0
  67 0010 1378     		ldrb	r3, [r2]
  68 0012 0D21     		mov	r1, #13
  69 0014 8B43     		bic	r3, r1
  70 0016 1370     		strb	r3, [r2]
 125:.\Generated_Source\PSoC4/I2CIF_I2C_SLAVE.c **** 
 126:.\Generated_Source\PSoC4/I2CIF_I2C_SLAVE.c ****     I2CIF_EnableInt();   /* Release lock */
  71              		.loc 1 126 0
  72 0018 0820     		mov	r0, #8
  73 001a FFF7FEFF 		bl	CyIntEnable
  74              	.LVL2:
 127:.\Generated_Source\PSoC4/I2CIF_I2C_SLAVE.c **** 
 128:.\Generated_Source\PSoC4/I2CIF_I2C_SLAVE.c ****     return(status);
 129:.\Generated_Source\PSoC4/I2CIF_I2C_SLAVE.c **** }
  75              		.loc 1 129 0
  76 001e 201C     		mov	r0, r4
  77              		@ sp needed
  78              	.LVL3:
  79 0020 10BD     		pop	{r4, pc}
  80              	.L6:
  81 0022 C046     		.align	2
  82              	.L5:
  83 0024 00000000 		.word	I2CIF_slStatus
  84              		.cfi_endproc
  85              	.LFE2:
  86              		.size	I2CIF_I2CSlaveClearReadStatus, .-I2CIF_I2CSlaveClearReadStatus
  87              		.section	.text.I2CIF_I2CSlaveClearWriteStatus,"ax",%progbits
  88              		.align	2
  89              		.global	I2CIF_I2CSlaveClearWriteStatus
  90              		.code	16
  91              		.thumb_func
  92              		.type	I2CIF_I2CSlaveClearWriteStatus, %function
  93              	I2CIF_I2CSlaveClearWriteStatus:
  94              	.LFB3:
 130:.\Generated_Source\PSoC4/I2CIF_I2C_SLAVE.c **** 
 131:.\Generated_Source\PSoC4/I2CIF_I2C_SLAVE.c **** 
 132:.\Generated_Source\PSoC4/I2CIF_I2C_SLAVE.c **** /*******************************************************************************
 133:.\Generated_Source\PSoC4/I2CIF_I2C_SLAVE.c **** * Function Name: I2CIF_I2CSlaveClearWriteStatus
 134:.\Generated_Source\PSoC4/I2CIF_I2C_SLAVE.c **** ********************************************************************************
ARM GAS  C:\Users\Tim\AppData\Local\Temp\ccQFrLnC.s 			page 5


 135:.\Generated_Source\PSoC4/I2CIF_I2C_SLAVE.c **** *
 136:.\Generated_Source\PSoC4/I2CIF_I2C_SLAVE.c **** * Summary:
 137:.\Generated_Source\PSoC4/I2CIF_I2C_SLAVE.c **** *  Clears the write status flags and returns their values. No other status flags
 138:.\Generated_Source\PSoC4/I2CIF_I2C_SLAVE.c **** *  are affected.
 139:.\Generated_Source\PSoC4/I2CIF_I2C_SLAVE.c **** *
 140:.\Generated_Source\PSoC4/I2CIF_I2C_SLAVE.c **** * Parameters:
 141:.\Generated_Source\PSoC4/I2CIF_I2C_SLAVE.c **** *  None
 142:.\Generated_Source\PSoC4/I2CIF_I2C_SLAVE.c **** *
 143:.\Generated_Source\PSoC4/I2CIF_I2C_SLAVE.c **** * Return:
 144:.\Generated_Source\PSoC4/I2CIF_I2C_SLAVE.c **** *  Current write status of I2C slave.
 145:.\Generated_Source\PSoC4/I2CIF_I2C_SLAVE.c **** *
 146:.\Generated_Source\PSoC4/I2CIF_I2C_SLAVE.c **** * Global variables:
 147:.\Generated_Source\PSoC4/I2CIF_I2C_SLAVE.c **** *  I2CIF_slStatus  - used to store current status of I2C slave.
 148:.\Generated_Source\PSoC4/I2CIF_I2C_SLAVE.c **** *
 149:.\Generated_Source\PSoC4/I2CIF_I2C_SLAVE.c **** *******************************************************************************/
 150:.\Generated_Source\PSoC4/I2CIF_I2C_SLAVE.c **** uint32 I2CIF_I2CSlaveClearWriteStatus(void)
 151:.\Generated_Source\PSoC4/I2CIF_I2C_SLAVE.c **** {
  95              		.loc 1 151 0
  96              		.cfi_startproc
  97 0000 10B5     		push	{r4, lr}
  98              		.cfi_def_cfa_offset 8
  99              		.cfi_offset 4, -8
 100              		.cfi_offset 14, -4
 152:.\Generated_Source\PSoC4/I2CIF_I2C_SLAVE.c ****     uint32 status;
 153:.\Generated_Source\PSoC4/I2CIF_I2C_SLAVE.c **** 
 154:.\Generated_Source\PSoC4/I2CIF_I2C_SLAVE.c ****     I2CIF_DisableInt();  /* Lock from interruption */
 101              		.loc 1 154 0
 102 0002 0820     		mov	r0, #8
 103 0004 FFF7FEFF 		bl	CyIntDisable
 104              	.LVL4:
 155:.\Generated_Source\PSoC4/I2CIF_I2C_SLAVE.c **** 
 156:.\Generated_Source\PSoC4/I2CIF_I2C_SLAVE.c ****     /* Mask of transfer complete flag and Error status */
 157:.\Generated_Source\PSoC4/I2CIF_I2C_SLAVE.c ****     status = ((uint32) I2CIF_slStatus & I2CIF_I2C_SSTAT_WR_MASK);
 105              		.loc 1 157 0
 106 0008 064B     		ldr	r3, .L8
 107 000a 1C78     		ldrb	r4, [r3]
 108 000c 0F22     		mov	r2, #15
 109 000e 9443     		bic	r4, r2
 110              	.LVL5:
 158:.\Generated_Source\PSoC4/I2CIF_I2C_SLAVE.c ****     I2CIF_slStatus &= (uint8) ~I2CIF_I2C_SSTAT_WR_CLEAR;
 111              		.loc 1 158 0
 112 0010 1978     		ldrb	r1, [r3]
 113 0012 2032     		add	r2, r2, #32
 114 0014 0A40     		and	r2, r1
 115 0016 1A70     		strb	r2, [r3]
 159:.\Generated_Source\PSoC4/I2CIF_I2C_SLAVE.c **** 
 160:.\Generated_Source\PSoC4/I2CIF_I2C_SLAVE.c ****     I2CIF_EnableInt();   /* Release lock */
 116              		.loc 1 160 0
 117 0018 0820     		mov	r0, #8
 118 001a FFF7FEFF 		bl	CyIntEnable
 119              	.LVL6:
 161:.\Generated_Source\PSoC4/I2CIF_I2C_SLAVE.c **** 
 162:.\Generated_Source\PSoC4/I2CIF_I2C_SLAVE.c ****     return(status);
 163:.\Generated_Source\PSoC4/I2CIF_I2C_SLAVE.c **** }
 120              		.loc 1 163 0
 121 001e 201C     		mov	r0, r4
 122              		@ sp needed
ARM GAS  C:\Users\Tim\AppData\Local\Temp\ccQFrLnC.s 			page 6


 123              	.LVL7:
 124 0020 10BD     		pop	{r4, pc}
 125              	.L9:
 126 0022 C046     		.align	2
 127              	.L8:
 128 0024 00000000 		.word	I2CIF_slStatus
 129              		.cfi_endproc
 130              	.LFE3:
 131              		.size	I2CIF_I2CSlaveClearWriteStatus, .-I2CIF_I2CSlaveClearWriteStatus
 132              		.section	.text.I2CIF_I2CSlaveSetAddress,"ax",%progbits
 133              		.align	2
 134              		.global	I2CIF_I2CSlaveSetAddress
 135              		.code	16
 136              		.thumb_func
 137              		.type	I2CIF_I2CSlaveSetAddress, %function
 138              	I2CIF_I2CSlaveSetAddress:
 139              	.LFB4:
 164:.\Generated_Source\PSoC4/I2CIF_I2C_SLAVE.c **** 
 165:.\Generated_Source\PSoC4/I2CIF_I2C_SLAVE.c **** 
 166:.\Generated_Source\PSoC4/I2CIF_I2C_SLAVE.c **** /*******************************************************************************
 167:.\Generated_Source\PSoC4/I2CIF_I2C_SLAVE.c **** * Function Name: I2CIF_I2CSlaveSetAddress
 168:.\Generated_Source\PSoC4/I2CIF_I2C_SLAVE.c **** ********************************************************************************
 169:.\Generated_Source\PSoC4/I2CIF_I2C_SLAVE.c **** *
 170:.\Generated_Source\PSoC4/I2CIF_I2C_SLAVE.c **** * Summary:
 171:.\Generated_Source\PSoC4/I2CIF_I2C_SLAVE.c **** *  Sets the I2C slave address.
 172:.\Generated_Source\PSoC4/I2CIF_I2C_SLAVE.c **** *
 173:.\Generated_Source\PSoC4/I2CIF_I2C_SLAVE.c **** * Parameters:
 174:.\Generated_Source\PSoC4/I2CIF_I2C_SLAVE.c **** *  address: I2C slave address for the primary device. This value may be any
 175:.\Generated_Source\PSoC4/I2CIF_I2C_SLAVE.c **** *  address between 0 and 127.
 176:.\Generated_Source\PSoC4/I2CIF_I2C_SLAVE.c **** *
 177:.\Generated_Source\PSoC4/I2CIF_I2C_SLAVE.c **** * Return:
 178:.\Generated_Source\PSoC4/I2CIF_I2C_SLAVE.c **** *  None
 179:.\Generated_Source\PSoC4/I2CIF_I2C_SLAVE.c **** *
 180:.\Generated_Source\PSoC4/I2CIF_I2C_SLAVE.c **** *******************************************************************************/
 181:.\Generated_Source\PSoC4/I2CIF_I2C_SLAVE.c **** void I2CIF_I2CSlaveSetAddress(uint32 address)
 182:.\Generated_Source\PSoC4/I2CIF_I2C_SLAVE.c **** {
 140              		.loc 1 182 0
 141              		.cfi_startproc
 142              	.LVL8:
 183:.\Generated_Source\PSoC4/I2CIF_I2C_SLAVE.c ****     uint32 matchReg;
 184:.\Generated_Source\PSoC4/I2CIF_I2C_SLAVE.c **** 
 185:.\Generated_Source\PSoC4/I2CIF_I2C_SLAVE.c ****     matchReg = I2CIF_RX_MATCH_REG;
 143              		.loc 1 185 0
 144 0000 044A     		ldr	r2, .L11
 145 0002 1368     		ldr	r3, [r2]
 146              	.LVL9:
 186:.\Generated_Source\PSoC4/I2CIF_I2C_SLAVE.c **** 
 187:.\Generated_Source\PSoC4/I2CIF_I2C_SLAVE.c ****     matchReg &= ((uint32) ~I2CIF_RX_MATCH_ADDR_MASK); /* Clear address bits */
 147              		.loc 1 187 0
 148 0004 FF21     		mov	r1, #255
 149 0006 8B43     		bic	r3, r1
 150              	.LVL10:
 188:.\Generated_Source\PSoC4/I2CIF_I2C_SLAVE.c ****     matchReg |= ((uint32)  I2CIF_GET_I2C_8BIT_ADDRESS(address));
 151              		.loc 1 188 0
 152 0008 4000     		lsl	r0, r0, #1
 153              	.LVL11:
 154 000a 0840     		and	r0, r1
ARM GAS  C:\Users\Tim\AppData\Local\Temp\ccQFrLnC.s 			page 7


 155 000c 1843     		orr	r0, r3
 156              	.LVL12:
 189:.\Generated_Source\PSoC4/I2CIF_I2C_SLAVE.c **** 
 190:.\Generated_Source\PSoC4/I2CIF_I2C_SLAVE.c ****     I2CIF_RX_MATCH_REG = matchReg;
 157              		.loc 1 190 0
 158 000e 1060     		str	r0, [r2]
 191:.\Generated_Source\PSoC4/I2CIF_I2C_SLAVE.c **** }
 159              		.loc 1 191 0
 160              		@ sp needed
 161 0010 7047     		bx	lr
 162              	.L12:
 163 0012 C046     		.align	2
 164              	.L11:
 165 0014 10032440 		.word	1076101904
 166              		.cfi_endproc
 167              	.LFE4:
 168              		.size	I2CIF_I2CSlaveSetAddress, .-I2CIF_I2CSlaveSetAddress
 169              		.section	.text.I2CIF_I2CSlaveSetAddressMask,"ax",%progbits
 170              		.align	2
 171              		.global	I2CIF_I2CSlaveSetAddressMask
 172              		.code	16
 173              		.thumb_func
 174              		.type	I2CIF_I2CSlaveSetAddressMask, %function
 175              	I2CIF_I2CSlaveSetAddressMask:
 176              	.LFB5:
 192:.\Generated_Source\PSoC4/I2CIF_I2C_SLAVE.c **** 
 193:.\Generated_Source\PSoC4/I2CIF_I2C_SLAVE.c **** 
 194:.\Generated_Source\PSoC4/I2CIF_I2C_SLAVE.c **** /*******************************************************************************
 195:.\Generated_Source\PSoC4/I2CIF_I2C_SLAVE.c **** * Function Name: I2CIF_I2CSlaveSetAddressMask
 196:.\Generated_Source\PSoC4/I2CIF_I2C_SLAVE.c **** ********************************************************************************
 197:.\Generated_Source\PSoC4/I2CIF_I2C_SLAVE.c **** *
 198:.\Generated_Source\PSoC4/I2CIF_I2C_SLAVE.c **** * Summary:
 199:.\Generated_Source\PSoC4/I2CIF_I2C_SLAVE.c **** *  Sets the I2C slave address mask.
 200:.\Generated_Source\PSoC4/I2CIF_I2C_SLAVE.c **** *
 201:.\Generated_Source\PSoC4/I2CIF_I2C_SLAVE.c **** * Parameters:
 202:.\Generated_Source\PSoC4/I2CIF_I2C_SLAVE.c **** *  addressMask: Address mask.
 203:.\Generated_Source\PSoC4/I2CIF_I2C_SLAVE.c **** *   0 - address bit does not care while comparison.
 204:.\Generated_Source\PSoC4/I2CIF_I2C_SLAVE.c **** *   1 - address bit is significant while comparison.
 205:.\Generated_Source\PSoC4/I2CIF_I2C_SLAVE.c **** *
 206:.\Generated_Source\PSoC4/I2CIF_I2C_SLAVE.c **** * Return:
 207:.\Generated_Source\PSoC4/I2CIF_I2C_SLAVE.c **** *  None
 208:.\Generated_Source\PSoC4/I2CIF_I2C_SLAVE.c **** *
 209:.\Generated_Source\PSoC4/I2CIF_I2C_SLAVE.c **** *******************************************************************************/
 210:.\Generated_Source\PSoC4/I2CIF_I2C_SLAVE.c **** void I2CIF_I2CSlaveSetAddressMask(uint32 addressMask)
 211:.\Generated_Source\PSoC4/I2CIF_I2C_SLAVE.c **** {
 177              		.loc 1 211 0
 178              		.cfi_startproc
 179              	.LVL13:
 212:.\Generated_Source\PSoC4/I2CIF_I2C_SLAVE.c ****     uint32 matchReg;
 213:.\Generated_Source\PSoC4/I2CIF_I2C_SLAVE.c **** 
 214:.\Generated_Source\PSoC4/I2CIF_I2C_SLAVE.c ****     matchReg = I2CIF_RX_MATCH_REG;
 180              		.loc 1 214 0
 181 0000 034A     		ldr	r2, .L14
 182 0002 1168     		ldr	r1, [r2]
 183              	.LVL14:
 215:.\Generated_Source\PSoC4/I2CIF_I2C_SLAVE.c **** 
 216:.\Generated_Source\PSoC4/I2CIF_I2C_SLAVE.c ****     matchReg &= ((uint32) ~I2CIF_RX_MATCH_MASK_MASK); /* Clear address mask bits */
ARM GAS  C:\Users\Tim\AppData\Local\Temp\ccQFrLnC.s 			page 8


 184              		.loc 1 216 0
 185 0004 034B     		ldr	r3, .L14+4
 186 0006 0B40     		and	r3, r1
 187              	.LVL15:
 217:.\Generated_Source\PSoC4/I2CIF_I2C_SLAVE.c ****     matchReg |= ((uint32) (addressMask << I2CIF_RX_MATCH_MASK_POS));
 188              		.loc 1 217 0
 189 0008 0004     		lsl	r0, r0, #16
 190              	.LVL16:
 191 000a 1843     		orr	r0, r3
 192              	.LVL17:
 218:.\Generated_Source\PSoC4/I2CIF_I2C_SLAVE.c **** 
 219:.\Generated_Source\PSoC4/I2CIF_I2C_SLAVE.c ****     I2CIF_RX_MATCH_REG = matchReg;
 193              		.loc 1 219 0
 194 000c 1060     		str	r0, [r2]
 220:.\Generated_Source\PSoC4/I2CIF_I2C_SLAVE.c **** }
 195              		.loc 1 220 0
 196              		@ sp needed
 197 000e 7047     		bx	lr
 198              	.L15:
 199              		.align	2
 200              	.L14:
 201 0010 10032440 		.word	1076101904
 202 0014 FFFF00FF 		.word	-16711681
 203              		.cfi_endproc
 204              	.LFE5:
 205              		.size	I2CIF_I2CSlaveSetAddressMask, .-I2CIF_I2CSlaveSetAddressMask
 206              		.section	.text.I2CIF_I2CSlaveInitReadBuf,"ax",%progbits
 207              		.align	2
 208              		.global	I2CIF_I2CSlaveInitReadBuf
 209              		.code	16
 210              		.thumb_func
 211              		.type	I2CIF_I2CSlaveInitReadBuf, %function
 212              	I2CIF_I2CSlaveInitReadBuf:
 213              	.LFB6:
 221:.\Generated_Source\PSoC4/I2CIF_I2C_SLAVE.c **** 
 222:.\Generated_Source\PSoC4/I2CIF_I2C_SLAVE.c **** 
 223:.\Generated_Source\PSoC4/I2CIF_I2C_SLAVE.c **** /*******************************************************************************
 224:.\Generated_Source\PSoC4/I2CIF_I2C_SLAVE.c **** * Function Name: I2CIF_I2CSlaveInitReadBuf
 225:.\Generated_Source\PSoC4/I2CIF_I2C_SLAVE.c **** ********************************************************************************
 226:.\Generated_Source\PSoC4/I2CIF_I2C_SLAVE.c **** *
 227:.\Generated_Source\PSoC4/I2CIF_I2C_SLAVE.c **** * Summary:
 228:.\Generated_Source\PSoC4/I2CIF_I2C_SLAVE.c **** *  Sets the buffer pointer and size of the read buffer. This function also
 229:.\Generated_Source\PSoC4/I2CIF_I2C_SLAVE.c **** *  resets the transfer count returned with the I2C_SlaveGetReadBufSize function.
 230:.\Generated_Source\PSoC4/I2CIF_I2C_SLAVE.c **** *
 231:.\Generated_Source\PSoC4/I2CIF_I2C_SLAVE.c **** * Parameters:
 232:.\Generated_Source\PSoC4/I2CIF_I2C_SLAVE.c **** *  readBuf:  Pointer to the data buffer to be read by the master.
 233:.\Generated_Source\PSoC4/I2CIF_I2C_SLAVE.c **** *  bufSize:  Size of the read buffer exposed to the I2C master.
 234:.\Generated_Source\PSoC4/I2CIF_I2C_SLAVE.c **** *
 235:.\Generated_Source\PSoC4/I2CIF_I2C_SLAVE.c **** * Return:
 236:.\Generated_Source\PSoC4/I2CIF_I2C_SLAVE.c **** *  None
 237:.\Generated_Source\PSoC4/I2CIF_I2C_SLAVE.c **** *
 238:.\Generated_Source\PSoC4/I2CIF_I2C_SLAVE.c **** * Global variables:
 239:.\Generated_Source\PSoC4/I2CIF_I2C_SLAVE.c **** *  I2CIF_slRdBufPtr   - used to store pointer to slave read buffer.
 240:.\Generated_Source\PSoC4/I2CIF_I2C_SLAVE.c **** *  I2CIF_slRdBufSize  - used to store salve read buffer size.
 241:.\Generated_Source\PSoC4/I2CIF_I2C_SLAVE.c **** *  I2CIF_slRdBufIndex - used to store current index within slave
 242:.\Generated_Source\PSoC4/I2CIF_I2C_SLAVE.c **** *  read buffer.
 243:.\Generated_Source\PSoC4/I2CIF_I2C_SLAVE.c **** *
ARM GAS  C:\Users\Tim\AppData\Local\Temp\ccQFrLnC.s 			page 9


 244:.\Generated_Source\PSoC4/I2CIF_I2C_SLAVE.c **** * Side Effects:
 245:.\Generated_Source\PSoC4/I2CIF_I2C_SLAVE.c **** *  If this function is called during a bus transaction, data from the previous
 246:.\Generated_Source\PSoC4/I2CIF_I2C_SLAVE.c **** *  buffer location and the beginning of current buffer may be transmitted.
 247:.\Generated_Source\PSoC4/I2CIF_I2C_SLAVE.c **** *
 248:.\Generated_Source\PSoC4/I2CIF_I2C_SLAVE.c **** *******************************************************************************/
 249:.\Generated_Source\PSoC4/I2CIF_I2C_SLAVE.c **** void I2CIF_I2CSlaveInitReadBuf(uint8 * rdBuf, uint32 bufSize)
 250:.\Generated_Source\PSoC4/I2CIF_I2C_SLAVE.c **** {
 214              		.loc 1 250 0
 215              		.cfi_startproc
 216              	.LVL18:
 217 0000 38B5     		push	{r3, r4, r5, lr}
 218              		.cfi_def_cfa_offset 16
 219              		.cfi_offset 3, -16
 220              		.cfi_offset 4, -12
 221              		.cfi_offset 5, -8
 222              		.cfi_offset 14, -4
 251:.\Generated_Source\PSoC4/I2CIF_I2C_SLAVE.c ****     /* Check for proper buffer */
 252:.\Generated_Source\PSoC4/I2CIF_I2C_SLAVE.c ****     if(NULL != rdBuf)
 223              		.loc 1 252 0
 224 0002 0028     		cmp	r0, #0
 225 0004 10D0     		beq	.L16
 226 0006 0D1C     		mov	r5, r1
 227 0008 041C     		mov	r4, r0
 253:.\Generated_Source\PSoC4/I2CIF_I2C_SLAVE.c ****     {
 254:.\Generated_Source\PSoC4/I2CIF_I2C_SLAVE.c ****         I2CIF_DisableInt();  /* Lock from interruption */
 228              		.loc 1 254 0
 229 000a 0820     		mov	r0, #8
 230              	.LVL19:
 231 000c FFF7FEFF 		bl	CyIntDisable
 232              	.LVL20:
 255:.\Generated_Source\PSoC4/I2CIF_I2C_SLAVE.c **** 
 256:.\Generated_Source\PSoC4/I2CIF_I2C_SLAVE.c ****         I2CIF_slRdBufPtr      = (volatile uint8 *) rdBuf; /* Set buffer pointer  */
 233              		.loc 1 256 0
 234 0010 064B     		ldr	r3, .L18
 235 0012 1C60     		str	r4, [r3]
 257:.\Generated_Source\PSoC4/I2CIF_I2C_SLAVE.c ****         I2CIF_slRdBufSize     = bufSize;                  /* Set buffer size     */
 236              		.loc 1 257 0
 237 0014 064B     		ldr	r3, .L18+4
 238 0016 1D60     		str	r5, [r3]
 258:.\Generated_Source\PSoC4/I2CIF_I2C_SLAVE.c ****         I2CIF_slRdBufIndex    = 0u;                       /* Clear buffer index  */
 239              		.loc 1 258 0
 240 0018 0023     		mov	r3, #0
 241 001a 064A     		ldr	r2, .L18+8
 242 001c 1360     		str	r3, [r2]
 259:.\Generated_Source\PSoC4/I2CIF_I2C_SLAVE.c ****         I2CIF_slRdBufIndexTmp = 0u;                       /* Clear buffer index  */
 243              		.loc 1 259 0
 244 001e 064A     		ldr	r2, .L18+12
 245 0020 1360     		str	r3, [r2]
 260:.\Generated_Source\PSoC4/I2CIF_I2C_SLAVE.c **** 
 261:.\Generated_Source\PSoC4/I2CIF_I2C_SLAVE.c ****         I2CIF_EnableInt();   /* Release lock */
 246              		.loc 1 261 0
 247 0022 0820     		mov	r0, #8
 248 0024 FFF7FEFF 		bl	CyIntEnable
 249              	.LVL21:
 250              	.L16:
 262:.\Generated_Source\PSoC4/I2CIF_I2C_SLAVE.c ****     }
 263:.\Generated_Source\PSoC4/I2CIF_I2C_SLAVE.c **** }
ARM GAS  C:\Users\Tim\AppData\Local\Temp\ccQFrLnC.s 			page 10


 251              		.loc 1 263 0
 252              		@ sp needed
 253 0028 38BD     		pop	{r3, r4, r5, pc}
 254              	.L19:
 255 002a C046     		.align	2
 256              	.L18:
 257 002c 00000000 		.word	I2CIF_slRdBufPtr
 258 0030 00000000 		.word	I2CIF_slRdBufSize
 259 0034 00000000 		.word	I2CIF_slRdBufIndex
 260 0038 00000000 		.word	I2CIF_slRdBufIndexTmp
 261              		.cfi_endproc
 262              	.LFE6:
 263              		.size	I2CIF_I2CSlaveInitReadBuf, .-I2CIF_I2CSlaveInitReadBuf
 264              		.section	.text.I2CIF_I2CSlaveInitWriteBuf,"ax",%progbits
 265              		.align	2
 266              		.global	I2CIF_I2CSlaveInitWriteBuf
 267              		.code	16
 268              		.thumb_func
 269              		.type	I2CIF_I2CSlaveInitWriteBuf, %function
 270              	I2CIF_I2CSlaveInitWriteBuf:
 271              	.LFB7:
 264:.\Generated_Source\PSoC4/I2CIF_I2C_SLAVE.c **** 
 265:.\Generated_Source\PSoC4/I2CIF_I2C_SLAVE.c **** 
 266:.\Generated_Source\PSoC4/I2CIF_I2C_SLAVE.c **** /*******************************************************************************
 267:.\Generated_Source\PSoC4/I2CIF_I2C_SLAVE.c **** * Function Name: I2CIF_I2CSlaveInitWriteBuf
 268:.\Generated_Source\PSoC4/I2CIF_I2C_SLAVE.c **** ********************************************************************************
 269:.\Generated_Source\PSoC4/I2CIF_I2C_SLAVE.c **** *
 270:.\Generated_Source\PSoC4/I2CIF_I2C_SLAVE.c **** * Summary:
 271:.\Generated_Source\PSoC4/I2CIF_I2C_SLAVE.c **** *  Sets the buffer pointer and size of the read buffer. This function also
 272:.\Generated_Source\PSoC4/I2CIF_I2C_SLAVE.c **** *  resets the transfer count returned with the I2C_SlaveGetReadBufSize function.
 273:.\Generated_Source\PSoC4/I2CIF_I2C_SLAVE.c **** *
 274:.\Generated_Source\PSoC4/I2CIF_I2C_SLAVE.c **** * Parameters:
 275:.\Generated_Source\PSoC4/I2CIF_I2C_SLAVE.c **** *  writeBuf:  Pointer to the data buffer to be read by the master.
 276:.\Generated_Source\PSoC4/I2CIF_I2C_SLAVE.c **** *  bufSize:  Size of the buffer exposed to the I2C master.
 277:.\Generated_Source\PSoC4/I2CIF_I2C_SLAVE.c **** *
 278:.\Generated_Source\PSoC4/I2CIF_I2C_SLAVE.c **** * Return:
 279:.\Generated_Source\PSoC4/I2CIF_I2C_SLAVE.c **** *  None
 280:.\Generated_Source\PSoC4/I2CIF_I2C_SLAVE.c **** *
 281:.\Generated_Source\PSoC4/I2CIF_I2C_SLAVE.c **** * Global variables:
 282:.\Generated_Source\PSoC4/I2CIF_I2C_SLAVE.c **** *  I2CIF_slWrBufPtr   - used to store pointer to slave write buffer.
 283:.\Generated_Source\PSoC4/I2CIF_I2C_SLAVE.c **** *  I2CIF_slWrBufSize  - used to store salve write buffer size.
 284:.\Generated_Source\PSoC4/I2CIF_I2C_SLAVE.c **** *  I2CIF_slWrBufIndex - used to store current index within slave
 285:.\Generated_Source\PSoC4/I2CIF_I2C_SLAVE.c **** *  write buffer.
 286:.\Generated_Source\PSoC4/I2CIF_I2C_SLAVE.c **** *
 287:.\Generated_Source\PSoC4/I2CIF_I2C_SLAVE.c **** * Side Effects:
 288:.\Generated_Source\PSoC4/I2CIF_I2C_SLAVE.c **** *  If this function is called during a bus transaction, data from the previous
 289:.\Generated_Source\PSoC4/I2CIF_I2C_SLAVE.c **** *  buffer location and the beginning of current buffer may be transmitted.
 290:.\Generated_Source\PSoC4/I2CIF_I2C_SLAVE.c **** *
 291:.\Generated_Source\PSoC4/I2CIF_I2C_SLAVE.c **** *******************************************************************************/
 292:.\Generated_Source\PSoC4/I2CIF_I2C_SLAVE.c **** void I2CIF_I2CSlaveInitWriteBuf(uint8 * wrBuf, uint32 bufSize)
 293:.\Generated_Source\PSoC4/I2CIF_I2C_SLAVE.c **** {
 272              		.loc 1 293 0
 273              		.cfi_startproc
 274              	.LVL22:
 275 0000 38B5     		push	{r3, r4, r5, lr}
 276              		.cfi_def_cfa_offset 16
 277              		.cfi_offset 3, -16
ARM GAS  C:\Users\Tim\AppData\Local\Temp\ccQFrLnC.s 			page 11


 278              		.cfi_offset 4, -12
 279              		.cfi_offset 5, -8
 280              		.cfi_offset 14, -4
 294:.\Generated_Source\PSoC4/I2CIF_I2C_SLAVE.c ****     /* Check buffer pointer */
 295:.\Generated_Source\PSoC4/I2CIF_I2C_SLAVE.c ****     if(NULL != wrBuf)
 281              		.loc 1 295 0
 282 0002 0028     		cmp	r0, #0
 283 0004 0ED0     		beq	.L20
 284 0006 0D1C     		mov	r5, r1
 285 0008 041C     		mov	r4, r0
 296:.\Generated_Source\PSoC4/I2CIF_I2C_SLAVE.c ****     {
 297:.\Generated_Source\PSoC4/I2CIF_I2C_SLAVE.c ****         I2CIF_DisableInt();  /* Lock from interruption */
 286              		.loc 1 297 0
 287 000a 0820     		mov	r0, #8
 288              	.LVL23:
 289 000c FFF7FEFF 		bl	CyIntDisable
 290              	.LVL24:
 298:.\Generated_Source\PSoC4/I2CIF_I2C_SLAVE.c **** 
 299:.\Generated_Source\PSoC4/I2CIF_I2C_SLAVE.c ****         I2CIF_slWrBufPtr   = (volatile uint8 *) wrBuf; /* Set buffer pointer  */
 291              		.loc 1 299 0
 292 0010 054B     		ldr	r3, .L22
 293 0012 1C60     		str	r4, [r3]
 300:.\Generated_Source\PSoC4/I2CIF_I2C_SLAVE.c ****         I2CIF_slWrBufSize  = bufSize;                  /* Set buffer size     */
 294              		.loc 1 300 0
 295 0014 054B     		ldr	r3, .L22+4
 296 0016 1D60     		str	r5, [r3]
 301:.\Generated_Source\PSoC4/I2CIF_I2C_SLAVE.c ****         I2CIF_slWrBufIndex = 0u;                       /* Clear buffer index  */
 297              		.loc 1 301 0
 298 0018 0022     		mov	r2, #0
 299 001a 054B     		ldr	r3, .L22+8
 300 001c 1A60     		str	r2, [r3]
 302:.\Generated_Source\PSoC4/I2CIF_I2C_SLAVE.c **** 
 303:.\Generated_Source\PSoC4/I2CIF_I2C_SLAVE.c ****         I2CIF_EnableInt();   /* Release lock */
 301              		.loc 1 303 0
 302 001e 0820     		mov	r0, #8
 303 0020 FFF7FEFF 		bl	CyIntEnable
 304              	.LVL25:
 305              	.L20:
 304:.\Generated_Source\PSoC4/I2CIF_I2C_SLAVE.c ****     }
 305:.\Generated_Source\PSoC4/I2CIF_I2C_SLAVE.c **** }
 306              		.loc 1 305 0
 307              		@ sp needed
 308 0024 38BD     		pop	{r3, r4, r5, pc}
 309              	.L23:
 310 0026 C046     		.align	2
 311              	.L22:
 312 0028 00000000 		.word	I2CIF_slWrBufPtr
 313 002c 00000000 		.word	I2CIF_slWrBufSize
 314 0030 00000000 		.word	I2CIF_slWrBufIndex
 315              		.cfi_endproc
 316              	.LFE7:
 317              		.size	I2CIF_I2CSlaveInitWriteBuf, .-I2CIF_I2CSlaveInitWriteBuf
 318              		.section	.text.I2CIF_I2CSlaveGetReadBufSize,"ax",%progbits
 319              		.align	2
 320              		.global	I2CIF_I2CSlaveGetReadBufSize
 321              		.code	16
 322              		.thumb_func
ARM GAS  C:\Users\Tim\AppData\Local\Temp\ccQFrLnC.s 			page 12


 323              		.type	I2CIF_I2CSlaveGetReadBufSize, %function
 324              	I2CIF_I2CSlaveGetReadBufSize:
 325              	.LFB8:
 306:.\Generated_Source\PSoC4/I2CIF_I2C_SLAVE.c **** 
 307:.\Generated_Source\PSoC4/I2CIF_I2C_SLAVE.c **** 
 308:.\Generated_Source\PSoC4/I2CIF_I2C_SLAVE.c **** /*******************************************************************************
 309:.\Generated_Source\PSoC4/I2CIF_I2C_SLAVE.c **** * Function Name: I2CIF_I2CSlaveGetReadBufSize
 310:.\Generated_Source\PSoC4/I2CIF_I2C_SLAVE.c **** ********************************************************************************
 311:.\Generated_Source\PSoC4/I2CIF_I2C_SLAVE.c **** *
 312:.\Generated_Source\PSoC4/I2CIF_I2C_SLAVE.c **** * Summary:
 313:.\Generated_Source\PSoC4/I2CIF_I2C_SLAVE.c **** *  Returns the number of bytes read by the I2C master since an
 314:.\Generated_Source\PSoC4/I2CIF_I2C_SLAVE.c **** *  I2C_SlaveInitReadBuf or I2C_SlaveClearReadBuf function was executed.
 315:.\Generated_Source\PSoC4/I2CIF_I2C_SLAVE.c **** *  The maximum return value will be the size of the read buffer.
 316:.\Generated_Source\PSoC4/I2CIF_I2C_SLAVE.c **** *
 317:.\Generated_Source\PSoC4/I2CIF_I2C_SLAVE.c **** * Parameters:
 318:.\Generated_Source\PSoC4/I2CIF_I2C_SLAVE.c **** *  None
 319:.\Generated_Source\PSoC4/I2CIF_I2C_SLAVE.c **** *
 320:.\Generated_Source\PSoC4/I2CIF_I2C_SLAVE.c **** * Return:
 321:.\Generated_Source\PSoC4/I2CIF_I2C_SLAVE.c **** *  Bytes read by master.
 322:.\Generated_Source\PSoC4/I2CIF_I2C_SLAVE.c **** *
 323:.\Generated_Source\PSoC4/I2CIF_I2C_SLAVE.c **** * Global variables:
 324:.\Generated_Source\PSoC4/I2CIF_I2C_SLAVE.c **** *  I2CIF_slRdBufIndex - used to store current index within slave
 325:.\Generated_Source\PSoC4/I2CIF_I2C_SLAVE.c **** *  read buffer.
 326:.\Generated_Source\PSoC4/I2CIF_I2C_SLAVE.c **** *
 327:.\Generated_Source\PSoC4/I2CIF_I2C_SLAVE.c **** *******************************************************************************/
 328:.\Generated_Source\PSoC4/I2CIF_I2C_SLAVE.c **** uint32 I2CIF_I2CSlaveGetReadBufSize(void)
 329:.\Generated_Source\PSoC4/I2CIF_I2C_SLAVE.c **** {
 326              		.loc 1 329 0
 327              		.cfi_startproc
 330:.\Generated_Source\PSoC4/I2CIF_I2C_SLAVE.c ****     return(I2CIF_slRdBufIndex);
 328              		.loc 1 330 0
 329 0000 014B     		ldr	r3, .L25
 330 0002 1868     		ldr	r0, [r3]
 331:.\Generated_Source\PSoC4/I2CIF_I2C_SLAVE.c **** }
 331              		.loc 1 331 0
 332              		@ sp needed
 333 0004 7047     		bx	lr
 334              	.L26:
 335 0006 C046     		.align	2
 336              	.L25:
 337 0008 00000000 		.word	I2CIF_slRdBufIndex
 338              		.cfi_endproc
 339              	.LFE8:
 340              		.size	I2CIF_I2CSlaveGetReadBufSize, .-I2CIF_I2CSlaveGetReadBufSize
 341              		.section	.text.I2CIF_I2CSlaveGetWriteBufSize,"ax",%progbits
 342              		.align	2
 343              		.global	I2CIF_I2CSlaveGetWriteBufSize
 344              		.code	16
 345              		.thumb_func
 346              		.type	I2CIF_I2CSlaveGetWriteBufSize, %function
 347              	I2CIF_I2CSlaveGetWriteBufSize:
 348              	.LFB9:
 332:.\Generated_Source\PSoC4/I2CIF_I2C_SLAVE.c **** 
 333:.\Generated_Source\PSoC4/I2CIF_I2C_SLAVE.c **** 
 334:.\Generated_Source\PSoC4/I2CIF_I2C_SLAVE.c **** /*******************************************************************************
 335:.\Generated_Source\PSoC4/I2CIF_I2C_SLAVE.c **** * Function Name: I2CIF_I2CSlaveGetWriteBufSize
 336:.\Generated_Source\PSoC4/I2CIF_I2C_SLAVE.c **** ********************************************************************************
ARM GAS  C:\Users\Tim\AppData\Local\Temp\ccQFrLnC.s 			page 13


 337:.\Generated_Source\PSoC4/I2CIF_I2C_SLAVE.c **** *
 338:.\Generated_Source\PSoC4/I2CIF_I2C_SLAVE.c **** * Summary:
 339:.\Generated_Source\PSoC4/I2CIF_I2C_SLAVE.c **** *  Returns the number of bytes written by the I2C master since an
 340:.\Generated_Source\PSoC4/I2CIF_I2C_SLAVE.c **** *  I2C_SlaveInitWriteBuf or I2C_SlaveClearWriteBuf function was executed.
 341:.\Generated_Source\PSoC4/I2CIF_I2C_SLAVE.c **** *  The maximum return value will be the size of the write buffer.
 342:.\Generated_Source\PSoC4/I2CIF_I2C_SLAVE.c **** *
 343:.\Generated_Source\PSoC4/I2CIF_I2C_SLAVE.c **** * Parameters:
 344:.\Generated_Source\PSoC4/I2CIF_I2C_SLAVE.c **** *  None
 345:.\Generated_Source\PSoC4/I2CIF_I2C_SLAVE.c **** *
 346:.\Generated_Source\PSoC4/I2CIF_I2C_SLAVE.c **** * Return:
 347:.\Generated_Source\PSoC4/I2CIF_I2C_SLAVE.c **** *  Bytes written by master.
 348:.\Generated_Source\PSoC4/I2CIF_I2C_SLAVE.c **** *
 349:.\Generated_Source\PSoC4/I2CIF_I2C_SLAVE.c **** * Global variables:
 350:.\Generated_Source\PSoC4/I2CIF_I2C_SLAVE.c **** *  I2CIF_slWrBufIndex - used to store current index within slave
 351:.\Generated_Source\PSoC4/I2CIF_I2C_SLAVE.c **** *  write buffer.
 352:.\Generated_Source\PSoC4/I2CIF_I2C_SLAVE.c **** *
 353:.\Generated_Source\PSoC4/I2CIF_I2C_SLAVE.c **** *******************************************************************************/
 354:.\Generated_Source\PSoC4/I2CIF_I2C_SLAVE.c **** uint32 I2CIF_I2CSlaveGetWriteBufSize(void)
 355:.\Generated_Source\PSoC4/I2CIF_I2C_SLAVE.c **** {
 349              		.loc 1 355 0
 350              		.cfi_startproc
 356:.\Generated_Source\PSoC4/I2CIF_I2C_SLAVE.c ****     return(I2CIF_slWrBufIndex);
 351              		.loc 1 356 0
 352 0000 014B     		ldr	r3, .L28
 353 0002 1868     		ldr	r0, [r3]
 357:.\Generated_Source\PSoC4/I2CIF_I2C_SLAVE.c **** }
 354              		.loc 1 357 0
 355              		@ sp needed
 356 0004 7047     		bx	lr
 357              	.L29:
 358 0006 C046     		.align	2
 359              	.L28:
 360 0008 00000000 		.word	I2CIF_slWrBufIndex
 361              		.cfi_endproc
 362              	.LFE9:
 363              		.size	I2CIF_I2CSlaveGetWriteBufSize, .-I2CIF_I2CSlaveGetWriteBufSize
 364              		.section	.text.I2CIF_I2CSlaveClearReadBuf,"ax",%progbits
 365              		.align	2
 366              		.global	I2CIF_I2CSlaveClearReadBuf
 367              		.code	16
 368              		.thumb_func
 369              		.type	I2CIF_I2CSlaveClearReadBuf, %function
 370              	I2CIF_I2CSlaveClearReadBuf:
 371              	.LFB10:
 358:.\Generated_Source\PSoC4/I2CIF_I2C_SLAVE.c **** 
 359:.\Generated_Source\PSoC4/I2CIF_I2C_SLAVE.c **** 
 360:.\Generated_Source\PSoC4/I2CIF_I2C_SLAVE.c **** /*******************************************************************************
 361:.\Generated_Source\PSoC4/I2CIF_I2C_SLAVE.c **** * Function Name: I2CIF_I2CSlaveClearReadBuf
 362:.\Generated_Source\PSoC4/I2CIF_I2C_SLAVE.c **** ********************************************************************************
 363:.\Generated_Source\PSoC4/I2CIF_I2C_SLAVE.c **** *
 364:.\Generated_Source\PSoC4/I2CIF_I2C_SLAVE.c **** * Summary:
 365:.\Generated_Source\PSoC4/I2CIF_I2C_SLAVE.c **** *  Resets the read pointer to the first byte in the read buffer. The next byte
 366:.\Generated_Source\PSoC4/I2CIF_I2C_SLAVE.c **** *  read by the master will be the first byte in the read buffer.
 367:.\Generated_Source\PSoC4/I2CIF_I2C_SLAVE.c **** *
 368:.\Generated_Source\PSoC4/I2CIF_I2C_SLAVE.c **** * Parameters:
 369:.\Generated_Source\PSoC4/I2CIF_I2C_SLAVE.c **** *  None
 370:.\Generated_Source\PSoC4/I2CIF_I2C_SLAVE.c **** *
ARM GAS  C:\Users\Tim\AppData\Local\Temp\ccQFrLnC.s 			page 14


 371:.\Generated_Source\PSoC4/I2CIF_I2C_SLAVE.c **** * Return:
 372:.\Generated_Source\PSoC4/I2CIF_I2C_SLAVE.c **** *  None
 373:.\Generated_Source\PSoC4/I2CIF_I2C_SLAVE.c **** *
 374:.\Generated_Source\PSoC4/I2CIF_I2C_SLAVE.c **** * Global variables:
 375:.\Generated_Source\PSoC4/I2CIF_I2C_SLAVE.c **** *  I2CIF_slRdBufIndex - used to store current index within slave
 376:.\Generated_Source\PSoC4/I2CIF_I2C_SLAVE.c **** *  read buffer.
 377:.\Generated_Source\PSoC4/I2CIF_I2C_SLAVE.c **** *
 378:.\Generated_Source\PSoC4/I2CIF_I2C_SLAVE.c **** *******************************************************************************/
 379:.\Generated_Source\PSoC4/I2CIF_I2C_SLAVE.c **** void I2CIF_I2CSlaveClearReadBuf(void)
 380:.\Generated_Source\PSoC4/I2CIF_I2C_SLAVE.c **** {
 372              		.loc 1 380 0
 373              		.cfi_startproc
 381:.\Generated_Source\PSoC4/I2CIF_I2C_SLAVE.c ****     I2CIF_slRdBufIndex = 0u;
 374              		.loc 1 381 0
 375 0000 0022     		mov	r2, #0
 376 0002 014B     		ldr	r3, .L31
 377 0004 1A60     		str	r2, [r3]
 382:.\Generated_Source\PSoC4/I2CIF_I2C_SLAVE.c **** }
 378              		.loc 1 382 0
 379              		@ sp needed
 380 0006 7047     		bx	lr
 381              	.L32:
 382              		.align	2
 383              	.L31:
 384 0008 00000000 		.word	I2CIF_slRdBufIndex
 385              		.cfi_endproc
 386              	.LFE10:
 387              		.size	I2CIF_I2CSlaveClearReadBuf, .-I2CIF_I2CSlaveClearReadBuf
 388              		.section	.text.I2CIF_I2CSlaveClearWriteBuf,"ax",%progbits
 389              		.align	2
 390              		.global	I2CIF_I2CSlaveClearWriteBuf
 391              		.code	16
 392              		.thumb_func
 393              		.type	I2CIF_I2CSlaveClearWriteBuf, %function
 394              	I2CIF_I2CSlaveClearWriteBuf:
 395              	.LFB11:
 383:.\Generated_Source\PSoC4/I2CIF_I2C_SLAVE.c **** 
 384:.\Generated_Source\PSoC4/I2CIF_I2C_SLAVE.c **** 
 385:.\Generated_Source\PSoC4/I2CIF_I2C_SLAVE.c **** /*******************************************************************************
 386:.\Generated_Source\PSoC4/I2CIF_I2C_SLAVE.c **** * Function Name: I2CIF_I2CSlaveClearWriteBuf
 387:.\Generated_Source\PSoC4/I2CIF_I2C_SLAVE.c **** ********************************************************************************
 388:.\Generated_Source\PSoC4/I2CIF_I2C_SLAVE.c **** *
 389:.\Generated_Source\PSoC4/I2CIF_I2C_SLAVE.c **** * Summary:
 390:.\Generated_Source\PSoC4/I2CIF_I2C_SLAVE.c **** *  Resets the write pointer to the first byte in the write buffer. The next byte
 391:.\Generated_Source\PSoC4/I2CIF_I2C_SLAVE.c **** *  written by the master will be the first byte in the write buffer.
 392:.\Generated_Source\PSoC4/I2CIF_I2C_SLAVE.c **** *
 393:.\Generated_Source\PSoC4/I2CIF_I2C_SLAVE.c **** * Parameters:
 394:.\Generated_Source\PSoC4/I2CIF_I2C_SLAVE.c **** *  None
 395:.\Generated_Source\PSoC4/I2CIF_I2C_SLAVE.c **** *
 396:.\Generated_Source\PSoC4/I2CIF_I2C_SLAVE.c **** * Return:
 397:.\Generated_Source\PSoC4/I2CIF_I2C_SLAVE.c **** *  None
 398:.\Generated_Source\PSoC4/I2CIF_I2C_SLAVE.c **** *
 399:.\Generated_Source\PSoC4/I2CIF_I2C_SLAVE.c **** * Global variables:
 400:.\Generated_Source\PSoC4/I2CIF_I2C_SLAVE.c **** *  I2CIF_slWrBufIndex - used to store current index within slave
 401:.\Generated_Source\PSoC4/I2CIF_I2C_SLAVE.c **** *  write buffer.
 402:.\Generated_Source\PSoC4/I2CIF_I2C_SLAVE.c **** *
 403:.\Generated_Source\PSoC4/I2CIF_I2C_SLAVE.c **** *******************************************************************************/
ARM GAS  C:\Users\Tim\AppData\Local\Temp\ccQFrLnC.s 			page 15


 404:.\Generated_Source\PSoC4/I2CIF_I2C_SLAVE.c **** void I2CIF_I2CSlaveClearWriteBuf(void)
 405:.\Generated_Source\PSoC4/I2CIF_I2C_SLAVE.c **** {
 396              		.loc 1 405 0
 397              		.cfi_startproc
 406:.\Generated_Source\PSoC4/I2CIF_I2C_SLAVE.c ****     I2CIF_slWrBufIndex = 0u;
 398              		.loc 1 406 0
 399 0000 0022     		mov	r2, #0
 400 0002 014B     		ldr	r3, .L34
 401 0004 1A60     		str	r2, [r3]
 407:.\Generated_Source\PSoC4/I2CIF_I2C_SLAVE.c **** }
 402              		.loc 1 407 0
 403              		@ sp needed
 404 0006 7047     		bx	lr
 405              	.L35:
 406              		.align	2
 407              	.L34:
 408 0008 00000000 		.word	I2CIF_slWrBufIndex
 409              		.cfi_endproc
 410              	.LFE11:
 411              		.size	I2CIF_I2CSlaveClearWriteBuf, .-I2CIF_I2CSlaveClearWriteBuf
 412              		.comm	I2CIF_slOverFlowCount,1,1
 413              		.comm	I2CIF_slRdBufIndexTmp,4,4
 414              		.comm	I2CIF_slRdBufIndex,4,4
 415              		.comm	I2CIF_slRdBufSize,4,4
 416              		.comm	I2CIF_slRdBufPtr,4,4
 417              		.comm	I2CIF_slWrBufIndex,4,4
 418              		.comm	I2CIF_slWrBufSize,4,4
 419              		.comm	I2CIF_slWrBufPtr,4,4
 420              		.comm	I2CIF_slStatus,1,1
 421              		.text
 422              	.Letext0:
 423              		.file 2 "Generated_Source\\PSoC4/cytypes.h"
 424              		.file 3 "Generated_Source\\PSoC4/CyLib.h"
 425              		.section	.debug_info,"",%progbits
 426              	.Ldebug_info0:
 427 0000 85030000 		.4byte	0x385
 428 0004 0400     		.2byte	0x4
 429 0006 00000000 		.4byte	.Ldebug_abbrev0
 430 000a 04       		.byte	0x4
 431 000b 01       		.uleb128 0x1
 432 000c 9D020000 		.4byte	.LASF43
 433 0010 01       		.byte	0x1
 434 0011 5F020000 		.4byte	.LASF44
 435 0015 00000000 		.4byte	.LASF45
 436 0019 00000000 		.4byte	.Ldebug_ranges0+0
 437 001d 00000000 		.4byte	0
 438 0021 00000000 		.4byte	.Ldebug_line0
 439 0025 02       		.uleb128 0x2
 440 0026 01       		.byte	0x1
 441 0027 06       		.byte	0x6
 442 0028 62030000 		.4byte	.LASF0
 443 002c 02       		.uleb128 0x2
 444 002d 01       		.byte	0x1
 445 002e 08       		.byte	0x8
 446 002f 24010000 		.4byte	.LASF1
 447 0033 02       		.uleb128 0x2
 448 0034 02       		.byte	0x2
ARM GAS  C:\Users\Tim\AppData\Local\Temp\ccQFrLnC.s 			page 16


 449 0035 05       		.byte	0x5
 450 0036 38030000 		.4byte	.LASF2
 451 003a 02       		.uleb128 0x2
 452 003b 02       		.byte	0x2
 453 003c 07       		.byte	0x7
 454 003d AF000000 		.4byte	.LASF3
 455 0041 02       		.uleb128 0x2
 456 0042 04       		.byte	0x4
 457 0043 05       		.byte	0x5
 458 0044 4A030000 		.4byte	.LASF4
 459 0048 02       		.uleb128 0x2
 460 0049 04       		.byte	0x4
 461 004a 07       		.byte	0x7
 462 004b 32010000 		.4byte	.LASF5
 463 004f 02       		.uleb128 0x2
 464 0050 08       		.byte	0x8
 465 0051 05       		.byte	0x5
 466 0052 8A020000 		.4byte	.LASF6
 467 0056 02       		.uleb128 0x2
 468 0057 08       		.byte	0x8
 469 0058 07       		.byte	0x7
 470 0059 E6010000 		.4byte	.LASF7
 471 005d 03       		.uleb128 0x3
 472 005e 04       		.byte	0x4
 473 005f 05       		.byte	0x5
 474 0060 696E7400 		.ascii	"int\000"
 475 0064 02       		.uleb128 0x2
 476 0065 04       		.byte	0x4
 477 0066 07       		.byte	0x7
 478 0067 D1010000 		.4byte	.LASF8
 479 006b 04       		.uleb128 0x4
 480 006c 44010000 		.4byte	.LASF9
 481 0070 02       		.byte	0x2
 482 0071 C2       		.byte	0xc2
 483 0072 2C000000 		.4byte	0x2c
 484 0076 04       		.uleb128 0x4
 485 0077 CA010000 		.4byte	.LASF10
 486 007b 02       		.byte	0x2
 487 007c C4       		.byte	0xc4
 488 007d 48000000 		.4byte	0x48
 489 0081 02       		.uleb128 0x2
 490 0082 04       		.byte	0x4
 491 0083 04       		.byte	0x4
 492 0084 1E010000 		.4byte	.LASF11
 493 0088 02       		.uleb128 0x2
 494 0089 08       		.byte	0x8
 495 008a 04       		.byte	0x4
 496 008b 6F010000 		.4byte	.LASF12
 497 008f 02       		.uleb128 0x2
 498 0090 01       		.byte	0x1
 499 0091 08       		.byte	0x8
 500 0092 98020000 		.4byte	.LASF13
 501 0096 05       		.uleb128 0x5
 502 0097 6B000000 		.4byte	0x6b
 503 009b 06       		.uleb128 0x6
 504 009c 53030000 		.4byte	.LASF14
 505 00a0 02       		.byte	0x2
ARM GAS  C:\Users\Tim\AppData\Local\Temp\ccQFrLnC.s 			page 17


 506 00a1 6E01     		.2byte	0x16e
 507 00a3 A7000000 		.4byte	0xa7
 508 00a7 05       		.uleb128 0x5
 509 00a8 76000000 		.4byte	0x76
 510 00ac 02       		.uleb128 0x2
 511 00ad 04       		.byte	0x4
 512 00ae 07       		.byte	0x7
 513 00af 43020000 		.4byte	.LASF15
 514 00b3 07       		.uleb128 0x7
 515 00b4 B5010000 		.4byte	.LASF29
 516 00b8 01       		.byte	0x1
 517 00b9 5C       		.byte	0x5c
 518 00ba 76000000 		.4byte	0x76
 519 00be 00000000 		.4byte	.LFB1
 520 00c2 0C000000 		.4byte	.LFE1-.LFB1
 521 00c6 01       		.uleb128 0x1
 522 00c7 9C       		.byte	0x9c
 523 00c8 08       		.uleb128 0x8
 524 00c9 00010000 		.4byte	.LASF16
 525 00cd 01       		.byte	0x1
 526 00ce 74       		.byte	0x74
 527 00cf 76000000 		.4byte	0x76
 528 00d3 00000000 		.4byte	.LFB2
 529 00d7 28000000 		.4byte	.LFE2-.LFB2
 530 00db 01       		.uleb128 0x1
 531 00dc 9C       		.byte	0x9c
 532 00dd 13010000 		.4byte	0x113
 533 00e1 09       		.uleb128 0x9
 534 00e2 DE000000 		.4byte	.LASF18
 535 00e6 01       		.byte	0x1
 536 00e7 76       		.byte	0x76
 537 00e8 76000000 		.4byte	0x76
 538 00ec 00000000 		.4byte	.LLST0
 539 00f0 0A       		.uleb128 0xa
 540 00f1 08000000 		.4byte	.LVL0
 541 00f5 6A030000 		.4byte	0x36a
 542 00f9 03010000 		.4byte	0x103
 543 00fd 0B       		.uleb128 0xb
 544 00fe 01       		.uleb128 0x1
 545 00ff 50       		.byte	0x50
 546 0100 01       		.uleb128 0x1
 547 0101 38       		.byte	0x38
 548 0102 00       		.byte	0
 549 0103 0C       		.uleb128 0xc
 550 0104 1E000000 		.4byte	.LVL2
 551 0108 7B030000 		.4byte	0x37b
 552 010c 0B       		.uleb128 0xb
 553 010d 01       		.uleb128 0x1
 554 010e 50       		.byte	0x50
 555 010f 01       		.uleb128 0x1
 556 0110 38       		.byte	0x38
 557 0111 00       		.byte	0
 558 0112 00       		.byte	0
 559 0113 08       		.uleb128 0x8
 560 0114 4A010000 		.4byte	.LASF17
 561 0118 01       		.byte	0x1
 562 0119 96       		.byte	0x96
ARM GAS  C:\Users\Tim\AppData\Local\Temp\ccQFrLnC.s 			page 18


 563 011a 76000000 		.4byte	0x76
 564 011e 00000000 		.4byte	.LFB3
 565 0122 28000000 		.4byte	.LFE3-.LFB3
 566 0126 01       		.uleb128 0x1
 567 0127 9C       		.byte	0x9c
 568 0128 5E010000 		.4byte	0x15e
 569 012c 09       		.uleb128 0x9
 570 012d DE000000 		.4byte	.LASF18
 571 0131 01       		.byte	0x1
 572 0132 98       		.byte	0x98
 573 0133 76000000 		.4byte	0x76
 574 0137 1E000000 		.4byte	.LLST1
 575 013b 0A       		.uleb128 0xa
 576 013c 08000000 		.4byte	.LVL4
 577 0140 6A030000 		.4byte	0x36a
 578 0144 4E010000 		.4byte	0x14e
 579 0148 0B       		.uleb128 0xb
 580 0149 01       		.uleb128 0x1
 581 014a 50       		.byte	0x50
 582 014b 01       		.uleb128 0x1
 583 014c 38       		.byte	0x38
 584 014d 00       		.byte	0
 585 014e 0C       		.uleb128 0xc
 586 014f 1E000000 		.4byte	.LVL6
 587 0153 7B030000 		.4byte	0x37b
 588 0157 0B       		.uleb128 0xb
 589 0158 01       		.uleb128 0x1
 590 0159 50       		.byte	0x50
 591 015a 01       		.uleb128 0x1
 592 015b 38       		.byte	0x38
 593 015c 00       		.byte	0
 594 015d 00       		.byte	0
 595 015e 0D       		.uleb128 0xd
 596 015f 76010000 		.4byte	.LASF20
 597 0163 01       		.byte	0x1
 598 0164 B5       		.byte	0xb5
 599 0165 00000000 		.4byte	.LFB4
 600 0169 18000000 		.4byte	.LFE4-.LFB4
 601 016d 01       		.uleb128 0x1
 602 016e 9C       		.byte	0x9c
 603 016f 92010000 		.4byte	0x192
 604 0173 0E       		.uleb128 0xe
 605 0174 DE010000 		.4byte	.LASF22
 606 0178 01       		.byte	0x1
 607 0179 B5       		.byte	0xb5
 608 017a 76000000 		.4byte	0x76
 609 017e 3C000000 		.4byte	.LLST2
 610 0182 09       		.uleb128 0x9
 611 0183 59030000 		.4byte	.LASF19
 612 0187 01       		.byte	0x1
 613 0188 B7       		.byte	0xb7
 614 0189 76000000 		.4byte	0x76
 615 018d 5D000000 		.4byte	.LLST3
 616 0191 00       		.byte	0
 617 0192 0D       		.uleb128 0xd
 618 0193 7C000000 		.4byte	.LASF21
 619 0197 01       		.byte	0x1
ARM GAS  C:\Users\Tim\AppData\Local\Temp\ccQFrLnC.s 			page 19


 620 0198 D2       		.byte	0xd2
 621 0199 00000000 		.4byte	.LFB5
 622 019d 18000000 		.4byte	.LFE5-.LFB5
 623 01a1 01       		.uleb128 0x1
 624 01a2 9C       		.byte	0x9c
 625 01a3 C6010000 		.4byte	0x1c6
 626 01a7 0E       		.uleb128 0xe
 627 01a8 FD010000 		.4byte	.LASF23
 628 01ac 01       		.byte	0x1
 629 01ad D2       		.byte	0xd2
 630 01ae 76000000 		.4byte	0x76
 631 01b2 7B000000 		.4byte	.LLST4
 632 01b6 09       		.uleb128 0x9
 633 01b7 59030000 		.4byte	.LASF19
 634 01bb 01       		.byte	0x1
 635 01bc D4       		.byte	0xd4
 636 01bd 76000000 		.4byte	0x76
 637 01c1 9C000000 		.4byte	.LLST5
 638 01c5 00       		.byte	0
 639 01c6 0D       		.uleb128 0xd
 640 01c7 9B010000 		.4byte	.LASF24
 641 01cb 01       		.byte	0x1
 642 01cc F9       		.byte	0xf9
 643 01cd 00000000 		.4byte	.LFB6
 644 01d1 3C000000 		.4byte	.LFE6-.LFB6
 645 01d5 01       		.uleb128 0x1
 646 01d6 9C       		.byte	0x9c
 647 01d7 1C020000 		.4byte	0x21c
 648 01db 0E       		.uleb128 0xe
 649 01dc 52000000 		.4byte	.LASF25
 650 01e0 01       		.byte	0x1
 651 01e1 F9       		.byte	0xf9
 652 01e2 1C020000 		.4byte	0x21c
 653 01e6 C5000000 		.4byte	.LLST6
 654 01ea 0E       		.uleb128 0xe
 655 01eb 42030000 		.4byte	.LASF26
 656 01ef 01       		.byte	0x1
 657 01f0 F9       		.byte	0xf9
 658 01f1 76000000 		.4byte	0x76
 659 01f5 F1000000 		.4byte	.LLST7
 660 01f9 0A       		.uleb128 0xa
 661 01fa 10000000 		.4byte	.LVL20
 662 01fe 6A030000 		.4byte	0x36a
 663 0202 0C020000 		.4byte	0x20c
 664 0206 0B       		.uleb128 0xb
 665 0207 01       		.uleb128 0x1
 666 0208 50       		.byte	0x50
 667 0209 01       		.uleb128 0x1
 668 020a 38       		.byte	0x38
 669 020b 00       		.byte	0
 670 020c 0C       		.uleb128 0xc
 671 020d 28000000 		.4byte	.LVL21
 672 0211 7B030000 		.4byte	0x37b
 673 0215 0B       		.uleb128 0xb
 674 0216 01       		.uleb128 0x1
 675 0217 50       		.byte	0x50
 676 0218 01       		.uleb128 0x1
ARM GAS  C:\Users\Tim\AppData\Local\Temp\ccQFrLnC.s 			page 20


 677 0219 38       		.byte	0x38
 678 021a 00       		.byte	0
 679 021b 00       		.byte	0
 680 021c 0F       		.uleb128 0xf
 681 021d 04       		.byte	0x4
 682 021e 6B000000 		.4byte	0x6b
 683 0222 10       		.uleb128 0x10
 684 0223 37000000 		.4byte	.LASF27
 685 0227 01       		.byte	0x1
 686 0228 2401     		.2byte	0x124
 687 022a 00000000 		.4byte	.LFB7
 688 022e 34000000 		.4byte	.LFE7-.LFB7
 689 0232 01       		.uleb128 0x1
 690 0233 9C       		.byte	0x9c
 691 0234 7B020000 		.4byte	0x27b
 692 0238 11       		.uleb128 0x11
 693 0239 69010000 		.4byte	.LASF28
 694 023d 01       		.byte	0x1
 695 023e 2401     		.2byte	0x124
 696 0240 1C020000 		.4byte	0x21c
 697 0244 1D010000 		.4byte	.LLST8
 698 0248 11       		.uleb128 0x11
 699 0249 42030000 		.4byte	.LASF26
 700 024d 01       		.byte	0x1
 701 024e 2401     		.2byte	0x124
 702 0250 76000000 		.4byte	0x76
 703 0254 49010000 		.4byte	.LLST9
 704 0258 0A       		.uleb128 0xa
 705 0259 10000000 		.4byte	.LVL24
 706 025d 6A030000 		.4byte	0x36a
 707 0261 6B020000 		.4byte	0x26b
 708 0265 0B       		.uleb128 0xb
 709 0266 01       		.uleb128 0x1
 710 0267 50       		.byte	0x50
 711 0268 01       		.uleb128 0x1
 712 0269 38       		.byte	0x38
 713 026a 00       		.byte	0
 714 026b 0C       		.uleb128 0xc
 715 026c 24000000 		.4byte	.LVL25
 716 0270 7B030000 		.4byte	0x37b
 717 0274 0B       		.uleb128 0xb
 718 0275 01       		.uleb128 0x1
 719 0276 50       		.byte	0x50
 720 0277 01       		.uleb128 0x1
 721 0278 38       		.byte	0x38
 722 0279 00       		.byte	0
 723 027a 00       		.byte	0
 724 027b 12       		.uleb128 0x12
 725 027c 8C030000 		.4byte	.LASF30
 726 0280 01       		.byte	0x1
 727 0281 4801     		.2byte	0x148
 728 0283 76000000 		.4byte	0x76
 729 0287 00000000 		.4byte	.LFB8
 730 028b 0C000000 		.4byte	.LFE8-.LFB8
 731 028f 01       		.uleb128 0x1
 732 0290 9C       		.byte	0x9c
 733 0291 12       		.uleb128 0x12
ARM GAS  C:\Users\Tim\AppData\Local\Temp\ccQFrLnC.s 			page 21


 734 0292 6E030000 		.4byte	.LASF31
 735 0296 01       		.byte	0x1
 736 0297 6201     		.2byte	0x162
 737 0299 76000000 		.4byte	0x76
 738 029d 00000000 		.4byte	.LFB9
 739 02a1 0C000000 		.4byte	.LFE9-.LFB9
 740 02a5 01       		.uleb128 0x1
 741 02a6 9C       		.byte	0x9c
 742 02a7 13       		.uleb128 0x13
 743 02a8 E5000000 		.4byte	.LASF32
 744 02ac 01       		.byte	0x1
 745 02ad 7B01     		.2byte	0x17b
 746 02af 00000000 		.4byte	.LFB10
 747 02b3 0C000000 		.4byte	.LFE10-.LFB10
 748 02b7 01       		.uleb128 0x1
 749 02b8 9C       		.byte	0x9c
 750 02b9 13       		.uleb128 0x13
 751 02ba C2000000 		.4byte	.LASF33
 752 02be 01       		.byte	0x1
 753 02bf 9401     		.2byte	0x194
 754 02c1 00000000 		.4byte	.LFB11
 755 02c5 0C000000 		.4byte	.LFE11-.LFB11
 756 02c9 01       		.uleb128 0x1
 757 02ca 9C       		.byte	0x9c
 758 02cb 14       		.uleb128 0x14
 759 02cc A9030000 		.4byte	.LASF34
 760 02d0 01       		.byte	0x1
 761 02d1 1A       		.byte	0x1a
 762 02d2 96000000 		.4byte	0x96
 763 02d6 05       		.uleb128 0x5
 764 02d7 03       		.byte	0x3
 765 02d8 00000000 		.4byte	I2CIF_slStatus
 766 02dc 14       		.uleb128 0x14
 767 02dd B8030000 		.4byte	.LASF35
 768 02e1 01       		.byte	0x1
 769 02e2 1D       		.byte	0x1d
 770 02e3 ED020000 		.4byte	0x2ed
 771 02e7 05       		.uleb128 0x5
 772 02e8 03       		.byte	0x3
 773 02e9 00000000 		.4byte	I2CIF_slWrBufPtr
 774 02ed 0F       		.uleb128 0xf
 775 02ee 04       		.byte	0x4
 776 02ef 96000000 		.4byte	0x96
 777 02f3 14       		.uleb128 0x14
 778 02f4 09020000 		.4byte	.LASF36
 779 02f8 01       		.byte	0x1
 780 02f9 1E       		.byte	0x1e
 781 02fa A7000000 		.4byte	0xa7
 782 02fe 05       		.uleb128 0x5
 783 02ff 03       		.byte	0x3
 784 0300 00000000 		.4byte	I2CIF_slWrBufSize
 785 0304 14       		.uleb128 0x14
 786 0305 4C020000 		.4byte	.LASF37
 787 0309 01       		.byte	0x1
 788 030a 1F       		.byte	0x1f
 789 030b A7000000 		.4byte	0xa7
 790 030f 05       		.uleb128 0x5
ARM GAS  C:\Users\Tim\AppData\Local\Temp\ccQFrLnC.s 			page 22


 791 0310 03       		.byte	0x3
 792 0311 00000000 		.4byte	I2CIF_slWrBufIndex
 793 0315 14       		.uleb128 0x14
 794 0316 6B000000 		.4byte	.LASF38
 795 031a 01       		.byte	0x1
 796 031b 22       		.byte	0x22
 797 031c ED020000 		.4byte	0x2ed
 798 0320 05       		.uleb128 0x5
 799 0321 03       		.byte	0x3
 800 0322 00000000 		.4byte	I2CIF_slRdBufPtr
 801 0326 14       		.uleb128 0x14
 802 0327 1B020000 		.4byte	.LASF39
 803 032b 01       		.byte	0x1
 804 032c 23       		.byte	0x23
 805 032d A7000000 		.4byte	0xa7
 806 0331 05       		.uleb128 0x5
 807 0332 03       		.byte	0x3
 808 0333 00000000 		.4byte	I2CIF_slRdBufSize
 809 0337 14       		.uleb128 0x14
 810 0338 58000000 		.4byte	.LASF40
 811 033c 01       		.byte	0x1
 812 033d 24       		.byte	0x24
 813 033e A7000000 		.4byte	0xa7
 814 0342 05       		.uleb128 0x5
 815 0343 03       		.byte	0x3
 816 0344 00000000 		.4byte	I2CIF_slRdBufIndex
 817 0348 14       		.uleb128 0x14
 818 0349 2D020000 		.4byte	.LASF41
 819 034d 01       		.byte	0x1
 820 034e 25       		.byte	0x25
 821 034f A7000000 		.4byte	0xa7
 822 0353 05       		.uleb128 0x5
 823 0354 03       		.byte	0x3
 824 0355 00000000 		.4byte	I2CIF_slRdBufIndexTmp
 825 0359 14       		.uleb128 0x14
 826 035a 99000000 		.4byte	.LASF42
 827 035e 01       		.byte	0x1
 828 035f 26       		.byte	0x26
 829 0360 96000000 		.4byte	0x96
 830 0364 05       		.uleb128 0x5
 831 0365 03       		.byte	0x3
 832 0366 00000000 		.4byte	I2CIF_slOverFlowCount
 833 036a 15       		.uleb128 0x15
 834 036b 2B030000 		.4byte	.LASF46
 835 036f 03       		.byte	0x3
 836 0370 4E       		.byte	0x4e
 837 0371 7B030000 		.4byte	0x37b
 838 0375 16       		.uleb128 0x16
 839 0376 6B000000 		.4byte	0x6b
 840 037a 00       		.byte	0
 841 037b 17       		.uleb128 0x17
 842 037c 8F010000 		.4byte	.LASF47
 843 0380 03       		.byte	0x3
 844 0381 4C       		.byte	0x4c
 845 0382 16       		.uleb128 0x16
 846 0383 6B000000 		.4byte	0x6b
 847 0387 00       		.byte	0
ARM GAS  C:\Users\Tim\AppData\Local\Temp\ccQFrLnC.s 			page 23


 848 0388 00       		.byte	0
 849              		.section	.debug_abbrev,"",%progbits
 850              	.Ldebug_abbrev0:
 851 0000 01       		.uleb128 0x1
 852 0001 11       		.uleb128 0x11
 853 0002 01       		.byte	0x1
 854 0003 25       		.uleb128 0x25
 855 0004 0E       		.uleb128 0xe
 856 0005 13       		.uleb128 0x13
 857 0006 0B       		.uleb128 0xb
 858 0007 03       		.uleb128 0x3
 859 0008 0E       		.uleb128 0xe
 860 0009 1B       		.uleb128 0x1b
 861 000a 0E       		.uleb128 0xe
 862 000b 55       		.uleb128 0x55
 863 000c 17       		.uleb128 0x17
 864 000d 11       		.uleb128 0x11
 865 000e 01       		.uleb128 0x1
 866 000f 10       		.uleb128 0x10
 867 0010 17       		.uleb128 0x17
 868 0011 00       		.byte	0
 869 0012 00       		.byte	0
 870 0013 02       		.uleb128 0x2
 871 0014 24       		.uleb128 0x24
 872 0015 00       		.byte	0
 873 0016 0B       		.uleb128 0xb
 874 0017 0B       		.uleb128 0xb
 875 0018 3E       		.uleb128 0x3e
 876 0019 0B       		.uleb128 0xb
 877 001a 03       		.uleb128 0x3
 878 001b 0E       		.uleb128 0xe
 879 001c 00       		.byte	0
 880 001d 00       		.byte	0
 881 001e 03       		.uleb128 0x3
 882 001f 24       		.uleb128 0x24
 883 0020 00       		.byte	0
 884 0021 0B       		.uleb128 0xb
 885 0022 0B       		.uleb128 0xb
 886 0023 3E       		.uleb128 0x3e
 887 0024 0B       		.uleb128 0xb
 888 0025 03       		.uleb128 0x3
 889 0026 08       		.uleb128 0x8
 890 0027 00       		.byte	0
 891 0028 00       		.byte	0
 892 0029 04       		.uleb128 0x4
 893 002a 16       		.uleb128 0x16
 894 002b 00       		.byte	0
 895 002c 03       		.uleb128 0x3
 896 002d 0E       		.uleb128 0xe
 897 002e 3A       		.uleb128 0x3a
 898 002f 0B       		.uleb128 0xb
 899 0030 3B       		.uleb128 0x3b
 900 0031 0B       		.uleb128 0xb
 901 0032 49       		.uleb128 0x49
 902 0033 13       		.uleb128 0x13
 903 0034 00       		.byte	0
 904 0035 00       		.byte	0
ARM GAS  C:\Users\Tim\AppData\Local\Temp\ccQFrLnC.s 			page 24


 905 0036 05       		.uleb128 0x5
 906 0037 35       		.uleb128 0x35
 907 0038 00       		.byte	0
 908 0039 49       		.uleb128 0x49
 909 003a 13       		.uleb128 0x13
 910 003b 00       		.byte	0
 911 003c 00       		.byte	0
 912 003d 06       		.uleb128 0x6
 913 003e 16       		.uleb128 0x16
 914 003f 00       		.byte	0
 915 0040 03       		.uleb128 0x3
 916 0041 0E       		.uleb128 0xe
 917 0042 3A       		.uleb128 0x3a
 918 0043 0B       		.uleb128 0xb
 919 0044 3B       		.uleb128 0x3b
 920 0045 05       		.uleb128 0x5
 921 0046 49       		.uleb128 0x49
 922 0047 13       		.uleb128 0x13
 923 0048 00       		.byte	0
 924 0049 00       		.byte	0
 925 004a 07       		.uleb128 0x7
 926 004b 2E       		.uleb128 0x2e
 927 004c 00       		.byte	0
 928 004d 3F       		.uleb128 0x3f
 929 004e 19       		.uleb128 0x19
 930 004f 03       		.uleb128 0x3
 931 0050 0E       		.uleb128 0xe
 932 0051 3A       		.uleb128 0x3a
 933 0052 0B       		.uleb128 0xb
 934 0053 3B       		.uleb128 0x3b
 935 0054 0B       		.uleb128 0xb
 936 0055 27       		.uleb128 0x27
 937 0056 19       		.uleb128 0x19
 938 0057 49       		.uleb128 0x49
 939 0058 13       		.uleb128 0x13
 940 0059 11       		.uleb128 0x11
 941 005a 01       		.uleb128 0x1
 942 005b 12       		.uleb128 0x12
 943 005c 06       		.uleb128 0x6
 944 005d 40       		.uleb128 0x40
 945 005e 18       		.uleb128 0x18
 946 005f 9742     		.uleb128 0x2117
 947 0061 19       		.uleb128 0x19
 948 0062 00       		.byte	0
 949 0063 00       		.byte	0
 950 0064 08       		.uleb128 0x8
 951 0065 2E       		.uleb128 0x2e
 952 0066 01       		.byte	0x1
 953 0067 3F       		.uleb128 0x3f
 954 0068 19       		.uleb128 0x19
 955 0069 03       		.uleb128 0x3
 956 006a 0E       		.uleb128 0xe
 957 006b 3A       		.uleb128 0x3a
 958 006c 0B       		.uleb128 0xb
 959 006d 3B       		.uleb128 0x3b
 960 006e 0B       		.uleb128 0xb
 961 006f 27       		.uleb128 0x27
ARM GAS  C:\Users\Tim\AppData\Local\Temp\ccQFrLnC.s 			page 25


 962 0070 19       		.uleb128 0x19
 963 0071 49       		.uleb128 0x49
 964 0072 13       		.uleb128 0x13
 965 0073 11       		.uleb128 0x11
 966 0074 01       		.uleb128 0x1
 967 0075 12       		.uleb128 0x12
 968 0076 06       		.uleb128 0x6
 969 0077 40       		.uleb128 0x40
 970 0078 18       		.uleb128 0x18
 971 0079 9742     		.uleb128 0x2117
 972 007b 19       		.uleb128 0x19
 973 007c 01       		.uleb128 0x1
 974 007d 13       		.uleb128 0x13
 975 007e 00       		.byte	0
 976 007f 00       		.byte	0
 977 0080 09       		.uleb128 0x9
 978 0081 34       		.uleb128 0x34
 979 0082 00       		.byte	0
 980 0083 03       		.uleb128 0x3
 981 0084 0E       		.uleb128 0xe
 982 0085 3A       		.uleb128 0x3a
 983 0086 0B       		.uleb128 0xb
 984 0087 3B       		.uleb128 0x3b
 985 0088 0B       		.uleb128 0xb
 986 0089 49       		.uleb128 0x49
 987 008a 13       		.uleb128 0x13
 988 008b 02       		.uleb128 0x2
 989 008c 17       		.uleb128 0x17
 990 008d 00       		.byte	0
 991 008e 00       		.byte	0
 992 008f 0A       		.uleb128 0xa
 993 0090 898201   		.uleb128 0x4109
 994 0093 01       		.byte	0x1
 995 0094 11       		.uleb128 0x11
 996 0095 01       		.uleb128 0x1
 997 0096 31       		.uleb128 0x31
 998 0097 13       		.uleb128 0x13
 999 0098 01       		.uleb128 0x1
 1000 0099 13       		.uleb128 0x13
 1001 009a 00       		.byte	0
 1002 009b 00       		.byte	0
 1003 009c 0B       		.uleb128 0xb
 1004 009d 8A8201   		.uleb128 0x410a
 1005 00a0 00       		.byte	0
 1006 00a1 02       		.uleb128 0x2
 1007 00a2 18       		.uleb128 0x18
 1008 00a3 9142     		.uleb128 0x2111
 1009 00a5 18       		.uleb128 0x18
 1010 00a6 00       		.byte	0
 1011 00a7 00       		.byte	0
 1012 00a8 0C       		.uleb128 0xc
 1013 00a9 898201   		.uleb128 0x4109
 1014 00ac 01       		.byte	0x1
 1015 00ad 11       		.uleb128 0x11
 1016 00ae 01       		.uleb128 0x1
 1017 00af 31       		.uleb128 0x31
 1018 00b0 13       		.uleb128 0x13
ARM GAS  C:\Users\Tim\AppData\Local\Temp\ccQFrLnC.s 			page 26


 1019 00b1 00       		.byte	0
 1020 00b2 00       		.byte	0
 1021 00b3 0D       		.uleb128 0xd
 1022 00b4 2E       		.uleb128 0x2e
 1023 00b5 01       		.byte	0x1
 1024 00b6 3F       		.uleb128 0x3f
 1025 00b7 19       		.uleb128 0x19
 1026 00b8 03       		.uleb128 0x3
 1027 00b9 0E       		.uleb128 0xe
 1028 00ba 3A       		.uleb128 0x3a
 1029 00bb 0B       		.uleb128 0xb
 1030 00bc 3B       		.uleb128 0x3b
 1031 00bd 0B       		.uleb128 0xb
 1032 00be 27       		.uleb128 0x27
 1033 00bf 19       		.uleb128 0x19
 1034 00c0 11       		.uleb128 0x11
 1035 00c1 01       		.uleb128 0x1
 1036 00c2 12       		.uleb128 0x12
 1037 00c3 06       		.uleb128 0x6
 1038 00c4 40       		.uleb128 0x40
 1039 00c5 18       		.uleb128 0x18
 1040 00c6 9742     		.uleb128 0x2117
 1041 00c8 19       		.uleb128 0x19
 1042 00c9 01       		.uleb128 0x1
 1043 00ca 13       		.uleb128 0x13
 1044 00cb 00       		.byte	0
 1045 00cc 00       		.byte	0
 1046 00cd 0E       		.uleb128 0xe
 1047 00ce 05       		.uleb128 0x5
 1048 00cf 00       		.byte	0
 1049 00d0 03       		.uleb128 0x3
 1050 00d1 0E       		.uleb128 0xe
 1051 00d2 3A       		.uleb128 0x3a
 1052 00d3 0B       		.uleb128 0xb
 1053 00d4 3B       		.uleb128 0x3b
 1054 00d5 0B       		.uleb128 0xb
 1055 00d6 49       		.uleb128 0x49
 1056 00d7 13       		.uleb128 0x13
 1057 00d8 02       		.uleb128 0x2
 1058 00d9 17       		.uleb128 0x17
 1059 00da 00       		.byte	0
 1060 00db 00       		.byte	0
 1061 00dc 0F       		.uleb128 0xf
 1062 00dd 0F       		.uleb128 0xf
 1063 00de 00       		.byte	0
 1064 00df 0B       		.uleb128 0xb
 1065 00e0 0B       		.uleb128 0xb
 1066 00e1 49       		.uleb128 0x49
 1067 00e2 13       		.uleb128 0x13
 1068 00e3 00       		.byte	0
 1069 00e4 00       		.byte	0
 1070 00e5 10       		.uleb128 0x10
 1071 00e6 2E       		.uleb128 0x2e
 1072 00e7 01       		.byte	0x1
 1073 00e8 3F       		.uleb128 0x3f
 1074 00e9 19       		.uleb128 0x19
 1075 00ea 03       		.uleb128 0x3
ARM GAS  C:\Users\Tim\AppData\Local\Temp\ccQFrLnC.s 			page 27


 1076 00eb 0E       		.uleb128 0xe
 1077 00ec 3A       		.uleb128 0x3a
 1078 00ed 0B       		.uleb128 0xb
 1079 00ee 3B       		.uleb128 0x3b
 1080 00ef 05       		.uleb128 0x5
 1081 00f0 27       		.uleb128 0x27
 1082 00f1 19       		.uleb128 0x19
 1083 00f2 11       		.uleb128 0x11
 1084 00f3 01       		.uleb128 0x1
 1085 00f4 12       		.uleb128 0x12
 1086 00f5 06       		.uleb128 0x6
 1087 00f6 40       		.uleb128 0x40
 1088 00f7 18       		.uleb128 0x18
 1089 00f8 9742     		.uleb128 0x2117
 1090 00fa 19       		.uleb128 0x19
 1091 00fb 01       		.uleb128 0x1
 1092 00fc 13       		.uleb128 0x13
 1093 00fd 00       		.byte	0
 1094 00fe 00       		.byte	0
 1095 00ff 11       		.uleb128 0x11
 1096 0100 05       		.uleb128 0x5
 1097 0101 00       		.byte	0
 1098 0102 03       		.uleb128 0x3
 1099 0103 0E       		.uleb128 0xe
 1100 0104 3A       		.uleb128 0x3a
 1101 0105 0B       		.uleb128 0xb
 1102 0106 3B       		.uleb128 0x3b
 1103 0107 05       		.uleb128 0x5
 1104 0108 49       		.uleb128 0x49
 1105 0109 13       		.uleb128 0x13
 1106 010a 02       		.uleb128 0x2
 1107 010b 17       		.uleb128 0x17
 1108 010c 00       		.byte	0
 1109 010d 00       		.byte	0
 1110 010e 12       		.uleb128 0x12
 1111 010f 2E       		.uleb128 0x2e
 1112 0110 00       		.byte	0
 1113 0111 3F       		.uleb128 0x3f
 1114 0112 19       		.uleb128 0x19
 1115 0113 03       		.uleb128 0x3
 1116 0114 0E       		.uleb128 0xe
 1117 0115 3A       		.uleb128 0x3a
 1118 0116 0B       		.uleb128 0xb
 1119 0117 3B       		.uleb128 0x3b
 1120 0118 05       		.uleb128 0x5
 1121 0119 27       		.uleb128 0x27
 1122 011a 19       		.uleb128 0x19
 1123 011b 49       		.uleb128 0x49
 1124 011c 13       		.uleb128 0x13
 1125 011d 11       		.uleb128 0x11
 1126 011e 01       		.uleb128 0x1
 1127 011f 12       		.uleb128 0x12
 1128 0120 06       		.uleb128 0x6
 1129 0121 40       		.uleb128 0x40
 1130 0122 18       		.uleb128 0x18
 1131 0123 9742     		.uleb128 0x2117
 1132 0125 19       		.uleb128 0x19
ARM GAS  C:\Users\Tim\AppData\Local\Temp\ccQFrLnC.s 			page 28


 1133 0126 00       		.byte	0
 1134 0127 00       		.byte	0
 1135 0128 13       		.uleb128 0x13
 1136 0129 2E       		.uleb128 0x2e
 1137 012a 00       		.byte	0
 1138 012b 3F       		.uleb128 0x3f
 1139 012c 19       		.uleb128 0x19
 1140 012d 03       		.uleb128 0x3
 1141 012e 0E       		.uleb128 0xe
 1142 012f 3A       		.uleb128 0x3a
 1143 0130 0B       		.uleb128 0xb
 1144 0131 3B       		.uleb128 0x3b
 1145 0132 05       		.uleb128 0x5
 1146 0133 27       		.uleb128 0x27
 1147 0134 19       		.uleb128 0x19
 1148 0135 11       		.uleb128 0x11
 1149 0136 01       		.uleb128 0x1
 1150 0137 12       		.uleb128 0x12
 1151 0138 06       		.uleb128 0x6
 1152 0139 40       		.uleb128 0x40
 1153 013a 18       		.uleb128 0x18
 1154 013b 9742     		.uleb128 0x2117
 1155 013d 19       		.uleb128 0x19
 1156 013e 00       		.byte	0
 1157 013f 00       		.byte	0
 1158 0140 14       		.uleb128 0x14
 1159 0141 34       		.uleb128 0x34
 1160 0142 00       		.byte	0
 1161 0143 03       		.uleb128 0x3
 1162 0144 0E       		.uleb128 0xe
 1163 0145 3A       		.uleb128 0x3a
 1164 0146 0B       		.uleb128 0xb
 1165 0147 3B       		.uleb128 0x3b
 1166 0148 0B       		.uleb128 0xb
 1167 0149 49       		.uleb128 0x49
 1168 014a 13       		.uleb128 0x13
 1169 014b 3F       		.uleb128 0x3f
 1170 014c 19       		.uleb128 0x19
 1171 014d 02       		.uleb128 0x2
 1172 014e 18       		.uleb128 0x18
 1173 014f 00       		.byte	0
 1174 0150 00       		.byte	0
 1175 0151 15       		.uleb128 0x15
 1176 0152 2E       		.uleb128 0x2e
 1177 0153 01       		.byte	0x1
 1178 0154 3F       		.uleb128 0x3f
 1179 0155 19       		.uleb128 0x19
 1180 0156 03       		.uleb128 0x3
 1181 0157 0E       		.uleb128 0xe
 1182 0158 3A       		.uleb128 0x3a
 1183 0159 0B       		.uleb128 0xb
 1184 015a 3B       		.uleb128 0x3b
 1185 015b 0B       		.uleb128 0xb
 1186 015c 27       		.uleb128 0x27
 1187 015d 19       		.uleb128 0x19
 1188 015e 3C       		.uleb128 0x3c
 1189 015f 19       		.uleb128 0x19
ARM GAS  C:\Users\Tim\AppData\Local\Temp\ccQFrLnC.s 			page 29


 1190 0160 01       		.uleb128 0x1
 1191 0161 13       		.uleb128 0x13
 1192 0162 00       		.byte	0
 1193 0163 00       		.byte	0
 1194 0164 16       		.uleb128 0x16
 1195 0165 05       		.uleb128 0x5
 1196 0166 00       		.byte	0
 1197 0167 49       		.uleb128 0x49
 1198 0168 13       		.uleb128 0x13
 1199 0169 00       		.byte	0
 1200 016a 00       		.byte	0
 1201 016b 17       		.uleb128 0x17
 1202 016c 2E       		.uleb128 0x2e
 1203 016d 01       		.byte	0x1
 1204 016e 3F       		.uleb128 0x3f
 1205 016f 19       		.uleb128 0x19
 1206 0170 03       		.uleb128 0x3
 1207 0171 0E       		.uleb128 0xe
 1208 0172 3A       		.uleb128 0x3a
 1209 0173 0B       		.uleb128 0xb
 1210 0174 3B       		.uleb128 0x3b
 1211 0175 0B       		.uleb128 0xb
 1212 0176 27       		.uleb128 0x27
 1213 0177 19       		.uleb128 0x19
 1214 0178 3C       		.uleb128 0x3c
 1215 0179 19       		.uleb128 0x19
 1216 017a 00       		.byte	0
 1217 017b 00       		.byte	0
 1218 017c 00       		.byte	0
 1219              		.section	.debug_loc,"",%progbits
 1220              	.Ldebug_loc0:
 1221              	.LLST0:
 1222 0000 10000000 		.4byte	.LVL1
 1223 0004 20000000 		.4byte	.LVL3
 1224 0008 0100     		.2byte	0x1
 1225 000a 54       		.byte	0x54
 1226 000b 20000000 		.4byte	.LVL3
 1227 000f 28000000 		.4byte	.LFE2
 1228 0013 0100     		.2byte	0x1
 1229 0015 50       		.byte	0x50
 1230 0016 00000000 		.4byte	0
 1231 001a 00000000 		.4byte	0
 1232              	.LLST1:
 1233 001e 10000000 		.4byte	.LVL5
 1234 0022 20000000 		.4byte	.LVL7
 1235 0026 0100     		.2byte	0x1
 1236 0028 54       		.byte	0x54
 1237 0029 20000000 		.4byte	.LVL7
 1238 002d 28000000 		.4byte	.LFE3
 1239 0031 0100     		.2byte	0x1
 1240 0033 50       		.byte	0x50
 1241 0034 00000000 		.4byte	0
 1242 0038 00000000 		.4byte	0
 1243              	.LLST2:
 1244 003c 00000000 		.4byte	.LVL8
 1245 0040 0A000000 		.4byte	.LVL11
 1246 0044 0100     		.2byte	0x1
ARM GAS  C:\Users\Tim\AppData\Local\Temp\ccQFrLnC.s 			page 30


 1247 0046 50       		.byte	0x50
 1248 0047 0A000000 		.4byte	.LVL11
 1249 004b 18000000 		.4byte	.LFE4
 1250 004f 0400     		.2byte	0x4
 1251 0051 F3       		.byte	0xf3
 1252 0052 01       		.uleb128 0x1
 1253 0053 50       		.byte	0x50
 1254 0054 9F       		.byte	0x9f
 1255 0055 00000000 		.4byte	0
 1256 0059 00000000 		.4byte	0
 1257              	.LLST3:
 1258 005d 04000000 		.4byte	.LVL9
 1259 0061 0E000000 		.4byte	.LVL12
 1260 0065 0100     		.2byte	0x1
 1261 0067 53       		.byte	0x53
 1262 0068 0E000000 		.4byte	.LVL12
 1263 006c 18000000 		.4byte	.LFE4
 1264 0070 0100     		.2byte	0x1
 1265 0072 50       		.byte	0x50
 1266 0073 00000000 		.4byte	0
 1267 0077 00000000 		.4byte	0
 1268              	.LLST4:
 1269 007b 00000000 		.4byte	.LVL13
 1270 007f 0A000000 		.4byte	.LVL16
 1271 0083 0100     		.2byte	0x1
 1272 0085 50       		.byte	0x50
 1273 0086 0A000000 		.4byte	.LVL16
 1274 008a 18000000 		.4byte	.LFE5
 1275 008e 0400     		.2byte	0x4
 1276 0090 F3       		.byte	0xf3
 1277 0091 01       		.uleb128 0x1
 1278 0092 50       		.byte	0x50
 1279 0093 9F       		.byte	0x9f
 1280 0094 00000000 		.4byte	0
 1281 0098 00000000 		.4byte	0
 1282              	.LLST5:
 1283 009c 04000000 		.4byte	.LVL14
 1284 00a0 08000000 		.4byte	.LVL15
 1285 00a4 0100     		.2byte	0x1
 1286 00a6 51       		.byte	0x51
 1287 00a7 08000000 		.4byte	.LVL15
 1288 00ab 0C000000 		.4byte	.LVL17
 1289 00af 0100     		.2byte	0x1
 1290 00b1 53       		.byte	0x53
 1291 00b2 0C000000 		.4byte	.LVL17
 1292 00b6 18000000 		.4byte	.LFE5
 1293 00ba 0100     		.2byte	0x1
 1294 00bc 50       		.byte	0x50
 1295 00bd 00000000 		.4byte	0
 1296 00c1 00000000 		.4byte	0
 1297              	.LLST6:
 1298 00c5 00000000 		.4byte	.LVL18
 1299 00c9 0C000000 		.4byte	.LVL19
 1300 00cd 0100     		.2byte	0x1
 1301 00cf 50       		.byte	0x50
 1302 00d0 0C000000 		.4byte	.LVL19
 1303 00d4 28000000 		.4byte	.LVL21
ARM GAS  C:\Users\Tim\AppData\Local\Temp\ccQFrLnC.s 			page 31


 1304 00d8 0100     		.2byte	0x1
 1305 00da 54       		.byte	0x54
 1306 00db 28000000 		.4byte	.LVL21
 1307 00df 3C000000 		.4byte	.LFE6
 1308 00e3 0400     		.2byte	0x4
 1309 00e5 F3       		.byte	0xf3
 1310 00e6 01       		.uleb128 0x1
 1311 00e7 50       		.byte	0x50
 1312 00e8 9F       		.byte	0x9f
 1313 00e9 00000000 		.4byte	0
 1314 00ed 00000000 		.4byte	0
 1315              	.LLST7:
 1316 00f1 00000000 		.4byte	.LVL18
 1317 00f5 0F000000 		.4byte	.LVL20-1
 1318 00f9 0100     		.2byte	0x1
 1319 00fb 51       		.byte	0x51
 1320 00fc 0F000000 		.4byte	.LVL20-1
 1321 0100 28000000 		.4byte	.LVL21
 1322 0104 0100     		.2byte	0x1
 1323 0106 55       		.byte	0x55
 1324 0107 28000000 		.4byte	.LVL21
 1325 010b 3C000000 		.4byte	.LFE6
 1326 010f 0400     		.2byte	0x4
 1327 0111 F3       		.byte	0xf3
 1328 0112 01       		.uleb128 0x1
 1329 0113 51       		.byte	0x51
 1330 0114 9F       		.byte	0x9f
 1331 0115 00000000 		.4byte	0
 1332 0119 00000000 		.4byte	0
 1333              	.LLST8:
 1334 011d 00000000 		.4byte	.LVL22
 1335 0121 0C000000 		.4byte	.LVL23
 1336 0125 0100     		.2byte	0x1
 1337 0127 50       		.byte	0x50
 1338 0128 0C000000 		.4byte	.LVL23
 1339 012c 24000000 		.4byte	.LVL25
 1340 0130 0100     		.2byte	0x1
 1341 0132 54       		.byte	0x54
 1342 0133 24000000 		.4byte	.LVL25
 1343 0137 34000000 		.4byte	.LFE7
 1344 013b 0400     		.2byte	0x4
 1345 013d F3       		.byte	0xf3
 1346 013e 01       		.uleb128 0x1
 1347 013f 50       		.byte	0x50
 1348 0140 9F       		.byte	0x9f
 1349 0141 00000000 		.4byte	0
 1350 0145 00000000 		.4byte	0
 1351              	.LLST9:
 1352 0149 00000000 		.4byte	.LVL22
 1353 014d 0F000000 		.4byte	.LVL24-1
 1354 0151 0100     		.2byte	0x1
 1355 0153 51       		.byte	0x51
 1356 0154 0F000000 		.4byte	.LVL24-1
 1357 0158 24000000 		.4byte	.LVL25
 1358 015c 0100     		.2byte	0x1
 1359 015e 55       		.byte	0x55
 1360 015f 24000000 		.4byte	.LVL25
ARM GAS  C:\Users\Tim\AppData\Local\Temp\ccQFrLnC.s 			page 32


 1361 0163 34000000 		.4byte	.LFE7
 1362 0167 0400     		.2byte	0x4
 1363 0169 F3       		.byte	0xf3
 1364 016a 01       		.uleb128 0x1
 1365 016b 51       		.byte	0x51
 1366 016c 9F       		.byte	0x9f
 1367 016d 00000000 		.4byte	0
 1368 0171 00000000 		.4byte	0
 1369              		.section	.debug_aranges,"",%progbits
 1370 0000 6C000000 		.4byte	0x6c
 1371 0004 0200     		.2byte	0x2
 1372 0006 00000000 		.4byte	.Ldebug_info0
 1373 000a 04       		.byte	0x4
 1374 000b 00       		.byte	0
 1375 000c 0000     		.2byte	0
 1376 000e 0000     		.2byte	0
 1377 0010 00000000 		.4byte	.LFB1
 1378 0014 0C000000 		.4byte	.LFE1-.LFB1
 1379 0018 00000000 		.4byte	.LFB2
 1380 001c 28000000 		.4byte	.LFE2-.LFB2
 1381 0020 00000000 		.4byte	.LFB3
 1382 0024 28000000 		.4byte	.LFE3-.LFB3
 1383 0028 00000000 		.4byte	.LFB4
 1384 002c 18000000 		.4byte	.LFE4-.LFB4
 1385 0030 00000000 		.4byte	.LFB5
 1386 0034 18000000 		.4byte	.LFE5-.LFB5
 1387 0038 00000000 		.4byte	.LFB6
 1388 003c 3C000000 		.4byte	.LFE6-.LFB6
 1389 0040 00000000 		.4byte	.LFB7
 1390 0044 34000000 		.4byte	.LFE7-.LFB7
 1391 0048 00000000 		.4byte	.LFB8
 1392 004c 0C000000 		.4byte	.LFE8-.LFB8
 1393 0050 00000000 		.4byte	.LFB9
 1394 0054 0C000000 		.4byte	.LFE9-.LFB9
 1395 0058 00000000 		.4byte	.LFB10
 1396 005c 0C000000 		.4byte	.LFE10-.LFB10
 1397 0060 00000000 		.4byte	.LFB11
 1398 0064 0C000000 		.4byte	.LFE11-.LFB11
 1399 0068 00000000 		.4byte	0
 1400 006c 00000000 		.4byte	0
 1401              		.section	.debug_ranges,"",%progbits
 1402              	.Ldebug_ranges0:
 1403 0000 00000000 		.4byte	.LFB1
 1404 0004 0C000000 		.4byte	.LFE1
 1405 0008 00000000 		.4byte	.LFB2
 1406 000c 28000000 		.4byte	.LFE2
 1407 0010 00000000 		.4byte	.LFB3
 1408 0014 28000000 		.4byte	.LFE3
 1409 0018 00000000 		.4byte	.LFB4
 1410 001c 18000000 		.4byte	.LFE4
 1411 0020 00000000 		.4byte	.LFB5
 1412 0024 18000000 		.4byte	.LFE5
 1413 0028 00000000 		.4byte	.LFB6
 1414 002c 3C000000 		.4byte	.LFE6
 1415 0030 00000000 		.4byte	.LFB7
 1416 0034 34000000 		.4byte	.LFE7
 1417 0038 00000000 		.4byte	.LFB8
ARM GAS  C:\Users\Tim\AppData\Local\Temp\ccQFrLnC.s 			page 33


 1418 003c 0C000000 		.4byte	.LFE8
 1419 0040 00000000 		.4byte	.LFB9
 1420 0044 0C000000 		.4byte	.LFE9
 1421 0048 00000000 		.4byte	.LFB10
 1422 004c 0C000000 		.4byte	.LFE10
 1423 0050 00000000 		.4byte	.LFB11
 1424 0054 0C000000 		.4byte	.LFE11
 1425 0058 00000000 		.4byte	0
 1426 005c 00000000 		.4byte	0
 1427              		.section	.debug_line,"",%progbits
 1428              	.Ldebug_line0:
 1429 0000 53010000 		.section	.debug_str,"MS",%progbits,1
 1429      02007000 
 1429      00000201 
 1429      FB0E0D00 
 1429      01010101 
 1430              	.LASF45:
 1431 0000 443A5C70 		.ascii	"D:\\projects\\ArloBot\\ArlobotHw\\Arlobot\\Board1-R"
 1431      726F6A65 
 1431      6374735C 
 1431      41726C6F 
 1431      426F745C 
 1432 002e 50692E63 		.ascii	"Pi.cydsn\000"
 1432      7964736E 
 1432      00
 1433              	.LASF27:
 1434 0037 49324349 		.ascii	"I2CIF_I2CSlaveInitWriteBuf\000"
 1434      465F4932 
 1434      43536C61 
 1434      7665496E 
 1434      69745772 
 1435              	.LASF25:
 1436 0052 72644275 		.ascii	"rdBuf\000"
 1436      6600
 1437              	.LASF40:
 1438 0058 49324349 		.ascii	"I2CIF_slRdBufIndex\000"
 1438      465F736C 
 1438      52644275 
 1438      66496E64 
 1438      657800
 1439              	.LASF38:
 1440 006b 49324349 		.ascii	"I2CIF_slRdBufPtr\000"
 1440      465F736C 
 1440      52644275 
 1440      66507472 
 1440      00
 1441              	.LASF21:
 1442 007c 49324349 		.ascii	"I2CIF_I2CSlaveSetAddressMask\000"
 1442      465F4932 
 1442      43536C61 
 1442      76655365 
 1442      74416464 
 1443              	.LASF42:
 1444 0099 49324349 		.ascii	"I2CIF_slOverFlowCount\000"
 1444      465F736C 
 1444      4F766572 
 1444      466C6F77 
ARM GAS  C:\Users\Tim\AppData\Local\Temp\ccQFrLnC.s 			page 34


 1444      436F756E 
 1445              	.LASF3:
 1446 00af 73686F72 		.ascii	"short unsigned int\000"
 1446      7420756E 
 1446      7369676E 
 1446      65642069 
 1446      6E7400
 1447              	.LASF33:
 1448 00c2 49324349 		.ascii	"I2CIF_I2CSlaveClearWriteBuf\000"
 1448      465F4932 
 1448      43536C61 
 1448      7665436C 
 1448      65617257 
 1449              	.LASF18:
 1450 00de 73746174 		.ascii	"status\000"
 1450      757300
 1451              	.LASF32:
 1452 00e5 49324349 		.ascii	"I2CIF_I2CSlaveClearReadBuf\000"
 1452      465F4932 
 1452      43536C61 
 1452      7665436C 
 1452      65617252 
 1453              	.LASF16:
 1454 0100 49324349 		.ascii	"I2CIF_I2CSlaveClearReadStatus\000"
 1454      465F4932 
 1454      43536C61 
 1454      7665436C 
 1454      65617252 
 1455              	.LASF11:
 1456 011e 666C6F61 		.ascii	"float\000"
 1456      7400
 1457              	.LASF1:
 1458 0124 756E7369 		.ascii	"unsigned char\000"
 1458      676E6564 
 1458      20636861 
 1458      7200
 1459              	.LASF5:
 1460 0132 6C6F6E67 		.ascii	"long unsigned int\000"
 1460      20756E73 
 1460      69676E65 
 1460      6420696E 
 1460      7400
 1461              	.LASF9:
 1462 0144 75696E74 		.ascii	"uint8\000"
 1462      3800
 1463              	.LASF17:
 1464 014a 49324349 		.ascii	"I2CIF_I2CSlaveClearWriteStatus\000"
 1464      465F4932 
 1464      43536C61 
 1464      7665436C 
 1464      65617257 
 1465              	.LASF28:
 1466 0169 77724275 		.ascii	"wrBuf\000"
 1466      6600
 1467              	.LASF12:
 1468 016f 646F7562 		.ascii	"double\000"
 1468      6C6500
ARM GAS  C:\Users\Tim\AppData\Local\Temp\ccQFrLnC.s 			page 35


 1469              	.LASF20:
 1470 0176 49324349 		.ascii	"I2CIF_I2CSlaveSetAddress\000"
 1470      465F4932 
 1470      43536C61 
 1470      76655365 
 1470      74416464 
 1471              	.LASF47:
 1472 018f 4379496E 		.ascii	"CyIntEnable\000"
 1472      74456E61 
 1472      626C6500 
 1473              	.LASF24:
 1474 019b 49324349 		.ascii	"I2CIF_I2CSlaveInitReadBuf\000"
 1474      465F4932 
 1474      43536C61 
 1474      7665496E 
 1474      69745265 
 1475              	.LASF29:
 1476 01b5 49324349 		.ascii	"I2CIF_I2CSlaveStatus\000"
 1476      465F4932 
 1476      43536C61 
 1476      76655374 
 1476      61747573 
 1477              	.LASF10:
 1478 01ca 75696E74 		.ascii	"uint32\000"
 1478      333200
 1479              	.LASF8:
 1480 01d1 756E7369 		.ascii	"unsigned int\000"
 1480      676E6564 
 1480      20696E74 
 1480      00
 1481              	.LASF22:
 1482 01de 61646472 		.ascii	"address\000"
 1482      65737300 
 1483              	.LASF7:
 1484 01e6 6C6F6E67 		.ascii	"long long unsigned int\000"
 1484      206C6F6E 
 1484      6720756E 
 1484      7369676E 
 1484      65642069 
 1485              	.LASF23:
 1486 01fd 61646472 		.ascii	"addressMask\000"
 1486      6573734D 
 1486      61736B00 
 1487              	.LASF36:
 1488 0209 49324349 		.ascii	"I2CIF_slWrBufSize\000"
 1488      465F736C 
 1488      57724275 
 1488      6653697A 
 1488      6500
 1489              	.LASF39:
 1490 021b 49324349 		.ascii	"I2CIF_slRdBufSize\000"
 1490      465F736C 
 1490      52644275 
 1490      6653697A 
 1490      6500
 1491              	.LASF41:
 1492 022d 49324349 		.ascii	"I2CIF_slRdBufIndexTmp\000"
ARM GAS  C:\Users\Tim\AppData\Local\Temp\ccQFrLnC.s 			page 36


 1492      465F736C 
 1492      52644275 
 1492      66496E64 
 1492      6578546D 
 1493              	.LASF15:
 1494 0243 73697A65 		.ascii	"sizetype\000"
 1494      74797065 
 1494      00
 1495              	.LASF37:
 1496 024c 49324349 		.ascii	"I2CIF_slWrBufIndex\000"
 1496      465F736C 
 1496      57724275 
 1496      66496E64 
 1496      657800
 1497              	.LASF44:
 1498 025f 2E5C4765 		.ascii	".\\Generated_Source\\PSoC4\\I2CIF_I2C_SLAVE.c\000"
 1498      6E657261 
 1498      7465645F 
 1498      536F7572 
 1498      63655C50 
 1499              	.LASF6:
 1500 028a 6C6F6E67 		.ascii	"long long int\000"
 1500      206C6F6E 
 1500      6720696E 
 1500      7400
 1501              	.LASF13:
 1502 0298 63686172 		.ascii	"char\000"
 1502      00
 1503              	.LASF43:
 1504 029d 474E5520 		.ascii	"GNU C 4.9.3 20150303 (release) [ARM/embedded-4_9-br"
 1504      4320342E 
 1504      392E3320 
 1504      32303135 
 1504      30333033 
 1505 02d0 616E6368 		.ascii	"anch revision 221220] -mcpu=cortex-m0 -mthumb -g -O"
 1505      20726576 
 1505      6973696F 
 1505      6E203232 
 1505      31323230 
 1506 0303 67202D66 		.ascii	"g -ffunction-sections -ffat-lto-objects\000"
 1506      66756E63 
 1506      74696F6E 
 1506      2D736563 
 1506      74696F6E 
 1507              	.LASF46:
 1508 032b 4379496E 		.ascii	"CyIntDisable\000"
 1508      74446973 
 1508      61626C65 
 1508      00
 1509              	.LASF2:
 1510 0338 73686F72 		.ascii	"short int\000"
 1510      7420696E 
 1510      7400
 1511              	.LASF26:
 1512 0342 62756653 		.ascii	"bufSize\000"
 1512      697A6500 
 1513              	.LASF4:
ARM GAS  C:\Users\Tim\AppData\Local\Temp\ccQFrLnC.s 			page 37


 1514 034a 6C6F6E67 		.ascii	"long int\000"
 1514      20696E74 
 1514      00
 1515              	.LASF14:
 1516 0353 72656733 		.ascii	"reg32\000"
 1516      3200
 1517              	.LASF19:
 1518 0359 6D617463 		.ascii	"matchReg\000"
 1518      68526567 
 1518      00
 1519              	.LASF0:
 1520 0362 7369676E 		.ascii	"signed char\000"
 1520      65642063 
 1520      68617200 
 1521              	.LASF31:
 1522 036e 49324349 		.ascii	"I2CIF_I2CSlaveGetWriteBufSize\000"
 1522      465F4932 
 1522      43536C61 
 1522      76654765 
 1522      74577269 
 1523              	.LASF30:
 1524 038c 49324349 		.ascii	"I2CIF_I2CSlaveGetReadBufSize\000"
 1524      465F4932 
 1524      43536C61 
 1524      76654765 
 1524      74526561 
 1525              	.LASF34:
 1526 03a9 49324349 		.ascii	"I2CIF_slStatus\000"
 1526      465F736C 
 1526      53746174 
 1526      757300
 1527              	.LASF35:
 1528 03b8 49324349 		.ascii	"I2CIF_slWrBufPtr\000"
 1528      465F736C 
 1528      57724275 
 1528      66507472 
 1528      00
 1529              		.ident	"GCC: (GNU Tools for ARM Embedded Processors) 4.9.3 20150303 (release) [ARM/embedded-4_9-br
