ARM GAS  C:\Users\Tim\AppData\Local\Temp\cctixF6C.s 			page 1


   1              		.cpu cortex-m0
   2              		.fpu softvfp
   3              		.eabi_attribute 20, 1
   4              		.eabi_attribute 21, 1
   5              		.eabi_attribute 23, 3
   6              		.eabi_attribute 24, 1
   7              		.eabi_attribute 25, 1
   8              		.eabi_attribute 26, 1
   9              		.eabi_attribute 30, 1
  10              		.eabi_attribute 34, 0
  11              		.eabi_attribute 18, 4
  12              		.code	16
  13              		.file	"infrared.c"
  14              		.text
  15              	.Ltext0:
  16              		.cfi_sections	.debug_frame
  17              		.section	.text.Infrared_Init,"ax",%progbits
  18              		.align	2
  19              		.global	Infrared_Init
  20              		.code	16
  21              		.thumb_func
  22              		.type	Infrared_Init, %function
  23              	Infrared_Init:
  24              	.LFB36:
  25              		.file 1 "..\\source\\infrared.c"
   1:..\source/infrared.c **** /* ========================================
   2:..\source/infrared.c ****  *
   3:..\source/infrared.c ****  * Copyright YOUR COMPANY, THE YEAR
   4:..\source/infrared.c ****  * All Rights Reserved
   5:..\source/infrared.c ****  * UNPUBLISHED, LICENSED SOFTWARE.
   6:..\source/infrared.c ****  *
   7:..\source/infrared.c ****  * CONFIDENTIAL AND PROPRIETARY INFORMATION
   8:..\source/infrared.c ****  * WHICH IS THE PROPERTY OF your company.
   9:..\source/infrared.c ****  *
  10:..\source/infrared.c ****  * ========================================
  11:..\source/infrared.c **** */
  12:..\source/infrared.c **** 
  13:..\source/infrared.c **** #include <math.h>
  14:..\source/infrared.c **** #include <stdio.h>
  15:..\source/infrared.c **** #include "infrared.h"
  16:..\source/infrared.c **** #include "debug.h"
  17:..\source/infrared.c **** #include "time.h"
  18:..\source/infrared.c **** #include "i2c.h"
  19:..\source/infrared.c **** #include "utils.h"
  20:..\source/infrared.c **** #include "hwconfig.h"
  21:..\source/infrared.c **** 
  22:..\source/infrared.c **** /* The Sharp IR sensors have a range of 10 to 80 cm.  Working backward, this limits the ADC values 
  23:..\source/infrared.c **** 
  24:..\source/infrared.c **** ADC    Voltage        Pow          cm           mm
  25:..\source/infrared.c **** 327  0.399169922  2.875203044  80.10315682  801.0315682
  26:..\source/infrared.c **** 350  0.427246094  2.659011307  74.08005503  740.8005503
  27:..\source/infrared.c **** 375  0.457763672  2.456192932  68.42953508  684.2953508
  28:..\source/infrared.c **** ...
  29:..\source/infrared.c **** 1950 2.380371094  0.368857512  10.27637027  102.7637027
  30:..\source/infrared.c **** 1995 2.435302734  0.359305694  10.01025665  100.1025665
  31:..\source/infrared.c ****  */
  32:..\source/infrared.c **** #define ADC_MIN_VALUE (327)
ARM GAS  C:\Users\Tim\AppData\Local\Temp\cctixF6C.s 			page 2


  33:..\source/infrared.c **** #define ADC_MAX_VALUE (1995)
  34:..\source/infrared.c **** 
  35:..\source/infrared.c **** /* External voltage reference */
  36:..\source/infrared.c **** #define ADC_REFERENCE (2.5)
  37:..\source/infrared.c **** /* ADC range is 2 * Vref */
  38:..\source/infrared.c **** #define ADC_FULL_RANGE (ADC_REFERENCE * 2)
  39:..\source/infrared.c **** /* ADC 16-bit resolution */
  40:..\source/infrared.c **** #define ADC_RESOLUTION (4096.0)
  41:..\source/infrared.c **** /* Interpolation equation and constants taken from here: 
  42:..\source/infrared.c ****        https://www.tindie.com/products/upgradeindustries/sharp-10-80cm-infrared-distance-sensor-gp2
  43:..\source/infrared.c ****  */
  44:..\source/infrared.c **** #define SHARP_IR_SENSOR_INTERPOLATION_CONST_1 (27.86)
  45:..\source/infrared.c **** #define SHARP_IR_SENSOR_INTERPOLATION_CONST_2 (-1.15)
  46:..\source/infrared.c **** 
  47:..\source/infrared.c **** /* ADC measurements are taken continuously.  Sampling (or reporting) is done every 100ms */
  48:..\source/infrared.c **** #define SAMPLE_PERIOD (100) /* ms */
  49:..\source/infrared.c **** 
  50:..\source/infrared.c **** static uint32 last_time;
  51:..\source/infrared.c **** 
  52:..\source/infrared.c **** void Infrared_Init()
  53:..\source/infrared.c **** {
  26              		.loc 1 53 0
  27              		.cfi_startproc
  54:..\source/infrared.c ****     last_time = 0;
  28              		.loc 1 54 0
  29 0000 0022     		mov	r2, #0
  30 0002 014B     		ldr	r3, .L2
  31 0004 1A60     		str	r2, [r3]
  55:..\source/infrared.c **** }
  32              		.loc 1 55 0
  33              		@ sp needed
  34 0006 7047     		bx	lr
  35              	.L3:
  36              		.align	2
  37              	.L2:
  38 0008 00000000 		.word	.LANCHOR0
  39              		.cfi_endproc
  40              	.LFE36:
  41              		.size	Infrared_Init, .-Infrared_Init
  42              		.section	.text.Infrared_Start,"ax",%progbits
  43              		.align	2
  44              		.global	Infrared_Start
  45              		.code	16
  46              		.thumb_func
  47              		.type	Infrared_Start, %function
  48              	Infrared_Start:
  49              	.LFB37:
  56:..\source/infrared.c **** 
  57:..\source/infrared.c **** void Infrared_Start()
  58:..\source/infrared.c **** {
  50              		.loc 1 58 0
  51              		.cfi_startproc
  52 0000 08B5     		push	{r3, lr}
  53              		.cfi_def_cfa_offset 8
  54              		.cfi_offset 3, -8
  55              		.cfi_offset 14, -4
  59:..\source/infrared.c ****     ADC_Infrared_Start();
ARM GAS  C:\Users\Tim\AppData\Local\Temp\cctixF6C.s 			page 3


  56              		.loc 1 59 0
  57 0002 FFF7FEFF 		bl	ADC_Infrared_Start
  58              	.LVL0:
  60:..\source/infrared.c **** }
  59              		.loc 1 60 0
  60              		@ sp needed
  61 0006 08BD     		pop	{r3, pc}
  62              		.cfi_endproc
  63              	.LFE37:
  64              		.size	Infrared_Start, .-Infrared_Start
  65              		.global	__aeabi_i2d
  66              		.global	__aeabi_dmul
  67              		.global	__aeabi_d2f
  68              		.global	__aeabi_f2d
  69              		.global	__aeabi_f2uiz
  70              		.section	.rodata.cst2,"aM",%progbits,2
  71              		.align	1
  72              	.LC2:
  73 0000 4701     		.short	327
  74              		.section	.text.Infrared_Measure,"ax",%progbits
  75              		.align	2
  76              		.global	Infrared_Measure
  77              		.code	16
  78              		.thumb_func
  79              		.type	Infrared_Measure, %function
  80              	Infrared_Measure:
  81              	.LFB38:
  61:..\source/infrared.c **** 
  62:..\source/infrared.c **** void Infrared_Measure()
  63:..\source/infrared.c **** {
  82              		.loc 1 63 0
  83              		.cfi_startproc
  84 0000 10B5     		push	{r4, lr}
  85              		.cfi_def_cfa_offset 8
  86              		.cfi_offset 4, -8
  87              		.cfi_offset 14, -4
  64:..\source/infrared.c ****     int8 ii;
  65:..\source/infrared.c ****     uint16 result;
  66:..\source/infrared.c ****     float voltage;
  67:..\source/infrared.c ****     float distance;
  68:..\source/infrared.c ****     uint32 adc_result;
  69:..\source/infrared.c ****     
  70:..\source/infrared.c ****     ADC_Infrared_StartConvert();
  88              		.loc 1 70 0
  89 0002 FFF7FEFF 		bl	ADC_Infrared_StartConvert
  90              	.LVL1:
  71:..\source/infrared.c ****     /* The way this should work is that the call will block until all channels are read which shoul
  72:..\source/infrared.c ****        Running without any connected hardware causes this routine to hang forever, so maybe its bec
  73:..\source/infrared.c ****        hardware or there may be something else.  For now, using RETURN_STATUS -- revisit when hardw
  74:..\source/infrared.c ****      */
  75:..\source/infrared.c ****     //ADC_Infrared_IsEndConversion(ADC_Infrared_WAIT_FOR_RESULT);
  76:..\source/infrared.c ****     adc_result = ADC_Infrared_IsEndConversion(ADC_Infrared_RETURN_STATUS);
  91              		.loc 1 76 0
  92 0006 0120     		mov	r0, #1
  93 0008 FFF7FEFF 		bl	ADC_Infrared_IsEndConversion
  94              	.LVL2:
  77:..\source/infrared.c ****     if (!adc_result)
ARM GAS  C:\Users\Tim\AppData\Local\Temp\cctixF6C.s 			page 4


  95              		.loc 1 77 0
  96 000c 0028     		cmp	r0, #0
  97 000e 44D0     		beq	.L5
  78:..\source/infrared.c ****     {
  79:..\source/infrared.c ****         return;
  80:..\source/infrared.c ****     }
  81:..\source/infrared.c ****     
  82:..\source/infrared.c ****     if (millis() - last_time > SAMPLE_PERIOD)
  98              		.loc 1 82 0
  99 0010 FFF7FEFF 		bl	millis
 100              	.LVL3:
 101 0014 214B     		ldr	r3, .L12
 102 0016 1B68     		ldr	r3, [r3]
 103 0018 C01A     		sub	r0, r0, r3
 104 001a 6428     		cmp	r0, #100
 105 001c 3DD9     		bls	.L5
  83:..\source/infrared.c ****     {
  84:..\source/infrared.c ****         last_time = millis();
 106              		.loc 1 84 0
 107 001e FFF7FEFF 		bl	millis
 108              	.LVL4:
 109 0022 1E4B     		ldr	r3, .L12
 110 0024 1860     		str	r0, [r3]
 111              	.LVL5:
  85:..\source/infrared.c ****         for (ii = 0; ii < NUM_INFRARED_SENSORS; ++ii)
 112              		.loc 1 85 0
 113 0026 0024     		mov	r4, #0
 114 0028 34E0     		b	.L7
 115              	.LVL6:
 116              	.L10:
  86:..\source/infrared.c ****         {
  87:..\source/infrared.c ****             result = ADC_Infrared_GetResult16(ii);
 117              		.loc 1 87 0
 118 002a 60B2     		sxtb	r0, r4
 119 002c FFF7FEFF 		bl	ADC_Infrared_GetResult16
 120              	.LVL7:
 121 0030 80B2     		uxth	r0, r0
 122              	.LVL8:
  88:..\source/infrared.c ****             result = constrain(result, ADC_MIN_VALUE, ADC_MAX_VALUE);
 123              		.loc 1 88 0
 124 0032 1B4B     		ldr	r3, .L12+4
 125 0034 C318     		add	r3, r0, r3
 126 0036 9BB2     		uxth	r3, r3
 127 0038 1A4A     		ldr	r2, .L12+8
 128 003a 9342     		cmp	r3, r2
 129 003c 08D9     		bls	.L11
 130              		.loc 1 88 0 is_stmt 0 discriminator 1
 131 003e 031C     		add	r3, r0, #0
 132 0040 4822     		mov	r2, #72
 133 0042 FF32     		add	r2, r2, #255
 134 0044 9042     		cmp	r0, r2
 135 0046 01D2     		bcs	.L9
 136 0048 174B     		ldr	r3, .L12+12
 137 004a 1B88     		ldrh	r3, [r3]
 138              	.L9:
 139 004c 98B2     		uxth	r0, r3
 140              	.LVL9:
ARM GAS  C:\Users\Tim\AppData\Local\Temp\cctixF6C.s 			page 5


 141 004e 00E0     		b	.L8
 142              	.LVL10:
 143              	.L11:
 144              		.loc 1 88 0
 145 0050 1648     		ldr	r0, .L12+16
 146              	.LVL11:
 147              	.L8:
  89:..\source/infrared.c ****             voltage = (result * ADC_FULL_RANGE) / ADC_RESOLUTION;
 148              		.loc 1 89 0 is_stmt 1 discriminator 4
 149 0052 FFF7FEFF 		bl	__aeabi_i2d
 150              	.LVL12:
 151 0056 0022     		mov	r2, #0
 152 0058 154B     		ldr	r3, .L12+20
 153 005a FFF7FEFF 		bl	__aeabi_dmul
 154              	.LVL13:
 155 005e 0022     		mov	r2, #0
 156 0060 144B     		ldr	r3, .L12+24
 157 0062 FFF7FEFF 		bl	__aeabi_dmul
 158              	.LVL14:
 159 0066 FFF7FEFF 		bl	__aeabi_d2f
 160              	.LVL15:
  90:..\source/infrared.c ****             distance = SHARP_IR_SENSOR_INTERPOLATION_CONST_1 * pow(voltage, SHARP_IR_SENSOR_INTERPO
 161              		.loc 1 90 0 discriminator 4
 162 006a FFF7FEFF 		bl	__aeabi_f2d
 163              	.LVL16:
 164 006e 124A     		ldr	r2, .L12+28
 165 0070 124B     		ldr	r3, .L12+32
 166 0072 FFF7FEFF 		bl	pow
 167              	.LVL17:
 168 0076 124A     		ldr	r2, .L12+36
 169 0078 124B     		ldr	r3, .L12+40
 170 007a FFF7FEFF 		bl	__aeabi_dmul
 171              	.LVL18:
 172 007e FFF7FEFF 		bl	__aeabi_d2f
 173              	.LVL19:
  91:..\source/infrared.c ****             //COMMS_DEBUG_PRINT(0, "ir distance %f\n\r", distance);
  92:..\source/infrared.c ****             I2c_WriteInfraredDistance(ii, distance);
 174              		.loc 1 92 0 discriminator 4
 175 0082 E4B2     		uxtb	r4, r4
 176 0084 FFF7FEFF 		bl	__aeabi_f2uiz
 177              	.LVL20:
 178 0088 C1B2     		uxtb	r1, r0
 179 008a 201C     		mov	r0, r4
 180 008c FFF7FEFF 		bl	I2c_WriteInfraredDistance
 181              	.LVL21:
  85:..\source/infrared.c ****         {
 182              		.loc 1 85 0 discriminator 4
 183 0090 0134     		add	r4, r4, #1
 184              	.LVL22:
 185 0092 E4B2     		uxtb	r4, r4
 186              	.LVL23:
 187              	.L7:
  85:..\source/infrared.c ****         {
 188              		.loc 1 85 0 is_stmt 0 discriminator 2
 189 0094 63B2     		sxtb	r3, r4
 190 0096 032B     		cmp	r3, #3
 191 0098 C7DD     		ble	.L10
ARM GAS  C:\Users\Tim\AppData\Local\Temp\cctixF6C.s 			page 6


 192              	.LVL24:
 193              	.L5:
  93:..\source/infrared.c ****         }
  94:..\source/infrared.c ****     }
  95:..\source/infrared.c **** }
 194              		.loc 1 95 0 is_stmt 1
 195              		@ sp needed
 196 009a 10BD     		pop	{r4, pc}
 197              	.L13:
 198              		.align	2
 199              	.L12:
 200 009c 00000000 		.word	.LANCHOR0
 201 00a0 35F8FFFF 		.word	-1995
 202 00a4 34F80000 		.word	63540
 203 00a8 00000000 		.word	.LC2
 204 00ac CB070000 		.word	1995
 205 00b0 00001440 		.word	1075052544
 206 00b4 0000303F 		.word	1060110336
 207 00b8 66666666 		.word	1717986918
 208 00bc 6666F2BF 		.word	-1074633114
 209 00c0 5C8FC2F5 		.word	-171798692
 210 00c4 28DC3B40 		.word	1077664808
 211              		.cfi_endproc
 212              	.LFE38:
 213              		.size	Infrared_Measure, .-Infrared_Measure
 214              		.section	.rodata.cst2
 215              		.align	1
 216              	.LC10:
 217 0002 4701     		.short	327
 218              		.section	.text.Infrared_Test,"ax",%progbits
 219              		.align	2
 220              		.global	Infrared_Test
 221              		.code	16
 222              		.thumb_func
 223              		.type	Infrared_Test, %function
 224              	Infrared_Test:
 225              	.LFB39:
  96:..\source/infrared.c **** 
  97:..\source/infrared.c **** void Infrared_Test()
  98:..\source/infrared.c **** {
 226              		.loc 1 98 0
 227              		.cfi_startproc
 228 0000 F0B5     		push	{r4, r5, r6, r7, lr}
 229              		.cfi_def_cfa_offset 20
 230              		.cfi_offset 4, -20
 231              		.cfi_offset 5, -16
 232              		.cfi_offset 6, -12
 233              		.cfi_offset 7, -8
 234              		.cfi_offset 14, -4
 235 0002 87B0     		sub	sp, sp, #28
 236              		.cfi_def_cfa_offset 48
  99:..\source/infrared.c ****     int8 ii;
 100:..\source/infrared.c ****     uint16 result;
 101:..\source/infrared.c ****     float voltage;
 102:..\source/infrared.c ****     float distance;
 103:..\source/infrared.c ****     static uint32 last_time;
 104:..\source/infrared.c ****     
ARM GAS  C:\Users\Tim\AppData\Local\Temp\cctixF6C.s 			page 7


 105:..\source/infrared.c ****     
 106:..\source/infrared.c ****     ADC_Infrared_StartConvert();
 237              		.loc 1 106 0
 238 0004 FFF7FEFF 		bl	ADC_Infrared_StartConvert
 239              	.LVL25:
 107:..\source/infrared.c ****     ADC_Infrared_IsEndConversion(ADC_Infrared_WAIT_FOR_RESULT);
 240              		.loc 1 107 0
 241 0008 0220     		mov	r0, #2
 242 000a FFF7FEFF 		bl	ADC_Infrared_IsEndConversion
 243              	.LVL26:
 108:..\source/infrared.c **** 
 109:..\source/infrared.c ****     if (millis() - last_time > 500)
 244              		.loc 1 109 0
 245 000e FFF7FEFF 		bl	millis
 246              	.LVL27:
 247 0012 324B     		ldr	r3, .L21
 248 0014 5B68     		ldr	r3, [r3, #4]
 249 0016 C01A     		sub	r0, r0, r3
 250 0018 FA23     		mov	r3, #250
 251 001a 5B00     		lsl	r3, r3, #1
 252 001c 9842     		cmp	r0, r3
 253 001e 5AD9     		bls	.L14
 110:..\source/infrared.c ****     {
 111:..\source/infrared.c ****         last_time = millis();
 254              		.loc 1 111 0
 255 0020 FFF7FEFF 		bl	millis
 256              	.LVL28:
 257 0024 2D4B     		ldr	r3, .L21
 258 0026 5860     		str	r0, [r3, #4]
 259              	.LVL29:
 112:..\source/infrared.c ****         for (ii = 0; ii < 1; ++ii)
 260              		.loc 1 112 0
 261 0028 0024     		mov	r4, #0
 262 002a 51E0     		b	.L16
 263              	.LVL30:
 264              	.L19:
 113:..\source/infrared.c ****         {
 114:..\source/infrared.c ****             result = ADC_Infrared_GetResult16(ii);
 265              		.loc 1 114 0
 266 002c 60B2     		sxtb	r0, r4
 267 002e FFF7FEFF 		bl	ADC_Infrared_GetResult16
 268              	.LVL31:
 269 0032 80B2     		uxth	r0, r0
 270              	.LVL32:
 115:..\source/infrared.c ****             result = constrain(result, 327, 1995);
 271              		.loc 1 115 0
 272 0034 2A4B     		ldr	r3, .L21+4
 273 0036 C318     		add	r3, r0, r3
 274 0038 9BB2     		uxth	r3, r3
 275 003a 2A4A     		ldr	r2, .L21+8
 276 003c 9342     		cmp	r3, r2
 277 003e 08D9     		bls	.L20
 278              		.loc 1 115 0 is_stmt 0 discriminator 1
 279 0040 061C     		add	r6, r0, #0
 280 0042 4823     		mov	r3, #72
 281 0044 FF33     		add	r3, r3, #255
 282 0046 9842     		cmp	r0, r3
ARM GAS  C:\Users\Tim\AppData\Local\Temp\cctixF6C.s 			page 8


 283 0048 01D2     		bcs	.L18
 284 004a 274B     		ldr	r3, .L21+12
 285 004c 1E88     		ldrh	r6, [r3]
 286              	.L18:
 287 004e B6B2     		uxth	r6, r6
 288 0050 00E0     		b	.L17
 289              	.L20:
 290              		.loc 1 115 0
 291 0052 264E     		ldr	r6, .L21+16
 292              	.L17:
 293              	.LVL33:
 116:..\source/infrared.c ****             
 117:..\source/infrared.c ****             voltage = (result * 5.0) / 4096.0;
 294              		.loc 1 117 0 is_stmt 1 discriminator 4
 295 0054 301C     		mov	r0, r6
 296 0056 FFF7FEFF 		bl	__aeabi_i2d
 297              	.LVL34:
 298 005a 0022     		mov	r2, #0
 299 005c 244B     		ldr	r3, .L21+20
 300 005e FFF7FEFF 		bl	__aeabi_dmul
 301              	.LVL35:
 302 0062 0022     		mov	r2, #0
 303 0064 234B     		ldr	r3, .L21+24
 304 0066 FFF7FEFF 		bl	__aeabi_dmul
 305              	.LVL36:
 306 006a FFF7FEFF 		bl	__aeabi_d2f
 307              	.LVL37:
 308 006e 071C     		add	r7, r0, #0
 309              	.LVL38:
 118:..\source/infrared.c ****             distance = 27.86 * pow(voltage, -1.15);
 310              		.loc 1 118 0 discriminator 4
 311 0070 FFF7FEFF 		bl	__aeabi_f2d
 312              	.LVL39:
 313 0074 204A     		ldr	r2, .L21+28
 314 0076 214B     		ldr	r3, .L21+32
 315 0078 FFF7FEFF 		bl	pow
 316              	.LVL40:
 317 007c 204A     		ldr	r2, .L21+36
 318 007e 214B     		ldr	r3, .L21+40
 319 0080 FFF7FEFF 		bl	__aeabi_dmul
 320              	.LVL41:
 321 0084 FFF7FEFF 		bl	__aeabi_d2f
 322              	.LVL42:
 323 0088 051C     		add	r5, r0, #0
 324              	.LVL43:
 119:..\source/infrared.c ****             COMMS_DEBUG_PRINT(0, "%d:%d,%d,%d\n\r", ii, result, (uint16)voltage*100, (uint16)distan
 325              		.loc 1 119 0 discriminator 4
 326 008a 381C     		add	r0, r7, #0
 327              	.LVL44:
 328 008c FFF7FEFF 		bl	__aeabi_f2uiz
 329              	.LVL45:
 330 0090 87B2     		uxth	r7, r0
 331              	.LVL46:
 332 0092 281C     		add	r0, r5, #0
 333 0094 FFF7FEFF 		bl	__aeabi_f2uiz
 334              	.LVL47:
 335 0098 83B2     		uxth	r3, r0
ARM GAS  C:\Users\Tim\AppData\Local\Temp\cctixF6C.s 			page 9


 336 009a 1B4D     		ldr	r5, .L21+44
 337              	.LVL48:
 338 009c 1B4A     		ldr	r2, .L21+48
 339 009e 0092     		str	r2, [sp]
 340 00a0 7722     		mov	r2, #119
 341 00a2 0192     		str	r2, [sp, #4]
 342 00a4 62B2     		sxtb	r2, r4
 343 00a6 0292     		str	r2, [sp, #8]
 344 00a8 0396     		str	r6, [sp, #12]
 345 00aa 6420     		mov	r0, #100
 346 00ac 7843     		mul	r0, r7
 347 00ae 0490     		str	r0, [sp, #16]
 348 00b0 9800     		lsl	r0, r3, #2
 349 00b2 C018     		add	r0, r0, r3
 350 00b4 4000     		lsl	r0, r0, #1
 351 00b6 0590     		str	r0, [sp, #20]
 352 00b8 281C     		mov	r0, r5
 353 00ba 8021     		mov	r1, #128
 354 00bc 4900     		lsl	r1, r1, #1
 355 00be 144A     		ldr	r2, .L21+52
 356 00c0 144B     		ldr	r3, .L21+56
 357 00c2 FFF7FEFF 		bl	snprintf
 358              	.LVL49:
 359 00c6 281C     		mov	r0, r5
 360 00c8 FFF7FEFF 		bl	UARTCOMMS_UartPutString
 361              	.LVL50:
 112:..\source/infrared.c ****         {
 362              		.loc 1 112 0 discriminator 4
 363 00cc 0134     		add	r4, r4, #1
 364              	.LVL51:
 365 00ce E4B2     		uxtb	r4, r4
 366              	.LVL52:
 367              	.L16:
 112:..\source/infrared.c ****         {
 368              		.loc 1 112 0 is_stmt 0 discriminator 1
 369 00d0 63B2     		sxtb	r3, r4
 370 00d2 002B     		cmp	r3, #0
 371 00d4 AADD     		ble	.L19
 372              	.LVL53:
 373              	.L14:
 120:..\source/infrared.c ****         }
 121:..\source/infrared.c ****     }
 122:..\source/infrared.c ****     
 123:..\source/infrared.c **** }
 374              		.loc 1 123 0 is_stmt 1
 375 00d6 07B0     		add	sp, sp, #28
 376              		@ sp needed
 377 00d8 F0BD     		pop	{r4, r5, r6, r7, pc}
 378              	.L22:
 379 00da C046     		.align	2
 380              	.L21:
 381 00dc 00000000 		.word	.LANCHOR0
 382 00e0 35F8FFFF 		.word	-1995
 383 00e4 34F80000 		.word	63540
 384 00e8 02000000 		.word	.LC10
 385 00ec CB070000 		.word	1995
 386 00f0 00001440 		.word	1075052544
ARM GAS  C:\Users\Tim\AppData\Local\Temp\cctixF6C.s 			page 10


 387 00f4 0000303F 		.word	1060110336
 388 00f8 66666666 		.word	1717986918
 389 00fc 6666F2BF 		.word	-1074633114
 390 0100 5C8FC2F5 		.word	-171798692
 391 0104 28DC3B40 		.word	1077664808
 392 0108 00000000 		.word	formatted_string
 393 010c 00000000 		.word	.LANCHOR1
 394 0110 00000000 		.word	.LC5
 395 0114 34000000 		.word	.LC7
 396              		.cfi_endproc
 397              	.LFE39:
 398              		.size	Infrared_Test, .-Infrared_Test
 399              		.comm	formatted_string,256,4
 400              		.section	.rodata
 401              		.align	2
 402              		.set	.LANCHOR1,. + 0
 403              		.type	__func__.7796, %object
 404              		.size	__func__.7796, 14
 405              	__func__.7796:
 406 0000 496E6672 		.ascii	"Infrared_Test\000"
 406      61726564 
 406      5F546573 
 406      7400
 407 000e 0000     		.section	.rodata.str1.4,"aMS",%progbits,1
 408              		.align	2
 409              	.LC5:
 410 0000 5B46494C 		.ascii	"[FILE : %s, FUNC : %s, LINE : %d]: %d:%d,%d,%d\012\015"
 410      45203A20 
 410      25732C20 
 410      46554E43 
 410      203A2025 
 411 0030 00       		.ascii	"\000"
 412 0031 000000   		.space	3
 413              	.LC7:
 414 0034 2E2E5C73 		.ascii	"..\\source\\infrared.c\000"
 414      6F757263 
 414      655C696E 
 414      66726172 
 414      65642E63 
 415 0049 000000   		.bss
 416              		.align	2
 417              		.set	.LANCHOR0,. + 0
 418              		.type	last_time, %object
 419              		.size	last_time, 4
 420              	last_time:
 421 0000 00000000 		.space	4
 422              		.type	last_time.7795, %object
 423              		.size	last_time.7795, 4
 424              	last_time.7795:
 425 0004 00000000 		.space	4
 426              		.text
 427              	.Letext0:
 428              		.file 2 "c:\\program files (x86)\\cypress\\psoc creator\\3.3\\psoc creator\\import\\gnu\\arm\\4.9.
 429              		.file 3 "Generated_Source\\PSoC4/cytypes.h"
 430              		.file 4 "Generated_Source\\PSoC4/ADC_Infrared.h"
 431              		.file 5 "..\\source\\time.h"
 432              		.file 6 "..\\source\\i2c.h"
ARM GAS  C:\Users\Tim\AppData\Local\Temp\cctixF6C.s 			page 11


 433              		.file 7 "c:\\program files (x86)\\cypress\\psoc creator\\3.3\\psoc creator\\import\\gnu\\arm\\4.9.
 434              		.file 8 "Generated_Source\\PSoC4/UARTCOMMS_SPI_UART.h"
 435              		.file 9 "..\\source\\debug.h"
 436              		.file 10 "c:\\program files (x86)\\cypress\\psoc creator\\3.3\\psoc creator\\import\\gnu\\arm\\4.9
 437              		.section	.debug_info,"",%progbits
 438              	.Ldebug_info0:
 439 0000 06040000 		.4byte	0x406
 440 0004 0400     		.2byte	0x4
 441 0006 00000000 		.4byte	.Ldebug_abbrev0
 442 000a 04       		.byte	0x4
 443 000b 01       		.uleb128 0x1
 444 000c A0010000 		.4byte	.LASF37
 445 0010 01       		.byte	0x1
 446 0011 44000000 		.4byte	.LASF38
 447 0015 00000000 		.4byte	.LASF39
 448 0019 00000000 		.4byte	.Ldebug_ranges0+0
 449 001d 00000000 		.4byte	0
 450 0021 00000000 		.4byte	.Ldebug_line0
 451 0025 02       		.uleb128 0x2
 452 0026 04       		.byte	0x4
 453 0027 05       		.byte	0x5
 454 0028 696E7400 		.ascii	"int\000"
 455 002c 03       		.uleb128 0x3
 456 002d 3D000000 		.4byte	.LASF14
 457 0031 02       		.byte	0x2
 458 0032 D4       		.byte	0xd4
 459 0033 37000000 		.4byte	0x37
 460 0037 04       		.uleb128 0x4
 461 0038 04       		.byte	0x4
 462 0039 07       		.byte	0x7
 463 003a 5E010000 		.4byte	.LASF0
 464 003e 04       		.uleb128 0x4
 465 003f 01       		.byte	0x1
 466 0040 06       		.byte	0x6
 467 0041 88000000 		.4byte	.LASF1
 468 0045 04       		.uleb128 0x4
 469 0046 01       		.byte	0x1
 470 0047 08       		.byte	0x8
 471 0048 94000000 		.4byte	.LASF2
 472 004c 04       		.uleb128 0x4
 473 004d 02       		.byte	0x2
 474 004e 05       		.byte	0x5
 475 004f 5B020000 		.4byte	.LASF3
 476 0053 04       		.uleb128 0x4
 477 0054 02       		.byte	0x2
 478 0055 07       		.byte	0x7
 479 0056 C0000000 		.4byte	.LASF4
 480 005a 04       		.uleb128 0x4
 481 005b 04       		.byte	0x4
 482 005c 05       		.byte	0x5
 483 005d 7A020000 		.4byte	.LASF5
 484 0061 04       		.uleb128 0x4
 485 0062 04       		.byte	0x4
 486 0063 07       		.byte	0x7
 487 0064 AE000000 		.4byte	.LASF6
 488 0068 04       		.uleb128 0x4
 489 0069 08       		.byte	0x8
ARM GAS  C:\Users\Tim\AppData\Local\Temp\cctixF6C.s 			page 12


 490 006a 05       		.byte	0x5
 491 006b 2E020000 		.4byte	.LASF7
 492 006f 04       		.uleb128 0x4
 493 0070 08       		.byte	0x8
 494 0071 07       		.byte	0x7
 495 0072 6B010000 		.4byte	.LASF8
 496 0076 04       		.uleb128 0x4
 497 0077 04       		.byte	0x4
 498 0078 07       		.byte	0x7
 499 0079 97010000 		.4byte	.LASF9
 500 007d 05       		.uleb128 0x5
 501 007e 04       		.byte	0x4
 502 007f 83000000 		.4byte	0x83
 503 0083 04       		.uleb128 0x4
 504 0084 01       		.byte	0x1
 505 0085 08       		.byte	0x8
 506 0086 3C020000 		.4byte	.LASF10
 507 008a 05       		.uleb128 0x5
 508 008b 04       		.byte	0x4
 509 008c 90000000 		.4byte	0x90
 510 0090 06       		.uleb128 0x6
 511 0091 83000000 		.4byte	0x83
 512 0095 04       		.uleb128 0x4
 513 0096 08       		.byte	0x8
 514 0097 04       		.byte	0x4
 515 0098 F3000000 		.4byte	.LASF11
 516 009c 04       		.uleb128 0x4
 517 009d 04       		.byte	0x4
 518 009e 04       		.byte	0x4
 519 009f 82000000 		.4byte	.LASF12
 520 00a3 04       		.uleb128 0x4
 521 00a4 08       		.byte	0x8
 522 00a5 04       		.byte	0x4
 523 00a6 8A020000 		.4byte	.LASF13
 524 00aa 07       		.uleb128 0x7
 525 00ab 74020000 		.4byte	.LASF15
 526 00af 03       		.byte	0x3
 527 00b0 3801     		.2byte	0x138
 528 00b2 45000000 		.4byte	0x45
 529 00b6 07       		.uleb128 0x7
 530 00b7 3A010000 		.4byte	.LASF16
 531 00bb 03       		.byte	0x3
 532 00bc 3901     		.2byte	0x139
 533 00be 53000000 		.4byte	0x53
 534 00c2 07       		.uleb128 0x7
 535 00c3 46010000 		.4byte	.LASF17
 536 00c7 03       		.byte	0x3
 537 00c8 3A01     		.2byte	0x13a
 538 00ca 61000000 		.4byte	0x61
 539 00ce 07       		.uleb128 0x7
 540 00cf 41010000 		.4byte	.LASF18
 541 00d3 03       		.byte	0x3
 542 00d4 3B01     		.2byte	0x13b
 543 00d6 3E000000 		.4byte	0x3e
 544 00da 07       		.uleb128 0x7
 545 00db A8000000 		.4byte	.LASF19
 546 00df 03       		.byte	0x3
ARM GAS  C:\Users\Tim\AppData\Local\Temp\cctixF6C.s 			page 13


 547 00e0 3C01     		.2byte	0x13c
 548 00e2 4C000000 		.4byte	0x4c
 549 00e6 07       		.uleb128 0x7
 550 00e7 A2000000 		.4byte	.LASF20
 551 00eb 03       		.byte	0x3
 552 00ec 4901     		.2byte	0x149
 553 00ee 83000000 		.4byte	0x83
 554 00f2 08       		.uleb128 0x8
 555 00f3 59000000 		.4byte	.LASF40
 556 00f7 01       		.byte	0x1
 557 00f8 34       		.byte	0x34
 558 00f9 00000000 		.4byte	.LFB36
 559 00fd 0C000000 		.4byte	.LFE36-.LFB36
 560 0101 01       		.uleb128 0x1
 561 0102 9C       		.byte	0x9c
 562 0103 09       		.uleb128 0x9
 563 0104 65020000 		.4byte	.LASF21
 564 0108 01       		.byte	0x1
 565 0109 39       		.byte	0x39
 566 010a 00000000 		.4byte	.LFB37
 567 010e 08000000 		.4byte	.LFE37-.LFB37
 568 0112 01       		.uleb128 0x1
 569 0113 9C       		.byte	0x9c
 570 0114 22010000 		.4byte	0x122
 571 0118 0A       		.uleb128 0xa
 572 0119 06000000 		.4byte	.LVL0
 573 011d 52030000 		.4byte	0x352
 574 0121 00       		.byte	0
 575 0122 0B       		.uleb128 0xb
 576 0123 4D010000 		.4byte	.LASF22
 577 0127 01       		.byte	0x1
 578 0128 3E       		.byte	0x3e
 579 0129 00000000 		.4byte	.LFB38
 580 012d C8000000 		.4byte	.LFE38-.LFB38
 581 0131 01       		.uleb128 0x1
 582 0132 9C       		.byte	0x9c
 583 0133 E1010000 		.4byte	0x1e1
 584 0137 0C       		.uleb128 0xc
 585 0138 696900   		.ascii	"ii\000"
 586 013b 01       		.byte	0x1
 587 013c 40       		.byte	0x40
 588 013d CE000000 		.4byte	0xce
 589 0141 00000000 		.4byte	.LLST0
 590 0145 0D       		.uleb128 0xd
 591 0146 90010000 		.4byte	.LASF23
 592 014a 01       		.byte	0x1
 593 014b 41       		.byte	0x41
 594 014c B6000000 		.4byte	0xb6
 595 0150 37000000 		.4byte	.LLST1
 596 0154 0D       		.uleb128 0xd
 597 0155 D3000000 		.4byte	.LASF24
 598 0159 01       		.byte	0x1
 599 015a 42       		.byte	0x42
 600 015b 9C000000 		.4byte	0x9c
 601 015f 55000000 		.4byte	.LLST2
 602 0163 0D       		.uleb128 0xd
 603 0164 79000000 		.4byte	.LASF25
ARM GAS  C:\Users\Tim\AppData\Local\Temp\cctixF6C.s 			page 14


 604 0168 01       		.byte	0x1
 605 0169 43       		.byte	0x43
 606 016a 9C000000 		.4byte	0x9c
 607 016e 68000000 		.4byte	.LLST3
 608 0172 0D       		.uleb128 0xd
 609 0173 C3020000 		.4byte	.LASF26
 610 0177 01       		.byte	0x1
 611 0178 44       		.byte	0x44
 612 0179 C2000000 		.4byte	0xc2
 613 017d 7B000000 		.4byte	.LLST4
 614 0181 0A       		.uleb128 0xa
 615 0182 06000000 		.4byte	.LVL1
 616 0186 59030000 		.4byte	0x359
 617 018a 0E       		.uleb128 0xe
 618 018b 0C000000 		.4byte	.LVL2
 619 018f 60030000 		.4byte	0x360
 620 0193 9D010000 		.4byte	0x19d
 621 0197 0F       		.uleb128 0xf
 622 0198 01       		.uleb128 0x1
 623 0199 50       		.byte	0x50
 624 019a 01       		.uleb128 0x1
 625 019b 31       		.byte	0x31
 626 019c 00       		.byte	0
 627 019d 0A       		.uleb128 0xa
 628 019e 14000000 		.4byte	.LVL3
 629 01a2 75030000 		.4byte	0x375
 630 01a6 0A       		.uleb128 0xa
 631 01a7 22000000 		.4byte	.LVL4
 632 01ab 75030000 		.4byte	0x375
 633 01af 0E       		.uleb128 0xe
 634 01b0 30000000 		.4byte	.LVL7
 635 01b4 86030000 		.4byte	0x386
 636 01b8 C7010000 		.4byte	0x1c7
 637 01bc 0F       		.uleb128 0xf
 638 01bd 01       		.uleb128 0x1
 639 01be 50       		.byte	0x50
 640 01bf 06       		.uleb128 0x6
 641 01c0 74       		.byte	0x74
 642 01c1 00       		.sleb128 0
 643 01c2 48       		.byte	0x48
 644 01c3 24       		.byte	0x24
 645 01c4 48       		.byte	0x48
 646 01c5 26       		.byte	0x26
 647 01c6 00       		.byte	0
 648 01c7 0A       		.uleb128 0xa
 649 01c8 76000000 		.4byte	.LVL17
 650 01cc 9B030000 		.4byte	0x39b
 651 01d0 10       		.uleb128 0x10
 652 01d1 90000000 		.4byte	.LVL21
 653 01d5 B5030000 		.4byte	0x3b5
 654 01d9 0F       		.uleb128 0xf
 655 01da 01       		.uleb128 0x1
 656 01db 50       		.byte	0x50
 657 01dc 02       		.uleb128 0x2
 658 01dd 74       		.byte	0x74
 659 01de 00       		.sleb128 0
 660 01df 00       		.byte	0
ARM GAS  C:\Users\Tim\AppData\Local\Temp\cctixF6C.s 			page 15


 661 01e0 00       		.byte	0
 662 01e1 0B       		.uleb128 0xb
 663 01e2 82010000 		.4byte	.LASF27
 664 01e6 01       		.byte	0x1
 665 01e7 61       		.byte	0x61
 666 01e8 00000000 		.4byte	.LFB39
 667 01ec 18010000 		.4byte	.LFE39-.LFB39
 668 01f0 01       		.uleb128 0x1
 669 01f1 9C       		.byte	0x9c
 670 01f2 0B030000 		.4byte	0x30b
 671 01f6 0C       		.uleb128 0xc
 672 01f7 696900   		.ascii	"ii\000"
 673 01fa 01       		.byte	0x1
 674 01fb 63       		.byte	0x63
 675 01fc CE000000 		.4byte	0xce
 676 0200 8E000000 		.4byte	.LLST5
 677 0204 0D       		.uleb128 0xd
 678 0205 90010000 		.4byte	.LASF23
 679 0209 01       		.byte	0x1
 680 020a 64       		.byte	0x64
 681 020b B6000000 		.4byte	0xb6
 682 020f B8000000 		.4byte	.LLST6
 683 0213 0D       		.uleb128 0xd
 684 0214 D3000000 		.4byte	.LASF24
 685 0218 01       		.byte	0x1
 686 0219 65       		.byte	0x65
 687 021a 9C000000 		.4byte	0x9c
 688 021e D6000000 		.4byte	.LLST7
 689 0222 0D       		.uleb128 0xd
 690 0223 79000000 		.4byte	.LASF25
 691 0227 01       		.byte	0x1
 692 0228 66       		.byte	0x66
 693 0229 9C000000 		.4byte	0x9c
 694 022d F4000000 		.4byte	.LLST8
 695 0231 11       		.uleb128 0x11
 696 0232 30010000 		.4byte	.LASF28
 697 0236 01       		.byte	0x1
 698 0237 67       		.byte	0x67
 699 0238 C2000000 		.4byte	0xc2
 700 023c 05       		.uleb128 0x5
 701 023d 03       		.byte	0x3
 702 023e 04000000 		.4byte	last_time.7795
 703 0242 12       		.uleb128 0x12
 704 0243 67000000 		.4byte	.LASF41
 705 0247 1B030000 		.4byte	0x31b
 706 024b 05       		.uleb128 0x5
 707 024c 03       		.byte	0x3
 708 024d 00000000 		.4byte	__func__.7796
 709 0251 0A       		.uleb128 0xa
 710 0252 08000000 		.4byte	.LVL25
 711 0256 59030000 		.4byte	0x359
 712 025a 0E       		.uleb128 0xe
 713 025b 0E000000 		.4byte	.LVL26
 714 025f 60030000 		.4byte	0x360
 715 0263 6D020000 		.4byte	0x26d
 716 0267 0F       		.uleb128 0xf
 717 0268 01       		.uleb128 0x1
ARM GAS  C:\Users\Tim\AppData\Local\Temp\cctixF6C.s 			page 16


 718 0269 50       		.byte	0x50
 719 026a 01       		.uleb128 0x1
 720 026b 32       		.byte	0x32
 721 026c 00       		.byte	0
 722 026d 0A       		.uleb128 0xa
 723 026e 12000000 		.4byte	.LVL27
 724 0272 75030000 		.4byte	0x375
 725 0276 0A       		.uleb128 0xa
 726 0277 24000000 		.4byte	.LVL28
 727 027b 75030000 		.4byte	0x375
 728 027f 0E       		.uleb128 0xe
 729 0280 32000000 		.4byte	.LVL31
 730 0284 86030000 		.4byte	0x386
 731 0288 97020000 		.4byte	0x297
 732 028c 0F       		.uleb128 0xf
 733 028d 01       		.uleb128 0x1
 734 028e 50       		.byte	0x50
 735 028f 06       		.uleb128 0x6
 736 0290 74       		.byte	0x74
 737 0291 00       		.sleb128 0
 738 0292 48       		.byte	0x48
 739 0293 24       		.byte	0x24
 740 0294 48       		.byte	0x48
 741 0295 26       		.byte	0x26
 742 0296 00       		.byte	0
 743 0297 0A       		.uleb128 0xa
 744 0298 7C000000 		.4byte	.LVL40
 745 029c 9B030000 		.4byte	0x39b
 746 02a0 0E       		.uleb128 0xe
 747 02a1 C6000000 		.4byte	.LVL49
 748 02a5 CB030000 		.4byte	0x3cb
 749 02a9 FA020000 		.4byte	0x2fa
 750 02ad 0F       		.uleb128 0xf
 751 02ae 01       		.uleb128 0x1
 752 02af 53       		.byte	0x53
 753 02b0 05       		.uleb128 0x5
 754 02b1 03       		.byte	0x3
 755 02b2 34000000 		.4byte	.LC7
 756 02b6 0F       		.uleb128 0xf
 757 02b7 01       		.uleb128 0x1
 758 02b8 52       		.byte	0x52
 759 02b9 05       		.uleb128 0x5
 760 02ba 03       		.byte	0x3
 761 02bb 00000000 		.4byte	.LC5
 762 02bf 0F       		.uleb128 0xf
 763 02c0 01       		.uleb128 0x1
 764 02c1 51       		.byte	0x51
 765 02c2 03       		.uleb128 0x3
 766 02c3 0A       		.byte	0xa
 767 02c4 0001     		.2byte	0x100
 768 02c6 0F       		.uleb128 0xf
 769 02c7 01       		.uleb128 0x1
 770 02c8 50       		.byte	0x50
 771 02c9 02       		.uleb128 0x2
 772 02ca 75       		.byte	0x75
 773 02cb 00       		.sleb128 0
 774 02cc 0F       		.uleb128 0xf
ARM GAS  C:\Users\Tim\AppData\Local\Temp\cctixF6C.s 			page 17


 775 02cd 02       		.uleb128 0x2
 776 02ce 7D       		.byte	0x7d
 777 02cf 10       		.sleb128 16
 778 02d0 05       		.uleb128 0x5
 779 02d1 77       		.byte	0x77
 780 02d2 00       		.sleb128 0
 781 02d3 08       		.byte	0x8
 782 02d4 64       		.byte	0x64
 783 02d5 1E       		.byte	0x1e
 784 02d6 0F       		.uleb128 0xf
 785 02d7 02       		.uleb128 0x2
 786 02d8 7D       		.byte	0x7d
 787 02d9 0C       		.sleb128 12
 788 02da 02       		.uleb128 0x2
 789 02db 76       		.byte	0x76
 790 02dc 00       		.sleb128 0
 791 02dd 0F       		.uleb128 0xf
 792 02de 02       		.uleb128 0x2
 793 02df 7D       		.byte	0x7d
 794 02e0 08       		.sleb128 8
 795 02e1 06       		.uleb128 0x6
 796 02e2 74       		.byte	0x74
 797 02e3 00       		.sleb128 0
 798 02e4 48       		.byte	0x48
 799 02e5 24       		.byte	0x24
 800 02e6 48       		.byte	0x48
 801 02e7 26       		.byte	0x26
 802 02e8 0F       		.uleb128 0xf
 803 02e9 02       		.uleb128 0x2
 804 02ea 7D       		.byte	0x7d
 805 02eb 04       		.sleb128 4
 806 02ec 02       		.uleb128 0x2
 807 02ed 08       		.byte	0x8
 808 02ee 77       		.byte	0x77
 809 02ef 0F       		.uleb128 0xf
 810 02f0 02       		.uleb128 0x2
 811 02f1 7D       		.byte	0x7d
 812 02f2 00       		.sleb128 0
 813 02f3 05       		.uleb128 0x5
 814 02f4 03       		.byte	0x3
 815 02f5 00000000 		.4byte	.LANCHOR1
 816 02f9 00       		.byte	0
 817 02fa 10       		.uleb128 0x10
 818 02fb CC000000 		.4byte	.LVL50
 819 02ff EC030000 		.4byte	0x3ec
 820 0303 0F       		.uleb128 0xf
 821 0304 01       		.uleb128 0x1
 822 0305 50       		.byte	0x50
 823 0306 02       		.uleb128 0x2
 824 0307 75       		.byte	0x75
 825 0308 00       		.sleb128 0
 826 0309 00       		.byte	0
 827 030a 00       		.byte	0
 828 030b 13       		.uleb128 0x13
 829 030c 83000000 		.4byte	0x83
 830 0310 1B030000 		.4byte	0x31b
 831 0314 14       		.uleb128 0x14
ARM GAS  C:\Users\Tim\AppData\Local\Temp\cctixF6C.s 			page 18


 832 0315 76000000 		.4byte	0x76
 833 0319 0D       		.byte	0xd
 834 031a 00       		.byte	0
 835 031b 06       		.uleb128 0x6
 836 031c 0B030000 		.4byte	0x30b
 837 0320 11       		.uleb128 0x11
 838 0321 30010000 		.4byte	.LASF28
 839 0325 01       		.byte	0x1
 840 0326 32       		.byte	0x32
 841 0327 C2000000 		.4byte	0xc2
 842 032b 05       		.uleb128 0x5
 843 032c 03       		.byte	0x3
 844 032d 00000000 		.4byte	last_time
 845 0331 13       		.uleb128 0x13
 846 0332 83000000 		.4byte	0x83
 847 0336 41030000 		.4byte	0x341
 848 033a 14       		.uleb128 0x14
 849 033b 76000000 		.4byte	0x76
 850 033f FF       		.byte	0xff
 851 0340 00       		.byte	0
 852 0341 15       		.uleb128 0x15
 853 0342 CE020000 		.4byte	.LASF42
 854 0346 09       		.byte	0x9
 855 0347 14       		.byte	0x14
 856 0348 31030000 		.4byte	0x331
 857 034c 05       		.uleb128 0x5
 858 034d 03       		.byte	0x3
 859 034e 00000000 		.4byte	formatted_string
 860 0352 16       		.uleb128 0x16
 861 0353 B0020000 		.4byte	.LASF29
 862 0357 04       		.byte	0x4
 863 0358 98       		.byte	0x98
 864 0359 16       		.uleb128 0x16
 865 035a 96020000 		.4byte	.LASF30
 866 035e 04       		.byte	0x4
 867 035f 9C       		.byte	0x9c
 868 0360 17       		.uleb128 0x17
 869 0361 FA000000 		.4byte	.LASF31
 870 0365 04       		.byte	0x4
 871 0366 9E       		.byte	0x9e
 872 0367 C2000000 		.4byte	0xc2
 873 036b 75030000 		.4byte	0x375
 874 036f 18       		.uleb128 0x18
 875 0370 C2000000 		.4byte	0xc2
 876 0374 00       		.byte	0
 877 0375 19       		.uleb128 0x19
 878 0376 83020000 		.4byte	.LASF33
 879 037a 05       		.byte	0x5
 880 037b 18       		.byte	0x18
 881 037c C2000000 		.4byte	0xc2
 882 0380 86030000 		.4byte	0x386
 883 0384 1A       		.uleb128 0x1a
 884 0385 00       		.byte	0
 885 0386 17       		.uleb128 0x17
 886 0387 17010000 		.4byte	.LASF32
 887 038b 04       		.byte	0x4
 888 038c 9F       		.byte	0x9f
ARM GAS  C:\Users\Tim\AppData\Local\Temp\cctixF6C.s 			page 19


 889 038d DA000000 		.4byte	0xda
 890 0391 9B030000 		.4byte	0x39b
 891 0395 18       		.uleb128 0x18
 892 0396 C2000000 		.4byte	0xc2
 893 039a 00       		.byte	0
 894 039b 1B       		.uleb128 0x1b
 895 039c 706F7700 		.ascii	"pow\000"
 896 03a0 0A       		.byte	0xa
 897 03a1 85       		.byte	0x85
 898 03a2 95000000 		.4byte	0x95
 899 03a6 B5030000 		.4byte	0x3b5
 900 03aa 18       		.uleb128 0x18
 901 03ab 95000000 		.4byte	0x95
 902 03af 18       		.uleb128 0x18
 903 03b0 95000000 		.4byte	0x95
 904 03b4 00       		.byte	0
 905 03b5 1C       		.uleb128 0x1c
 906 03b6 41020000 		.4byte	.LASF34
 907 03ba 06       		.byte	0x6
 908 03bb 31       		.byte	0x31
 909 03bc CB030000 		.4byte	0x3cb
 910 03c0 18       		.uleb128 0x18
 911 03c1 AA000000 		.4byte	0xaa
 912 03c5 18       		.uleb128 0x18
 913 03c6 AA000000 		.4byte	0xaa
 914 03ca 00       		.byte	0
 915 03cb 1D       		.uleb128 0x1d
 916 03cc 70000000 		.4byte	.LASF35
 917 03d0 07       		.byte	0x7
 918 03d1 0C01     		.2byte	0x10c
 919 03d3 25000000 		.4byte	0x25
 920 03d7 EC030000 		.4byte	0x3ec
 921 03db 18       		.uleb128 0x18
 922 03dc 7D000000 		.4byte	0x7d
 923 03e0 18       		.uleb128 0x18
 924 03e1 2C000000 		.4byte	0x2c
 925 03e5 18       		.uleb128 0x18
 926 03e6 8A000000 		.4byte	0x8a
 927 03ea 1A       		.uleb128 0x1a
 928 03eb 00       		.byte	0
 929 03ec 1E       		.uleb128 0x1e
 930 03ed DB000000 		.4byte	.LASF36
 931 03f1 08       		.byte	0x8
 932 03f2 7701     		.2byte	0x177
 933 03f4 FE030000 		.4byte	0x3fe
 934 03f8 18       		.uleb128 0x18
 935 03f9 FE030000 		.4byte	0x3fe
 936 03fd 00       		.byte	0
 937 03fe 05       		.uleb128 0x5
 938 03ff 04       		.byte	0x4
 939 0400 04040000 		.4byte	0x404
 940 0404 06       		.uleb128 0x6
 941 0405 E6000000 		.4byte	0xe6
 942 0409 00       		.byte	0
 943              		.section	.debug_abbrev,"",%progbits
 944              	.Ldebug_abbrev0:
 945 0000 01       		.uleb128 0x1
ARM GAS  C:\Users\Tim\AppData\Local\Temp\cctixF6C.s 			page 20


 946 0001 11       		.uleb128 0x11
 947 0002 01       		.byte	0x1
 948 0003 25       		.uleb128 0x25
 949 0004 0E       		.uleb128 0xe
 950 0005 13       		.uleb128 0x13
 951 0006 0B       		.uleb128 0xb
 952 0007 03       		.uleb128 0x3
 953 0008 0E       		.uleb128 0xe
 954 0009 1B       		.uleb128 0x1b
 955 000a 0E       		.uleb128 0xe
 956 000b 55       		.uleb128 0x55
 957 000c 17       		.uleb128 0x17
 958 000d 11       		.uleb128 0x11
 959 000e 01       		.uleb128 0x1
 960 000f 10       		.uleb128 0x10
 961 0010 17       		.uleb128 0x17
 962 0011 00       		.byte	0
 963 0012 00       		.byte	0
 964 0013 02       		.uleb128 0x2
 965 0014 24       		.uleb128 0x24
 966 0015 00       		.byte	0
 967 0016 0B       		.uleb128 0xb
 968 0017 0B       		.uleb128 0xb
 969 0018 3E       		.uleb128 0x3e
 970 0019 0B       		.uleb128 0xb
 971 001a 03       		.uleb128 0x3
 972 001b 08       		.uleb128 0x8
 973 001c 00       		.byte	0
 974 001d 00       		.byte	0
 975 001e 03       		.uleb128 0x3
 976 001f 16       		.uleb128 0x16
 977 0020 00       		.byte	0
 978 0021 03       		.uleb128 0x3
 979 0022 0E       		.uleb128 0xe
 980 0023 3A       		.uleb128 0x3a
 981 0024 0B       		.uleb128 0xb
 982 0025 3B       		.uleb128 0x3b
 983 0026 0B       		.uleb128 0xb
 984 0027 49       		.uleb128 0x49
 985 0028 13       		.uleb128 0x13
 986 0029 00       		.byte	0
 987 002a 00       		.byte	0
 988 002b 04       		.uleb128 0x4
 989 002c 24       		.uleb128 0x24
 990 002d 00       		.byte	0
 991 002e 0B       		.uleb128 0xb
 992 002f 0B       		.uleb128 0xb
 993 0030 3E       		.uleb128 0x3e
 994 0031 0B       		.uleb128 0xb
 995 0032 03       		.uleb128 0x3
 996 0033 0E       		.uleb128 0xe
 997 0034 00       		.byte	0
 998 0035 00       		.byte	0
 999 0036 05       		.uleb128 0x5
 1000 0037 0F       		.uleb128 0xf
 1001 0038 00       		.byte	0
 1002 0039 0B       		.uleb128 0xb
ARM GAS  C:\Users\Tim\AppData\Local\Temp\cctixF6C.s 			page 21


 1003 003a 0B       		.uleb128 0xb
 1004 003b 49       		.uleb128 0x49
 1005 003c 13       		.uleb128 0x13
 1006 003d 00       		.byte	0
 1007 003e 00       		.byte	0
 1008 003f 06       		.uleb128 0x6
 1009 0040 26       		.uleb128 0x26
 1010 0041 00       		.byte	0
 1011 0042 49       		.uleb128 0x49
 1012 0043 13       		.uleb128 0x13
 1013 0044 00       		.byte	0
 1014 0045 00       		.byte	0
 1015 0046 07       		.uleb128 0x7
 1016 0047 16       		.uleb128 0x16
 1017 0048 00       		.byte	0
 1018 0049 03       		.uleb128 0x3
 1019 004a 0E       		.uleb128 0xe
 1020 004b 3A       		.uleb128 0x3a
 1021 004c 0B       		.uleb128 0xb
 1022 004d 3B       		.uleb128 0x3b
 1023 004e 05       		.uleb128 0x5
 1024 004f 49       		.uleb128 0x49
 1025 0050 13       		.uleb128 0x13
 1026 0051 00       		.byte	0
 1027 0052 00       		.byte	0
 1028 0053 08       		.uleb128 0x8
 1029 0054 2E       		.uleb128 0x2e
 1030 0055 00       		.byte	0
 1031 0056 3F       		.uleb128 0x3f
 1032 0057 19       		.uleb128 0x19
 1033 0058 03       		.uleb128 0x3
 1034 0059 0E       		.uleb128 0xe
 1035 005a 3A       		.uleb128 0x3a
 1036 005b 0B       		.uleb128 0xb
 1037 005c 3B       		.uleb128 0x3b
 1038 005d 0B       		.uleb128 0xb
 1039 005e 11       		.uleb128 0x11
 1040 005f 01       		.uleb128 0x1
 1041 0060 12       		.uleb128 0x12
 1042 0061 06       		.uleb128 0x6
 1043 0062 40       		.uleb128 0x40
 1044 0063 18       		.uleb128 0x18
 1045 0064 9742     		.uleb128 0x2117
 1046 0066 19       		.uleb128 0x19
 1047 0067 00       		.byte	0
 1048 0068 00       		.byte	0
 1049 0069 09       		.uleb128 0x9
 1050 006a 2E       		.uleb128 0x2e
 1051 006b 01       		.byte	0x1
 1052 006c 3F       		.uleb128 0x3f
 1053 006d 19       		.uleb128 0x19
 1054 006e 03       		.uleb128 0x3
 1055 006f 0E       		.uleb128 0xe
 1056 0070 3A       		.uleb128 0x3a
 1057 0071 0B       		.uleb128 0xb
 1058 0072 3B       		.uleb128 0x3b
 1059 0073 0B       		.uleb128 0xb
ARM GAS  C:\Users\Tim\AppData\Local\Temp\cctixF6C.s 			page 22


 1060 0074 11       		.uleb128 0x11
 1061 0075 01       		.uleb128 0x1
 1062 0076 12       		.uleb128 0x12
 1063 0077 06       		.uleb128 0x6
 1064 0078 40       		.uleb128 0x40
 1065 0079 18       		.uleb128 0x18
 1066 007a 9742     		.uleb128 0x2117
 1067 007c 19       		.uleb128 0x19
 1068 007d 01       		.uleb128 0x1
 1069 007e 13       		.uleb128 0x13
 1070 007f 00       		.byte	0
 1071 0080 00       		.byte	0
 1072 0081 0A       		.uleb128 0xa
 1073 0082 898201   		.uleb128 0x4109
 1074 0085 00       		.byte	0
 1075 0086 11       		.uleb128 0x11
 1076 0087 01       		.uleb128 0x1
 1077 0088 31       		.uleb128 0x31
 1078 0089 13       		.uleb128 0x13
 1079 008a 00       		.byte	0
 1080 008b 00       		.byte	0
 1081 008c 0B       		.uleb128 0xb
 1082 008d 2E       		.uleb128 0x2e
 1083 008e 01       		.byte	0x1
 1084 008f 3F       		.uleb128 0x3f
 1085 0090 19       		.uleb128 0x19
 1086 0091 03       		.uleb128 0x3
 1087 0092 0E       		.uleb128 0xe
 1088 0093 3A       		.uleb128 0x3a
 1089 0094 0B       		.uleb128 0xb
 1090 0095 3B       		.uleb128 0x3b
 1091 0096 0B       		.uleb128 0xb
 1092 0097 11       		.uleb128 0x11
 1093 0098 01       		.uleb128 0x1
 1094 0099 12       		.uleb128 0x12
 1095 009a 06       		.uleb128 0x6
 1096 009b 40       		.uleb128 0x40
 1097 009c 18       		.uleb128 0x18
 1098 009d 9642     		.uleb128 0x2116
 1099 009f 19       		.uleb128 0x19
 1100 00a0 01       		.uleb128 0x1
 1101 00a1 13       		.uleb128 0x13
 1102 00a2 00       		.byte	0
 1103 00a3 00       		.byte	0
 1104 00a4 0C       		.uleb128 0xc
 1105 00a5 34       		.uleb128 0x34
 1106 00a6 00       		.byte	0
 1107 00a7 03       		.uleb128 0x3
 1108 00a8 08       		.uleb128 0x8
 1109 00a9 3A       		.uleb128 0x3a
 1110 00aa 0B       		.uleb128 0xb
 1111 00ab 3B       		.uleb128 0x3b
 1112 00ac 0B       		.uleb128 0xb
 1113 00ad 49       		.uleb128 0x49
 1114 00ae 13       		.uleb128 0x13
 1115 00af 02       		.uleb128 0x2
 1116 00b0 17       		.uleb128 0x17
ARM GAS  C:\Users\Tim\AppData\Local\Temp\cctixF6C.s 			page 23


 1117 00b1 00       		.byte	0
 1118 00b2 00       		.byte	0
 1119 00b3 0D       		.uleb128 0xd
 1120 00b4 34       		.uleb128 0x34
 1121 00b5 00       		.byte	0
 1122 00b6 03       		.uleb128 0x3
 1123 00b7 0E       		.uleb128 0xe
 1124 00b8 3A       		.uleb128 0x3a
 1125 00b9 0B       		.uleb128 0xb
 1126 00ba 3B       		.uleb128 0x3b
 1127 00bb 0B       		.uleb128 0xb
 1128 00bc 49       		.uleb128 0x49
 1129 00bd 13       		.uleb128 0x13
 1130 00be 02       		.uleb128 0x2
 1131 00bf 17       		.uleb128 0x17
 1132 00c0 00       		.byte	0
 1133 00c1 00       		.byte	0
 1134 00c2 0E       		.uleb128 0xe
 1135 00c3 898201   		.uleb128 0x4109
 1136 00c6 01       		.byte	0x1
 1137 00c7 11       		.uleb128 0x11
 1138 00c8 01       		.uleb128 0x1
 1139 00c9 31       		.uleb128 0x31
 1140 00ca 13       		.uleb128 0x13
 1141 00cb 01       		.uleb128 0x1
 1142 00cc 13       		.uleb128 0x13
 1143 00cd 00       		.byte	0
 1144 00ce 00       		.byte	0
 1145 00cf 0F       		.uleb128 0xf
 1146 00d0 8A8201   		.uleb128 0x410a
 1147 00d3 00       		.byte	0
 1148 00d4 02       		.uleb128 0x2
 1149 00d5 18       		.uleb128 0x18
 1150 00d6 9142     		.uleb128 0x2111
 1151 00d8 18       		.uleb128 0x18
 1152 00d9 00       		.byte	0
 1153 00da 00       		.byte	0
 1154 00db 10       		.uleb128 0x10
 1155 00dc 898201   		.uleb128 0x4109
 1156 00df 01       		.byte	0x1
 1157 00e0 11       		.uleb128 0x11
 1158 00e1 01       		.uleb128 0x1
 1159 00e2 31       		.uleb128 0x31
 1160 00e3 13       		.uleb128 0x13
 1161 00e4 00       		.byte	0
 1162 00e5 00       		.byte	0
 1163 00e6 11       		.uleb128 0x11
 1164 00e7 34       		.uleb128 0x34
 1165 00e8 00       		.byte	0
 1166 00e9 03       		.uleb128 0x3
 1167 00ea 0E       		.uleb128 0xe
 1168 00eb 3A       		.uleb128 0x3a
 1169 00ec 0B       		.uleb128 0xb
 1170 00ed 3B       		.uleb128 0x3b
 1171 00ee 0B       		.uleb128 0xb
 1172 00ef 49       		.uleb128 0x49
 1173 00f0 13       		.uleb128 0x13
ARM GAS  C:\Users\Tim\AppData\Local\Temp\cctixF6C.s 			page 24


 1174 00f1 02       		.uleb128 0x2
 1175 00f2 18       		.uleb128 0x18
 1176 00f3 00       		.byte	0
 1177 00f4 00       		.byte	0
 1178 00f5 12       		.uleb128 0x12
 1179 00f6 34       		.uleb128 0x34
 1180 00f7 00       		.byte	0
 1181 00f8 03       		.uleb128 0x3
 1182 00f9 0E       		.uleb128 0xe
 1183 00fa 49       		.uleb128 0x49
 1184 00fb 13       		.uleb128 0x13
 1185 00fc 34       		.uleb128 0x34
 1186 00fd 19       		.uleb128 0x19
 1187 00fe 02       		.uleb128 0x2
 1188 00ff 18       		.uleb128 0x18
 1189 0100 00       		.byte	0
 1190 0101 00       		.byte	0
 1191 0102 13       		.uleb128 0x13
 1192 0103 01       		.uleb128 0x1
 1193 0104 01       		.byte	0x1
 1194 0105 49       		.uleb128 0x49
 1195 0106 13       		.uleb128 0x13
 1196 0107 01       		.uleb128 0x1
 1197 0108 13       		.uleb128 0x13
 1198 0109 00       		.byte	0
 1199 010a 00       		.byte	0
 1200 010b 14       		.uleb128 0x14
 1201 010c 21       		.uleb128 0x21
 1202 010d 00       		.byte	0
 1203 010e 49       		.uleb128 0x49
 1204 010f 13       		.uleb128 0x13
 1205 0110 2F       		.uleb128 0x2f
 1206 0111 0B       		.uleb128 0xb
 1207 0112 00       		.byte	0
 1208 0113 00       		.byte	0
 1209 0114 15       		.uleb128 0x15
 1210 0115 34       		.uleb128 0x34
 1211 0116 00       		.byte	0
 1212 0117 03       		.uleb128 0x3
 1213 0118 0E       		.uleb128 0xe
 1214 0119 3A       		.uleb128 0x3a
 1215 011a 0B       		.uleb128 0xb
 1216 011b 3B       		.uleb128 0x3b
 1217 011c 0B       		.uleb128 0xb
 1218 011d 49       		.uleb128 0x49
 1219 011e 13       		.uleb128 0x13
 1220 011f 3F       		.uleb128 0x3f
 1221 0120 19       		.uleb128 0x19
 1222 0121 02       		.uleb128 0x2
 1223 0122 18       		.uleb128 0x18
 1224 0123 00       		.byte	0
 1225 0124 00       		.byte	0
 1226 0125 16       		.uleb128 0x16
 1227 0126 2E       		.uleb128 0x2e
 1228 0127 00       		.byte	0
 1229 0128 3F       		.uleb128 0x3f
 1230 0129 19       		.uleb128 0x19
ARM GAS  C:\Users\Tim\AppData\Local\Temp\cctixF6C.s 			page 25


 1231 012a 03       		.uleb128 0x3
 1232 012b 0E       		.uleb128 0xe
 1233 012c 3A       		.uleb128 0x3a
 1234 012d 0B       		.uleb128 0xb
 1235 012e 3B       		.uleb128 0x3b
 1236 012f 0B       		.uleb128 0xb
 1237 0130 27       		.uleb128 0x27
 1238 0131 19       		.uleb128 0x19
 1239 0132 3C       		.uleb128 0x3c
 1240 0133 19       		.uleb128 0x19
 1241 0134 00       		.byte	0
 1242 0135 00       		.byte	0
 1243 0136 17       		.uleb128 0x17
 1244 0137 2E       		.uleb128 0x2e
 1245 0138 01       		.byte	0x1
 1246 0139 3F       		.uleb128 0x3f
 1247 013a 19       		.uleb128 0x19
 1248 013b 03       		.uleb128 0x3
 1249 013c 0E       		.uleb128 0xe
 1250 013d 3A       		.uleb128 0x3a
 1251 013e 0B       		.uleb128 0xb
 1252 013f 3B       		.uleb128 0x3b
 1253 0140 0B       		.uleb128 0xb
 1254 0141 27       		.uleb128 0x27
 1255 0142 19       		.uleb128 0x19
 1256 0143 49       		.uleb128 0x49
 1257 0144 13       		.uleb128 0x13
 1258 0145 3C       		.uleb128 0x3c
 1259 0146 19       		.uleb128 0x19
 1260 0147 01       		.uleb128 0x1
 1261 0148 13       		.uleb128 0x13
 1262 0149 00       		.byte	0
 1263 014a 00       		.byte	0
 1264 014b 18       		.uleb128 0x18
 1265 014c 05       		.uleb128 0x5
 1266 014d 00       		.byte	0
 1267 014e 49       		.uleb128 0x49
 1268 014f 13       		.uleb128 0x13
 1269 0150 00       		.byte	0
 1270 0151 00       		.byte	0
 1271 0152 19       		.uleb128 0x19
 1272 0153 2E       		.uleb128 0x2e
 1273 0154 01       		.byte	0x1
 1274 0155 3F       		.uleb128 0x3f
 1275 0156 19       		.uleb128 0x19
 1276 0157 03       		.uleb128 0x3
 1277 0158 0E       		.uleb128 0xe
 1278 0159 3A       		.uleb128 0x3a
 1279 015a 0B       		.uleb128 0xb
 1280 015b 3B       		.uleb128 0x3b
 1281 015c 0B       		.uleb128 0xb
 1282 015d 49       		.uleb128 0x49
 1283 015e 13       		.uleb128 0x13
 1284 015f 3C       		.uleb128 0x3c
 1285 0160 19       		.uleb128 0x19
 1286 0161 01       		.uleb128 0x1
 1287 0162 13       		.uleb128 0x13
ARM GAS  C:\Users\Tim\AppData\Local\Temp\cctixF6C.s 			page 26


 1288 0163 00       		.byte	0
 1289 0164 00       		.byte	0
 1290 0165 1A       		.uleb128 0x1a
 1291 0166 18       		.uleb128 0x18
 1292 0167 00       		.byte	0
 1293 0168 00       		.byte	0
 1294 0169 00       		.byte	0
 1295 016a 1B       		.uleb128 0x1b
 1296 016b 2E       		.uleb128 0x2e
 1297 016c 01       		.byte	0x1
 1298 016d 3F       		.uleb128 0x3f
 1299 016e 19       		.uleb128 0x19
 1300 016f 03       		.uleb128 0x3
 1301 0170 08       		.uleb128 0x8
 1302 0171 3A       		.uleb128 0x3a
 1303 0172 0B       		.uleb128 0xb
 1304 0173 3B       		.uleb128 0x3b
 1305 0174 0B       		.uleb128 0xb
 1306 0175 27       		.uleb128 0x27
 1307 0176 19       		.uleb128 0x19
 1308 0177 49       		.uleb128 0x49
 1309 0178 13       		.uleb128 0x13
 1310 0179 3C       		.uleb128 0x3c
 1311 017a 19       		.uleb128 0x19
 1312 017b 01       		.uleb128 0x1
 1313 017c 13       		.uleb128 0x13
 1314 017d 00       		.byte	0
 1315 017e 00       		.byte	0
 1316 017f 1C       		.uleb128 0x1c
 1317 0180 2E       		.uleb128 0x2e
 1318 0181 01       		.byte	0x1
 1319 0182 3F       		.uleb128 0x3f
 1320 0183 19       		.uleb128 0x19
 1321 0184 03       		.uleb128 0x3
 1322 0185 0E       		.uleb128 0xe
 1323 0186 3A       		.uleb128 0x3a
 1324 0187 0B       		.uleb128 0xb
 1325 0188 3B       		.uleb128 0x3b
 1326 0189 0B       		.uleb128 0xb
 1327 018a 27       		.uleb128 0x27
 1328 018b 19       		.uleb128 0x19
 1329 018c 3C       		.uleb128 0x3c
 1330 018d 19       		.uleb128 0x19
 1331 018e 01       		.uleb128 0x1
 1332 018f 13       		.uleb128 0x13
 1333 0190 00       		.byte	0
 1334 0191 00       		.byte	0
 1335 0192 1D       		.uleb128 0x1d
 1336 0193 2E       		.uleb128 0x2e
 1337 0194 01       		.byte	0x1
 1338 0195 3F       		.uleb128 0x3f
 1339 0196 19       		.uleb128 0x19
 1340 0197 03       		.uleb128 0x3
 1341 0198 0E       		.uleb128 0xe
 1342 0199 3A       		.uleb128 0x3a
 1343 019a 0B       		.uleb128 0xb
 1344 019b 3B       		.uleb128 0x3b
ARM GAS  C:\Users\Tim\AppData\Local\Temp\cctixF6C.s 			page 27


 1345 019c 05       		.uleb128 0x5
 1346 019d 27       		.uleb128 0x27
 1347 019e 19       		.uleb128 0x19
 1348 019f 49       		.uleb128 0x49
 1349 01a0 13       		.uleb128 0x13
 1350 01a1 3C       		.uleb128 0x3c
 1351 01a2 19       		.uleb128 0x19
 1352 01a3 01       		.uleb128 0x1
 1353 01a4 13       		.uleb128 0x13
 1354 01a5 00       		.byte	0
 1355 01a6 00       		.byte	0
 1356 01a7 1E       		.uleb128 0x1e
 1357 01a8 2E       		.uleb128 0x2e
 1358 01a9 01       		.byte	0x1
 1359 01aa 3F       		.uleb128 0x3f
 1360 01ab 19       		.uleb128 0x19
 1361 01ac 03       		.uleb128 0x3
 1362 01ad 0E       		.uleb128 0xe
 1363 01ae 3A       		.uleb128 0x3a
 1364 01af 0B       		.uleb128 0xb
 1365 01b0 3B       		.uleb128 0x3b
 1366 01b1 05       		.uleb128 0x5
 1367 01b2 27       		.uleb128 0x27
 1368 01b3 19       		.uleb128 0x19
 1369 01b4 3C       		.uleb128 0x3c
 1370 01b5 19       		.uleb128 0x19
 1371 01b6 01       		.uleb128 0x1
 1372 01b7 13       		.uleb128 0x13
 1373 01b8 00       		.byte	0
 1374 01b9 00       		.byte	0
 1375 01ba 00       		.byte	0
 1376              		.section	.debug_loc,"",%progbits
 1377              	.Ldebug_loc0:
 1378              	.LLST0:
 1379 0000 26000000 		.4byte	.LVL5
 1380 0004 2A000000 		.4byte	.LVL6
 1381 0008 0200     		.2byte	0x2
 1382 000a 30       		.byte	0x30
 1383 000b 9F       		.byte	0x9f
 1384 000c 2A000000 		.4byte	.LVL6
 1385 0010 92000000 		.4byte	.LVL22
 1386 0014 0100     		.2byte	0x1
 1387 0016 54       		.byte	0x54
 1388 0017 92000000 		.4byte	.LVL22
 1389 001b 94000000 		.4byte	.LVL23
 1390 001f 0300     		.2byte	0x3
 1391 0021 74       		.byte	0x74
 1392 0022 7F       		.sleb128 -1
 1393 0023 9F       		.byte	0x9f
 1394 0024 94000000 		.4byte	.LVL23
 1395 0028 9A000000 		.4byte	.LVL24
 1396 002c 0100     		.2byte	0x1
 1397 002e 54       		.byte	0x54
 1398 002f 00000000 		.4byte	0
 1399 0033 00000000 		.4byte	0
 1400              	.LLST1:
 1401 0037 32000000 		.4byte	.LVL8
ARM GAS  C:\Users\Tim\AppData\Local\Temp\cctixF6C.s 			page 28


 1402 003b 4E000000 		.4byte	.LVL9
 1403 003f 0100     		.2byte	0x1
 1404 0041 50       		.byte	0x50
 1405 0042 50000000 		.4byte	.LVL10
 1406 0046 55000000 		.4byte	.LVL12-1
 1407 004a 0100     		.2byte	0x1
 1408 004c 50       		.byte	0x50
 1409 004d 00000000 		.4byte	0
 1410 0051 00000000 		.4byte	0
 1411              	.LLST2:
 1412 0055 6A000000 		.4byte	.LVL15
 1413 0059 6D000000 		.4byte	.LVL16-1
 1414 005d 0100     		.2byte	0x1
 1415 005f 50       		.byte	0x50
 1416 0060 00000000 		.4byte	0
 1417 0064 00000000 		.4byte	0
 1418              	.LLST3:
 1419 0068 82000000 		.4byte	.LVL19
 1420 006c 87000000 		.4byte	.LVL20-1
 1421 0070 0100     		.2byte	0x1
 1422 0072 50       		.byte	0x50
 1423 0073 00000000 		.4byte	0
 1424 0077 00000000 		.4byte	0
 1425              	.LLST4:
 1426 007b 0C000000 		.4byte	.LVL2
 1427 007f 13000000 		.4byte	.LVL3-1
 1428 0083 0100     		.2byte	0x1
 1429 0085 50       		.byte	0x50
 1430 0086 00000000 		.4byte	0
 1431 008a 00000000 		.4byte	0
 1432              	.LLST5:
 1433 008e 28000000 		.4byte	.LVL29
 1434 0092 2C000000 		.4byte	.LVL30
 1435 0096 0200     		.2byte	0x2
 1436 0098 30       		.byte	0x30
 1437 0099 9F       		.byte	0x9f
 1438 009a 2C000000 		.4byte	.LVL30
 1439 009e CE000000 		.4byte	.LVL51
 1440 00a2 0100     		.2byte	0x1
 1441 00a4 54       		.byte	0x54
 1442 00a5 D0000000 		.4byte	.LVL52
 1443 00a9 D6000000 		.4byte	.LVL53
 1444 00ad 0100     		.2byte	0x1
 1445 00af 54       		.byte	0x54
 1446 00b0 00000000 		.4byte	0
 1447 00b4 00000000 		.4byte	0
 1448              	.LLST6:
 1449 00b8 34000000 		.4byte	.LVL32
 1450 00bc 54000000 		.4byte	.LVL33
 1451 00c0 0100     		.2byte	0x1
 1452 00c2 50       		.byte	0x50
 1453 00c3 54000000 		.4byte	.LVL33
 1454 00c7 D0000000 		.4byte	.LVL52
 1455 00cb 0100     		.2byte	0x1
 1456 00cd 56       		.byte	0x56
 1457 00ce 00000000 		.4byte	0
 1458 00d2 00000000 		.4byte	0
ARM GAS  C:\Users\Tim\AppData\Local\Temp\cctixF6C.s 			page 29


 1459              	.LLST7:
 1460 00d6 70000000 		.4byte	.LVL38
 1461 00da 73000000 		.4byte	.LVL39-1
 1462 00de 0100     		.2byte	0x1
 1463 00e0 50       		.byte	0x50
 1464 00e1 73000000 		.4byte	.LVL39-1
 1465 00e5 92000000 		.4byte	.LVL46
 1466 00e9 0100     		.2byte	0x1
 1467 00eb 57       		.byte	0x57
 1468 00ec 00000000 		.4byte	0
 1469 00f0 00000000 		.4byte	0
 1470              	.LLST8:
 1471 00f4 8A000000 		.4byte	.LVL43
 1472 00f8 8C000000 		.4byte	.LVL44
 1473 00fc 0100     		.2byte	0x1
 1474 00fe 50       		.byte	0x50
 1475 00ff 8C000000 		.4byte	.LVL44
 1476 0103 9C000000 		.4byte	.LVL48
 1477 0107 0100     		.2byte	0x1
 1478 0109 55       		.byte	0x55
 1479 010a 00000000 		.4byte	0
 1480 010e 00000000 		.4byte	0
 1481              		.section	.debug_aranges,"",%progbits
 1482 0000 34000000 		.4byte	0x34
 1483 0004 0200     		.2byte	0x2
 1484 0006 00000000 		.4byte	.Ldebug_info0
 1485 000a 04       		.byte	0x4
 1486 000b 00       		.byte	0
 1487 000c 0000     		.2byte	0
 1488 000e 0000     		.2byte	0
 1489 0010 00000000 		.4byte	.LFB36
 1490 0014 0C000000 		.4byte	.LFE36-.LFB36
 1491 0018 00000000 		.4byte	.LFB37
 1492 001c 08000000 		.4byte	.LFE37-.LFB37
 1493 0020 00000000 		.4byte	.LFB38
 1494 0024 C8000000 		.4byte	.LFE38-.LFB38
 1495 0028 00000000 		.4byte	.LFB39
 1496 002c 18010000 		.4byte	.LFE39-.LFB39
 1497 0030 00000000 		.4byte	0
 1498 0034 00000000 		.4byte	0
 1499              		.section	.debug_ranges,"",%progbits
 1500              	.Ldebug_ranges0:
 1501 0000 00000000 		.4byte	.LFB36
 1502 0004 0C000000 		.4byte	.LFE36
 1503 0008 00000000 		.4byte	.LFB37
 1504 000c 08000000 		.4byte	.LFE37
 1505 0010 00000000 		.4byte	.LFB38
 1506 0014 C8000000 		.4byte	.LFE38
 1507 0018 00000000 		.4byte	.LFB39
 1508 001c 18010000 		.4byte	.LFE39
 1509 0020 00000000 		.4byte	0
 1510 0024 00000000 		.4byte	0
 1511              		.section	.debug_line,"",%progbits
 1512              	.Ldebug_line0:
 1513 0000 3D020000 		.section	.debug_str,"MS",%progbits,1
 1513      02009601 
 1513      00000201 
ARM GAS  C:\Users\Tim\AppData\Local\Temp\cctixF6C.s 			page 30


 1513      FB0E0D00 
 1513      01010101 
 1514              	.LASF39:
 1515 0000 443A5C70 		.ascii	"D:\\projects\\ArloBot\\ArlobotHw\\DualBoard-043\\Bo"
 1515      726F6A65 
 1515      6374735C 
 1515      41726C6F 
 1515      426F745C 
 1516 002e 61726431 		.ascii	"ard1-RPi.cydsn\000"
 1516      2D525069 
 1516      2E637964 
 1516      736E00
 1517              	.LASF14:
 1518 003d 73697A65 		.ascii	"size_t\000"
 1518      5F7400
 1519              	.LASF38:
 1520 0044 2E2E5C73 		.ascii	"..\\source\\infrared.c\000"
 1520      6F757263 
 1520      655C696E 
 1520      66726172 
 1520      65642E63 
 1521              	.LASF40:
 1522 0059 496E6672 		.ascii	"Infrared_Init\000"
 1522      61726564 
 1522      5F496E69 
 1522      7400
 1523              	.LASF41:
 1524 0067 5F5F6675 		.ascii	"__func__\000"
 1524      6E635F5F 
 1524      00
 1525              	.LASF35:
 1526 0070 736E7072 		.ascii	"snprintf\000"
 1526      696E7466 
 1526      00
 1527              	.LASF25:
 1528 0079 64697374 		.ascii	"distance\000"
 1528      616E6365 
 1528      00
 1529              	.LASF12:
 1530 0082 666C6F61 		.ascii	"float\000"
 1530      7400
 1531              	.LASF1:
 1532 0088 7369676E 		.ascii	"signed char\000"
 1532      65642063 
 1532      68617200 
 1533              	.LASF2:
 1534 0094 756E7369 		.ascii	"unsigned char\000"
 1534      676E6564 
 1534      20636861 
 1534      7200
 1535              	.LASF20:
 1536 00a2 63686172 		.ascii	"char8\000"
 1536      3800
 1537              	.LASF19:
 1538 00a8 696E7431 		.ascii	"int16\000"
 1538      3600
 1539              	.LASF6:
ARM GAS  C:\Users\Tim\AppData\Local\Temp\cctixF6C.s 			page 31


 1540 00ae 6C6F6E67 		.ascii	"long unsigned int\000"
 1540      20756E73 
 1540      69676E65 
 1540      6420696E 
 1540      7400
 1541              	.LASF4:
 1542 00c0 73686F72 		.ascii	"short unsigned int\000"
 1542      7420756E 
 1542      7369676E 
 1542      65642069 
 1542      6E7400
 1543              	.LASF24:
 1544 00d3 766F6C74 		.ascii	"voltage\000"
 1544      61676500 
 1545              	.LASF36:
 1546 00db 55415254 		.ascii	"UARTCOMMS_UartPutString\000"
 1546      434F4D4D 
 1546      535F5561 
 1546      72745075 
 1546      74537472 
 1547              	.LASF11:
 1548 00f3 646F7562 		.ascii	"double\000"
 1548      6C6500
 1549              	.LASF31:
 1550 00fa 4144435F 		.ascii	"ADC_Infrared_IsEndConversion\000"
 1550      496E6672 
 1550      61726564 
 1550      5F497345 
 1550      6E64436F 
 1551              	.LASF32:
 1552 0117 4144435F 		.ascii	"ADC_Infrared_GetResult16\000"
 1552      496E6672 
 1552      61726564 
 1552      5F476574 
 1552      52657375 
 1553              	.LASF28:
 1554 0130 6C617374 		.ascii	"last_time\000"
 1554      5F74696D 
 1554      6500
 1555              	.LASF16:
 1556 013a 75696E74 		.ascii	"uint16\000"
 1556      313600
 1557              	.LASF18:
 1558 0141 696E7438 		.ascii	"int8\000"
 1558      00
 1559              	.LASF17:
 1560 0146 75696E74 		.ascii	"uint32\000"
 1560      333200
 1561              	.LASF22:
 1562 014d 496E6672 		.ascii	"Infrared_Measure\000"
 1562      61726564 
 1562      5F4D6561 
 1562      73757265 
 1562      00
 1563              	.LASF0:
 1564 015e 756E7369 		.ascii	"unsigned int\000"
 1564      676E6564 
ARM GAS  C:\Users\Tim\AppData\Local\Temp\cctixF6C.s 			page 32


 1564      20696E74 
 1564      00
 1565              	.LASF8:
 1566 016b 6C6F6E67 		.ascii	"long long unsigned int\000"
 1566      206C6F6E 
 1566      6720756E 
 1566      7369676E 
 1566      65642069 
 1567              	.LASF27:
 1568 0182 496E6672 		.ascii	"Infrared_Test\000"
 1568      61726564 
 1568      5F546573 
 1568      7400
 1569              	.LASF23:
 1570 0190 72657375 		.ascii	"result\000"
 1570      6C7400
 1571              	.LASF9:
 1572 0197 73697A65 		.ascii	"sizetype\000"
 1572      74797065 
 1572      00
 1573              	.LASF37:
 1574 01a0 474E5520 		.ascii	"GNU C 4.9.3 20150303 (release) [ARM/embedded-4_9-br"
 1574      4320342E 
 1574      392E3320 
 1574      32303135 
 1574      30333033 
 1575 01d3 616E6368 		.ascii	"anch revision 221220] -mcpu=cortex-m0 -mthumb -g -O"
 1575      20726576 
 1575      6973696F 
 1575      6E203232 
 1575      31323230 
 1576 0206 67202D66 		.ascii	"g -ffunction-sections -ffat-lto-objects\000"
 1576      66756E63 
 1576      74696F6E 
 1576      2D736563 
 1576      74696F6E 
 1577              	.LASF7:
 1578 022e 6C6F6E67 		.ascii	"long long int\000"
 1578      206C6F6E 
 1578      6720696E 
 1578      7400
 1579              	.LASF10:
 1580 023c 63686172 		.ascii	"char\000"
 1580      00
 1581              	.LASF34:
 1582 0241 4932635F 		.ascii	"I2c_WriteInfraredDistance\000"
 1582      57726974 
 1582      65496E66 
 1582      72617265 
 1582      64446973 
 1583              	.LASF3:
 1584 025b 73686F72 		.ascii	"short int\000"
 1584      7420696E 
 1584      7400
 1585              	.LASF21:
 1586 0265 496E6672 		.ascii	"Infrared_Start\000"
 1586      61726564 
ARM GAS  C:\Users\Tim\AppData\Local\Temp\cctixF6C.s 			page 33


 1586      5F537461 
 1586      727400
 1587              	.LASF15:
 1588 0274 75696E74 		.ascii	"uint8\000"
 1588      3800
 1589              	.LASF5:
 1590 027a 6C6F6E67 		.ascii	"long int\000"
 1590      20696E74 
 1590      00
 1591              	.LASF33:
 1592 0283 6D696C6C 		.ascii	"millis\000"
 1592      697300
 1593              	.LASF13:
 1594 028a 6C6F6E67 		.ascii	"long double\000"
 1594      20646F75 
 1594      626C6500 
 1595              	.LASF30:
 1596 0296 4144435F 		.ascii	"ADC_Infrared_StartConvert\000"
 1596      496E6672 
 1596      61726564 
 1596      5F537461 
 1596      7274436F 
 1597              	.LASF29:
 1598 02b0 4144435F 		.ascii	"ADC_Infrared_Start\000"
 1598      496E6672 
 1598      61726564 
 1598      5F537461 
 1598      727400
 1599              	.LASF26:
 1600 02c3 6164635F 		.ascii	"adc_result\000"
 1600      72657375 
 1600      6C7400
 1601              	.LASF42:
 1602 02ce 666F726D 		.ascii	"formatted_string\000"
 1602      61747465 
 1602      645F7374 
 1602      72696E67 
 1602      00
 1603              		.ident	"GCC: (GNU Tools for ARM Embedded Processors) 4.9.3 20150303 (release) [ARM/embedded-4_9-br
