ARM GAS  C:\Users\Tim\AppData\Local\Temp\ccHxVpul.s 			page 1


   1              		.cpu cortex-m0
   2              		.fpu softvfp
   3              		.eabi_attribute 20, 1
   4              		.eabi_attribute 21, 1
   5              		.eabi_attribute 23, 3
   6              		.eabi_attribute 24, 1
   7              		.eabi_attribute 25, 1
   8              		.eabi_attribute 26, 1
   9              		.eabi_attribute 30, 1
  10              		.eabi_attribute 34, 0
  11              		.eabi_attribute 18, 4
  12              		.code	16
  13              		.file	"motor.c"
  14              		.text
  15              	.Ltext0:
  16              		.cfi_sections	.debug_frame
  17              		.section	.text.Motor_Init,"ax",%progbits
  18              		.align	2
  19              		.global	Motor_Init
  20              		.code	16
  21              		.thumb_func
  22              		.type	Motor_Init, %function
  23              	Motor_Init:
  24              	.LFB34:
  25              		.file 1 "..\\source\\motor.c"
   1:..\source/motor.c **** /* ========================================
   2:..\source/motor.c ****  *
   3:..\source/motor.c ****  * Copyright YOUR COMPANY, THE YEAR
   4:..\source/motor.c ****  * All Rights Reserved
   5:..\source/motor.c ****  * UNPUBLISHED, LICENSED SOFTWARE.
   6:..\source/motor.c ****  *
   7:..\source/motor.c ****  * CONFIDENTIAL AND PROPRIETARY INFORMATION
   8:..\source/motor.c ****  * WHICH IS THE PROPERTY OF your company.
   9:..\source/motor.c ****  *
  10:..\source/motor.c ****  * ========================================
  11:..\source/motor.c **** */
  12:..\source/motor.c **** 
  13:..\source/motor.c **** #include "motor.h"
  14:..\source/motor.c **** #include "utils.h"
  15:..\source/motor.c **** #include "debug.h"
  16:..\source/motor.c **** #include "hwconfig.h"
  17:..\source/motor.c **** 
  18:..\source/motor.c **** /* Add a link to the HB25 data sheet
  19:..\source/motor.c ****    Ref:
  20:..\source/motor.c ****  */
  21:..\source/motor.c **** 
  22:..\source/motor.c **** #define HB25_ENABLE_BIT (0)
  23:..\source/motor.c **** #define HB25_PWM_BIT (1)
  24:..\source/motor.c **** #define HB25_ENABLE (0)
  25:..\source/motor.c **** #define HB25_DISABLE (1)
  26:..\source/motor.c **** 
  27:..\source/motor.c **** #define MIN_PWM_COUNT (800)
  28:..\source/motor.c **** #define CNTR_PWM_COUNT (1500)
  29:..\source/motor.c **** #define MAX_PWM_COUNT (2200)
  30:..\source/motor.c **** 
  31:..\source/motor.c **** #define PWM_PADDING (200)
  32:..\source/motor.c **** 
ARM GAS  C:\Users\Tim\AppData\Local\Temp\ccHxVpul.s 			page 2


  33:..\source/motor.c **** #define REVERSE_PWM_COUNT (MAX_PWM_COUNT - PWM_PADDING)
  34:..\source/motor.c **** #define STOP_PWM_COUNT (CNTR_PWM_COUNT)
  35:..\source/motor.c **** #define FORWARD_PWM_COUNT (MIN_PWM_COUNT + PWM_PADDING)
  36:..\source/motor.c **** 
  37:..\source/motor.c **** #define MOTOR_DRIVE_ABSOLUTE_VALUE (100)
  38:..\source/motor.c **** #define MIN_MOTOR_DRIVE (-MOTOR_DRIVE_ABSOLUTE_VALUE)
  39:..\source/motor.c **** #define MAX_MOTOR_DRIVE (+MOTOR_DRIVE_ABSOLUTE_VALUE)
  40:..\source/motor.c **** #define MID_VALUE (0)
  41:..\source/motor.c **** 
  42:..\source/motor.c **** #define MOTOR_RANGE (2 * MOTOR_DRIVE_ABSOLUTE_VALUE)
  43:..\source/motor.c **** #define PWM_RANGE   (REVERSE_PWM_COUNT - FORWARD_PWM_COUNT)
  44:..\source/motor.c **** //#define COUNT_RESOLUTION ((REVERSE_PWM_COUNT - FORWARD_PWM_COUNT)/MOTOR_RANGE)
  45:..\source/motor.c **** 
  46:..\source/motor.c **** /*
  47:..\source/motor.c ****     Recommendation by Parallax:
  48:..\source/motor.c **** 
  49:..\source/motor.c ****     Safe Power-Up and Power-Down
  50:..\source/motor.c ****     Remember, because the HB-25 responds to pulses like a servo, changing states on your microcontr
  51:..\source/motor.c ****     I/O pins at startup and shutdown can affect the HB-25 and set it into an unintended state. This
  52:..\source/motor.c ****     the I/O pins changing between input and output as well as between output high and output low.
  53:..\source/motor.c ****     If your microcontroller is powered up or powered down while the HB-25 is powered up, the
  54:..\source/motor.c ****     HB-25 could receive a false trigger. To prevent this, use one of the following options:
  55:..\source/motor.c ****     • Most reliable option:
  56:..\source/motor.c ****     1. Power the microcontroller up first, using code that forces the program to wait until the
  57:..\source/motor.c ****     HB-25 is powered up before sending pulses. Code examples are provided below.
  58:..\source/motor.c ****     2. Power up the HB-25 for operation.
  59:..\source/motor.c ****     3. When shutting down your application, cut off power to the HB-25 first.
  60:..\source/motor.c ****     4. Power down your microcontroller last.
  61:..\source/motor.c ****     • Or, power the HB-25 and the microcontroller at the same time using a double-post (dual-circ
  62:..\source/motor.c ****     switch.
  63:..\source/motor.c ****     • If there is the possibility that the HB-25 will be on before your microcontroller, use the 
  64:..\source/motor.c ****     code as mentioned above to ensure that the HB-25 is properly initialized when the
  65:..\source/motor.c ****     microcontroller is powered on. The I/O line connected to the HB-25 should be made LOW either
  66:..\source/motor.c ****     before or immediately after the HB-25 powers up. If this does not happen the HB-25 may fail to
  67:..\source/motor.c ****     respond to incoming pulses.
  68:..\source/motor.c ****     If your application poses any potential safety risk and you need the HB-25 to shut off the moto
  69:..\source/motor.c ****     the microcontroller has lost power or has malfunctioned, enable the Timeout Feature described b
  70:..\source/motor.c ****     before operation.
  71:..\source/motor.c **** 
  72:..\source/motor.c ****  */
  73:..\source/motor.c **** 
  74:..\source/motor.c **** void Motor_Init()
  75:..\source/motor.c **** {
  26              		.loc 1 75 0
  27              		.cfi_startproc
  28 0000 08B5     		push	{r3, lr}
  29              		.cfi_def_cfa_offset 8
  30              		.cfi_offset 3, -8
  31              		.cfi_offset 14, -4
  76:..\source/motor.c ****     HB25_Enable_Pin_Write(HB25_DISABLE);
  32              		.loc 1 76 0
  33 0002 0120     		mov	r0, #1
  34 0004 FFF7FEFF 		bl	HB25_Enable_Pin_Write
  35              	.LVL0:
  77:..\source/motor.c **** }
  36              		.loc 1 77 0
  37              		@ sp needed
ARM GAS  C:\Users\Tim\AppData\Local\Temp\ccHxVpul.s 			page 3


  38 0008 08BD     		pop	{r3, pc}
  39              		.cfi_endproc
  40              	.LFE34:
  41              		.size	Motor_Init, .-Motor_Init
  42              		.section	.text.Motor_Start,"ax",%progbits
  43              		.align	2
  44              		.global	Motor_Start
  45              		.code	16
  46              		.thumb_func
  47              		.type	Motor_Start, %function
  48              	Motor_Start:
  49              	.LFB35:
  78:..\source/motor.c **** 
  79:..\source/motor.c **** void Motor_Start()
  80:..\source/motor.c **** {
  50              		.loc 1 80 0
  51              		.cfi_startproc
  52 0000 08B5     		push	{r3, lr}
  53              		.cfi_def_cfa_offset 8
  54              		.cfi_offset 3, -8
  55              		.cfi_offset 14, -4
  81:..\source/motor.c ****     /* Enable the power on the HB-25 motor 
  82:..\source/motor.c ****        Note: The HB-25 has a specific initialization sequence that is handled in hardware.  All tha
  83:..\source/motor.c ****        software is to enable power to the HB-25 motor controller and start the PWM.  The PWM will b
  84:..\source/motor.c ****        HB-25 signal pin when initialization completes.
  85:..\source/motor.c ****      */
  86:..\source/motor.c ****     HB25_Enable_Pin_Write(HB25_ENABLE);    
  56              		.loc 1 86 0
  57 0002 0020     		mov	r0, #0
  58 0004 FFF7FEFF 		bl	HB25_Enable_Pin_Write
  59              	.LVL1:
  87:..\source/motor.c ****     HB25_PWM_Start();
  60              		.loc 1 87 0
  61 0008 FFF7FEFF 		bl	HB25_PWM_Start
  62              	.LVL2:
  88:..\source/motor.c **** }
  63              		.loc 1 88 0
  64              		@ sp needed
  65 000c 08BD     		pop	{r3, pc}
  66              		.cfi_endproc
  67              	.LFE35:
  68              		.size	Motor_Start, .-Motor_Start
  69              		.global	__aeabi_idiv
  70 000e C046     		.section	.rodata.cst2,"aM",%progbits,2
  71              		.align	1
  72              	.LC0:
  73 0000 2003     		.short	800
  74              		.section	.text.Motor_SetOutput,"ax",%progbits
  75              		.align	2
  76              		.global	Motor_SetOutput
  77              		.code	16
  78              		.thumb_func
  79              		.type	Motor_SetOutput, %function
  80              	Motor_SetOutput:
  81              	.LFB36:
  89:..\source/motor.c **** 
  90:..\source/motor.c **** void Motor_SetOutput(int16 value)
ARM GAS  C:\Users\Tim\AppData\Local\Temp\ccHxVpul.s 			page 4


  91:..\source/motor.c **** /* Incoming value units are millimeter per second.  It must be scaled to PWM range
  92:..\source/motor.c ****  */
  93:..\source/motor.c **** {
  82              		.loc 1 93 0
  83              		.cfi_startproc
  84              	.LVL3:
  85 0000 08B5     		push	{r3, lr}
  86              		.cfi_def_cfa_offset 8
  87              		.cfi_offset 3, -8
  88              		.cfi_offset 14, -4
  94:..\source/motor.c ****     uint16 pwm_compare;
  95:..\source/motor.c ****     int32 scaled_value;
  96:..\source/motor.c ****     
  97:..\source/motor.c ****     scaled_value = DIRECTION * scale_integer(value, SPEED_RANGE, PWM_RANGE);    
  89              		.loc 1 97 0
  90 0002 FA23     		mov	r3, #250
  91 0004 9B00     		lsl	r3, r3, #2
  92 0006 5843     		mul	r0, r3
  93              	.LVL4:
  94 0008 FA21     		mov	r1, #250
  95 000a C900     		lsl	r1, r1, #3
  96 000c FFF7FEFF 		bl	__aeabi_idiv
  97              	.LVL5:
  98 0010 4042     		neg	r0, r0
  99              	.LVL6:
  98:..\source/motor.c ****     pwm_compare = constrain((uint16) (STOP_PWM_COUNT + scaled_value), (uint16) MIN_PWM_COUNT, (uint
 100              		.loc 1 98 0
 101 0012 80B2     		uxth	r0, r0
 102              	.LVL7:
 103 0014 0B4B     		ldr	r3, .L7
 104 0016 C318     		add	r3, r0, r3
 105 0018 9BB2     		uxth	r3, r3
 106 001a 0B4A     		ldr	r2, .L7+4
 107 001c 9342     		cmp	r3, r2
 108 001e 0CD9     		bls	.L6
 109              		.loc 1 98 0 is_stmt 0 discriminator 1
 110 0020 0A4B     		ldr	r3, .L7+8
 111 0022 9C46     		mov	ip, r3
 112 0024 6044     		add	r0, r0, ip
 113 0026 80B2     		uxth	r0, r0
 114 0028 031C     		add	r3, r0, #0
 115 002a C822     		mov	r2, #200
 116 002c 9200     		lsl	r2, r2, #2
 117 002e 9042     		cmp	r0, r2
 118 0030 01D2     		bcs	.L5
 119 0032 074B     		ldr	r3, .L7+12
 120 0034 1B88     		ldrh	r3, [r3]
 121              	.L5:
 122 0036 98B2     		uxth	r0, r3
 123 0038 00E0     		b	.L4
 124              	.L6:
 125              		.loc 1 98 0
 126 003a 0648     		ldr	r0, .L7+16
 127              	.L4:
 128              	.LVL8:
  99:..\source/motor.c ****     
 100:..\source/motor.c ****     //COMMS_DEBUG_PRINT(0, "v: %d, s: %ld, p: %d\n\r", value, scaled_value, pwm_compare);
ARM GAS  C:\Users\Tim\AppData\Local\Temp\ccHxVpul.s 			page 5


 101:..\source/motor.c ****     
 102:..\source/motor.c ****     HB25_PWM_WriteCompare(pwm_compare);
 129              		.loc 1 102 0 is_stmt 1 discriminator 4
 130 003c FFF7FEFF 		bl	HB25_PWM_WriteCompare
 131              	.LVL9:
 103:..\source/motor.c **** }
 132              		.loc 1 103 0 discriminator 4
 133              		@ sp needed
 134 0040 08BD     		pop	{r3, pc}
 135              	.L8:
 136 0042 C046     		.align	2
 137              	.L7:
 138 0044 44FDFFFF 		.word	-700
 139 0048 67F70000 		.word	63335
 140 004c DC050000 		.word	1500
 141 0050 00000000 		.word	.LC0
 142 0054 98080000 		.word	2200
 143              		.cfi_endproc
 144              	.LFE36:
 145              		.size	Motor_SetOutput, .-Motor_SetOutput
 146              		.section	.text.Motor_Stop,"ax",%progbits
 147              		.align	2
 148              		.global	Motor_Stop
 149              		.code	16
 150              		.thumb_func
 151              		.type	Motor_Stop, %function
 152              	Motor_Stop:
 153              	.LFB37:
 104:..\source/motor.c **** 
 105:..\source/motor.c **** void Motor_Stop()
 106:..\source/motor.c **** {
 154              		.loc 1 106 0
 155              		.cfi_startproc
 156 0000 08B5     		push	{r3, lr}
 157              		.cfi_def_cfa_offset 8
 158              		.cfi_offset 3, -8
 159              		.cfi_offset 14, -4
 107:..\source/motor.c ****     /* Reverse sequence to start:
 108:..\source/motor.c ****         - Stop the PWM
 109:..\source/motor.c ****         - Disable power to the HB-25
 110:..\source/motor.c ****      */
 111:..\source/motor.c ****     HB25_PWM_Stop();
 160              		.loc 1 111 0
 161 0002 FFF7FEFF 		bl	HB25_PWM_Stop
 162              	.LVL10:
 112:..\source/motor.c ****     HB25_Enable_Pin_Write(HB25_DISABLE);
 163              		.loc 1 112 0
 164 0006 0120     		mov	r0, #1
 165 0008 FFF7FEFF 		bl	HB25_Enable_Pin_Write
 166              	.LVL11:
 113:..\source/motor.c **** }
 167              		.loc 1 113 0
 168              		@ sp needed
 169 000c 08BD     		pop	{r3, pc}
 170              		.cfi_endproc
 171              	.LFE37:
 172              		.size	Motor_Stop, .-Motor_Stop
ARM GAS  C:\Users\Tim\AppData\Local\Temp\ccHxVpul.s 			page 6


 173 000e C046     		.section	.text.Motor_Test,"ax",%progbits
 174              		.align	2
 175              		.global	Motor_Test
 176              		.code	16
 177              		.thumb_func
 178              		.type	Motor_Test, %function
 179              	Motor_Test:
 180              	.LFB38:
 114:..\source/motor.c **** 
 115:..\source/motor.c **** void Motor_Test()
 116:..\source/motor.c **** {
 181              		.loc 1 116 0
 182              		.cfi_startproc
 117:..\source/motor.c **** }
 183              		.loc 1 117 0
 184              		@ sp needed
 185 0000 7047     		bx	lr
 186              		.cfi_endproc
 187              	.LFE38:
 188              		.size	Motor_Test, .-Motor_Test
 189              		.comm	formatted_string,256,4
 190 0002 C046     		.text
 191              	.Letext0:
 192              		.file 2 "Generated_Source\\PSoC4/cytypes.h"
 193              		.file 3 "Generated_Source\\PSoC4/HB25_Enable_Pin.h"
 194              		.file 4 "Generated_Source\\PSoC4/HB25_PWM.h"
 195              		.file 5 "..\\source\\debug.h"
 196              		.section	.debug_info,"",%progbits
 197              	.Ldebug_info0:
 198 0000 F1010000 		.4byte	0x1f1
 199 0004 0400     		.2byte	0x4
 200 0006 00000000 		.4byte	.Ldebug_abbrev0
 201 000a 04       		.byte	0x4
 202 000b 01       		.uleb128 0x1
 203 000c 47010000 		.4byte	.LASF27
 204 0010 01       		.byte	0x1
 205 0011 2C010000 		.4byte	.LASF28
 206 0015 00000000 		.4byte	.LASF29
 207 0019 00000000 		.4byte	.Ldebug_ranges0+0
 208 001d 00000000 		.4byte	0
 209 0021 00000000 		.4byte	.Ldebug_line0
 210 0025 02       		.uleb128 0x2
 211 0026 01       		.byte	0x1
 212 0027 06       		.byte	0x6
 213 0028 27020000 		.4byte	.LASF0
 214 002c 02       		.uleb128 0x2
 215 002d 01       		.byte	0x1
 216 002e 08       		.byte	0x8
 217 002f 86000000 		.4byte	.LASF1
 218 0033 02       		.uleb128 0x2
 219 0034 02       		.byte	0x2
 220 0035 05       		.byte	0x5
 221 0036 02020000 		.4byte	.LASF2
 222 003a 02       		.uleb128 0x2
 223 003b 02       		.byte	0x2
 224 003c 07       		.byte	0x7
 225 003d 5B000000 		.4byte	.LASF3
ARM GAS  C:\Users\Tim\AppData\Local\Temp\ccHxVpul.s 			page 7


 226 0041 02       		.uleb128 0x2
 227 0042 04       		.byte	0x4
 228 0043 05       		.byte	0x5
 229 0044 12020000 		.4byte	.LASF4
 230 0048 02       		.uleb128 0x2
 231 0049 04       		.byte	0x4
 232 004a 07       		.byte	0x7
 233 004b 9A000000 		.4byte	.LASF5
 234 004f 02       		.uleb128 0x2
 235 0050 08       		.byte	0x8
 236 0051 05       		.byte	0x5
 237 0052 D5010000 		.4byte	.LASF6
 238 0056 02       		.uleb128 0x2
 239 0057 08       		.byte	0x8
 240 0058 07       		.byte	0x7
 241 0059 09010000 		.4byte	.LASF7
 242 005d 03       		.uleb128 0x3
 243 005e 04       		.byte	0x4
 244 005f 05       		.byte	0x5
 245 0060 696E7400 		.ascii	"int\000"
 246 0064 02       		.uleb128 0x2
 247 0065 04       		.byte	0x4
 248 0066 07       		.byte	0x7
 249 0067 E6000000 		.4byte	.LASF8
 250 006b 04       		.uleb128 0x4
 251 006c 0C020000 		.4byte	.LASF9
 252 0070 02       		.byte	0x2
 253 0071 C2       		.byte	0xc2
 254 0072 2C000000 		.4byte	0x2c
 255 0076 04       		.uleb128 0x4
 256 0077 D8000000 		.4byte	.LASF10
 257 007b 02       		.byte	0x2
 258 007c C3       		.byte	0xc3
 259 007d 3A000000 		.4byte	0x3a
 260 0081 04       		.uleb128 0x4
 261 0082 DF000000 		.4byte	.LASF11
 262 0086 02       		.byte	0x2
 263 0087 C4       		.byte	0xc4
 264 0088 48000000 		.4byte	0x48
 265 008c 04       		.uleb128 0x4
 266 008d 94000000 		.4byte	.LASF12
 267 0091 02       		.byte	0x2
 268 0092 C6       		.byte	0xc6
 269 0093 33000000 		.4byte	0x33
 270 0097 04       		.uleb128 0x4
 271 0098 AC000000 		.4byte	.LASF13
 272 009c 02       		.byte	0x2
 273 009d C7       		.byte	0xc7
 274 009e 41000000 		.4byte	0x41
 275 00a2 02       		.uleb128 0x2
 276 00a3 04       		.byte	0x4
 277 00a4 04       		.byte	0x4
 278 00a5 80000000 		.4byte	.LASF14
 279 00a9 02       		.uleb128 0x2
 280 00aa 08       		.byte	0x8
 281 00ab 04       		.byte	0x4
 282 00ac 6E000000 		.4byte	.LASF15
ARM GAS  C:\Users\Tim\AppData\Local\Temp\ccHxVpul.s 			page 8


 283 00b0 02       		.uleb128 0x2
 284 00b1 01       		.byte	0x1
 285 00b2 08       		.byte	0x8
 286 00b3 E3010000 		.4byte	.LASF16
 287 00b7 02       		.uleb128 0x2
 288 00b8 04       		.byte	0x4
 289 00b9 07       		.byte	0x7
 290 00ba 3E010000 		.4byte	.LASF17
 291 00be 05       		.uleb128 0x5
 292 00bf E8010000 		.4byte	.LASF18
 293 00c3 01       		.byte	0x1
 294 00c4 4A       		.byte	0x4a
 295 00c5 00000000 		.4byte	.LFB34
 296 00c9 0A000000 		.4byte	.LFE34-.LFB34
 297 00cd 01       		.uleb128 0x1
 298 00ce 9C       		.byte	0x9c
 299 00cf E3000000 		.4byte	0xe3
 300 00d3 06       		.uleb128 0x6
 301 00d4 08000000 		.4byte	.LVL0
 302 00d8 C1010000 		.4byte	0x1c1
 303 00dc 07       		.uleb128 0x7
 304 00dd 01       		.uleb128 0x1
 305 00de 50       		.byte	0x50
 306 00df 01       		.uleb128 0x1
 307 00e0 31       		.byte	0x31
 308 00e1 00       		.byte	0
 309 00e2 00       		.byte	0
 310 00e3 05       		.uleb128 0x5
 311 00e4 20010000 		.4byte	.LASF19
 312 00e8 01       		.byte	0x1
 313 00e9 4F       		.byte	0x4f
 314 00ea 00000000 		.4byte	.LFB35
 315 00ee 0E000000 		.4byte	.LFE35-.LFB35
 316 00f2 01       		.uleb128 0x1
 317 00f3 9C       		.byte	0x9c
 318 00f4 15010000 		.4byte	0x115
 319 00f8 08       		.uleb128 0x8
 320 00f9 08000000 		.4byte	.LVL1
 321 00fd C1010000 		.4byte	0x1c1
 322 0101 0B010000 		.4byte	0x10b
 323 0105 07       		.uleb128 0x7
 324 0106 01       		.uleb128 0x1
 325 0107 50       		.byte	0x50
 326 0108 01       		.uleb128 0x1
 327 0109 30       		.byte	0x30
 328 010a 00       		.byte	0
 329 010b 09       		.uleb128 0x9
 330 010c 0C000000 		.4byte	.LVL2
 331 0110 D2010000 		.4byte	0x1d2
 332 0114 00       		.byte	0
 333 0115 0A       		.uleb128 0xa
 334 0116 B2000000 		.4byte	.LASF30
 335 011a 01       		.byte	0x1
 336 011b 5A       		.byte	0x5a
 337 011c 00000000 		.4byte	.LFB36
 338 0120 58000000 		.4byte	.LFE36-.LFB36
 339 0124 01       		.uleb128 0x1
ARM GAS  C:\Users\Tim\AppData\Local\Temp\ccHxVpul.s 			page 9


 340 0125 9C       		.byte	0x9c
 341 0126 61010000 		.4byte	0x161
 342 012a 0B       		.uleb128 0xb
 343 012b 48000000 		.4byte	.LASF31
 344 012f 01       		.byte	0x1
 345 0130 5A       		.byte	0x5a
 346 0131 8C000000 		.4byte	0x8c
 347 0135 00000000 		.4byte	.LLST0
 348 0139 0C       		.uleb128 0xc
 349 013a 1B020000 		.4byte	.LASF20
 350 013e 01       		.byte	0x1
 351 013f 5E       		.byte	0x5e
 352 0140 76000000 		.4byte	0x76
 353 0144 21000000 		.4byte	.LLST1
 354 0148 0C       		.uleb128 0xc
 355 0149 4E000000 		.4byte	.LASF21
 356 014d 01       		.byte	0x1
 357 014e 5F       		.byte	0x5f
 358 014f 97000000 		.4byte	0x97
 359 0153 34000000 		.4byte	.LLST2
 360 0157 09       		.uleb128 0x9
 361 0158 40000000 		.4byte	.LVL9
 362 015c DA010000 		.4byte	0x1da
 363 0160 00       		.byte	0
 364 0161 05       		.uleb128 0x5
 365 0162 3D000000 		.4byte	.LASF22
 366 0166 01       		.byte	0x1
 367 0167 69       		.byte	0x69
 368 0168 00000000 		.4byte	.LFB37
 369 016c 0E000000 		.4byte	.LFE37-.LFB37
 370 0170 01       		.uleb128 0x1
 371 0171 9C       		.byte	0x9c
 372 0172 8F010000 		.4byte	0x18f
 373 0176 09       		.uleb128 0x9
 374 0177 06000000 		.4byte	.LVL10
 375 017b EC010000 		.4byte	0x1ec
 376 017f 06       		.uleb128 0x6
 377 0180 0C000000 		.4byte	.LVL11
 378 0184 C1010000 		.4byte	0x1c1
 379 0188 07       		.uleb128 0x7
 380 0189 01       		.uleb128 0x1
 381 018a 50       		.byte	0x50
 382 018b 01       		.uleb128 0x1
 383 018c 31       		.byte	0x31
 384 018d 00       		.byte	0
 385 018e 00       		.byte	0
 386 018f 0D       		.uleb128 0xd
 387 0190 75000000 		.4byte	.LASF32
 388 0194 01       		.byte	0x1
 389 0195 73       		.byte	0x73
 390 0196 00000000 		.4byte	.LFB38
 391 019a 02000000 		.4byte	.LFE38-.LFB38
 392 019e 01       		.uleb128 0x1
 393 019f 9C       		.byte	0x9c
 394 01a0 0E       		.uleb128 0xe
 395 01a1 B0000000 		.4byte	0xb0
 396 01a5 B0010000 		.4byte	0x1b0
ARM GAS  C:\Users\Tim\AppData\Local\Temp\ccHxVpul.s 			page 10


 397 01a9 0F       		.uleb128 0xf
 398 01aa B7000000 		.4byte	0xb7
 399 01ae FF       		.byte	0xff
 400 01af 00       		.byte	0
 401 01b0 10       		.uleb128 0x10
 402 01b1 41020000 		.4byte	.LASF33
 403 01b5 05       		.byte	0x5
 404 01b6 08       		.byte	0x8
 405 01b7 A0010000 		.4byte	0x1a0
 406 01bb 05       		.uleb128 0x5
 407 01bc 03       		.byte	0x3
 408 01bd 00000000 		.4byte	formatted_string
 409 01c1 11       		.uleb128 0x11
 410 01c2 F3000000 		.4byte	.LASF23
 411 01c6 03       		.byte	0x3
 412 01c7 33       		.byte	0x33
 413 01c8 D2010000 		.4byte	0x1d2
 414 01cc 12       		.uleb128 0x12
 415 01cd 6B000000 		.4byte	0x6b
 416 01d1 00       		.byte	0
 417 01d2 13       		.uleb128 0x13
 418 01d3 F3010000 		.4byte	.LASF25
 419 01d7 04       		.byte	0x4
 420 01d8 3101     		.2byte	0x131
 421 01da 14       		.uleb128 0x14
 422 01db C2000000 		.4byte	.LASF24
 423 01df 04       		.byte	0x4
 424 01e0 5401     		.2byte	0x154
 425 01e2 EC010000 		.4byte	0x1ec
 426 01e6 12       		.uleb128 0x12
 427 01e7 81000000 		.4byte	0x81
 428 01eb 00       		.byte	0
 429 01ec 13       		.uleb128 0x13
 430 01ed 33020000 		.4byte	.LASF26
 431 01f1 04       		.byte	0x4
 432 01f2 3201     		.2byte	0x132
 433 01f4 00       		.byte	0
 434              		.section	.debug_abbrev,"",%progbits
 435              	.Ldebug_abbrev0:
 436 0000 01       		.uleb128 0x1
 437 0001 11       		.uleb128 0x11
 438 0002 01       		.byte	0x1
 439 0003 25       		.uleb128 0x25
 440 0004 0E       		.uleb128 0xe
 441 0005 13       		.uleb128 0x13
 442 0006 0B       		.uleb128 0xb
 443 0007 03       		.uleb128 0x3
 444 0008 0E       		.uleb128 0xe
 445 0009 1B       		.uleb128 0x1b
 446 000a 0E       		.uleb128 0xe
 447 000b 55       		.uleb128 0x55
 448 000c 17       		.uleb128 0x17
 449 000d 11       		.uleb128 0x11
 450 000e 01       		.uleb128 0x1
 451 000f 10       		.uleb128 0x10
 452 0010 17       		.uleb128 0x17
 453 0011 00       		.byte	0
ARM GAS  C:\Users\Tim\AppData\Local\Temp\ccHxVpul.s 			page 11


 454 0012 00       		.byte	0
 455 0013 02       		.uleb128 0x2
 456 0014 24       		.uleb128 0x24
 457 0015 00       		.byte	0
 458 0016 0B       		.uleb128 0xb
 459 0017 0B       		.uleb128 0xb
 460 0018 3E       		.uleb128 0x3e
 461 0019 0B       		.uleb128 0xb
 462 001a 03       		.uleb128 0x3
 463 001b 0E       		.uleb128 0xe
 464 001c 00       		.byte	0
 465 001d 00       		.byte	0
 466 001e 03       		.uleb128 0x3
 467 001f 24       		.uleb128 0x24
 468 0020 00       		.byte	0
 469 0021 0B       		.uleb128 0xb
 470 0022 0B       		.uleb128 0xb
 471 0023 3E       		.uleb128 0x3e
 472 0024 0B       		.uleb128 0xb
 473 0025 03       		.uleb128 0x3
 474 0026 08       		.uleb128 0x8
 475 0027 00       		.byte	0
 476 0028 00       		.byte	0
 477 0029 04       		.uleb128 0x4
 478 002a 16       		.uleb128 0x16
 479 002b 00       		.byte	0
 480 002c 03       		.uleb128 0x3
 481 002d 0E       		.uleb128 0xe
 482 002e 3A       		.uleb128 0x3a
 483 002f 0B       		.uleb128 0xb
 484 0030 3B       		.uleb128 0x3b
 485 0031 0B       		.uleb128 0xb
 486 0032 49       		.uleb128 0x49
 487 0033 13       		.uleb128 0x13
 488 0034 00       		.byte	0
 489 0035 00       		.byte	0
 490 0036 05       		.uleb128 0x5
 491 0037 2E       		.uleb128 0x2e
 492 0038 01       		.byte	0x1
 493 0039 3F       		.uleb128 0x3f
 494 003a 19       		.uleb128 0x19
 495 003b 03       		.uleb128 0x3
 496 003c 0E       		.uleb128 0xe
 497 003d 3A       		.uleb128 0x3a
 498 003e 0B       		.uleb128 0xb
 499 003f 3B       		.uleb128 0x3b
 500 0040 0B       		.uleb128 0xb
 501 0041 11       		.uleb128 0x11
 502 0042 01       		.uleb128 0x1
 503 0043 12       		.uleb128 0x12
 504 0044 06       		.uleb128 0x6
 505 0045 40       		.uleb128 0x40
 506 0046 18       		.uleb128 0x18
 507 0047 9742     		.uleb128 0x2117
 508 0049 19       		.uleb128 0x19
 509 004a 01       		.uleb128 0x1
 510 004b 13       		.uleb128 0x13
ARM GAS  C:\Users\Tim\AppData\Local\Temp\ccHxVpul.s 			page 12


 511 004c 00       		.byte	0
 512 004d 00       		.byte	0
 513 004e 06       		.uleb128 0x6
 514 004f 898201   		.uleb128 0x4109
 515 0052 01       		.byte	0x1
 516 0053 11       		.uleb128 0x11
 517 0054 01       		.uleb128 0x1
 518 0055 31       		.uleb128 0x31
 519 0056 13       		.uleb128 0x13
 520 0057 00       		.byte	0
 521 0058 00       		.byte	0
 522 0059 07       		.uleb128 0x7
 523 005a 8A8201   		.uleb128 0x410a
 524 005d 00       		.byte	0
 525 005e 02       		.uleb128 0x2
 526 005f 18       		.uleb128 0x18
 527 0060 9142     		.uleb128 0x2111
 528 0062 18       		.uleb128 0x18
 529 0063 00       		.byte	0
 530 0064 00       		.byte	0
 531 0065 08       		.uleb128 0x8
 532 0066 898201   		.uleb128 0x4109
 533 0069 01       		.byte	0x1
 534 006a 11       		.uleb128 0x11
 535 006b 01       		.uleb128 0x1
 536 006c 31       		.uleb128 0x31
 537 006d 13       		.uleb128 0x13
 538 006e 01       		.uleb128 0x1
 539 006f 13       		.uleb128 0x13
 540 0070 00       		.byte	0
 541 0071 00       		.byte	0
 542 0072 09       		.uleb128 0x9
 543 0073 898201   		.uleb128 0x4109
 544 0076 00       		.byte	0
 545 0077 11       		.uleb128 0x11
 546 0078 01       		.uleb128 0x1
 547 0079 31       		.uleb128 0x31
 548 007a 13       		.uleb128 0x13
 549 007b 00       		.byte	0
 550 007c 00       		.byte	0
 551 007d 0A       		.uleb128 0xa
 552 007e 2E       		.uleb128 0x2e
 553 007f 01       		.byte	0x1
 554 0080 3F       		.uleb128 0x3f
 555 0081 19       		.uleb128 0x19
 556 0082 03       		.uleb128 0x3
 557 0083 0E       		.uleb128 0xe
 558 0084 3A       		.uleb128 0x3a
 559 0085 0B       		.uleb128 0xb
 560 0086 3B       		.uleb128 0x3b
 561 0087 0B       		.uleb128 0xb
 562 0088 27       		.uleb128 0x27
 563 0089 19       		.uleb128 0x19
 564 008a 11       		.uleb128 0x11
 565 008b 01       		.uleb128 0x1
 566 008c 12       		.uleb128 0x12
 567 008d 06       		.uleb128 0x6
ARM GAS  C:\Users\Tim\AppData\Local\Temp\ccHxVpul.s 			page 13


 568 008e 40       		.uleb128 0x40
 569 008f 18       		.uleb128 0x18
 570 0090 9642     		.uleb128 0x2116
 571 0092 19       		.uleb128 0x19
 572 0093 01       		.uleb128 0x1
 573 0094 13       		.uleb128 0x13
 574 0095 00       		.byte	0
 575 0096 00       		.byte	0
 576 0097 0B       		.uleb128 0xb
 577 0098 05       		.uleb128 0x5
 578 0099 00       		.byte	0
 579 009a 03       		.uleb128 0x3
 580 009b 0E       		.uleb128 0xe
 581 009c 3A       		.uleb128 0x3a
 582 009d 0B       		.uleb128 0xb
 583 009e 3B       		.uleb128 0x3b
 584 009f 0B       		.uleb128 0xb
 585 00a0 49       		.uleb128 0x49
 586 00a1 13       		.uleb128 0x13
 587 00a2 02       		.uleb128 0x2
 588 00a3 17       		.uleb128 0x17
 589 00a4 00       		.byte	0
 590 00a5 00       		.byte	0
 591 00a6 0C       		.uleb128 0xc
 592 00a7 34       		.uleb128 0x34
 593 00a8 00       		.byte	0
 594 00a9 03       		.uleb128 0x3
 595 00aa 0E       		.uleb128 0xe
 596 00ab 3A       		.uleb128 0x3a
 597 00ac 0B       		.uleb128 0xb
 598 00ad 3B       		.uleb128 0x3b
 599 00ae 0B       		.uleb128 0xb
 600 00af 49       		.uleb128 0x49
 601 00b0 13       		.uleb128 0x13
 602 00b1 02       		.uleb128 0x2
 603 00b2 17       		.uleb128 0x17
 604 00b3 00       		.byte	0
 605 00b4 00       		.byte	0
 606 00b5 0D       		.uleb128 0xd
 607 00b6 2E       		.uleb128 0x2e
 608 00b7 00       		.byte	0
 609 00b8 3F       		.uleb128 0x3f
 610 00b9 19       		.uleb128 0x19
 611 00ba 03       		.uleb128 0x3
 612 00bb 0E       		.uleb128 0xe
 613 00bc 3A       		.uleb128 0x3a
 614 00bd 0B       		.uleb128 0xb
 615 00be 3B       		.uleb128 0x3b
 616 00bf 0B       		.uleb128 0xb
 617 00c0 11       		.uleb128 0x11
 618 00c1 01       		.uleb128 0x1
 619 00c2 12       		.uleb128 0x12
 620 00c3 06       		.uleb128 0x6
 621 00c4 40       		.uleb128 0x40
 622 00c5 18       		.uleb128 0x18
 623 00c6 9742     		.uleb128 0x2117
 624 00c8 19       		.uleb128 0x19
ARM GAS  C:\Users\Tim\AppData\Local\Temp\ccHxVpul.s 			page 14


 625 00c9 00       		.byte	0
 626 00ca 00       		.byte	0
 627 00cb 0E       		.uleb128 0xe
 628 00cc 01       		.uleb128 0x1
 629 00cd 01       		.byte	0x1
 630 00ce 49       		.uleb128 0x49
 631 00cf 13       		.uleb128 0x13
 632 00d0 01       		.uleb128 0x1
 633 00d1 13       		.uleb128 0x13
 634 00d2 00       		.byte	0
 635 00d3 00       		.byte	0
 636 00d4 0F       		.uleb128 0xf
 637 00d5 21       		.uleb128 0x21
 638 00d6 00       		.byte	0
 639 00d7 49       		.uleb128 0x49
 640 00d8 13       		.uleb128 0x13
 641 00d9 2F       		.uleb128 0x2f
 642 00da 0B       		.uleb128 0xb
 643 00db 00       		.byte	0
 644 00dc 00       		.byte	0
 645 00dd 10       		.uleb128 0x10
 646 00de 34       		.uleb128 0x34
 647 00df 00       		.byte	0
 648 00e0 03       		.uleb128 0x3
 649 00e1 0E       		.uleb128 0xe
 650 00e2 3A       		.uleb128 0x3a
 651 00e3 0B       		.uleb128 0xb
 652 00e4 3B       		.uleb128 0x3b
 653 00e5 0B       		.uleb128 0xb
 654 00e6 49       		.uleb128 0x49
 655 00e7 13       		.uleb128 0x13
 656 00e8 3F       		.uleb128 0x3f
 657 00e9 19       		.uleb128 0x19
 658 00ea 02       		.uleb128 0x2
 659 00eb 18       		.uleb128 0x18
 660 00ec 00       		.byte	0
 661 00ed 00       		.byte	0
 662 00ee 11       		.uleb128 0x11
 663 00ef 2E       		.uleb128 0x2e
 664 00f0 01       		.byte	0x1
 665 00f1 3F       		.uleb128 0x3f
 666 00f2 19       		.uleb128 0x19
 667 00f3 03       		.uleb128 0x3
 668 00f4 0E       		.uleb128 0xe
 669 00f5 3A       		.uleb128 0x3a
 670 00f6 0B       		.uleb128 0xb
 671 00f7 3B       		.uleb128 0x3b
 672 00f8 0B       		.uleb128 0xb
 673 00f9 27       		.uleb128 0x27
 674 00fa 19       		.uleb128 0x19
 675 00fb 3C       		.uleb128 0x3c
 676 00fc 19       		.uleb128 0x19
 677 00fd 01       		.uleb128 0x1
 678 00fe 13       		.uleb128 0x13
 679 00ff 00       		.byte	0
 680 0100 00       		.byte	0
 681 0101 12       		.uleb128 0x12
ARM GAS  C:\Users\Tim\AppData\Local\Temp\ccHxVpul.s 			page 15


 682 0102 05       		.uleb128 0x5
 683 0103 00       		.byte	0
 684 0104 49       		.uleb128 0x49
 685 0105 13       		.uleb128 0x13
 686 0106 00       		.byte	0
 687 0107 00       		.byte	0
 688 0108 13       		.uleb128 0x13
 689 0109 2E       		.uleb128 0x2e
 690 010a 00       		.byte	0
 691 010b 3F       		.uleb128 0x3f
 692 010c 19       		.uleb128 0x19
 693 010d 03       		.uleb128 0x3
 694 010e 0E       		.uleb128 0xe
 695 010f 3A       		.uleb128 0x3a
 696 0110 0B       		.uleb128 0xb
 697 0111 3B       		.uleb128 0x3b
 698 0112 05       		.uleb128 0x5
 699 0113 27       		.uleb128 0x27
 700 0114 19       		.uleb128 0x19
 701 0115 3C       		.uleb128 0x3c
 702 0116 19       		.uleb128 0x19
 703 0117 00       		.byte	0
 704 0118 00       		.byte	0
 705 0119 14       		.uleb128 0x14
 706 011a 2E       		.uleb128 0x2e
 707 011b 01       		.byte	0x1
 708 011c 3F       		.uleb128 0x3f
 709 011d 19       		.uleb128 0x19
 710 011e 03       		.uleb128 0x3
 711 011f 0E       		.uleb128 0xe
 712 0120 3A       		.uleb128 0x3a
 713 0121 0B       		.uleb128 0xb
 714 0122 3B       		.uleb128 0x3b
 715 0123 05       		.uleb128 0x5
 716 0124 27       		.uleb128 0x27
 717 0125 19       		.uleb128 0x19
 718 0126 3C       		.uleb128 0x3c
 719 0127 19       		.uleb128 0x19
 720 0128 01       		.uleb128 0x1
 721 0129 13       		.uleb128 0x13
 722 012a 00       		.byte	0
 723 012b 00       		.byte	0
 724 012c 00       		.byte	0
 725              		.section	.debug_loc,"",%progbits
 726              	.Ldebug_loc0:
 727              	.LLST0:
 728 0000 00000000 		.4byte	.LVL3
 729 0004 08000000 		.4byte	.LVL4
 730 0008 0100     		.2byte	0x1
 731 000a 50       		.byte	0x50
 732 000b 08000000 		.4byte	.LVL4
 733 000f 58000000 		.4byte	.LFE36
 734 0013 0400     		.2byte	0x4
 735 0015 F3       		.byte	0xf3
 736 0016 01       		.uleb128 0x1
 737 0017 50       		.byte	0x50
 738 0018 9F       		.byte	0x9f
ARM GAS  C:\Users\Tim\AppData\Local\Temp\ccHxVpul.s 			page 16


 739 0019 00000000 		.4byte	0
 740 001d 00000000 		.4byte	0
 741              	.LLST1:
 742 0021 3C000000 		.4byte	.LVL8
 743 0025 3F000000 		.4byte	.LVL9-1
 744 0029 0100     		.2byte	0x1
 745 002b 50       		.byte	0x50
 746 002c 00000000 		.4byte	0
 747 0030 00000000 		.4byte	0
 748              	.LLST2:
 749 0034 12000000 		.4byte	.LVL6
 750 0038 14000000 		.4byte	.LVL7
 751 003c 0100     		.2byte	0x1
 752 003e 50       		.byte	0x50
 753 003f 00000000 		.4byte	0
 754 0043 00000000 		.4byte	0
 755              		.section	.debug_aranges,"",%progbits
 756 0000 3C000000 		.4byte	0x3c
 757 0004 0200     		.2byte	0x2
 758 0006 00000000 		.4byte	.Ldebug_info0
 759 000a 04       		.byte	0x4
 760 000b 00       		.byte	0
 761 000c 0000     		.2byte	0
 762 000e 0000     		.2byte	0
 763 0010 00000000 		.4byte	.LFB34
 764 0014 0A000000 		.4byte	.LFE34-.LFB34
 765 0018 00000000 		.4byte	.LFB35
 766 001c 0E000000 		.4byte	.LFE35-.LFB35
 767 0020 00000000 		.4byte	.LFB36
 768 0024 58000000 		.4byte	.LFE36-.LFB36
 769 0028 00000000 		.4byte	.LFB37
 770 002c 0E000000 		.4byte	.LFE37-.LFB37
 771 0030 00000000 		.4byte	.LFB38
 772 0034 02000000 		.4byte	.LFE38-.LFB38
 773 0038 00000000 		.4byte	0
 774 003c 00000000 		.4byte	0
 775              		.section	.debug_ranges,"",%progbits
 776              	.Ldebug_ranges0:
 777 0000 00000000 		.4byte	.LFB34
 778 0004 0A000000 		.4byte	.LFE34
 779 0008 00000000 		.4byte	.LFB35
 780 000c 0E000000 		.4byte	.LFE35
 781 0010 00000000 		.4byte	.LFB36
 782 0014 58000000 		.4byte	.LFE36
 783 0018 00000000 		.4byte	.LFB37
 784 001c 0E000000 		.4byte	.LFE37
 785 0020 00000000 		.4byte	.LFB38
 786 0024 02000000 		.4byte	.LFE38
 787 0028 00000000 		.4byte	0
 788 002c 00000000 		.4byte	0
 789              		.section	.debug_line,"",%progbits
 790              	.Ldebug_line0:
 791 0000 ED000000 		.section	.debug_str,"MS",%progbits,1
 791      02007A00 
 791      00000201 
 791      FB0E0D00 
 791      01010101 
ARM GAS  C:\Users\Tim\AppData\Local\Temp\ccHxVpul.s 			page 17


 792              	.LASF29:
 793 0000 443A5C70 		.ascii	"D:\\projects\\ArloBot\\ArlobotHw\\DualBoard-043\\Bo"
 793      726F6A65 
 793      6374735C 
 793      41726C6F 
 793      426F745C 
 794 002e 61726431 		.ascii	"ard1-RPi.cydsn\000"
 794      2D525069 
 794      2E637964 
 794      736E00
 795              	.LASF22:
 796 003d 4D6F746F 		.ascii	"Motor_Stop\000"
 796      725F5374 
 796      6F7000
 797              	.LASF31:
 798 0048 76616C75 		.ascii	"value\000"
 798      6500
 799              	.LASF21:
 800 004e 7363616C 		.ascii	"scaled_value\000"
 800      65645F76 
 800      616C7565 
 800      00
 801              	.LASF3:
 802 005b 73686F72 		.ascii	"short unsigned int\000"
 802      7420756E 
 802      7369676E 
 802      65642069 
 802      6E7400
 803              	.LASF15:
 804 006e 646F7562 		.ascii	"double\000"
 804      6C6500
 805              	.LASF32:
 806 0075 4D6F746F 		.ascii	"Motor_Test\000"
 806      725F5465 
 806      737400
 807              	.LASF14:
 808 0080 666C6F61 		.ascii	"float\000"
 808      7400
 809              	.LASF1:
 810 0086 756E7369 		.ascii	"unsigned char\000"
 810      676E6564 
 810      20636861 
 810      7200
 811              	.LASF12:
 812 0094 696E7431 		.ascii	"int16\000"
 812      3600
 813              	.LASF5:
 814 009a 6C6F6E67 		.ascii	"long unsigned int\000"
 814      20756E73 
 814      69676E65 
 814      6420696E 
 814      7400
 815              	.LASF13:
 816 00ac 696E7433 		.ascii	"int32\000"
 816      3200
 817              	.LASF30:
 818 00b2 4D6F746F 		.ascii	"Motor_SetOutput\000"
ARM GAS  C:\Users\Tim\AppData\Local\Temp\ccHxVpul.s 			page 18


 818      725F5365 
 818      744F7574 
 818      70757400 
 819              	.LASF24:
 820 00c2 48423235 		.ascii	"HB25_PWM_WriteCompare\000"
 820      5F50574D 
 820      5F577269 
 820      7465436F 
 820      6D706172 
 821              	.LASF10:
 822 00d8 75696E74 		.ascii	"uint16\000"
 822      313600
 823              	.LASF11:
 824 00df 75696E74 		.ascii	"uint32\000"
 824      333200
 825              	.LASF8:
 826 00e6 756E7369 		.ascii	"unsigned int\000"
 826      676E6564 
 826      20696E74 
 826      00
 827              	.LASF23:
 828 00f3 48423235 		.ascii	"HB25_Enable_Pin_Write\000"
 828      5F456E61 
 828      626C655F 
 828      50696E5F 
 828      57726974 
 829              	.LASF7:
 830 0109 6C6F6E67 		.ascii	"long long unsigned int\000"
 830      206C6F6E 
 830      6720756E 
 830      7369676E 
 830      65642069 
 831              	.LASF19:
 832 0120 4D6F746F 		.ascii	"Motor_Start\000"
 832      725F5374 
 832      61727400 
 833              	.LASF28:
 834 012c 2E2E5C73 		.ascii	"..\\source\\motor.c\000"
 834      6F757263 
 834      655C6D6F 
 834      746F722E 
 834      6300
 835              	.LASF17:
 836 013e 73697A65 		.ascii	"sizetype\000"
 836      74797065 
 836      00
 837              	.LASF27:
 838 0147 474E5520 		.ascii	"GNU C 4.9.3 20150303 (release) [ARM/embedded-4_9-br"
 838      4320342E 
 838      392E3320 
 838      32303135 
 838      30333033 
 839 017a 616E6368 		.ascii	"anch revision 221220] -mcpu=cortex-m0 -mthumb -g -O"
 839      20726576 
 839      6973696F 
 839      6E203232 
 839      31323230 
ARM GAS  C:\Users\Tim\AppData\Local\Temp\ccHxVpul.s 			page 19


 840 01ad 67202D66 		.ascii	"g -ffunction-sections -ffat-lto-objects\000"
 840      66756E63 
 840      74696F6E 
 840      2D736563 
 840      74696F6E 
 841              	.LASF6:
 842 01d5 6C6F6E67 		.ascii	"long long int\000"
 842      206C6F6E 
 842      6720696E 
 842      7400
 843              	.LASF16:
 844 01e3 63686172 		.ascii	"char\000"
 844      00
 845              	.LASF18:
 846 01e8 4D6F746F 		.ascii	"Motor_Init\000"
 846      725F496E 
 846      697400
 847              	.LASF25:
 848 01f3 48423235 		.ascii	"HB25_PWM_Start\000"
 848      5F50574D 
 848      5F537461 
 848      727400
 849              	.LASF2:
 850 0202 73686F72 		.ascii	"short int\000"
 850      7420696E 
 850      7400
 851              	.LASF9:
 852 020c 75696E74 		.ascii	"uint8\000"
 852      3800
 853              	.LASF4:
 854 0212 6C6F6E67 		.ascii	"long int\000"
 854      20696E74 
 854      00
 855              	.LASF20:
 856 021b 70776D5F 		.ascii	"pwm_compare\000"
 856      636F6D70 
 856      61726500 
 857              	.LASF0:
 858 0227 7369676E 		.ascii	"signed char\000"
 858      65642063 
 858      68617200 
 859              	.LASF26:
 860 0233 48423235 		.ascii	"HB25_PWM_Stop\000"
 860      5F50574D 
 860      5F53746F 
 860      7000
 861              	.LASF33:
 862 0241 666F726D 		.ascii	"formatted_string\000"
 862      61747465 
 862      645F7374 
 862      72696E67 
 862      00
 863              		.ident	"GCC: (GNU Tools for ARM Embedded Processors) 4.9.3 20150303 (release) [ARM/embedded-4_9-br
