ARM GAS  C:\Users\Tim\AppData\Local\Temp\ccrB1xge.s 			page 1


   1              		.cpu cortex-m0
   2              		.fpu softvfp
   3              		.eabi_attribute 20, 1
   4              		.eabi_attribute 21, 1
   5              		.eabi_attribute 23, 3
   6              		.eabi_attribute 24, 1
   7              		.eabi_attribute 25, 1
   8              		.eabi_attribute 26, 1
   9              		.eabi_attribute 30, 1
  10              		.eabi_attribute 34, 0
  11              		.eabi_attribute 18, 4
  12              		.code	16
  13              		.file	"pid.c"
  14              		.text
  15              	.Ltext0:
  16              		.cfi_sections	.debug_frame
  17              		.global	__aeabi_dadd
  18              		.global	__aeabi_dcmplt
  19              		.global	__aeabi_dcmpgt
  20              		.global	__aeabi_dsub
  21              		.global	__aeabi_dmul
  22              		.section	.text.pid_calc,"ax",%progbits
  23              		.align	2
  24              		.global	pid_calc
  25              		.code	16
  26              		.thumb_func
  27              		.type	pid_calc, %function
  28              	pid_calc:
  29              	.LFB36:
  30              		.file 1 "..\\source\\pid.c"
   1:..\source/pid.c **** /* ========================================
   2:..\source/pid.c ****  *
   3:..\source/pid.c ****  * Copyright YOUR COMPANY, THE YEAR
   4:..\source/pid.c ****  * All Rights Reserved
   5:..\source/pid.c ****  * UNPUBLISHED, LICENSED SOFTWARE.
   6:..\source/pid.c ****  *
   7:..\source/pid.c ****  * CONFIDENTIAL AND PROPRIETARY INFORMATION
   8:..\source/pid.c ****  * WHICH IS THE PROPERTY OF your company.
   9:..\source/pid.c ****  *
  10:..\source/pid.c ****  * ========================================
  11:..\source/pid.c **** */
  12:..\source/pid.c **** 
  13:..\source/pid.c **** #include <math.h>
  14:..\source/pid.c **** #include "pid.h"
  15:..\source/pid.c **** #include "encoder.h"
  16:..\source/pid.c **** #include "motor.h"
  17:..\source/pid.c **** #include "i2c.h"
  18:..\source/pid.c **** #include "utils.h"
  19:..\source/pid.c **** #include "debug.h"
  20:..\source/pid.c **** #include "time.h"
  21:..\source/pid.c **** 
  22:..\source/pid.c **** #define SAMPLE_RATE (20) // Hz
  23:..\source/pid.c **** #define SAMPLE_PERIOD (1000/SAMPLE_RATE) /* milliseconds */
  24:..\source/pid.c **** 
  25:..\source/pid.c **** #define MIN_KP (0)
  26:..\source/pid.c **** #define MAX_KP (1)
  27:..\source/pid.c **** #define MIN_KI (0)
ARM GAS  C:\Users\Tim\AppData\Local\Temp\ccrB1xge.s 			page 2


  28:..\source/pid.c **** #define MAX_KI (1)
  29:..\source/pid.c **** #define MIN_KD (0)
  30:..\source/pid.c **** #define MAX_KD (1)
  31:..\source/pid.c **** #define MIN_SAMPLE_RATE (0)
  32:..\source/pid.c **** #define MAX_SAMPLE_RATE (1)
  33:..\source/pid.c **** 
  34:..\source/pid.c **** #define DEFAULT_KP (1.0)
  35:..\source/pid.c **** #define DEFAULT_KI (0.5)
  36:..\source/pid.c **** #define DEFAULT_KD (0.0)
  37:..\source/pid.c **** 
  38:..\source/pid.c **** static float Kp;
  39:..\source/pid.c **** static float Ki;
  40:..\source/pid.c **** static float Kd;
  41:..\source/pid.c **** 
  42:..\source/pid.c **** /*---------------------------------*/
  43:..\source/pid.c **** 
  44:..\source/pid.c **** 
  45:..\source/pid.c **** typedef struct {
  46:..\source/pid.c ****     double windup_guard;
  47:..\source/pid.c ****     double proportional_gain;
  48:..\source/pid.c ****     double integral_gain;
  49:..\source/pid.c ****     double derivative_gain;
  50:..\source/pid.c ****     double prev_error;
  51:..\source/pid.c ****     double int_error;
  52:..\source/pid.c ****     double control;
  53:..\source/pid.c **** } PID;
  54:..\source/pid.c **** 
  55:..\source/pid.c **** static PID pid = {0.1, DEFAULT_KP, DEFAULT_KI, DEFAULT_KD, 0.0, 0.01, 0.0};
  56:..\source/pid.c **** 
  57:..\source/pid.c **** void pid_calc(PID* pid, double curr_error)
  58:..\source/pid.c **** {
  31              		.loc 1 58 0
  32              		.cfi_startproc
  33              	.LVL0:
  34 0000 F0B5     		push	{r4, r5, r6, r7, lr}
  35              		.cfi_def_cfa_offset 20
  36              		.cfi_offset 4, -20
  37              		.cfi_offset 5, -16
  38              		.cfi_offset 6, -12
  39              		.cfi_offset 7, -8
  40              		.cfi_offset 14, -4
  41 0002 87B0     		sub	sp, sp, #28
  42              		.cfi_def_cfa_offset 48
  43 0004 061C     		mov	r6, r0
  44 0006 0092     		str	r2, [sp]
  45 0008 0193     		str	r3, [sp, #4]
  59:..\source/pid.c ****     double diff;
  60:..\source/pid.c ****     double p_term;
  61:..\source/pid.c ****     double i_term;
  62:..\source/pid.c ****     double d_term;
  63:..\source/pid.c ****  
  64:..\source/pid.c ****     // integration with windup guarding
  65:..\source/pid.c ****     pid->int_error += curr_error;
  46              		.loc 1 65 0
  47 000a 101C     		mov	r0, r2
  48              	.LVL1:
  49 000c 191C     		mov	r1, r3
ARM GAS  C:\Users\Tim\AppData\Local\Temp\ccrB1xge.s 			page 3


  50 000e B26A     		ldr	r2, [r6, #40]
  51 0010 F36A     		ldr	r3, [r6, #44]
  52              	.LVL2:
  53 0012 FFF7FEFF 		bl	__aeabi_dadd
  54              	.LVL3:
  55 0016 041C     		mov	r4, r0
  56 0018 0D1C     		mov	r5, r1
  57 001a B462     		str	r4, [r6, #40]
  58 001c F562     		str	r5, [r6, #44]
  66:..\source/pid.c ****     if (pid->int_error < -(pid->windup_guard))
  59              		.loc 1 66 0
  60 001e 3368     		ldr	r3, [r6]
  61 0020 0293     		str	r3, [sp, #8]
  62 0022 7768     		ldr	r7, [r6, #4]
  63 0024 8022     		mov	r2, #128
  64 0026 1206     		lsl	r2, r2, #24
  65 0028 9446     		mov	ip, r2
  66 002a BC44     		add	ip, ip, r7
  67 002c 6246     		mov	r2, ip
  68 002e 0492     		str	r2, [sp, #16]
  69 0030 029A     		ldr	r2, [sp, #8]
  70 0032 6346     		mov	r3, ip
  71 0034 FFF7FEFF 		bl	__aeabi_dcmplt
  72              	.LVL4:
  73 0038 0028     		cmp	r0, #0
  74 003a 04D0     		beq	.L8
  67:..\source/pid.c ****         pid->int_error = -(pid->windup_guard);
  75              		.loc 1 67 0
  76 003c 029A     		ldr	r2, [sp, #8]
  77 003e 049B     		ldr	r3, [sp, #16]
  78 0040 B262     		str	r2, [r6, #40]
  79 0042 F362     		str	r3, [r6, #44]
  80 0044 0CE0     		b	.L4
  81              	.L8:
  68:..\source/pid.c ****     else if (pid->int_error > pid->windup_guard)
  82              		.loc 1 68 0
  83 0046 201C     		mov	r0, r4
  84 0048 291C     		mov	r1, r5
  85 004a 029C     		ldr	r4, [sp, #8]
  86 004c 221C     		mov	r2, r4
  87 004e 3B1C     		mov	r3, r7
  88 0050 FFF7FEFF 		bl	__aeabi_dcmpgt
  89              	.LVL5:
  90 0054 0028     		cmp	r0, #0
  91 0056 03D0     		beq	.L4
  69:..\source/pid.c ****         pid->int_error = pid->windup_guard;
  92              		.loc 1 69 0
  93 0058 221C     		mov	r2, r4
  94 005a 3B1C     		mov	r3, r7
  95 005c B262     		str	r2, [r6, #40]
  96 005e F362     		str	r3, [r6, #44]
  97              	.L4:
  70:..\source/pid.c ****  
  71:..\source/pid.c ****     // differentiation
  72:..\source/pid.c ****     diff = curr_error - pid->prev_error;
  98              		.loc 1 72 0
  99 0060 009C     		ldr	r4, [sp]
ARM GAS  C:\Users\Tim\AppData\Local\Temp\ccrB1xge.s 			page 4


 100 0062 019D     		ldr	r5, [sp, #4]
 101 0064 201C     		mov	r0, r4
 102 0066 291C     		mov	r1, r5
 103 0068 326A     		ldr	r2, [r6, #32]
 104 006a 736A     		ldr	r3, [r6, #36]
 105 006c FFF7FEFF 		bl	__aeabi_dsub
 106              	.LVL6:
 107 0070 0290     		str	r0, [sp, #8]
 108 0072 0391     		str	r1, [sp, #12]
 109              	.LVL7:
  73:..\source/pid.c ****  
  74:..\source/pid.c ****     // scaling
  75:..\source/pid.c ****     p_term = (pid->proportional_gain * curr_error);
 110              		.loc 1 75 0
 111 0074 B068     		ldr	r0, [r6, #8]
 112 0076 F168     		ldr	r1, [r6, #12]
 113              	.LVL8:
 114 0078 0094     		str	r4, [sp]
 115 007a 0195     		str	r5, [sp, #4]
 116              	.LVL9:
 117 007c 221C     		mov	r2, r4
 118 007e 2B1C     		mov	r3, r5
 119 0080 FFF7FEFF 		bl	__aeabi_dmul
 120              	.LVL10:
 121 0084 041C     		mov	r4, r0
 122 0086 0D1C     		mov	r5, r1
 123              	.LVL11:
  76:..\source/pid.c ****     i_term = (pid->integral_gain     * pid->int_error);
 124              		.loc 1 76 0
 125 0088 3069     		ldr	r0, [r6, #16]
 126 008a 7169     		ldr	r1, [r6, #20]
 127 008c B26A     		ldr	r2, [r6, #40]
 128 008e F36A     		ldr	r3, [r6, #44]
 129 0090 FFF7FEFF 		bl	__aeabi_dmul
 130              	.LVL12:
 131 0094 0490     		str	r0, [sp, #16]
 132 0096 0591     		str	r1, [sp, #20]
 133              	.LVL13:
  77:..\source/pid.c ****     d_term = (pid->derivative_gain   * diff);
 134              		.loc 1 77 0
 135 0098 B069     		ldr	r0, [r6, #24]
 136 009a F169     		ldr	r1, [r6, #28]
 137              	.LVL14:
 138 009c 029A     		ldr	r2, [sp, #8]
 139 009e 039B     		ldr	r3, [sp, #12]
 140 00a0 FFF7FEFF 		bl	__aeabi_dmul
 141              	.LVL15:
 142 00a4 0290     		str	r0, [sp, #8]
 143 00a6 0391     		str	r1, [sp, #12]
 144              	.LVL16:
  78:..\source/pid.c ****  
  79:..\source/pid.c ****     // summation of terms
  80:..\source/pid.c ****     pid->control = p_term + i_term + d_term;
 145              		.loc 1 80 0
 146 00a8 201C     		mov	r0, r4
 147              	.LVL17:
 148 00aa 291C     		mov	r1, r5
ARM GAS  C:\Users\Tim\AppData\Local\Temp\ccrB1xge.s 			page 5


 149 00ac 049A     		ldr	r2, [sp, #16]
 150 00ae 059B     		ldr	r3, [sp, #20]
 151 00b0 FFF7FEFF 		bl	__aeabi_dadd
 152              	.LVL18:
 153 00b4 029A     		ldr	r2, [sp, #8]
 154 00b6 039B     		ldr	r3, [sp, #12]
 155 00b8 FFF7FEFF 		bl	__aeabi_dadd
 156              	.LVL19:
 157 00bc 3063     		str	r0, [r6, #48]
 158 00be 7163     		str	r1, [r6, #52]
  81:..\source/pid.c ****  
  82:..\source/pid.c ****     // save current error as previous error for next iteration
  83:..\source/pid.c ****     pid->prev_error = curr_error;
 159              		.loc 1 83 0
 160 00c0 009B     		ldr	r3, [sp]
 161 00c2 019C     		ldr	r4, [sp, #4]
 162 00c4 3362     		str	r3, [r6, #32]
 163 00c6 7462     		str	r4, [r6, #36]
  84:..\source/pid.c **** }
 164              		.loc 1 84 0
 165 00c8 07B0     		add	sp, sp, #28
 166              		@ sp needed
 167              	.LVL20:
 168              	.LVL21:
 169 00ca F0BD     		pop	{r4, r5, r6, r7, pc}
 170              		.cfi_endproc
 171              	.LFE36:
 172              		.size	pid_calc, .-pid_calc
 173              		.section	.text.PID_Init,"ax",%progbits
 174              		.align	2
 175              		.global	PID_Init
 176              		.code	16
 177              		.thumb_func
 178              		.type	PID_Init, %function
 179              	PID_Init:
 180              	.LFB37:
  85:..\source/pid.c **** 
  86:..\source/pid.c **** void PID_Init(float p, float i, float d, uint8 sample_rate)
  87:..\source/pid.c **** {
 181              		.loc 1 87 0
 182              		.cfi_startproc
 183              	.LVL22:
  88:..\source/pid.c ****     Kp = p;
 184              		.loc 1 88 0
 185 0000 054B     		ldr	r3, .L10
 186              	.LVL23:
 187 0002 1860     		str	r0, [r3]
  89:..\source/pid.c ****     Ki = i;
 188              		.loc 1 89 0
 189 0004 5960     		str	r1, [r3, #4]
  90:..\source/pid.c ****     Kd = d;
 190              		.loc 1 90 0
 191 0006 9A60     		str	r2, [r3, #8]
 192              	.LVL24:
  91:..\source/pid.c ****     sample_rate = constrain(sample_rate, MIN_SAMPLE_RATE, MAX_SAMPLE_RATE);
  92:..\source/pid.c ****     pid.prev_error = 0;
 193              		.loc 1 92 0
ARM GAS  C:\Users\Tim\AppData\Local\Temp\ccrB1xge.s 			page 6


 194 0008 044B     		ldr	r3, .L10+4
 195 000a 0020     		mov	r0, #0
 196              	.LVL25:
 197 000c 0021     		mov	r1, #0
 198              	.LVL26:
 199 000e 1862     		str	r0, [r3, #32]
 200 0010 5962     		str	r1, [r3, #36]
  93:..\source/pid.c ****     pid.int_error = 0;
 201              		.loc 1 93 0
 202 0012 9862     		str	r0, [r3, #40]
 203 0014 D962     		str	r1, [r3, #44]
  94:..\source/pid.c **** }
 204              		.loc 1 94 0
 205              		@ sp needed
 206 0016 7047     		bx	lr
 207              	.L11:
 208              		.align	2
 209              	.L10:
 210 0018 00000000 		.word	.LANCHOR0
 211 001c 00000000 		.word	.LANCHOR1
 212              		.cfi_endproc
 213              	.LFE37:
 214              		.size	PID_Init, .-PID_Init
 215              		.section	.text.PID_Start,"ax",%progbits
 216              		.align	2
 217              		.global	PID_Start
 218              		.code	16
 219              		.thumb_func
 220              		.type	PID_Start, %function
 221              	PID_Start:
 222              	.LFB38:
  95:..\source/pid.c **** 
  96:..\source/pid.c **** void PID_Start()
  97:..\source/pid.c **** {
 223              		.loc 1 97 0
 224              		.cfi_startproc
  98:..\source/pid.c ****     Kp = DEFAULT_KP;
 225              		.loc 1 98 0
 226 0000 044B     		ldr	r3, .L13
 227 0002 FE22     		mov	r2, #254
 228 0004 9205     		lsl	r2, r2, #22
 229 0006 1A60     		str	r2, [r3]
  99:..\source/pid.c ****     Ki = DEFAULT_KI;
 230              		.loc 1 99 0
 231 0008 FC22     		mov	r2, #252
 232 000a 9205     		lsl	r2, r2, #22
 233 000c 5A60     		str	r2, [r3, #4]
 100:..\source/pid.c ****     Kd = DEFAULT_KD;
 234              		.loc 1 100 0
 235 000e 0022     		mov	r2, #0
 236 0010 9A60     		str	r2, [r3, #8]
 101:..\source/pid.c **** }
 237              		.loc 1 101 0
 238              		@ sp needed
 239 0012 7047     		bx	lr
 240              	.L14:
 241              		.align	2
ARM GAS  C:\Users\Tim\AppData\Local\Temp\ccrB1xge.s 			page 7


 242              	.L13:
 243 0014 00000000 		.word	.LANCHOR0
 244              		.cfi_endproc
 245              	.LFE38:
 246              		.size	PID_Start, .-PID_Start
 247              		.global	__aeabi_i2d
 248              		.global	__aeabi_d2iz
 249              		.section	.text.PID_Update,"ax",%progbits
 250              		.align	2
 251              		.global	PID_Update
 252              		.code	16
 253              		.thumb_func
 254              		.type	PID_Update, %function
 255              	PID_Update:
 256              	.LFB40:
 102:..\source/pid.c **** 
 103:..\source/pid.c **** static void PrintPid(PID *pid, int16 velocity)
 104:..\source/pid.c **** {
 105:..\source/pid.c ****     //COMMS_DEBUG_PRINT(0, "v: %d, i: %d, o: %2.1f, a: %d\n\r", velocity, input, output, adjust);
 106:..\source/pid.c ****     {
 107:..\source/pid.c ****     char buffer[256];
 108:..\source/pid.c ****     memset(buffer, 0, sizeof(buffer));
 109:..\source/pid.c ****     snprintf(buffer, sizeof(buffer), "\r\nc: %2.1f, dg: %2.1f, ie: %2.1f, ig: %2.1f, pe: %2.1f, pg:
 110:..\source/pid.c ****              pid->control, pid->derivative_gain, pid->int_error, pid->integral_gain,
 111:..\source/pid.c ****              pid->prev_error, pid->proportional_gain, pid->windup_guard, velocity);
 112:..\source/pid.c ****     UARTCOMMS_UartPutString(buffer);
 113:..\source/pid.c ****     }
 114:..\source/pid.c **** }
 115:..\source/pid.c **** 
 116:..\source/pid.c **** void PID_Update()
 117:..\source/pid.c **** {
 257              		.loc 1 117 0
 258              		.cfi_startproc
 259 0000 F0B5     		push	{r4, r5, r6, r7, lr}
 260              		.cfi_def_cfa_offset 20
 261              		.cfi_offset 4, -20
 262              		.cfi_offset 5, -16
 263              		.cfi_offset 6, -12
 264              		.cfi_offset 7, -8
 265              		.cfi_offset 14, -4
 266 0002 83B0     		sub	sp, sp, #12
 267              		.cfi_def_cfa_offset 32
 268              	.LVL27:
 118:..\source/pid.c **** #ifndef PID_BYPASS
 119:..\source/pid.c ****     static uint32 last_time = 0;
 120:..\source/pid.c ****     static int16 new_velocity = 0;
 121:..\source/pid.c ****     int16 velocity;
 122:..\source/pid.c ****     int16 input = 0;
 123:..\source/pid.c ****     uint32 delta_time;
 124:..\source/pid.c ****     
 125:..\source/pid.c ****     /* Read the velocity command */
 126:..\source/pid.c ****     I2c_ReadVelocity(&velocity);
 269              		.loc 1 126 0
 270 0004 6B46     		mov	r3, sp
 271 0006 981D     		add	r0, r3, #6
 272 0008 FFF7FEFF 		bl	I2c_ReadVelocity
 273              	.LVL28:
ARM GAS  C:\Users\Tim\AppData\Local\Temp\ccrB1xge.s 			page 8


 127:..\source/pid.c ****     //velocity = -200;
 128:..\source/pid.c ****     
 129:..\source/pid.c ****     delta_time = millis() - last_time;
 274              		.loc 1 129 0
 275 000c FFF7FEFF 		bl	millis
 276              	.LVL29:
 277 0010 154B     		ldr	r3, .L17
 278 0012 DB68     		ldr	r3, [r3, #12]
 279 0014 C01A     		sub	r0, r0, r3
 280              	.LVL30:
 130:..\source/pid.c ****     //if (DELTA_TIME(millis(), last_time, SAMPLE_PERIOD))
 131:..\source/pid.c ****     if (delta_time > SAMPLE_PERIOD)
 281              		.loc 1 131 0
 282 0016 3228     		cmp	r0, #50
 283 0018 23D9     		bls	.L15
 132:..\source/pid.c ****     {    
 133:..\source/pid.c ****         last_time = millis();
 284              		.loc 1 133 0
 285 001a FFF7FEFF 		bl	millis
 286              	.LVL31:
 287 001e 124D     		ldr	r5, .L17
 288 0020 E860     		str	r0, [r5, #12]
 134:..\source/pid.c ****         
 135:..\source/pid.c ****         input = Encoder_GetWheelSpeed();       
 289              		.loc 1 135 0
 290 0022 FFF7FEFF 		bl	Encoder_GetWheelSpeed
 291              	.LVL32:
 292 0026 041C     		mov	r4, r0
 293              	.LVL33:
 136:..\source/pid.c ****         pid_calc(&pid, velocity - input); 
 294              		.loc 1 136 0
 295 0028 6B46     		mov	r3, sp
 296 002a 0633     		add	r3, r3, #6
 297 002c 0020     		mov	r0, #0
 298 002e 185E     		ldrsh	r0, [r3, r0]
 299 0030 001B     		sub	r0, r0, r4
 300 0032 0E4E     		ldr	r6, .L17+4
 301 0034 FFF7FEFF 		bl	__aeabi_i2d
 302              	.LVL34:
 303 0038 021C     		mov	r2, r0
 304 003a 0B1C     		mov	r3, r1
 305 003c 301C     		mov	r0, r6
 306 003e FFF7FEFF 		bl	pid_calc
 307              	.LVL35:
 137:..\source/pid.c ****         new_velocity = input + pid.control;        
 308              		.loc 1 137 0
 309 0042 776B     		ldr	r7, [r6, #52]
 310 0044 366B     		ldr	r6, [r6, #48]
 311 0046 201C     		mov	r0, r4
 312 0048 FFF7FEFF 		bl	__aeabi_i2d
 313              	.LVL36:
 314 004c 321C     		mov	r2, r6
 315 004e 3B1C     		mov	r3, r7
 316 0050 FFF7FEFF 		bl	__aeabi_dadd
 317              	.LVL37:
 318 0054 FFF7FEFF 		bl	__aeabi_d2iz
 319              	.LVL38:
ARM GAS  C:\Users\Tim\AppData\Local\Temp\ccrB1xge.s 			page 9


 320 0058 80B2     		uxth	r0, r0
 321 005a 2882     		strh	r0, [r5, #16]
 138:..\source/pid.c ****         Motor_SetOutput(new_velocity);
 322              		.loc 1 138 0
 323 005c 00B2     		sxth	r0, r0
 324 005e FFF7FEFF 		bl	Motor_SetOutput
 325              	.LVL39:
 326              	.L15:
 139:..\source/pid.c ****         //PrintPid(&pid, new_velocity);
 140:..\source/pid.c ****     }
 141:..\source/pid.c ****     
 142:..\source/pid.c **** #else
 143:..\source/pid.c ****     Motor_SetOutput(velocity);
 144:..\source/pid.c **** #endif
 145:..\source/pid.c **** }
 327              		.loc 1 145 0
 328 0062 03B0     		add	sp, sp, #12
 329              		@ sp needed
 330 0064 F0BD     		pop	{r4, r5, r6, r7, pc}
 331              	.L18:
 332 0066 C046     		.align	2
 333              	.L17:
 334 0068 00000000 		.word	.LANCHOR0
 335 006c 00000000 		.word	.LANCHOR1
 336              		.cfi_endproc
 337              	.LFE40:
 338              		.size	PID_Update, .-PID_Update
 339              		.comm	formatted_string,256,4
 340              		.data
 341              		.align	3
 342              		.set	.LANCHOR1,. + 0
 343              		.type	pid, %object
 344              		.size	pid, 56
 345              	pid:
 346 0000 9A999999 		.word	-1717986918
 347 0004 9999B93F 		.word	1069128089
 348 0008 00000000 		.word	0
 349 000c 0000F03F 		.word	1072693248
 350 0010 00000000 		.word	0
 351 0014 0000E03F 		.word	1071644672
 352 0018 00000000 		.word	0
 353 001c 00000000 		.word	0
 354 0020 00000000 		.word	0
 355 0024 00000000 		.word	0
 356 0028 7B14AE47 		.word	1202590843
 357 002c E17A843F 		.word	1065646817
 358 0030 00000000 		.word	0
 359 0034 00000000 		.word	0
 360              		.bss
 361              		.align	2
 362              		.set	.LANCHOR0,. + 0
 363              		.type	Kp, %object
 364              		.size	Kp, 4
 365              	Kp:
 366 0000 00000000 		.space	4
 367              		.type	Ki, %object
 368              		.size	Ki, 4
ARM GAS  C:\Users\Tim\AppData\Local\Temp\ccrB1xge.s 			page 10


 369              	Ki:
 370 0004 00000000 		.space	4
 371              		.type	Kd, %object
 372              		.size	Kd, 4
 373              	Kd:
 374 0008 00000000 		.space	4
 375              		.type	last_time.7835, %object
 376              		.size	last_time.7835, 4
 377              	last_time.7835:
 378 000c 00000000 		.space	4
 379              		.type	new_velocity.7836, %object
 380              		.size	new_velocity.7836, 2
 381              	new_velocity.7836:
 382 0010 0000     		.space	2
 383 0012 0000     		.text
 384              	.Letext0:
 385              		.file 2 "Generated_Source\\PSoC4/cytypes.h"
 386              		.file 3 "..\\source\\i2c.h"
 387              		.file 4 "..\\source\\time.h"
 388              		.file 5 "..\\source\\encoder.h"
 389              		.file 6 "..\\source\\debug.h"
 390              		.file 7 "..\\source\\motor.h"
 391              		.section	.debug_info,"",%progbits
 392              	.Ldebug_info0:
 393 0000 40030000 		.4byte	0x340
 394 0004 0400     		.2byte	0x4
 395 0006 00000000 		.4byte	.Ldebug_abbrev0
 396 000a 04       		.byte	0x4
 397 000b 01       		.uleb128 0x1
 398 000c 0D010000 		.4byte	.LASF40
 399 0010 01       		.byte	0x1
 400 0011 88020000 		.4byte	.LASF41
 401 0015 4B020000 		.4byte	.LASF42
 402 0019 00000000 		.4byte	.Ldebug_ranges0+0
 403 001d 00000000 		.4byte	0
 404 0021 00000000 		.4byte	.Ldebug_line0
 405 0025 02       		.uleb128 0x2
 406 0026 08       		.byte	0x8
 407 0027 04       		.byte	0x4
 408 0028 12000000 		.4byte	.LASF0
 409 002c 03       		.uleb128 0x3
 410 002d 04       		.byte	0x4
 411 002e 05       		.byte	0x5
 412 002f 696E7400 		.ascii	"int\000"
 413 0033 02       		.uleb128 0x2
 414 0034 04       		.byte	0x4
 415 0035 07       		.byte	0x7
 416 0036 D3000000 		.4byte	.LASF1
 417 003a 02       		.uleb128 0x2
 418 003b 01       		.byte	0x1
 419 003c 06       		.byte	0x6
 420 003d 2A000000 		.4byte	.LASF2
 421 0041 02       		.uleb128 0x2
 422 0042 01       		.byte	0x1
 423 0043 08       		.byte	0x8
 424 0044 36000000 		.4byte	.LASF3
 425 0048 02       		.uleb128 0x2
ARM GAS  C:\Users\Tim\AppData\Local\Temp\ccrB1xge.s 			page 11


 426 0049 02       		.byte	0x2
 427 004a 05       		.byte	0x5
 428 004b 10020000 		.4byte	.LASF4
 429 004f 02       		.uleb128 0x2
 430 0050 02       		.byte	0x2
 431 0051 07       		.byte	0x7
 432 0052 64000000 		.4byte	.LASF5
 433 0056 02       		.uleb128 0x2
 434 0057 04       		.byte	0x4
 435 0058 05       		.byte	0x5
 436 0059 1A020000 		.4byte	.LASF6
 437 005d 02       		.uleb128 0x2
 438 005e 04       		.byte	0x4
 439 005f 07       		.byte	0x7
 440 0060 C1000000 		.4byte	.LASF7
 441 0064 02       		.uleb128 0x2
 442 0065 08       		.byte	0x8
 443 0066 05       		.byte	0x5
 444 0067 C8010000 		.4byte	.LASF8
 445 006b 02       		.uleb128 0x2
 446 006c 08       		.byte	0x8
 447 006d 07       		.byte	0x7
 448 006e E0000000 		.4byte	.LASF9
 449 0072 02       		.uleb128 0x2
 450 0073 04       		.byte	0x4
 451 0074 07       		.byte	0x7
 452 0075 BF010000 		.4byte	.LASF10
 453 0079 02       		.uleb128 0x2
 454 007a 01       		.byte	0x1
 455 007b 08       		.byte	0x8
 456 007c D6010000 		.4byte	.LASF11
 457 0080 02       		.uleb128 0x2
 458 0081 04       		.byte	0x4
 459 0082 04       		.byte	0x4
 460 0083 24000000 		.4byte	.LASF12
 461 0087 02       		.uleb128 0x2
 462 0088 08       		.byte	0x8
 463 0089 04       		.byte	0x4
 464 008a 33020000 		.4byte	.LASF13
 465 008e 04       		.uleb128 0x4
 466 008f 0A020000 		.4byte	.LASF14
 467 0093 02       		.byte	0x2
 468 0094 3801     		.2byte	0x138
 469 0096 41000000 		.4byte	0x41
 470 009a 04       		.uleb128 0x4
 471 009b BA000000 		.4byte	.LASF15
 472 009f 02       		.byte	0x2
 473 00a0 3A01     		.2byte	0x13a
 474 00a2 5D000000 		.4byte	0x5d
 475 00a6 04       		.uleb128 0x4
 476 00a7 57000000 		.4byte	.LASF16
 477 00ab 02       		.byte	0x2
 478 00ac 3C01     		.2byte	0x13c
 479 00ae 48000000 		.4byte	0x48
 480 00b2 05       		.uleb128 0x5
 481 00b3 38       		.byte	0x38
 482 00b4 01       		.byte	0x1
ARM GAS  C:\Users\Tim\AppData\Local\Temp\ccrB1xge.s 			page 12


 483 00b5 2D       		.byte	0x2d
 484 00b6 0F010000 		.4byte	0x10f
 485 00ba 06       		.uleb128 0x6
 486 00bb 4A000000 		.4byte	.LASF17
 487 00bf 01       		.byte	0x1
 488 00c0 2E       		.byte	0x2e
 489 00c1 25000000 		.4byte	0x25
 490 00c5 00       		.byte	0
 491 00c6 06       		.uleb128 0x6
 492 00c7 98020000 		.4byte	.LASF18
 493 00cb 01       		.byte	0x1
 494 00cc 2F       		.byte	0x2f
 495 00cd 25000000 		.4byte	0x25
 496 00d1 08       		.byte	0x8
 497 00d2 06       		.uleb128 0x6
 498 00d3 FC010000 		.4byte	.LASF19
 499 00d7 01       		.byte	0x1
 500 00d8 30       		.byte	0x30
 501 00d9 25000000 		.4byte	0x25
 502 00dd 10       		.byte	0x10
 503 00de 06       		.uleb128 0x6
 504 00df 8A000000 		.4byte	.LASF20
 505 00e3 01       		.byte	0x1
 506 00e4 31       		.byte	0x31
 507 00e5 25000000 		.4byte	0x25
 508 00e9 18       		.byte	0x18
 509 00ea 06       		.uleb128 0x6
 510 00eb 07000000 		.4byte	.LASF21
 511 00ef 01       		.byte	0x1
 512 00f0 32       		.byte	0x32
 513 00f1 25000000 		.4byte	0x25
 514 00f5 20       		.byte	0x20
 515 00f6 06       		.uleb128 0x6
 516 00f7 A5010000 		.4byte	.LASF22
 517 00fb 01       		.byte	0x1
 518 00fc 33       		.byte	0x33
 519 00fd 25000000 		.4byte	0x25
 520 0101 28       		.byte	0x28
 521 0102 06       		.uleb128 0x6
 522 0103 77000000 		.4byte	.LASF23
 523 0107 01       		.byte	0x1
 524 0108 34       		.byte	0x34
 525 0109 25000000 		.4byte	0x25
 526 010d 30       		.byte	0x30
 527 010e 00       		.byte	0
 528 010f 07       		.uleb128 0x7
 529 0110 50494400 		.ascii	"PID\000"
 530 0114 01       		.byte	0x1
 531 0115 35       		.byte	0x35
 532 0116 B2000000 		.4byte	0xb2
 533 011a 08       		.uleb128 0x8
 534 011b E2010000 		.4byte	.LASF29
 535 011f 01       		.byte	0x1
 536 0120 39       		.byte	0x39
 537 0121 00000000 		.4byte	.LFB36
 538 0125 CC000000 		.4byte	.LFE36-.LFB36
 539 0129 01       		.uleb128 0x1
ARM GAS  C:\Users\Tim\AppData\Local\Temp\ccrB1xge.s 			page 13


 540 012a 9C       		.byte	0x9c
 541 012b 8A010000 		.4byte	0x18a
 542 012f 09       		.uleb128 0x9
 543 0130 70696400 		.ascii	"pid\000"
 544 0134 01       		.byte	0x1
 545 0135 39       		.byte	0x39
 546 0136 8A010000 		.4byte	0x18a
 547 013a 00000000 		.4byte	.LLST0
 548 013e 0A       		.uleb128 0xa
 549 013f 7F000000 		.4byte	.LASF24
 550 0143 01       		.byte	0x1
 551 0144 39       		.byte	0x39
 552 0145 25000000 		.4byte	0x25
 553 0149 2C000000 		.4byte	.LLST1
 554 014d 0B       		.uleb128 0xb
 555 014e BA010000 		.4byte	.LASF25
 556 0152 01       		.byte	0x1
 557 0153 3B       		.byte	0x3b
 558 0154 25000000 		.4byte	0x25
 559 0158 60000000 		.4byte	.LLST2
 560 015c 0B       		.uleb128 0xb
 561 015d 5D000000 		.4byte	.LASF26
 562 0161 01       		.byte	0x1
 563 0162 3C       		.byte	0x3c
 564 0163 25000000 		.4byte	0x25
 565 0167 84000000 		.4byte	.LLST3
 566 016b 0B       		.uleb128 0xb
 567 016c 00000000 		.4byte	.LASF27
 568 0170 01       		.byte	0x1
 569 0171 3D       		.byte	0x3d
 570 0172 25000000 		.4byte	0x25
 571 0176 9C000000 		.4byte	.LLST4
 572 017a 0B       		.uleb128 0xb
 573 017b DB010000 		.4byte	.LASF28
 574 017f 01       		.byte	0x1
 575 0180 3E       		.byte	0x3e
 576 0181 25000000 		.4byte	0x25
 577 0185 C0000000 		.4byte	.LLST5
 578 0189 00       		.byte	0
 579 018a 0C       		.uleb128 0xc
 580 018b 04       		.byte	0x4
 581 018c 0F010000 		.4byte	0x10f
 582 0190 0D       		.uleb128 0xd
 583 0191 A4000000 		.4byte	.LASF30
 584 0195 01       		.byte	0x1
 585 0196 56       		.byte	0x56
 586 0197 00000000 		.4byte	.LFB37
 587 019b 20000000 		.4byte	.LFE37-.LFB37
 588 019f 01       		.uleb128 0x1
 589 01a0 9C       		.byte	0x9c
 590 01a1 DA010000 		.4byte	0x1da
 591 01a5 09       		.uleb128 0x9
 592 01a6 7000     		.ascii	"p\000"
 593 01a8 01       		.byte	0x1
 594 01a9 56       		.byte	0x56
 595 01aa 80000000 		.4byte	0x80
 596 01ae E4000000 		.4byte	.LLST6
ARM GAS  C:\Users\Tim\AppData\Local\Temp\ccrB1xge.s 			page 14


 597 01b2 09       		.uleb128 0x9
 598 01b3 6900     		.ascii	"i\000"
 599 01b5 01       		.byte	0x1
 600 01b6 56       		.byte	0x56
 601 01b7 80000000 		.4byte	0x80
 602 01bb 06010000 		.4byte	.LLST7
 603 01bf 0E       		.uleb128 0xe
 604 01c0 6400     		.ascii	"d\000"
 605 01c2 01       		.byte	0x1
 606 01c3 56       		.byte	0x56
 607 01c4 80000000 		.4byte	0x80
 608 01c8 01       		.uleb128 0x1
 609 01c9 52       		.byte	0x52
 610 01ca 0A       		.uleb128 0xa
 611 01cb 3F020000 		.4byte	.LASF31
 612 01cf 01       		.byte	0x1
 613 01d0 56       		.byte	0x56
 614 01d1 8E000000 		.4byte	0x8e
 615 01d5 28010000 		.4byte	.LLST8
 616 01d9 00       		.byte	0
 617 01da 0F       		.uleb128 0xf
 618 01db 9B010000 		.4byte	.LASF43
 619 01df 01       		.byte	0x1
 620 01e0 60       		.byte	0x60
 621 01e1 00000000 		.4byte	.LFB38
 622 01e5 18000000 		.4byte	.LFE38-.LFB38
 623 01e9 01       		.uleb128 0x1
 624 01ea 9C       		.byte	0x9c
 625 01eb 10       		.uleb128 0x10
 626 01ec 19000000 		.4byte	.LASF44
 627 01f0 01       		.byte	0x1
 628 01f1 74       		.byte	0x74
 629 01f2 00000000 		.4byte	.LFB40
 630 01f6 70000000 		.4byte	.LFE40-.LFB40
 631 01fa 01       		.uleb128 0x1
 632 01fb 9C       		.byte	0x9c
 633 01fc 9B020000 		.4byte	0x29b
 634 0200 11       		.uleb128 0x11
 635 0201 9A000000 		.4byte	.LASF32
 636 0205 01       		.byte	0x1
 637 0206 77       		.byte	0x77
 638 0207 9A000000 		.4byte	0x9a
 639 020b 05       		.uleb128 0x5
 640 020c 03       		.byte	0x3
 641 020d 0C000000 		.4byte	last_time.7835
 642 0211 11       		.uleb128 0x11
 643 0212 AD000000 		.4byte	.LASF33
 644 0216 01       		.byte	0x1
 645 0217 78       		.byte	0x78
 646 0218 A6000000 		.4byte	0xa6
 647 021c 05       		.uleb128 0x5
 648 021d 03       		.byte	0x3
 649 021e 10000000 		.4byte	new_velocity.7836
 650 0222 11       		.uleb128 0x11
 651 0223 2A020000 		.4byte	.LASF34
 652 0227 01       		.byte	0x1
 653 0228 79       		.byte	0x79
ARM GAS  C:\Users\Tim\AppData\Local\Temp\ccrB1xge.s 			page 15


 654 0229 A6000000 		.4byte	0xa6
 655 022d 02       		.uleb128 0x2
 656 022e 91       		.byte	0x91
 657 022f 66       		.sleb128 -26
 658 0230 0B       		.uleb128 0xb
 659 0231 44000000 		.4byte	.LASF35
 660 0235 01       		.byte	0x1
 661 0236 7A       		.byte	0x7a
 662 0237 A6000000 		.4byte	0xa6
 663 023b 5B010000 		.4byte	.LLST9
 664 023f 0B       		.uleb128 0xb
 665 0240 AF010000 		.4byte	.LASF36
 666 0244 01       		.byte	0x1
 667 0245 7B       		.byte	0x7b
 668 0246 9A000000 		.4byte	0x9a
 669 024a 7A010000 		.4byte	.LLST10
 670 024e 12       		.uleb128 0x12
 671 024f 0C000000 		.4byte	.LVL28
 672 0253 FD020000 		.4byte	0x2fd
 673 0257 62020000 		.4byte	0x262
 674 025b 13       		.uleb128 0x13
 675 025c 01       		.uleb128 0x1
 676 025d 50       		.byte	0x50
 677 025e 02       		.uleb128 0x2
 678 025f 7D       		.byte	0x7d
 679 0260 06       		.sleb128 6
 680 0261 00       		.byte	0
 681 0262 14       		.uleb128 0x14
 682 0263 10000000 		.4byte	.LVL29
 683 0267 14030000 		.4byte	0x314
 684 026b 14       		.uleb128 0x14
 685 026c 1E000000 		.4byte	.LVL31
 686 0270 14030000 		.4byte	0x314
 687 0274 14       		.uleb128 0x14
 688 0275 26000000 		.4byte	.LVL32
 689 0279 25030000 		.4byte	0x325
 690 027d 12       		.uleb128 0x12
 691 027e 42000000 		.4byte	.LVL35
 692 0282 1A010000 		.4byte	0x11a
 693 0286 91020000 		.4byte	0x291
 694 028a 13       		.uleb128 0x13
 695 028b 01       		.uleb128 0x1
 696 028c 50       		.byte	0x50
 697 028d 02       		.uleb128 0x2
 698 028e 76       		.byte	0x76
 699 028f 00       		.sleb128 0
 700 0290 00       		.byte	0
 701 0291 14       		.uleb128 0x14
 702 0292 62000000 		.4byte	.LVL39
 703 0296 36030000 		.4byte	0x336
 704 029a 00       		.byte	0
 705 029b 15       		.uleb128 0x15
 706 029c 4B7000   		.ascii	"Kp\000"
 707 029f 01       		.byte	0x1
 708 02a0 26       		.byte	0x26
 709 02a1 80000000 		.4byte	0x80
 710 02a5 05       		.uleb128 0x5
ARM GAS  C:\Users\Tim\AppData\Local\Temp\ccrB1xge.s 			page 16


 711 02a6 03       		.byte	0x3
 712 02a7 00000000 		.4byte	Kp
 713 02ab 15       		.uleb128 0x15
 714 02ac 4B6900   		.ascii	"Ki\000"
 715 02af 01       		.byte	0x1
 716 02b0 27       		.byte	0x27
 717 02b1 80000000 		.4byte	0x80
 718 02b5 05       		.uleb128 0x5
 719 02b6 03       		.byte	0x3
 720 02b7 04000000 		.4byte	Ki
 721 02bb 15       		.uleb128 0x15
 722 02bc 4B6400   		.ascii	"Kd\000"
 723 02bf 01       		.byte	0x1
 724 02c0 28       		.byte	0x28
 725 02c1 80000000 		.4byte	0x80
 726 02c5 05       		.uleb128 0x5
 727 02c6 03       		.byte	0x3
 728 02c7 08000000 		.4byte	Kd
 729 02cb 15       		.uleb128 0x15
 730 02cc 70696400 		.ascii	"pid\000"
 731 02d0 01       		.byte	0x1
 732 02d1 37       		.byte	0x37
 733 02d2 0F010000 		.4byte	0x10f
 734 02d6 05       		.uleb128 0x5
 735 02d7 03       		.byte	0x3
 736 02d8 00000000 		.4byte	pid
 737 02dc 16       		.uleb128 0x16
 738 02dd 79000000 		.4byte	0x79
 739 02e1 EC020000 		.4byte	0x2ec
 740 02e5 17       		.uleb128 0x17
 741 02e6 72000000 		.4byte	0x72
 742 02ea FF       		.byte	0xff
 743 02eb 00       		.byte	0
 744 02ec 18       		.uleb128 0x18
 745 02ed BA020000 		.4byte	.LASF45
 746 02f1 06       		.byte	0x6
 747 02f2 14       		.byte	0x14
 748 02f3 DC020000 		.4byte	0x2dc
 749 02f7 05       		.uleb128 0x5
 750 02f8 03       		.byte	0x3
 751 02f9 00000000 		.4byte	formatted_string
 752 02fd 19       		.uleb128 0x19
 753 02fe EB010000 		.4byte	.LASF37
 754 0302 03       		.byte	0x3
 755 0303 24       		.byte	0x24
 756 0304 0E030000 		.4byte	0x30e
 757 0308 1A       		.uleb128 0x1a
 758 0309 0E030000 		.4byte	0x30e
 759 030d 00       		.byte	0
 760 030e 0C       		.uleb128 0xc
 761 030f 04       		.byte	0x4
 762 0310 A6000000 		.4byte	0xa6
 763 0314 1B       		.uleb128 0x1b
 764 0315 23020000 		.4byte	.LASF38
 765 0319 04       		.byte	0x4
 766 031a 18       		.byte	0x18
 767 031b 9A000000 		.4byte	0x9a
ARM GAS  C:\Users\Tim\AppData\Local\Temp\ccrB1xge.s 			page 17


 768 031f 25030000 		.4byte	0x325
 769 0323 1C       		.uleb128 0x1c
 770 0324 00       		.byte	0
 771 0325 1B       		.uleb128 0x1b
 772 0326 F7000000 		.4byte	.LASF39
 773 032a 05       		.byte	0x5
 774 032b 1C       		.byte	0x1c
 775 032c A6000000 		.4byte	0xa6
 776 0330 36030000 		.4byte	0x336
 777 0334 1C       		.uleb128 0x1c
 778 0335 00       		.byte	0
 779 0336 1D       		.uleb128 0x1d
 780 0337 AA020000 		.4byte	.LASF46
 781 033b 07       		.byte	0x7
 782 033c 14       		.byte	0x14
 783 033d 1A       		.uleb128 0x1a
 784 033e A6000000 		.4byte	0xa6
 785 0342 00       		.byte	0
 786 0343 00       		.byte	0
 787              		.section	.debug_abbrev,"",%progbits
 788              	.Ldebug_abbrev0:
 789 0000 01       		.uleb128 0x1
 790 0001 11       		.uleb128 0x11
 791 0002 01       		.byte	0x1
 792 0003 25       		.uleb128 0x25
 793 0004 0E       		.uleb128 0xe
 794 0005 13       		.uleb128 0x13
 795 0006 0B       		.uleb128 0xb
 796 0007 03       		.uleb128 0x3
 797 0008 0E       		.uleb128 0xe
 798 0009 1B       		.uleb128 0x1b
 799 000a 0E       		.uleb128 0xe
 800 000b 55       		.uleb128 0x55
 801 000c 17       		.uleb128 0x17
 802 000d 11       		.uleb128 0x11
 803 000e 01       		.uleb128 0x1
 804 000f 10       		.uleb128 0x10
 805 0010 17       		.uleb128 0x17
 806 0011 00       		.byte	0
 807 0012 00       		.byte	0
 808 0013 02       		.uleb128 0x2
 809 0014 24       		.uleb128 0x24
 810 0015 00       		.byte	0
 811 0016 0B       		.uleb128 0xb
 812 0017 0B       		.uleb128 0xb
 813 0018 3E       		.uleb128 0x3e
 814 0019 0B       		.uleb128 0xb
 815 001a 03       		.uleb128 0x3
 816 001b 0E       		.uleb128 0xe
 817 001c 00       		.byte	0
 818 001d 00       		.byte	0
 819 001e 03       		.uleb128 0x3
 820 001f 24       		.uleb128 0x24
 821 0020 00       		.byte	0
 822 0021 0B       		.uleb128 0xb
 823 0022 0B       		.uleb128 0xb
 824 0023 3E       		.uleb128 0x3e
ARM GAS  C:\Users\Tim\AppData\Local\Temp\ccrB1xge.s 			page 18


 825 0024 0B       		.uleb128 0xb
 826 0025 03       		.uleb128 0x3
 827 0026 08       		.uleb128 0x8
 828 0027 00       		.byte	0
 829 0028 00       		.byte	0
 830 0029 04       		.uleb128 0x4
 831 002a 16       		.uleb128 0x16
 832 002b 00       		.byte	0
 833 002c 03       		.uleb128 0x3
 834 002d 0E       		.uleb128 0xe
 835 002e 3A       		.uleb128 0x3a
 836 002f 0B       		.uleb128 0xb
 837 0030 3B       		.uleb128 0x3b
 838 0031 05       		.uleb128 0x5
 839 0032 49       		.uleb128 0x49
 840 0033 13       		.uleb128 0x13
 841 0034 00       		.byte	0
 842 0035 00       		.byte	0
 843 0036 05       		.uleb128 0x5
 844 0037 13       		.uleb128 0x13
 845 0038 01       		.byte	0x1
 846 0039 0B       		.uleb128 0xb
 847 003a 0B       		.uleb128 0xb
 848 003b 3A       		.uleb128 0x3a
 849 003c 0B       		.uleb128 0xb
 850 003d 3B       		.uleb128 0x3b
 851 003e 0B       		.uleb128 0xb
 852 003f 01       		.uleb128 0x1
 853 0040 13       		.uleb128 0x13
 854 0041 00       		.byte	0
 855 0042 00       		.byte	0
 856 0043 06       		.uleb128 0x6
 857 0044 0D       		.uleb128 0xd
 858 0045 00       		.byte	0
 859 0046 03       		.uleb128 0x3
 860 0047 0E       		.uleb128 0xe
 861 0048 3A       		.uleb128 0x3a
 862 0049 0B       		.uleb128 0xb
 863 004a 3B       		.uleb128 0x3b
 864 004b 0B       		.uleb128 0xb
 865 004c 49       		.uleb128 0x49
 866 004d 13       		.uleb128 0x13
 867 004e 38       		.uleb128 0x38
 868 004f 0B       		.uleb128 0xb
 869 0050 00       		.byte	0
 870 0051 00       		.byte	0
 871 0052 07       		.uleb128 0x7
 872 0053 16       		.uleb128 0x16
 873 0054 00       		.byte	0
 874 0055 03       		.uleb128 0x3
 875 0056 08       		.uleb128 0x8
 876 0057 3A       		.uleb128 0x3a
 877 0058 0B       		.uleb128 0xb
 878 0059 3B       		.uleb128 0x3b
 879 005a 0B       		.uleb128 0xb
 880 005b 49       		.uleb128 0x49
 881 005c 13       		.uleb128 0x13
ARM GAS  C:\Users\Tim\AppData\Local\Temp\ccrB1xge.s 			page 19


 882 005d 00       		.byte	0
 883 005e 00       		.byte	0
 884 005f 08       		.uleb128 0x8
 885 0060 2E       		.uleb128 0x2e
 886 0061 01       		.byte	0x1
 887 0062 3F       		.uleb128 0x3f
 888 0063 19       		.uleb128 0x19
 889 0064 03       		.uleb128 0x3
 890 0065 0E       		.uleb128 0xe
 891 0066 3A       		.uleb128 0x3a
 892 0067 0B       		.uleb128 0xb
 893 0068 3B       		.uleb128 0x3b
 894 0069 0B       		.uleb128 0xb
 895 006a 27       		.uleb128 0x27
 896 006b 19       		.uleb128 0x19
 897 006c 11       		.uleb128 0x11
 898 006d 01       		.uleb128 0x1
 899 006e 12       		.uleb128 0x12
 900 006f 06       		.uleb128 0x6
 901 0070 40       		.uleb128 0x40
 902 0071 18       		.uleb128 0x18
 903 0072 9642     		.uleb128 0x2116
 904 0074 19       		.uleb128 0x19
 905 0075 01       		.uleb128 0x1
 906 0076 13       		.uleb128 0x13
 907 0077 00       		.byte	0
 908 0078 00       		.byte	0
 909 0079 09       		.uleb128 0x9
 910 007a 05       		.uleb128 0x5
 911 007b 00       		.byte	0
 912 007c 03       		.uleb128 0x3
 913 007d 08       		.uleb128 0x8
 914 007e 3A       		.uleb128 0x3a
 915 007f 0B       		.uleb128 0xb
 916 0080 3B       		.uleb128 0x3b
 917 0081 0B       		.uleb128 0xb
 918 0082 49       		.uleb128 0x49
 919 0083 13       		.uleb128 0x13
 920 0084 02       		.uleb128 0x2
 921 0085 17       		.uleb128 0x17
 922 0086 00       		.byte	0
 923 0087 00       		.byte	0
 924 0088 0A       		.uleb128 0xa
 925 0089 05       		.uleb128 0x5
 926 008a 00       		.byte	0
 927 008b 03       		.uleb128 0x3
 928 008c 0E       		.uleb128 0xe
 929 008d 3A       		.uleb128 0x3a
 930 008e 0B       		.uleb128 0xb
 931 008f 3B       		.uleb128 0x3b
 932 0090 0B       		.uleb128 0xb
 933 0091 49       		.uleb128 0x49
 934 0092 13       		.uleb128 0x13
 935 0093 02       		.uleb128 0x2
 936 0094 17       		.uleb128 0x17
 937 0095 00       		.byte	0
 938 0096 00       		.byte	0
ARM GAS  C:\Users\Tim\AppData\Local\Temp\ccrB1xge.s 			page 20


 939 0097 0B       		.uleb128 0xb
 940 0098 34       		.uleb128 0x34
 941 0099 00       		.byte	0
 942 009a 03       		.uleb128 0x3
 943 009b 0E       		.uleb128 0xe
 944 009c 3A       		.uleb128 0x3a
 945 009d 0B       		.uleb128 0xb
 946 009e 3B       		.uleb128 0x3b
 947 009f 0B       		.uleb128 0xb
 948 00a0 49       		.uleb128 0x49
 949 00a1 13       		.uleb128 0x13
 950 00a2 02       		.uleb128 0x2
 951 00a3 17       		.uleb128 0x17
 952 00a4 00       		.byte	0
 953 00a5 00       		.byte	0
 954 00a6 0C       		.uleb128 0xc
 955 00a7 0F       		.uleb128 0xf
 956 00a8 00       		.byte	0
 957 00a9 0B       		.uleb128 0xb
 958 00aa 0B       		.uleb128 0xb
 959 00ab 49       		.uleb128 0x49
 960 00ac 13       		.uleb128 0x13
 961 00ad 00       		.byte	0
 962 00ae 00       		.byte	0
 963 00af 0D       		.uleb128 0xd
 964 00b0 2E       		.uleb128 0x2e
 965 00b1 01       		.byte	0x1
 966 00b2 3F       		.uleb128 0x3f
 967 00b3 19       		.uleb128 0x19
 968 00b4 03       		.uleb128 0x3
 969 00b5 0E       		.uleb128 0xe
 970 00b6 3A       		.uleb128 0x3a
 971 00b7 0B       		.uleb128 0xb
 972 00b8 3B       		.uleb128 0x3b
 973 00b9 0B       		.uleb128 0xb
 974 00ba 27       		.uleb128 0x27
 975 00bb 19       		.uleb128 0x19
 976 00bc 11       		.uleb128 0x11
 977 00bd 01       		.uleb128 0x1
 978 00be 12       		.uleb128 0x12
 979 00bf 06       		.uleb128 0x6
 980 00c0 40       		.uleb128 0x40
 981 00c1 18       		.uleb128 0x18
 982 00c2 9742     		.uleb128 0x2117
 983 00c4 19       		.uleb128 0x19
 984 00c5 01       		.uleb128 0x1
 985 00c6 13       		.uleb128 0x13
 986 00c7 00       		.byte	0
 987 00c8 00       		.byte	0
 988 00c9 0E       		.uleb128 0xe
 989 00ca 05       		.uleb128 0x5
 990 00cb 00       		.byte	0
 991 00cc 03       		.uleb128 0x3
 992 00cd 08       		.uleb128 0x8
 993 00ce 3A       		.uleb128 0x3a
 994 00cf 0B       		.uleb128 0xb
 995 00d0 3B       		.uleb128 0x3b
ARM GAS  C:\Users\Tim\AppData\Local\Temp\ccrB1xge.s 			page 21


 996 00d1 0B       		.uleb128 0xb
 997 00d2 49       		.uleb128 0x49
 998 00d3 13       		.uleb128 0x13
 999 00d4 02       		.uleb128 0x2
 1000 00d5 18       		.uleb128 0x18
 1001 00d6 00       		.byte	0
 1002 00d7 00       		.byte	0
 1003 00d8 0F       		.uleb128 0xf
 1004 00d9 2E       		.uleb128 0x2e
 1005 00da 00       		.byte	0
 1006 00db 3F       		.uleb128 0x3f
 1007 00dc 19       		.uleb128 0x19
 1008 00dd 03       		.uleb128 0x3
 1009 00de 0E       		.uleb128 0xe
 1010 00df 3A       		.uleb128 0x3a
 1011 00e0 0B       		.uleb128 0xb
 1012 00e1 3B       		.uleb128 0x3b
 1013 00e2 0B       		.uleb128 0xb
 1014 00e3 11       		.uleb128 0x11
 1015 00e4 01       		.uleb128 0x1
 1016 00e5 12       		.uleb128 0x12
 1017 00e6 06       		.uleb128 0x6
 1018 00e7 40       		.uleb128 0x40
 1019 00e8 18       		.uleb128 0x18
 1020 00e9 9742     		.uleb128 0x2117
 1021 00eb 19       		.uleb128 0x19
 1022 00ec 00       		.byte	0
 1023 00ed 00       		.byte	0
 1024 00ee 10       		.uleb128 0x10
 1025 00ef 2E       		.uleb128 0x2e
 1026 00f0 01       		.byte	0x1
 1027 00f1 3F       		.uleb128 0x3f
 1028 00f2 19       		.uleb128 0x19
 1029 00f3 03       		.uleb128 0x3
 1030 00f4 0E       		.uleb128 0xe
 1031 00f5 3A       		.uleb128 0x3a
 1032 00f6 0B       		.uleb128 0xb
 1033 00f7 3B       		.uleb128 0x3b
 1034 00f8 0B       		.uleb128 0xb
 1035 00f9 11       		.uleb128 0x11
 1036 00fa 01       		.uleb128 0x1
 1037 00fb 12       		.uleb128 0x12
 1038 00fc 06       		.uleb128 0x6
 1039 00fd 40       		.uleb128 0x40
 1040 00fe 18       		.uleb128 0x18
 1041 00ff 9642     		.uleb128 0x2116
 1042 0101 19       		.uleb128 0x19
 1043 0102 01       		.uleb128 0x1
 1044 0103 13       		.uleb128 0x13
 1045 0104 00       		.byte	0
 1046 0105 00       		.byte	0
 1047 0106 11       		.uleb128 0x11
 1048 0107 34       		.uleb128 0x34
 1049 0108 00       		.byte	0
 1050 0109 03       		.uleb128 0x3
 1051 010a 0E       		.uleb128 0xe
 1052 010b 3A       		.uleb128 0x3a
ARM GAS  C:\Users\Tim\AppData\Local\Temp\ccrB1xge.s 			page 22


 1053 010c 0B       		.uleb128 0xb
 1054 010d 3B       		.uleb128 0x3b
 1055 010e 0B       		.uleb128 0xb
 1056 010f 49       		.uleb128 0x49
 1057 0110 13       		.uleb128 0x13
 1058 0111 02       		.uleb128 0x2
 1059 0112 18       		.uleb128 0x18
 1060 0113 00       		.byte	0
 1061 0114 00       		.byte	0
 1062 0115 12       		.uleb128 0x12
 1063 0116 898201   		.uleb128 0x4109
 1064 0119 01       		.byte	0x1
 1065 011a 11       		.uleb128 0x11
 1066 011b 01       		.uleb128 0x1
 1067 011c 31       		.uleb128 0x31
 1068 011d 13       		.uleb128 0x13
 1069 011e 01       		.uleb128 0x1
 1070 011f 13       		.uleb128 0x13
 1071 0120 00       		.byte	0
 1072 0121 00       		.byte	0
 1073 0122 13       		.uleb128 0x13
 1074 0123 8A8201   		.uleb128 0x410a
 1075 0126 00       		.byte	0
 1076 0127 02       		.uleb128 0x2
 1077 0128 18       		.uleb128 0x18
 1078 0129 9142     		.uleb128 0x2111
 1079 012b 18       		.uleb128 0x18
 1080 012c 00       		.byte	0
 1081 012d 00       		.byte	0
 1082 012e 14       		.uleb128 0x14
 1083 012f 898201   		.uleb128 0x4109
 1084 0132 00       		.byte	0
 1085 0133 11       		.uleb128 0x11
 1086 0134 01       		.uleb128 0x1
 1087 0135 31       		.uleb128 0x31
 1088 0136 13       		.uleb128 0x13
 1089 0137 00       		.byte	0
 1090 0138 00       		.byte	0
 1091 0139 15       		.uleb128 0x15
 1092 013a 34       		.uleb128 0x34
 1093 013b 00       		.byte	0
 1094 013c 03       		.uleb128 0x3
 1095 013d 08       		.uleb128 0x8
 1096 013e 3A       		.uleb128 0x3a
 1097 013f 0B       		.uleb128 0xb
 1098 0140 3B       		.uleb128 0x3b
 1099 0141 0B       		.uleb128 0xb
 1100 0142 49       		.uleb128 0x49
 1101 0143 13       		.uleb128 0x13
 1102 0144 02       		.uleb128 0x2
 1103 0145 18       		.uleb128 0x18
 1104 0146 00       		.byte	0
 1105 0147 00       		.byte	0
 1106 0148 16       		.uleb128 0x16
 1107 0149 01       		.uleb128 0x1
 1108 014a 01       		.byte	0x1
 1109 014b 49       		.uleb128 0x49
ARM GAS  C:\Users\Tim\AppData\Local\Temp\ccrB1xge.s 			page 23


 1110 014c 13       		.uleb128 0x13
 1111 014d 01       		.uleb128 0x1
 1112 014e 13       		.uleb128 0x13
 1113 014f 00       		.byte	0
 1114 0150 00       		.byte	0
 1115 0151 17       		.uleb128 0x17
 1116 0152 21       		.uleb128 0x21
 1117 0153 00       		.byte	0
 1118 0154 49       		.uleb128 0x49
 1119 0155 13       		.uleb128 0x13
 1120 0156 2F       		.uleb128 0x2f
 1121 0157 0B       		.uleb128 0xb
 1122 0158 00       		.byte	0
 1123 0159 00       		.byte	0
 1124 015a 18       		.uleb128 0x18
 1125 015b 34       		.uleb128 0x34
 1126 015c 00       		.byte	0
 1127 015d 03       		.uleb128 0x3
 1128 015e 0E       		.uleb128 0xe
 1129 015f 3A       		.uleb128 0x3a
 1130 0160 0B       		.uleb128 0xb
 1131 0161 3B       		.uleb128 0x3b
 1132 0162 0B       		.uleb128 0xb
 1133 0163 49       		.uleb128 0x49
 1134 0164 13       		.uleb128 0x13
 1135 0165 3F       		.uleb128 0x3f
 1136 0166 19       		.uleb128 0x19
 1137 0167 02       		.uleb128 0x2
 1138 0168 18       		.uleb128 0x18
 1139 0169 00       		.byte	0
 1140 016a 00       		.byte	0
 1141 016b 19       		.uleb128 0x19
 1142 016c 2E       		.uleb128 0x2e
 1143 016d 01       		.byte	0x1
 1144 016e 3F       		.uleb128 0x3f
 1145 016f 19       		.uleb128 0x19
 1146 0170 03       		.uleb128 0x3
 1147 0171 0E       		.uleb128 0xe
 1148 0172 3A       		.uleb128 0x3a
 1149 0173 0B       		.uleb128 0xb
 1150 0174 3B       		.uleb128 0x3b
 1151 0175 0B       		.uleb128 0xb
 1152 0176 27       		.uleb128 0x27
 1153 0177 19       		.uleb128 0x19
 1154 0178 3C       		.uleb128 0x3c
 1155 0179 19       		.uleb128 0x19
 1156 017a 01       		.uleb128 0x1
 1157 017b 13       		.uleb128 0x13
 1158 017c 00       		.byte	0
 1159 017d 00       		.byte	0
 1160 017e 1A       		.uleb128 0x1a
 1161 017f 05       		.uleb128 0x5
 1162 0180 00       		.byte	0
 1163 0181 49       		.uleb128 0x49
 1164 0182 13       		.uleb128 0x13
 1165 0183 00       		.byte	0
 1166 0184 00       		.byte	0
ARM GAS  C:\Users\Tim\AppData\Local\Temp\ccrB1xge.s 			page 24


 1167 0185 1B       		.uleb128 0x1b
 1168 0186 2E       		.uleb128 0x2e
 1169 0187 01       		.byte	0x1
 1170 0188 3F       		.uleb128 0x3f
 1171 0189 19       		.uleb128 0x19
 1172 018a 03       		.uleb128 0x3
 1173 018b 0E       		.uleb128 0xe
 1174 018c 3A       		.uleb128 0x3a
 1175 018d 0B       		.uleb128 0xb
 1176 018e 3B       		.uleb128 0x3b
 1177 018f 0B       		.uleb128 0xb
 1178 0190 49       		.uleb128 0x49
 1179 0191 13       		.uleb128 0x13
 1180 0192 3C       		.uleb128 0x3c
 1181 0193 19       		.uleb128 0x19
 1182 0194 01       		.uleb128 0x1
 1183 0195 13       		.uleb128 0x13
 1184 0196 00       		.byte	0
 1185 0197 00       		.byte	0
 1186 0198 1C       		.uleb128 0x1c
 1187 0199 18       		.uleb128 0x18
 1188 019a 00       		.byte	0
 1189 019b 00       		.byte	0
 1190 019c 00       		.byte	0
 1191 019d 1D       		.uleb128 0x1d
 1192 019e 2E       		.uleb128 0x2e
 1193 019f 01       		.byte	0x1
 1194 01a0 3F       		.uleb128 0x3f
 1195 01a1 19       		.uleb128 0x19
 1196 01a2 03       		.uleb128 0x3
 1197 01a3 0E       		.uleb128 0xe
 1198 01a4 3A       		.uleb128 0x3a
 1199 01a5 0B       		.uleb128 0xb
 1200 01a6 3B       		.uleb128 0x3b
 1201 01a7 0B       		.uleb128 0xb
 1202 01a8 27       		.uleb128 0x27
 1203 01a9 19       		.uleb128 0x19
 1204 01aa 3C       		.uleb128 0x3c
 1205 01ab 19       		.uleb128 0x19
 1206 01ac 00       		.byte	0
 1207 01ad 00       		.byte	0
 1208 01ae 00       		.byte	0
 1209              		.section	.debug_loc,"",%progbits
 1210              	.Ldebug_loc0:
 1211              	.LLST0:
 1212 0000 00000000 		.4byte	.LVL0
 1213 0004 0C000000 		.4byte	.LVL1
 1214 0008 0100     		.2byte	0x1
 1215 000a 50       		.byte	0x50
 1216 000b 0C000000 		.4byte	.LVL1
 1217 000f CA000000 		.4byte	.LVL21
 1218 0013 0100     		.2byte	0x1
 1219 0015 56       		.byte	0x56
 1220 0016 CA000000 		.4byte	.LVL21
 1221 001a CC000000 		.4byte	.LFE36
 1222 001e 0400     		.2byte	0x4
 1223 0020 F3       		.byte	0xf3
ARM GAS  C:\Users\Tim\AppData\Local\Temp\ccrB1xge.s 			page 25


 1224 0021 01       		.uleb128 0x1
 1225 0022 50       		.byte	0x50
 1226 0023 9F       		.byte	0x9f
 1227 0024 00000000 		.4byte	0
 1228 0028 00000000 		.4byte	0
 1229              	.LLST1:
 1230 002c 00000000 		.4byte	.LVL0
 1231 0030 12000000 		.4byte	.LVL2
 1232 0034 0600     		.2byte	0x6
 1233 0036 52       		.byte	0x52
 1234 0037 93       		.byte	0x93
 1235 0038 04       		.uleb128 0x4
 1236 0039 53       		.byte	0x53
 1237 003a 93       		.byte	0x93
 1238 003b 04       		.uleb128 0x4
 1239 003c 12000000 		.4byte	.LVL2
 1240 0040 7C000000 		.4byte	.LVL9
 1241 0044 0200     		.2byte	0x2
 1242 0046 7D       		.byte	0x7d
 1243 0047 00       		.sleb128 0
 1244 0048 7C000000 		.4byte	.LVL9
 1245 004c CC000000 		.4byte	.LFE36
 1246 0050 0600     		.2byte	0x6
 1247 0052 F3       		.byte	0xf3
 1248 0053 03       		.uleb128 0x3
 1249 0054 F5       		.byte	0xf5
 1250 0055 02       		.uleb128 0x2
 1251 0056 25       		.uleb128 0x25
 1252 0057 9F       		.byte	0x9f
 1253 0058 00000000 		.4byte	0
 1254 005c 00000000 		.4byte	0
 1255              	.LLST2:
 1256 0060 74000000 		.4byte	.LVL7
 1257 0064 78000000 		.4byte	.LVL8
 1258 0068 0600     		.2byte	0x6
 1259 006a 50       		.byte	0x50
 1260 006b 93       		.byte	0x93
 1261 006c 04       		.uleb128 0x4
 1262 006d 51       		.byte	0x51
 1263 006e 93       		.byte	0x93
 1264 006f 04       		.uleb128 0x4
 1265 0070 78000000 		.4byte	.LVL8
 1266 0074 A8000000 		.4byte	.LVL16
 1267 0078 0200     		.2byte	0x2
 1268 007a 91       		.byte	0x91
 1269 007b 58       		.sleb128 -40
 1270 007c 00000000 		.4byte	0
 1271 0080 00000000 		.4byte	0
 1272              	.LLST3:
 1273 0084 88000000 		.4byte	.LVL11
 1274 0088 CA000000 		.4byte	.LVL20
 1275 008c 0600     		.2byte	0x6
 1276 008e 54       		.byte	0x54
 1277 008f 93       		.byte	0x93
 1278 0090 04       		.uleb128 0x4
 1279 0091 55       		.byte	0x55
 1280 0092 93       		.byte	0x93
ARM GAS  C:\Users\Tim\AppData\Local\Temp\ccrB1xge.s 			page 26


 1281 0093 04       		.uleb128 0x4
 1282 0094 00000000 		.4byte	0
 1283 0098 00000000 		.4byte	0
 1284              	.LLST4:
 1285 009c 98000000 		.4byte	.LVL13
 1286 00a0 9C000000 		.4byte	.LVL14
 1287 00a4 0600     		.2byte	0x6
 1288 00a6 50       		.byte	0x50
 1289 00a7 93       		.byte	0x93
 1290 00a8 04       		.uleb128 0x4
 1291 00a9 51       		.byte	0x51
 1292 00aa 93       		.byte	0x93
 1293 00ab 04       		.uleb128 0x4
 1294 00ac 9C000000 		.4byte	.LVL14
 1295 00b0 CC000000 		.4byte	.LFE36
 1296 00b4 0200     		.2byte	0x2
 1297 00b6 91       		.byte	0x91
 1298 00b7 60       		.sleb128 -32
 1299 00b8 00000000 		.4byte	0
 1300 00bc 00000000 		.4byte	0
 1301              	.LLST5:
 1302 00c0 A8000000 		.4byte	.LVL16
 1303 00c4 AA000000 		.4byte	.LVL17
 1304 00c8 0600     		.2byte	0x6
 1305 00ca 50       		.byte	0x50
 1306 00cb 93       		.byte	0x93
 1307 00cc 04       		.uleb128 0x4
 1308 00cd 51       		.byte	0x51
 1309 00ce 93       		.byte	0x93
 1310 00cf 04       		.uleb128 0x4
 1311 00d0 AA000000 		.4byte	.LVL17
 1312 00d4 CC000000 		.4byte	.LFE36
 1313 00d8 0200     		.2byte	0x2
 1314 00da 91       		.byte	0x91
 1315 00db 58       		.sleb128 -40
 1316 00dc 00000000 		.4byte	0
 1317 00e0 00000000 		.4byte	0
 1318              	.LLST6:
 1319 00e4 00000000 		.4byte	.LVL22
 1320 00e8 0C000000 		.4byte	.LVL25
 1321 00ec 0100     		.2byte	0x1
 1322 00ee 50       		.byte	0x50
 1323 00ef 0C000000 		.4byte	.LVL25
 1324 00f3 20000000 		.4byte	.LFE37
 1325 00f7 0500     		.2byte	0x5
 1326 00f9 03       		.byte	0x3
 1327 00fa 00000000 		.4byte	Kp
 1328 00fe 00000000 		.4byte	0
 1329 0102 00000000 		.4byte	0
 1330              	.LLST7:
 1331 0106 00000000 		.4byte	.LVL22
 1332 010a 0E000000 		.4byte	.LVL26
 1333 010e 0100     		.2byte	0x1
 1334 0110 51       		.byte	0x51
 1335 0111 0E000000 		.4byte	.LVL26
 1336 0115 20000000 		.4byte	.LFE37
 1337 0119 0500     		.2byte	0x5
ARM GAS  C:\Users\Tim\AppData\Local\Temp\ccrB1xge.s 			page 27


 1338 011b 03       		.byte	0x3
 1339 011c 04000000 		.4byte	Ki
 1340 0120 00000000 		.4byte	0
 1341 0124 00000000 		.4byte	0
 1342              	.LLST8:
 1343 0128 00000000 		.4byte	.LVL22
 1344 012c 02000000 		.4byte	.LVL23
 1345 0130 0100     		.2byte	0x1
 1346 0132 53       		.byte	0x53
 1347 0133 02000000 		.4byte	.LVL23
 1348 0137 08000000 		.4byte	.LVL24
 1349 013b 0400     		.2byte	0x4
 1350 013d F3       		.byte	0xf3
 1351 013e 01       		.uleb128 0x1
 1352 013f 53       		.byte	0x53
 1353 0140 9F       		.byte	0x9f
 1354 0141 08000000 		.4byte	.LVL24
 1355 0145 20000000 		.4byte	.LFE37
 1356 0149 0800     		.2byte	0x8
 1357 014b F3       		.byte	0xf3
 1358 014c 01       		.uleb128 0x1
 1359 014d 53       		.byte	0x53
 1360 014e 48       		.byte	0x48
 1361 014f 24       		.byte	0x24
 1362 0150 30       		.byte	0x30
 1363 0151 2E       		.byte	0x2e
 1364 0152 9F       		.byte	0x9f
 1365 0153 00000000 		.4byte	0
 1366 0157 00000000 		.4byte	0
 1367              	.LLST9:
 1368 015b 04000000 		.4byte	.LVL27
 1369 015f 28000000 		.4byte	.LVL33
 1370 0163 0200     		.2byte	0x2
 1371 0165 30       		.byte	0x30
 1372 0166 9F       		.byte	0x9f
 1373 0167 28000000 		.4byte	.LVL33
 1374 016b 62000000 		.4byte	.LVL39
 1375 016f 0100     		.2byte	0x1
 1376 0171 54       		.byte	0x54
 1377 0172 00000000 		.4byte	0
 1378 0176 00000000 		.4byte	0
 1379              	.LLST10:
 1380 017a 16000000 		.4byte	.LVL30
 1381 017e 1D000000 		.4byte	.LVL31-1
 1382 0182 0100     		.2byte	0x1
 1383 0184 50       		.byte	0x50
 1384 0185 00000000 		.4byte	0
 1385 0189 00000000 		.4byte	0
 1386              		.section	.debug_aranges,"",%progbits
 1387 0000 34000000 		.4byte	0x34
 1388 0004 0200     		.2byte	0x2
 1389 0006 00000000 		.4byte	.Ldebug_info0
 1390 000a 04       		.byte	0x4
 1391 000b 00       		.byte	0
 1392 000c 0000     		.2byte	0
 1393 000e 0000     		.2byte	0
 1394 0010 00000000 		.4byte	.LFB36
ARM GAS  C:\Users\Tim\AppData\Local\Temp\ccrB1xge.s 			page 28


 1395 0014 CC000000 		.4byte	.LFE36-.LFB36
 1396 0018 00000000 		.4byte	.LFB37
 1397 001c 20000000 		.4byte	.LFE37-.LFB37
 1398 0020 00000000 		.4byte	.LFB38
 1399 0024 18000000 		.4byte	.LFE38-.LFB38
 1400 0028 00000000 		.4byte	.LFB40
 1401 002c 70000000 		.4byte	.LFE40-.LFB40
 1402 0030 00000000 		.4byte	0
 1403 0034 00000000 		.4byte	0
 1404              		.section	.debug_ranges,"",%progbits
 1405              	.Ldebug_ranges0:
 1406 0000 00000000 		.4byte	.LFB36
 1407 0004 CC000000 		.4byte	.LFE36
 1408 0008 00000000 		.4byte	.LFB37
 1409 000c 20000000 		.4byte	.LFE37
 1410 0010 00000000 		.4byte	.LFB38
 1411 0014 18000000 		.4byte	.LFE38
 1412 0018 00000000 		.4byte	.LFB40
 1413 001c 70000000 		.4byte	.LFE40
 1414 0020 00000000 		.4byte	0
 1415 0024 00000000 		.4byte	0
 1416              		.section	.debug_line,"",%progbits
 1417              	.Ldebug_line0:
 1418 0000 E6000000 		.section	.debug_str,"MS",%progbits,1
 1418      02008000 
 1418      00000201 
 1418      FB0E0D00 
 1418      01010101 
 1419              	.LASF27:
 1420 0000 695F7465 		.ascii	"i_term\000"
 1420      726D00
 1421              	.LASF21:
 1422 0007 70726576 		.ascii	"prev_error\000"
 1422      5F657272 
 1422      6F7200
 1423              	.LASF0:
 1424 0012 646F7562 		.ascii	"double\000"
 1424      6C6500
 1425              	.LASF44:
 1426 0019 5049445F 		.ascii	"PID_Update\000"
 1426      55706461 
 1426      746500
 1427              	.LASF12:
 1428 0024 666C6F61 		.ascii	"float\000"
 1428      7400
 1429              	.LASF2:
 1430 002a 7369676E 		.ascii	"signed char\000"
 1430      65642063 
 1430      68617200 
 1431              	.LASF3:
 1432 0036 756E7369 		.ascii	"unsigned char\000"
 1432      676E6564 
 1432      20636861 
 1432      7200
 1433              	.LASF35:
 1434 0044 696E7075 		.ascii	"input\000"
 1434      7400
ARM GAS  C:\Users\Tim\AppData\Local\Temp\ccrB1xge.s 			page 29


 1435              	.LASF17:
 1436 004a 77696E64 		.ascii	"windup_guard\000"
 1436      75705F67 
 1436      75617264 
 1436      00
 1437              	.LASF16:
 1438 0057 696E7431 		.ascii	"int16\000"
 1438      3600
 1439              	.LASF26:
 1440 005d 705F7465 		.ascii	"p_term\000"
 1440      726D00
 1441              	.LASF5:
 1442 0064 73686F72 		.ascii	"short unsigned int\000"
 1442      7420756E 
 1442      7369676E 
 1442      65642069 
 1442      6E7400
 1443              	.LASF23:
 1444 0077 636F6E74 		.ascii	"control\000"
 1444      726F6C00 
 1445              	.LASF24:
 1446 007f 63757272 		.ascii	"curr_error\000"
 1446      5F657272 
 1446      6F7200
 1447              	.LASF20:
 1448 008a 64657269 		.ascii	"derivative_gain\000"
 1448      76617469 
 1448      76655F67 
 1448      61696E00 
 1449              	.LASF32:
 1450 009a 6C617374 		.ascii	"last_time\000"
 1450      5F74696D 
 1450      6500
 1451              	.LASF30:
 1452 00a4 5049445F 		.ascii	"PID_Init\000"
 1452      496E6974 
 1452      00
 1453              	.LASF33:
 1454 00ad 6E65775F 		.ascii	"new_velocity\000"
 1454      76656C6F 
 1454      63697479 
 1454      00
 1455              	.LASF15:
 1456 00ba 75696E74 		.ascii	"uint32\000"
 1456      333200
 1457              	.LASF7:
 1458 00c1 6C6F6E67 		.ascii	"long unsigned int\000"
 1458      20756E73 
 1458      69676E65 
 1458      6420696E 
 1458      7400
 1459              	.LASF1:
 1460 00d3 756E7369 		.ascii	"unsigned int\000"
 1460      676E6564 
 1460      20696E74 
 1460      00
 1461              	.LASF9:
ARM GAS  C:\Users\Tim\AppData\Local\Temp\ccrB1xge.s 			page 30


 1462 00e0 6C6F6E67 		.ascii	"long long unsigned int\000"
 1462      206C6F6E 
 1462      6720756E 
 1462      7369676E 
 1462      65642069 
 1463              	.LASF39:
 1464 00f7 456E636F 		.ascii	"Encoder_GetWheelSpeed\000"
 1464      6465725F 
 1464      47657457 
 1464      6865656C 
 1464      53706565 
 1465              	.LASF40:
 1466 010d 474E5520 		.ascii	"GNU C 4.9.3 20150303 (release) [ARM/embedded-4_9-br"
 1466      4320342E 
 1466      392E3320 
 1466      32303135 
 1466      30333033 
 1467 0140 616E6368 		.ascii	"anch revision 221220] -mcpu=cortex-m0 -mthumb -g -O"
 1467      20726576 
 1467      6973696F 
 1467      6E203232 
 1467      31323230 
 1468 0173 67202D66 		.ascii	"g -ffunction-sections -ffat-lto-objects\000"
 1468      66756E63 
 1468      74696F6E 
 1468      2D736563 
 1468      74696F6E 
 1469              	.LASF43:
 1470 019b 5049445F 		.ascii	"PID_Start\000"
 1470      53746172 
 1470      7400
 1471              	.LASF22:
 1472 01a5 696E745F 		.ascii	"int_error\000"
 1472      6572726F 
 1472      7200
 1473              	.LASF36:
 1474 01af 64656C74 		.ascii	"delta_time\000"
 1474      615F7469 
 1474      6D6500
 1475              	.LASF25:
 1476 01ba 64696666 		.ascii	"diff\000"
 1476      00
 1477              	.LASF10:
 1478 01bf 73697A65 		.ascii	"sizetype\000"
 1478      74797065 
 1478      00
 1479              	.LASF8:
 1480 01c8 6C6F6E67 		.ascii	"long long int\000"
 1480      206C6F6E 
 1480      6720696E 
 1480      7400
 1481              	.LASF11:
 1482 01d6 63686172 		.ascii	"char\000"
 1482      00
 1483              	.LASF28:
 1484 01db 645F7465 		.ascii	"d_term\000"
 1484      726D00
ARM GAS  C:\Users\Tim\AppData\Local\Temp\ccrB1xge.s 			page 31


 1485              	.LASF29:
 1486 01e2 7069645F 		.ascii	"pid_calc\000"
 1486      63616C63 
 1486      00
 1487              	.LASF37:
 1488 01eb 4932635F 		.ascii	"I2c_ReadVelocity\000"
 1488      52656164 
 1488      56656C6F 
 1488      63697479 
 1488      00
 1489              	.LASF19:
 1490 01fc 696E7465 		.ascii	"integral_gain\000"
 1490      6772616C 
 1490      5F676169 
 1490      6E00
 1491              	.LASF14:
 1492 020a 75696E74 		.ascii	"uint8\000"
 1492      3800
 1493              	.LASF4:
 1494 0210 73686F72 		.ascii	"short int\000"
 1494      7420696E 
 1494      7400
 1495              	.LASF6:
 1496 021a 6C6F6E67 		.ascii	"long int\000"
 1496      20696E74 
 1496      00
 1497              	.LASF38:
 1498 0223 6D696C6C 		.ascii	"millis\000"
 1498      697300
 1499              	.LASF34:
 1500 022a 76656C6F 		.ascii	"velocity\000"
 1500      63697479 
 1500      00
 1501              	.LASF13:
 1502 0233 6C6F6E67 		.ascii	"long double\000"
 1502      20646F75 
 1502      626C6500 
 1503              	.LASF31:
 1504 023f 73616D70 		.ascii	"sample_rate\000"
 1504      6C655F72 
 1504      61746500 
 1505              	.LASF42:
 1506 024b 443A5C70 		.ascii	"D:\\projects\\ArloBot\\ArlobotHw\\DualBoard-043\\Bo"
 1506      726F6A65 
 1506      6374735C 
 1506      41726C6F 
 1506      426F745C 
 1507 0279 61726431 		.ascii	"ard1-RPi.cydsn\000"
 1507      2D525069 
 1507      2E637964 
 1507      736E00
 1508              	.LASF41:
 1509 0288 2E2E5C73 		.ascii	"..\\source\\pid.c\000"
 1509      6F757263 
 1509      655C7069 
 1509      642E6300 
 1510              	.LASF18:
ARM GAS  C:\Users\Tim\AppData\Local\Temp\ccrB1xge.s 			page 32


 1511 0298 70726F70 		.ascii	"proportional_gain\000"
 1511      6F727469 
 1511      6F6E616C 
 1511      5F676169 
 1511      6E00
 1512              	.LASF46:
 1513 02aa 4D6F746F 		.ascii	"Motor_SetOutput\000"
 1513      725F5365 
 1513      744F7574 
 1513      70757400 
 1514              	.LASF45:
 1515 02ba 666F726D 		.ascii	"formatted_string\000"
 1515      61747465 
 1515      645F7374 
 1515      72696E67 
 1515      00
 1516              		.ident	"GCC: (GNU Tools for ARM Embedded Processors) 4.9.3 20150303 (release) [ARM/embedded-4_9-br
