--------------- Rebuild Started: 04/18/2016 15:20:52 Project: Board1-RPi, Configuration: ARM GCC 4.9-2015-q1-update Debug ---------------
Deleting file ".\CortexM0\ARM_GCC_493\Debug\encoder.o"
Deleting file ".\CortexM0\ARM_GCC_493\Debug\motor.o"
Deleting file ".\CortexM0\ARM_GCC_493\Debug\ultrasonic.o"
Deleting file ".\CortexM0\ARM_GCC_493\Debug\pid.o"
Deleting file ".\CortexM0\ARM_GCC_493\Debug\i2c.o"
Deleting file ".\CortexM0\ARM_GCC_493\Debug\control.o"
Deleting file ".\CortexM0\ARM_GCC_493\Debug\boardmain.o"
Deleting file ".\CortexM0\ARM_GCC_493\Debug\time.o"
Deleting file ".\CortexM0\ARM_GCC_493\Debug\infrared.o"
Deleting file ".\CortexM0\ARM_GCC_493\Debug\utils.o"
Deleting file ".\CortexM0\ARM_GCC_493\Debug\debug.o"
Deleting file ".\CortexM0\ARM_GCC_493\Debug\odom.o"
Deleting file ".\CortexM0\ARM_GCC_493\Debug\cal.o"
Deleting file ".\CortexM0\ARM_GCC_493\Debug\diag.o"
Deleting file ".\CortexM0\ARM_GCC_493\Debug\cyfitter_cfg.o"
Deleting file ".\CortexM0\ARM_GCC_493\Debug\cymetadata.o"
Deleting file ".\CortexM0\ARM_GCC_493\Debug\PWM_1MHz.o"
Deleting file ".\CortexM0\ARM_GCC_493\Debug\Cm0Start.o"
Deleting file ".\CortexM0\ARM_GCC_493\Debug\CyBootAsmGnu.o"
Deleting file ".\CortexM0\ARM_GCC_493\Debug\CyFlash.o"
Deleting file ".\CortexM0\ARM_GCC_493\Debug\CyLib.o"
Deleting file ".\CortexM0\ARM_GCC_493\Debug\cyPm.o"
Deleting file ".\CortexM0\ARM_GCC_493\Debug\cyutils.o"
Deleting file ".\CortexM0\ARM_GCC_493\Debug\CyDMA.o"
Deleting file ".\CortexM0\ARM_GCC_493\Debug\CyLFClk.o"
Deleting file ".\CortexM0\ARM_GCC_493\Debug\HB25_PWM.o"
Deleting file ".\CortexM0\ARM_GCC_493\Debug\HB25_PWM_PM.o"
Deleting file ".\CortexM0\ARM_GCC_493\Debug\HB25_PWM_Pin.o"
Deleting file ".\CortexM0\ARM_GCC_493\Debug\HB25_PWM_Pin_PM.o"
Deleting file ".\CortexM0\ARM_GCC_493\Debug\Pin_InfraredDistance_0.o"
Deleting file ".\CortexM0\ARM_GCC_493\Debug\Pin_InfraredDistance_0_PM.o"
Deleting file ".\CortexM0\ARM_GCC_493\Debug\Pin_InfraredDistance_1.o"
Deleting file ".\CortexM0\ARM_GCC_493\Debug\Pin_InfraredDistance_1_PM.o"
Deleting file ".\CortexM0\ARM_GCC_493\Debug\Pin_InfraredDistance_2.o"
Deleting file ".\CortexM0\ARM_GCC_493\Debug\Pin_InfraredDistance_2_PM.o"
Deleting file ".\CortexM0\ARM_GCC_493\Debug\Pin_InfraredDistance_3.o"
Deleting file ".\CortexM0\ARM_GCC_493\Debug\Pin_InfraredDistance_3_PM.o"
Deleting file ".\CortexM0\ARM_GCC_493\Debug\ADC_Infrared.o"
Deleting file ".\CortexM0\ARM_GCC_493\Debug\ADC_Infrared_PM.o"
Deleting file ".\CortexM0\ARM_GCC_493\Debug\ADC_Infrared_INT.o"
Deleting file ".\CortexM0\ARM_GCC_493\Debug\ADC_Infrared_IRQ.o"
Deleting file ".\CortexM0\ARM_GCC_493\Debug\ADC_Infrared_intClock.o"
Deleting file ".\CortexM0\ARM_GCC_493\Debug\HCSR04_Timer.o"
Deleting file ".\CortexM0\ARM_GCC_493\Debug\HCSR04_Timer_PM.o"
Deleting file ".\CortexM0\ARM_GCC_493\Debug\HCSR04_Clock.o"
Deleting file ".\CortexM0\ARM_GCC_493\Debug\HCSR04_Timeout_Intr.o"
Deleting file ".\CortexM0\ARM_GCC_493\Debug\HCSR04_Control.o"
Deleting file ".\CortexM0\ARM_GCC_493\Debug\HCSR04_Control_PM.o"
Deleting file ".\CortexM0\ARM_GCC_493\Debug\HCSR04_Echo_0.o"
Deleting file ".\CortexM0\ARM_GCC_493\Debug\HCSR04_Echo_0_PM.o"
Deleting file ".\CortexM0\ARM_GCC_493\Debug\HCSR04_Echo_3.o"
Deleting file ".\CortexM0\ARM_GCC_493\Debug\HCSR04_Echo_3_PM.o"
Deleting file ".\CortexM0\ARM_GCC_493\Debug\HCSR04_Echo_2.o"
Deleting file ".\CortexM0\ARM_GCC_493\Debug\HCSR04_Echo_2_PM.o"
Deleting file ".\CortexM0\ARM_GCC_493\Debug\HCSR04_Echo_1.o"
Deleting file ".\CortexM0\ARM_GCC_493\Debug\HCSR04_Echo_1_PM.o"
Deleting file ".\CortexM0\ARM_GCC_493\Debug\HCSR04_Trigger_0.o"
Deleting file ".\CortexM0\ARM_GCC_493\Debug\HCSR04_Trigger_0_PM.o"
Deleting file ".\CortexM0\ARM_GCC_493\Debug\HCSR04_Trigger_2.o"
Deleting file ".\CortexM0\ARM_GCC_493\Debug\HCSR04_Trigger_2_PM.o"
Deleting file ".\CortexM0\ARM_GCC_493\Debug\HCSR04_Trigger_3.o"
Deleting file ".\CortexM0\ARM_GCC_493\Debug\HCSR04_Trigger_3_PM.o"
Deleting file ".\CortexM0\ARM_GCC_493\Debug\HCSR04_Trigger_1.o"
Deleting file ".\CortexM0\ARM_GCC_493\Debug\HCSR04_Trigger_1_PM.o"
Deleting file ".\CortexM0\ARM_GCC_493\Debug\HB25_Enable_Pin.o"
Deleting file ".\CortexM0\ARM_GCC_493\Debug\HB25_Enable_Pin_PM.o"
Deleting file ".\CortexM0\ARM_GCC_493\Debug\UARTCOMMS.o"
Deleting file ".\CortexM0\ARM_GCC_493\Debug\UARTCOMMS_SPI_UART.o"
Deleting file ".\CortexM0\ARM_GCC_493\Debug\UARTCOMMS_SPI_UART_INT.o"
Deleting file ".\CortexM0\ARM_GCC_493\Debug\UARTCOMMS_PM.o"
Deleting file ".\CortexM0\ARM_GCC_493\Debug\UARTCOMMS_UART.o"
Deleting file ".\CortexM0\ARM_GCC_493\Debug\UARTCOMMS_BOOT.o"
Deleting file ".\CortexM0\ARM_GCC_493\Debug\UARTCOMMS_UART_BOOT.o"
Deleting file ".\CortexM0\ARM_GCC_493\Debug\UARTCOMMS_SCBCLK.o"
Deleting file ".\CortexM0\ARM_GCC_493\Debug\UARTCOMMS_tx.o"
Deleting file ".\CortexM0\ARM_GCC_493\Debug\UARTCOMMS_tx_PM.o"
Deleting file ".\CortexM0\ARM_GCC_493\Debug\UARTCOMMS_SCB_IRQ.o"
Deleting file ".\CortexM0\ARM_GCC_493\Debug\EZI2C_Slave.o"
Deleting file ".\CortexM0\ARM_GCC_493\Debug\EZI2C_Slave_PM.o"
Deleting file ".\CortexM0\ARM_GCC_493\Debug\EZI2C_Slave_BOOT.o"
Deleting file ".\CortexM0\ARM_GCC_493\Debug\EZI2C_Slave_EZI2C.o"
Deleting file ".\CortexM0\ARM_GCC_493\Debug\EZI2C_Slave_EZI2C_INT.o"
Deleting file ".\CortexM0\ARM_GCC_493\Debug\EZI2C_Slave_EZI2C_BOOT.o"
Deleting file ".\CortexM0\ARM_GCC_493\Debug\I2C_Master.o"
Deleting file ".\CortexM0\ARM_GCC_493\Debug\I2C_Master_I2C_INT.o"
Deleting file ".\CortexM0\ARM_GCC_493\Debug\I2C_Master_I2C.o"
Deleting file ".\CortexM0\ARM_GCC_493\Debug\I2C_Master_I2C_BOOT.o"
Deleting file ".\CortexM0\ARM_GCC_493\Debug\I2C_Master_I2C_MASTER.o"
Deleting file ".\CortexM0\ARM_GCC_493\Debug\I2C_Master_PM.o"
Deleting file ".\CortexM0\ARM_GCC_493\Debug\I2C_Master_BOOT.o"
Deleting file ".\CortexM0\ARM_GCC_493\Debug\EZI2C_Slave_SCBCLK.o"
Deleting file ".\CortexM0\ARM_GCC_493\Debug\EZI2C_Slave_sda.o"
Deleting file ".\CortexM0\ARM_GCC_493\Debug\EZI2C_Slave_sda_PM.o"
Deleting file ".\CortexM0\ARM_GCC_493\Debug\EZI2C_Slave_scl.o"
Deleting file ".\CortexM0\ARM_GCC_493\Debug\EZI2C_Slave_scl_PM.o"
Deleting file ".\CortexM0\ARM_GCC_493\Debug\EZI2C_Slave_SCB_IRQ.o"
Deleting file ".\CortexM0\ARM_GCC_493\Debug\I2C_Master_SCBCLK.o"
Deleting file ".\CortexM0\ARM_GCC_493\Debug\I2C_Master_sda.o"
Deleting file ".\CortexM0\ARM_GCC_493\Debug\I2C_Master_sda_PM.o"
Deleting file ".\CortexM0\ARM_GCC_493\Debug\I2C_Master_scl.o"
Deleting file ".\CortexM0\ARM_GCC_493\Debug\I2C_Master_scl_PM.o"
Deleting file ".\CortexM0\ARM_GCC_493\Debug\I2C_Master_SCB_IRQ.o"
Deleting file ".\CortexM0\ARM_GCC_493\Debug\Phase_Counter.o"
Deleting file ".\CortexM0\ARM_GCC_493\Debug\Phase_Counter_PM.o"
Deleting file ".\CortexM0\ARM_GCC_493\Debug\Encoder_B.o"
Deleting file ".\CortexM0\ARM_GCC_493\Debug\Encoder_B_PM.o"
Deleting file ".\CortexM0\ARM_GCC_493\Debug\Encoder_A.o"
Deleting file ".\CortexM0\ARM_GCC_493\Debug\Encoder_A_PM.o"
Deleting file ".\CortexM0\ARM_GCC_493\Debug\PhaseCounter_Intr.o"
Deleting file ".\CortexM0\ARM_GCC_493\Debug\Quadrature_Decode_Clock.o"
Deleting file ".\CortexM0\ARM_GCC_493\Debug\MainLoop_Pin.o"
Deleting file ".\CortexM0\ARM_GCC_493\Debug\MainLoop_Pin_PM.o"
Deleting file ".\CortexM0\ARM_GCC_493\Debug\Encoder_Count_Pin.o"
Deleting file ".\CortexM0\ARM_GCC_493\Debug\Encoder_Count_Pin_PM.o"
Deleting file ".\CortexM0\ARM_GCC_493\Debug\Board1-RPi.hex"
Deleting file ".\CortexM0\ARM_GCC_493\Debug\Board1-RPi.elf"
Deleting file ".\CortexM0\ARM_GCC_493\Debug\Board1-RPi.map"
Deleting file ".\Board1-RPi.cycdx"
Deleting file ".\Board1-RPi.svd"
Deleting file ".\Board1-RPi.rpt"
Deleting file ".\Board1-RPi_timing.html"
Deleting file ".\CortexM0\ARM_GCC_493\Debug\.deps\C_FILE.P"
Deleting file ".\CortexM0\ARM_GCC_493\Debug\.deps\ARM_C_FILE.P"
Deleting file ".\CortexM0\ARM_GCC_493\Debug\.deps\GNU_ARM_ASM_FILE.P"
cydsfit.exe -.appdatapath "C:\Users\Tim\AppData\Local\Cypress Semiconductor\PSoC Creator\3.3" -.fdsnotice -.fdswarpdepfile=warp_dependencies.txt -.fdselabdepfile=elab_dependencies.txt -.fdsbldfile=generated_files.txt -p D:\projects\ArloBot\ArlobotHw\DualBoard-043\Board1-RPi.cydsn\Board1-RPi.cyprj -d CY8C4247AZS-M485 -s D:\projects\ArloBot\ArlobotHw\DualBoard-043\Board1-RPi.cydsn\Generated_Source\PSoC4 -- -yv2 -q10 -ygs -o2 -v3 -.fftcfgtype=LE
Elaborating Design...
HDL Generation ...
Synthesis ...
Place and Route ...
Tech mapping ...
ADD: pft.M0040: information: The following 4 pin(s) will be assigned a location by the fitter: \ADC_Infrared:ExtVref(0)\, \I2C_Master:scl(0)\, \I2C_Master:sda(0)\, \UARTCOMMS:tx(0)\
Info: plm.M0038: The pin named HB25_PWM_Pin(0) at location P3[4] prevents usage of special purposes: TCPWM[2].line_out. (App=cydsfit)
Info: plm.M0038: The pin named HB25_PWM_Pin(0) at location P3[4] prevents usage of special purposes: SCB[1].spi_select[1]. (App=cydsfit)
Analog Placement ...
Analog Routing ...
Analog Code Generation ...
Digital Placement ...
Digital Routing ...
Bitstream Generation ...
Static timing analysis ...
API Generation ...
Dependency Generation ...
Clean Temporary Files ...
arm-none-eabi-gcc.exe -mcpu=cortex-m0 -mthumb -Wno-main -I..\source -I. -IGenerated_Source\PSoC4 -Wa,-alh=.\CortexM0\ARM_GCC_493\Debug/encoder.lst -g -D DEBUG -D BOARD_2 -Wall -ffunction-sections -Og -ffat-lto-objects -c ..\source\encoder.c -o .\CortexM0\ARM_GCC_493\Debug\encoder.o
arm-none-eabi-gcc.exe -mcpu=cortex-m0 -mthumb -Wno-main -I..\source -I. -IGenerated_Source\PSoC4 -Wa,-alh=.\CortexM0\ARM_GCC_493\Debug/motor.lst -g -D DEBUG -D BOARD_2 -Wall -ffunction-sections -Og -ffat-lto-objects -c ..\source\motor.c -o .\CortexM0\ARM_GCC_493\Debug\motor.o
..\source\motor.c: In function 'Motor_ValidateCalibration':
..\source\motor.c:462:18: warning: variable 'values' set but not used [-Wunused-but-set-variable]
     static int16 values[20] = {0};
                  ^
arm-none-eabi-gcc.exe -mcpu=cortex-m0 -mthumb -Wno-main -I..\source -I. -IGenerated_Source\PSoC4 -Wa,-alh=.\CortexM0\ARM_GCC_493\Debug/ultrasonic.lst -g -D DEBUG -D BOARD_2 -Wall -ffunction-sections -Og -ffat-lto-objects -c ..\source\ultrasonic.c -o .\CortexM0\ARM_GCC_493\Debug\ultrasonic.o
arm-none-eabi-gcc.exe -mcpu=cortex-m0 -mthumb -Wno-main -I..\source -I. -IGenerated_Source\PSoC4 -Wa,-alh=.\CortexM0\ARM_GCC_493\Debug/pid.lst -g -D DEBUG -D BOARD_2 -Wall -ffunction-sections -Og -ffat-lto-objects -c ..\source\pid.c -o .\CortexM0\ARM_GCC_493\Debug\pid.o
..\source\pid.c:105:13: warning: 'PrintPid' defined but not used [-Wunused-function]
 static void PrintPid(PID *pid, int16 velocity)
             ^
arm-none-eabi-gcc.exe -mcpu=cortex-m0 -mthumb -Wno-main -I..\source -I. -IGenerated_Source\PSoC4 -Wa,-alh=.\CortexM0\ARM_GCC_493\Debug/i2c.lst -g -D DEBUG -D BOARD_2 -Wall -ffunction-sections -Og -ffat-lto-objects -c ..\source\i2c.c -o .\CortexM0\ARM_GCC_493\Debug\i2c.o
arm-none-eabi-gcc.exe -mcpu=cortex-m0 -mthumb -Wno-main -I..\source -I. -IGenerated_Source\PSoC4 -Wa,-alh=.\CortexM0\ARM_GCC_493\Debug/control.lst -g -D DEBUG -D BOARD_2 -Wall -ffunction-sections -Og -ffat-lto-objects -c ..\source\control.c -o .\CortexM0\ARM_GCC_493\Debug\control.o
arm-none-eabi-gcc.exe -mcpu=cortex-m0 -mthumb -Wno-main -I..\source -I. -IGenerated_Source\PSoC4 -Wa,-alh=.\CortexM0\ARM_GCC_493\Debug/boardmain.lst -g -D DEBUG -D BOARD_2 -Wall -ffunction-sections -Og -ffat-lto-objects -c ..\source\boardmain.c -o .\CortexM0\ARM_GCC_493\Debug\boardmain.o
arm-none-eabi-gcc.exe -mcpu=cortex-m0 -mthumb -Wno-main -I..\source -I. -IGenerated_Source\PSoC4 -Wa,-alh=.\CortexM0\ARM_GCC_493\Debug/time.lst -g -D DEBUG -D BOARD_2 -Wall -ffunction-sections -Og -ffat-lto-objects -c ..\source\time.c -o .\CortexM0\ARM_GCC_493\Debug\time.o
arm-none-eabi-gcc.exe -mcpu=cortex-m0 -mthumb -Wno-main -I..\source -I. -IGenerated_Source\PSoC4 -Wa,-alh=.\CortexM0\ARM_GCC_493\Debug/infrared.lst -g -D DEBUG -D BOARD_2 -Wall -ffunction-sections -Og -ffat-lto-objects -c ..\source\infrared.c -o .\CortexM0\ARM_GCC_493\Debug\infrared.o
arm-none-eabi-gcc.exe -mcpu=cortex-m0 -mthumb -Wno-main -I..\source -I. -IGenerated_Source\PSoC4 -Wa,-alh=.\CortexM0\ARM_GCC_493\Debug/utils.lst -g -D DEBUG -D BOARD_2 -Wall -ffunction-sections -Og -ffat-lto-objects -c ..\source\utils.c -o .\CortexM0\ARM_GCC_493\Debug\utils.o
arm-none-eabi-gcc.exe -mcpu=cortex-m0 -mthumb -Wno-main -I..\source -I. -IGenerated_Source\PSoC4 -Wa,-alh=.\CortexM0\ARM_GCC_493\Debug/debug.lst -g -D DEBUG -D BOARD_2 -Wall -ffunction-sections -Og -ffat-lto-objects -c ..\source\debug.c -o .\CortexM0\ARM_GCC_493\Debug\debug.o
arm-none-eabi-gcc.exe -mcpu=cortex-m0 -mthumb -Wno-main -I..\source -I. -IGenerated_Source\PSoC4 -Wa,-alh=.\CortexM0\ARM_GCC_493\Debug/odom.lst -g -D DEBUG -D BOARD_2 -Wall -ffunction-sections -Og -ffat-lto-objects -c ..\source\odom.c -o .\CortexM0\ARM_GCC_493\Debug\odom.o
arm-none-eabi-gcc.exe -mcpu=cortex-m0 -mthumb -Wno-main -I..\source -I. -IGenerated_Source\PSoC4 -Wa,-alh=.\CortexM0\ARM_GCC_493\Debug/cal.lst -g -D DEBUG -D BOARD_2 -Wall -ffunction-sections -Og -ffat-lto-objects -c ..\source\cal.c -o .\CortexM0\ARM_GCC_493\Debug\cal.o
arm-none-eabi-gcc.exe -mcpu=cortex-m0 -mthumb -Wno-main -I..\source -I. -IGenerated_Source\PSoC4 -Wa,-alh=.\CortexM0\ARM_GCC_493\Debug/diag.lst -g -D DEBUG -D BOARD_2 -Wall -ffunction-sections -Og -ffat-lto-objects -c ..\source\diag.c -o .\CortexM0\ARM_GCC_493\Debug\diag.o
arm-none-eabi-gcc.exe -mcpu=cortex-m0 -mthumb -Wno-main -I..\source -I. -IGenerated_Source\PSoC4 -Wa,-alh=.\CortexM0\ARM_GCC_493\Debug/cyfitter_cfg.lst -g -D DEBUG -D BOARD_2 -Wall -ffunction-sections -Og -ffat-lto-objects -c .\Generated_Source\PSoC4\cyfitter_cfg.c -o .\CortexM0\ARM_GCC_493\Debug\cyfitter_cfg.o
arm-none-eabi-gcc.exe -mcpu=cortex-m0 -mthumb -Wno-main -I..\source -I. -IGenerated_Source\PSoC4 -Wa,-alh=.\CortexM0\ARM_GCC_493\Debug/cymetadata.lst -g -D DEBUG -D BOARD_2 -Wall -ffunction-sections -Og -ffat-lto-objects -c .\Generated_Source\PSoC4\cymetadata.c -o .\CortexM0\ARM_GCC_493\Debug\cymetadata.o
arm-none-eabi-gcc.exe -mcpu=cortex-m0 -mthumb -Wno-main -I..\source -I. -IGenerated_Source\PSoC4 -Wa,-alh=.\CortexM0\ARM_GCC_493\Debug/PWM_1MHz.lst -g -D DEBUG -D BOARD_2 -Wall -ffunction-sections -Og -ffat-lto-objects -c .\Generated_Source\PSoC4\PWM_1MHz.c -o .\CortexM0\ARM_GCC_493\Debug\PWM_1MHz.o
arm-none-eabi-gcc.exe -mcpu=cortex-m0 -mthumb -Wno-main -I..\source -I. -IGenerated_Source\PSoC4 -Wa,-alh=.\CortexM0\ARM_GCC_493\Debug/Cm0Start.lst -g -D DEBUG -D BOARD_2 -Wall -ffunction-sections -Og -ffat-lto-objects -c .\Generated_Source\PSoC4\Cm0Start.c -o .\CortexM0\ARM_GCC_493\Debug\Cm0Start.o
arm-none-eabi-as.exe -mcpu=cortex-m0 -mthumb -I. -IGenerated_Source\PSoC4 -alh=.\CortexM0\ARM_GCC_493\Debug/CyBootAsmGnu.lst -g -W -o .\CortexM0\ARM_GCC_493\Debug\CyBootAsmGnu.o .\Generated_Source\PSoC4\CyBootAsmGnu.s
arm-none-eabi-gcc.exe -mcpu=cortex-m0 -mthumb -Wno-main -I..\source -I. -IGenerated_Source\PSoC4 -Wa,-alh=.\CortexM0\ARM_GCC_493\Debug/CyFlash.lst -g -D DEBUG -D BOARD_2 -Wall -ffunction-sections -Og -ffat-lto-objects -c .\Generated_Source\PSoC4\CyFlash.c -o .\CortexM0\ARM_GCC_493\Debug\CyFlash.o
arm-none-eabi-gcc.exe -mcpu=cortex-m0 -mthumb -Wno-main -I..\source -I. -IGenerated_Source\PSoC4 -Wa,-alh=.\CortexM0\ARM_GCC_493\Debug/CyLib.lst -g -D DEBUG -D BOARD_2 -Wall -ffunction-sections -Og -ffat-lto-objects -c .\Generated_Source\PSoC4\CyLib.c -o .\CortexM0\ARM_GCC_493\Debug\CyLib.o
arm-none-eabi-gcc.exe -mcpu=cortex-m0 -mthumb -Wno-main -I..\source -I. -IGenerated_Source\PSoC4 -Wa,-alh=.\CortexM0\ARM_GCC_493\Debug/cyPm.lst -g -D DEBUG -D BOARD_2 -Wall -ffunction-sections -Og -ffat-lto-objects -c .\Generated_Source\PSoC4\cyPm.c -o .\CortexM0\ARM_GCC_493\Debug\cyPm.o
arm-none-eabi-gcc.exe -mcpu=cortex-m0 -mthumb -Wno-main -I..\source -I. -IGenerated_Source\PSoC4 -Wa,-alh=.\CortexM0\ARM_GCC_493\Debug/cyutils.lst -g -D DEBUG -D BOARD_2 -Wall -ffunction-sections -Og -ffat-lto-objects -c .\Generated_Source\PSoC4\cyutils.c -o .\CortexM0\ARM_GCC_493\Debug\cyutils.o
arm-none-eabi-gcc.exe -mcpu=cortex-m0 -mthumb -Wno-main -I..\source -I. -IGenerated_Source\PSoC4 -Wa,-alh=.\CortexM0\ARM_GCC_493\Debug/CyDMA.lst -g -D DEBUG -D BOARD_2 -Wall -ffunction-sections -Og -ffat-lto-objects -c .\Generated_Source\PSoC4\CyDMA.c -o .\CortexM0\ARM_GCC_493\Debug\CyDMA.o
arm-none-eabi-gcc.exe -mcpu=cortex-m0 -mthumb -Wno-main -I..\source -I. -IGenerated_Source\PSoC4 -Wa,-alh=.\CortexM0\ARM_GCC_493\Debug/CyLFClk.lst -g -D DEBUG -D BOARD_2 -Wall -ffunction-sections -Og -ffat-lto-objects -c .\Generated_Source\PSoC4\CyLFClk.c -o .\CortexM0\ARM_GCC_493\Debug\CyLFClk.o
arm-none-eabi-gcc.exe -mcpu=cortex-m0 -mthumb -Wno-main -I..\source -I. -IGenerated_Source\PSoC4 -Wa,-alh=.\CortexM0\ARM_GCC_493\Debug/HB25_PWM.lst -g -D DEBUG -D BOARD_2 -Wall -ffunction-sections -Og -ffat-lto-objects -c .\Generated_Source\PSoC4\HB25_PWM.c -o .\CortexM0\ARM_GCC_493\Debug\HB25_PWM.o
arm-none-eabi-gcc.exe -mcpu=cortex-m0 -mthumb -Wno-main -I..\source -I. -IGenerated_Source\PSoC4 -Wa,-alh=.\CortexM0\ARM_GCC_493\Debug/HB25_PWM_PM.lst -g -D DEBUG -D BOARD_2 -Wall -ffunction-sections -Og -ffat-lto-objects -c .\Generated_Source\PSoC4\HB25_PWM_PM.c -o .\CortexM0\ARM_GCC_493\Debug\HB25_PWM_PM.o
arm-none-eabi-gcc.exe -mcpu=cortex-m0 -mthumb -Wno-main -I..\source -I. -IGenerated_Source\PSoC4 -Wa,-alh=.\CortexM0\ARM_GCC_493\Debug/HB25_PWM_Pin.lst -g -D DEBUG -D BOARD_2 -Wall -ffunction-sections -Og -ffat-lto-objects -c .\Generated_Source\PSoC4\HB25_PWM_Pin.c -o .\CortexM0\ARM_GCC_493\Debug\HB25_PWM_Pin.o
arm-none-eabi-gcc.exe -mcpu=cortex-m0 -mthumb -Wno-main -I..\source -I. -IGenerated_Source\PSoC4 -Wa,-alh=.\CortexM0\ARM_GCC_493\Debug/HB25_PWM_Pin_PM.lst -g -D DEBUG -D BOARD_2 -Wall -ffunction-sections -Og -ffat-lto-objects -c .\Generated_Source\PSoC4\HB25_PWM_Pin_PM.c -o .\CortexM0\ARM_GCC_493\Debug\HB25_PWM_Pin_PM.o
arm-none-eabi-gcc.exe -mcpu=cortex-m0 -mthumb -Wno-main -I..\source -I. -IGenerated_Source\PSoC4 -Wa,-alh=.\CortexM0\ARM_GCC_493\Debug/Pin_InfraredDistance_0.lst -g -D DEBUG -D BOARD_2 -Wall -ffunction-sections -Og -ffat-lto-objects -c .\Generated_Source\PSoC4\Pin_InfraredDistance_0.c -o .\CortexM0\ARM_GCC_493\Debug\Pin_InfraredDistance_0.o
arm-none-eabi-gcc.exe -mcpu=cortex-m0 -mthumb -Wno-main -I..\source -I. -IGenerated_Source\PSoC4 -Wa,-alh=.\CortexM0\ARM_GCC_493\Debug/Pin_InfraredDistance_0_PM.lst -g -D DEBUG -D BOARD_2 -Wall -ffunction-sections -Og -ffat-lto-objects -c .\Generated_Source\PSoC4\Pin_InfraredDistance_0_PM.c -o .\CortexM0\ARM_GCC_493\Debug\Pin_InfraredDistance_0_PM.o
arm-none-eabi-gcc.exe -mcpu=cortex-m0 -mthumb -Wno-main -I..\source -I. -IGenerated_Source\PSoC4 -Wa,-alh=.\CortexM0\ARM_GCC_493\Debug/Pin_InfraredDistance_1.lst -g -D DEBUG -D BOARD_2 -Wall -ffunction-sections -Og -ffat-lto-objects -c .\Generated_Source\PSoC4\Pin_InfraredDistance_1.c -o .\CortexM0\ARM_GCC_493\Debug\Pin_InfraredDistance_1.o
arm-none-eabi-gcc.exe -mcpu=cortex-m0 -mthumb -Wno-main -I..\source -I. -IGenerated_Source\PSoC4 -Wa,-alh=.\CortexM0\ARM_GCC_493\Debug/Pin_InfraredDistance_1_PM.lst -g -D DEBUG -D BOARD_2 -Wall -ffunction-sections -Og -ffat-lto-objects -c .\Generated_Source\PSoC4\Pin_InfraredDistance_1_PM.c -o .\CortexM0\ARM_GCC_493\Debug\Pin_InfraredDistance_1_PM.o
arm-none-eabi-gcc.exe -mcpu=cortex-m0 -mthumb -Wno-main -I..\source -I. -IGenerated_Source\PSoC4 -Wa,-alh=.\CortexM0\ARM_GCC_493\Debug/Pin_InfraredDistance_2.lst -g -D DEBUG -D BOARD_2 -Wall -ffunction-sections -Og -ffat-lto-objects -c .\Generated_Source\PSoC4\Pin_InfraredDistance_2.c -o .\CortexM0\ARM_GCC_493\Debug\Pin_InfraredDistance_2.o
arm-none-eabi-gcc.exe -mcpu=cortex-m0 -mthumb -Wno-main -I..\source -I. -IGenerated_Source\PSoC4 -Wa,-alh=.\CortexM0\ARM_GCC_493\Debug/Pin_InfraredDistance_2_PM.lst -g -D DEBUG -D BOARD_2 -Wall -ffunction-sections -Og -ffat-lto-objects -c .\Generated_Source\PSoC4\Pin_InfraredDistance_2_PM.c -o .\CortexM0\ARM_GCC_493\Debug\Pin_InfraredDistance_2_PM.o
arm-none-eabi-gcc.exe -mcpu=cortex-m0 -mthumb -Wno-main -I..\source -I. -IGenerated_Source\PSoC4 -Wa,-alh=.\CortexM0\ARM_GCC_493\Debug/Pin_InfraredDistance_3.lst -g -D DEBUG -D BOARD_2 -Wall -ffunction-sections -Og -ffat-lto-objects -c .\Generated_Source\PSoC4\Pin_InfraredDistance_3.c -o .\CortexM0\ARM_GCC_493\Debug\Pin_InfraredDistance_3.o
arm-none-eabi-gcc.exe -mcpu=cortex-m0 -mthumb -Wno-main -I..\source -I. -IGenerated_Source\PSoC4 -Wa,-alh=.\CortexM0\ARM_GCC_493\Debug/Pin_InfraredDistance_3_PM.lst -g -D DEBUG -D BOARD_2 -Wall -ffunction-sections -Og -ffat-lto-objects -c .\Generated_Source\PSoC4\Pin_InfraredDistance_3_PM.c -o .\CortexM0\ARM_GCC_493\Debug\Pin_InfraredDistance_3_PM.o
arm-none-eabi-gcc.exe -mcpu=cortex-m0 -mthumb -Wno-main -I..\source -I. -IGenerated_Source\PSoC4 -Wa,-alh=.\CortexM0\ARM_GCC_493\Debug/ADC_Infrared.lst -g -D DEBUG -D BOARD_2 -Wall -ffunction-sections -Og -ffat-lto-objects -c .\Generated_Source\PSoC4\ADC_Infrared.c -o .\CortexM0\ARM_GCC_493\Debug\ADC_Infrared.o
arm-none-eabi-gcc.exe -mcpu=cortex-m0 -mthumb -Wno-main -I..\source -I. -IGenerated_Source\PSoC4 -Wa,-alh=.\CortexM0\ARM_GCC_493\Debug/ADC_Infrared_PM.lst -g -D DEBUG -D BOARD_2 -Wall -ffunction-sections -Og -ffat-lto-objects -c .\Generated_Source\PSoC4\ADC_Infrared_PM.c -o .\CortexM0\ARM_GCC_493\Debug\ADC_Infrared_PM.o
arm-none-eabi-gcc.exe -mcpu=cortex-m0 -mthumb -Wno-main -I..\source -I. -IGenerated_Source\PSoC4 -Wa,-alh=.\CortexM0\ARM_GCC_493\Debug/ADC_Infrared_INT.lst -g -D DEBUG -D BOARD_2 -Wall -ffunction-sections -Og -ffat-lto-objects -c .\Generated_Source\PSoC4\ADC_Infrared_INT.c -o .\CortexM0\ARM_GCC_493\Debug\ADC_Infrared_INT.o
arm-none-eabi-gcc.exe -mcpu=cortex-m0 -mthumb -Wno-main -I..\source -I. -IGenerated_Source\PSoC4 -Wa,-alh=.\CortexM0\ARM_GCC_493\Debug/ADC_Infrared_IRQ.lst -g -D DEBUG -D BOARD_2 -Wall -ffunction-sections -Og -ffat-lto-objects -c .\Generated_Source\PSoC4\ADC_Infrared_IRQ.c -o .\CortexM0\ARM_GCC_493\Debug\ADC_Infrared_IRQ.o
arm-none-eabi-gcc.exe -mcpu=cortex-m0 -mthumb -Wno-main -I..\source -I. -IGenerated_Source\PSoC4 -Wa,-alh=.\CortexM0\ARM_GCC_493\Debug/ADC_Infrared_intClock.lst -g -D DEBUG -D BOARD_2 -Wall -ffunction-sections -Og -ffat-lto-objects -c .\Generated_Source\PSoC4\ADC_Infrared_intClock.c -o .\CortexM0\ARM_GCC_493\Debug\ADC_Infrared_intClock.o
arm-none-eabi-gcc.exe -mcpu=cortex-m0 -mthumb -Wno-main -I..\source -I. -IGenerated_Source\PSoC4 -Wa,-alh=.\CortexM0\ARM_GCC_493\Debug/HCSR04_Timer.lst -g -D DEBUG -D BOARD_2 -Wall -ffunction-sections -Og -ffat-lto-objects -c .\Generated_Source\PSoC4\HCSR04_Timer.c -o .\CortexM0\ARM_GCC_493\Debug\HCSR04_Timer.o
arm-none-eabi-gcc.exe -mcpu=cortex-m0 -mthumb -Wno-main -I..\source -I. -IGenerated_Source\PSoC4 -Wa,-alh=.\CortexM0\ARM_GCC_493\Debug/HCSR04_Timer_PM.lst -g -D DEBUG -D BOARD_2 -Wall -ffunction-sections -Og -ffat-lto-objects -c .\Generated_Source\PSoC4\HCSR04_Timer_PM.c -o .\CortexM0\ARM_GCC_493\Debug\HCSR04_Timer_PM.o
arm-none-eabi-gcc.exe -mcpu=cortex-m0 -mthumb -Wno-main -I..\source -I. -IGenerated_Source\PSoC4 -Wa,-alh=.\CortexM0\ARM_GCC_493\Debug/HCSR04_Clock.lst -g -D DEBUG -D BOARD_2 -Wall -ffunction-sections -Og -ffat-lto-objects -c .\Generated_Source\PSoC4\HCSR04_Clock.c -o .\CortexM0\ARM_GCC_493\Debug\HCSR04_Clock.o
arm-none-eabi-gcc.exe -mcpu=cortex-m0 -mthumb -Wno-main -I..\source -I. -IGenerated_Source\PSoC4 -Wa,-alh=.\CortexM0\ARM_GCC_493\Debug/HCSR04_Timeout_Intr.lst -g -D DEBUG -D BOARD_2 -Wall -ffunction-sections -Og -ffat-lto-objects -c .\Generated_Source\PSoC4\HCSR04_Timeout_Intr.c -o .\CortexM0\ARM_GCC_493\Debug\HCSR04_Timeout_Intr.o
arm-none-eabi-gcc.exe -mcpu=cortex-m0 -mthumb -Wno-main -I..\source -I. -IGenerated_Source\PSoC4 -Wa,-alh=.\CortexM0\ARM_GCC_493\Debug/HCSR04_Control.lst -g -D DEBUG -D BOARD_2 -Wall -ffunction-sections -Og -ffat-lto-objects -c .\Generated_Source\PSoC4\HCSR04_Control.c -o .\CortexM0\ARM_GCC_493\Debug\HCSR04_Control.o
arm-none-eabi-gcc.exe -mcpu=cortex-m0 -mthumb -Wno-main -I..\source -I. -IGenerated_Source\PSoC4 -Wa,-alh=.\CortexM0\ARM_GCC_493\Debug/HCSR04_Control_PM.lst -g -D DEBUG -D BOARD_2 -Wall -ffunction-sections -Og -ffat-lto-objects -c .\Generated_Source\PSoC4\HCSR04_Control_PM.c -o .\CortexM0\ARM_GCC_493\Debug\HCSR04_Control_PM.o
arm-none-eabi-gcc.exe -mcpu=cortex-m0 -mthumb -Wno-main -I..\source -I. -IGenerated_Source\PSoC4 -Wa,-alh=.\CortexM0\ARM_GCC_493\Debug/HCSR04_Echo_0.lst -g -D DEBUG -D BOARD_2 -Wall -ffunction-sections -Og -ffat-lto-objects -c .\Generated_Source\PSoC4\HCSR04_Echo_0.c -o .\CortexM0\ARM_GCC_493\Debug\HCSR04_Echo_0.o
arm-none-eabi-gcc.exe -mcpu=cortex-m0 -mthumb -Wno-main -I..\source -I. -IGenerated_Source\PSoC4 -Wa,-alh=.\CortexM0\ARM_GCC_493\Debug/HCSR04_Echo_0_PM.lst -g -D DEBUG -D BOARD_2 -Wall -ffunction-sections -Og -ffat-lto-objects -c .\Generated_Source\PSoC4\HCSR04_Echo_0_PM.c -o .\CortexM0\ARM_GCC_493\Debug\HCSR04_Echo_0_PM.o
arm-none-eabi-gcc.exe -mcpu=cortex-m0 -mthumb -Wno-main -I..\source -I. -IGenerated_Source\PSoC4 -Wa,-alh=.\CortexM0\ARM_GCC_493\Debug/HCSR04_Echo_3.lst -g -D DEBUG -D BOARD_2 -Wall -ffunction-sections -Og -ffat-lto-objects -c .\Generated_Source\PSoC4\HCSR04_Echo_3.c -o .\CortexM0\ARM_GCC_493\Debug\HCSR04_Echo_3.o
arm-none-eabi-gcc.exe -mcpu=cortex-m0 -mthumb -Wno-main -I..\source -I. -IGenerated_Source\PSoC4 -Wa,-alh=.\CortexM0\ARM_GCC_493\Debug/HCSR04_Echo_3_PM.lst -g -D DEBUG -D BOARD_2 -Wall -ffunction-sections -Og -ffat-lto-objects -c .\Generated_Source\PSoC4\HCSR04_Echo_3_PM.c -o .\CortexM0\ARM_GCC_493\Debug\HCSR04_Echo_3_PM.o
arm-none-eabi-gcc.exe -mcpu=cortex-m0 -mthumb -Wno-main -I..\source -I. -IGenerated_Source\PSoC4 -Wa,-alh=.\CortexM0\ARM_GCC_493\Debug/HCSR04_Echo_2.lst -g -D DEBUG -D BOARD_2 -Wall -ffunction-sections -Og -ffat-lto-objects -c .\Generated_Source\PSoC4\HCSR04_Echo_2.c -o .\CortexM0\ARM_GCC_493\Debug\HCSR04_Echo_2.o
arm-none-eabi-gcc.exe -mcpu=cortex-m0 -mthumb -Wno-main -I..\source -I. -IGenerated_Source\PSoC4 -Wa,-alh=.\CortexM0\ARM_GCC_493\Debug/HCSR04_Echo_2_PM.lst -g -D DEBUG -D BOARD_2 -Wall -ffunction-sections -Og -ffat-lto-objects -c .\Generated_Source\PSoC4\HCSR04_Echo_2_PM.c -o .\CortexM0\ARM_GCC_493\Debug\HCSR04_Echo_2_PM.o
arm-none-eabi-gcc.exe -mcpu=cortex-m0 -mthumb -Wno-main -I..\source -I. -IGenerated_Source\PSoC4 -Wa,-alh=.\CortexM0\ARM_GCC_493\Debug/HCSR04_Echo_1.lst -g -D DEBUG -D BOARD_2 -Wall -ffunction-sections -Og -ffat-lto-objects -c .\Generated_Source\PSoC4\HCSR04_Echo_1.c -o .\CortexM0\ARM_GCC_493\Debug\HCSR04_Echo_1.o
arm-none-eabi-gcc.exe -mcpu=cortex-m0 -mthumb -Wno-main -I..\source -I. -IGenerated_Source\PSoC4 -Wa,-alh=.\CortexM0\ARM_GCC_493\Debug/HCSR04_Echo_1_PM.lst -g -D DEBUG -D BOARD_2 -Wall -ffunction-sections -Og -ffat-lto-objects -c .\Generated_Source\PSoC4\HCSR04_Echo_1_PM.c -o .\CortexM0\ARM_GCC_493\Debug\HCSR04_Echo_1_PM.o
arm-none-eabi-gcc.exe -mcpu=cortex-m0 -mthumb -Wno-main -I..\source -I. -IGenerated_Source\PSoC4 -Wa,-alh=.\CortexM0\ARM_GCC_493\Debug/HCSR04_Trigger_0.lst -g -D DEBUG -D BOARD_2 -Wall -ffunction-sections -Og -ffat-lto-objects -c .\Generated_Source\PSoC4\HCSR04_Trigger_0.c -o .\CortexM0\ARM_GCC_493\Debug\HCSR04_Trigger_0.o
arm-none-eabi-gcc.exe -mcpu=cortex-m0 -mthumb -Wno-main -I..\source -I. -IGenerated_Source\PSoC4 -Wa,-alh=.\CortexM0\ARM_GCC_493\Debug/HCSR04_Trigger_0_PM.lst -g -D DEBUG -D BOARD_2 -Wall -ffunction-sections -Og -ffat-lto-objects -c .\Generated_Source\PSoC4\HCSR04_Trigger_0_PM.c -o .\CortexM0\ARM_GCC_493\Debug\HCSR04_Trigger_0_PM.o
arm-none-eabi-gcc.exe -mcpu=cortex-m0 -mthumb -Wno-main -I..\source -I. -IGenerated_Source\PSoC4 -Wa,-alh=.\CortexM0\ARM_GCC_493\Debug/HCSR04_Trigger_2.lst -g -D DEBUG -D BOARD_2 -Wall -ffunction-sections -Og -ffat-lto-objects -c .\Generated_Source\PSoC4\HCSR04_Trigger_2.c -o .\CortexM0\ARM_GCC_493\Debug\HCSR04_Trigger_2.o
arm-none-eabi-gcc.exe -mcpu=cortex-m0 -mthumb -Wno-main -I..\source -I. -IGenerated_Source\PSoC4 -Wa,-alh=.\CortexM0\ARM_GCC_493\Debug/HCSR04_Trigger_2_PM.lst -g -D DEBUG -D BOARD_2 -Wall -ffunction-sections -Og -ffat-lto-objects -c .\Generated_Source\PSoC4\HCSR04_Trigger_2_PM.c -o .\CortexM0\ARM_GCC_493\Debug\HCSR04_Trigger_2_PM.o
arm-none-eabi-gcc.exe -mcpu=cortex-m0 -mthumb -Wno-main -I..\source -I. -IGenerated_Source\PSoC4 -Wa,-alh=.\CortexM0\ARM_GCC_493\Debug/HCSR04_Trigger_3.lst -g -D DEBUG -D BOARD_2 -Wall -ffunction-sections -Og -ffat-lto-objects -c .\Generated_Source\PSoC4\HCSR04_Trigger_3.c -o .\CortexM0\ARM_GCC_493\Debug\HCSR04_Trigger_3.o
arm-none-eabi-gcc.exe -mcpu=cortex-m0 -mthumb -Wno-main -I..\source -I. -IGenerated_Source\PSoC4 -Wa,-alh=.\CortexM0\ARM_GCC_493\Debug/HCSR04_Trigger_3_PM.lst -g -D DEBUG -D BOARD_2 -Wall -ffunction-sections -Og -ffat-lto-objects -c .\Generated_Source\PSoC4\HCSR04_Trigger_3_PM.c -o .\CortexM0\ARM_GCC_493\Debug\HCSR04_Trigger_3_PM.o
arm-none-eabi-gcc.exe -mcpu=cortex-m0 -mthumb -Wno-main -I..\source -I. -IGenerated_Source\PSoC4 -Wa,-alh=.\CortexM0\ARM_GCC_493\Debug/HCSR04_Trigger_1.lst -g -D DEBUG -D BOARD_2 -Wall -ffunction-sections -Og -ffat-lto-objects -c .\Generated_Source\PSoC4\HCSR04_Trigger_1.c -o .\CortexM0\ARM_GCC_493\Debug\HCSR04_Trigger_1.o
arm-none-eabi-gcc.exe -mcpu=cortex-m0 -mthumb -Wno-main -I..\source -I. -IGenerated_Source\PSoC4 -Wa,-alh=.\CortexM0\ARM_GCC_493\Debug/HCSR04_Trigger_1_PM.lst -g -D DEBUG -D BOARD_2 -Wall -ffunction-sections -Og -ffat-lto-objects -c .\Generated_Source\PSoC4\HCSR04_Trigger_1_PM.c -o .\CortexM0\ARM_GCC_493\Debug\HCSR04_Trigger_1_PM.o
arm-none-eabi-gcc.exe -mcpu=cortex-m0 -mthumb -Wno-main -I..\source -I. -IGenerated_Source\PSoC4 -Wa,-alh=.\CortexM0\ARM_GCC_493\Debug/HB25_Enable_Pin.lst -g -D DEBUG -D BOARD_2 -Wall -ffunction-sections -Og -ffat-lto-objects -c .\Generated_Source\PSoC4\HB25_Enable_Pin.c -o .\CortexM0\ARM_GCC_493\Debug\HB25_Enable_Pin.o
arm-none-eabi-gcc.exe -mcpu=cortex-m0 -mthumb -Wno-main -I..\source -I. -IGenerated_Source\PSoC4 -Wa,-alh=.\CortexM0\ARM_GCC_493\Debug/HB25_Enable_Pin_PM.lst -g -D DEBUG -D BOARD_2 -Wall -ffunction-sections -Og -ffat-lto-objects -c .\Generated_Source\PSoC4\HB25_Enable_Pin_PM.c -o .\CortexM0\ARM_GCC_493\Debug\HB25_Enable_Pin_PM.o
arm-none-eabi-gcc.exe -mcpu=cortex-m0 -mthumb -Wno-main -I..\source -I. -IGenerated_Source\PSoC4 -Wa,-alh=.\CortexM0\ARM_GCC_493\Debug/UARTCOMMS.lst -g -D DEBUG -D BOARD_2 -Wall -ffunction-sections -Og -ffat-lto-objects -c .\Generated_Source\PSoC4\UARTCOMMS.c -o .\CortexM0\ARM_GCC_493\Debug\UARTCOMMS.o
arm-none-eabi-gcc.exe -mcpu=cortex-m0 -mthumb -Wno-main -I..\source -I. -IGenerated_Source\PSoC4 -Wa,-alh=.\CortexM0\ARM_GCC_493\Debug/UARTCOMMS_SPI_UART.lst -g -D DEBUG -D BOARD_2 -Wall -ffunction-sections -Og -ffat-lto-objects -c .\Generated_Source\PSoC4\UARTCOMMS_SPI_UART.c -o .\CortexM0\ARM_GCC_493\Debug\UARTCOMMS_SPI_UART.o
arm-none-eabi-gcc.exe -mcpu=cortex-m0 -mthumb -Wno-main -I..\source -I. -IGenerated_Source\PSoC4 -Wa,-alh=.\CortexM0\ARM_GCC_493\Debug/UARTCOMMS_SPI_UART_INT.lst -g -D DEBUG -D BOARD_2 -Wall -ffunction-sections -Og -ffat-lto-objects -c .\Generated_Source\PSoC4\UARTCOMMS_SPI_UART_INT.c -o .\CortexM0\ARM_GCC_493\Debug\UARTCOMMS_SPI_UART_INT.o
arm-none-eabi-gcc.exe -mcpu=cortex-m0 -mthumb -Wno-main -I..\source -I. -IGenerated_Source\PSoC4 -Wa,-alh=.\CortexM0\ARM_GCC_493\Debug/UARTCOMMS_PM.lst -g -D DEBUG -D BOARD_2 -Wall -ffunction-sections -Og -ffat-lto-objects -c .\Generated_Source\PSoC4\UARTCOMMS_PM.c -o .\CortexM0\ARM_GCC_493\Debug\UARTCOMMS_PM.o
arm-none-eabi-gcc.exe -mcpu=cortex-m0 -mthumb -Wno-main -I..\source -I. -IGenerated_Source\PSoC4 -Wa,-alh=.\CortexM0\ARM_GCC_493\Debug/UARTCOMMS_UART.lst -g -D DEBUG -D BOARD_2 -Wall -ffunction-sections -Og -ffat-lto-objects -c .\Generated_Source\PSoC4\UARTCOMMS_UART.c -o .\CortexM0\ARM_GCC_493\Debug\UARTCOMMS_UART.o
arm-none-eabi-gcc.exe -mcpu=cortex-m0 -mthumb -Wno-main -I..\source -I. -IGenerated_Source\PSoC4 -Wa,-alh=.\CortexM0\ARM_GCC_493\Debug/UARTCOMMS_BOOT.lst -g -D DEBUG -D BOARD_2 -Wall -ffunction-sections -Og -ffat-lto-objects -c .\Generated_Source\PSoC4\UARTCOMMS_BOOT.c -o .\CortexM0\ARM_GCC_493\Debug\UARTCOMMS_BOOT.o
arm-none-eabi-gcc.exe -mcpu=cortex-m0 -mthumb -Wno-main -I..\source -I. -IGenerated_Source\PSoC4 -Wa,-alh=.\CortexM0\ARM_GCC_493\Debug/UARTCOMMS_UART_BOOT.lst -g -D DEBUG -D BOARD_2 -Wall -ffunction-sections -Og -ffat-lto-objects -c .\Generated_Source\PSoC4\UARTCOMMS_UART_BOOT.c -o .\CortexM0\ARM_GCC_493\Debug\UARTCOMMS_UART_BOOT.o
arm-none-eabi-gcc.exe -mcpu=cortex-m0 -mthumb -Wno-main -I..\source -I. -IGenerated_Source\PSoC4 -Wa,-alh=.\CortexM0\ARM_GCC_493\Debug/UARTCOMMS_SCBCLK.lst -g -D DEBUG -D BOARD_2 -Wall -ffunction-sections -Og -ffat-lto-objects -c .\Generated_Source\PSoC4\UARTCOMMS_SCBCLK.c -o .\CortexM0\ARM_GCC_493\Debug\UARTCOMMS_SCBCLK.o
arm-none-eabi-gcc.exe -mcpu=cortex-m0 -mthumb -Wno-main -I..\source -I. -IGenerated_Source\PSoC4 -Wa,-alh=.\CortexM0\ARM_GCC_493\Debug/UARTCOMMS_tx.lst -g -D DEBUG -D BOARD_2 -Wall -ffunction-sections -Og -ffat-lto-objects -c .\Generated_Source\PSoC4\UARTCOMMS_tx.c -o .\CortexM0\ARM_GCC_493\Debug\UARTCOMMS_tx.o
arm-none-eabi-gcc.exe -mcpu=cortex-m0 -mthumb -Wno-main -I..\source -I. -IGenerated_Source\PSoC4 -Wa,-alh=.\CortexM0\ARM_GCC_493\Debug/UARTCOMMS_tx_PM.lst -g -D DEBUG -D BOARD_2 -Wall -ffunction-sections -Og -ffat-lto-objects -c .\Generated_Source\PSoC4\UARTCOMMS_tx_PM.c -o .\CortexM0\ARM_GCC_493\Debug\UARTCOMMS_tx_PM.o
arm-none-eabi-gcc.exe -mcpu=cortex-m0 -mthumb -Wno-main -I..\source -I. -IGenerated_Source\PSoC4 -Wa,-alh=.\CortexM0\ARM_GCC_493\Debug/UARTCOMMS_SCB_IRQ.lst -g -D DEBUG -D BOARD_2 -Wall -ffunction-sections -Og -ffat-lto-objects -c .\Generated_Source\PSoC4\UARTCOMMS_SCB_IRQ.c -o .\CortexM0\ARM_GCC_493\Debug\UARTCOMMS_SCB_IRQ.o
arm-none-eabi-gcc.exe -mcpu=cortex-m0 -mthumb -Wno-main -I..\source -I. -IGenerated_Source\PSoC4 -Wa,-alh=.\CortexM0\ARM_GCC_493\Debug/EZI2C_Slave.lst -g -D DEBUG -D BOARD_2 -Wall -ffunction-sections -Og -ffat-lto-objects -c .\Generated_Source\PSoC4\EZI2C_Slave.c -o .\CortexM0\ARM_GCC_493\Debug\EZI2C_Slave.o
arm-none-eabi-gcc.exe -mcpu=cortex-m0 -mthumb -Wno-main -I..\source -I. -IGenerated_Source\PSoC4 -Wa,-alh=.\CortexM0\ARM_GCC_493\Debug/EZI2C_Slave_PM.lst -g -D DEBUG -D BOARD_2 -Wall -ffunction-sections -Og -ffat-lto-objects -c .\Generated_Source\PSoC4\EZI2C_Slave_PM.c -o .\CortexM0\ARM_GCC_493\Debug\EZI2C_Slave_PM.o
arm-none-eabi-gcc.exe -mcpu=cortex-m0 -mthumb -Wno-main -I..\source -I. -IGenerated_Source\PSoC4 -Wa,-alh=.\CortexM0\ARM_GCC_493\Debug/EZI2C_Slave_BOOT.lst -g -D DEBUG -D BOARD_2 -Wall -ffunction-sections -Og -ffat-lto-objects -c .\Generated_Source\PSoC4\EZI2C_Slave_BOOT.c -o .\CortexM0\ARM_GCC_493\Debug\EZI2C_Slave_BOOT.o
arm-none-eabi-gcc.exe -mcpu=cortex-m0 -mthumb -Wno-main -I..\source -I. -IGenerated_Source\PSoC4 -Wa,-alh=.\CortexM0\ARM_GCC_493\Debug/EZI2C_Slave_EZI2C.lst -g -D DEBUG -D BOARD_2 -Wall -ffunction-sections -Og -ffat-lto-objects -c .\Generated_Source\PSoC4\EZI2C_Slave_EZI2C.c -o .\CortexM0\ARM_GCC_493\Debug\EZI2C_Slave_EZI2C.o
arm-none-eabi-gcc.exe -mcpu=cortex-m0 -mthumb -Wno-main -I..\source -I. -IGenerated_Source\PSoC4 -Wa,-alh=.\CortexM0\ARM_GCC_493\Debug/EZI2C_Slave_EZI2C_INT.lst -g -D DEBUG -D BOARD_2 -Wall -ffunction-sections -Og -ffat-lto-objects -c .\Generated_Source\PSoC4\EZI2C_Slave_EZI2C_INT.c -o .\CortexM0\ARM_GCC_493\Debug\EZI2C_Slave_EZI2C_INT.o
arm-none-eabi-gcc.exe -mcpu=cortex-m0 -mthumb -Wno-main -I..\source -I. -IGenerated_Source\PSoC4 -Wa,-alh=.\CortexM0\ARM_GCC_493\Debug/EZI2C_Slave_EZI2C_BOOT.lst -g -D DEBUG -D BOARD_2 -Wall -ffunction-sections -Og -ffat-lto-objects -c .\Generated_Source\PSoC4\EZI2C_Slave_EZI2C_BOOT.c -o .\CortexM0\ARM_GCC_493\Debug\EZI2C_Slave_EZI2C_BOOT.o
arm-none-eabi-gcc.exe -mcpu=cortex-m0 -mthumb -Wno-main -I..\source -I. -IGenerated_Source\PSoC4 -Wa,-alh=.\CortexM0\ARM_GCC_493\Debug/I2C_Master.lst -g -D DEBUG -D BOARD_2 -Wall -ffunction-sections -Og -ffat-lto-objects -c .\Generated_Source\PSoC4\I2C_Master.c -o .\CortexM0\ARM_GCC_493\Debug\I2C_Master.o
arm-none-eabi-gcc.exe -mcpu=cortex-m0 -mthumb -Wno-main -I..\source -I. -IGenerated_Source\PSoC4 -Wa,-alh=.\CortexM0\ARM_GCC_493\Debug/I2C_Master_I2C_INT.lst -g -D DEBUG -D BOARD_2 -Wall -ffunction-sections -Og -ffat-lto-objects -c .\Generated_Source\PSoC4\I2C_Master_I2C_INT.c -o .\CortexM0\ARM_GCC_493\Debug\I2C_Master_I2C_INT.o
arm-none-eabi-gcc.exe -mcpu=cortex-m0 -mthumb -Wno-main -I..\source -I. -IGenerated_Source\PSoC4 -Wa,-alh=.\CortexM0\ARM_GCC_493\Debug/I2C_Master_I2C.lst -g -D DEBUG -D BOARD_2 -Wall -ffunction-sections -Og -ffat-lto-objects -c .\Generated_Source\PSoC4\I2C_Master_I2C.c -o .\CortexM0\ARM_GCC_493\Debug\I2C_Master_I2C.o
arm-none-eabi-gcc.exe -mcpu=cortex-m0 -mthumb -Wno-main -I..\source -I. -IGenerated_Source\PSoC4 -Wa,-alh=.\CortexM0\ARM_GCC_493\Debug/I2C_Master_I2C_BOOT.lst -g -D DEBUG -D BOARD_2 -Wall -ffunction-sections -Og -ffat-lto-objects -c .\Generated_Source\PSoC4\I2C_Master_I2C_BOOT.c -o .\CortexM0\ARM_GCC_493\Debug\I2C_Master_I2C_BOOT.o
arm-none-eabi-gcc.exe -mcpu=cortex-m0 -mthumb -Wno-main -I..\source -I. -IGenerated_Source\PSoC4 -Wa,-alh=.\CortexM0\ARM_GCC_493\Debug/I2C_Master_I2C_MASTER.lst -g -D DEBUG -D BOARD_2 -Wall -ffunction-sections -Og -ffat-lto-objects -c .\Generated_Source\PSoC4\I2C_Master_I2C_MASTER.c -o .\CortexM0\ARM_GCC_493\Debug\I2C_Master_I2C_MASTER.o
arm-none-eabi-gcc.exe -mcpu=cortex-m0 -mthumb -Wno-main -I..\source -I. -IGenerated_Source\PSoC4 -Wa,-alh=.\CortexM0\ARM_GCC_493\Debug/I2C_Master_PM.lst -g -D DEBUG -D BOARD_2 -Wall -ffunction-sections -Og -ffat-lto-objects -c .\Generated_Source\PSoC4\I2C_Master_PM.c -o .\CortexM0\ARM_GCC_493\Debug\I2C_Master_PM.o
arm-none-eabi-gcc.exe -mcpu=cortex-m0 -mthumb -Wno-main -I..\source -I. -IGenerated_Source\PSoC4 -Wa,-alh=.\CortexM0\ARM_GCC_493\Debug/I2C_Master_BOOT.lst -g -D DEBUG -D BOARD_2 -Wall -ffunction-sections -Og -ffat-lto-objects -c .\Generated_Source\PSoC4\I2C_Master_BOOT.c -o .\CortexM0\ARM_GCC_493\Debug\I2C_Master_BOOT.o
arm-none-eabi-gcc.exe -mcpu=cortex-m0 -mthumb -Wno-main -I..\source -I. -IGenerated_Source\PSoC4 -Wa,-alh=.\CortexM0\ARM_GCC_493\Debug/EZI2C_Slave_SCBCLK.lst -g -D DEBUG -D BOARD_2 -Wall -ffunction-sections -Og -ffat-lto-objects -c .\Generated_Source\PSoC4\EZI2C_Slave_SCBCLK.c -o .\CortexM0\ARM_GCC_493\Debug\EZI2C_Slave_SCBCLK.o
arm-none-eabi-gcc.exe -mcpu=cortex-m0 -mthumb -Wno-main -I..\source -I. -IGenerated_Source\PSoC4 -Wa,-alh=.\CortexM0\ARM_GCC_493\Debug/EZI2C_Slave_sda.lst -g -D DEBUG -D BOARD_2 -Wall -ffunction-sections -Og -ffat-lto-objects -c .\Generated_Source\PSoC4\EZI2C_Slave_sda.c -o .\CortexM0\ARM_GCC_493\Debug\EZI2C_Slave_sda.o
arm-none-eabi-gcc.exe -mcpu=cortex-m0 -mthumb -Wno-main -I..\source -I. -IGenerated_Source\PSoC4 -Wa,-alh=.\CortexM0\ARM_GCC_493\Debug/EZI2C_Slave_sda_PM.lst -g -D DEBUG -D BOARD_2 -Wall -ffunction-sections -Og -ffat-lto-objects -c .\Generated_Source\PSoC4\EZI2C_Slave_sda_PM.c -o .\CortexM0\ARM_GCC_493\Debug\EZI2C_Slave_sda_PM.o
arm-none-eabi-gcc.exe -mcpu=cortex-m0 -mthumb -Wno-main -I..\source -I. -IGenerated_Source\PSoC4 -Wa,-alh=.\CortexM0\ARM_GCC_493\Debug/EZI2C_Slave_scl.lst -g -D DEBUG -D BOARD_2 -Wall -ffunction-sections -Og -ffat-lto-objects -c .\Generated_Source\PSoC4\EZI2C_Slave_scl.c -o .\CortexM0\ARM_GCC_493\Debug\EZI2C_Slave_scl.o
arm-none-eabi-gcc.exe -mcpu=cortex-m0 -mthumb -Wno-main -I..\source -I. -IGenerated_Source\PSoC4 -Wa,-alh=.\CortexM0\ARM_GCC_493\Debug/EZI2C_Slave_scl_PM.lst -g -D DEBUG -D BOARD_2 -Wall -ffunction-sections -Og -ffat-lto-objects -c .\Generated_Source\PSoC4\EZI2C_Slave_scl_PM.c -o .\CortexM0\ARM_GCC_493\Debug\EZI2C_Slave_scl_PM.o
arm-none-eabi-gcc.exe -mcpu=cortex-m0 -mthumb -Wno-main -I..\source -I. -IGenerated_Source\PSoC4 -Wa,-alh=.\CortexM0\ARM_GCC_493\Debug/EZI2C_Slave_SCB_IRQ.lst -g -D DEBUG -D BOARD_2 -Wall -ffunction-sections -Og -ffat-lto-objects -c .\Generated_Source\PSoC4\EZI2C_Slave_SCB_IRQ.c -o .\CortexM0\ARM_GCC_493\Debug\EZI2C_Slave_SCB_IRQ.o
arm-none-eabi-gcc.exe -mcpu=cortex-m0 -mthumb -Wno-main -I..\source -I. -IGenerated_Source\PSoC4 -Wa,-alh=.\CortexM0\ARM_GCC_493\Debug/I2C_Master_SCBCLK.lst -g -D DEBUG -D BOARD_2 -Wall -ffunction-sections -Og -ffat-lto-objects -c .\Generated_Source\PSoC4\I2C_Master_SCBCLK.c -o .\CortexM0\ARM_GCC_493\Debug\I2C_Master_SCBCLK.o
arm-none-eabi-gcc.exe -mcpu=cortex-m0 -mthumb -Wno-main -I..\source -I. -IGenerated_Source\PSoC4 -Wa,-alh=.\CortexM0\ARM_GCC_493\Debug/I2C_Master_sda.lst -g -D DEBUG -D BOARD_2 -Wall -ffunction-sections -Og -ffat-lto-objects -c .\Generated_Source\PSoC4\I2C_Master_sda.c -o .\CortexM0\ARM_GCC_493\Debug\I2C_Master_sda.o
arm-none-eabi-gcc.exe -mcpu=cortex-m0 -mthumb -Wno-main -I..\source -I. -IGenerated_Source\PSoC4 -Wa,-alh=.\CortexM0\ARM_GCC_493\Debug/I2C_Master_sda_PM.lst -g -D DEBUG -D BOARD_2 -Wall -ffunction-sections -Og -ffat-lto-objects -c .\Generated_Source\PSoC4\I2C_Master_sda_PM.c -o .\CortexM0\ARM_GCC_493\Debug\I2C_Master_sda_PM.o
arm-none-eabi-gcc.exe -mcpu=cortex-m0 -mthumb -Wno-main -I..\source -I. -IGenerated_Source\PSoC4 -Wa,-alh=.\CortexM0\ARM_GCC_493\Debug/I2C_Master_scl.lst -g -D DEBUG -D BOARD_2 -Wall -ffunction-sections -Og -ffat-lto-objects -c .\Generated_Source\PSoC4\I2C_Master_scl.c -o .\CortexM0\ARM_GCC_493\Debug\I2C_Master_scl.o
arm-none-eabi-gcc.exe -mcpu=cortex-m0 -mthumb -Wno-main -I..\source -I. -IGenerated_Source\PSoC4 -Wa,-alh=.\CortexM0\ARM_GCC_493\Debug/I2C_Master_scl_PM.lst -g -D DEBUG -D BOARD_2 -Wall -ffunction-sections -Og -ffat-lto-objects -c .\Generated_Source\PSoC4\I2C_Master_scl_PM.c -o .\CortexM0\ARM_GCC_493\Debug\I2C_Master_scl_PM.o
arm-none-eabi-gcc.exe -mcpu=cortex-m0 -mthumb -Wno-main -I..\source -I. -IGenerated_Source\PSoC4 -Wa,-alh=.\CortexM0\ARM_GCC_493\Debug/I2C_Master_SCB_IRQ.lst -g -D DEBUG -D BOARD_2 -Wall -ffunction-sections -Og -ffat-lto-objects -c .\Generated_Source\PSoC4\I2C_Master_SCB_IRQ.c -o .\CortexM0\ARM_GCC_493\Debug\I2C_Master_SCB_IRQ.o
arm-none-eabi-gcc.exe -mcpu=cortex-m0 -mthumb -Wno-main -I..\source -I. -IGenerated_Source\PSoC4 -Wa,-alh=.\CortexM0\ARM_GCC_493\Debug/Phase_Counter.lst -g -D DEBUG -D BOARD_2 -Wall -ffunction-sections -Og -ffat-lto-objects -c .\Generated_Source\PSoC4\Phase_Counter.c -o .\CortexM0\ARM_GCC_493\Debug\Phase_Counter.o
arm-none-eabi-gcc.exe -mcpu=cortex-m0 -mthumb -Wno-main -I..\source -I. -IGenerated_Source\PSoC4 -Wa,-alh=.\CortexM0\ARM_GCC_493\Debug/Phase_Counter_PM.lst -g -D DEBUG -D BOARD_2 -Wall -ffunction-sections -Og -ffat-lto-objects -c .\Generated_Source\PSoC4\Phase_Counter_PM.c -o .\CortexM0\ARM_GCC_493\Debug\Phase_Counter_PM.o
arm-none-eabi-gcc.exe -mcpu=cortex-m0 -mthumb -Wno-main -I..\source -I. -IGenerated_Source\PSoC4 -Wa,-alh=.\CortexM0\ARM_GCC_493\Debug/Encoder_B.lst -g -D DEBUG -D BOARD_2 -Wall -ffunction-sections -Og -ffat-lto-objects -c .\Generated_Source\PSoC4\Encoder_B.c -o .\CortexM0\ARM_GCC_493\Debug\Encoder_B.o
arm-none-eabi-gcc.exe -mcpu=cortex-m0 -mthumb -Wno-main -I..\source -I. -IGenerated_Source\PSoC4 -Wa,-alh=.\CortexM0\ARM_GCC_493\Debug/Encoder_B_PM.lst -g -D DEBUG -D BOARD_2 -Wall -ffunction-sections -Og -ffat-lto-objects -c .\Generated_Source\PSoC4\Encoder_B_PM.c -o .\CortexM0\ARM_GCC_493\Debug\Encoder_B_PM.o
arm-none-eabi-gcc.exe -mcpu=cortex-m0 -mthumb -Wno-main -I..\source -I. -IGenerated_Source\PSoC4 -Wa,-alh=.\CortexM0\ARM_GCC_493\Debug/Encoder_A.lst -g -D DEBUG -D BOARD_2 -Wall -ffunction-sections -Og -ffat-lto-objects -c .\Generated_Source\PSoC4\Encoder_A.c -o .\CortexM0\ARM_GCC_493\Debug\Encoder_A.o
arm-none-eabi-gcc.exe -mcpu=cortex-m0 -mthumb -Wno-main -I..\source -I. -IGenerated_Source\PSoC4 -Wa,-alh=.\CortexM0\ARM_GCC_493\Debug/Encoder_A_PM.lst -g -D DEBUG -D BOARD_2 -Wall -ffunction-sections -Og -ffat-lto-objects -c .\Generated_Source\PSoC4\Encoder_A_PM.c -o .\CortexM0\ARM_GCC_493\Debug\Encoder_A_PM.o
arm-none-eabi-gcc.exe -mcpu=cortex-m0 -mthumb -Wno-main -I..\source -I. -IGenerated_Source\PSoC4 -Wa,-alh=.\CortexM0\ARM_GCC_493\Debug/PhaseCounter_Intr.lst -g -D DEBUG -D BOARD_2 -Wall -ffunction-sections -Og -ffat-lto-objects -c .\Generated_Source\PSoC4\PhaseCounter_Intr.c -o .\CortexM0\ARM_GCC_493\Debug\PhaseCounter_Intr.o
arm-none-eabi-gcc.exe -mcpu=cortex-m0 -mthumb -Wno-main -I..\source -I. -IGenerated_Source\PSoC4 -Wa,-alh=.\CortexM0\ARM_GCC_493\Debug/Quadrature_Decode_Clock.lst -g -D DEBUG -D BOARD_2 -Wall -ffunction-sections -Og -ffat-lto-objects -c .\Generated_Source\PSoC4\Quadrature_Decode_Clock.c -o .\CortexM0\ARM_GCC_493\Debug\Quadrature_Decode_Clock.o
arm-none-eabi-gcc.exe -mcpu=cortex-m0 -mthumb -Wno-main -I..\source -I. -IGenerated_Source\PSoC4 -Wa,-alh=.\CortexM0\ARM_GCC_493\Debug/MainLoop_Pin.lst -g -D DEBUG -D BOARD_2 -Wall -ffunction-sections -Og -ffat-lto-objects -c .\Generated_Source\PSoC4\MainLoop_Pin.c -o .\CortexM0\ARM_GCC_493\Debug\MainLoop_Pin.o
arm-none-eabi-gcc.exe -mcpu=cortex-m0 -mthumb -Wno-main -I..\source -I. -IGenerated_Source\PSoC4 -Wa,-alh=.\CortexM0\ARM_GCC_493\Debug/MainLoop_Pin_PM.lst -g -D DEBUG -D BOARD_2 -Wall -ffunction-sections -Og -ffat-lto-objects -c .\Generated_Source\PSoC4\MainLoop_Pin_PM.c -o .\CortexM0\ARM_GCC_493\Debug\MainLoop_Pin_PM.o
arm-none-eabi-gcc.exe -mcpu=cortex-m0 -mthumb -Wno-main -I..\source -I. -IGenerated_Source\PSoC4 -Wa,-alh=.\CortexM0\ARM_GCC_493\Debug/Encoder_Count_Pin.lst -g -D DEBUG -D BOARD_2 -Wall -ffunction-sections -Og -ffat-lto-objects -c .\Generated_Source\PSoC4\Encoder_Count_Pin.c -o .\CortexM0\ARM_GCC_493\Debug\Encoder_Count_Pin.o
arm-none-eabi-gcc.exe -mcpu=cortex-m0 -mthumb -Wno-main -I..\source -I. -IGenerated_Source\PSoC4 -Wa,-alh=.\CortexM0\ARM_GCC_493\Debug/Encoder_Count_Pin_PM.lst -g -D DEBUG -D BOARD_2 -Wall -ffunction-sections -Og -ffat-lto-objects -c .\Generated_Source\PSoC4\Encoder_Count_Pin_PM.c -o .\CortexM0\ARM_GCC_493\Debug\Encoder_Count_Pin_PM.o
arm-none-eabi-ar.exe -rs .\CortexM0\ARM_GCC_493\Debug\Board1-RPi.a .\CortexM0\ARM_GCC_493\Debug\cyfitter_cfg.o .\CortexM0\ARM_GCC_493\Debug\PWM_1MHz.o .\CortexM0\ARM_GCC_493\Debug\CyBootAsmGnu.o .\CortexM0\ARM_GCC_493\Debug\CyFlash.o .\CortexM0\ARM_GCC_493\Debug\CyLib.o .\CortexM0\ARM_GCC_493\Debug\cyPm.o .\CortexM0\ARM_GCC_493\Debug\cyutils.o .\CortexM0\ARM_GCC_493\Debug\CyDMA.o .\CortexM0\ARM_GCC_493\Debug\CyLFClk.o .\CortexM0\ARM_GCC_493\Debug\HB25_PWM.o .\CortexM0\ARM_GCC_493\Debug\HB25_PWM_PM.o .\CortexM0\ARM_GCC_493\Debug\HB25_PWM_Pin.o .\CortexM0\ARM_GCC_493\Debug\HB25_PWM_Pin_PM.o .\CortexM0\ARM_GCC_493\Debug\Pin_InfraredDistance_0.o .\CortexM0\ARM_GCC_493\Debug\Pin_InfraredDistance_0_PM.o .\CortexM0\ARM_GCC_493\Debug\Pin_InfraredDistance_1.o .\CortexM0\ARM_GCC_493\Debug\Pin_InfraredDistance_1_PM.o .\CortexM0\ARM_GCC_493\Debug\Pin_InfraredDistance_2.o .\CortexM0\ARM_GCC_493\Debug\Pin_InfraredDistance_2_PM.o .\CortexM0\ARM_GCC_493\Debug\Pin_InfraredDistance_3.o .\CortexM0\ARM_GCC_493\Debug\Pin_InfraredDistance_3_PM.o .\CortexM0\ARM_GCC_493\Debug\ADC_Infrared.o .\CortexM0\ARM_GCC_493\Debug\ADC_Infrared_PM.o .\CortexM0\ARM_GCC_493\Debug\ADC_Infrared_INT.o .\CortexM0\ARM_GCC_493\Debug\ADC_Infrared_IRQ.o .\CortexM0\ARM_GCC_493\Debug\ADC_Infrared_intClock.o .\CortexM0\ARM_GCC_493\Debug\HCSR04_Timer.o .\CortexM0\ARM_GCC_493\Debug\HCSR04_Timer_PM.o .\CortexM0\ARM_GCC_493\Debug\HCSR04_Clock.o .\CortexM0\ARM_GCC_493\Debug\HCSR04_Timeout_Intr.o .\CortexM0\ARM_GCC_493\Debug\HCSR04_Control.o .\CortexM0\ARM_GCC_493\Debug\HCSR04_Control_PM.o .\CortexM0\ARM_GCC_493\Debug\HCSR04_Echo_0.o .\CortexM0\ARM_GCC_493\Debug\HCSR04_Echo_0_PM.o .\CortexM0\ARM_GCC_493\Debug\HCSR04_Echo_3.o .\CortexM0\ARM_GCC_493\Debug\HCSR04_Echo_3_PM.o .\CortexM0\ARM_GCC_493\Debug\HCSR04_Echo_2.o .\CortexM0\ARM_GCC_493\Debug\HCSR04_Echo_2_PM.o .\CortexM0\ARM_GCC_493\Debug\HCSR04_Echo_1.o .\CortexM0\ARM_GCC_493\Debug\HCSR04_Echo_1_PM.o .\CortexM0\ARM_GCC_493\Debug\HCSR04_Trigger_0.o .\CortexM0\ARM_GCC_493\Debug\HCSR04_Trigger_0_PM.o .\CortexM0\ARM_GCC_493\Debug\HCSR04_Trigger_2.o .\CortexM0\ARM_GCC_493\Debug\HCSR04_Trigger_2_PM.o .\CortexM0\ARM_GCC_493\Debug\HCSR04_Trigger_3.o .\CortexM0\ARM_GCC_493\Debug\HCSR04_Trigger_3_PM.o .\CortexM0\ARM_GCC_493\Debug\HCSR04_Trigger_1.o .\CortexM0\ARM_GCC_493\Debug\HCSR04_Trigger_1_PM.o .\CortexM0\ARM_GCC_493\Debug\HB25_Enable_Pin.o .\CortexM0\ARM_GCC_493\Debug\HB25_Enable_Pin_PM.o .\CortexM0\ARM_GCC_493\Debug\UARTCOMMS.o .\CortexM0\ARM_GCC_493\Debug\UARTCOMMS_SPI_UART.o .\CortexM0\ARM_GCC_493\Debug\UARTCOMMS_SPI_UART_INT.o .\CortexM0\ARM_GCC_493\Debug\UARTCOMMS_PM.o .\CortexM0\ARM_GCC_493\Debug\UARTCOMMS_UART.o .\CortexM0\ARM_GCC_493\Debug\UARTCOMMS_BOOT.o .\CortexM0\ARM_GCC_493\Debug\UARTCOMMS_UART_BOOT.o .\CortexM0\ARM_GCC_493\Debug\UARTCOMMS_SCBCLK.o .\CortexM0\ARM_GCC_493\Debug\UARTCOMMS_tx.o .\CortexM0\ARM_GCC_493\Debug\UARTCOMMS_tx_PM.o .\CortexM0\ARM_GCC_493\Debug\UARTCOMMS_SCB_IRQ.o .\CortexM0\ARM_GCC_493\Debug\EZI2C_Slave.o .\CortexM0\ARM_GCC_493\Debug\EZI2C_Slave_PM.o .\CortexM0\ARM_GCC_493\Debug\EZI2C_Slave_BOOT.o .\CortexM0\ARM_GCC_493\Debug\EZI2C_Slave_EZI2C.o .\CortexM0\ARM_GCC_493\Debug\EZI2C_Slave_EZI2C_INT.o .\CortexM0\ARM_GCC_493\Debug\EZI2C_Slave_EZI2C_BOOT.o .\CortexM0\ARM_GCC_493\Debug\I2C_Master.o .\CortexM0\ARM_GCC_493\Debug\I2C_Master_I2C_INT.o .\CortexM0\ARM_GCC_493\Debug\I2C_Master_I2C.o .\CortexM0\ARM_GCC_493\Debug\I2C_Master_I2C_BOOT.o .\CortexM0\ARM_GCC_493\Debug\I2C_Master_I2C_MASTER.o .\CortexM0\ARM_GCC_493\Debug\I2C_Master_PM.o .\CortexM0\ARM_GCC_493\Debug\I2C_Master_BOOT.o .\CortexM0\ARM_GCC_493\Debug\EZI2C_Slave_SCBCLK.o .\CortexM0\ARM_GCC_493\Debug\EZI2C_Slave_sda.o .\CortexM0\ARM_GCC_493\Debug\EZI2C_Slave_sda_PM.o .\CortexM0\ARM_GCC_493\Debug\EZI2C_Slave_scl.o .\CortexM0\ARM_GCC_493\Debug\EZI2C_Slave_scl_PM.o .\CortexM0\ARM_GCC_493\Debug\EZI2C_Slave_SCB_IRQ.o .\CortexM0\ARM_GCC_493\Debug\I2C_Master_SCBCLK.o .\CortexM0\ARM_GCC_493\Debug\I2C_Master_sda.o .\CortexM0\ARM_GCC_493\Debug\I2C_Master_sda_PM.o .\CortexM0\ARM_GCC_493\Debug\I2C_Master_scl.o .\CortexM0\ARM_GCC_493\Debug\I2C_Master_scl_PM.o .\CortexM0\ARM_GCC_493\Debug\I2C_Master_SCB_IRQ.o .\CortexM0\ARM_GCC_493\Debug\Phase_Counter.o .\CortexM0\ARM_GCC_493\Debug\Phase_Counter_PM.o .\CortexM0\ARM_GCC_493\Debug\Encoder_B.o .\CortexM0\ARM_GCC_493\Debug\Encoder_B_PM.o .\CortexM0\ARM_GCC_493\Debug\Encoder_A.o .\CortexM0\ARM_GCC_493\Debug\Encoder_A_PM.o .\CortexM0\ARM_GCC_493\Debug\PhaseCounter_Intr.o .\CortexM0\ARM_GCC_493\Debug\Quadrature_Decode_Clock.o .\CortexM0\ARM_GCC_493\Debug\MainLoop_Pin.o .\CortexM0\ARM_GCC_493\Debug\MainLoop_Pin_PM.o .\CortexM0\ARM_GCC_493\Debug\Encoder_Count_Pin.o .\CortexM0\ARM_GCC_493\Debug\Encoder_Count_Pin_PM.o
arm-none-eabi-ar.exe: creating .\CortexM0\ARM_GCC_493\Debug\Board1-RPi.a
arm-none-eabi-gcc.exe -Wl,--start-group -o .\CortexM0\ARM_GCC_493\Debug\Board1-RPi.elf .\CortexM0\ARM_GCC_493\Debug\encoder.o .\CortexM0\ARM_GCC_493\Debug\motor.o .\CortexM0\ARM_GCC_493\Debug\ultrasonic.o .\CortexM0\ARM_GCC_493\Debug\pid.o .\CortexM0\ARM_GCC_493\Debug\i2c.o .\CortexM0\ARM_GCC_493\Debug\control.o .\CortexM0\ARM_GCC_493\Debug\boardmain.o .\CortexM0\ARM_GCC_493\Debug\time.o .\CortexM0\ARM_GCC_493\Debug\infrared.o .\CortexM0\ARM_GCC_493\Debug\utils.o .\CortexM0\ARM_GCC_493\Debug\debug.o .\CortexM0\ARM_GCC_493\Debug\odom.o .\CortexM0\ARM_GCC_493\Debug\cal.o .\CortexM0\ARM_GCC_493\Debug\diag.o .\CortexM0\ARM_GCC_493\Debug\cymetadata.o .\CortexM0\ARM_GCC_493\Debug\Cm0Start.o .\CortexM0\ARM_GCC_493\Debug\Board1-RPi.a "C:\Program Files (x86)\Cypress\PSoC Creator\3.3\PSoC Creator\psoc\content\cycomponentlibrary\CyComponentLibrary.cylib\CortexM0\ARM_GCC_493\Debug\CyComponentLibrary.a" -mcpu=cortex-m0 -mthumb -g -ffunction-sections -Og -l m -L Generated_Source\PSoC4 -Wl,-Map,.\CortexM0\ARM_GCC_493\Debug/Board1-RPi.map -T Generated_Source\PSoC4\cm0gcc.ld -u _printf_float -Wl,--gc-sections -Wl,--end-group
cyelftool.exe -C D:\projects\ArloBot\ArlobotHw\DualBoard-043\Board1-RPi.cydsn\CortexM0\ARM_GCC_493\Debug\Board1-RPi.elf --flash_row_size 128 --flash_size 131072
cyelftool.exe -S D:\projects\ArloBot\ArlobotHw\DualBoard-043\Board1-RPi.cydsn\CortexM0\ARM_GCC_493\Debug\Board1-RPi.elf
Flash used: 35200 of 131072 bytes (26.9 %).
SRAM used: 9092 of 16384 bytes (55.5 %). Stack: 2048 bytes. Heap: 4096 bytes.
--------------- Rebuild Succeeded: 04/18/2016 15:21:20 ---------------
