ARM GAS  C:\Users\Tim\AppData\Local\Temp\cc3pKNhG.s 			page 1


   1              		.cpu cortex-m0
   2              		.fpu softvfp
   3              		.eabi_attribute 20, 1
   4              		.eabi_attribute 21, 1
   5              		.eabi_attribute 23, 3
   6              		.eabi_attribute 24, 1
   7              		.eabi_attribute 25, 1
   8              		.eabi_attribute 26, 1
   9              		.eabi_attribute 30, 1
  10              		.eabi_attribute 34, 0
  11              		.eabi_attribute 18, 4
  12              		.code	16
  13              		.file	"UARTCOMMS_SPI_UART_INT.c"
  14              		.text
  15              	.Ltext0:
  16              		.cfi_sections	.debug_frame
  17              		.section	.text.UARTCOMMS_SPI_UART_ISR,"ax",%progbits
  18              		.align	2
  19              		.global	UARTCOMMS_SPI_UART_ISR
  20              		.code	16
  21              		.thumb_func
  22              		.type	UARTCOMMS_SPI_UART_ISR, %function
  23              	UARTCOMMS_SPI_UART_ISR:
  24              	.LFB1:
  25              		.file 1 ".\\Generated_Source\\PSoC4\\UARTCOMMS_SPI_UART_INT.c"
   1:.\Generated_Source\PSoC4/UARTCOMMS_SPI_UART_INT.c **** /*******************************************************************************
   2:.\Generated_Source\PSoC4/UARTCOMMS_SPI_UART_INT.c **** * File Name: UARTCOMMS_SPI_UART_INT.c
   3:.\Generated_Source\PSoC4/UARTCOMMS_SPI_UART_INT.c **** * Version 3.10
   4:.\Generated_Source\PSoC4/UARTCOMMS_SPI_UART_INT.c **** *
   5:.\Generated_Source\PSoC4/UARTCOMMS_SPI_UART_INT.c **** * Description:
   6:.\Generated_Source\PSoC4/UARTCOMMS_SPI_UART_INT.c **** *  This file provides the source code to the Interrupt Service Routine for
   7:.\Generated_Source\PSoC4/UARTCOMMS_SPI_UART_INT.c **** *  the SCB Component in SPI and UART modes.
   8:.\Generated_Source\PSoC4/UARTCOMMS_SPI_UART_INT.c **** *
   9:.\Generated_Source\PSoC4/UARTCOMMS_SPI_UART_INT.c **** * Note:
  10:.\Generated_Source\PSoC4/UARTCOMMS_SPI_UART_INT.c **** *
  11:.\Generated_Source\PSoC4/UARTCOMMS_SPI_UART_INT.c **** ********************************************************************************
  12:.\Generated_Source\PSoC4/UARTCOMMS_SPI_UART_INT.c **** * Copyright 2013-2015, Cypress Semiconductor Corporation.  All rights reserved.
  13:.\Generated_Source\PSoC4/UARTCOMMS_SPI_UART_INT.c **** * You may use this file only in accordance with the license, terms, conditions,
  14:.\Generated_Source\PSoC4/UARTCOMMS_SPI_UART_INT.c **** * disclaimers, and limitations in the end user license agreement accompanying
  15:.\Generated_Source\PSoC4/UARTCOMMS_SPI_UART_INT.c **** * the software package with which this file was provided.
  16:.\Generated_Source\PSoC4/UARTCOMMS_SPI_UART_INT.c **** *******************************************************************************/
  17:.\Generated_Source\PSoC4/UARTCOMMS_SPI_UART_INT.c **** 
  18:.\Generated_Source\PSoC4/UARTCOMMS_SPI_UART_INT.c **** #include "UARTCOMMS_PVT.h"
  19:.\Generated_Source\PSoC4/UARTCOMMS_SPI_UART_INT.c **** #include "UARTCOMMS_SPI_UART_PVT.h"
  20:.\Generated_Source\PSoC4/UARTCOMMS_SPI_UART_INT.c **** #include "cyapicallbacks.h"
  21:.\Generated_Source\PSoC4/UARTCOMMS_SPI_UART_INT.c **** 
  22:.\Generated_Source\PSoC4/UARTCOMMS_SPI_UART_INT.c **** #if (UARTCOMMS_SCB_IRQ_INTERNAL)
  23:.\Generated_Source\PSoC4/UARTCOMMS_SPI_UART_INT.c **** /*******************************************************************************
  24:.\Generated_Source\PSoC4/UARTCOMMS_SPI_UART_INT.c **** * Function Name: UARTCOMMS_SPI_UART_ISR
  25:.\Generated_Source\PSoC4/UARTCOMMS_SPI_UART_INT.c **** ********************************************************************************
  26:.\Generated_Source\PSoC4/UARTCOMMS_SPI_UART_INT.c **** *
  27:.\Generated_Source\PSoC4/UARTCOMMS_SPI_UART_INT.c **** * Summary:
  28:.\Generated_Source\PSoC4/UARTCOMMS_SPI_UART_INT.c **** *  Handles the Interrupt Service Routine for the SCB SPI or UART modes.
  29:.\Generated_Source\PSoC4/UARTCOMMS_SPI_UART_INT.c **** *
  30:.\Generated_Source\PSoC4/UARTCOMMS_SPI_UART_INT.c **** * Parameters:
  31:.\Generated_Source\PSoC4/UARTCOMMS_SPI_UART_INT.c **** *  None
  32:.\Generated_Source\PSoC4/UARTCOMMS_SPI_UART_INT.c **** *
ARM GAS  C:\Users\Tim\AppData\Local\Temp\cc3pKNhG.s 			page 2


  33:.\Generated_Source\PSoC4/UARTCOMMS_SPI_UART_INT.c **** * Return:
  34:.\Generated_Source\PSoC4/UARTCOMMS_SPI_UART_INT.c **** *  None
  35:.\Generated_Source\PSoC4/UARTCOMMS_SPI_UART_INT.c **** *
  36:.\Generated_Source\PSoC4/UARTCOMMS_SPI_UART_INT.c **** *******************************************************************************/
  37:.\Generated_Source\PSoC4/UARTCOMMS_SPI_UART_INT.c **** CY_ISR(UARTCOMMS_SPI_UART_ISR)
  38:.\Generated_Source\PSoC4/UARTCOMMS_SPI_UART_INT.c **** {
  26              		.loc 1 38 0
  27              		.cfi_startproc
  28 0000 08B5     		push	{r3, lr}
  29              		.cfi_def_cfa_offset 8
  30              		.cfi_offset 3, -8
  31              		.cfi_offset 14, -4
  39:.\Generated_Source\PSoC4/UARTCOMMS_SPI_UART_INT.c **** #if (UARTCOMMS_INTERNAL_RX_SW_BUFFER_CONST)
  40:.\Generated_Source\PSoC4/UARTCOMMS_SPI_UART_INT.c ****     uint32 locHead;
  41:.\Generated_Source\PSoC4/UARTCOMMS_SPI_UART_INT.c **** #endif /* (UARTCOMMS_INTERNAL_RX_SW_BUFFER_CONST) */
  42:.\Generated_Source\PSoC4/UARTCOMMS_SPI_UART_INT.c **** 
  43:.\Generated_Source\PSoC4/UARTCOMMS_SPI_UART_INT.c **** #if (UARTCOMMS_INTERNAL_TX_SW_BUFFER_CONST)
  44:.\Generated_Source\PSoC4/UARTCOMMS_SPI_UART_INT.c ****     uint32 locTail;
  45:.\Generated_Source\PSoC4/UARTCOMMS_SPI_UART_INT.c **** #endif /* (UARTCOMMS_INTERNAL_TX_SW_BUFFER_CONST) */
  46:.\Generated_Source\PSoC4/UARTCOMMS_SPI_UART_INT.c **** 
  47:.\Generated_Source\PSoC4/UARTCOMMS_SPI_UART_INT.c **** #ifdef UARTCOMMS_SPI_UART_ISR_ENTRY_CALLBACK
  48:.\Generated_Source\PSoC4/UARTCOMMS_SPI_UART_INT.c ****     UARTCOMMS_SPI_UART_ISR_EntryCallback();
  49:.\Generated_Source\PSoC4/UARTCOMMS_SPI_UART_INT.c **** #endif /* UARTCOMMS_SPI_UART_ISR_ENTRY_CALLBACK */
  50:.\Generated_Source\PSoC4/UARTCOMMS_SPI_UART_INT.c **** 
  51:.\Generated_Source\PSoC4/UARTCOMMS_SPI_UART_INT.c ****     if (NULL != UARTCOMMS_customIntrHandler)
  32              		.loc 1 51 0
  33 0002 164B     		ldr	r3, .L9
  34 0004 1B68     		ldr	r3, [r3]
  35 0006 002B     		cmp	r3, #0
  36 0008 00D0     		beq	.L2
  52:.\Generated_Source\PSoC4/UARTCOMMS_SPI_UART_INT.c ****     {
  53:.\Generated_Source\PSoC4/UARTCOMMS_SPI_UART_INT.c ****         UARTCOMMS_customIntrHandler();
  37              		.loc 1 53 0
  38 000a 9847     		blx	r3
  39              	.LVL0:
  40              	.L2:
  54:.\Generated_Source\PSoC4/UARTCOMMS_SPI_UART_INT.c ****     }
  55:.\Generated_Source\PSoC4/UARTCOMMS_SPI_UART_INT.c **** 
  56:.\Generated_Source\PSoC4/UARTCOMMS_SPI_UART_INT.c ****     #if (UARTCOMMS_CHECK_SPI_WAKE_ENABLE)
  57:.\Generated_Source\PSoC4/UARTCOMMS_SPI_UART_INT.c ****     {
  58:.\Generated_Source\PSoC4/UARTCOMMS_SPI_UART_INT.c ****         /* Clear SPI wakeup source */
  59:.\Generated_Source\PSoC4/UARTCOMMS_SPI_UART_INT.c ****         UARTCOMMS_ClearSpiExtClkInterruptSource(UARTCOMMS_INTR_SPI_EC_WAKE_UP);
  60:.\Generated_Source\PSoC4/UARTCOMMS_SPI_UART_INT.c ****     }
  61:.\Generated_Source\PSoC4/UARTCOMMS_SPI_UART_INT.c ****     #endif
  62:.\Generated_Source\PSoC4/UARTCOMMS_SPI_UART_INT.c **** 
  63:.\Generated_Source\PSoC4/UARTCOMMS_SPI_UART_INT.c ****     #if (UARTCOMMS_CHECK_RX_SW_BUFFER)
  64:.\Generated_Source\PSoC4/UARTCOMMS_SPI_UART_INT.c ****     {
  65:.\Generated_Source\PSoC4/UARTCOMMS_SPI_UART_INT.c ****         if (UARTCOMMS_CHECK_INTR_RX_MASKED(UARTCOMMS_INTR_RX_NOT_EMPTY))
  66:.\Generated_Source\PSoC4/UARTCOMMS_SPI_UART_INT.c ****         {
  67:.\Generated_Source\PSoC4/UARTCOMMS_SPI_UART_INT.c ****             do
  68:.\Generated_Source\PSoC4/UARTCOMMS_SPI_UART_INT.c ****             {
  69:.\Generated_Source\PSoC4/UARTCOMMS_SPI_UART_INT.c ****                 /* Move local head index */
  70:.\Generated_Source\PSoC4/UARTCOMMS_SPI_UART_INT.c ****                 locHead = (UARTCOMMS_rxBufferHead + 1u);
  71:.\Generated_Source\PSoC4/UARTCOMMS_SPI_UART_INT.c **** 
  72:.\Generated_Source\PSoC4/UARTCOMMS_SPI_UART_INT.c ****                 /* Adjust local head index */
  73:.\Generated_Source\PSoC4/UARTCOMMS_SPI_UART_INT.c ****                 if (UARTCOMMS_INTERNAL_RX_BUFFER_SIZE == locHead)
  74:.\Generated_Source\PSoC4/UARTCOMMS_SPI_UART_INT.c ****                 {
ARM GAS  C:\Users\Tim\AppData\Local\Temp\cc3pKNhG.s 			page 3


  75:.\Generated_Source\PSoC4/UARTCOMMS_SPI_UART_INT.c ****                     locHead = 0u;
  76:.\Generated_Source\PSoC4/UARTCOMMS_SPI_UART_INT.c ****                 }
  77:.\Generated_Source\PSoC4/UARTCOMMS_SPI_UART_INT.c **** 
  78:.\Generated_Source\PSoC4/UARTCOMMS_SPI_UART_INT.c ****                 if (locHead == UARTCOMMS_rxBufferTail)
  79:.\Generated_Source\PSoC4/UARTCOMMS_SPI_UART_INT.c ****                 {
  80:.\Generated_Source\PSoC4/UARTCOMMS_SPI_UART_INT.c ****                     #if (UARTCOMMS_CHECK_UART_RTS_CONTROL_FLOW)
  81:.\Generated_Source\PSoC4/UARTCOMMS_SPI_UART_INT.c ****                     {
  82:.\Generated_Source\PSoC4/UARTCOMMS_SPI_UART_INT.c ****                         /* There is no space in the software buffer - disable the
  83:.\Generated_Source\PSoC4/UARTCOMMS_SPI_UART_INT.c ****                         * RX Not Empty interrupt source. The data elements are
  84:.\Generated_Source\PSoC4/UARTCOMMS_SPI_UART_INT.c ****                         * still being received into the RX FIFO until the RTS signal
  85:.\Generated_Source\PSoC4/UARTCOMMS_SPI_UART_INT.c ****                         * stops the transmitter. After the data element is read from the
  86:.\Generated_Source\PSoC4/UARTCOMMS_SPI_UART_INT.c ****                         * buffer, the RX Not Empty interrupt source is enabled to
  87:.\Generated_Source\PSoC4/UARTCOMMS_SPI_UART_INT.c ****                         * move the next data element in the software buffer.
  88:.\Generated_Source\PSoC4/UARTCOMMS_SPI_UART_INT.c ****                         */
  89:.\Generated_Source\PSoC4/UARTCOMMS_SPI_UART_INT.c ****                         UARTCOMMS_INTR_RX_MASK_REG &= ~UARTCOMMS_INTR_RX_NOT_EMPTY;
  90:.\Generated_Source\PSoC4/UARTCOMMS_SPI_UART_INT.c ****                         break;
  91:.\Generated_Source\PSoC4/UARTCOMMS_SPI_UART_INT.c ****                     }
  92:.\Generated_Source\PSoC4/UARTCOMMS_SPI_UART_INT.c ****                     #else
  93:.\Generated_Source\PSoC4/UARTCOMMS_SPI_UART_INT.c ****                     {
  94:.\Generated_Source\PSoC4/UARTCOMMS_SPI_UART_INT.c ****                         /* Overflow: through away received data element */
  95:.\Generated_Source\PSoC4/UARTCOMMS_SPI_UART_INT.c ****                         (void) UARTCOMMS_RX_FIFO_RD_REG;
  96:.\Generated_Source\PSoC4/UARTCOMMS_SPI_UART_INT.c ****                         UARTCOMMS_rxBufferOverflow = (uint8) UARTCOMMS_INTR_RX_OVERFLOW;
  97:.\Generated_Source\PSoC4/UARTCOMMS_SPI_UART_INT.c ****                     }
  98:.\Generated_Source\PSoC4/UARTCOMMS_SPI_UART_INT.c ****                     #endif
  99:.\Generated_Source\PSoC4/UARTCOMMS_SPI_UART_INT.c ****                 }
 100:.\Generated_Source\PSoC4/UARTCOMMS_SPI_UART_INT.c ****                 else
 101:.\Generated_Source\PSoC4/UARTCOMMS_SPI_UART_INT.c ****                 {
 102:.\Generated_Source\PSoC4/UARTCOMMS_SPI_UART_INT.c ****                     /* Store received data */
 103:.\Generated_Source\PSoC4/UARTCOMMS_SPI_UART_INT.c ****                     UARTCOMMS_PutWordInRxBuffer(locHead, UARTCOMMS_RX_FIFO_RD_REG);
 104:.\Generated_Source\PSoC4/UARTCOMMS_SPI_UART_INT.c **** 
 105:.\Generated_Source\PSoC4/UARTCOMMS_SPI_UART_INT.c ****                     /* Move head index */
 106:.\Generated_Source\PSoC4/UARTCOMMS_SPI_UART_INT.c ****                     UARTCOMMS_rxBufferHead = locHead;
 107:.\Generated_Source\PSoC4/UARTCOMMS_SPI_UART_INT.c ****                 }
 108:.\Generated_Source\PSoC4/UARTCOMMS_SPI_UART_INT.c ****             }
 109:.\Generated_Source\PSoC4/UARTCOMMS_SPI_UART_INT.c ****             while(0u != UARTCOMMS_GET_RX_FIFO_ENTRIES);
 110:.\Generated_Source\PSoC4/UARTCOMMS_SPI_UART_INT.c **** 
 111:.\Generated_Source\PSoC4/UARTCOMMS_SPI_UART_INT.c ****             UARTCOMMS_ClearRxInterruptSource(UARTCOMMS_INTR_RX_NOT_EMPTY);
 112:.\Generated_Source\PSoC4/UARTCOMMS_SPI_UART_INT.c ****         }
 113:.\Generated_Source\PSoC4/UARTCOMMS_SPI_UART_INT.c ****     }
 114:.\Generated_Source\PSoC4/UARTCOMMS_SPI_UART_INT.c ****     #endif
 115:.\Generated_Source\PSoC4/UARTCOMMS_SPI_UART_INT.c **** 
 116:.\Generated_Source\PSoC4/UARTCOMMS_SPI_UART_INT.c **** 
 117:.\Generated_Source\PSoC4/UARTCOMMS_SPI_UART_INT.c ****     #if (UARTCOMMS_CHECK_TX_SW_BUFFER)
 118:.\Generated_Source\PSoC4/UARTCOMMS_SPI_UART_INT.c ****     {
 119:.\Generated_Source\PSoC4/UARTCOMMS_SPI_UART_INT.c ****         if (UARTCOMMS_CHECK_INTR_TX_MASKED(UARTCOMMS_INTR_TX_NOT_FULL))
  41              		.loc 1 119 0
  42 000c 144B     		ldr	r3, .L9+4
  43 000e 1B68     		ldr	r3, [r3]
  44 0010 9B07     		lsl	r3, r3, #30
  45 0012 21D5     		bpl	.L1
  46              	.L6:
 120:.\Generated_Source\PSoC4/UARTCOMMS_SPI_UART_INT.c ****         {
 121:.\Generated_Source\PSoC4/UARTCOMMS_SPI_UART_INT.c ****             do
 122:.\Generated_Source\PSoC4/UARTCOMMS_SPI_UART_INT.c ****             {
 123:.\Generated_Source\PSoC4/UARTCOMMS_SPI_UART_INT.c ****                 /* Check for room in TX software buffer */
 124:.\Generated_Source\PSoC4/UARTCOMMS_SPI_UART_INT.c ****                 if (UARTCOMMS_txBufferHead != UARTCOMMS_txBufferTail)
  47              		.loc 1 124 0
ARM GAS  C:\Users\Tim\AppData\Local\Temp\cc3pKNhG.s 			page 4


  48 0014 134B     		ldr	r3, .L9+8
  49 0016 1A68     		ldr	r2, [r3]
  50 0018 134B     		ldr	r3, .L9+12
  51 001a 1B68     		ldr	r3, [r3]
  52 001c 9A42     		cmp	r2, r3
  53 001e 13D0     		beq	.L4
 125:.\Generated_Source\PSoC4/UARTCOMMS_SPI_UART_INT.c ****                 {
 126:.\Generated_Source\PSoC4/UARTCOMMS_SPI_UART_INT.c ****                     /* Move local tail index */
 127:.\Generated_Source\PSoC4/UARTCOMMS_SPI_UART_INT.c ****                     locTail = (UARTCOMMS_txBufferTail + 1u);
  54              		.loc 1 127 0
  55 0020 114B     		ldr	r3, .L9+12
  56 0022 1B68     		ldr	r3, [r3]
  57              	.LVL1:
 128:.\Generated_Source\PSoC4/UARTCOMMS_SPI_UART_INT.c **** 
 129:.\Generated_Source\PSoC4/UARTCOMMS_SPI_UART_INT.c ****                     /* Adjust local tail index */
 130:.\Generated_Source\PSoC4/UARTCOMMS_SPI_UART_INT.c ****                     if (UARTCOMMS_TX_BUFFER_SIZE == locTail)
  58              		.loc 1 130 0
  59 0024 5A1C     		add	r2, r3, #1
  60              	.LVL2:
  61 0026 FF2B     		cmp	r3, #255
  62 0028 00D1     		bne	.L5
 131:.\Generated_Source\PSoC4/UARTCOMMS_SPI_UART_INT.c ****                     {
 132:.\Generated_Source\PSoC4/UARTCOMMS_SPI_UART_INT.c ****                         locTail = 0u;
  63              		.loc 1 132 0
  64 002a 0022     		mov	r2, #0
  65              	.LVL3:
  66              	.L5:
 133:.\Generated_Source\PSoC4/UARTCOMMS_SPI_UART_INT.c ****                     }
 134:.\Generated_Source\PSoC4/UARTCOMMS_SPI_UART_INT.c **** 
 135:.\Generated_Source\PSoC4/UARTCOMMS_SPI_UART_INT.c ****                     /* Put data into TX FIFO */
 136:.\Generated_Source\PSoC4/UARTCOMMS_SPI_UART_INT.c ****                     UARTCOMMS_TX_FIFO_WR_REG = UARTCOMMS_GetWordFromTxBuffer(locTail);
  67              		.loc 1 136 0
  68 002c 0F4B     		ldr	r3, .L9+16
  69 002e 9B5C     		ldrb	r3, [r3, r2]
  70 0030 DBB2     		uxtb	r3, r3
  71 0032 0F49     		ldr	r1, .L9+20
  72 0034 0B60     		str	r3, [r1]
 137:.\Generated_Source\PSoC4/UARTCOMMS_SPI_UART_INT.c **** 
 138:.\Generated_Source\PSoC4/UARTCOMMS_SPI_UART_INT.c ****                     /* Move tail index */
 139:.\Generated_Source\PSoC4/UARTCOMMS_SPI_UART_INT.c ****                     UARTCOMMS_txBufferTail = locTail;
  73              		.loc 1 139 0
  74 0036 0C4B     		ldr	r3, .L9+12
  75 0038 1A60     		str	r2, [r3]
 140:.\Generated_Source\PSoC4/UARTCOMMS_SPI_UART_INT.c ****                 }
 141:.\Generated_Source\PSoC4/UARTCOMMS_SPI_UART_INT.c ****                 else
 142:.\Generated_Source\PSoC4/UARTCOMMS_SPI_UART_INT.c ****                 {
 143:.\Generated_Source\PSoC4/UARTCOMMS_SPI_UART_INT.c ****                     /* TX software buffer is empty: complete transfer */
 144:.\Generated_Source\PSoC4/UARTCOMMS_SPI_UART_INT.c ****                     UARTCOMMS_DISABLE_INTR_TX(UARTCOMMS_INTR_TX_NOT_FULL);
 145:.\Generated_Source\PSoC4/UARTCOMMS_SPI_UART_INT.c ****                     break;
 146:.\Generated_Source\PSoC4/UARTCOMMS_SPI_UART_INT.c ****                 }
 147:.\Generated_Source\PSoC4/UARTCOMMS_SPI_UART_INT.c ****             }
 148:.\Generated_Source\PSoC4/UARTCOMMS_SPI_UART_INT.c ****             while (UARTCOMMS_SPI_UART_FIFO_SIZE != UARTCOMMS_GET_TX_FIFO_ENTRIES);
  76              		.loc 1 148 0
  77 003a 0E4B     		ldr	r3, .L9+24
  78 003c 1B68     		ldr	r3, [r3]
  79 003e 1F22     		mov	r2, #31
  80              	.LVL4:
ARM GAS  C:\Users\Tim\AppData\Local\Temp\cc3pKNhG.s 			page 5


  81 0040 1340     		and	r3, r2
  82 0042 082B     		cmp	r3, #8
  83 0044 E6D1     		bne	.L6
  84 0046 04E0     		b	.L7
  85              	.LVL5:
  86              	.L4:
 144:.\Generated_Source\PSoC4/UARTCOMMS_SPI_UART_INT.c ****                     break;
  87              		.loc 1 144 0
  88 0048 0B4A     		ldr	r2, .L9+28
  89 004a 1368     		ldr	r3, [r2]
  90 004c 0221     		mov	r1, #2
  91 004e 8B43     		bic	r3, r1
  92 0050 1360     		str	r3, [r2]
  93              	.L7:
 149:.\Generated_Source\PSoC4/UARTCOMMS_SPI_UART_INT.c **** 
 150:.\Generated_Source\PSoC4/UARTCOMMS_SPI_UART_INT.c ****             UARTCOMMS_ClearTxInterruptSource(UARTCOMMS_INTR_TX_NOT_FULL);
  94              		.loc 1 150 0
  95 0052 0222     		mov	r2, #2
  96 0054 094B     		ldr	r3, .L9+32
  97 0056 1A60     		str	r2, [r3]
  98              	.L1:
 151:.\Generated_Source\PSoC4/UARTCOMMS_SPI_UART_INT.c ****         }
 152:.\Generated_Source\PSoC4/UARTCOMMS_SPI_UART_INT.c ****     }
 153:.\Generated_Source\PSoC4/UARTCOMMS_SPI_UART_INT.c ****     #endif
 154:.\Generated_Source\PSoC4/UARTCOMMS_SPI_UART_INT.c ****     
 155:.\Generated_Source\PSoC4/UARTCOMMS_SPI_UART_INT.c **** #ifdef UARTCOMMS_SPI_UART_ISR_EXIT_CALLBACK
 156:.\Generated_Source\PSoC4/UARTCOMMS_SPI_UART_INT.c ****     UARTCOMMS_SPI_UART_ISR_ExitCallback();
 157:.\Generated_Source\PSoC4/UARTCOMMS_SPI_UART_INT.c **** #endif /* UARTCOMMS_SPI_UART_ISR_EXIT_CALLBACK */
 158:.\Generated_Source\PSoC4/UARTCOMMS_SPI_UART_INT.c ****     
 159:.\Generated_Source\PSoC4/UARTCOMMS_SPI_UART_INT.c **** }
  99              		.loc 1 159 0
 100              		@ sp needed
 101 0058 08BD     		pop	{r3, pc}
 102              	.L10:
 103 005a C046     		.align	2
 104              	.L9:
 105 005c 00000000 		.word	UARTCOMMS_customIntrHandler
 106 0060 8C0F2440 		.word	1076105100
 107 0064 00000000 		.word	UARTCOMMS_txBufferHead
 108 0068 00000000 		.word	UARTCOMMS_txBufferTail
 109 006c 00000000 		.word	UARTCOMMS_txBufferInternal
 110 0070 40022440 		.word	1076101696
 111 0074 08022440 		.word	1076101640
 112 0078 880F2440 		.word	1076105096
 113 007c 800F2440 		.word	1076105088
 114              		.cfi_endproc
 115              	.LFE1:
 116              		.size	UARTCOMMS_SPI_UART_ISR, .-UARTCOMMS_SPI_UART_ISR
 117              		.text
 118              	.Letext0:
 119              		.file 2 "Generated_Source\\PSoC4/cytypes.h"
 120              		.file 3 ".\\Generated_Source\\PSoC4\\UARTCOMMS_PVT.h"
 121              		.file 4 ".\\Generated_Source\\PSoC4\\UARTCOMMS_SPI_UART_PVT.h"
 122              		.section	.debug_info,"",%progbits
 123              	.Ldebug_info0:
 124 0000 24010000 		.4byte	0x124
 125 0004 0400     		.2byte	0x4
ARM GAS  C:\Users\Tim\AppData\Local\Temp\cc3pKNhG.s 			page 6


 126 0006 00000000 		.4byte	.Ldebug_abbrev0
 127 000a 04       		.byte	0x4
 128 000b 01       		.uleb128 0x1
 129 000c 92010000 		.4byte	.LASF21
 130 0010 01       		.byte	0x1
 131 0011 B7000000 		.4byte	.LASF22
 132 0015 19010000 		.4byte	.LASF23
 133 0019 00000000 		.4byte	.Ldebug_ranges0+0
 134 001d 00000000 		.4byte	0
 135 0021 00000000 		.4byte	.Ldebug_line0
 136 0025 02       		.uleb128 0x2
 137 0026 01       		.byte	0x1
 138 0027 06       		.byte	0x6
 139 0028 6F010000 		.4byte	.LASF0
 140 002c 02       		.uleb128 0x2
 141 002d 01       		.byte	0x1
 142 002e 08       		.byte	0x8
 143 002f E9000000 		.4byte	.LASF1
 144 0033 02       		.uleb128 0x2
 145 0034 02       		.byte	0x2
 146 0035 05       		.byte	0x5
 147 0036 20020000 		.4byte	.LASF2
 148 003a 02       		.uleb128 0x2
 149 003b 02       		.byte	0x2
 150 003c 07       		.byte	0x7
 151 003d 5C010000 		.4byte	.LASF3
 152 0041 02       		.uleb128 0x2
 153 0042 04       		.byte	0x4
 154 0043 05       		.byte	0x5
 155 0044 FC000000 		.4byte	.LASF4
 156 0048 02       		.uleb128 0x2
 157 0049 04       		.byte	0x4
 158 004a 07       		.byte	0x7
 159 004b 80000000 		.4byte	.LASF5
 160 004f 02       		.uleb128 0x2
 161 0050 08       		.byte	0x8
 162 0051 05       		.byte	0x5
 163 0052 00000000 		.4byte	.LASF6
 164 0056 02       		.uleb128 0x2
 165 0057 08       		.byte	0x8
 166 0058 07       		.byte	0x7
 167 0059 92000000 		.4byte	.LASF7
 168 005d 03       		.uleb128 0x3
 169 005e 04       		.byte	0x4
 170 005f 05       		.byte	0x5
 171 0060 696E7400 		.ascii	"int\000"
 172 0064 02       		.uleb128 0x2
 173 0065 04       		.byte	0x4
 174 0066 07       		.byte	0x7
 175 0067 2A020000 		.4byte	.LASF8
 176 006b 04       		.uleb128 0x4
 177 006c 7A000000 		.4byte	.LASF9
 178 0070 02       		.byte	0x2
 179 0071 C2       		.byte	0xc2
 180 0072 2C000000 		.4byte	0x2c
 181 0076 04       		.uleb128 0x4
 182 0077 0E000000 		.4byte	.LASF10
ARM GAS  C:\Users\Tim\AppData\Local\Temp\cc3pKNhG.s 			page 7


 183 007b 02       		.byte	0x2
 184 007c C4       		.byte	0xc4
 185 007d 48000000 		.4byte	0x48
 186 0081 02       		.uleb128 0x2
 187 0082 04       		.byte	0x4
 188 0083 04       		.byte	0x4
 189 0084 B1000000 		.4byte	.LASF11
 190 0088 02       		.uleb128 0x2
 191 0089 08       		.byte	0x8
 192 008a 04       		.byte	0x4
 193 008b 12010000 		.4byte	.LASF12
 194 008f 02       		.uleb128 0x2
 195 0090 01       		.byte	0x1
 196 0091 08       		.byte	0x8
 197 0092 F7000000 		.4byte	.LASF13
 198 0096 05       		.uleb128 0x5
 199 0097 56010000 		.4byte	.LASF14
 200 009b 02       		.byte	0x2
 201 009c 6E01     		.2byte	0x16e
 202 009e A2000000 		.4byte	0xa2
 203 00a2 06       		.uleb128 0x6
 204 00a3 76000000 		.4byte	0x76
 205 00a7 05       		.uleb128 0x5
 206 00a8 05010000 		.4byte	.LASF15
 207 00ac 02       		.byte	0x2
 208 00ad 7E01     		.2byte	0x17e
 209 00af B3000000 		.4byte	0xb3
 210 00b3 07       		.uleb128 0x7
 211 00b4 04       		.byte	0x4
 212 00b5 B9000000 		.4byte	0xb9
 213 00b9 08       		.uleb128 0x8
 214 00ba 02       		.uleb128 0x2
 215 00bb 04       		.byte	0x4
 216 00bc 07       		.byte	0x7
 217 00bd 37020000 		.4byte	.LASF16
 218 00c1 09       		.uleb128 0x9
 219 00c2 7B010000 		.4byte	.LASF24
 220 00c6 01       		.byte	0x1
 221 00c7 25       		.byte	0x25
 222 00c8 00000000 		.4byte	.LFB1
 223 00cc 80000000 		.4byte	.LFE1-.LFB1
 224 00d0 01       		.uleb128 0x1
 225 00d1 9C       		.byte	0x9c
 226 00d2 E6000000 		.4byte	0xe6
 227 00d6 0A       		.uleb128 0xa
 228 00d7 A9000000 		.4byte	.LASF25
 229 00db 01       		.byte	0x1
 230 00dc 2C       		.byte	0x2c
 231 00dd 76000000 		.4byte	0x76
 232 00e1 00000000 		.4byte	.LLST0
 233 00e5 00       		.byte	0
 234 00e6 0B       		.uleb128 0xb
 235 00e7 5E000000 		.4byte	.LASF17
 236 00eb 03       		.byte	0x3
 237 00ec 3A       		.byte	0x3a
 238 00ed A7000000 		.4byte	0xa7
 239 00f1 0B       		.uleb128 0xb
ARM GAS  C:\Users\Tim\AppData\Local\Temp\cc3pKNhG.s 			page 8


 240 00f2 30000000 		.4byte	.LASF18
 241 00f6 04       		.byte	0x4
 242 00f7 24       		.byte	0x24
 243 00f8 A2000000 		.4byte	0xa2
 244 00fc 0B       		.uleb128 0xb
 245 00fd 47000000 		.4byte	.LASF19
 246 0101 04       		.byte	0x4
 247 0102 25       		.byte	0x25
 248 0103 A2000000 		.4byte	0xa2
 249 0107 0C       		.uleb128 0xc
 250 0108 6B000000 		.4byte	0x6b
 251 010c 17010000 		.4byte	0x117
 252 0110 0D       		.uleb128 0xd
 253 0111 BA000000 		.4byte	0xba
 254 0115 FF       		.byte	0xff
 255 0116 00       		.byte	0
 256 0117 0B       		.uleb128 0xb
 257 0118 15000000 		.4byte	.LASF20
 258 011c 04       		.byte	0x4
 259 011d 2D       		.byte	0x2d
 260 011e 22010000 		.4byte	0x122
 261 0122 06       		.uleb128 0x6
 262 0123 07010000 		.4byte	0x107
 263 0127 00       		.byte	0
 264              		.section	.debug_abbrev,"",%progbits
 265              	.Ldebug_abbrev0:
 266 0000 01       		.uleb128 0x1
 267 0001 11       		.uleb128 0x11
 268 0002 01       		.byte	0x1
 269 0003 25       		.uleb128 0x25
 270 0004 0E       		.uleb128 0xe
 271 0005 13       		.uleb128 0x13
 272 0006 0B       		.uleb128 0xb
 273 0007 03       		.uleb128 0x3
 274 0008 0E       		.uleb128 0xe
 275 0009 1B       		.uleb128 0x1b
 276 000a 0E       		.uleb128 0xe
 277 000b 55       		.uleb128 0x55
 278 000c 17       		.uleb128 0x17
 279 000d 11       		.uleb128 0x11
 280 000e 01       		.uleb128 0x1
 281 000f 10       		.uleb128 0x10
 282 0010 17       		.uleb128 0x17
 283 0011 00       		.byte	0
 284 0012 00       		.byte	0
 285 0013 02       		.uleb128 0x2
 286 0014 24       		.uleb128 0x24
 287 0015 00       		.byte	0
 288 0016 0B       		.uleb128 0xb
 289 0017 0B       		.uleb128 0xb
 290 0018 3E       		.uleb128 0x3e
 291 0019 0B       		.uleb128 0xb
 292 001a 03       		.uleb128 0x3
 293 001b 0E       		.uleb128 0xe
 294 001c 00       		.byte	0
 295 001d 00       		.byte	0
 296 001e 03       		.uleb128 0x3
ARM GAS  C:\Users\Tim\AppData\Local\Temp\cc3pKNhG.s 			page 9


 297 001f 24       		.uleb128 0x24
 298 0020 00       		.byte	0
 299 0021 0B       		.uleb128 0xb
 300 0022 0B       		.uleb128 0xb
 301 0023 3E       		.uleb128 0x3e
 302 0024 0B       		.uleb128 0xb
 303 0025 03       		.uleb128 0x3
 304 0026 08       		.uleb128 0x8
 305 0027 00       		.byte	0
 306 0028 00       		.byte	0
 307 0029 04       		.uleb128 0x4
 308 002a 16       		.uleb128 0x16
 309 002b 00       		.byte	0
 310 002c 03       		.uleb128 0x3
 311 002d 0E       		.uleb128 0xe
 312 002e 3A       		.uleb128 0x3a
 313 002f 0B       		.uleb128 0xb
 314 0030 3B       		.uleb128 0x3b
 315 0031 0B       		.uleb128 0xb
 316 0032 49       		.uleb128 0x49
 317 0033 13       		.uleb128 0x13
 318 0034 00       		.byte	0
 319 0035 00       		.byte	0
 320 0036 05       		.uleb128 0x5
 321 0037 16       		.uleb128 0x16
 322 0038 00       		.byte	0
 323 0039 03       		.uleb128 0x3
 324 003a 0E       		.uleb128 0xe
 325 003b 3A       		.uleb128 0x3a
 326 003c 0B       		.uleb128 0xb
 327 003d 3B       		.uleb128 0x3b
 328 003e 05       		.uleb128 0x5
 329 003f 49       		.uleb128 0x49
 330 0040 13       		.uleb128 0x13
 331 0041 00       		.byte	0
 332 0042 00       		.byte	0
 333 0043 06       		.uleb128 0x6
 334 0044 35       		.uleb128 0x35
 335 0045 00       		.byte	0
 336 0046 49       		.uleb128 0x49
 337 0047 13       		.uleb128 0x13
 338 0048 00       		.byte	0
 339 0049 00       		.byte	0
 340 004a 07       		.uleb128 0x7
 341 004b 0F       		.uleb128 0xf
 342 004c 00       		.byte	0
 343 004d 0B       		.uleb128 0xb
 344 004e 0B       		.uleb128 0xb
 345 004f 49       		.uleb128 0x49
 346 0050 13       		.uleb128 0x13
 347 0051 00       		.byte	0
 348 0052 00       		.byte	0
 349 0053 08       		.uleb128 0x8
 350 0054 15       		.uleb128 0x15
 351 0055 00       		.byte	0
 352 0056 27       		.uleb128 0x27
 353 0057 19       		.uleb128 0x19
ARM GAS  C:\Users\Tim\AppData\Local\Temp\cc3pKNhG.s 			page 10


 354 0058 00       		.byte	0
 355 0059 00       		.byte	0
 356 005a 09       		.uleb128 0x9
 357 005b 2E       		.uleb128 0x2e
 358 005c 01       		.byte	0x1
 359 005d 3F       		.uleb128 0x3f
 360 005e 19       		.uleb128 0x19
 361 005f 03       		.uleb128 0x3
 362 0060 0E       		.uleb128 0xe
 363 0061 3A       		.uleb128 0x3a
 364 0062 0B       		.uleb128 0xb
 365 0063 3B       		.uleb128 0x3b
 366 0064 0B       		.uleb128 0xb
 367 0065 27       		.uleb128 0x27
 368 0066 19       		.uleb128 0x19
 369 0067 11       		.uleb128 0x11
 370 0068 01       		.uleb128 0x1
 371 0069 12       		.uleb128 0x12
 372 006a 06       		.uleb128 0x6
 373 006b 40       		.uleb128 0x40
 374 006c 18       		.uleb128 0x18
 375 006d 9642     		.uleb128 0x2116
 376 006f 19       		.uleb128 0x19
 377 0070 01       		.uleb128 0x1
 378 0071 13       		.uleb128 0x13
 379 0072 00       		.byte	0
 380 0073 00       		.byte	0
 381 0074 0A       		.uleb128 0xa
 382 0075 34       		.uleb128 0x34
 383 0076 00       		.byte	0
 384 0077 03       		.uleb128 0x3
 385 0078 0E       		.uleb128 0xe
 386 0079 3A       		.uleb128 0x3a
 387 007a 0B       		.uleb128 0xb
 388 007b 3B       		.uleb128 0x3b
 389 007c 0B       		.uleb128 0xb
 390 007d 49       		.uleb128 0x49
 391 007e 13       		.uleb128 0x13
 392 007f 02       		.uleb128 0x2
 393 0080 17       		.uleb128 0x17
 394 0081 00       		.byte	0
 395 0082 00       		.byte	0
 396 0083 0B       		.uleb128 0xb
 397 0084 34       		.uleb128 0x34
 398 0085 00       		.byte	0
 399 0086 03       		.uleb128 0x3
 400 0087 0E       		.uleb128 0xe
 401 0088 3A       		.uleb128 0x3a
 402 0089 0B       		.uleb128 0xb
 403 008a 3B       		.uleb128 0x3b
 404 008b 0B       		.uleb128 0xb
 405 008c 49       		.uleb128 0x49
 406 008d 13       		.uleb128 0x13
 407 008e 3F       		.uleb128 0x3f
 408 008f 19       		.uleb128 0x19
 409 0090 3C       		.uleb128 0x3c
 410 0091 19       		.uleb128 0x19
ARM GAS  C:\Users\Tim\AppData\Local\Temp\cc3pKNhG.s 			page 11


 411 0092 00       		.byte	0
 412 0093 00       		.byte	0
 413 0094 0C       		.uleb128 0xc
 414 0095 01       		.uleb128 0x1
 415 0096 01       		.byte	0x1
 416 0097 49       		.uleb128 0x49
 417 0098 13       		.uleb128 0x13
 418 0099 01       		.uleb128 0x1
 419 009a 13       		.uleb128 0x13
 420 009b 00       		.byte	0
 421 009c 00       		.byte	0
 422 009d 0D       		.uleb128 0xd
 423 009e 21       		.uleb128 0x21
 424 009f 00       		.byte	0
 425 00a0 49       		.uleb128 0x49
 426 00a1 13       		.uleb128 0x13
 427 00a2 2F       		.uleb128 0x2f
 428 00a3 0B       		.uleb128 0xb
 429 00a4 00       		.byte	0
 430 00a5 00       		.byte	0
 431 00a6 00       		.byte	0
 432              		.section	.debug_loc,"",%progbits
 433              	.Ldebug_loc0:
 434              	.LLST0:
 435 0000 24000000 		.4byte	.LVL1
 436 0004 26000000 		.4byte	.LVL2
 437 0008 0300     		.2byte	0x3
 438 000a 73       		.byte	0x73
 439 000b 01       		.sleb128 1
 440 000c 9F       		.byte	0x9f
 441 000d 26000000 		.4byte	.LVL2
 442 0011 40000000 		.4byte	.LVL4
 443 0015 0100     		.2byte	0x1
 444 0017 52       		.byte	0x52
 445 0018 00000000 		.4byte	0
 446 001c 00000000 		.4byte	0
 447              		.section	.debug_aranges,"",%progbits
 448 0000 1C000000 		.4byte	0x1c
 449 0004 0200     		.2byte	0x2
 450 0006 00000000 		.4byte	.Ldebug_info0
 451 000a 04       		.byte	0x4
 452 000b 00       		.byte	0
 453 000c 0000     		.2byte	0
 454 000e 0000     		.2byte	0
 455 0010 00000000 		.4byte	.LFB1
 456 0014 80000000 		.4byte	.LFE1-.LFB1
 457 0018 00000000 		.4byte	0
 458 001c 00000000 		.4byte	0
 459              		.section	.debug_ranges,"",%progbits
 460              	.Ldebug_ranges0:
 461 0000 00000000 		.4byte	.LFB1
 462 0004 80000000 		.4byte	.LFE1
 463 0008 00000000 		.4byte	0
 464 000c 00000000 		.4byte	0
 465              		.section	.debug_line,"",%progbits
 466              	.Ldebug_line0:
 467 0000 C6000000 		.section	.debug_str,"MS",%progbits,1
ARM GAS  C:\Users\Tim\AppData\Local\Temp\cc3pKNhG.s 			page 12


 467      02009B00 
 467      00000201 
 467      FB0E0D00 
 467      01010101 
 468              	.LASF6:
 469 0000 6C6F6E67 		.ascii	"long long int\000"
 469      206C6F6E 
 469      6720696E 
 469      7400
 470              	.LASF10:
 471 000e 75696E74 		.ascii	"uint32\000"
 471      333200
 472              	.LASF20:
 473 0015 55415254 		.ascii	"UARTCOMMS_txBufferInternal\000"
 473      434F4D4D 
 473      535F7478 
 473      42756666 
 473      6572496E 
 474              	.LASF18:
 475 0030 55415254 		.ascii	"UARTCOMMS_txBufferHead\000"
 475      434F4D4D 
 475      535F7478 
 475      42756666 
 475      65724865 
 476              	.LASF19:
 477 0047 55415254 		.ascii	"UARTCOMMS_txBufferTail\000"
 477      434F4D4D 
 477      535F7478 
 477      42756666 
 477      65725461 
 478              	.LASF17:
 479 005e 55415254 		.ascii	"UARTCOMMS_customIntrHandler\000"
 479      434F4D4D 
 479      535F6375 
 479      73746F6D 
 479      496E7472 
 480              	.LASF9:
 481 007a 75696E74 		.ascii	"uint8\000"
 481      3800
 482              	.LASF5:
 483 0080 6C6F6E67 		.ascii	"long unsigned int\000"
 483      20756E73 
 483      69676E65 
 483      6420696E 
 483      7400
 484              	.LASF7:
 485 0092 6C6F6E67 		.ascii	"long long unsigned int\000"
 485      206C6F6E 
 485      6720756E 
 485      7369676E 
 485      65642069 
 486              	.LASF25:
 487 00a9 6C6F6354 		.ascii	"locTail\000"
 487      61696C00 
 488              	.LASF11:
 489 00b1 666C6F61 		.ascii	"float\000"
 489      7400
ARM GAS  C:\Users\Tim\AppData\Local\Temp\cc3pKNhG.s 			page 13


 490              	.LASF22:
 491 00b7 2E5C4765 		.ascii	".\\Generated_Source\\PSoC4\\UARTCOMMS_SPI_UART_INT."
 491      6E657261 
 491      7465645F 
 491      536F7572 
 491      63655C50 
 492 00e7 6300     		.ascii	"c\000"
 493              	.LASF1:
 494 00e9 756E7369 		.ascii	"unsigned char\000"
 494      676E6564 
 494      20636861 
 494      7200
 495              	.LASF13:
 496 00f7 63686172 		.ascii	"char\000"
 496      00
 497              	.LASF4:
 498 00fc 6C6F6E67 		.ascii	"long int\000"
 498      20696E74 
 498      00
 499              	.LASF15:
 500 0105 63796973 		.ascii	"cyisraddress\000"
 500      72616464 
 500      72657373 
 500      00
 501              	.LASF12:
 502 0112 646F7562 		.ascii	"double\000"
 502      6C6500
 503              	.LASF23:
 504 0119 443A5C70 		.ascii	"D:\\projects\\ArloBot\\ArlobotHw\\DualBoard-043\\Bo"
 504      726F6A65 
 504      6374735C 
 504      41726C6F 
 504      426F745C 
 505 0147 61726431 		.ascii	"ard1-RPi.cydsn\000"
 505      2D525069 
 505      2E637964 
 505      736E00
 506              	.LASF14:
 507 0156 72656733 		.ascii	"reg32\000"
 507      3200
 508              	.LASF3:
 509 015c 73686F72 		.ascii	"short unsigned int\000"
 509      7420756E 
 509      7369676E 
 509      65642069 
 509      6E7400
 510              	.LASF0:
 511 016f 7369676E 		.ascii	"signed char\000"
 511      65642063 
 511      68617200 
 512              	.LASF24:
 513 017b 55415254 		.ascii	"UARTCOMMS_SPI_UART_ISR\000"
 513      434F4D4D 
 513      535F5350 
 513      495F5541 
 513      52545F49 
 514              	.LASF21:
ARM GAS  C:\Users\Tim\AppData\Local\Temp\cc3pKNhG.s 			page 14


 515 0192 474E5520 		.ascii	"GNU C 4.9.3 20150303 (release) [ARM/embedded-4_9-br"
 515      4320342E 
 515      392E3320 
 515      32303135 
 515      30333033 
 516 01c5 616E6368 		.ascii	"anch revision 221220] -mcpu=cortex-m0 -mthumb -g -O"
 516      20726576 
 516      6973696F 
 516      6E203232 
 516      31323230 
 517 01f8 67202D66 		.ascii	"g -ffunction-sections -ffat-lto-objects\000"
 517      66756E63 
 517      74696F6E 
 517      2D736563 
 517      74696F6E 
 518              	.LASF2:
 519 0220 73686F72 		.ascii	"short int\000"
 519      7420696E 
 519      7400
 520              	.LASF8:
 521 022a 756E7369 		.ascii	"unsigned int\000"
 521      676E6564 
 521      20696E74 
 521      00
 522              	.LASF16:
 523 0237 73697A65 		.ascii	"sizetype\000"
 523      74797065 
 523      00
 524              		.ident	"GCC: (GNU Tools for ARM Embedded Processors) 4.9.3 20150303 (release) [ARM/embedded-4_9-br
