ARM GAS  C:\Users\Tim\AppData\Local\Temp\ccJFStFf.s 			page 1


   1              		.cpu cortex-m0
   2              		.fpu softvfp
   3              		.eabi_attribute 20, 1
   4              		.eabi_attribute 21, 1
   5              		.eabi_attribute 23, 3
   6              		.eabi_attribute 24, 1
   7              		.eabi_attribute 25, 1
   8              		.eabi_attribute 26, 1
   9              		.eabi_attribute 30, 1
  10              		.eabi_attribute 34, 0
  11              		.eabi_attribute 18, 4
  12              		.code	16
  13              		.file	"UARTCOMMS.c"
  14              		.text
  15              	.Ltext0:
  16              		.cfi_sections	.debug_frame
  17              		.section	.text.UARTCOMMS_ScbEnableIntr,"ax",%progbits
  18              		.align	2
  19              		.code	16
  20              		.thumb_func
  21              		.type	UARTCOMMS_ScbEnableIntr, %function
  22              	UARTCOMMS_ScbEnableIntr:
  23              	.LFB8:
  24              		.file 1 ".\\Generated_Source\\PSoC4\\UARTCOMMS.c"
   1:.\Generated_Source\PSoC4/UARTCOMMS.c **** /*******************************************************************************
   2:.\Generated_Source\PSoC4/UARTCOMMS.c **** * File Name: UARTCOMMS.c
   3:.\Generated_Source\PSoC4/UARTCOMMS.c **** * Version 3.10
   4:.\Generated_Source\PSoC4/UARTCOMMS.c **** *
   5:.\Generated_Source\PSoC4/UARTCOMMS.c **** * Description:
   6:.\Generated_Source\PSoC4/UARTCOMMS.c **** *  This file provides the source code to the API for the SCB Component.
   7:.\Generated_Source\PSoC4/UARTCOMMS.c **** *
   8:.\Generated_Source\PSoC4/UARTCOMMS.c **** * Note:
   9:.\Generated_Source\PSoC4/UARTCOMMS.c **** *
  10:.\Generated_Source\PSoC4/UARTCOMMS.c **** *******************************************************************************
  11:.\Generated_Source\PSoC4/UARTCOMMS.c **** * Copyright 2013-2015, Cypress Semiconductor Corporation.  All rights reserved.
  12:.\Generated_Source\PSoC4/UARTCOMMS.c **** * You may use this file only in accordance with the license, terms, conditions,
  13:.\Generated_Source\PSoC4/UARTCOMMS.c **** * disclaimers, and limitations in the end user license agreement accompanying
  14:.\Generated_Source\PSoC4/UARTCOMMS.c **** * the software package with which this file was provided.
  15:.\Generated_Source\PSoC4/UARTCOMMS.c **** *******************************************************************************/
  16:.\Generated_Source\PSoC4/UARTCOMMS.c **** 
  17:.\Generated_Source\PSoC4/UARTCOMMS.c **** #include "UARTCOMMS_PVT.h"
  18:.\Generated_Source\PSoC4/UARTCOMMS.c **** 
  19:.\Generated_Source\PSoC4/UARTCOMMS.c **** #if (UARTCOMMS_SCB_MODE_I2C_INC)
  20:.\Generated_Source\PSoC4/UARTCOMMS.c ****     #include "UARTCOMMS_I2C_PVT.h"
  21:.\Generated_Source\PSoC4/UARTCOMMS.c **** #endif /* (UARTCOMMS_SCB_MODE_I2C_INC) */
  22:.\Generated_Source\PSoC4/UARTCOMMS.c **** 
  23:.\Generated_Source\PSoC4/UARTCOMMS.c **** #if (UARTCOMMS_SCB_MODE_EZI2C_INC)
  24:.\Generated_Source\PSoC4/UARTCOMMS.c ****     #include "UARTCOMMS_EZI2C_PVT.h"
  25:.\Generated_Source\PSoC4/UARTCOMMS.c **** #endif /* (UARTCOMMS_SCB_MODE_EZI2C_INC) */
  26:.\Generated_Source\PSoC4/UARTCOMMS.c **** 
  27:.\Generated_Source\PSoC4/UARTCOMMS.c **** #if (UARTCOMMS_SCB_MODE_SPI_INC || UARTCOMMS_SCB_MODE_UART_INC)
  28:.\Generated_Source\PSoC4/UARTCOMMS.c ****     #include "UARTCOMMS_SPI_UART_PVT.h"
  29:.\Generated_Source\PSoC4/UARTCOMMS.c **** #endif /* (UARTCOMMS_SCB_MODE_SPI_INC || UARTCOMMS_SCB_MODE_UART_INC) */
  30:.\Generated_Source\PSoC4/UARTCOMMS.c **** 
  31:.\Generated_Source\PSoC4/UARTCOMMS.c **** 
  32:.\Generated_Source\PSoC4/UARTCOMMS.c **** /***************************************
  33:.\Generated_Source\PSoC4/UARTCOMMS.c **** *    Run Time Configuration Vars
ARM GAS  C:\Users\Tim\AppData\Local\Temp\ccJFStFf.s 			page 2


  34:.\Generated_Source\PSoC4/UARTCOMMS.c **** ***************************************/
  35:.\Generated_Source\PSoC4/UARTCOMMS.c **** 
  36:.\Generated_Source\PSoC4/UARTCOMMS.c **** /* Stores internal component configuration for Unconfigured mode */
  37:.\Generated_Source\PSoC4/UARTCOMMS.c **** #if (UARTCOMMS_SCB_MODE_UNCONFIG_CONST_CFG)
  38:.\Generated_Source\PSoC4/UARTCOMMS.c ****     /* Common configuration variables */
  39:.\Generated_Source\PSoC4/UARTCOMMS.c ****     uint8 UARTCOMMS_scbMode = UARTCOMMS_SCB_MODE_UNCONFIG;
  40:.\Generated_Source\PSoC4/UARTCOMMS.c ****     uint8 UARTCOMMS_scbEnableWake;
  41:.\Generated_Source\PSoC4/UARTCOMMS.c ****     uint8 UARTCOMMS_scbEnableIntr;
  42:.\Generated_Source\PSoC4/UARTCOMMS.c **** 
  43:.\Generated_Source\PSoC4/UARTCOMMS.c ****     /* I2C configuration variables */
  44:.\Generated_Source\PSoC4/UARTCOMMS.c ****     uint8 UARTCOMMS_mode;
  45:.\Generated_Source\PSoC4/UARTCOMMS.c ****     uint8 UARTCOMMS_acceptAddr;
  46:.\Generated_Source\PSoC4/UARTCOMMS.c **** 
  47:.\Generated_Source\PSoC4/UARTCOMMS.c ****     /* SPI/UART configuration variables */
  48:.\Generated_Source\PSoC4/UARTCOMMS.c ****     volatile uint8 * UARTCOMMS_rxBuffer;
  49:.\Generated_Source\PSoC4/UARTCOMMS.c ****     uint8  UARTCOMMS_rxDataBits;
  50:.\Generated_Source\PSoC4/UARTCOMMS.c ****     uint32 UARTCOMMS_rxBufferSize;
  51:.\Generated_Source\PSoC4/UARTCOMMS.c **** 
  52:.\Generated_Source\PSoC4/UARTCOMMS.c ****     volatile uint8 * UARTCOMMS_txBuffer;
  53:.\Generated_Source\PSoC4/UARTCOMMS.c ****     uint8  UARTCOMMS_txDataBits;
  54:.\Generated_Source\PSoC4/UARTCOMMS.c ****     uint32 UARTCOMMS_txBufferSize;
  55:.\Generated_Source\PSoC4/UARTCOMMS.c **** 
  56:.\Generated_Source\PSoC4/UARTCOMMS.c ****     /* EZI2C configuration variables */
  57:.\Generated_Source\PSoC4/UARTCOMMS.c ****     uint8 UARTCOMMS_numberOfAddr;
  58:.\Generated_Source\PSoC4/UARTCOMMS.c ****     uint8 UARTCOMMS_subAddrSize;
  59:.\Generated_Source\PSoC4/UARTCOMMS.c **** #endif /* (UARTCOMMS_SCB_MODE_UNCONFIG_CONST_CFG) */
  60:.\Generated_Source\PSoC4/UARTCOMMS.c **** 
  61:.\Generated_Source\PSoC4/UARTCOMMS.c **** 
  62:.\Generated_Source\PSoC4/UARTCOMMS.c **** /***************************************
  63:.\Generated_Source\PSoC4/UARTCOMMS.c **** *     Common SCB Vars
  64:.\Generated_Source\PSoC4/UARTCOMMS.c **** ***************************************/
  65:.\Generated_Source\PSoC4/UARTCOMMS.c **** 
  66:.\Generated_Source\PSoC4/UARTCOMMS.c **** uint8 UARTCOMMS_initVar = 0u;
  67:.\Generated_Source\PSoC4/UARTCOMMS.c **** 
  68:.\Generated_Source\PSoC4/UARTCOMMS.c **** #if (UARTCOMMS_SCB_IRQ_INTERNAL)
  69:.\Generated_Source\PSoC4/UARTCOMMS.c **** #if !defined (CY_REMOVE_UARTCOMMS_CUSTOM_INTR_HANDLER)
  70:.\Generated_Source\PSoC4/UARTCOMMS.c ****     void (*UARTCOMMS_customIntrHandler)(void) = NULL;
  71:.\Generated_Source\PSoC4/UARTCOMMS.c **** #endif /* !defined (CY_REMOVE_UARTCOMMS_CUSTOM_INTR_HANDLER) */
  72:.\Generated_Source\PSoC4/UARTCOMMS.c **** #endif /* (UARTCOMMS_SCB_IRQ_INTERNAL) */
  73:.\Generated_Source\PSoC4/UARTCOMMS.c **** 
  74:.\Generated_Source\PSoC4/UARTCOMMS.c **** 
  75:.\Generated_Source\PSoC4/UARTCOMMS.c **** /***************************************
  76:.\Generated_Source\PSoC4/UARTCOMMS.c **** *    Private Function Prototypes
  77:.\Generated_Source\PSoC4/UARTCOMMS.c **** ***************************************/
  78:.\Generated_Source\PSoC4/UARTCOMMS.c **** 
  79:.\Generated_Source\PSoC4/UARTCOMMS.c **** static void UARTCOMMS_ScbEnableIntr(void);
  80:.\Generated_Source\PSoC4/UARTCOMMS.c **** static void UARTCOMMS_ScbModeStop(void);
  81:.\Generated_Source\PSoC4/UARTCOMMS.c **** static void UARTCOMMS_ScbModePostEnable(void);
  82:.\Generated_Source\PSoC4/UARTCOMMS.c **** 
  83:.\Generated_Source\PSoC4/UARTCOMMS.c **** 
  84:.\Generated_Source\PSoC4/UARTCOMMS.c **** /*******************************************************************************
  85:.\Generated_Source\PSoC4/UARTCOMMS.c **** * Function Name: UARTCOMMS_Init
  86:.\Generated_Source\PSoC4/UARTCOMMS.c **** ********************************************************************************
  87:.\Generated_Source\PSoC4/UARTCOMMS.c **** *
  88:.\Generated_Source\PSoC4/UARTCOMMS.c **** * Summary:
  89:.\Generated_Source\PSoC4/UARTCOMMS.c **** *  Initializes the SCB component to operate in one of the selected
  90:.\Generated_Source\PSoC4/UARTCOMMS.c **** *  configurations: I2C, SPI, UART or EZI2C.
ARM GAS  C:\Users\Tim\AppData\Local\Temp\ccJFStFf.s 			page 3


  91:.\Generated_Source\PSoC4/UARTCOMMS.c **** *  When the configuration is set to "Unconfigured SCB", this function does
  92:.\Generated_Source\PSoC4/UARTCOMMS.c **** *  not do any initialization. Use mode-specific initialization APIs instead:
  93:.\Generated_Source\PSoC4/UARTCOMMS.c **** *  SCB_I2CInit, SCB_SpiInit, SCB_UartInit or SCB_EzI2CInit.
  94:.\Generated_Source\PSoC4/UARTCOMMS.c **** *
  95:.\Generated_Source\PSoC4/UARTCOMMS.c **** * Parameters:
  96:.\Generated_Source\PSoC4/UARTCOMMS.c **** *  None
  97:.\Generated_Source\PSoC4/UARTCOMMS.c **** *
  98:.\Generated_Source\PSoC4/UARTCOMMS.c **** * Return:
  99:.\Generated_Source\PSoC4/UARTCOMMS.c **** *  None
 100:.\Generated_Source\PSoC4/UARTCOMMS.c **** *
 101:.\Generated_Source\PSoC4/UARTCOMMS.c **** *******************************************************************************/
 102:.\Generated_Source\PSoC4/UARTCOMMS.c **** void UARTCOMMS_Init(void)
 103:.\Generated_Source\PSoC4/UARTCOMMS.c **** {
 104:.\Generated_Source\PSoC4/UARTCOMMS.c **** #if (UARTCOMMS_SCB_MODE_UNCONFIG_CONST_CFG)
 105:.\Generated_Source\PSoC4/UARTCOMMS.c ****     if (UARTCOMMS_SCB_MODE_UNCONFIG_RUNTM_CFG)
 106:.\Generated_Source\PSoC4/UARTCOMMS.c ****     {
 107:.\Generated_Source\PSoC4/UARTCOMMS.c ****         UARTCOMMS_initVar = 0u;
 108:.\Generated_Source\PSoC4/UARTCOMMS.c ****     }
 109:.\Generated_Source\PSoC4/UARTCOMMS.c ****     else
 110:.\Generated_Source\PSoC4/UARTCOMMS.c ****     {
 111:.\Generated_Source\PSoC4/UARTCOMMS.c ****         /* Initialization was done before this function call */
 112:.\Generated_Source\PSoC4/UARTCOMMS.c ****     }
 113:.\Generated_Source\PSoC4/UARTCOMMS.c **** 
 114:.\Generated_Source\PSoC4/UARTCOMMS.c **** #elif (UARTCOMMS_SCB_MODE_I2C_CONST_CFG)
 115:.\Generated_Source\PSoC4/UARTCOMMS.c ****     UARTCOMMS_I2CInit();
 116:.\Generated_Source\PSoC4/UARTCOMMS.c **** 
 117:.\Generated_Source\PSoC4/UARTCOMMS.c **** #elif (UARTCOMMS_SCB_MODE_SPI_CONST_CFG)
 118:.\Generated_Source\PSoC4/UARTCOMMS.c ****     UARTCOMMS_SpiInit();
 119:.\Generated_Source\PSoC4/UARTCOMMS.c **** 
 120:.\Generated_Source\PSoC4/UARTCOMMS.c **** #elif (UARTCOMMS_SCB_MODE_UART_CONST_CFG)
 121:.\Generated_Source\PSoC4/UARTCOMMS.c ****     UARTCOMMS_UartInit();
 122:.\Generated_Source\PSoC4/UARTCOMMS.c **** 
 123:.\Generated_Source\PSoC4/UARTCOMMS.c **** #elif (UARTCOMMS_SCB_MODE_EZI2C_CONST_CFG)
 124:.\Generated_Source\PSoC4/UARTCOMMS.c ****     UARTCOMMS_EzI2CInit();
 125:.\Generated_Source\PSoC4/UARTCOMMS.c **** 
 126:.\Generated_Source\PSoC4/UARTCOMMS.c **** #endif /* (UARTCOMMS_SCB_MODE_UNCONFIG_CONST_CFG) */
 127:.\Generated_Source\PSoC4/UARTCOMMS.c **** }
 128:.\Generated_Source\PSoC4/UARTCOMMS.c **** 
 129:.\Generated_Source\PSoC4/UARTCOMMS.c **** 
 130:.\Generated_Source\PSoC4/UARTCOMMS.c **** /*******************************************************************************
 131:.\Generated_Source\PSoC4/UARTCOMMS.c **** * Function Name: UARTCOMMS_Enable
 132:.\Generated_Source\PSoC4/UARTCOMMS.c **** ********************************************************************************
 133:.\Generated_Source\PSoC4/UARTCOMMS.c **** *
 134:.\Generated_Source\PSoC4/UARTCOMMS.c **** * Summary:
 135:.\Generated_Source\PSoC4/UARTCOMMS.c **** *  Enables the SCB component operation.
 136:.\Generated_Source\PSoC4/UARTCOMMS.c **** *  The SCB configuration should be not changed when the component is enabled.
 137:.\Generated_Source\PSoC4/UARTCOMMS.c **** *  Any configuration changes should be made after disabling the component.
 138:.\Generated_Source\PSoC4/UARTCOMMS.c **** *
 139:.\Generated_Source\PSoC4/UARTCOMMS.c **** * Parameters:
 140:.\Generated_Source\PSoC4/UARTCOMMS.c **** *  None
 141:.\Generated_Source\PSoC4/UARTCOMMS.c **** *
 142:.\Generated_Source\PSoC4/UARTCOMMS.c **** * Return:
 143:.\Generated_Source\PSoC4/UARTCOMMS.c **** *  None
 144:.\Generated_Source\PSoC4/UARTCOMMS.c **** *
 145:.\Generated_Source\PSoC4/UARTCOMMS.c **** *******************************************************************************/
 146:.\Generated_Source\PSoC4/UARTCOMMS.c **** void UARTCOMMS_Enable(void)
 147:.\Generated_Source\PSoC4/UARTCOMMS.c **** {
ARM GAS  C:\Users\Tim\AppData\Local\Temp\ccJFStFf.s 			page 4


 148:.\Generated_Source\PSoC4/UARTCOMMS.c **** #if (UARTCOMMS_SCB_MODE_UNCONFIG_CONST_CFG)
 149:.\Generated_Source\PSoC4/UARTCOMMS.c ****     /* Enable SCB block, only if it is already configured */
 150:.\Generated_Source\PSoC4/UARTCOMMS.c ****     if (!UARTCOMMS_SCB_MODE_UNCONFIG_RUNTM_CFG)
 151:.\Generated_Source\PSoC4/UARTCOMMS.c ****     {
 152:.\Generated_Source\PSoC4/UARTCOMMS.c ****         UARTCOMMS_CTRL_REG |= UARTCOMMS_CTRL_ENABLED;
 153:.\Generated_Source\PSoC4/UARTCOMMS.c **** 
 154:.\Generated_Source\PSoC4/UARTCOMMS.c ****         UARTCOMMS_ScbEnableIntr();
 155:.\Generated_Source\PSoC4/UARTCOMMS.c **** 
 156:.\Generated_Source\PSoC4/UARTCOMMS.c ****         /* Call PostEnable function specific to current operation mode */
 157:.\Generated_Source\PSoC4/UARTCOMMS.c ****         UARTCOMMS_ScbModePostEnable();
 158:.\Generated_Source\PSoC4/UARTCOMMS.c ****     }
 159:.\Generated_Source\PSoC4/UARTCOMMS.c **** #else
 160:.\Generated_Source\PSoC4/UARTCOMMS.c ****     UARTCOMMS_CTRL_REG |= UARTCOMMS_CTRL_ENABLED;
 161:.\Generated_Source\PSoC4/UARTCOMMS.c **** 
 162:.\Generated_Source\PSoC4/UARTCOMMS.c ****     UARTCOMMS_ScbEnableIntr();
 163:.\Generated_Source\PSoC4/UARTCOMMS.c **** 
 164:.\Generated_Source\PSoC4/UARTCOMMS.c ****     /* Call PostEnable function specific to current operation mode */
 165:.\Generated_Source\PSoC4/UARTCOMMS.c ****     UARTCOMMS_ScbModePostEnable();
 166:.\Generated_Source\PSoC4/UARTCOMMS.c **** #endif /* (UARTCOMMS_SCB_MODE_UNCONFIG_CONST_CFG) */
 167:.\Generated_Source\PSoC4/UARTCOMMS.c **** }
 168:.\Generated_Source\PSoC4/UARTCOMMS.c **** 
 169:.\Generated_Source\PSoC4/UARTCOMMS.c **** 
 170:.\Generated_Source\PSoC4/UARTCOMMS.c **** /*******************************************************************************
 171:.\Generated_Source\PSoC4/UARTCOMMS.c **** * Function Name: UARTCOMMS_Start
 172:.\Generated_Source\PSoC4/UARTCOMMS.c **** ********************************************************************************
 173:.\Generated_Source\PSoC4/UARTCOMMS.c **** *
 174:.\Generated_Source\PSoC4/UARTCOMMS.c **** * Summary:
 175:.\Generated_Source\PSoC4/UARTCOMMS.c **** *  Invokes SCB_Init() and SCB_Enable().
 176:.\Generated_Source\PSoC4/UARTCOMMS.c **** *  After this function call, the component is enabled and ready for operation.
 177:.\Generated_Source\PSoC4/UARTCOMMS.c **** *  When configuration is set to "Unconfigured SCB", the component must first be
 178:.\Generated_Source\PSoC4/UARTCOMMS.c **** *  initialized to operate in one of the following configurations: I2C, SPI, UART
 179:.\Generated_Source\PSoC4/UARTCOMMS.c **** *  or EZ I2C. Otherwise this function does not enable the component.
 180:.\Generated_Source\PSoC4/UARTCOMMS.c **** *
 181:.\Generated_Source\PSoC4/UARTCOMMS.c **** * Parameters:
 182:.\Generated_Source\PSoC4/UARTCOMMS.c **** *  None
 183:.\Generated_Source\PSoC4/UARTCOMMS.c **** *
 184:.\Generated_Source\PSoC4/UARTCOMMS.c **** * Return:
 185:.\Generated_Source\PSoC4/UARTCOMMS.c **** *  None
 186:.\Generated_Source\PSoC4/UARTCOMMS.c **** *
 187:.\Generated_Source\PSoC4/UARTCOMMS.c **** * Global variables:
 188:.\Generated_Source\PSoC4/UARTCOMMS.c **** *  UARTCOMMS_initVar - used to check initial configuration, modified
 189:.\Generated_Source\PSoC4/UARTCOMMS.c **** *  on first function call.
 190:.\Generated_Source\PSoC4/UARTCOMMS.c **** *
 191:.\Generated_Source\PSoC4/UARTCOMMS.c **** *******************************************************************************/
 192:.\Generated_Source\PSoC4/UARTCOMMS.c **** void UARTCOMMS_Start(void)
 193:.\Generated_Source\PSoC4/UARTCOMMS.c **** {
 194:.\Generated_Source\PSoC4/UARTCOMMS.c ****     if (0u == UARTCOMMS_initVar)
 195:.\Generated_Source\PSoC4/UARTCOMMS.c ****     {
 196:.\Generated_Source\PSoC4/UARTCOMMS.c ****         UARTCOMMS_Init();
 197:.\Generated_Source\PSoC4/UARTCOMMS.c ****         UARTCOMMS_initVar = 1u; /* Component was initialized */
 198:.\Generated_Source\PSoC4/UARTCOMMS.c ****     }
 199:.\Generated_Source\PSoC4/UARTCOMMS.c **** 
 200:.\Generated_Source\PSoC4/UARTCOMMS.c ****     UARTCOMMS_Enable();
 201:.\Generated_Source\PSoC4/UARTCOMMS.c **** }
 202:.\Generated_Source\PSoC4/UARTCOMMS.c **** 
 203:.\Generated_Source\PSoC4/UARTCOMMS.c **** 
 204:.\Generated_Source\PSoC4/UARTCOMMS.c **** /*******************************************************************************
ARM GAS  C:\Users\Tim\AppData\Local\Temp\ccJFStFf.s 			page 5


 205:.\Generated_Source\PSoC4/UARTCOMMS.c **** * Function Name: UARTCOMMS_Stop
 206:.\Generated_Source\PSoC4/UARTCOMMS.c **** ********************************************************************************
 207:.\Generated_Source\PSoC4/UARTCOMMS.c **** *
 208:.\Generated_Source\PSoC4/UARTCOMMS.c **** * Summary:
 209:.\Generated_Source\PSoC4/UARTCOMMS.c **** *  Disables the SCB component and its interrupt.
 210:.\Generated_Source\PSoC4/UARTCOMMS.c **** *  It also disables all TX interrupt sources so as not to cause an unexpected
 211:.\Generated_Source\PSoC4/UARTCOMMS.c **** *  interrupt trigger because after the component is enabled, the TX FIFO 
 212:.\Generated_Source\PSoC4/UARTCOMMS.c **** *  is empty.
 213:.\Generated_Source\PSoC4/UARTCOMMS.c **** *
 214:.\Generated_Source\PSoC4/UARTCOMMS.c **** * Parameters:
 215:.\Generated_Source\PSoC4/UARTCOMMS.c **** *  None
 216:.\Generated_Source\PSoC4/UARTCOMMS.c **** *
 217:.\Generated_Source\PSoC4/UARTCOMMS.c **** * Return:
 218:.\Generated_Source\PSoC4/UARTCOMMS.c **** *  None
 219:.\Generated_Source\PSoC4/UARTCOMMS.c **** * 
 220:.\Generated_Source\PSoC4/UARTCOMMS.c **** *******************************************************************************/
 221:.\Generated_Source\PSoC4/UARTCOMMS.c **** void UARTCOMMS_Stop(void)
 222:.\Generated_Source\PSoC4/UARTCOMMS.c **** {
 223:.\Generated_Source\PSoC4/UARTCOMMS.c **** #if (UARTCOMMS_SCB_IRQ_INTERNAL)
 224:.\Generated_Source\PSoC4/UARTCOMMS.c ****     UARTCOMMS_DisableInt();
 225:.\Generated_Source\PSoC4/UARTCOMMS.c **** #endif /* (UARTCOMMS_SCB_IRQ_INTERNAL) */
 226:.\Generated_Source\PSoC4/UARTCOMMS.c **** 
 227:.\Generated_Source\PSoC4/UARTCOMMS.c ****     /* Call Stop function specific to current operation mode */
 228:.\Generated_Source\PSoC4/UARTCOMMS.c ****     UARTCOMMS_ScbModeStop();
 229:.\Generated_Source\PSoC4/UARTCOMMS.c **** 
 230:.\Generated_Source\PSoC4/UARTCOMMS.c ****     /* Disable SCB IP */
 231:.\Generated_Source\PSoC4/UARTCOMMS.c ****     UARTCOMMS_CTRL_REG &= (uint32) ~UARTCOMMS_CTRL_ENABLED;
 232:.\Generated_Source\PSoC4/UARTCOMMS.c **** 
 233:.\Generated_Source\PSoC4/UARTCOMMS.c ****     /* Disable all TX interrupt sources so as not to cause an unexpected
 234:.\Generated_Source\PSoC4/UARTCOMMS.c ****     * interrupt trigger because after the component is enabled, the TX FIFO
 235:.\Generated_Source\PSoC4/UARTCOMMS.c ****     * is empty.
 236:.\Generated_Source\PSoC4/UARTCOMMS.c ****     * For SCB IP v0, it is critical as it does not mask-out interrupt
 237:.\Generated_Source\PSoC4/UARTCOMMS.c ****     * sources when they are disabled. This can cause a code lock-up in the
 238:.\Generated_Source\PSoC4/UARTCOMMS.c ****     * interrupt handler because TX FIFO cannot be loaded after the block
 239:.\Generated_Source\PSoC4/UARTCOMMS.c ****     * is disabled.
 240:.\Generated_Source\PSoC4/UARTCOMMS.c ****     */
 241:.\Generated_Source\PSoC4/UARTCOMMS.c ****     UARTCOMMS_SetTxInterruptMode(UARTCOMMS_NO_INTR_SOURCES);
 242:.\Generated_Source\PSoC4/UARTCOMMS.c **** 
 243:.\Generated_Source\PSoC4/UARTCOMMS.c **** #if (UARTCOMMS_SCB_IRQ_INTERNAL)
 244:.\Generated_Source\PSoC4/UARTCOMMS.c ****     UARTCOMMS_ClearPendingInt();
 245:.\Generated_Source\PSoC4/UARTCOMMS.c **** #endif /* (UARTCOMMS_SCB_IRQ_INTERNAL) */
 246:.\Generated_Source\PSoC4/UARTCOMMS.c **** }
 247:.\Generated_Source\PSoC4/UARTCOMMS.c **** 
 248:.\Generated_Source\PSoC4/UARTCOMMS.c **** 
 249:.\Generated_Source\PSoC4/UARTCOMMS.c **** /*******************************************************************************
 250:.\Generated_Source\PSoC4/UARTCOMMS.c **** * Function Name: UARTCOMMS_SetRxFifoLevel
 251:.\Generated_Source\PSoC4/UARTCOMMS.c **** ********************************************************************************
 252:.\Generated_Source\PSoC4/UARTCOMMS.c **** *
 253:.\Generated_Source\PSoC4/UARTCOMMS.c **** * Summary:
 254:.\Generated_Source\PSoC4/UARTCOMMS.c **** *  Sets level in the RX FIFO to generate a RX level interrupt.
 255:.\Generated_Source\PSoC4/UARTCOMMS.c **** *  When the RX FIFO has more entries than the RX FIFO level an RX level
 256:.\Generated_Source\PSoC4/UARTCOMMS.c **** *  interrupt request is generated.
 257:.\Generated_Source\PSoC4/UARTCOMMS.c **** *
 258:.\Generated_Source\PSoC4/UARTCOMMS.c **** * Parameters:
 259:.\Generated_Source\PSoC4/UARTCOMMS.c **** *  level: Level in the RX FIFO to generate RX level interrupt.
 260:.\Generated_Source\PSoC4/UARTCOMMS.c **** *         The range of valid level values is between 0 and RX FIFO depth - 1.
 261:.\Generated_Source\PSoC4/UARTCOMMS.c **** *
ARM GAS  C:\Users\Tim\AppData\Local\Temp\ccJFStFf.s 			page 6


 262:.\Generated_Source\PSoC4/UARTCOMMS.c **** * Return:
 263:.\Generated_Source\PSoC4/UARTCOMMS.c **** *  None
 264:.\Generated_Source\PSoC4/UARTCOMMS.c **** *
 265:.\Generated_Source\PSoC4/UARTCOMMS.c **** *******************************************************************************/
 266:.\Generated_Source\PSoC4/UARTCOMMS.c **** void UARTCOMMS_SetRxFifoLevel(uint32 level)
 267:.\Generated_Source\PSoC4/UARTCOMMS.c **** {
 268:.\Generated_Source\PSoC4/UARTCOMMS.c ****     uint32 rxFifoCtrl;
 269:.\Generated_Source\PSoC4/UARTCOMMS.c **** 
 270:.\Generated_Source\PSoC4/UARTCOMMS.c ****     rxFifoCtrl = UARTCOMMS_RX_FIFO_CTRL_REG;
 271:.\Generated_Source\PSoC4/UARTCOMMS.c **** 
 272:.\Generated_Source\PSoC4/UARTCOMMS.c ****     rxFifoCtrl &= ((uint32) ~UARTCOMMS_RX_FIFO_CTRL_TRIGGER_LEVEL_MASK); /* Clear level mask bits *
 273:.\Generated_Source\PSoC4/UARTCOMMS.c ****     rxFifoCtrl |= ((uint32) (UARTCOMMS_RX_FIFO_CTRL_TRIGGER_LEVEL_MASK & level));
 274:.\Generated_Source\PSoC4/UARTCOMMS.c **** 
 275:.\Generated_Source\PSoC4/UARTCOMMS.c ****     UARTCOMMS_RX_FIFO_CTRL_REG = rxFifoCtrl;
 276:.\Generated_Source\PSoC4/UARTCOMMS.c **** }
 277:.\Generated_Source\PSoC4/UARTCOMMS.c **** 
 278:.\Generated_Source\PSoC4/UARTCOMMS.c **** 
 279:.\Generated_Source\PSoC4/UARTCOMMS.c **** /*******************************************************************************
 280:.\Generated_Source\PSoC4/UARTCOMMS.c **** * Function Name: UARTCOMMS_SetTxFifoLevel
 281:.\Generated_Source\PSoC4/UARTCOMMS.c **** ********************************************************************************
 282:.\Generated_Source\PSoC4/UARTCOMMS.c **** *
 283:.\Generated_Source\PSoC4/UARTCOMMS.c **** * Summary:
 284:.\Generated_Source\PSoC4/UARTCOMMS.c **** *  Sets level in the TX FIFO to generate a TX level interrupt.
 285:.\Generated_Source\PSoC4/UARTCOMMS.c **** *  When the TX FIFO has more entries than the TX FIFO level an TX level
 286:.\Generated_Source\PSoC4/UARTCOMMS.c **** *  interrupt request is generated.
 287:.\Generated_Source\PSoC4/UARTCOMMS.c **** *
 288:.\Generated_Source\PSoC4/UARTCOMMS.c **** * Parameters:
 289:.\Generated_Source\PSoC4/UARTCOMMS.c **** *  level: Level in the TX FIFO to generate TX level interrupt.
 290:.\Generated_Source\PSoC4/UARTCOMMS.c **** *         The range of valid level values is between 0 and TX FIFO depth - 1.
 291:.\Generated_Source\PSoC4/UARTCOMMS.c **** *
 292:.\Generated_Source\PSoC4/UARTCOMMS.c **** * Return:
 293:.\Generated_Source\PSoC4/UARTCOMMS.c **** *  None
 294:.\Generated_Source\PSoC4/UARTCOMMS.c **** *
 295:.\Generated_Source\PSoC4/UARTCOMMS.c **** *******************************************************************************/
 296:.\Generated_Source\PSoC4/UARTCOMMS.c **** void UARTCOMMS_SetTxFifoLevel(uint32 level)
 297:.\Generated_Source\PSoC4/UARTCOMMS.c **** {
 298:.\Generated_Source\PSoC4/UARTCOMMS.c ****     uint32 txFifoCtrl;
 299:.\Generated_Source\PSoC4/UARTCOMMS.c **** 
 300:.\Generated_Source\PSoC4/UARTCOMMS.c ****     txFifoCtrl = UARTCOMMS_TX_FIFO_CTRL_REG;
 301:.\Generated_Source\PSoC4/UARTCOMMS.c **** 
 302:.\Generated_Source\PSoC4/UARTCOMMS.c ****     txFifoCtrl &= ((uint32) ~UARTCOMMS_TX_FIFO_CTRL_TRIGGER_LEVEL_MASK); /* Clear level mask bits *
 303:.\Generated_Source\PSoC4/UARTCOMMS.c ****     txFifoCtrl |= ((uint32) (UARTCOMMS_TX_FIFO_CTRL_TRIGGER_LEVEL_MASK & level));
 304:.\Generated_Source\PSoC4/UARTCOMMS.c **** 
 305:.\Generated_Source\PSoC4/UARTCOMMS.c ****     UARTCOMMS_TX_FIFO_CTRL_REG = txFifoCtrl;
 306:.\Generated_Source\PSoC4/UARTCOMMS.c **** }
 307:.\Generated_Source\PSoC4/UARTCOMMS.c **** 
 308:.\Generated_Source\PSoC4/UARTCOMMS.c **** 
 309:.\Generated_Source\PSoC4/UARTCOMMS.c **** #if (UARTCOMMS_SCB_IRQ_INTERNAL)
 310:.\Generated_Source\PSoC4/UARTCOMMS.c ****     /*******************************************************************************
 311:.\Generated_Source\PSoC4/UARTCOMMS.c ****     * Function Name: UARTCOMMS_SetCustomInterruptHandler
 312:.\Generated_Source\PSoC4/UARTCOMMS.c ****     ********************************************************************************
 313:.\Generated_Source\PSoC4/UARTCOMMS.c ****     *
 314:.\Generated_Source\PSoC4/UARTCOMMS.c ****     * Summary:
 315:.\Generated_Source\PSoC4/UARTCOMMS.c ****     *  Registers a function to be called by the internal interrupt handler.
 316:.\Generated_Source\PSoC4/UARTCOMMS.c ****     *  First the function that is registered is called, then the internal interrupt
 317:.\Generated_Source\PSoC4/UARTCOMMS.c ****     *  handler performs any operation such as software buffer management functions
 318:.\Generated_Source\PSoC4/UARTCOMMS.c ****     *  before the interrupt returns.  It is the user's responsibility not to break
ARM GAS  C:\Users\Tim\AppData\Local\Temp\ccJFStFf.s 			page 7


 319:.\Generated_Source\PSoC4/UARTCOMMS.c ****     *  the software buffer operations. Only one custom handler is supported, which
 320:.\Generated_Source\PSoC4/UARTCOMMS.c ****     *  is the function provided by the most recent call.
 321:.\Generated_Source\PSoC4/UARTCOMMS.c ****     *  At the initialization time no custom handler is registered.
 322:.\Generated_Source\PSoC4/UARTCOMMS.c ****     *
 323:.\Generated_Source\PSoC4/UARTCOMMS.c ****     * Parameters:
 324:.\Generated_Source\PSoC4/UARTCOMMS.c ****     *  func: Pointer to the function to register.
 325:.\Generated_Source\PSoC4/UARTCOMMS.c ****     *        The value NULL indicates to remove the current custom interrupt
 326:.\Generated_Source\PSoC4/UARTCOMMS.c ****     *        handler.
 327:.\Generated_Source\PSoC4/UARTCOMMS.c ****     *
 328:.\Generated_Source\PSoC4/UARTCOMMS.c ****     * Return:
 329:.\Generated_Source\PSoC4/UARTCOMMS.c ****     *  None
 330:.\Generated_Source\PSoC4/UARTCOMMS.c ****     *
 331:.\Generated_Source\PSoC4/UARTCOMMS.c ****     *******************************************************************************/
 332:.\Generated_Source\PSoC4/UARTCOMMS.c ****     void UARTCOMMS_SetCustomInterruptHandler(void (*func)(void))
 333:.\Generated_Source\PSoC4/UARTCOMMS.c ****     {
 334:.\Generated_Source\PSoC4/UARTCOMMS.c ****     #if !defined (CY_REMOVE_UARTCOMMS_CUSTOM_INTR_HANDLER)
 335:.\Generated_Source\PSoC4/UARTCOMMS.c ****         UARTCOMMS_customIntrHandler = func; /* Register interrupt handler */
 336:.\Generated_Source\PSoC4/UARTCOMMS.c ****     #else
 337:.\Generated_Source\PSoC4/UARTCOMMS.c ****         if (NULL != func)
 338:.\Generated_Source\PSoC4/UARTCOMMS.c ****         {
 339:.\Generated_Source\PSoC4/UARTCOMMS.c ****             /* Suppress compiler warning */
 340:.\Generated_Source\PSoC4/UARTCOMMS.c ****         }
 341:.\Generated_Source\PSoC4/UARTCOMMS.c ****     #endif /* !defined (CY_REMOVE_UARTCOMMS_CUSTOM_INTR_HANDLER) */
 342:.\Generated_Source\PSoC4/UARTCOMMS.c ****     }
 343:.\Generated_Source\PSoC4/UARTCOMMS.c **** #endif /* (UARTCOMMS_SCB_IRQ_INTERNAL) */
 344:.\Generated_Source\PSoC4/UARTCOMMS.c **** 
 345:.\Generated_Source\PSoC4/UARTCOMMS.c **** 
 346:.\Generated_Source\PSoC4/UARTCOMMS.c **** /*******************************************************************************
 347:.\Generated_Source\PSoC4/UARTCOMMS.c **** * Function Name: UARTCOMMS_ScbModeEnableIntr
 348:.\Generated_Source\PSoC4/UARTCOMMS.c **** ********************************************************************************
 349:.\Generated_Source\PSoC4/UARTCOMMS.c **** *
 350:.\Generated_Source\PSoC4/UARTCOMMS.c **** * Summary:
 351:.\Generated_Source\PSoC4/UARTCOMMS.c **** *  Enables an interrupt for a specific mode.
 352:.\Generated_Source\PSoC4/UARTCOMMS.c **** *
 353:.\Generated_Source\PSoC4/UARTCOMMS.c **** * Parameters:
 354:.\Generated_Source\PSoC4/UARTCOMMS.c **** *  None
 355:.\Generated_Source\PSoC4/UARTCOMMS.c **** *
 356:.\Generated_Source\PSoC4/UARTCOMMS.c **** * Return:
 357:.\Generated_Source\PSoC4/UARTCOMMS.c **** *  None
 358:.\Generated_Source\PSoC4/UARTCOMMS.c **** *
 359:.\Generated_Source\PSoC4/UARTCOMMS.c **** *******************************************************************************/
 360:.\Generated_Source\PSoC4/UARTCOMMS.c **** static void UARTCOMMS_ScbEnableIntr(void)
 361:.\Generated_Source\PSoC4/UARTCOMMS.c **** {
  25              		.loc 1 361 0
  26              		.cfi_startproc
  27 0000 08B5     		push	{r3, lr}
  28              		.cfi_def_cfa_offset 8
  29              		.cfi_offset 3, -8
  30              		.cfi_offset 14, -4
 362:.\Generated_Source\PSoC4/UARTCOMMS.c **** #if (UARTCOMMS_SCB_IRQ_INTERNAL)
 363:.\Generated_Source\PSoC4/UARTCOMMS.c ****     /* Enable interrupt in NVIC */
 364:.\Generated_Source\PSoC4/UARTCOMMS.c ****     #if (UARTCOMMS_SCB_MODE_UNCONFIG_CONST_CFG)
 365:.\Generated_Source\PSoC4/UARTCOMMS.c ****         if (0u != UARTCOMMS_scbEnableIntr)
 366:.\Generated_Source\PSoC4/UARTCOMMS.c ****         {
 367:.\Generated_Source\PSoC4/UARTCOMMS.c ****             UARTCOMMS_EnableInt();
 368:.\Generated_Source\PSoC4/UARTCOMMS.c ****         }
 369:.\Generated_Source\PSoC4/UARTCOMMS.c **** 
ARM GAS  C:\Users\Tim\AppData\Local\Temp\ccJFStFf.s 			page 8


 370:.\Generated_Source\PSoC4/UARTCOMMS.c ****     #else
 371:.\Generated_Source\PSoC4/UARTCOMMS.c ****         UARTCOMMS_EnableInt();
  31              		.loc 1 371 0
  32 0002 0820     		mov	r0, #8
  33 0004 FFF7FEFF 		bl	CyIntEnable
  34              	.LVL0:
 372:.\Generated_Source\PSoC4/UARTCOMMS.c **** 
 373:.\Generated_Source\PSoC4/UARTCOMMS.c ****     #endif /* (UARTCOMMS_SCB_MODE_UNCONFIG_CONST_CFG) */
 374:.\Generated_Source\PSoC4/UARTCOMMS.c **** #endif /* (UARTCOMMS_SCB_IRQ_INTERNAL) */
 375:.\Generated_Source\PSoC4/UARTCOMMS.c **** }
  35              		.loc 1 375 0
  36              		@ sp needed
  37 0008 08BD     		pop	{r3, pc}
  38              		.cfi_endproc
  39              	.LFE8:
  40              		.size	UARTCOMMS_ScbEnableIntr, .-UARTCOMMS_ScbEnableIntr
  41 000a C046     		.section	.text.UARTCOMMS_ScbModePostEnable,"ax",%progbits
  42              		.align	2
  43              		.code	16
  44              		.thumb_func
  45              		.type	UARTCOMMS_ScbModePostEnable, %function
  46              	UARTCOMMS_ScbModePostEnable:
  47              	.LFB9:
 376:.\Generated_Source\PSoC4/UARTCOMMS.c **** 
 377:.\Generated_Source\PSoC4/UARTCOMMS.c **** 
 378:.\Generated_Source\PSoC4/UARTCOMMS.c **** /*******************************************************************************
 379:.\Generated_Source\PSoC4/UARTCOMMS.c **** * Function Name: UARTCOMMS_ScbModePostEnable
 380:.\Generated_Source\PSoC4/UARTCOMMS.c **** ********************************************************************************
 381:.\Generated_Source\PSoC4/UARTCOMMS.c **** *
 382:.\Generated_Source\PSoC4/UARTCOMMS.c **** * Summary:
 383:.\Generated_Source\PSoC4/UARTCOMMS.c **** *  Calls the PostEnable function for a specific operation mode.
 384:.\Generated_Source\PSoC4/UARTCOMMS.c **** *
 385:.\Generated_Source\PSoC4/UARTCOMMS.c **** * Parameters:
 386:.\Generated_Source\PSoC4/UARTCOMMS.c **** *  None
 387:.\Generated_Source\PSoC4/UARTCOMMS.c **** *
 388:.\Generated_Source\PSoC4/UARTCOMMS.c **** * Return:
 389:.\Generated_Source\PSoC4/UARTCOMMS.c **** *  None
 390:.\Generated_Source\PSoC4/UARTCOMMS.c **** *
 391:.\Generated_Source\PSoC4/UARTCOMMS.c **** *******************************************************************************/
 392:.\Generated_Source\PSoC4/UARTCOMMS.c **** static void UARTCOMMS_ScbModePostEnable(void)
 393:.\Generated_Source\PSoC4/UARTCOMMS.c **** {
  48              		.loc 1 393 0
  49              		.cfi_startproc
  50 0000 08B5     		push	{r3, lr}
  51              		.cfi_def_cfa_offset 8
  52              		.cfi_offset 3, -8
  53              		.cfi_offset 14, -4
 394:.\Generated_Source\PSoC4/UARTCOMMS.c **** #if (UARTCOMMS_SCB_MODE_UNCONFIG_CONST_CFG)
 395:.\Generated_Source\PSoC4/UARTCOMMS.c **** #if (!UARTCOMMS_CY_SCBIP_V1)
 396:.\Generated_Source\PSoC4/UARTCOMMS.c ****     if (UARTCOMMS_SCB_MODE_SPI_RUNTM_CFG)
 397:.\Generated_Source\PSoC4/UARTCOMMS.c ****     {
 398:.\Generated_Source\PSoC4/UARTCOMMS.c ****         UARTCOMMS_SpiPostEnable();
 399:.\Generated_Source\PSoC4/UARTCOMMS.c ****     }
 400:.\Generated_Source\PSoC4/UARTCOMMS.c ****     else if (UARTCOMMS_SCB_MODE_UART_RUNTM_CFG)
 401:.\Generated_Source\PSoC4/UARTCOMMS.c ****     {
 402:.\Generated_Source\PSoC4/UARTCOMMS.c ****         UARTCOMMS_UartPostEnable();
 403:.\Generated_Source\PSoC4/UARTCOMMS.c ****     }
ARM GAS  C:\Users\Tim\AppData\Local\Temp\ccJFStFf.s 			page 9


 404:.\Generated_Source\PSoC4/UARTCOMMS.c ****     else
 405:.\Generated_Source\PSoC4/UARTCOMMS.c ****     {
 406:.\Generated_Source\PSoC4/UARTCOMMS.c ****         /* Unknown mode: do nothing */
 407:.\Generated_Source\PSoC4/UARTCOMMS.c ****     }
 408:.\Generated_Source\PSoC4/UARTCOMMS.c **** #endif /* (!UARTCOMMS_CY_SCBIP_V1) */
 409:.\Generated_Source\PSoC4/UARTCOMMS.c **** 
 410:.\Generated_Source\PSoC4/UARTCOMMS.c **** #elif (UARTCOMMS_SCB_MODE_SPI_CONST_CFG)
 411:.\Generated_Source\PSoC4/UARTCOMMS.c ****     UARTCOMMS_SpiPostEnable();
 412:.\Generated_Source\PSoC4/UARTCOMMS.c **** 
 413:.\Generated_Source\PSoC4/UARTCOMMS.c **** #elif (UARTCOMMS_SCB_MODE_UART_CONST_CFG)
 414:.\Generated_Source\PSoC4/UARTCOMMS.c ****     UARTCOMMS_UartPostEnable();
  54              		.loc 1 414 0
  55 0002 FFF7FEFF 		bl	UARTCOMMS_UartPostEnable
  56              	.LVL1:
 415:.\Generated_Source\PSoC4/UARTCOMMS.c **** 
 416:.\Generated_Source\PSoC4/UARTCOMMS.c **** #else
 417:.\Generated_Source\PSoC4/UARTCOMMS.c ****     /* Unknown mode: do nothing */
 418:.\Generated_Source\PSoC4/UARTCOMMS.c **** #endif /* (UARTCOMMS_SCB_MODE_UNCONFIG_CONST_CFG) */
 419:.\Generated_Source\PSoC4/UARTCOMMS.c **** }
  57              		.loc 1 419 0
  58              		@ sp needed
  59 0006 08BD     		pop	{r3, pc}
  60              		.cfi_endproc
  61              	.LFE9:
  62              		.size	UARTCOMMS_ScbModePostEnable, .-UARTCOMMS_ScbModePostEnable
  63              		.section	.text.UARTCOMMS_ScbModeStop,"ax",%progbits
  64              		.align	2
  65              		.code	16
  66              		.thumb_func
  67              		.type	UARTCOMMS_ScbModeStop, %function
  68              	UARTCOMMS_ScbModeStop:
  69              	.LFB10:
 420:.\Generated_Source\PSoC4/UARTCOMMS.c **** 
 421:.\Generated_Source\PSoC4/UARTCOMMS.c **** 
 422:.\Generated_Source\PSoC4/UARTCOMMS.c **** /*******************************************************************************
 423:.\Generated_Source\PSoC4/UARTCOMMS.c **** * Function Name: UARTCOMMS_ScbModeStop
 424:.\Generated_Source\PSoC4/UARTCOMMS.c **** ********************************************************************************
 425:.\Generated_Source\PSoC4/UARTCOMMS.c **** *
 426:.\Generated_Source\PSoC4/UARTCOMMS.c **** * Summary:
 427:.\Generated_Source\PSoC4/UARTCOMMS.c **** *  Calls the Stop function for a specific operation mode.
 428:.\Generated_Source\PSoC4/UARTCOMMS.c **** *
 429:.\Generated_Source\PSoC4/UARTCOMMS.c **** * Parameters:
 430:.\Generated_Source\PSoC4/UARTCOMMS.c **** *  None
 431:.\Generated_Source\PSoC4/UARTCOMMS.c **** *
 432:.\Generated_Source\PSoC4/UARTCOMMS.c **** * Return:
 433:.\Generated_Source\PSoC4/UARTCOMMS.c **** *  None
 434:.\Generated_Source\PSoC4/UARTCOMMS.c **** *
 435:.\Generated_Source\PSoC4/UARTCOMMS.c **** *******************************************************************************/
 436:.\Generated_Source\PSoC4/UARTCOMMS.c **** static void UARTCOMMS_ScbModeStop(void)
 437:.\Generated_Source\PSoC4/UARTCOMMS.c **** {
  70              		.loc 1 437 0
  71              		.cfi_startproc
  72 0000 08B5     		push	{r3, lr}
  73              		.cfi_def_cfa_offset 8
  74              		.cfi_offset 3, -8
  75              		.cfi_offset 14, -4
 438:.\Generated_Source\PSoC4/UARTCOMMS.c **** #if (UARTCOMMS_SCB_MODE_UNCONFIG_CONST_CFG)
ARM GAS  C:\Users\Tim\AppData\Local\Temp\ccJFStFf.s 			page 10


 439:.\Generated_Source\PSoC4/UARTCOMMS.c ****     if (UARTCOMMS_SCB_MODE_I2C_RUNTM_CFG)
 440:.\Generated_Source\PSoC4/UARTCOMMS.c ****     {
 441:.\Generated_Source\PSoC4/UARTCOMMS.c ****         UARTCOMMS_I2CStop();
 442:.\Generated_Source\PSoC4/UARTCOMMS.c ****     }
 443:.\Generated_Source\PSoC4/UARTCOMMS.c ****     else if (UARTCOMMS_SCB_MODE_EZI2C_RUNTM_CFG)
 444:.\Generated_Source\PSoC4/UARTCOMMS.c ****     {
 445:.\Generated_Source\PSoC4/UARTCOMMS.c ****         UARTCOMMS_EzI2CStop();
 446:.\Generated_Source\PSoC4/UARTCOMMS.c ****     }
 447:.\Generated_Source\PSoC4/UARTCOMMS.c **** #if (!UARTCOMMS_CY_SCBIP_V1)
 448:.\Generated_Source\PSoC4/UARTCOMMS.c ****     else if (UARTCOMMS_SCB_MODE_SPI_RUNTM_CFG)
 449:.\Generated_Source\PSoC4/UARTCOMMS.c ****     {
 450:.\Generated_Source\PSoC4/UARTCOMMS.c ****         UARTCOMMS_SpiStop();
 451:.\Generated_Source\PSoC4/UARTCOMMS.c ****     }
 452:.\Generated_Source\PSoC4/UARTCOMMS.c ****     else if (UARTCOMMS_SCB_MODE_UART_RUNTM_CFG)
 453:.\Generated_Source\PSoC4/UARTCOMMS.c ****     {
 454:.\Generated_Source\PSoC4/UARTCOMMS.c ****         UARTCOMMS_UartStop();
 455:.\Generated_Source\PSoC4/UARTCOMMS.c ****     }
 456:.\Generated_Source\PSoC4/UARTCOMMS.c **** #endif /* (!UARTCOMMS_CY_SCBIP_V1) */
 457:.\Generated_Source\PSoC4/UARTCOMMS.c ****     else
 458:.\Generated_Source\PSoC4/UARTCOMMS.c ****     {
 459:.\Generated_Source\PSoC4/UARTCOMMS.c ****         /* Unknown mode: do nothing */
 460:.\Generated_Source\PSoC4/UARTCOMMS.c ****     }
 461:.\Generated_Source\PSoC4/UARTCOMMS.c **** #elif (UARTCOMMS_SCB_MODE_I2C_CONST_CFG)
 462:.\Generated_Source\PSoC4/UARTCOMMS.c ****     UARTCOMMS_I2CStop();
 463:.\Generated_Source\PSoC4/UARTCOMMS.c **** 
 464:.\Generated_Source\PSoC4/UARTCOMMS.c **** #elif (UARTCOMMS_SCB_MODE_EZI2C_CONST_CFG)
 465:.\Generated_Source\PSoC4/UARTCOMMS.c ****     UARTCOMMS_EzI2CStop();
 466:.\Generated_Source\PSoC4/UARTCOMMS.c **** 
 467:.\Generated_Source\PSoC4/UARTCOMMS.c **** #elif (UARTCOMMS_SCB_MODE_SPI_CONST_CFG)
 468:.\Generated_Source\PSoC4/UARTCOMMS.c ****     UARTCOMMS_SpiStop();
 469:.\Generated_Source\PSoC4/UARTCOMMS.c **** 
 470:.\Generated_Source\PSoC4/UARTCOMMS.c **** #elif (UARTCOMMS_SCB_MODE_UART_CONST_CFG)
 471:.\Generated_Source\PSoC4/UARTCOMMS.c ****     UARTCOMMS_UartStop();
  76              		.loc 1 471 0
  77 0002 FFF7FEFF 		bl	UARTCOMMS_UartStop
  78              	.LVL2:
 472:.\Generated_Source\PSoC4/UARTCOMMS.c **** 
 473:.\Generated_Source\PSoC4/UARTCOMMS.c **** #else
 474:.\Generated_Source\PSoC4/UARTCOMMS.c ****     /* Unknown mode: do nothing */
 475:.\Generated_Source\PSoC4/UARTCOMMS.c **** #endif /* (UARTCOMMS_SCB_MODE_UNCONFIG_CONST_CFG) */
 476:.\Generated_Source\PSoC4/UARTCOMMS.c **** }
  79              		.loc 1 476 0
  80              		@ sp needed
  81 0006 08BD     		pop	{r3, pc}
  82              		.cfi_endproc
  83              	.LFE10:
  84              		.size	UARTCOMMS_ScbModeStop, .-UARTCOMMS_ScbModeStop
  85              		.section	.text.UARTCOMMS_Init,"ax",%progbits
  86              		.align	2
  87              		.global	UARTCOMMS_Init
  88              		.code	16
  89              		.thumb_func
  90              		.type	UARTCOMMS_Init, %function
  91              	UARTCOMMS_Init:
  92              	.LFB1:
 103:.\Generated_Source\PSoC4/UARTCOMMS.c **** #if (UARTCOMMS_SCB_MODE_UNCONFIG_CONST_CFG)
  93              		.loc 1 103 0
ARM GAS  C:\Users\Tim\AppData\Local\Temp\ccJFStFf.s 			page 11


  94              		.cfi_startproc
  95 0000 08B5     		push	{r3, lr}
  96              		.cfi_def_cfa_offset 8
  97              		.cfi_offset 3, -8
  98              		.cfi_offset 14, -4
 121:.\Generated_Source\PSoC4/UARTCOMMS.c **** 
  99              		.loc 1 121 0
 100 0002 FFF7FEFF 		bl	UARTCOMMS_UartInit
 101              	.LVL3:
 127:.\Generated_Source\PSoC4/UARTCOMMS.c **** 
 102              		.loc 1 127 0
 103              		@ sp needed
 104 0006 08BD     		pop	{r3, pc}
 105              		.cfi_endproc
 106              	.LFE1:
 107              		.size	UARTCOMMS_Init, .-UARTCOMMS_Init
 108              		.section	.text.UARTCOMMS_Enable,"ax",%progbits
 109              		.align	2
 110              		.global	UARTCOMMS_Enable
 111              		.code	16
 112              		.thumb_func
 113              		.type	UARTCOMMS_Enable, %function
 114              	UARTCOMMS_Enable:
 115              	.LFB2:
 147:.\Generated_Source\PSoC4/UARTCOMMS.c **** #if (UARTCOMMS_SCB_MODE_UNCONFIG_CONST_CFG)
 116              		.loc 1 147 0
 117              		.cfi_startproc
 118 0000 08B5     		push	{r3, lr}
 119              		.cfi_def_cfa_offset 8
 120              		.cfi_offset 3, -8
 121              		.cfi_offset 14, -4
 160:.\Generated_Source\PSoC4/UARTCOMMS.c **** 
 122              		.loc 1 160 0
 123 0002 054A     		ldr	r2, .L6
 124 0004 1368     		ldr	r3, [r2]
 125 0006 8021     		mov	r1, #128
 126 0008 0906     		lsl	r1, r1, #24
 127 000a 0B43     		orr	r3, r1
 128 000c 1360     		str	r3, [r2]
 162:.\Generated_Source\PSoC4/UARTCOMMS.c **** 
 129              		.loc 1 162 0
 130 000e FFF7FEFF 		bl	UARTCOMMS_ScbEnableIntr
 131              	.LVL4:
 165:.\Generated_Source\PSoC4/UARTCOMMS.c **** #endif /* (UARTCOMMS_SCB_MODE_UNCONFIG_CONST_CFG) */
 132              		.loc 1 165 0
 133 0012 FFF7FEFF 		bl	UARTCOMMS_ScbModePostEnable
 134              	.LVL5:
 167:.\Generated_Source\PSoC4/UARTCOMMS.c **** 
 135              		.loc 1 167 0
 136              		@ sp needed
 137 0016 08BD     		pop	{r3, pc}
 138              	.L7:
 139              		.align	2
 140              	.L6:
 141 0018 00002440 		.word	1076101120
 142              		.cfi_endproc
 143              	.LFE2:
ARM GAS  C:\Users\Tim\AppData\Local\Temp\ccJFStFf.s 			page 12


 144              		.size	UARTCOMMS_Enable, .-UARTCOMMS_Enable
 145              		.section	.text.UARTCOMMS_Start,"ax",%progbits
 146              		.align	2
 147              		.global	UARTCOMMS_Start
 148              		.code	16
 149              		.thumb_func
 150              		.type	UARTCOMMS_Start, %function
 151              	UARTCOMMS_Start:
 152              	.LFB3:
 193:.\Generated_Source\PSoC4/UARTCOMMS.c ****     if (0u == UARTCOMMS_initVar)
 153              		.loc 1 193 0
 154              		.cfi_startproc
 155 0000 08B5     		push	{r3, lr}
 156              		.cfi_def_cfa_offset 8
 157              		.cfi_offset 3, -8
 158              		.cfi_offset 14, -4
 194:.\Generated_Source\PSoC4/UARTCOMMS.c ****     {
 159              		.loc 1 194 0
 160 0002 064B     		ldr	r3, .L10
 161 0004 1B78     		ldrb	r3, [r3]
 162 0006 002B     		cmp	r3, #0
 163 0008 04D1     		bne	.L9
 196:.\Generated_Source\PSoC4/UARTCOMMS.c ****         UARTCOMMS_initVar = 1u; /* Component was initialized */
 164              		.loc 1 196 0
 165 000a FFF7FEFF 		bl	UARTCOMMS_Init
 166              	.LVL6:
 197:.\Generated_Source\PSoC4/UARTCOMMS.c ****     }
 167              		.loc 1 197 0
 168 000e 0122     		mov	r2, #1
 169 0010 024B     		ldr	r3, .L10
 170 0012 1A70     		strb	r2, [r3]
 171              	.L9:
 200:.\Generated_Source\PSoC4/UARTCOMMS.c **** }
 172              		.loc 1 200 0
 173 0014 FFF7FEFF 		bl	UARTCOMMS_Enable
 174              	.LVL7:
 201:.\Generated_Source\PSoC4/UARTCOMMS.c **** 
 175              		.loc 1 201 0
 176              		@ sp needed
 177 0018 08BD     		pop	{r3, pc}
 178              	.L11:
 179 001a C046     		.align	2
 180              	.L10:
 181 001c 00000000 		.word	.LANCHOR0
 182              		.cfi_endproc
 183              	.LFE3:
 184              		.size	UARTCOMMS_Start, .-UARTCOMMS_Start
 185              		.section	.text.UARTCOMMS_Stop,"ax",%progbits
 186              		.align	2
 187              		.global	UARTCOMMS_Stop
 188              		.code	16
 189              		.thumb_func
 190              		.type	UARTCOMMS_Stop, %function
 191              	UARTCOMMS_Stop:
 192              	.LFB4:
 222:.\Generated_Source\PSoC4/UARTCOMMS.c **** #if (UARTCOMMS_SCB_IRQ_INTERNAL)
 193              		.loc 1 222 0
ARM GAS  C:\Users\Tim\AppData\Local\Temp\ccJFStFf.s 			page 13


 194              		.cfi_startproc
 195 0000 08B5     		push	{r3, lr}
 196              		.cfi_def_cfa_offset 8
 197              		.cfi_offset 3, -8
 198              		.cfi_offset 14, -4
 224:.\Generated_Source\PSoC4/UARTCOMMS.c **** #endif /* (UARTCOMMS_SCB_IRQ_INTERNAL) */
 199              		.loc 1 224 0
 200 0002 0820     		mov	r0, #8
 201 0004 FFF7FEFF 		bl	CyIntDisable
 202              	.LVL8:
 228:.\Generated_Source\PSoC4/UARTCOMMS.c **** 
 203              		.loc 1 228 0
 204 0008 FFF7FEFF 		bl	UARTCOMMS_ScbModeStop
 205              	.LVL9:
 231:.\Generated_Source\PSoC4/UARTCOMMS.c **** 
 206              		.loc 1 231 0
 207 000c 054A     		ldr	r2, .L13
 208 000e 1368     		ldr	r3, [r2]
 209 0010 5B00     		lsl	r3, r3, #1
 210 0012 5B08     		lsr	r3, r3, #1
 211 0014 1360     		str	r3, [r2]
 241:.\Generated_Source\PSoC4/UARTCOMMS.c **** 
 212              		.loc 1 241 0
 213 0016 0022     		mov	r2, #0
 214 0018 034B     		ldr	r3, .L13+4
 215 001a 1A60     		str	r2, [r3]
 244:.\Generated_Source\PSoC4/UARTCOMMS.c **** #endif /* (UARTCOMMS_SCB_IRQ_INTERNAL) */
 216              		.loc 1 244 0
 217 001c 0820     		mov	r0, #8
 218 001e FFF7FEFF 		bl	CyIntClearPending
 219              	.LVL10:
 246:.\Generated_Source\PSoC4/UARTCOMMS.c **** 
 220              		.loc 1 246 0
 221              		@ sp needed
 222 0022 08BD     		pop	{r3, pc}
 223              	.L14:
 224              		.align	2
 225              	.L13:
 226 0024 00002440 		.word	1076101120
 227 0028 880F2440 		.word	1076105096
 228              		.cfi_endproc
 229              	.LFE4:
 230              		.size	UARTCOMMS_Stop, .-UARTCOMMS_Stop
 231              		.section	.text.UARTCOMMS_SetRxFifoLevel,"ax",%progbits
 232              		.align	2
 233              		.global	UARTCOMMS_SetRxFifoLevel
 234              		.code	16
 235              		.thumb_func
 236              		.type	UARTCOMMS_SetRxFifoLevel, %function
 237              	UARTCOMMS_SetRxFifoLevel:
 238              	.LFB5:
 267:.\Generated_Source\PSoC4/UARTCOMMS.c ****     uint32 rxFifoCtrl;
 239              		.loc 1 267 0
 240              		.cfi_startproc
 241              	.LVL11:
 270:.\Generated_Source\PSoC4/UARTCOMMS.c **** 
 242              		.loc 1 270 0
ARM GAS  C:\Users\Tim\AppData\Local\Temp\ccJFStFf.s 			page 14


 243 0000 034A     		ldr	r2, .L16
 244 0002 1368     		ldr	r3, [r2]
 245              	.LVL12:
 272:.\Generated_Source\PSoC4/UARTCOMMS.c ****     rxFifoCtrl |= ((uint32) (UARTCOMMS_RX_FIFO_CTRL_TRIGGER_LEVEL_MASK & level));
 246              		.loc 1 272 0
 247 0004 0F21     		mov	r1, #15
 248 0006 8B43     		bic	r3, r1
 249              	.LVL13:
 273:.\Generated_Source\PSoC4/UARTCOMMS.c **** 
 250              		.loc 1 273 0
 251 0008 0840     		and	r0, r1
 252              	.LVL14:
 253 000a 1843     		orr	r0, r3
 254              	.LVL15:
 275:.\Generated_Source\PSoC4/UARTCOMMS.c **** }
 255              		.loc 1 275 0
 256 000c 1060     		str	r0, [r2]
 276:.\Generated_Source\PSoC4/UARTCOMMS.c **** 
 257              		.loc 1 276 0
 258              		@ sp needed
 259 000e 7047     		bx	lr
 260              	.L17:
 261              		.align	2
 262              	.L16:
 263 0010 04032440 		.word	1076101892
 264              		.cfi_endproc
 265              	.LFE5:
 266              		.size	UARTCOMMS_SetRxFifoLevel, .-UARTCOMMS_SetRxFifoLevel
 267              		.section	.text.UARTCOMMS_SetTxFifoLevel,"ax",%progbits
 268              		.align	2
 269              		.global	UARTCOMMS_SetTxFifoLevel
 270              		.code	16
 271              		.thumb_func
 272              		.type	UARTCOMMS_SetTxFifoLevel, %function
 273              	UARTCOMMS_SetTxFifoLevel:
 274              	.LFB6:
 297:.\Generated_Source\PSoC4/UARTCOMMS.c ****     uint32 txFifoCtrl;
 275              		.loc 1 297 0
 276              		.cfi_startproc
 277              	.LVL16:
 300:.\Generated_Source\PSoC4/UARTCOMMS.c **** 
 278              		.loc 1 300 0
 279 0000 034A     		ldr	r2, .L19
 280 0002 1368     		ldr	r3, [r2]
 281              	.LVL17:
 302:.\Generated_Source\PSoC4/UARTCOMMS.c ****     txFifoCtrl |= ((uint32) (UARTCOMMS_TX_FIFO_CTRL_TRIGGER_LEVEL_MASK & level));
 282              		.loc 1 302 0
 283 0004 0F21     		mov	r1, #15
 284 0006 8B43     		bic	r3, r1
 285              	.LVL18:
 303:.\Generated_Source\PSoC4/UARTCOMMS.c **** 
 286              		.loc 1 303 0
 287 0008 0840     		and	r0, r1
 288              	.LVL19:
 289 000a 1843     		orr	r0, r3
 290              	.LVL20:
 305:.\Generated_Source\PSoC4/UARTCOMMS.c **** }
ARM GAS  C:\Users\Tim\AppData\Local\Temp\ccJFStFf.s 			page 15


 291              		.loc 1 305 0
 292 000c 1060     		str	r0, [r2]
 306:.\Generated_Source\PSoC4/UARTCOMMS.c **** 
 293              		.loc 1 306 0
 294              		@ sp needed
 295 000e 7047     		bx	lr
 296              	.L20:
 297              		.align	2
 298              	.L19:
 299 0010 04022440 		.word	1076101636
 300              		.cfi_endproc
 301              	.LFE6:
 302              		.size	UARTCOMMS_SetTxFifoLevel, .-UARTCOMMS_SetTxFifoLevel
 303              		.section	.text.UARTCOMMS_SetCustomInterruptHandler,"ax",%progbits
 304              		.align	2
 305              		.global	UARTCOMMS_SetCustomInterruptHandler
 306              		.code	16
 307              		.thumb_func
 308              		.type	UARTCOMMS_SetCustomInterruptHandler, %function
 309              	UARTCOMMS_SetCustomInterruptHandler:
 310              	.LFB7:
 333:.\Generated_Source\PSoC4/UARTCOMMS.c ****     #if !defined (CY_REMOVE_UARTCOMMS_CUSTOM_INTR_HANDLER)
 311              		.loc 1 333 0
 312              		.cfi_startproc
 313              	.LVL21:
 335:.\Generated_Source\PSoC4/UARTCOMMS.c ****     #else
 314              		.loc 1 335 0
 315 0000 014B     		ldr	r3, .L22
 316 0002 5860     		str	r0, [r3, #4]
 342:.\Generated_Source\PSoC4/UARTCOMMS.c **** #endif /* (UARTCOMMS_SCB_IRQ_INTERNAL) */
 317              		.loc 1 342 0
 318              		@ sp needed
 319 0004 7047     		bx	lr
 320              	.L23:
 321 0006 C046     		.align	2
 322              	.L22:
 323 0008 00000000 		.word	.LANCHOR0
 324              		.cfi_endproc
 325              	.LFE7:
 326              		.size	UARTCOMMS_SetCustomInterruptHandler, .-UARTCOMMS_SetCustomInterruptHandler
 327              		.global	UARTCOMMS_customIntrHandler
 328              		.global	UARTCOMMS_initVar
 329              		.bss
 330              		.align	2
 331              		.set	.LANCHOR0,. + 0
 332              		.type	UARTCOMMS_initVar, %object
 333              		.size	UARTCOMMS_initVar, 1
 334              	UARTCOMMS_initVar:
 335 0000 00       		.space	1
 336 0001 000000   		.space	3
 337              		.type	UARTCOMMS_customIntrHandler, %object
 338              		.size	UARTCOMMS_customIntrHandler, 4
 339              	UARTCOMMS_customIntrHandler:
 340 0004 00000000 		.space	4
 341              		.text
 342              	.Letext0:
 343              		.file 2 "Generated_Source\\PSoC4/cytypes.h"
ARM GAS  C:\Users\Tim\AppData\Local\Temp\ccJFStFf.s 			page 16


 344              		.file 3 ".\\Generated_Source\\PSoC4\\UARTCOMMS_SPI_UART_PVT.h"
 345              		.file 4 "Generated_Source\\PSoC4/CyLib.h"
 346              		.section	.debug_info,"",%progbits
 347              	.Ldebug_info0:
 348 0000 C1020000 		.4byte	0x2c1
 349 0004 0400     		.2byte	0x4
 350 0006 00000000 		.4byte	.Ldebug_abbrev0
 351 000a 04       		.byte	0x4
 352 000b 01       		.uleb128 0x1
 353 000c D7010000 		.4byte	.LASF37
 354 0010 01       		.byte	0x1
 355 0011 AF020000 		.4byte	.LASF38
 356 0015 72020000 		.4byte	.LASF39
 357 0019 00000000 		.4byte	.Ldebug_ranges0+0
 358 001d 00000000 		.4byte	0
 359 0021 00000000 		.4byte	.Ldebug_line0
 360 0025 02       		.uleb128 0x2
 361 0026 01       		.byte	0x1
 362 0027 06       		.byte	0x6
 363 0028 07030000 		.4byte	.LASF0
 364 002c 02       		.uleb128 0x2
 365 002d 01       		.byte	0x1
 366 002e 08       		.byte	0x8
 367 002f 79000000 		.4byte	.LASF1
 368 0033 02       		.uleb128 0x2
 369 0034 02       		.byte	0x2
 370 0035 05       		.byte	0x5
 371 0036 EC000000 		.4byte	.LASF2
 372 003a 02       		.uleb128 0x2
 373 003b 02       		.byte	0x2
 374 003c 07       		.byte	0x7
 375 003d 27000000 		.4byte	.LASF3
 376 0041 02       		.uleb128 0x2
 377 0042 04       		.byte	0x4
 378 0043 05       		.byte	0x5
 379 0044 DF020000 		.4byte	.LASF4
 380 0048 02       		.uleb128 0x2
 381 0049 04       		.byte	0x4
 382 004a 07       		.byte	0x7
 383 004b 87000000 		.4byte	.LASF5
 384 004f 02       		.uleb128 0x2
 385 0050 08       		.byte	0x8
 386 0051 05       		.byte	0x5
 387 0052 C4010000 		.4byte	.LASF6
 388 0056 02       		.uleb128 0x2
 389 0057 08       		.byte	0x8
 390 0058 07       		.byte	0x7
 391 0059 52010000 		.4byte	.LASF7
 392 005d 03       		.uleb128 0x3
 393 005e 04       		.byte	0x4
 394 005f 05       		.byte	0x5
 395 0060 696E7400 		.ascii	"int\000"
 396 0064 02       		.uleb128 0x2
 397 0065 04       		.byte	0x4
 398 0066 07       		.byte	0x7
 399 0067 45010000 		.4byte	.LASF8
 400 006b 04       		.uleb128 0x4
ARM GAS  C:\Users\Tim\AppData\Local\Temp\ccJFStFf.s 			page 17


 401 006c 99000000 		.4byte	.LASF9
 402 0070 02       		.byte	0x2
 403 0071 C2       		.byte	0xc2
 404 0072 2C000000 		.4byte	0x2c
 405 0076 04       		.uleb128 0x4
 406 0077 2B010000 		.4byte	.LASF10
 407 007b 02       		.byte	0x2
 408 007c C4       		.byte	0xc4
 409 007d 48000000 		.4byte	0x48
 410 0081 02       		.uleb128 0x2
 411 0082 04       		.byte	0x4
 412 0083 04       		.byte	0x4
 413 0084 64000000 		.4byte	.LASF11
 414 0088 02       		.uleb128 0x2
 415 0089 08       		.byte	0x8
 416 008a 04       		.byte	0x4
 417 008b E0000000 		.4byte	.LASF12
 418 008f 02       		.uleb128 0x2
 419 0090 01       		.byte	0x1
 420 0091 08       		.byte	0x8
 421 0092 D2010000 		.4byte	.LASF13
 422 0096 05       		.uleb128 0x5
 423 0097 00000000 		.4byte	.LASF14
 424 009b 02       		.byte	0x2
 425 009c 6E01     		.2byte	0x16e
 426 009e A2000000 		.4byte	0xa2
 427 00a2 06       		.uleb128 0x6
 428 00a3 76000000 		.4byte	0x76
 429 00a7 07       		.uleb128 0x7
 430 00a8 04       		.byte	0x4
 431 00a9 AD000000 		.4byte	0xad
 432 00ad 08       		.uleb128 0x8
 433 00ae 02       		.uleb128 0x2
 434 00af 04       		.byte	0x4
 435 00b0 07       		.byte	0x7
 436 00b1 BB010000 		.4byte	.LASF15
 437 00b5 09       		.uleb128 0x9
 438 00b6 13030000 		.4byte	.LASF16
 439 00ba 01       		.byte	0x1
 440 00bb 6801     		.2byte	0x168
 441 00bd 00000000 		.4byte	.LFB8
 442 00c1 0A000000 		.4byte	.LFE8-.LFB8
 443 00c5 01       		.uleb128 0x1
 444 00c6 9C       		.byte	0x9c
 445 00c7 DB000000 		.4byte	0xdb
 446 00cb 0A       		.uleb128 0xa
 447 00cc 08000000 		.4byte	.LVL0
 448 00d0 80020000 		.4byte	0x280
 449 00d4 0B       		.uleb128 0xb
 450 00d5 01       		.uleb128 0x1
 451 00d6 50       		.byte	0x50
 452 00d7 01       		.uleb128 0x1
 453 00d8 38       		.byte	0x38
 454 00d9 00       		.byte	0
 455 00da 00       		.byte	0
 456 00db 09       		.uleb128 0x9
 457 00dc 8D010000 		.4byte	.LASF17
ARM GAS  C:\Users\Tim\AppData\Local\Temp\ccJFStFf.s 			page 18


 458 00e0 01       		.byte	0x1
 459 00e1 8801     		.2byte	0x188
 460 00e3 00000000 		.4byte	.LFB9
 461 00e7 08000000 		.4byte	.LFE9-.LFB9
 462 00eb 01       		.uleb128 0x1
 463 00ec 9C       		.byte	0x9c
 464 00ed FB000000 		.4byte	0xfb
 465 00f1 0C       		.uleb128 0xc
 466 00f2 06000000 		.4byte	.LVL1
 467 00f6 91020000 		.4byte	0x291
 468 00fa 00       		.byte	0
 469 00fb 09       		.uleb128 0x9
 470 00fc B8000000 		.4byte	.LASF18
 471 0100 01       		.byte	0x1
 472 0101 B401     		.2byte	0x1b4
 473 0103 00000000 		.4byte	.LFB10
 474 0107 08000000 		.4byte	.LFE10-.LFB10
 475 010b 01       		.uleb128 0x1
 476 010c 9C       		.byte	0x9c
 477 010d 1B010000 		.4byte	0x11b
 478 0111 0C       		.uleb128 0xc
 479 0112 06000000 		.4byte	.LVL2
 480 0116 98020000 		.4byte	0x298
 481 011a 00       		.byte	0
 482 011b 0D       		.uleb128 0xd
 483 011c 2B030000 		.4byte	.LASF19
 484 0120 01       		.byte	0x1
 485 0121 66       		.byte	0x66
 486 0122 00000000 		.4byte	.LFB1
 487 0126 08000000 		.4byte	.LFE1-.LFB1
 488 012a 01       		.uleb128 0x1
 489 012b 9C       		.byte	0x9c
 490 012c 3A010000 		.4byte	0x13a
 491 0130 0C       		.uleb128 0xc
 492 0131 06000000 		.4byte	.LVL3
 493 0135 9F020000 		.4byte	0x29f
 494 0139 00       		.byte	0
 495 013a 0D       		.uleb128 0xd
 496 013b 53000000 		.4byte	.LASF20
 497 013f 01       		.byte	0x1
 498 0140 92       		.byte	0x92
 499 0141 00000000 		.4byte	.LFB2
 500 0145 1C000000 		.4byte	.LFE2-.LFB2
 501 0149 01       		.uleb128 0x1
 502 014a 9C       		.byte	0x9c
 503 014b 62010000 		.4byte	0x162
 504 014f 0C       		.uleb128 0xc
 505 0150 12000000 		.4byte	.LVL4
 506 0154 B5000000 		.4byte	0xb5
 507 0158 0C       		.uleb128 0xc
 508 0159 16000000 		.4byte	.LVL5
 509 015d DB000000 		.4byte	0xdb
 510 0161 00       		.byte	0
 511 0162 0D       		.uleb128 0xd
 512 0163 17000000 		.4byte	.LASF21
 513 0167 01       		.byte	0x1
 514 0168 C0       		.byte	0xc0
ARM GAS  C:\Users\Tim\AppData\Local\Temp\ccJFStFf.s 			page 19


 515 0169 00000000 		.4byte	.LFB3
 516 016d 20000000 		.4byte	.LFE3-.LFB3
 517 0171 01       		.uleb128 0x1
 518 0172 9C       		.byte	0x9c
 519 0173 8A010000 		.4byte	0x18a
 520 0177 0C       		.uleb128 0xc
 521 0178 0E000000 		.4byte	.LVL6
 522 017c 1B010000 		.4byte	0x11b
 523 0180 0C       		.uleb128 0xc
 524 0181 18000000 		.4byte	.LVL7
 525 0185 3A010000 		.4byte	0x13a
 526 0189 00       		.byte	0
 527 018a 0D       		.uleb128 0xd
 528 018b 6A000000 		.4byte	.LASF22
 529 018f 01       		.byte	0x1
 530 0190 DD       		.byte	0xdd
 531 0191 00000000 		.4byte	.LFB4
 532 0195 2C000000 		.4byte	.LFE4-.LFB4
 533 0199 01       		.uleb128 0x1
 534 019a 9C       		.byte	0x9c
 535 019b CB010000 		.4byte	0x1cb
 536 019f 0E       		.uleb128 0xe
 537 01a0 08000000 		.4byte	.LVL8
 538 01a4 A6020000 		.4byte	0x2a6
 539 01a8 B2010000 		.4byte	0x1b2
 540 01ac 0B       		.uleb128 0xb
 541 01ad 01       		.uleb128 0x1
 542 01ae 50       		.byte	0x50
 543 01af 01       		.uleb128 0x1
 544 01b0 38       		.byte	0x38
 545 01b1 00       		.byte	0
 546 01b2 0C       		.uleb128 0xc
 547 01b3 0C000000 		.4byte	.LVL9
 548 01b7 FB000000 		.4byte	0xfb
 549 01bb 0A       		.uleb128 0xa
 550 01bc 22000000 		.4byte	.LVL10
 551 01c0 B7020000 		.4byte	0x2b7
 552 01c4 0B       		.uleb128 0xb
 553 01c5 01       		.uleb128 0x1
 554 01c6 50       		.byte	0x50
 555 01c7 01       		.uleb128 0x1
 556 01c8 38       		.byte	0x38
 557 01c9 00       		.byte	0
 558 01ca 00       		.byte	0
 559 01cb 0F       		.uleb128 0xf
 560 01cc 3A000000 		.4byte	.LASF23
 561 01d0 01       		.byte	0x1
 562 01d1 0A01     		.2byte	0x10a
 563 01d3 00000000 		.4byte	.LFB5
 564 01d7 14000000 		.4byte	.LFE5-.LFB5
 565 01db 01       		.uleb128 0x1
 566 01dc 9C       		.byte	0x9c
 567 01dd 02020000 		.4byte	0x202
 568 01e1 10       		.uleb128 0x10
 569 01e2 11000000 		.4byte	.LASF25
 570 01e6 01       		.byte	0x1
 571 01e7 0A01     		.2byte	0x10a
ARM GAS  C:\Users\Tim\AppData\Local\Temp\ccJFStFf.s 			page 20


 572 01e9 76000000 		.4byte	0x76
 573 01ed 00000000 		.4byte	.LLST0
 574 01f1 11       		.uleb128 0x11
 575 01f2 D4020000 		.4byte	.LASF26
 576 01f6 01       		.byte	0x1
 577 01f7 0C01     		.2byte	0x10c
 578 01f9 76000000 		.4byte	0x76
 579 01fd 21000000 		.4byte	.LLST1
 580 0201 00       		.byte	0
 581 0202 0F       		.uleb128 0xf
 582 0203 12010000 		.4byte	.LASF24
 583 0207 01       		.byte	0x1
 584 0208 2801     		.2byte	0x128
 585 020a 00000000 		.4byte	.LFB6
 586 020e 14000000 		.4byte	.LFE6-.LFB6
 587 0212 01       		.uleb128 0x1
 588 0213 9C       		.byte	0x9c
 589 0214 39020000 		.4byte	0x239
 590 0218 10       		.uleb128 0x10
 591 0219 11000000 		.4byte	.LASF25
 592 021d 01       		.byte	0x1
 593 021e 2801     		.2byte	0x128
 594 0220 76000000 		.4byte	0x76
 595 0224 3F000000 		.4byte	.LLST2
 596 0228 11       		.uleb128 0x11
 597 0229 06000000 		.4byte	.LASF27
 598 022d 01       		.byte	0x1
 599 022e 2A01     		.2byte	0x12a
 600 0230 76000000 		.4byte	0x76
 601 0234 60000000 		.4byte	.LLST3
 602 0238 00       		.byte	0
 603 0239 0F       		.uleb128 0xf
 604 023a 69010000 		.4byte	.LASF28
 605 023e 01       		.byte	0x1
 606 023f 4C01     		.2byte	0x14c
 607 0241 00000000 		.4byte	.LFB7
 608 0245 0C000000 		.4byte	.LFE7-.LFB7
 609 0249 01       		.uleb128 0x1
 610 024a 9C       		.byte	0x9c
 611 024b 5E020000 		.4byte	0x25e
 612 024f 12       		.uleb128 0x12
 613 0250 E7000000 		.4byte	.LASF29
 614 0254 01       		.byte	0x1
 615 0255 4C01     		.2byte	0x14c
 616 0257 A7000000 		.4byte	0xa7
 617 025b 01       		.uleb128 0x1
 618 025c 50       		.byte	0x50
 619 025d 00       		.byte	0
 620 025e 13       		.uleb128 0x13
 621 025f CE000000 		.4byte	.LASF30
 622 0263 01       		.byte	0x1
 623 0264 42       		.byte	0x42
 624 0265 6B000000 		.4byte	0x6b
 625 0269 05       		.uleb128 0x5
 626 026a 03       		.byte	0x3
 627 026b 00000000 		.4byte	UARTCOMMS_initVar
 628 026f 13       		.uleb128 0x13
ARM GAS  C:\Users\Tim\AppData\Local\Temp\ccJFStFf.s 			page 21


 629 0270 F6000000 		.4byte	.LASF31
 630 0274 01       		.byte	0x1
 631 0275 46       		.byte	0x46
 632 0276 A7000000 		.4byte	0xa7
 633 027a 05       		.uleb128 0x5
 634 027b 03       		.byte	0x3
 635 027c 00000000 		.4byte	UARTCOMMS_customIntrHandler
 636 0280 14       		.uleb128 0x14
 637 0281 FB020000 		.4byte	.LASF35
 638 0285 04       		.byte	0x4
 639 0286 4C       		.byte	0x4c
 640 0287 91020000 		.4byte	0x291
 641 028b 15       		.uleb128 0x15
 642 028c 6B000000 		.4byte	0x6b
 643 0290 00       		.byte	0
 644 0291 16       		.uleb128 0x16
 645 0292 9F000000 		.4byte	.LASF32
 646 0296 03       		.byte	0x3
 647 0297 41       		.byte	0x41
 648 0298 16       		.uleb128 0x16
 649 0299 E8020000 		.4byte	.LASF33
 650 029d 03       		.byte	0x3
 651 029e 42       		.byte	0x42
 652 029f 16       		.uleb128 0x16
 653 02a0 32010000 		.4byte	.LASF34
 654 02a4 03       		.byte	0x3
 655 02a5 45       		.byte	0x45
 656 02a6 14       		.uleb128 0x14
 657 02a7 65020000 		.4byte	.LASF36
 658 02ab 04       		.byte	0x4
 659 02ac 4E       		.byte	0x4e
 660 02ad B7020000 		.4byte	0x2b7
 661 02b1 15       		.uleb128 0x15
 662 02b2 6B000000 		.4byte	0x6b
 663 02b6 00       		.byte	0
 664 02b7 17       		.uleb128 0x17
 665 02b8 A9010000 		.4byte	.LASF40
 666 02bc 04       		.byte	0x4
 667 02bd 51       		.byte	0x51
 668 02be 15       		.uleb128 0x15
 669 02bf 6B000000 		.4byte	0x6b
 670 02c3 00       		.byte	0
 671 02c4 00       		.byte	0
 672              		.section	.debug_abbrev,"",%progbits
 673              	.Ldebug_abbrev0:
 674 0000 01       		.uleb128 0x1
 675 0001 11       		.uleb128 0x11
 676 0002 01       		.byte	0x1
 677 0003 25       		.uleb128 0x25
 678 0004 0E       		.uleb128 0xe
 679 0005 13       		.uleb128 0x13
 680 0006 0B       		.uleb128 0xb
 681 0007 03       		.uleb128 0x3
 682 0008 0E       		.uleb128 0xe
 683 0009 1B       		.uleb128 0x1b
 684 000a 0E       		.uleb128 0xe
 685 000b 55       		.uleb128 0x55
ARM GAS  C:\Users\Tim\AppData\Local\Temp\ccJFStFf.s 			page 22


 686 000c 17       		.uleb128 0x17
 687 000d 11       		.uleb128 0x11
 688 000e 01       		.uleb128 0x1
 689 000f 10       		.uleb128 0x10
 690 0010 17       		.uleb128 0x17
 691 0011 00       		.byte	0
 692 0012 00       		.byte	0
 693 0013 02       		.uleb128 0x2
 694 0014 24       		.uleb128 0x24
 695 0015 00       		.byte	0
 696 0016 0B       		.uleb128 0xb
 697 0017 0B       		.uleb128 0xb
 698 0018 3E       		.uleb128 0x3e
 699 0019 0B       		.uleb128 0xb
 700 001a 03       		.uleb128 0x3
 701 001b 0E       		.uleb128 0xe
 702 001c 00       		.byte	0
 703 001d 00       		.byte	0
 704 001e 03       		.uleb128 0x3
 705 001f 24       		.uleb128 0x24
 706 0020 00       		.byte	0
 707 0021 0B       		.uleb128 0xb
 708 0022 0B       		.uleb128 0xb
 709 0023 3E       		.uleb128 0x3e
 710 0024 0B       		.uleb128 0xb
 711 0025 03       		.uleb128 0x3
 712 0026 08       		.uleb128 0x8
 713 0027 00       		.byte	0
 714 0028 00       		.byte	0
 715 0029 04       		.uleb128 0x4
 716 002a 16       		.uleb128 0x16
 717 002b 00       		.byte	0
 718 002c 03       		.uleb128 0x3
 719 002d 0E       		.uleb128 0xe
 720 002e 3A       		.uleb128 0x3a
 721 002f 0B       		.uleb128 0xb
 722 0030 3B       		.uleb128 0x3b
 723 0031 0B       		.uleb128 0xb
 724 0032 49       		.uleb128 0x49
 725 0033 13       		.uleb128 0x13
 726 0034 00       		.byte	0
 727 0035 00       		.byte	0
 728 0036 05       		.uleb128 0x5
 729 0037 16       		.uleb128 0x16
 730 0038 00       		.byte	0
 731 0039 03       		.uleb128 0x3
 732 003a 0E       		.uleb128 0xe
 733 003b 3A       		.uleb128 0x3a
 734 003c 0B       		.uleb128 0xb
 735 003d 3B       		.uleb128 0x3b
 736 003e 05       		.uleb128 0x5
 737 003f 49       		.uleb128 0x49
 738 0040 13       		.uleb128 0x13
 739 0041 00       		.byte	0
 740 0042 00       		.byte	0
 741 0043 06       		.uleb128 0x6
 742 0044 35       		.uleb128 0x35
ARM GAS  C:\Users\Tim\AppData\Local\Temp\ccJFStFf.s 			page 23


 743 0045 00       		.byte	0
 744 0046 49       		.uleb128 0x49
 745 0047 13       		.uleb128 0x13
 746 0048 00       		.byte	0
 747 0049 00       		.byte	0
 748 004a 07       		.uleb128 0x7
 749 004b 0F       		.uleb128 0xf
 750 004c 00       		.byte	0
 751 004d 0B       		.uleb128 0xb
 752 004e 0B       		.uleb128 0xb
 753 004f 49       		.uleb128 0x49
 754 0050 13       		.uleb128 0x13
 755 0051 00       		.byte	0
 756 0052 00       		.byte	0
 757 0053 08       		.uleb128 0x8
 758 0054 15       		.uleb128 0x15
 759 0055 00       		.byte	0
 760 0056 27       		.uleb128 0x27
 761 0057 19       		.uleb128 0x19
 762 0058 00       		.byte	0
 763 0059 00       		.byte	0
 764 005a 09       		.uleb128 0x9
 765 005b 2E       		.uleb128 0x2e
 766 005c 01       		.byte	0x1
 767 005d 03       		.uleb128 0x3
 768 005e 0E       		.uleb128 0xe
 769 005f 3A       		.uleb128 0x3a
 770 0060 0B       		.uleb128 0xb
 771 0061 3B       		.uleb128 0x3b
 772 0062 05       		.uleb128 0x5
 773 0063 27       		.uleb128 0x27
 774 0064 19       		.uleb128 0x19
 775 0065 11       		.uleb128 0x11
 776 0066 01       		.uleb128 0x1
 777 0067 12       		.uleb128 0x12
 778 0068 06       		.uleb128 0x6
 779 0069 40       		.uleb128 0x40
 780 006a 18       		.uleb128 0x18
 781 006b 9742     		.uleb128 0x2117
 782 006d 19       		.uleb128 0x19
 783 006e 01       		.uleb128 0x1
 784 006f 13       		.uleb128 0x13
 785 0070 00       		.byte	0
 786 0071 00       		.byte	0
 787 0072 0A       		.uleb128 0xa
 788 0073 898201   		.uleb128 0x4109
 789 0076 01       		.byte	0x1
 790 0077 11       		.uleb128 0x11
 791 0078 01       		.uleb128 0x1
 792 0079 31       		.uleb128 0x31
 793 007a 13       		.uleb128 0x13
 794 007b 00       		.byte	0
 795 007c 00       		.byte	0
 796 007d 0B       		.uleb128 0xb
 797 007e 8A8201   		.uleb128 0x410a
 798 0081 00       		.byte	0
 799 0082 02       		.uleb128 0x2
ARM GAS  C:\Users\Tim\AppData\Local\Temp\ccJFStFf.s 			page 24


 800 0083 18       		.uleb128 0x18
 801 0084 9142     		.uleb128 0x2111
 802 0086 18       		.uleb128 0x18
 803 0087 00       		.byte	0
 804 0088 00       		.byte	0
 805 0089 0C       		.uleb128 0xc
 806 008a 898201   		.uleb128 0x4109
 807 008d 00       		.byte	0
 808 008e 11       		.uleb128 0x11
 809 008f 01       		.uleb128 0x1
 810 0090 31       		.uleb128 0x31
 811 0091 13       		.uleb128 0x13
 812 0092 00       		.byte	0
 813 0093 00       		.byte	0
 814 0094 0D       		.uleb128 0xd
 815 0095 2E       		.uleb128 0x2e
 816 0096 01       		.byte	0x1
 817 0097 3F       		.uleb128 0x3f
 818 0098 19       		.uleb128 0x19
 819 0099 03       		.uleb128 0x3
 820 009a 0E       		.uleb128 0xe
 821 009b 3A       		.uleb128 0x3a
 822 009c 0B       		.uleb128 0xb
 823 009d 3B       		.uleb128 0x3b
 824 009e 0B       		.uleb128 0xb
 825 009f 27       		.uleb128 0x27
 826 00a0 19       		.uleb128 0x19
 827 00a1 11       		.uleb128 0x11
 828 00a2 01       		.uleb128 0x1
 829 00a3 12       		.uleb128 0x12
 830 00a4 06       		.uleb128 0x6
 831 00a5 40       		.uleb128 0x40
 832 00a6 18       		.uleb128 0x18
 833 00a7 9742     		.uleb128 0x2117
 834 00a9 19       		.uleb128 0x19
 835 00aa 01       		.uleb128 0x1
 836 00ab 13       		.uleb128 0x13
 837 00ac 00       		.byte	0
 838 00ad 00       		.byte	0
 839 00ae 0E       		.uleb128 0xe
 840 00af 898201   		.uleb128 0x4109
 841 00b2 01       		.byte	0x1
 842 00b3 11       		.uleb128 0x11
 843 00b4 01       		.uleb128 0x1
 844 00b5 31       		.uleb128 0x31
 845 00b6 13       		.uleb128 0x13
 846 00b7 01       		.uleb128 0x1
 847 00b8 13       		.uleb128 0x13
 848 00b9 00       		.byte	0
 849 00ba 00       		.byte	0
 850 00bb 0F       		.uleb128 0xf
 851 00bc 2E       		.uleb128 0x2e
 852 00bd 01       		.byte	0x1
 853 00be 3F       		.uleb128 0x3f
 854 00bf 19       		.uleb128 0x19
 855 00c0 03       		.uleb128 0x3
 856 00c1 0E       		.uleb128 0xe
ARM GAS  C:\Users\Tim\AppData\Local\Temp\ccJFStFf.s 			page 25


 857 00c2 3A       		.uleb128 0x3a
 858 00c3 0B       		.uleb128 0xb
 859 00c4 3B       		.uleb128 0x3b
 860 00c5 05       		.uleb128 0x5
 861 00c6 27       		.uleb128 0x27
 862 00c7 19       		.uleb128 0x19
 863 00c8 11       		.uleb128 0x11
 864 00c9 01       		.uleb128 0x1
 865 00ca 12       		.uleb128 0x12
 866 00cb 06       		.uleb128 0x6
 867 00cc 40       		.uleb128 0x40
 868 00cd 18       		.uleb128 0x18
 869 00ce 9742     		.uleb128 0x2117
 870 00d0 19       		.uleb128 0x19
 871 00d1 01       		.uleb128 0x1
 872 00d2 13       		.uleb128 0x13
 873 00d3 00       		.byte	0
 874 00d4 00       		.byte	0
 875 00d5 10       		.uleb128 0x10
 876 00d6 05       		.uleb128 0x5
 877 00d7 00       		.byte	0
 878 00d8 03       		.uleb128 0x3
 879 00d9 0E       		.uleb128 0xe
 880 00da 3A       		.uleb128 0x3a
 881 00db 0B       		.uleb128 0xb
 882 00dc 3B       		.uleb128 0x3b
 883 00dd 05       		.uleb128 0x5
 884 00de 49       		.uleb128 0x49
 885 00df 13       		.uleb128 0x13
 886 00e0 02       		.uleb128 0x2
 887 00e1 17       		.uleb128 0x17
 888 00e2 00       		.byte	0
 889 00e3 00       		.byte	0
 890 00e4 11       		.uleb128 0x11
 891 00e5 34       		.uleb128 0x34
 892 00e6 00       		.byte	0
 893 00e7 03       		.uleb128 0x3
 894 00e8 0E       		.uleb128 0xe
 895 00e9 3A       		.uleb128 0x3a
 896 00ea 0B       		.uleb128 0xb
 897 00eb 3B       		.uleb128 0x3b
 898 00ec 05       		.uleb128 0x5
 899 00ed 49       		.uleb128 0x49
 900 00ee 13       		.uleb128 0x13
 901 00ef 02       		.uleb128 0x2
 902 00f0 17       		.uleb128 0x17
 903 00f1 00       		.byte	0
 904 00f2 00       		.byte	0
 905 00f3 12       		.uleb128 0x12
 906 00f4 05       		.uleb128 0x5
 907 00f5 00       		.byte	0
 908 00f6 03       		.uleb128 0x3
 909 00f7 0E       		.uleb128 0xe
 910 00f8 3A       		.uleb128 0x3a
 911 00f9 0B       		.uleb128 0xb
 912 00fa 3B       		.uleb128 0x3b
 913 00fb 05       		.uleb128 0x5
ARM GAS  C:\Users\Tim\AppData\Local\Temp\ccJFStFf.s 			page 26


 914 00fc 49       		.uleb128 0x49
 915 00fd 13       		.uleb128 0x13
 916 00fe 02       		.uleb128 0x2
 917 00ff 18       		.uleb128 0x18
 918 0100 00       		.byte	0
 919 0101 00       		.byte	0
 920 0102 13       		.uleb128 0x13
 921 0103 34       		.uleb128 0x34
 922 0104 00       		.byte	0
 923 0105 03       		.uleb128 0x3
 924 0106 0E       		.uleb128 0xe
 925 0107 3A       		.uleb128 0x3a
 926 0108 0B       		.uleb128 0xb
 927 0109 3B       		.uleb128 0x3b
 928 010a 0B       		.uleb128 0xb
 929 010b 49       		.uleb128 0x49
 930 010c 13       		.uleb128 0x13
 931 010d 3F       		.uleb128 0x3f
 932 010e 19       		.uleb128 0x19
 933 010f 02       		.uleb128 0x2
 934 0110 18       		.uleb128 0x18
 935 0111 00       		.byte	0
 936 0112 00       		.byte	0
 937 0113 14       		.uleb128 0x14
 938 0114 2E       		.uleb128 0x2e
 939 0115 01       		.byte	0x1
 940 0116 3F       		.uleb128 0x3f
 941 0117 19       		.uleb128 0x19
 942 0118 03       		.uleb128 0x3
 943 0119 0E       		.uleb128 0xe
 944 011a 3A       		.uleb128 0x3a
 945 011b 0B       		.uleb128 0xb
 946 011c 3B       		.uleb128 0x3b
 947 011d 0B       		.uleb128 0xb
 948 011e 27       		.uleb128 0x27
 949 011f 19       		.uleb128 0x19
 950 0120 3C       		.uleb128 0x3c
 951 0121 19       		.uleb128 0x19
 952 0122 01       		.uleb128 0x1
 953 0123 13       		.uleb128 0x13
 954 0124 00       		.byte	0
 955 0125 00       		.byte	0
 956 0126 15       		.uleb128 0x15
 957 0127 05       		.uleb128 0x5
 958 0128 00       		.byte	0
 959 0129 49       		.uleb128 0x49
 960 012a 13       		.uleb128 0x13
 961 012b 00       		.byte	0
 962 012c 00       		.byte	0
 963 012d 16       		.uleb128 0x16
 964 012e 2E       		.uleb128 0x2e
 965 012f 00       		.byte	0
 966 0130 3F       		.uleb128 0x3f
 967 0131 19       		.uleb128 0x19
 968 0132 03       		.uleb128 0x3
 969 0133 0E       		.uleb128 0xe
 970 0134 3A       		.uleb128 0x3a
ARM GAS  C:\Users\Tim\AppData\Local\Temp\ccJFStFf.s 			page 27


 971 0135 0B       		.uleb128 0xb
 972 0136 3B       		.uleb128 0x3b
 973 0137 0B       		.uleb128 0xb
 974 0138 27       		.uleb128 0x27
 975 0139 19       		.uleb128 0x19
 976 013a 3C       		.uleb128 0x3c
 977 013b 19       		.uleb128 0x19
 978 013c 00       		.byte	0
 979 013d 00       		.byte	0
 980 013e 17       		.uleb128 0x17
 981 013f 2E       		.uleb128 0x2e
 982 0140 01       		.byte	0x1
 983 0141 3F       		.uleb128 0x3f
 984 0142 19       		.uleb128 0x19
 985 0143 03       		.uleb128 0x3
 986 0144 0E       		.uleb128 0xe
 987 0145 3A       		.uleb128 0x3a
 988 0146 0B       		.uleb128 0xb
 989 0147 3B       		.uleb128 0x3b
 990 0148 0B       		.uleb128 0xb
 991 0149 27       		.uleb128 0x27
 992 014a 19       		.uleb128 0x19
 993 014b 3C       		.uleb128 0x3c
 994 014c 19       		.uleb128 0x19
 995 014d 00       		.byte	0
 996 014e 00       		.byte	0
 997 014f 00       		.byte	0
 998              		.section	.debug_loc,"",%progbits
 999              	.Ldebug_loc0:
 1000              	.LLST0:
 1001 0000 00000000 		.4byte	.LVL11
 1002 0004 0A000000 		.4byte	.LVL14
 1003 0008 0100     		.2byte	0x1
 1004 000a 50       		.byte	0x50
 1005 000b 0A000000 		.4byte	.LVL14
 1006 000f 14000000 		.4byte	.LFE5
 1007 0013 0400     		.2byte	0x4
 1008 0015 F3       		.byte	0xf3
 1009 0016 01       		.uleb128 0x1
 1010 0017 50       		.byte	0x50
 1011 0018 9F       		.byte	0x9f
 1012 0019 00000000 		.4byte	0
 1013 001d 00000000 		.4byte	0
 1014              	.LLST1:
 1015 0021 04000000 		.4byte	.LVL12
 1016 0025 0C000000 		.4byte	.LVL15
 1017 0029 0100     		.2byte	0x1
 1018 002b 53       		.byte	0x53
 1019 002c 0C000000 		.4byte	.LVL15
 1020 0030 14000000 		.4byte	.LFE5
 1021 0034 0100     		.2byte	0x1
 1022 0036 50       		.byte	0x50
 1023 0037 00000000 		.4byte	0
 1024 003b 00000000 		.4byte	0
 1025              	.LLST2:
 1026 003f 00000000 		.4byte	.LVL16
 1027 0043 0A000000 		.4byte	.LVL19
ARM GAS  C:\Users\Tim\AppData\Local\Temp\ccJFStFf.s 			page 28


 1028 0047 0100     		.2byte	0x1
 1029 0049 50       		.byte	0x50
 1030 004a 0A000000 		.4byte	.LVL19
 1031 004e 14000000 		.4byte	.LFE6
 1032 0052 0400     		.2byte	0x4
 1033 0054 F3       		.byte	0xf3
 1034 0055 01       		.uleb128 0x1
 1035 0056 50       		.byte	0x50
 1036 0057 9F       		.byte	0x9f
 1037 0058 00000000 		.4byte	0
 1038 005c 00000000 		.4byte	0
 1039              	.LLST3:
 1040 0060 04000000 		.4byte	.LVL17
 1041 0064 0C000000 		.4byte	.LVL20
 1042 0068 0100     		.2byte	0x1
 1043 006a 53       		.byte	0x53
 1044 006b 0C000000 		.4byte	.LVL20
 1045 006f 14000000 		.4byte	.LFE6
 1046 0073 0100     		.2byte	0x1
 1047 0075 50       		.byte	0x50
 1048 0076 00000000 		.4byte	0
 1049 007a 00000000 		.4byte	0
 1050              		.section	.debug_aranges,"",%progbits
 1051 0000 64000000 		.4byte	0x64
 1052 0004 0200     		.2byte	0x2
 1053 0006 00000000 		.4byte	.Ldebug_info0
 1054 000a 04       		.byte	0x4
 1055 000b 00       		.byte	0
 1056 000c 0000     		.2byte	0
 1057 000e 0000     		.2byte	0
 1058 0010 00000000 		.4byte	.LFB8
 1059 0014 0A000000 		.4byte	.LFE8-.LFB8
 1060 0018 00000000 		.4byte	.LFB9
 1061 001c 08000000 		.4byte	.LFE9-.LFB9
 1062 0020 00000000 		.4byte	.LFB10
 1063 0024 08000000 		.4byte	.LFE10-.LFB10
 1064 0028 00000000 		.4byte	.LFB1
 1065 002c 08000000 		.4byte	.LFE1-.LFB1
 1066 0030 00000000 		.4byte	.LFB2
 1067 0034 1C000000 		.4byte	.LFE2-.LFB2
 1068 0038 00000000 		.4byte	.LFB3
 1069 003c 20000000 		.4byte	.LFE3-.LFB3
 1070 0040 00000000 		.4byte	.LFB4
 1071 0044 2C000000 		.4byte	.LFE4-.LFB4
 1072 0048 00000000 		.4byte	.LFB5
 1073 004c 14000000 		.4byte	.LFE5-.LFB5
 1074 0050 00000000 		.4byte	.LFB6
 1075 0054 14000000 		.4byte	.LFE6-.LFB6
 1076 0058 00000000 		.4byte	.LFB7
 1077 005c 0C000000 		.4byte	.LFE7-.LFB7
 1078 0060 00000000 		.4byte	0
 1079 0064 00000000 		.4byte	0
 1080              		.section	.debug_ranges,"",%progbits
 1081              	.Ldebug_ranges0:
 1082 0000 00000000 		.4byte	.LFB8
 1083 0004 0A000000 		.4byte	.LFE8
 1084 0008 00000000 		.4byte	.LFB9
ARM GAS  C:\Users\Tim\AppData\Local\Temp\ccJFStFf.s 			page 29


 1085 000c 08000000 		.4byte	.LFE9
 1086 0010 00000000 		.4byte	.LFB10
 1087 0014 08000000 		.4byte	.LFE10
 1088 0018 00000000 		.4byte	.LFB1
 1089 001c 08000000 		.4byte	.LFE1
 1090 0020 00000000 		.4byte	.LFB2
 1091 0024 1C000000 		.4byte	.LFE2
 1092 0028 00000000 		.4byte	.LFB3
 1093 002c 20000000 		.4byte	.LFE3
 1094 0030 00000000 		.4byte	.LFB4
 1095 0034 2C000000 		.4byte	.LFE4
 1096 0038 00000000 		.4byte	.LFB5
 1097 003c 14000000 		.4byte	.LFE5
 1098 0040 00000000 		.4byte	.LFB6
 1099 0044 14000000 		.4byte	.LFE6
 1100 0048 00000000 		.4byte	.LFB7
 1101 004c 0C000000 		.4byte	.LFE7
 1102 0050 00000000 		.4byte	0
 1103 0054 00000000 		.4byte	0
 1104              		.section	.debug_line,"",%progbits
 1105              	.Ldebug_line0:
 1106 0000 5B010000 		.section	.debug_str,"MS",%progbits,1
 1106      02008600 
 1106      00000201 
 1106      FB0E0D00 
 1106      01010101 
 1107              	.LASF14:
 1108 0000 72656733 		.ascii	"reg32\000"
 1108      3200
 1109              	.LASF27:
 1110 0006 74784669 		.ascii	"txFifoCtrl\000"
 1110      666F4374 
 1110      726C00
 1111              	.LASF25:
 1112 0011 6C657665 		.ascii	"level\000"
 1112      6C00
 1113              	.LASF21:
 1114 0017 55415254 		.ascii	"UARTCOMMS_Start\000"
 1114      434F4D4D 
 1114      535F5374 
 1114      61727400 
 1115              	.LASF3:
 1116 0027 73686F72 		.ascii	"short unsigned int\000"
 1116      7420756E 
 1116      7369676E 
 1116      65642069 
 1116      6E7400
 1117              	.LASF23:
 1118 003a 55415254 		.ascii	"UARTCOMMS_SetRxFifoLevel\000"
 1118      434F4D4D 
 1118      535F5365 
 1118      74527846 
 1118      69666F4C 
 1119              	.LASF20:
 1120 0053 55415254 		.ascii	"UARTCOMMS_Enable\000"
 1120      434F4D4D 
 1120      535F456E 
ARM GAS  C:\Users\Tim\AppData\Local\Temp\ccJFStFf.s 			page 30


 1120      61626C65 
 1120      00
 1121              	.LASF11:
 1122 0064 666C6F61 		.ascii	"float\000"
 1122      7400
 1123              	.LASF22:
 1124 006a 55415254 		.ascii	"UARTCOMMS_Stop\000"
 1124      434F4D4D 
 1124      535F5374 
 1124      6F7000
 1125              	.LASF1:
 1126 0079 756E7369 		.ascii	"unsigned char\000"
 1126      676E6564 
 1126      20636861 
 1126      7200
 1127              	.LASF5:
 1128 0087 6C6F6E67 		.ascii	"long unsigned int\000"
 1128      20756E73 
 1128      69676E65 
 1128      6420696E 
 1128      7400
 1129              	.LASF9:
 1130 0099 75696E74 		.ascii	"uint8\000"
 1130      3800
 1131              	.LASF32:
 1132 009f 55415254 		.ascii	"UARTCOMMS_UartPostEnable\000"
 1132      434F4D4D 
 1132      535F5561 
 1132      7274506F 
 1132      7374456E 
 1133              	.LASF18:
 1134 00b8 55415254 		.ascii	"UARTCOMMS_ScbModeStop\000"
 1134      434F4D4D 
 1134      535F5363 
 1134      624D6F64 
 1134      6553746F 
 1135              	.LASF30:
 1136 00ce 55415254 		.ascii	"UARTCOMMS_initVar\000"
 1136      434F4D4D 
 1136      535F696E 
 1136      69745661 
 1136      7200
 1137              	.LASF12:
 1138 00e0 646F7562 		.ascii	"double\000"
 1138      6C6500
 1139              	.LASF29:
 1140 00e7 66756E63 		.ascii	"func\000"
 1140      00
 1141              	.LASF2:
 1142 00ec 73686F72 		.ascii	"short int\000"
 1142      7420696E 
 1142      7400
 1143              	.LASF31:
 1144 00f6 55415254 		.ascii	"UARTCOMMS_customIntrHandler\000"
 1144      434F4D4D 
 1144      535F6375 
 1144      73746F6D 
ARM GAS  C:\Users\Tim\AppData\Local\Temp\ccJFStFf.s 			page 31


 1144      496E7472 
 1145              	.LASF24:
 1146 0112 55415254 		.ascii	"UARTCOMMS_SetTxFifoLevel\000"
 1146      434F4D4D 
 1146      535F5365 
 1146      74547846 
 1146      69666F4C 
 1147              	.LASF10:
 1148 012b 75696E74 		.ascii	"uint32\000"
 1148      333200
 1149              	.LASF34:
 1150 0132 55415254 		.ascii	"UARTCOMMS_UartInit\000"
 1150      434F4D4D 
 1150      535F5561 
 1150      7274496E 
 1150      697400
 1151              	.LASF8:
 1152 0145 756E7369 		.ascii	"unsigned int\000"
 1152      676E6564 
 1152      20696E74 
 1152      00
 1153              	.LASF7:
 1154 0152 6C6F6E67 		.ascii	"long long unsigned int\000"
 1154      206C6F6E 
 1154      6720756E 
 1154      7369676E 
 1154      65642069 
 1155              	.LASF28:
 1156 0169 55415254 		.ascii	"UARTCOMMS_SetCustomInterruptHandler\000"
 1156      434F4D4D 
 1156      535F5365 
 1156      74437573 
 1156      746F6D49 
 1157              	.LASF17:
 1158 018d 55415254 		.ascii	"UARTCOMMS_ScbModePostEnable\000"
 1158      434F4D4D 
 1158      535F5363 
 1158      624D6F64 
 1158      65506F73 
 1159              	.LASF40:
 1160 01a9 4379496E 		.ascii	"CyIntClearPending\000"
 1160      74436C65 
 1160      61725065 
 1160      6E64696E 
 1160      6700
 1161              	.LASF15:
 1162 01bb 73697A65 		.ascii	"sizetype\000"
 1162      74797065 
 1162      00
 1163              	.LASF6:
 1164 01c4 6C6F6E67 		.ascii	"long long int\000"
 1164      206C6F6E 
 1164      6720696E 
 1164      7400
 1165              	.LASF13:
 1166 01d2 63686172 		.ascii	"char\000"
 1166      00
ARM GAS  C:\Users\Tim\AppData\Local\Temp\ccJFStFf.s 			page 32


 1167              	.LASF37:
 1168 01d7 474E5520 		.ascii	"GNU C 4.9.3 20150303 (release) [ARM/embedded-4_9-br"
 1168      4320342E 
 1168      392E3320 
 1168      32303135 
 1168      30333033 
 1169 020a 616E6368 		.ascii	"anch revision 221220] -mcpu=cortex-m0 -mthumb -g -O"
 1169      20726576 
 1169      6973696F 
 1169      6E203232 
 1169      31323230 
 1170 023d 67202D66 		.ascii	"g -ffunction-sections -ffat-lto-objects\000"
 1170      66756E63 
 1170      74696F6E 
 1170      2D736563 
 1170      74696F6E 
 1171              	.LASF36:
 1172 0265 4379496E 		.ascii	"CyIntDisable\000"
 1172      74446973 
 1172      61626C65 
 1172      00
 1173              	.LASF39:
 1174 0272 443A5C70 		.ascii	"D:\\projects\\ArloBot\\ArlobotHw\\DualBoard-043\\Bo"
 1174      726F6A65 
 1174      6374735C 
 1174      41726C6F 
 1174      426F745C 
 1175 02a0 61726431 		.ascii	"ard1-RPi.cydsn\000"
 1175      2D525069 
 1175      2E637964 
 1175      736E00
 1176              	.LASF38:
 1177 02af 2E5C4765 		.ascii	".\\Generated_Source\\PSoC4\\UARTCOMMS.c\000"
 1177      6E657261 
 1177      7465645F 
 1177      536F7572 
 1177      63655C50 
 1178              	.LASF26:
 1179 02d4 72784669 		.ascii	"rxFifoCtrl\000"
 1179      666F4374 
 1179      726C00
 1180              	.LASF4:
 1181 02df 6C6F6E67 		.ascii	"long int\000"
 1181      20696E74 
 1181      00
 1182              	.LASF33:
 1183 02e8 55415254 		.ascii	"UARTCOMMS_UartStop\000"
 1183      434F4D4D 
 1183      535F5561 
 1183      72745374 
 1183      6F7000
 1184              	.LASF35:
 1185 02fb 4379496E 		.ascii	"CyIntEnable\000"
 1185      74456E61 
 1185      626C6500 
 1186              	.LASF0:
 1187 0307 7369676E 		.ascii	"signed char\000"
ARM GAS  C:\Users\Tim\AppData\Local\Temp\ccJFStFf.s 			page 33


 1187      65642063 
 1187      68617200 
 1188              	.LASF16:
 1189 0313 55415254 		.ascii	"UARTCOMMS_ScbEnableIntr\000"
 1189      434F4D4D 
 1189      535F5363 
 1189      62456E61 
 1189      626C6549 
 1190              	.LASF19:
 1191 032b 55415254 		.ascii	"UARTCOMMS_Init\000"
 1191      434F4D4D 
 1191      535F496E 
 1191      697400
 1192              		.ident	"GCC: (GNU Tools for ARM Embedded Processors) 4.9.3 20150303 (release) [ARM/embedded-4_9-br
