ARM GAS  C:\Users\Tim\AppData\Local\Temp\cceXxfbK.s 			page 1


   1              		.cpu cortex-m0
   2              		.fpu softvfp
   3              		.eabi_attribute 20, 1
   4              		.eabi_attribute 21, 1
   5              		.eabi_attribute 23, 3
   6              		.eabi_attribute 24, 1
   7              		.eabi_attribute 25, 1
   8              		.eabi_attribute 26, 1
   9              		.eabi_attribute 30, 1
  10              		.eabi_attribute 34, 0
  11              		.eabi_attribute 18, 4
  12              		.code	16
  13              		.file	"utils.c"
  14              		.text
  15              	.Ltext0:
  16              		.cfi_sections	.debug_frame
  17              		.global	__aeabi_uidiv
  18              		.section	.text.MovingAverage,"ax",%progbits
  19              		.align	2
  20              		.global	MovingAverage
  21              		.code	16
  22              		.thumb_func
  23              		.type	MovingAverage, %function
  24              	MovingAverage:
  25              	.LFB34:
  26              		.file 1 "..\\source\\utils.c"
   1:..\source/utils.c **** /* ========================================
   2:..\source/utils.c ****  *
   3:..\source/utils.c ****  * Copyright YOUR COMPANY, THE YEAR
   4:..\source/utils.c ****  * All Rights Reserved
   5:..\source/utils.c ****  * UNPUBLISHED, LICENSED SOFTWARE.
   6:..\source/utils.c ****  *
   7:..\source/utils.c ****  * CONFIDENTIAL AND PROPRIETARY INFORMATION
   8:..\source/utils.c ****  * WHICH IS THE PROPERTY OF your company.
   9:..\source/utils.c ****  *
  10:..\source/utils.c ****  * ========================================
  11:..\source/utils.c **** */
  12:..\source/utils.c **** 
  13:..\source/utils.c **** #include "utils.h"
  14:..\source/utils.c **** 
  15:..\source/utils.c **** uint32 MovingAverage(MOVING_AVERAGE_TYPE* ma, uint32 value)
  16:..\source/utils.c **** /*
  17:..\source/utils.c **** MA*[i]= MA*[i-1] +X[i] - MA*[i-1]/N
  18:..\source/utils.c **** 
  19:..\source/utils.c **** where MA* is the moving average*N. 
  20:..\source/utils.c **** 
  21:..\source/utils.c **** MA[i]= MA*[i]/N
  22:..\source/utils.c **** */
  23:..\source/utils.c **** {
  27              		.loc 1 23 0
  28              		.cfi_startproc
  29              	.LVL0:
  30 0000 70B5     		push	{r4, r5, r6, lr}
  31              		.cfi_def_cfa_offset 16
  32              		.cfi_offset 4, -16
  33              		.cfi_offset 5, -12
  34              		.cfi_offset 6, -8
ARM GAS  C:\Users\Tim\AppData\Local\Temp\cceXxfbK.s 			page 2


  35              		.cfi_offset 14, -4
  36 0002 051C     		mov	r5, r0
  24:..\source/utils.c ****     uint32 ma_curr;
  25:..\source/utils.c ****     
  26:..\source/utils.c ****     ma_curr = ma->last + value - ma->last/ma->n;
  37              		.loc 1 26 0
  38 0004 4368     		ldr	r3, [r0, #4]
  39 0006 5C18     		add	r4, r3, r1
  40 0008 0668     		ldr	r6, [r0]
  41 000a 181C     		mov	r0, r3
  42              	.LVL1:
  43 000c 311C     		mov	r1, r6
  44              	.LVL2:
  45 000e FFF7FEFF 		bl	__aeabi_uidiv
  46              	.LVL3:
  47 0012 201A     		sub	r0, r4, r0
  48              	.LVL4:
  27:..\source/utils.c ****     ma->last = ma_curr;
  49              		.loc 1 27 0
  50 0014 6860     		str	r0, [r5, #4]
  28:..\source/utils.c ****     
  29:..\source/utils.c ****     return ma_curr/ma->n;
  51              		.loc 1 29 0
  52 0016 311C     		mov	r1, r6
  53 0018 FFF7FEFF 		bl	__aeabi_uidiv
  54              	.LVL5:
  30:..\source/utils.c **** }
  55              		.loc 1 30 0
  56              		@ sp needed
  57              	.LVL6:
  58 001c 70BD     		pop	{r4, r5, r6, pc}
  59              		.cfi_endproc
  60              	.LFE34:
  61              		.size	MovingAverage, .-MovingAverage
  62 001e C046     		.section	.text.Uint16ToTwoBytes,"ax",%progbits
  63              		.align	2
  64              		.global	Uint16ToTwoBytes
  65              		.code	16
  66              		.thumb_func
  67              		.type	Uint16ToTwoBytes, %function
  68              	Uint16ToTwoBytes:
  69              	.LFB35:
  31:..\source/utils.c **** 
  32:..\source/utils.c **** void Uint16ToTwoBytes(uint16 value, uint8* bytes)
  33:..\source/utils.c **** {
  70              		.loc 1 33 0
  71              		.cfi_startproc
  72              	.LVL7:
  34:..\source/utils.c ****     bytes[0] = (uint8) (value & 0xFF00) >> 8;
  73              		.loc 1 34 0
  74 0000 0023     		mov	r3, #0
  75 0002 0B70     		strb	r3, [r1]
  35:..\source/utils.c ****     bytes[1] = (uint8) (value & 0x00FF);
  76              		.loc 1 35 0
  77 0004 4870     		strb	r0, [r1, #1]
  36:..\source/utils.c **** }
  78              		.loc 1 36 0
ARM GAS  C:\Users\Tim\AppData\Local\Temp\cceXxfbK.s 			page 3


  79              		@ sp needed
  80 0006 7047     		bx	lr
  81              		.cfi_endproc
  82              	.LFE35:
  83              		.size	Uint16ToTwoBytes, .-Uint16ToTwoBytes
  84              		.section	.text.Uint32ToFourBytes,"ax",%progbits
  85              		.align	2
  86              		.global	Uint32ToFourBytes
  87              		.code	16
  88              		.thumb_func
  89              		.type	Uint32ToFourBytes, %function
  90              	Uint32ToFourBytes:
  91              	.LFB36:
  37:..\source/utils.c **** 
  38:..\source/utils.c **** void Uint32ToFourBytes(uint32 value, uint8* bytes)
  39:..\source/utils.c **** {
  92              		.loc 1 39 0
  93              		.cfi_startproc
  94              	.LVL8:
  40:..\source/utils.c ****     bytes[0] = (value & 0xFF000000) >> 24;
  95              		.loc 1 40 0
  96 0000 030E     		lsr	r3, r0, #24
  97 0002 0B70     		strb	r3, [r1]
  41:..\source/utils.c ****     bytes[1] = (value & 0x00FF0000) >> 16;
  98              		.loc 1 41 0
  99 0004 030C     		lsr	r3, r0, #16
 100 0006 4B70     		strb	r3, [r1, #1]
  42:..\source/utils.c ****     bytes[2] = (value & 0x0000FF00) >> 8;
 101              		.loc 1 42 0
 102 0008 030A     		lsr	r3, r0, #8
 103 000a 8B70     		strb	r3, [r1, #2]
  43:..\source/utils.c ****     bytes[3] = (value & 0x000000FF);
 104              		.loc 1 43 0
 105 000c C870     		strb	r0, [r1, #3]
  44:..\source/utils.c **** }
 106              		.loc 1 44 0
 107              		@ sp needed
 108 000e 7047     		bx	lr
 109              		.cfi_endproc
 110              	.LFE36:
 111              		.size	Uint32ToFourBytes, .-Uint32ToFourBytes
 112              		.section	.text.Int32ToFourBytes,"ax",%progbits
 113              		.align	2
 114              		.global	Int32ToFourBytes
 115              		.code	16
 116              		.thumb_func
 117              		.type	Int32ToFourBytes, %function
 118              	Int32ToFourBytes:
 119              	.LFB37:
  45:..\source/utils.c **** 
  46:..\source/utils.c **** void Int32ToFourBytes(int32 value, uint8* bytes)
  47:..\source/utils.c **** {
 120              		.loc 1 47 0
 121              		.cfi_startproc
 122              	.LVL9:
 123 0000 08B5     		push	{r3, lr}
 124              		.cfi_def_cfa_offset 8
ARM GAS  C:\Users\Tim\AppData\Local\Temp\cceXxfbK.s 			page 4


 125              		.cfi_offset 3, -8
 126              		.cfi_offset 14, -4
  48:..\source/utils.c ****     Uint32ToFourBytes((uint32)value, bytes);
 127              		.loc 1 48 0
 128 0002 FFF7FEFF 		bl	Uint32ToFourBytes
 129              	.LVL10:
  49:..\source/utils.c **** }
 130              		.loc 1 49 0
 131              		@ sp needed
 132 0006 08BD     		pop	{r3, pc}
 133              		.cfi_endproc
 134              	.LFE37:
 135              		.size	Int32ToFourBytes, .-Int32ToFourBytes
 136              		.section	.text.FloatToFourBytes,"ax",%progbits
 137              		.align	2
 138              		.global	FloatToFourBytes
 139              		.code	16
 140              		.thumb_func
 141              		.type	FloatToFourBytes, %function
 142              	FloatToFourBytes:
 143              	.LFB38:
  50:..\source/utils.c **** 
  51:..\source/utils.c **** void FloatToFourBytes(float value, uint8* bytes)
  52:..\source/utils.c **** {
 144              		.loc 1 52 0
 145              		.cfi_startproc
 146              	.LVL11:
 147 0000 08B5     		push	{r3, lr}
 148              		.cfi_def_cfa_offset 8
 149              		.cfi_offset 3, -8
 150              		.cfi_offset 14, -4
  53:..\source/utils.c ****     Uint32ToFourBytes(*((uint32*)&value), bytes);
 151              		.loc 1 53 0
 152 0002 FFF7FEFF 		bl	Uint32ToFourBytes
 153              	.LVL12:
  54:..\source/utils.c **** }
 154              		.loc 1 54 0
 155              		@ sp needed
 156 0006 08BD     		pop	{r3, pc}
 157              		.cfi_endproc
 158              	.LFE38:
 159              		.size	FloatToFourBytes, .-FloatToFourBytes
 160              		.section	.text.TwoBytesToUint16,"ax",%progbits
 161              		.align	2
 162              		.global	TwoBytesToUint16
 163              		.code	16
 164              		.thumb_func
 165              		.type	TwoBytesToUint16, %function
 166              	TwoBytesToUint16:
 167              	.LFB39:
  55:..\source/utils.c **** 
  56:..\source/utils.c **** uint16 TwoBytesToUint16(uint8* bytes)
  57:..\source/utils.c **** {
 168              		.loc 1 57 0
 169              		.cfi_startproc
 170              	.LVL13:
  58:..\source/utils.c ****     return (uint16) ( (bytes[0] << 8) + bytes[1] );
ARM GAS  C:\Users\Tim\AppData\Local\Temp\cceXxfbK.s 			page 5


 171              		.loc 1 58 0
 172 0000 0278     		ldrb	r2, [r0]
 173 0002 1202     		lsl	r2, r2, #8
 174 0004 4378     		ldrb	r3, [r0, #1]
 175 0006 D018     		add	r0, r2, r3
 176              	.LVL14:
 177 0008 80B2     		uxth	r0, r0
  59:..\source/utils.c **** }
 178              		.loc 1 59 0
 179              		@ sp needed
 180 000a 7047     		bx	lr
 181              		.cfi_endproc
 182              	.LFE39:
 183              		.size	TwoBytesToUint16, .-TwoBytesToUint16
 184              		.section	.text.TwoBytesInt16,"ax",%progbits
 185              		.align	2
 186              		.global	TwoBytesInt16
 187              		.code	16
 188              		.thumb_func
 189              		.type	TwoBytesInt16, %function
 190              	TwoBytesInt16:
 191              	.LFB40:
  60:..\source/utils.c **** 
  61:..\source/utils.c **** int16 TwoBytesInt16(uint8* bytes)
  62:..\source/utils.c **** {
 192              		.loc 1 62 0
 193              		.cfi_startproc
 194              	.LVL15:
 195 0000 08B5     		push	{r3, lr}
 196              		.cfi_def_cfa_offset 8
 197              		.cfi_offset 3, -8
 198              		.cfi_offset 14, -4
  63:..\source/utils.c ****     return (int16) TwoBytesToUint16(bytes);
 199              		.loc 1 63 0
 200 0002 FFF7FEFF 		bl	TwoBytesToUint16
 201              	.LVL16:
 202 0006 00B2     		sxth	r0, r0
  64:..\source/utils.c **** }
 203              		.loc 1 64 0
 204              		@ sp needed
 205 0008 08BD     		pop	{r3, pc}
 206              		.cfi_endproc
 207              	.LFE40:
 208              		.size	TwoBytesInt16, .-TwoBytesInt16
 209              		.section	.text.FourBytesToUint32,"ax",%progbits
 210              		.align	2
 211              		.global	FourBytesToUint32
 212              		.code	16
 213              		.thumb_func
 214              		.type	FourBytesToUint32, %function
 215              	FourBytesToUint32:
 216              	.LFB41:
  65:..\source/utils.c **** 
  66:..\source/utils.c **** uint32 FourBytesToUint32(uint8* bytes)
  67:..\source/utils.c **** {
 217              		.loc 1 67 0
 218              		.cfi_startproc
ARM GAS  C:\Users\Tim\AppData\Local\Temp\cceXxfbK.s 			page 6


 219              	.LVL17:
  68:..\source/utils.c ****     return (uint32) ( (bytes[0] << 24) + (bytes[1] << 16) + (bytes[2] << 8) + bytes[3] );
 220              		.loc 1 68 0
 221 0000 0278     		ldrb	r2, [r0]
 222 0002 1206     		lsl	r2, r2, #24
 223 0004 4378     		ldrb	r3, [r0, #1]
 224 0006 1B04     		lsl	r3, r3, #16
 225 0008 D218     		add	r2, r2, r3
 226 000a 8378     		ldrb	r3, [r0, #2]
 227 000c 1B02     		lsl	r3, r3, #8
 228 000e D318     		add	r3, r2, r3
 229 0010 C078     		ldrb	r0, [r0, #3]
 230              	.LVL18:
 231 0012 1818     		add	r0, r3, r0
  69:..\source/utils.c **** }
 232              		.loc 1 69 0
 233              		@ sp needed
 234 0014 7047     		bx	lr
 235              		.cfi_endproc
 236              	.LFE41:
 237              		.size	FourBytesToUint32, .-FourBytesToUint32
 238 0016 C046     		.section	.text.FourBytesToInt32,"ax",%progbits
 239              		.align	2
 240              		.global	FourBytesToInt32
 241              		.code	16
 242              		.thumb_func
 243              		.type	FourBytesToInt32, %function
 244              	FourBytesToInt32:
 245              	.LFB42:
  70:..\source/utils.c **** 
  71:..\source/utils.c **** int32 FourBytesToInt32(uint8* bytes)
  72:..\source/utils.c **** {
 246              		.loc 1 72 0
 247              		.cfi_startproc
 248              	.LVL19:
 249 0000 08B5     		push	{r3, lr}
 250              		.cfi_def_cfa_offset 8
 251              		.cfi_offset 3, -8
 252              		.cfi_offset 14, -4
  73:..\source/utils.c ****     return (int32) FourBytesToUint32(bytes);
 253              		.loc 1 73 0
 254 0002 FFF7FEFF 		bl	FourBytesToUint32
 255              	.LVL20:
  74:..\source/utils.c **** }
 256              		.loc 1 74 0
 257              		@ sp needed
 258 0006 08BD     		pop	{r3, pc}
 259              		.cfi_endproc
 260              	.LFE42:
 261              		.size	FourBytesToInt32, .-FourBytesToInt32
 262              		.text
 263              	.Letext0:
 264              		.file 2 "Generated_Source\\PSoC4/cytypes.h"
 265              		.file 3 "..\\source\\utils.h"
 266              		.section	.debug_info,"",%progbits
 267              	.Ldebug_info0:
 268 0000 EE020000 		.4byte	0x2ee
ARM GAS  C:\Users\Tim\AppData\Local\Temp\cceXxfbK.s 			page 7


 269 0004 0400     		.2byte	0x4
 270 0006 00000000 		.4byte	.Ldebug_abbrev0
 271 000a 04       		.byte	0x4
 272 000b 01       		.uleb128 0x1
 273 000c 89010000 		.4byte	.LASF31
 274 0010 01       		.byte	0x1
 275 0011 5B020000 		.4byte	.LASF32
 276 0015 11000000 		.4byte	.LASF33
 277 0019 00000000 		.4byte	.Ldebug_ranges0+0
 278 001d 00000000 		.4byte	0
 279 0021 00000000 		.4byte	.Ldebug_line0
 280 0025 02       		.uleb128 0x2
 281 0026 04       		.byte	0x4
 282 0027 04       		.byte	0x4
 283 0028 94000000 		.4byte	.LASF0
 284 002c 02       		.uleb128 0x2
 285 002d 01       		.byte	0x1
 286 002e 06       		.byte	0x6
 287 002f 4F020000 		.4byte	.LASF1
 288 0033 02       		.uleb128 0x2
 289 0034 01       		.byte	0x1
 290 0035 08       		.byte	0x8
 291 0036 AB000000 		.4byte	.LASF2
 292 003a 02       		.uleb128 0x2
 293 003b 02       		.byte	0x2
 294 003c 05       		.byte	0x5
 295 003d F0000000 		.4byte	.LASF3
 296 0041 02       		.uleb128 0x2
 297 0042 02       		.byte	0x2
 298 0043 07       		.byte	0x7
 299 0044 79000000 		.4byte	.LASF4
 300 0048 02       		.uleb128 0x2
 301 0049 04       		.byte	0x4
 302 004a 05       		.byte	0x5
 303 004b 40020000 		.4byte	.LASF5
 304 004f 02       		.uleb128 0x2
 305 0050 04       		.byte	0x4
 306 0051 07       		.byte	0x7
 307 0052 BF000000 		.4byte	.LASF6
 308 0056 02       		.uleb128 0x2
 309 0057 08       		.byte	0x8
 310 0058 05       		.byte	0x5
 311 0059 49010000 		.4byte	.LASF7
 312 005d 02       		.uleb128 0x2
 313 005e 08       		.byte	0x8
 314 005f 07       		.byte	0x7
 315 0060 15010000 		.4byte	.LASF8
 316 0064 03       		.uleb128 0x3
 317 0065 04       		.byte	0x4
 318 0066 05       		.byte	0x5
 319 0067 696E7400 		.ascii	"int\000"
 320 006b 02       		.uleb128 0x2
 321 006c 04       		.byte	0x4
 322 006d 07       		.byte	0x7
 323 006e 08010000 		.4byte	.LASF9
 324 0072 04       		.uleb128 0x4
 325 0073 3A020000 		.4byte	.LASF10
ARM GAS  C:\Users\Tim\AppData\Local\Temp\cceXxfbK.s 			page 8


 326 0077 02       		.byte	0x2
 327 0078 C2       		.byte	0xc2
 328 0079 33000000 		.4byte	0x33
 329 007d 04       		.uleb128 0x4
 330 007e FA000000 		.4byte	.LASF11
 331 0082 02       		.byte	0x2
 332 0083 C3       		.byte	0xc3
 333 0084 41000000 		.4byte	0x41
 334 0088 04       		.uleb128 0x4
 335 0089 01010000 		.4byte	.LASF12
 336 008d 02       		.byte	0x2
 337 008e C4       		.byte	0xc4
 338 008f 4F000000 		.4byte	0x4f
 339 0093 04       		.uleb128 0x4
 340 0094 B9000000 		.4byte	.LASF13
 341 0098 02       		.byte	0x2
 342 0099 C6       		.byte	0xc6
 343 009a 3A000000 		.4byte	0x3a
 344 009e 04       		.uleb128 0x4
 345 009f D1000000 		.4byte	.LASF14
 346 00a3 02       		.byte	0x2
 347 00a4 C7       		.byte	0xc7
 348 00a5 48000000 		.4byte	0x48
 349 00a9 02       		.uleb128 0x2
 350 00aa 08       		.byte	0x8
 351 00ab 04       		.byte	0x4
 352 00ac D7000000 		.4byte	.LASF15
 353 00b0 02       		.uleb128 0x2
 354 00b1 01       		.byte	0x1
 355 00b2 08       		.byte	0x8
 356 00b3 68010000 		.4byte	.LASF16
 357 00b7 02       		.uleb128 0x2
 358 00b8 04       		.byte	0x4
 359 00b9 07       		.byte	0x7
 360 00ba 40010000 		.4byte	.LASF17
 361 00be 05       		.uleb128 0x5
 362 00bf 04       		.byte	0x4
 363 00c0 72000000 		.4byte	0x72
 364 00c4 06       		.uleb128 0x6
 365 00c5 4E000000 		.4byte	.LASF34
 366 00c9 08       		.byte	0x8
 367 00ca 03       		.byte	0x3
 368 00cb 17       		.byte	0x17
 369 00cc E7000000 		.4byte	0xe7
 370 00d0 07       		.uleb128 0x7
 371 00d1 6E00     		.ascii	"n\000"
 372 00d3 03       		.byte	0x3
 373 00d4 19       		.byte	0x19
 374 00d5 88000000 		.4byte	0x88
 375 00d9 00       		.byte	0
 376 00da 08       		.uleb128 0x8
 377 00db 6D020000 		.4byte	.LASF18
 378 00df 03       		.byte	0x3
 379 00e0 1A       		.byte	0x1a
 380 00e1 88000000 		.4byte	0x88
 381 00e5 04       		.byte	0x4
 382 00e6 00       		.byte	0
ARM GAS  C:\Users\Tim\AppData\Local\Temp\cceXxfbK.s 			page 9


 383 00e7 04       		.uleb128 0x4
 384 00e8 2C010000 		.4byte	.LASF19
 385 00ec 03       		.byte	0x3
 386 00ed 1B       		.byte	0x1b
 387 00ee C4000000 		.4byte	0xc4
 388 00f2 09       		.uleb128 0x9
 389 00f3 7B010000 		.4byte	.LASF26
 390 00f7 01       		.byte	0x1
 391 00f8 0F       		.byte	0xf
 392 00f9 88000000 		.4byte	0x88
 393 00fd 00000000 		.4byte	.LFB34
 394 0101 1E000000 		.4byte	.LFE34-.LFB34
 395 0105 01       		.uleb128 0x1
 396 0106 9C       		.byte	0x9c
 397 0107 38010000 		.4byte	0x138
 398 010b 0A       		.uleb128 0xa
 399 010c 6D6100   		.ascii	"ma\000"
 400 010f 01       		.byte	0x1
 401 0110 0F       		.byte	0xf
 402 0111 38010000 		.4byte	0x138
 403 0115 00000000 		.4byte	.LLST0
 404 0119 0B       		.uleb128 0xb
 405 011a 73000000 		.4byte	.LASF20
 406 011e 01       		.byte	0x1
 407 011f 0F       		.byte	0xf
 408 0120 88000000 		.4byte	0x88
 409 0124 2C000000 		.4byte	.LLST1
 410 0128 0C       		.uleb128 0xc
 411 0129 8C000000 		.4byte	.LASF35
 412 012d 01       		.byte	0x1
 413 012e 18       		.byte	0x18
 414 012f 88000000 		.4byte	0x88
 415 0133 4D000000 		.4byte	.LLST2
 416 0137 00       		.byte	0
 417 0138 05       		.uleb128 0x5
 418 0139 04       		.byte	0x4
 419 013a E7000000 		.4byte	0xe7
 420 013e 0D       		.uleb128 0xd
 421 013f 9A000000 		.4byte	.LASF22
 422 0143 01       		.byte	0x1
 423 0144 20       		.byte	0x20
 424 0145 00000000 		.4byte	.LFB35
 425 0149 08000000 		.4byte	.LFE35-.LFB35
 426 014d 01       		.uleb128 0x1
 427 014e 9C       		.byte	0x9c
 428 014f 6E010000 		.4byte	0x16e
 429 0153 0E       		.uleb128 0xe
 430 0154 73000000 		.4byte	.LASF20
 431 0158 01       		.byte	0x1
 432 0159 20       		.byte	0x20
 433 015a 7D000000 		.4byte	0x7d
 434 015e 01       		.uleb128 0x1
 435 015f 50       		.byte	0x50
 436 0160 0E       		.uleb128 0xe
 437 0161 49020000 		.4byte	.LASF21
 438 0165 01       		.byte	0x1
 439 0166 20       		.byte	0x20
ARM GAS  C:\Users\Tim\AppData\Local\Temp\cceXxfbK.s 			page 10


 440 0167 BE000000 		.4byte	0xbe
 441 016b 01       		.uleb128 0x1
 442 016c 51       		.byte	0x51
 443 016d 00       		.byte	0
 444 016e 0D       		.uleb128 0xd
 445 016f 17020000 		.4byte	.LASF23
 446 0173 01       		.byte	0x1
 447 0174 26       		.byte	0x26
 448 0175 00000000 		.4byte	.LFB36
 449 0179 10000000 		.4byte	.LFE36-.LFB36
 450 017d 01       		.uleb128 0x1
 451 017e 9C       		.byte	0x9c
 452 017f 9E010000 		.4byte	0x19e
 453 0183 0E       		.uleb128 0xe
 454 0184 73000000 		.4byte	.LASF20
 455 0188 01       		.byte	0x1
 456 0189 26       		.byte	0x26
 457 018a 88000000 		.4byte	0x88
 458 018e 01       		.uleb128 0x1
 459 018f 50       		.byte	0x50
 460 0190 0E       		.uleb128 0xe
 461 0191 49020000 		.4byte	.LASF21
 462 0195 01       		.byte	0x1
 463 0196 26       		.byte	0x26
 464 0197 BE000000 		.4byte	0xbe
 465 019b 01       		.uleb128 0x1
 466 019c 51       		.byte	0x51
 467 019d 00       		.byte	0
 468 019e 0D       		.uleb128 0xd
 469 019f 29020000 		.4byte	.LASF24
 470 01a3 01       		.byte	0x1
 471 01a4 2E       		.byte	0x2e
 472 01a5 00000000 		.4byte	.LFB37
 473 01a9 08000000 		.4byte	.LFE37-.LFB37
 474 01ad 01       		.uleb128 0x1
 475 01ae 9C       		.byte	0x9c
 476 01af EA010000 		.4byte	0x1ea
 477 01b3 0B       		.uleb128 0xb
 478 01b4 73000000 		.4byte	.LASF20
 479 01b8 01       		.byte	0x1
 480 01b9 2E       		.byte	0x2e
 481 01ba 9E000000 		.4byte	0x9e
 482 01be 60000000 		.4byte	.LLST3
 483 01c2 0B       		.uleb128 0xb
 484 01c3 49020000 		.4byte	.LASF21
 485 01c7 01       		.byte	0x1
 486 01c8 2E       		.byte	0x2e
 487 01c9 BE000000 		.4byte	0xbe
 488 01cd 81000000 		.4byte	.LLST4
 489 01d1 0F       		.uleb128 0xf
 490 01d2 06000000 		.4byte	.LVL10
 491 01d6 6E010000 		.4byte	0x16e
 492 01da 10       		.uleb128 0x10
 493 01db 01       		.uleb128 0x1
 494 01dc 51       		.byte	0x51
 495 01dd 03       		.uleb128 0x3
 496 01de F3       		.byte	0xf3
ARM GAS  C:\Users\Tim\AppData\Local\Temp\cceXxfbK.s 			page 11


 497 01df 01       		.uleb128 0x1
 498 01e0 51       		.byte	0x51
 499 01e1 10       		.uleb128 0x10
 500 01e2 01       		.uleb128 0x1
 501 01e3 50       		.byte	0x50
 502 01e4 03       		.uleb128 0x3
 503 01e5 F3       		.byte	0xf3
 504 01e6 01       		.uleb128 0x1
 505 01e7 50       		.byte	0x50
 506 01e8 00       		.byte	0
 507 01e9 00       		.byte	0
 508 01ea 0D       		.uleb128 0xd
 509 01eb 00000000 		.4byte	.LASF25
 510 01ef 01       		.byte	0x1
 511 01f0 33       		.byte	0x33
 512 01f1 00000000 		.4byte	.LFB38
 513 01f5 08000000 		.4byte	.LFE38-.LFB38
 514 01f9 01       		.uleb128 0x1
 515 01fa 9C       		.byte	0x9c
 516 01fb 2F020000 		.4byte	0x22f
 517 01ff 0B       		.uleb128 0xb
 518 0200 73000000 		.4byte	.LASF20
 519 0204 01       		.byte	0x1
 520 0205 33       		.byte	0x33
 521 0206 25000000 		.4byte	0x25
 522 020a A2000000 		.4byte	.LLST5
 523 020e 0B       		.uleb128 0xb
 524 020f 49020000 		.4byte	.LASF21
 525 0213 01       		.byte	0x1
 526 0214 33       		.byte	0x33
 527 0215 BE000000 		.4byte	0xbe
 528 0219 C5000000 		.4byte	.LLST6
 529 021d 0F       		.uleb128 0xf
 530 021e 06000000 		.4byte	.LVL12
 531 0222 6E010000 		.4byte	0x16e
 532 0226 10       		.uleb128 0x10
 533 0227 01       		.uleb128 0x1
 534 0228 51       		.byte	0x51
 535 0229 03       		.uleb128 0x3
 536 022a F3       		.byte	0xf3
 537 022b 01       		.uleb128 0x1
 538 022c 51       		.byte	0x51
 539 022d 00       		.byte	0
 540 022e 00       		.byte	0
 541 022f 11       		.uleb128 0x11
 542 0230 62000000 		.4byte	.LASF27
 543 0234 01       		.byte	0x1
 544 0235 38       		.byte	0x38
 545 0236 7D000000 		.4byte	0x7d
 546 023a 00000000 		.4byte	.LFB39
 547 023e 0C000000 		.4byte	.LFE39-.LFB39
 548 0242 01       		.uleb128 0x1
 549 0243 9C       		.byte	0x9c
 550 0244 58020000 		.4byte	0x258
 551 0248 0B       		.uleb128 0xb
 552 0249 49020000 		.4byte	.LASF21
 553 024d 01       		.byte	0x1
ARM GAS  C:\Users\Tim\AppData\Local\Temp\cceXxfbK.s 			page 12


 554 024e 38       		.byte	0x38
 555 024f BE000000 		.4byte	0xbe
 556 0253 E6000000 		.4byte	.LLST7
 557 0257 00       		.byte	0
 558 0258 11       		.uleb128 0x11
 559 0259 6D010000 		.4byte	.LASF28
 560 025d 01       		.byte	0x1
 561 025e 3D       		.byte	0x3d
 562 025f 93000000 		.4byte	0x93
 563 0263 00000000 		.4byte	.LFB40
 564 0267 0A000000 		.4byte	.LFE40-.LFB40
 565 026b 01       		.uleb128 0x1
 566 026c 9C       		.byte	0x9c
 567 026d 92020000 		.4byte	0x292
 568 0271 0B       		.uleb128 0xb
 569 0272 49020000 		.4byte	.LASF21
 570 0276 01       		.byte	0x1
 571 0277 3D       		.byte	0x3d
 572 0278 BE000000 		.4byte	0xbe
 573 027c 07010000 		.4byte	.LLST8
 574 0280 0F       		.uleb128 0xf
 575 0281 06000000 		.4byte	.LVL16
 576 0285 2F020000 		.4byte	0x22f
 577 0289 10       		.uleb128 0x10
 578 028a 01       		.uleb128 0x1
 579 028b 50       		.byte	0x50
 580 028c 03       		.uleb128 0x3
 581 028d F3       		.byte	0xf3
 582 028e 01       		.uleb128 0x1
 583 028f 50       		.byte	0x50
 584 0290 00       		.byte	0
 585 0291 00       		.byte	0
 586 0292 11       		.uleb128 0x11
 587 0293 DE000000 		.4byte	.LASF29
 588 0297 01       		.byte	0x1
 589 0298 42       		.byte	0x42
 590 0299 88000000 		.4byte	0x88
 591 029d 00000000 		.4byte	.LFB41
 592 02a1 16000000 		.4byte	.LFE41-.LFB41
 593 02a5 01       		.uleb128 0x1
 594 02a6 9C       		.byte	0x9c
 595 02a7 BB020000 		.4byte	0x2bb
 596 02ab 0B       		.uleb128 0xb
 597 02ac 49020000 		.4byte	.LASF21
 598 02b0 01       		.byte	0x1
 599 02b1 42       		.byte	0x42
 600 02b2 BE000000 		.4byte	0xbe
 601 02b6 28010000 		.4byte	.LLST9
 602 02ba 00       		.byte	0
 603 02bb 12       		.uleb128 0x12
 604 02bc 57010000 		.4byte	.LASF30
 605 02c0 01       		.byte	0x1
 606 02c1 47       		.byte	0x47
 607 02c2 9E000000 		.4byte	0x9e
 608 02c6 00000000 		.4byte	.LFB42
 609 02ca 08000000 		.4byte	.LFE42-.LFB42
 610 02ce 01       		.uleb128 0x1
ARM GAS  C:\Users\Tim\AppData\Local\Temp\cceXxfbK.s 			page 13


 611 02cf 9C       		.byte	0x9c
 612 02d0 0B       		.uleb128 0xb
 613 02d1 49020000 		.4byte	.LASF21
 614 02d5 01       		.byte	0x1
 615 02d6 47       		.byte	0x47
 616 02d7 BE000000 		.4byte	0xbe
 617 02db 49010000 		.4byte	.LLST10
 618 02df 0F       		.uleb128 0xf
 619 02e0 06000000 		.4byte	.LVL20
 620 02e4 92020000 		.4byte	0x292
 621 02e8 10       		.uleb128 0x10
 622 02e9 01       		.uleb128 0x1
 623 02ea 50       		.byte	0x50
 624 02eb 03       		.uleb128 0x3
 625 02ec F3       		.byte	0xf3
 626 02ed 01       		.uleb128 0x1
 627 02ee 50       		.byte	0x50
 628 02ef 00       		.byte	0
 629 02f0 00       		.byte	0
 630 02f1 00       		.byte	0
 631              		.section	.debug_abbrev,"",%progbits
 632              	.Ldebug_abbrev0:
 633 0000 01       		.uleb128 0x1
 634 0001 11       		.uleb128 0x11
 635 0002 01       		.byte	0x1
 636 0003 25       		.uleb128 0x25
 637 0004 0E       		.uleb128 0xe
 638 0005 13       		.uleb128 0x13
 639 0006 0B       		.uleb128 0xb
 640 0007 03       		.uleb128 0x3
 641 0008 0E       		.uleb128 0xe
 642 0009 1B       		.uleb128 0x1b
 643 000a 0E       		.uleb128 0xe
 644 000b 55       		.uleb128 0x55
 645 000c 17       		.uleb128 0x17
 646 000d 11       		.uleb128 0x11
 647 000e 01       		.uleb128 0x1
 648 000f 10       		.uleb128 0x10
 649 0010 17       		.uleb128 0x17
 650 0011 00       		.byte	0
 651 0012 00       		.byte	0
 652 0013 02       		.uleb128 0x2
 653 0014 24       		.uleb128 0x24
 654 0015 00       		.byte	0
 655 0016 0B       		.uleb128 0xb
 656 0017 0B       		.uleb128 0xb
 657 0018 3E       		.uleb128 0x3e
 658 0019 0B       		.uleb128 0xb
 659 001a 03       		.uleb128 0x3
 660 001b 0E       		.uleb128 0xe
 661 001c 00       		.byte	0
 662 001d 00       		.byte	0
 663 001e 03       		.uleb128 0x3
 664 001f 24       		.uleb128 0x24
 665 0020 00       		.byte	0
 666 0021 0B       		.uleb128 0xb
 667 0022 0B       		.uleb128 0xb
ARM GAS  C:\Users\Tim\AppData\Local\Temp\cceXxfbK.s 			page 14


 668 0023 3E       		.uleb128 0x3e
 669 0024 0B       		.uleb128 0xb
 670 0025 03       		.uleb128 0x3
 671 0026 08       		.uleb128 0x8
 672 0027 00       		.byte	0
 673 0028 00       		.byte	0
 674 0029 04       		.uleb128 0x4
 675 002a 16       		.uleb128 0x16
 676 002b 00       		.byte	0
 677 002c 03       		.uleb128 0x3
 678 002d 0E       		.uleb128 0xe
 679 002e 3A       		.uleb128 0x3a
 680 002f 0B       		.uleb128 0xb
 681 0030 3B       		.uleb128 0x3b
 682 0031 0B       		.uleb128 0xb
 683 0032 49       		.uleb128 0x49
 684 0033 13       		.uleb128 0x13
 685 0034 00       		.byte	0
 686 0035 00       		.byte	0
 687 0036 05       		.uleb128 0x5
 688 0037 0F       		.uleb128 0xf
 689 0038 00       		.byte	0
 690 0039 0B       		.uleb128 0xb
 691 003a 0B       		.uleb128 0xb
 692 003b 49       		.uleb128 0x49
 693 003c 13       		.uleb128 0x13
 694 003d 00       		.byte	0
 695 003e 00       		.byte	0
 696 003f 06       		.uleb128 0x6
 697 0040 13       		.uleb128 0x13
 698 0041 01       		.byte	0x1
 699 0042 03       		.uleb128 0x3
 700 0043 0E       		.uleb128 0xe
 701 0044 0B       		.uleb128 0xb
 702 0045 0B       		.uleb128 0xb
 703 0046 3A       		.uleb128 0x3a
 704 0047 0B       		.uleb128 0xb
 705 0048 3B       		.uleb128 0x3b
 706 0049 0B       		.uleb128 0xb
 707 004a 01       		.uleb128 0x1
 708 004b 13       		.uleb128 0x13
 709 004c 00       		.byte	0
 710 004d 00       		.byte	0
 711 004e 07       		.uleb128 0x7
 712 004f 0D       		.uleb128 0xd
 713 0050 00       		.byte	0
 714 0051 03       		.uleb128 0x3
 715 0052 08       		.uleb128 0x8
 716 0053 3A       		.uleb128 0x3a
 717 0054 0B       		.uleb128 0xb
 718 0055 3B       		.uleb128 0x3b
 719 0056 0B       		.uleb128 0xb
 720 0057 49       		.uleb128 0x49
 721 0058 13       		.uleb128 0x13
 722 0059 38       		.uleb128 0x38
 723 005a 0B       		.uleb128 0xb
 724 005b 00       		.byte	0
ARM GAS  C:\Users\Tim\AppData\Local\Temp\cceXxfbK.s 			page 15


 725 005c 00       		.byte	0
 726 005d 08       		.uleb128 0x8
 727 005e 0D       		.uleb128 0xd
 728 005f 00       		.byte	0
 729 0060 03       		.uleb128 0x3
 730 0061 0E       		.uleb128 0xe
 731 0062 3A       		.uleb128 0x3a
 732 0063 0B       		.uleb128 0xb
 733 0064 3B       		.uleb128 0x3b
 734 0065 0B       		.uleb128 0xb
 735 0066 49       		.uleb128 0x49
 736 0067 13       		.uleb128 0x13
 737 0068 38       		.uleb128 0x38
 738 0069 0B       		.uleb128 0xb
 739 006a 00       		.byte	0
 740 006b 00       		.byte	0
 741 006c 09       		.uleb128 0x9
 742 006d 2E       		.uleb128 0x2e
 743 006e 01       		.byte	0x1
 744 006f 3F       		.uleb128 0x3f
 745 0070 19       		.uleb128 0x19
 746 0071 03       		.uleb128 0x3
 747 0072 0E       		.uleb128 0xe
 748 0073 3A       		.uleb128 0x3a
 749 0074 0B       		.uleb128 0xb
 750 0075 3B       		.uleb128 0x3b
 751 0076 0B       		.uleb128 0xb
 752 0077 27       		.uleb128 0x27
 753 0078 19       		.uleb128 0x19
 754 0079 49       		.uleb128 0x49
 755 007a 13       		.uleb128 0x13
 756 007b 11       		.uleb128 0x11
 757 007c 01       		.uleb128 0x1
 758 007d 12       		.uleb128 0x12
 759 007e 06       		.uleb128 0x6
 760 007f 40       		.uleb128 0x40
 761 0080 18       		.uleb128 0x18
 762 0081 9642     		.uleb128 0x2116
 763 0083 19       		.uleb128 0x19
 764 0084 01       		.uleb128 0x1
 765 0085 13       		.uleb128 0x13
 766 0086 00       		.byte	0
 767 0087 00       		.byte	0
 768 0088 0A       		.uleb128 0xa
 769 0089 05       		.uleb128 0x5
 770 008a 00       		.byte	0
 771 008b 03       		.uleb128 0x3
 772 008c 08       		.uleb128 0x8
 773 008d 3A       		.uleb128 0x3a
 774 008e 0B       		.uleb128 0xb
 775 008f 3B       		.uleb128 0x3b
 776 0090 0B       		.uleb128 0xb
 777 0091 49       		.uleb128 0x49
 778 0092 13       		.uleb128 0x13
 779 0093 02       		.uleb128 0x2
 780 0094 17       		.uleb128 0x17
 781 0095 00       		.byte	0
ARM GAS  C:\Users\Tim\AppData\Local\Temp\cceXxfbK.s 			page 16


 782 0096 00       		.byte	0
 783 0097 0B       		.uleb128 0xb
 784 0098 05       		.uleb128 0x5
 785 0099 00       		.byte	0
 786 009a 03       		.uleb128 0x3
 787 009b 0E       		.uleb128 0xe
 788 009c 3A       		.uleb128 0x3a
 789 009d 0B       		.uleb128 0xb
 790 009e 3B       		.uleb128 0x3b
 791 009f 0B       		.uleb128 0xb
 792 00a0 49       		.uleb128 0x49
 793 00a1 13       		.uleb128 0x13
 794 00a2 02       		.uleb128 0x2
 795 00a3 17       		.uleb128 0x17
 796 00a4 00       		.byte	0
 797 00a5 00       		.byte	0
 798 00a6 0C       		.uleb128 0xc
 799 00a7 34       		.uleb128 0x34
 800 00a8 00       		.byte	0
 801 00a9 03       		.uleb128 0x3
 802 00aa 0E       		.uleb128 0xe
 803 00ab 3A       		.uleb128 0x3a
 804 00ac 0B       		.uleb128 0xb
 805 00ad 3B       		.uleb128 0x3b
 806 00ae 0B       		.uleb128 0xb
 807 00af 49       		.uleb128 0x49
 808 00b0 13       		.uleb128 0x13
 809 00b1 02       		.uleb128 0x2
 810 00b2 17       		.uleb128 0x17
 811 00b3 00       		.byte	0
 812 00b4 00       		.byte	0
 813 00b5 0D       		.uleb128 0xd
 814 00b6 2E       		.uleb128 0x2e
 815 00b7 01       		.byte	0x1
 816 00b8 3F       		.uleb128 0x3f
 817 00b9 19       		.uleb128 0x19
 818 00ba 03       		.uleb128 0x3
 819 00bb 0E       		.uleb128 0xe
 820 00bc 3A       		.uleb128 0x3a
 821 00bd 0B       		.uleb128 0xb
 822 00be 3B       		.uleb128 0x3b
 823 00bf 0B       		.uleb128 0xb
 824 00c0 27       		.uleb128 0x27
 825 00c1 19       		.uleb128 0x19
 826 00c2 11       		.uleb128 0x11
 827 00c3 01       		.uleb128 0x1
 828 00c4 12       		.uleb128 0x12
 829 00c5 06       		.uleb128 0x6
 830 00c6 40       		.uleb128 0x40
 831 00c7 18       		.uleb128 0x18
 832 00c8 9742     		.uleb128 0x2117
 833 00ca 19       		.uleb128 0x19
 834 00cb 01       		.uleb128 0x1
 835 00cc 13       		.uleb128 0x13
 836 00cd 00       		.byte	0
 837 00ce 00       		.byte	0
 838 00cf 0E       		.uleb128 0xe
ARM GAS  C:\Users\Tim\AppData\Local\Temp\cceXxfbK.s 			page 17


 839 00d0 05       		.uleb128 0x5
 840 00d1 00       		.byte	0
 841 00d2 03       		.uleb128 0x3
 842 00d3 0E       		.uleb128 0xe
 843 00d4 3A       		.uleb128 0x3a
 844 00d5 0B       		.uleb128 0xb
 845 00d6 3B       		.uleb128 0x3b
 846 00d7 0B       		.uleb128 0xb
 847 00d8 49       		.uleb128 0x49
 848 00d9 13       		.uleb128 0x13
 849 00da 02       		.uleb128 0x2
 850 00db 18       		.uleb128 0x18
 851 00dc 00       		.byte	0
 852 00dd 00       		.byte	0
 853 00de 0F       		.uleb128 0xf
 854 00df 898201   		.uleb128 0x4109
 855 00e2 01       		.byte	0x1
 856 00e3 11       		.uleb128 0x11
 857 00e4 01       		.uleb128 0x1
 858 00e5 31       		.uleb128 0x31
 859 00e6 13       		.uleb128 0x13
 860 00e7 00       		.byte	0
 861 00e8 00       		.byte	0
 862 00e9 10       		.uleb128 0x10
 863 00ea 8A8201   		.uleb128 0x410a
 864 00ed 00       		.byte	0
 865 00ee 02       		.uleb128 0x2
 866 00ef 18       		.uleb128 0x18
 867 00f0 9142     		.uleb128 0x2111
 868 00f2 18       		.uleb128 0x18
 869 00f3 00       		.byte	0
 870 00f4 00       		.byte	0
 871 00f5 11       		.uleb128 0x11
 872 00f6 2E       		.uleb128 0x2e
 873 00f7 01       		.byte	0x1
 874 00f8 3F       		.uleb128 0x3f
 875 00f9 19       		.uleb128 0x19
 876 00fa 03       		.uleb128 0x3
 877 00fb 0E       		.uleb128 0xe
 878 00fc 3A       		.uleb128 0x3a
 879 00fd 0B       		.uleb128 0xb
 880 00fe 3B       		.uleb128 0x3b
 881 00ff 0B       		.uleb128 0xb
 882 0100 27       		.uleb128 0x27
 883 0101 19       		.uleb128 0x19
 884 0102 49       		.uleb128 0x49
 885 0103 13       		.uleb128 0x13
 886 0104 11       		.uleb128 0x11
 887 0105 01       		.uleb128 0x1
 888 0106 12       		.uleb128 0x12
 889 0107 06       		.uleb128 0x6
 890 0108 40       		.uleb128 0x40
 891 0109 18       		.uleb128 0x18
 892 010a 9742     		.uleb128 0x2117
 893 010c 19       		.uleb128 0x19
 894 010d 01       		.uleb128 0x1
 895 010e 13       		.uleb128 0x13
ARM GAS  C:\Users\Tim\AppData\Local\Temp\cceXxfbK.s 			page 18


 896 010f 00       		.byte	0
 897 0110 00       		.byte	0
 898 0111 12       		.uleb128 0x12
 899 0112 2E       		.uleb128 0x2e
 900 0113 01       		.byte	0x1
 901 0114 3F       		.uleb128 0x3f
 902 0115 19       		.uleb128 0x19
 903 0116 03       		.uleb128 0x3
 904 0117 0E       		.uleb128 0xe
 905 0118 3A       		.uleb128 0x3a
 906 0119 0B       		.uleb128 0xb
 907 011a 3B       		.uleb128 0x3b
 908 011b 0B       		.uleb128 0xb
 909 011c 27       		.uleb128 0x27
 910 011d 19       		.uleb128 0x19
 911 011e 49       		.uleb128 0x49
 912 011f 13       		.uleb128 0x13
 913 0120 11       		.uleb128 0x11
 914 0121 01       		.uleb128 0x1
 915 0122 12       		.uleb128 0x12
 916 0123 06       		.uleb128 0x6
 917 0124 40       		.uleb128 0x40
 918 0125 18       		.uleb128 0x18
 919 0126 9742     		.uleb128 0x2117
 920 0128 19       		.uleb128 0x19
 921 0129 00       		.byte	0
 922 012a 00       		.byte	0
 923 012b 00       		.byte	0
 924              		.section	.debug_loc,"",%progbits
 925              	.Ldebug_loc0:
 926              	.LLST0:
 927 0000 00000000 		.4byte	.LVL0
 928 0004 0C000000 		.4byte	.LVL1
 929 0008 0100     		.2byte	0x1
 930 000a 50       		.byte	0x50
 931 000b 0C000000 		.4byte	.LVL1
 932 000f 1C000000 		.4byte	.LVL6
 933 0013 0100     		.2byte	0x1
 934 0015 55       		.byte	0x55
 935 0016 1C000000 		.4byte	.LVL6
 936 001a 1E000000 		.4byte	.LFE34
 937 001e 0400     		.2byte	0x4
 938 0020 F3       		.byte	0xf3
 939 0021 01       		.uleb128 0x1
 940 0022 50       		.byte	0x50
 941 0023 9F       		.byte	0x9f
 942 0024 00000000 		.4byte	0
 943 0028 00000000 		.4byte	0
 944              	.LLST1:
 945 002c 00000000 		.4byte	.LVL0
 946 0030 0E000000 		.4byte	.LVL2
 947 0034 0100     		.2byte	0x1
 948 0036 51       		.byte	0x51
 949 0037 0E000000 		.4byte	.LVL2
 950 003b 1E000000 		.4byte	.LFE34
 951 003f 0400     		.2byte	0x4
 952 0041 F3       		.byte	0xf3
ARM GAS  C:\Users\Tim\AppData\Local\Temp\cceXxfbK.s 			page 19


 953 0042 01       		.uleb128 0x1
 954 0043 51       		.byte	0x51
 955 0044 9F       		.byte	0x9f
 956 0045 00000000 		.4byte	0
 957 0049 00000000 		.4byte	0
 958              	.LLST2:
 959 004d 14000000 		.4byte	.LVL4
 960 0051 1B000000 		.4byte	.LVL5-1
 961 0055 0100     		.2byte	0x1
 962 0057 50       		.byte	0x50
 963 0058 00000000 		.4byte	0
 964 005c 00000000 		.4byte	0
 965              	.LLST3:
 966 0060 00000000 		.4byte	.LVL9
 967 0064 05000000 		.4byte	.LVL10-1
 968 0068 0100     		.2byte	0x1
 969 006a 50       		.byte	0x50
 970 006b 05000000 		.4byte	.LVL10-1
 971 006f 08000000 		.4byte	.LFE37
 972 0073 0400     		.2byte	0x4
 973 0075 F3       		.byte	0xf3
 974 0076 01       		.uleb128 0x1
 975 0077 50       		.byte	0x50
 976 0078 9F       		.byte	0x9f
 977 0079 00000000 		.4byte	0
 978 007d 00000000 		.4byte	0
 979              	.LLST4:
 980 0081 00000000 		.4byte	.LVL9
 981 0085 05000000 		.4byte	.LVL10-1
 982 0089 0100     		.2byte	0x1
 983 008b 51       		.byte	0x51
 984 008c 05000000 		.4byte	.LVL10-1
 985 0090 08000000 		.4byte	.LFE37
 986 0094 0400     		.2byte	0x4
 987 0096 F3       		.byte	0xf3
 988 0097 01       		.uleb128 0x1
 989 0098 51       		.byte	0x51
 990 0099 9F       		.byte	0x9f
 991 009a 00000000 		.4byte	0
 992 009e 00000000 		.4byte	0
 993              	.LLST5:
 994 00a2 00000000 		.4byte	.LVL11
 995 00a6 05000000 		.4byte	.LVL12-1
 996 00aa 0100     		.2byte	0x1
 997 00ac 50       		.byte	0x50
 998 00ad 05000000 		.4byte	.LVL12-1
 999 00b1 08000000 		.4byte	.LFE38
 1000 00b5 0600     		.2byte	0x6
 1001 00b7 F3       		.byte	0xf3
 1002 00b8 03       		.uleb128 0x3
 1003 00b9 F5       		.byte	0xf5
 1004 00ba 00       		.uleb128 0
 1005 00bb 25       		.uleb128 0x25
 1006 00bc 9F       		.byte	0x9f
 1007 00bd 00000000 		.4byte	0
 1008 00c1 00000000 		.4byte	0
 1009              	.LLST6:
ARM GAS  C:\Users\Tim\AppData\Local\Temp\cceXxfbK.s 			page 20


 1010 00c5 00000000 		.4byte	.LVL11
 1011 00c9 05000000 		.4byte	.LVL12-1
 1012 00cd 0100     		.2byte	0x1
 1013 00cf 51       		.byte	0x51
 1014 00d0 05000000 		.4byte	.LVL12-1
 1015 00d4 08000000 		.4byte	.LFE38
 1016 00d8 0400     		.2byte	0x4
 1017 00da F3       		.byte	0xf3
 1018 00db 01       		.uleb128 0x1
 1019 00dc 51       		.byte	0x51
 1020 00dd 9F       		.byte	0x9f
 1021 00de 00000000 		.4byte	0
 1022 00e2 00000000 		.4byte	0
 1023              	.LLST7:
 1024 00e6 00000000 		.4byte	.LVL13
 1025 00ea 08000000 		.4byte	.LVL14
 1026 00ee 0100     		.2byte	0x1
 1027 00f0 50       		.byte	0x50
 1028 00f1 08000000 		.4byte	.LVL14
 1029 00f5 0C000000 		.4byte	.LFE39
 1030 00f9 0400     		.2byte	0x4
 1031 00fb F3       		.byte	0xf3
 1032 00fc 01       		.uleb128 0x1
 1033 00fd 50       		.byte	0x50
 1034 00fe 9F       		.byte	0x9f
 1035 00ff 00000000 		.4byte	0
 1036 0103 00000000 		.4byte	0
 1037              	.LLST8:
 1038 0107 00000000 		.4byte	.LVL15
 1039 010b 05000000 		.4byte	.LVL16-1
 1040 010f 0100     		.2byte	0x1
 1041 0111 50       		.byte	0x50
 1042 0112 05000000 		.4byte	.LVL16-1
 1043 0116 0A000000 		.4byte	.LFE40
 1044 011a 0400     		.2byte	0x4
 1045 011c F3       		.byte	0xf3
 1046 011d 01       		.uleb128 0x1
 1047 011e 50       		.byte	0x50
 1048 011f 9F       		.byte	0x9f
 1049 0120 00000000 		.4byte	0
 1050 0124 00000000 		.4byte	0
 1051              	.LLST9:
 1052 0128 00000000 		.4byte	.LVL17
 1053 012c 12000000 		.4byte	.LVL18
 1054 0130 0100     		.2byte	0x1
 1055 0132 50       		.byte	0x50
 1056 0133 12000000 		.4byte	.LVL18
 1057 0137 16000000 		.4byte	.LFE41
 1058 013b 0400     		.2byte	0x4
 1059 013d F3       		.byte	0xf3
 1060 013e 01       		.uleb128 0x1
 1061 013f 50       		.byte	0x50
 1062 0140 9F       		.byte	0x9f
 1063 0141 00000000 		.4byte	0
 1064 0145 00000000 		.4byte	0
 1065              	.LLST10:
 1066 0149 00000000 		.4byte	.LVL19
ARM GAS  C:\Users\Tim\AppData\Local\Temp\cceXxfbK.s 			page 21


 1067 014d 05000000 		.4byte	.LVL20-1
 1068 0151 0100     		.2byte	0x1
 1069 0153 50       		.byte	0x50
 1070 0154 05000000 		.4byte	.LVL20-1
 1071 0158 08000000 		.4byte	.LFE42
 1072 015c 0400     		.2byte	0x4
 1073 015e F3       		.byte	0xf3
 1074 015f 01       		.uleb128 0x1
 1075 0160 50       		.byte	0x50
 1076 0161 9F       		.byte	0x9f
 1077 0162 00000000 		.4byte	0
 1078 0166 00000000 		.4byte	0
 1079              		.section	.debug_aranges,"",%progbits
 1080 0000 5C000000 		.4byte	0x5c
 1081 0004 0200     		.2byte	0x2
 1082 0006 00000000 		.4byte	.Ldebug_info0
 1083 000a 04       		.byte	0x4
 1084 000b 00       		.byte	0
 1085 000c 0000     		.2byte	0
 1086 000e 0000     		.2byte	0
 1087 0010 00000000 		.4byte	.LFB34
 1088 0014 1E000000 		.4byte	.LFE34-.LFB34
 1089 0018 00000000 		.4byte	.LFB35
 1090 001c 08000000 		.4byte	.LFE35-.LFB35
 1091 0020 00000000 		.4byte	.LFB36
 1092 0024 10000000 		.4byte	.LFE36-.LFB36
 1093 0028 00000000 		.4byte	.LFB37
 1094 002c 08000000 		.4byte	.LFE37-.LFB37
 1095 0030 00000000 		.4byte	.LFB38
 1096 0034 08000000 		.4byte	.LFE38-.LFB38
 1097 0038 00000000 		.4byte	.LFB39
 1098 003c 0C000000 		.4byte	.LFE39-.LFB39
 1099 0040 00000000 		.4byte	.LFB40
 1100 0044 0A000000 		.4byte	.LFE40-.LFB40
 1101 0048 00000000 		.4byte	.LFB41
 1102 004c 16000000 		.4byte	.LFE41-.LFB41
 1103 0050 00000000 		.4byte	.LFB42
 1104 0054 08000000 		.4byte	.LFE42-.LFB42
 1105 0058 00000000 		.4byte	0
 1106 005c 00000000 		.4byte	0
 1107              		.section	.debug_ranges,"",%progbits
 1108              	.Ldebug_ranges0:
 1109 0000 00000000 		.4byte	.LFB34
 1110 0004 1E000000 		.4byte	.LFE34
 1111 0008 00000000 		.4byte	.LFB35
 1112 000c 08000000 		.4byte	.LFE35
 1113 0010 00000000 		.4byte	.LFB36
 1114 0014 10000000 		.4byte	.LFE36
 1115 0018 00000000 		.4byte	.LFB37
 1116 001c 08000000 		.4byte	.LFE37
 1117 0020 00000000 		.4byte	.LFB38
 1118 0024 08000000 		.4byte	.LFE38
 1119 0028 00000000 		.4byte	.LFB39
 1120 002c 0C000000 		.4byte	.LFE39
 1121 0030 00000000 		.4byte	.LFB40
 1122 0034 0A000000 		.4byte	.LFE40
 1123 0038 00000000 		.4byte	.LFB41
ARM GAS  C:\Users\Tim\AppData\Local\Temp\cceXxfbK.s 			page 22


 1124 003c 16000000 		.4byte	.LFE41
 1125 0040 00000000 		.4byte	.LFB42
 1126 0044 08000000 		.4byte	.LFE42
 1127 0048 00000000 		.4byte	0
 1128 004c 00000000 		.4byte	0
 1129              		.section	.debug_line,"",%progbits
 1130              	.Ldebug_line0:
 1131 0000 FE000000 		.section	.debug_str,"MS",%progbits,1
 1131      02005700 
 1131      00000201 
 1131      FB0E0D00 
 1131      01010101 
 1132              	.LASF25:
 1133 0000 466C6F61 		.ascii	"FloatToFourBytes\000"
 1133      74546F46 
 1133      6F757242 
 1133      79746573 
 1133      00
 1134              	.LASF33:
 1135 0011 443A5C70 		.ascii	"D:\\projects\\ArloBot\\ArlobotHw\\DualBoard-043\\Bo"
 1135      726F6A65 
 1135      6374735C 
 1135      41726C6F 
 1135      426F745C 
 1136 003f 61726431 		.ascii	"ard1-RPi.cydsn\000"
 1136      2D525069 
 1136      2E637964 
 1136      736E00
 1137              	.LASF34:
 1138 004e 5F6D6F76 		.ascii	"_moving_average_tag\000"
 1138      696E675F 
 1138      61766572 
 1138      6167655F 
 1138      74616700 
 1139              	.LASF27:
 1140 0062 54776F42 		.ascii	"TwoBytesToUint16\000"
 1140      79746573 
 1140      546F5569 
 1140      6E743136 
 1140      00
 1141              	.LASF20:
 1142 0073 76616C75 		.ascii	"value\000"
 1142      6500
 1143              	.LASF4:
 1144 0079 73686F72 		.ascii	"short unsigned int\000"
 1144      7420756E 
 1144      7369676E 
 1144      65642069 
 1144      6E7400
 1145              	.LASF35:
 1146 008c 6D615F63 		.ascii	"ma_curr\000"
 1146      75727200 
 1147              	.LASF0:
 1148 0094 666C6F61 		.ascii	"float\000"
 1148      7400
 1149              	.LASF22:
 1150 009a 55696E74 		.ascii	"Uint16ToTwoBytes\000"
ARM GAS  C:\Users\Tim\AppData\Local\Temp\cceXxfbK.s 			page 23


 1150      3136546F 
 1150      54776F42 
 1150      79746573 
 1150      00
 1151              	.LASF2:
 1152 00ab 756E7369 		.ascii	"unsigned char\000"
 1152      676E6564 
 1152      20636861 
 1152      7200
 1153              	.LASF13:
 1154 00b9 696E7431 		.ascii	"int16\000"
 1154      3600
 1155              	.LASF6:
 1156 00bf 6C6F6E67 		.ascii	"long unsigned int\000"
 1156      20756E73 
 1156      69676E65 
 1156      6420696E 
 1156      7400
 1157              	.LASF14:
 1158 00d1 696E7433 		.ascii	"int32\000"
 1158      3200
 1159              	.LASF15:
 1160 00d7 646F7562 		.ascii	"double\000"
 1160      6C6500
 1161              	.LASF29:
 1162 00de 466F7572 		.ascii	"FourBytesToUint32\000"
 1162      42797465 
 1162      73546F55 
 1162      696E7433 
 1162      3200
 1163              	.LASF3:
 1164 00f0 73686F72 		.ascii	"short int\000"
 1164      7420696E 
 1164      7400
 1165              	.LASF11:
 1166 00fa 75696E74 		.ascii	"uint16\000"
 1166      313600
 1167              	.LASF12:
 1168 0101 75696E74 		.ascii	"uint32\000"
 1168      333200
 1169              	.LASF9:
 1170 0108 756E7369 		.ascii	"unsigned int\000"
 1170      676E6564 
 1170      20696E74 
 1170      00
 1171              	.LASF8:
 1172 0115 6C6F6E67 		.ascii	"long long unsigned int\000"
 1172      206C6F6E 
 1172      6720756E 
 1172      7369676E 
 1172      65642069 
 1173              	.LASF19:
 1174 012c 4D4F5649 		.ascii	"MOVING_AVERAGE_TYPE\000"
 1174      4E475F41 
 1174      56455241 
 1174      47455F54 
 1174      59504500 
ARM GAS  C:\Users\Tim\AppData\Local\Temp\cceXxfbK.s 			page 24


 1175              	.LASF17:
 1176 0140 73697A65 		.ascii	"sizetype\000"
 1176      74797065 
 1176      00
 1177              	.LASF7:
 1178 0149 6C6F6E67 		.ascii	"long long int\000"
 1178      206C6F6E 
 1178      6720696E 
 1178      7400
 1179              	.LASF30:
 1180 0157 466F7572 		.ascii	"FourBytesToInt32\000"
 1180      42797465 
 1180      73546F49 
 1180      6E743332 
 1180      00
 1181              	.LASF16:
 1182 0168 63686172 		.ascii	"char\000"
 1182      00
 1183              	.LASF28:
 1184 016d 54776F42 		.ascii	"TwoBytesInt16\000"
 1184      79746573 
 1184      496E7431 
 1184      3600
 1185              	.LASF26:
 1186 017b 4D6F7669 		.ascii	"MovingAverage\000"
 1186      6E674176 
 1186      65726167 
 1186      6500
 1187              	.LASF31:
 1188 0189 474E5520 		.ascii	"GNU C 4.9.3 20150303 (release) [ARM/embedded-4_9-br"
 1188      4320342E 
 1188      392E3320 
 1188      32303135 
 1188      30333033 
 1189 01bc 616E6368 		.ascii	"anch revision 221220] -mcpu=cortex-m0 -mthumb -g -O"
 1189      20726576 
 1189      6973696F 
 1189      6E203232 
 1189      31323230 
 1190 01ef 67202D66 		.ascii	"g -ffunction-sections -ffat-lto-objects\000"
 1190      66756E63 
 1190      74696F6E 
 1190      2D736563 
 1190      74696F6E 
 1191              	.LASF23:
 1192 0217 55696E74 		.ascii	"Uint32ToFourBytes\000"
 1192      3332546F 
 1192      466F7572 
 1192      42797465 
 1192      7300
 1193              	.LASF24:
 1194 0229 496E7433 		.ascii	"Int32ToFourBytes\000"
 1194      32546F46 
 1194      6F757242 
 1194      79746573 
 1194      00
 1195              	.LASF10:
ARM GAS  C:\Users\Tim\AppData\Local\Temp\cceXxfbK.s 			page 25


 1196 023a 75696E74 		.ascii	"uint8\000"
 1196      3800
 1197              	.LASF5:
 1198 0240 6C6F6E67 		.ascii	"long int\000"
 1198      20696E74 
 1198      00
 1199              	.LASF21:
 1200 0249 62797465 		.ascii	"bytes\000"
 1200      7300
 1201              	.LASF1:
 1202 024f 7369676E 		.ascii	"signed char\000"
 1202      65642063 
 1202      68617200 
 1203              	.LASF32:
 1204 025b 2E2E5C73 		.ascii	"..\\source\\utils.c\000"
 1204      6F757263 
 1204      655C7574 
 1204      696C732E 
 1204      6300
 1205              	.LASF18:
 1206 026d 6C617374 		.ascii	"last\000"
 1206      00
 1207              		.ident	"GCC: (GNU Tools for ARM Embedded Processors) 4.9.3 20150303 (release) [ARM/embedded-4_9-br
