--------------- Clean Started: 03/04/2016 14:57:49 Project: Board-KitProg, Configuration: ARM GCC 4.9-2015-q1-update Debug ---------------
Deleting file ".\CortexM0\ARM_GCC_493\Debug\encoder.o"
Deleting file ".\CortexM0\ARM_GCC_493\Debug\motor.o"
Deleting file ".\CortexM0\ARM_GCC_493\Debug\ultrasonic.o"
Deleting file ".\CortexM0\ARM_GCC_493\Debug\pid.o"
Deleting file ".\CortexM0\ARM_GCC_493\Debug\i2c.o"
Deleting file ".\CortexM0\ARM_GCC_493\Debug\control.o"
Deleting file ".\CortexM0\ARM_GCC_493\Debug\boardmain.o"
Deleting file ".\CortexM0\ARM_GCC_493\Debug\debug.o"
Deleting file ".\CortexM0\ARM_GCC_493\Debug\time.o"
Deleting file ".\CortexM0\ARM_GCC_493\Debug\infrared.o"
Deleting file ".\CortexM0\ARM_GCC_493\Debug\utils.o"
Deleting file ".\CortexM0\ARM_GCC_493\Debug\cyfitter_cfg.o"
Deleting file ".\CortexM0\ARM_GCC_493\Debug\cymetadata.o"
Deleting file ".\CortexM0\ARM_GCC_493\Debug\PWM_1MHz.o"
Deleting file ".\CortexM0\ARM_GCC_493\Debug\EZI2C.o"
Deleting file ".\CortexM0\ARM_GCC_493\Debug\EZI2C_PM.o"
Deleting file ".\CortexM0\ARM_GCC_493\Debug\EZI2C_BOOT.o"
Deleting file ".\CortexM0\ARM_GCC_493\Debug\EZI2C_EZI2C.o"
Deleting file ".\CortexM0\ARM_GCC_493\Debug\EZI2C_EZI2C_INT.o"
Deleting file ".\CortexM0\ARM_GCC_493\Debug\EZI2C_EZI2C_BOOT.o"
Deleting file ".\CortexM0\ARM_GCC_493\Debug\Encoder_Intr.o"
Deleting file ".\CortexM0\ARM_GCC_493\Debug\EZI2C_SCBCLK.o"
Deleting file ".\CortexM0\ARM_GCC_493\Debug\EZI2C_sda.o"
Deleting file ".\CortexM0\ARM_GCC_493\Debug\EZI2C_scl.o"
Deleting file ".\CortexM0\ARM_GCC_493\Debug\EZI2C_SCB_IRQ.o"
Deleting file ".\CortexM0\ARM_GCC_493\Debug\Cm0Start.o"
Deleting file ".\CortexM0\ARM_GCC_493\Debug\CyBootAsmGnu.o"
Deleting file ".\CortexM0\ARM_GCC_493\Debug\CyFlash.o"
Deleting file ".\CortexM0\ARM_GCC_493\Debug\CyLib.o"
Deleting file ".\CortexM0\ARM_GCC_493\Debug\cyPm.o"
Deleting file ".\CortexM0\ARM_GCC_493\Debug\cyutils.o"
Deleting file ".\CortexM0\ARM_GCC_493\Debug\CyDMA.o"
Deleting file ".\CortexM0\ARM_GCC_493\Debug\CyLFClk.o"
Deleting file ".\CortexM0\ARM_GCC_493\Debug\HB25_PWM.o"
Deleting file ".\CortexM0\ARM_GCC_493\Debug\HB25_PWM_PM.o"
Deleting file ".\CortexM0\ARM_GCC_493\Debug\HB25_PWM_Pin.o"
Deleting file ".\CortexM0\ARM_GCC_493\Debug\Encoder_Pins.o"
Deleting file ".\CortexM0\ARM_GCC_493\Debug\HB25_Enable.o"
Deleting file ".\CortexM0\ARM_GCC_493\Debug\Pin_InfraredDistance_7.o"
Deleting file ".\CortexM0\ARM_GCC_493\Debug\Pin_InfraredDistance_0.o"
Deleting file ".\CortexM0\ARM_GCC_493\Debug\Pin_InfraredDistance_1.o"
Deleting file ".\CortexM0\ARM_GCC_493\Debug\Pin_InfraredDistance_2.o"
Deleting file ".\CortexM0\ARM_GCC_493\Debug\Pin_InfraredDistance_3.o"
Deleting file ".\CortexM0\ARM_GCC_493\Debug\Pin_InfraredDistance_4.o"
Deleting file ".\CortexM0\ARM_GCC_493\Debug\Pin_InfraredDistance_5.o"
Deleting file ".\CortexM0\ARM_GCC_493\Debug\Pin_InfraredDistance_6.o"
Deleting file ".\CortexM0\ARM_GCC_493\Debug\UART_Debug.o"
Deleting file ".\CortexM0\ARM_GCC_493\Debug\UART_Debug_SPI_UART.o"
Deleting file ".\CortexM0\ARM_GCC_493\Debug\UART_Debug_SPI_UART_INT.o"
Deleting file ".\CortexM0\ARM_GCC_493\Debug\UART_Debug_PM.o"
Deleting file ".\CortexM0\ARM_GCC_493\Debug\UART_Debug_UART.o"
Deleting file ".\CortexM0\ARM_GCC_493\Debug\UART_Debug_BOOT.o"
Deleting file ".\CortexM0\ARM_GCC_493\Debug\UART_Debug_UART_BOOT.o"
Deleting file ".\CortexM0\ARM_GCC_493\Debug\UART_Debug_SCBCLK.o"
Deleting file ".\CortexM0\ARM_GCC_493\Debug\UART_Debug_tx.o"
Deleting file ".\CortexM0\ARM_GCC_493\Debug\UART_Debug_rx.o"
Deleting file ".\CortexM0\ARM_GCC_493\Debug\ADC_Infrared.o"
Deleting file ".\CortexM0\ARM_GCC_493\Debug\ADC_Infrared_PM.o"
Deleting file ".\CortexM0\ARM_GCC_493\Debug\ADC_Infrared_INT.o"
Deleting file ".\CortexM0\ARM_GCC_493\Debug\ADC_Infrared_IRQ.o"
Deleting file ".\CortexM0\ARM_GCC_493\Debug\ADC_Infrared_intClock.o"
Deleting file ".\CortexM0\ARM_GCC_493\Debug\HCSR04_Timer.o"
Deleting file ".\CortexM0\ARM_GCC_493\Debug\HCSR04_Timer_PM.o"
Deleting file ".\CortexM0\ARM_GCC_493\Debug\HCSR04_Clock.o"
Deleting file ".\CortexM0\ARM_GCC_493\Debug\HCSR04_Timeout_Intr.o"
Deleting file ".\CortexM0\ARM_GCC_493\Debug\HCSR04_Control.o"
Deleting file ".\CortexM0\ARM_GCC_493\Debug\HCSR04_Control_PM.o"
Deleting file ".\CortexM0\ARM_GCC_493\Debug\HCSR04_Echo_0.o"
Deleting file ".\CortexM0\ARM_GCC_493\Debug\HCSR04_Echo_7.o"
Deleting file ".\CortexM0\ARM_GCC_493\Debug\HCSR04_Echo_6.o"
Deleting file ".\CortexM0\ARM_GCC_493\Debug\HCSR04_Echo_5.o"
Deleting file ".\CortexM0\ARM_GCC_493\Debug\HCSR04_Echo_4.o"
Deleting file ".\CortexM0\ARM_GCC_493\Debug\HCSR04_Echo_3.o"
Deleting file ".\CortexM0\ARM_GCC_493\Debug\HCSR04_Echo_2.o"
Deleting file ".\CortexM0\ARM_GCC_493\Debug\HCSR04_Echo_1.o"
Deleting file ".\CortexM0\ARM_GCC_493\Debug\HCSR04_Trigger_0.o"
Deleting file ".\CortexM0\ARM_GCC_493\Debug\HCSR04_Trigger_0_PM.o"
Deleting file ".\CortexM0\ARM_GCC_493\Debug\HCSR04_Trigger_2.o"
Deleting file ".\CortexM0\ARM_GCC_493\Debug\HCSR04_Trigger_2_PM.o"
Deleting file ".\CortexM0\ARM_GCC_493\Debug\HCSR04_Trigger_3.o"
Deleting file ".\CortexM0\ARM_GCC_493\Debug\HCSR04_Trigger_3_PM.o"
Deleting file ".\CortexM0\ARM_GCC_493\Debug\HCSR04_Trigger_4.o"
Deleting file ".\CortexM0\ARM_GCC_493\Debug\HCSR04_Trigger_4_PM.o"
Deleting file ".\CortexM0\ARM_GCC_493\Debug\HCSR04_Trigger_5.o"
Deleting file ".\CortexM0\ARM_GCC_493\Debug\HCSR04_Trigger_5_PM.o"
Deleting file ".\CortexM0\ARM_GCC_493\Debug\HCSR04_Trigger_6.o"
Deleting file ".\CortexM0\ARM_GCC_493\Debug\HCSR04_Trigger_6_PM.o"
Deleting file ".\CortexM0\ARM_GCC_493\Debug\HCSR04_Trigger_7.o"
Deleting file ".\CortexM0\ARM_GCC_493\Debug\HCSR04_Trigger_7_PM.o"
Deleting file ".\CortexM0\ARM_GCC_493\Debug\HCSR04_Trigger_1.o"
Deleting file ".\CortexM0\ARM_GCC_493\Debug\HCSR04_Trigger_1_PM.o"
Deleting file ".\CortexM0\ARM_GCC_493\Debug\Board-KitProg.hex"
Deleting file ".\CortexM0\ARM_GCC_493\Debug\Board-KitProg.elf"
Deleting file ".\CortexM0\ARM_GCC_493\Debug\Board-KitProg.map"
Deleting file ".\Board-KitProg.cycdx"
Deleting file ".\Board-KitProg.svd"
Deleting file ".\Board-KitProg.rpt"
Deleting file ".\Board-KitProg_timing.html"
Deleting file ".\CortexM0\ARM_GCC_493\Debug\.deps\C_FILE.P"
Deleting file ".\CortexM0\ARM_GCC_493\Debug\.deps\ARM_C_FILE.P"
Deleting file ".\CortexM0\ARM_GCC_493\Debug\.deps\GNU_ARM_ASM_FILE.P"
--------------- Clean Succeeded: 03/04/2016 14:57:50 ---------------
