ARM GAS  C:\Users\Tim\AppData\Local\Temp\ccO2JIEa.s 			page 1


   1              		.cpu cortex-m0
   2              		.fpu softvfp
   3              		.eabi_attribute 20, 1
   4              		.eabi_attribute 21, 1
   5              		.eabi_attribute 23, 3
   6              		.eabi_attribute 24, 1
   7              		.eabi_attribute 25, 1
   8              		.eabi_attribute 26, 1
   9              		.eabi_attribute 30, 1
  10              		.eabi_attribute 34, 0
  11              		.eabi_attribute 18, 4
  12              		.code	16
  13              		.file	"debug.c"
  14              		.text
  15              	.Ltext0:
  16              		.cfi_sections	.debug_frame
  17              		.section	.text.Debug_Init,"ax",%progbits
  18              		.align	2
  19              		.global	Debug_Init
  20              		.code	16
  21              		.thumb_func
  22              		.type	Debug_Init, %function
  23              	Debug_Init:
  24              	.LFB34:
  25              		.file 1 "..\\source\\debug.c"
   1:..\source/debug.c **** #include "debug.h"
   2:..\source/debug.c **** 
   3:..\source/debug.c **** void Debug_Init()
   4:..\source/debug.c **** {
  26              		.loc 1 4 0
  27              		.cfi_startproc
  28 0000 08B5     		push	{r3, lr}
  29              		.cfi_def_cfa_offset 8
  30              		.cfi_offset 3, -8
  31              		.cfi_offset 14, -4
   5:..\source/debug.c ****     memset(formatted_string, 0, sizeof(formatted_string));
  32              		.loc 1 5 0
  33 0002 0348     		ldr	r0, .L2
  34 0004 0021     		mov	r1, #0
  35 0006 8022     		mov	r2, #128
  36 0008 5200     		lsl	r2, r2, #1
  37 000a FFF7FEFF 		bl	memset
  38              	.LVL0:
   6:..\source/debug.c **** }
  39              		.loc 1 6 0
  40              		@ sp needed
  41 000e 08BD     		pop	{r3, pc}
  42              	.L3:
  43              		.align	2
  44              	.L2:
  45 0010 00000000 		.word	formatted_string
  46              		.cfi_endproc
  47              	.LFE34:
  48              		.size	Debug_Init, .-Debug_Init
  49              		.section	.text.Debug_Start,"ax",%progbits
  50              		.align	2
  51              		.global	Debug_Start
ARM GAS  C:\Users\Tim\AppData\Local\Temp\ccO2JIEa.s 			page 2


  52              		.code	16
  53              		.thumb_func
  54              		.type	Debug_Start, %function
  55              	Debug_Start:
  56              	.LFB35:
   7:..\source/debug.c **** 
   8:..\source/debug.c **** void Debug_Start()
   9:..\source/debug.c **** {
  57              		.loc 1 9 0
  58              		.cfi_startproc
  59 0000 08B5     		push	{r3, lr}
  60              		.cfi_def_cfa_offset 8
  61              		.cfi_offset 3, -8
  62              		.cfi_offset 14, -4
  10:..\source/debug.c **** #ifdef COMMS_DEBUG_ENABLED
  11:..\source/debug.c ****     UARTCOMMS_Start();
  63              		.loc 1 11 0
  64 0002 FFF7FEFF 		bl	UARTCOMMS_Start
  65              	.LVL1:
  12:..\source/debug.c **** #endif
  13:..\source/debug.c **** }...
  66              		.loc 1 13 0
  67              		@ sp needed
  68 0006 08BD     		pop	{r3, pc}
  69              		.cfi_endproc
  70              	.LFE35:
  71              		.size	Debug_Start, .-Debug_Start
  72              		.comm	formatted_string,256,4
  73              		.text
  74              	.Letext0:
  75              		.file 2 "..\\source\\debug.h"
  76              		.section	.debug_info,"",%progbits
  77              	.Ldebug_info0:
  78 0000 36010000 		.4byte	0x136
  79 0004 0400     		.2byte	0x4
  80 0006 00000000 		.4byte	.Ldebug_abbrev0
  81 000a 04       		.byte	0x4
  82 000b 01       		.uleb128 0x1
  83 000c 60000000 		.4byte	.LASF17
  84 0010 01       		.byte	0x1
  85 0011 A6010000 		.4byte	.LASF18
  86 0015 0D010000 		.4byte	.LASF19
  87 0019 00000000 		.4byte	.Ldebug_ranges0+0
  88 001d 00000000 		.4byte	0
  89 0021 00000000 		.4byte	.Ldebug_line0
  90 0025 02       		.uleb128 0x2
  91 0026 01       		.byte	0x1
  92 0027 06       		.byte	0x6
  93 0028 6A010000 		.4byte	.LASF0
  94 002c 02       		.uleb128 0x2
  95 002d 01       		.byte	0x1
  96 002e 08       		.byte	0x8
  97 002f EE000000 		.4byte	.LASF1
  98 0033 02       		.uleb128 0x2
  99 0034 02       		.byte	0x2
 100 0035 05       		.byte	0x5
 101 0036 8C010000 		.4byte	.LASF2
ARM GAS  C:\Users\Tim\AppData\Local\Temp\ccO2JIEa.s 			page 3


 102 003a 02       		.uleb128 0x2
 103 003b 02       		.byte	0x2
 104 003c 07       		.byte	0x7
 105 003d 57010000 		.4byte	.LASF3
 106 0041 02       		.uleb128 0x2
 107 0042 04       		.byte	0x4
 108 0043 05       		.byte	0x5
 109 0044 47010000 		.4byte	.LASF4
 110 0048 02       		.uleb128 0x2
 111 0049 04       		.byte	0x4
 112 004a 07       		.byte	0x7
 113 004b 26000000 		.4byte	.LASF5
 114 004f 02       		.uleb128 0x2
 115 0050 08       		.byte	0x8
 116 0051 05       		.byte	0x5
 117 0052 00000000 		.4byte	.LASF6
 118 0056 02       		.uleb128 0x2
 119 0057 08       		.byte	0x8
 120 0058 07       		.byte	0x7
 121 0059 38000000 		.4byte	.LASF7
 122 005d 03       		.uleb128 0x3
 123 005e 04       		.byte	0x4
 124 005f 05       		.byte	0x5
 125 0060 696E7400 		.ascii	"int\000"
 126 0064 02       		.uleb128 0x2
 127 0065 04       		.byte	0x4
 128 0066 07       		.byte	0x7
 129 0067 0E000000 		.4byte	.LASF8
 130 006b 02       		.uleb128 0x2
 131 006c 04       		.byte	0x4
 132 006d 04       		.byte	0x4
 133 006e 86010000 		.4byte	.LASF9
 134 0072 02       		.uleb128 0x2
 135 0073 08       		.byte	0x8
 136 0074 04       		.byte	0x4
 137 0075 50010000 		.4byte	.LASF10
 138 0079 02       		.uleb128 0x2
 139 007a 01       		.byte	0x1
 140 007b 08       		.byte	0x8
 141 007c 08010000 		.4byte	.LASF11
 142 0080 02       		.uleb128 0x2
 143 0081 04       		.byte	0x4
 144 0082 07       		.byte	0x7
 145 0083 9D010000 		.4byte	.LASF12
 146 0087 04       		.uleb128 0x4
 147 0088 04       		.byte	0x4
 148 0089 05       		.uleb128 0x5
 149 008a 1B000000 		.4byte	.LASF13
 150 008e 01       		.byte	0x1
 151 008f 03       		.byte	0x3
 152 0090 00000000 		.4byte	.LFB34
 153 0094 14000000 		.4byte	.LFE34-.LFB34
 154 0098 01       		.uleb128 0x1
 155 0099 9C       		.byte	0x9c
 156 009a BE000000 		.4byte	0xbe
 157 009e 06       		.uleb128 0x6
 158 009f 0E000000 		.4byte	.LVL0
ARM GAS  C:\Users\Tim\AppData\Local\Temp\ccO2JIEa.s 			page 4


 159 00a3 0F010000 		.4byte	0x10f
 160 00a7 07       		.uleb128 0x7
 161 00a8 01       		.uleb128 0x1
 162 00a9 52       		.byte	0x52
 163 00aa 03       		.uleb128 0x3
 164 00ab 0A       		.byte	0xa
 165 00ac 0001     		.2byte	0x100
 166 00ae 07       		.uleb128 0x7
 167 00af 01       		.uleb128 0x1
 168 00b0 51       		.byte	0x51
 169 00b1 01       		.uleb128 0x1
 170 00b2 30       		.byte	0x30
 171 00b3 07       		.uleb128 0x7
 172 00b4 01       		.uleb128 0x1
 173 00b5 50       		.byte	0x50
 174 00b6 05       		.uleb128 0x5
 175 00b7 03       		.byte	0x3
 176 00b8 00000000 		.4byte	formatted_string
 177 00bc 00       		.byte	0
 178 00bd 00       		.byte	0
 179 00be 05       		.uleb128 0x5
 180 00bf FC000000 		.4byte	.LASF14
 181 00c3 01       		.byte	0x1
 182 00c4 08       		.byte	0x8
 183 00c5 00000000 		.4byte	.LFB35
 184 00c9 08000000 		.4byte	.LFE35-.LFB35
 185 00cd 01       		.uleb128 0x1
 186 00ce 9C       		.byte	0x9c
 187 00cf EE000000 		.4byte	0xee
 188 00d3 08       		.uleb128 0x8
 189 00d4 76010000 		.4byte	.LASF15
 190 00d8 01       		.byte	0x1
 191 00d9 0B       		.byte	0xb
 192 00da 5D000000 		.4byte	0x5d
 193 00de E4000000 		.4byte	0xe4
 194 00e2 09       		.uleb128 0x9
 195 00e3 00       		.byte	0
 196 00e4 0A       		.uleb128 0xa
 197 00e5 06000000 		.4byte	.LVL1
 198 00e9 2C010000 		.4byte	0x12c
 199 00ed 00       		.byte	0
 200 00ee 0B       		.uleb128 0xb
 201 00ef 79000000 		.4byte	0x79
 202 00f3 FE000000 		.4byte	0xfe
 203 00f7 0C       		.uleb128 0xc
 204 00f8 80000000 		.4byte	0x80
 205 00fc FF       		.byte	0xff
 206 00fd 00       		.byte	0
 207 00fe 0D       		.uleb128 0xd
 208 00ff 4F000000 		.4byte	.LASF20
 209 0103 02       		.byte	0x2
 210 0104 08       		.byte	0x8
 211 0105 EE000000 		.4byte	0xee
 212 0109 05       		.uleb128 0x5
 213 010a 03       		.byte	0x3
 214 010b 00000000 		.4byte	formatted_string
 215 010f 0E       		.uleb128 0xe
ARM GAS  C:\Users\Tim\AppData\Local\Temp\ccO2JIEa.s 			page 5


 216 0110 96010000 		.4byte	.LASF16
 217 0114 87000000 		.4byte	0x87
 218 0118 2C010000 		.4byte	0x12c
 219 011c 0F       		.uleb128 0xf
 220 011d 87000000 		.4byte	0x87
 221 0121 0F       		.uleb128 0xf
 222 0122 5D000000 		.4byte	0x5d
 223 0126 0F       		.uleb128 0xf
 224 0127 80000000 		.4byte	0x80
 225 012b 00       		.byte	0
 226 012c 10       		.uleb128 0x10
 227 012d 76010000 		.4byte	.LASF15
 228 0131 01       		.byte	0x1
 229 0132 0B       		.byte	0xb
 230 0133 5D000000 		.4byte	0x5d
 231 0137 09       		.uleb128 0x9
 232 0138 00       		.byte	0
 233 0139 00       		.byte	0
 234              		.section	.debug_abbrev,"",%progbits
 235              	.Ldebug_abbrev0:
 236 0000 01       		.uleb128 0x1
 237 0001 11       		.uleb128 0x11
 238 0002 01       		.byte	0x1
 239 0003 25       		.uleb128 0x25
 240 0004 0E       		.uleb128 0xe
 241 0005 13       		.uleb128 0x13
 242 0006 0B       		.uleb128 0xb
 243 0007 03       		.uleb128 0x3
 244 0008 0E       		.uleb128 0xe
 245 0009 1B       		.uleb128 0x1b
 246 000a 0E       		.uleb128 0xe
 247 000b 55       		.uleb128 0x55
 248 000c 17       		.uleb128 0x17
 249 000d 11       		.uleb128 0x11
 250 000e 01       		.uleb128 0x1
 251 000f 10       		.uleb128 0x10
 252 0010 17       		.uleb128 0x17
 253 0011 00       		.byte	0
 254 0012 00       		.byte	0
 255 0013 02       		.uleb128 0x2
 256 0014 24       		.uleb128 0x24
 257 0015 00       		.byte	0
 258 0016 0B       		.uleb128 0xb
 259 0017 0B       		.uleb128 0xb
 260 0018 3E       		.uleb128 0x3e
 261 0019 0B       		.uleb128 0xb
 262 001a 03       		.uleb128 0x3
 263 001b 0E       		.uleb128 0xe
 264 001c 00       		.byte	0
 265 001d 00       		.byte	0
 266 001e 03       		.uleb128 0x3
 267 001f 24       		.uleb128 0x24
 268 0020 00       		.byte	0
 269 0021 0B       		.uleb128 0xb
 270 0022 0B       		.uleb128 0xb
 271 0023 3E       		.uleb128 0x3e
 272 0024 0B       		.uleb128 0xb
ARM GAS  C:\Users\Tim\AppData\Local\Temp\ccO2JIEa.s 			page 6


 273 0025 03       		.uleb128 0x3
 274 0026 08       		.uleb128 0x8
 275 0027 00       		.byte	0
 276 0028 00       		.byte	0
 277 0029 04       		.uleb128 0x4
 278 002a 0F       		.uleb128 0xf
 279 002b 00       		.byte	0
 280 002c 0B       		.uleb128 0xb
 281 002d 0B       		.uleb128 0xb
 282 002e 00       		.byte	0
 283 002f 00       		.byte	0
 284 0030 05       		.uleb128 0x5
 285 0031 2E       		.uleb128 0x2e
 286 0032 01       		.byte	0x1
 287 0033 3F       		.uleb128 0x3f
 288 0034 19       		.uleb128 0x19
 289 0035 03       		.uleb128 0x3
 290 0036 0E       		.uleb128 0xe
 291 0037 3A       		.uleb128 0x3a
 292 0038 0B       		.uleb128 0xb
 293 0039 3B       		.uleb128 0x3b
 294 003a 0B       		.uleb128 0xb
 295 003b 11       		.uleb128 0x11
 296 003c 01       		.uleb128 0x1
 297 003d 12       		.uleb128 0x12
 298 003e 06       		.uleb128 0x6
 299 003f 40       		.uleb128 0x40
 300 0040 18       		.uleb128 0x18
 301 0041 9742     		.uleb128 0x2117
 302 0043 19       		.uleb128 0x19
 303 0044 01       		.uleb128 0x1
 304 0045 13       		.uleb128 0x13
 305 0046 00       		.byte	0
 306 0047 00       		.byte	0
 307 0048 06       		.uleb128 0x6
 308 0049 898201   		.uleb128 0x4109
 309 004c 01       		.byte	0x1
 310 004d 11       		.uleb128 0x11
 311 004e 01       		.uleb128 0x1
 312 004f 31       		.uleb128 0x31
 313 0050 13       		.uleb128 0x13
 314 0051 00       		.byte	0
 315 0052 00       		.byte	0
 316 0053 07       		.uleb128 0x7
 317 0054 8A8201   		.uleb128 0x410a
 318 0057 00       		.byte	0
 319 0058 02       		.uleb128 0x2
 320 0059 18       		.uleb128 0x18
 321 005a 9142     		.uleb128 0x2111
 322 005c 18       		.uleb128 0x18
 323 005d 00       		.byte	0
 324 005e 00       		.byte	0
 325 005f 08       		.uleb128 0x8
 326 0060 2E       		.uleb128 0x2e
 327 0061 01       		.byte	0x1
 328 0062 3F       		.uleb128 0x3f
 329 0063 19       		.uleb128 0x19
ARM GAS  C:\Users\Tim\AppData\Local\Temp\ccO2JIEa.s 			page 7


 330 0064 03       		.uleb128 0x3
 331 0065 0E       		.uleb128 0xe
 332 0066 3A       		.uleb128 0x3a
 333 0067 0B       		.uleb128 0xb
 334 0068 3B       		.uleb128 0x3b
 335 0069 0B       		.uleb128 0xb
 336 006a 49       		.uleb128 0x49
 337 006b 13       		.uleb128 0x13
 338 006c 3C       		.uleb128 0x3c
 339 006d 19       		.uleb128 0x19
 340 006e 01       		.uleb128 0x1
 341 006f 13       		.uleb128 0x13
 342 0070 00       		.byte	0
 343 0071 00       		.byte	0
 344 0072 09       		.uleb128 0x9
 345 0073 18       		.uleb128 0x18
 346 0074 00       		.byte	0
 347 0075 00       		.byte	0
 348 0076 00       		.byte	0
 349 0077 0A       		.uleb128 0xa
 350 0078 898201   		.uleb128 0x4109
 351 007b 00       		.byte	0
 352 007c 11       		.uleb128 0x11
 353 007d 01       		.uleb128 0x1
 354 007e 31       		.uleb128 0x31
 355 007f 13       		.uleb128 0x13
 356 0080 00       		.byte	0
 357 0081 00       		.byte	0
 358 0082 0B       		.uleb128 0xb
 359 0083 01       		.uleb128 0x1
 360 0084 01       		.byte	0x1
 361 0085 49       		.uleb128 0x49
 362 0086 13       		.uleb128 0x13
 363 0087 01       		.uleb128 0x1
 364 0088 13       		.uleb128 0x13
 365 0089 00       		.byte	0
 366 008a 00       		.byte	0
 367 008b 0C       		.uleb128 0xc
 368 008c 21       		.uleb128 0x21
 369 008d 00       		.byte	0
 370 008e 49       		.uleb128 0x49
 371 008f 13       		.uleb128 0x13
 372 0090 2F       		.uleb128 0x2f
 373 0091 0B       		.uleb128 0xb
 374 0092 00       		.byte	0
 375 0093 00       		.byte	0
 376 0094 0D       		.uleb128 0xd
 377 0095 34       		.uleb128 0x34
 378 0096 00       		.byte	0
 379 0097 03       		.uleb128 0x3
 380 0098 0E       		.uleb128 0xe
 381 0099 3A       		.uleb128 0x3a
 382 009a 0B       		.uleb128 0xb
 383 009b 3B       		.uleb128 0x3b
 384 009c 0B       		.uleb128 0xb
 385 009d 49       		.uleb128 0x49
 386 009e 13       		.uleb128 0x13
ARM GAS  C:\Users\Tim\AppData\Local\Temp\ccO2JIEa.s 			page 8


 387 009f 3F       		.uleb128 0x3f
 388 00a0 19       		.uleb128 0x19
 389 00a1 02       		.uleb128 0x2
 390 00a2 18       		.uleb128 0x18
 391 00a3 00       		.byte	0
 392 00a4 00       		.byte	0
 393 00a5 0E       		.uleb128 0xe
 394 00a6 2E       		.uleb128 0x2e
 395 00a7 01       		.byte	0x1
 396 00a8 3F       		.uleb128 0x3f
 397 00a9 19       		.uleb128 0x19
 398 00aa 03       		.uleb128 0x3
 399 00ab 0E       		.uleb128 0xe
 400 00ac 27       		.uleb128 0x27
 401 00ad 19       		.uleb128 0x19
 402 00ae 49       		.uleb128 0x49
 403 00af 13       		.uleb128 0x13
 404 00b0 34       		.uleb128 0x34
 405 00b1 19       		.uleb128 0x19
 406 00b2 3C       		.uleb128 0x3c
 407 00b3 19       		.uleb128 0x19
 408 00b4 01       		.uleb128 0x1
 409 00b5 13       		.uleb128 0x13
 410 00b6 00       		.byte	0
 411 00b7 00       		.byte	0
 412 00b8 0F       		.uleb128 0xf
 413 00b9 05       		.uleb128 0x5
 414 00ba 00       		.byte	0
 415 00bb 49       		.uleb128 0x49
 416 00bc 13       		.uleb128 0x13
 417 00bd 00       		.byte	0
 418 00be 00       		.byte	0
 419 00bf 10       		.uleb128 0x10
 420 00c0 2E       		.uleb128 0x2e
 421 00c1 01       		.byte	0x1
 422 00c2 3F       		.uleb128 0x3f
 423 00c3 19       		.uleb128 0x19
 424 00c4 03       		.uleb128 0x3
 425 00c5 0E       		.uleb128 0xe
 426 00c6 3A       		.uleb128 0x3a
 427 00c7 0B       		.uleb128 0xb
 428 00c8 3B       		.uleb128 0x3b
 429 00c9 0B       		.uleb128 0xb
 430 00ca 49       		.uleb128 0x49
 431 00cb 13       		.uleb128 0x13
 432 00cc 3C       		.uleb128 0x3c
 433 00cd 19       		.uleb128 0x19
 434 00ce 00       		.byte	0
 435 00cf 00       		.byte	0
 436 00d0 00       		.byte	0
 437              		.section	.debug_aranges,"",%progbits
 438 0000 24000000 		.4byte	0x24
 439 0004 0200     		.2byte	0x2
 440 0006 00000000 		.4byte	.Ldebug_info0
 441 000a 04       		.byte	0x4
 442 000b 00       		.byte	0
 443 000c 0000     		.2byte	0
ARM GAS  C:\Users\Tim\AppData\Local\Temp\ccO2JIEa.s 			page 9


 444 000e 0000     		.2byte	0
 445 0010 00000000 		.4byte	.LFB34
 446 0014 14000000 		.4byte	.LFE34-.LFB34
 447 0018 00000000 		.4byte	.LFB35
 448 001c 08000000 		.4byte	.LFE35-.LFB35
 449 0020 00000000 		.4byte	0
 450 0024 00000000 		.4byte	0
 451              		.section	.debug_ranges,"",%progbits
 452              	.Ldebug_ranges0:
 453 0000 00000000 		.4byte	.LFB34
 454 0004 14000000 		.4byte	.LFE34
 455 0008 00000000 		.4byte	.LFB35
 456 000c 08000000 		.4byte	.LFE35
 457 0010 00000000 		.4byte	0
 458 0014 00000000 		.4byte	0
 459              		.section	.debug_line,"",%progbits
 460              	.Ldebug_line0:
 461 0000 57000000 		.section	.debug_str,"MS",%progbits,1
 461      02003300 
 461      00000201 
 461      FB0E0D00 
 461      01010101 
 462              	.LASF6:
 463 0000 6C6F6E67 		.ascii	"long long int\000"
 463      206C6F6E 
 463      6720696E 
 463      7400
 464              	.LASF8:
 465 000e 756E7369 		.ascii	"unsigned int\000"
 465      676E6564 
 465      20696E74 
 465      00
 466              	.LASF13:
 467 001b 44656275 		.ascii	"Debug_Init\000"
 467      675F496E 
 467      697400
 468              	.LASF5:
 469 0026 6C6F6E67 		.ascii	"long unsigned int\000"
 469      20756E73 
 469      69676E65 
 469      6420696E 
 469      7400
 470              	.LASF7:
 471 0038 6C6F6E67 		.ascii	"long long unsigned int\000"
 471      206C6F6E 
 471      6720756E 
 471      7369676E 
 471      65642069 
 472              	.LASF20:
 473 004f 666F726D 		.ascii	"formatted_string\000"
 473      61747465 
 473      645F7374 
 473      72696E67 
 473      00
 474              	.LASF17:
 475 0060 474E5520 		.ascii	"GNU C 4.9.3 20150303 (release) [ARM/embedded-4_9-br"
 475      4320342E 
ARM GAS  C:\Users\Tim\AppData\Local\Temp\ccO2JIEa.s 			page 10


 475      392E3320 
 475      32303135 
 475      30333033 
 476 0093 616E6368 		.ascii	"anch revision 221220] -mcpu=cortex-m0 -mthumb -g -O"
 476      20726576 
 476      6973696F 
 476      6E203232 
 476      31323230 
 477 00c6 67202D66 		.ascii	"g -ffunction-sections -ffat-lto-objects\000"
 477      66756E63 
 477      74696F6E 
 477      2D736563 
 477      74696F6E 
 478              	.LASF1:
 479 00ee 756E7369 		.ascii	"unsigned char\000"
 479      676E6564 
 479      20636861 
 479      7200
 480              	.LASF14:
 481 00fc 44656275 		.ascii	"Debug_Start\000"
 481      675F5374 
 481      61727400 
 482              	.LASF11:
 483 0108 63686172 		.ascii	"char\000"
 483      00
 484              	.LASF19:
 485 010d 443A5C70 		.ascii	"D:\\projects\\ArloBot\\ArlobotHw\\Arlobot\\Board-Ki"
 485      726F6A65 
 485      6374735C 
 485      41726C6F 
 485      426F745C 
 486 013b 7450726F 		.ascii	"tProg.cydsn\000"
 486      672E6379 
 486      64736E00 
 487              	.LASF4:
 488 0147 6C6F6E67 		.ascii	"long int\000"
 488      20696E74 
 488      00
 489              	.LASF10:
 490 0150 646F7562 		.ascii	"double\000"
 490      6C6500
 491              	.LASF3:
 492 0157 73686F72 		.ascii	"short unsigned int\000"
 492      7420756E 
 492      7369676E 
 492      65642069 
 492      6E7400
 493              	.LASF0:
 494 016a 7369676E 		.ascii	"signed char\000"
 494      65642063 
 494      68617200 
 495              	.LASF15:
 496 0176 55415254 		.ascii	"UARTCOMMS_Start\000"
 496      434F4D4D 
 496      535F5374 
 496      61727400 
 497              	.LASF9:
ARM GAS  C:\Users\Tim\AppData\Local\Temp\ccO2JIEa.s 			page 11


 498 0186 666C6F61 		.ascii	"float\000"
 498      7400
 499              	.LASF2:
 500 018c 73686F72 		.ascii	"short int\000"
 500      7420696E 
 500      7400
 501              	.LASF16:
 502 0196 6D656D73 		.ascii	"memset\000"
 502      657400
 503              	.LASF12:
 504 019d 73697A65 		.ascii	"sizetype\000"
 504      74797065 
 504      00
 505              	.LASF18:
 506 01a6 2E2E5C73 		.ascii	"..\\source\\debug.c\000"
 506      6F757263 
 506      655C6465 
 506      6275672E 
 506      6300
 507              		.ident	"GCC: (GNU Tools for ARM Embedded Processors) 4.9.3 20150303 (release) [ARM/embedded-4_9-br
