ARM GAS  C:\Users\Tim\AppData\Local\Temp\ccoVPD2u.s 			page 1


   1              		.cpu cortex-m0
   2              		.fpu softvfp
   3              		.eabi_attribute 20, 1
   4              		.eabi_attribute 21, 1
   5              		.eabi_attribute 23, 3
   6              		.eabi_attribute 24, 1
   7              		.eabi_attribute 25, 1
   8              		.eabi_attribute 26, 1
   9              		.eabi_attribute 30, 1
  10              		.eabi_attribute 34, 0
  11              		.eabi_attribute 18, 4
  12              		.code	16
  13              		.file	"Encoder_Pins.c"
  14              		.text
  15              	.Ltext0:
  16              		.cfi_sections	.debug_frame
  17              		.section	.text.Encoder_Pins_Write,"ax",%progbits
  18              		.align	2
  19              		.global	Encoder_Pins_Write
  20              		.code	16
  21              		.thumb_func
  22              		.type	Encoder_Pins_Write, %function
  23              	Encoder_Pins_Write:
  24              	.LFB0:
  25              		.file 1 ".\\Generated_Source\\PSoC4\\Encoder_Pins.c"
   1:.\Generated_Source\PSoC4/Encoder_Pins.c **** /*******************************************************************************
   2:.\Generated_Source\PSoC4/Encoder_Pins.c **** * File Name: Encoder_Pins.c  
   3:.\Generated_Source\PSoC4/Encoder_Pins.c **** * Version 2.10
   4:.\Generated_Source\PSoC4/Encoder_Pins.c **** *
   5:.\Generated_Source\PSoC4/Encoder_Pins.c **** * Description:
   6:.\Generated_Source\PSoC4/Encoder_Pins.c **** *  This file contains API to enable firmware control of a Pins component.
   7:.\Generated_Source\PSoC4/Encoder_Pins.c **** *
   8:.\Generated_Source\PSoC4/Encoder_Pins.c **** * Note:
   9:.\Generated_Source\PSoC4/Encoder_Pins.c **** *
  10:.\Generated_Source\PSoC4/Encoder_Pins.c **** ********************************************************************************
  11:.\Generated_Source\PSoC4/Encoder_Pins.c **** * Copyright 2008-2014, Cypress Semiconductor Corporation.  All rights reserved.
  12:.\Generated_Source\PSoC4/Encoder_Pins.c **** * You may use this file only in accordance with the license, terms, conditions, 
  13:.\Generated_Source\PSoC4/Encoder_Pins.c **** * disclaimers, and limitations in the end user license agreement accompanying 
  14:.\Generated_Source\PSoC4/Encoder_Pins.c **** * the software package with which this file was provided.
  15:.\Generated_Source\PSoC4/Encoder_Pins.c **** *******************************************************************************/
  16:.\Generated_Source\PSoC4/Encoder_Pins.c **** 
  17:.\Generated_Source\PSoC4/Encoder_Pins.c **** #include "cytypes.h"
  18:.\Generated_Source\PSoC4/Encoder_Pins.c **** #include "Encoder_Pins.h"
  19:.\Generated_Source\PSoC4/Encoder_Pins.c **** 
  20:.\Generated_Source\PSoC4/Encoder_Pins.c **** #define SetP4PinDriveMode(shift, mode)  \
  21:.\Generated_Source\PSoC4/Encoder_Pins.c ****     do { \
  22:.\Generated_Source\PSoC4/Encoder_Pins.c ****         Encoder_Pins_PC =   (Encoder_Pins_PC & \
  23:.\Generated_Source\PSoC4/Encoder_Pins.c ****                                 (uint32)(~(uint32)(Encoder_Pins_DRIVE_MODE_IND_MASK << (Encoder_Pin
  24:.\Generated_Source\PSoC4/Encoder_Pins.c ****                                 (uint32)((uint32)(mode) << (Encoder_Pins_DRIVE_MODE_BITS * (shift))
  25:.\Generated_Source\PSoC4/Encoder_Pins.c ****     } while (0)
  26:.\Generated_Source\PSoC4/Encoder_Pins.c **** 
  27:.\Generated_Source\PSoC4/Encoder_Pins.c **** 
  28:.\Generated_Source\PSoC4/Encoder_Pins.c **** /*******************************************************************************
  29:.\Generated_Source\PSoC4/Encoder_Pins.c **** * Function Name: Encoder_Pins_Write
  30:.\Generated_Source\PSoC4/Encoder_Pins.c **** ********************************************************************************
  31:.\Generated_Source\PSoC4/Encoder_Pins.c **** *
  32:.\Generated_Source\PSoC4/Encoder_Pins.c **** * Summary:
ARM GAS  C:\Users\Tim\AppData\Local\Temp\ccoVPD2u.s 			page 2


  33:.\Generated_Source\PSoC4/Encoder_Pins.c **** *  Assign a new value to the digital port's data output register.  
  34:.\Generated_Source\PSoC4/Encoder_Pins.c **** *
  35:.\Generated_Source\PSoC4/Encoder_Pins.c **** * Parameters:  
  36:.\Generated_Source\PSoC4/Encoder_Pins.c **** *  prtValue:  The value to be assigned to the Digital Port. 
  37:.\Generated_Source\PSoC4/Encoder_Pins.c **** *
  38:.\Generated_Source\PSoC4/Encoder_Pins.c **** * Return: 
  39:.\Generated_Source\PSoC4/Encoder_Pins.c **** *  None 
  40:.\Generated_Source\PSoC4/Encoder_Pins.c **** *  
  41:.\Generated_Source\PSoC4/Encoder_Pins.c **** *******************************************************************************/
  42:.\Generated_Source\PSoC4/Encoder_Pins.c **** void Encoder_Pins_Write(uint8 value) 
  43:.\Generated_Source\PSoC4/Encoder_Pins.c **** {
  26              		.loc 1 43 0
  27              		.cfi_startproc
  28              	.LVL0:
  44:.\Generated_Source\PSoC4/Encoder_Pins.c ****     uint8 drVal = (uint8)(Encoder_Pins_DR & (uint8)(~Encoder_Pins_MASK));
  29              		.loc 1 44 0
  30 0000 044A     		ldr	r2, .L2
  31 0002 1168     		ldr	r1, [r2]
  32 0004 3F23     		mov	r3, #63
  33 0006 0B40     		and	r3, r1
  34              	.LVL1:
  45:.\Generated_Source\PSoC4/Encoder_Pins.c ****     drVal = (drVal | ((uint8)(value << Encoder_Pins_SHIFT) & Encoder_Pins_MASK));
  35              		.loc 1 45 0
  36 0008 8001     		lsl	r0, r0, #6
  37              	.LVL2:
  38 000a C0B2     		uxtb	r0, r0
  39 000c 1843     		orr	r0, r3
  40              	.LVL3:
  46:.\Generated_Source\PSoC4/Encoder_Pins.c ****     Encoder_Pins_DR = (uint32)drVal;
  41              		.loc 1 46 0
  42 000e 1060     		str	r0, [r2]
  47:.\Generated_Source\PSoC4/Encoder_Pins.c **** }
  43              		.loc 1 47 0
  44              		@ sp needed
  45 0010 7047     		bx	lr
  46              	.L3:
  47 0012 C046     		.align	2
  48              	.L2:
  49 0014 00030440 		.word	1074004736
  50              		.cfi_endproc
  51              	.LFE0:
  52              		.size	Encoder_Pins_Write, .-Encoder_Pins_Write
  53              		.section	.text.Encoder_Pins_SetDriveMode,"ax",%progbits
  54              		.align	2
  55              		.global	Encoder_Pins_SetDriveMode
  56              		.code	16
  57              		.thumb_func
  58              		.type	Encoder_Pins_SetDriveMode, %function
  59              	Encoder_Pins_SetDriveMode:
  60              	.LFB1:
  48:.\Generated_Source\PSoC4/Encoder_Pins.c **** 
  49:.\Generated_Source\PSoC4/Encoder_Pins.c **** 
  50:.\Generated_Source\PSoC4/Encoder_Pins.c **** /*******************************************************************************
  51:.\Generated_Source\PSoC4/Encoder_Pins.c **** * Function Name: Encoder_Pins_SetDriveMode
  52:.\Generated_Source\PSoC4/Encoder_Pins.c **** ********************************************************************************
  53:.\Generated_Source\PSoC4/Encoder_Pins.c **** *
  54:.\Generated_Source\PSoC4/Encoder_Pins.c **** * Summary:
ARM GAS  C:\Users\Tim\AppData\Local\Temp\ccoVPD2u.s 			page 3


  55:.\Generated_Source\PSoC4/Encoder_Pins.c **** *  Change the drive mode on the pins of the port.
  56:.\Generated_Source\PSoC4/Encoder_Pins.c **** * 
  57:.\Generated_Source\PSoC4/Encoder_Pins.c **** * Parameters:  
  58:.\Generated_Source\PSoC4/Encoder_Pins.c **** *  mode:  Change the pins to one of the following drive modes.
  59:.\Generated_Source\PSoC4/Encoder_Pins.c **** *
  60:.\Generated_Source\PSoC4/Encoder_Pins.c **** *  Encoder_Pins_DM_STRONG     Strong Drive 
  61:.\Generated_Source\PSoC4/Encoder_Pins.c **** *  Encoder_Pins_DM_OD_HI      Open Drain, Drives High 
  62:.\Generated_Source\PSoC4/Encoder_Pins.c **** *  Encoder_Pins_DM_OD_LO      Open Drain, Drives Low 
  63:.\Generated_Source\PSoC4/Encoder_Pins.c **** *  Encoder_Pins_DM_RES_UP     Resistive Pull Up 
  64:.\Generated_Source\PSoC4/Encoder_Pins.c **** *  Encoder_Pins_DM_RES_DWN    Resistive Pull Down 
  65:.\Generated_Source\PSoC4/Encoder_Pins.c **** *  Encoder_Pins_DM_RES_UPDWN  Resistive Pull Up/Down 
  66:.\Generated_Source\PSoC4/Encoder_Pins.c **** *  Encoder_Pins_DM_DIG_HIZ    High Impedance Digital 
  67:.\Generated_Source\PSoC4/Encoder_Pins.c **** *  Encoder_Pins_DM_ALG_HIZ    High Impedance Analog 
  68:.\Generated_Source\PSoC4/Encoder_Pins.c **** *
  69:.\Generated_Source\PSoC4/Encoder_Pins.c **** * Return: 
  70:.\Generated_Source\PSoC4/Encoder_Pins.c **** *  None
  71:.\Generated_Source\PSoC4/Encoder_Pins.c **** *
  72:.\Generated_Source\PSoC4/Encoder_Pins.c **** *******************************************************************************/
  73:.\Generated_Source\PSoC4/Encoder_Pins.c **** void Encoder_Pins_SetDriveMode(uint8 mode) 
  74:.\Generated_Source\PSoC4/Encoder_Pins.c **** {
  61              		.loc 1 74 0
  62              		.cfi_startproc
  63              	.LVL4:
  75:.\Generated_Source\PSoC4/Encoder_Pins.c **** 	SetP4PinDriveMode(Encoder_Pins__0__SHIFT, mode);
  64              		.loc 1 75 0
  65 0000 064B     		ldr	r3, .L5
  66 0002 1968     		ldr	r1, [r3]
  67 0004 064A     		ldr	r2, .L5+4
  68 0006 0A40     		and	r2, r1
  69 0008 8104     		lsl	r1, r0, #18
  70 000a 0A43     		orr	r2, r1
  71 000c 1A60     		str	r2, [r3]
  76:.\Generated_Source\PSoC4/Encoder_Pins.c **** 	SetP4PinDriveMode(Encoder_Pins__1__SHIFT, mode);
  72              		.loc 1 76 0
  73 000e 1968     		ldr	r1, [r3]
  74 0010 044A     		ldr	r2, .L5+8
  75 0012 0A40     		and	r2, r1
  76 0014 4005     		lsl	r0, r0, #21
  77              	.LVL5:
  78 0016 1043     		orr	r0, r2
  79 0018 1860     		str	r0, [r3]
  77:.\Generated_Source\PSoC4/Encoder_Pins.c **** }
  80              		.loc 1 77 0
  81              		@ sp needed
  82 001a 7047     		bx	lr
  83              	.L6:
  84              		.align	2
  85              	.L5:
  86 001c 08030440 		.word	1074004744
  87 0020 FFFFE3FF 		.word	-1835009
  88 0024 FFFF1FFF 		.word	-14680065
  89              		.cfi_endproc
  90              	.LFE1:
  91              		.size	Encoder_Pins_SetDriveMode, .-Encoder_Pins_SetDriveMode
  92              		.section	.text.Encoder_Pins_Read,"ax",%progbits
  93              		.align	2
  94              		.global	Encoder_Pins_Read
ARM GAS  C:\Users\Tim\AppData\Local\Temp\ccoVPD2u.s 			page 4


  95              		.code	16
  96              		.thumb_func
  97              		.type	Encoder_Pins_Read, %function
  98              	Encoder_Pins_Read:
  99              	.LFB2:
  78:.\Generated_Source\PSoC4/Encoder_Pins.c **** 
  79:.\Generated_Source\PSoC4/Encoder_Pins.c **** 
  80:.\Generated_Source\PSoC4/Encoder_Pins.c **** /*******************************************************************************
  81:.\Generated_Source\PSoC4/Encoder_Pins.c **** * Function Name: Encoder_Pins_Read
  82:.\Generated_Source\PSoC4/Encoder_Pins.c **** ********************************************************************************
  83:.\Generated_Source\PSoC4/Encoder_Pins.c **** *
  84:.\Generated_Source\PSoC4/Encoder_Pins.c **** * Summary:
  85:.\Generated_Source\PSoC4/Encoder_Pins.c **** *  Read the current value on the pins of the Digital Port in right justified 
  86:.\Generated_Source\PSoC4/Encoder_Pins.c **** *  form.
  87:.\Generated_Source\PSoC4/Encoder_Pins.c **** *
  88:.\Generated_Source\PSoC4/Encoder_Pins.c **** * Parameters:  
  89:.\Generated_Source\PSoC4/Encoder_Pins.c **** *  None 
  90:.\Generated_Source\PSoC4/Encoder_Pins.c **** *
  91:.\Generated_Source\PSoC4/Encoder_Pins.c **** * Return: 
  92:.\Generated_Source\PSoC4/Encoder_Pins.c **** *  Returns the current value of the Digital Port as a right justified number
  93:.\Generated_Source\PSoC4/Encoder_Pins.c **** *  
  94:.\Generated_Source\PSoC4/Encoder_Pins.c **** * Note:
  95:.\Generated_Source\PSoC4/Encoder_Pins.c **** *  Macro Encoder_Pins_ReadPS calls this function. 
  96:.\Generated_Source\PSoC4/Encoder_Pins.c **** *  
  97:.\Generated_Source\PSoC4/Encoder_Pins.c **** *******************************************************************************/
  98:.\Generated_Source\PSoC4/Encoder_Pins.c **** uint8 Encoder_Pins_Read(void) 
  99:.\Generated_Source\PSoC4/Encoder_Pins.c **** {
 100              		.loc 1 99 0
 101              		.cfi_startproc
 100:.\Generated_Source\PSoC4/Encoder_Pins.c ****     return (uint8)((Encoder_Pins_PS & Encoder_Pins_MASK) >> Encoder_Pins_SHIFT);
 102              		.loc 1 100 0
 103 0000 024B     		ldr	r3, .L8
 104 0002 1868     		ldr	r0, [r3]
 105 0004 0006     		lsl	r0, r0, #24
 106 0006 800F     		lsr	r0, r0, #30
 101:.\Generated_Source\PSoC4/Encoder_Pins.c **** }
 107              		.loc 1 101 0
 108              		@ sp needed
 109 0008 7047     		bx	lr
 110              	.L9:
 111 000a C046     		.align	2
 112              	.L8:
 113 000c 04030440 		.word	1074004740
 114              		.cfi_endproc
 115              	.LFE2:
 116              		.size	Encoder_Pins_Read, .-Encoder_Pins_Read
 117              		.section	.text.Encoder_Pins_ReadDataReg,"ax",%progbits
 118              		.align	2
 119              		.global	Encoder_Pins_ReadDataReg
 120              		.code	16
 121              		.thumb_func
 122              		.type	Encoder_Pins_ReadDataReg, %function
 123              	Encoder_Pins_ReadDataReg:
 124              	.LFB3:
 102:.\Generated_Source\PSoC4/Encoder_Pins.c **** 
 103:.\Generated_Source\PSoC4/Encoder_Pins.c **** 
 104:.\Generated_Source\PSoC4/Encoder_Pins.c **** /*******************************************************************************
ARM GAS  C:\Users\Tim\AppData\Local\Temp\ccoVPD2u.s 			page 5


 105:.\Generated_Source\PSoC4/Encoder_Pins.c **** * Function Name: Encoder_Pins_ReadDataReg
 106:.\Generated_Source\PSoC4/Encoder_Pins.c **** ********************************************************************************
 107:.\Generated_Source\PSoC4/Encoder_Pins.c **** *
 108:.\Generated_Source\PSoC4/Encoder_Pins.c **** * Summary:
 109:.\Generated_Source\PSoC4/Encoder_Pins.c **** *  Read the current value assigned to a Digital Port's data output register
 110:.\Generated_Source\PSoC4/Encoder_Pins.c **** *
 111:.\Generated_Source\PSoC4/Encoder_Pins.c **** * Parameters:  
 112:.\Generated_Source\PSoC4/Encoder_Pins.c **** *  None 
 113:.\Generated_Source\PSoC4/Encoder_Pins.c **** *
 114:.\Generated_Source\PSoC4/Encoder_Pins.c **** * Return: 
 115:.\Generated_Source\PSoC4/Encoder_Pins.c **** *  Returns the current value assigned to the Digital Port's data output register
 116:.\Generated_Source\PSoC4/Encoder_Pins.c **** *  
 117:.\Generated_Source\PSoC4/Encoder_Pins.c **** *******************************************************************************/
 118:.\Generated_Source\PSoC4/Encoder_Pins.c **** uint8 Encoder_Pins_ReadDataReg(void) 
 119:.\Generated_Source\PSoC4/Encoder_Pins.c **** {
 125              		.loc 1 119 0
 126              		.cfi_startproc
 120:.\Generated_Source\PSoC4/Encoder_Pins.c ****     return (uint8)((Encoder_Pins_DR & Encoder_Pins_MASK) >> Encoder_Pins_SHIFT);
 127              		.loc 1 120 0
 128 0000 024B     		ldr	r3, .L11
 129 0002 1868     		ldr	r0, [r3]
 130 0004 0006     		lsl	r0, r0, #24
 131 0006 800F     		lsr	r0, r0, #30
 121:.\Generated_Source\PSoC4/Encoder_Pins.c **** }
 132              		.loc 1 121 0
 133              		@ sp needed
 134 0008 7047     		bx	lr
 135              	.L12:
 136 000a C046     		.align	2
 137              	.L11:
 138 000c 00030440 		.word	1074004736
 139              		.cfi_endproc
 140              	.LFE3:
 141              		.size	Encoder_Pins_ReadDataReg, .-Encoder_Pins_ReadDataReg
 142              		.section	.text.Encoder_Pins_ClearInterrupt,"ax",%progbits
 143              		.align	2
 144              		.global	Encoder_Pins_ClearInterrupt
 145              		.code	16
 146              		.thumb_func
 147              		.type	Encoder_Pins_ClearInterrupt, %function
 148              	Encoder_Pins_ClearInterrupt:
 149              	.LFB4:
 122:.\Generated_Source\PSoC4/Encoder_Pins.c **** 
 123:.\Generated_Source\PSoC4/Encoder_Pins.c **** 
 124:.\Generated_Source\PSoC4/Encoder_Pins.c **** /* If Interrupts Are Enabled for this Pins component */ 
 125:.\Generated_Source\PSoC4/Encoder_Pins.c **** #if defined(Encoder_Pins_INTSTAT) 
 126:.\Generated_Source\PSoC4/Encoder_Pins.c **** 
 127:.\Generated_Source\PSoC4/Encoder_Pins.c ****     /*******************************************************************************
 128:.\Generated_Source\PSoC4/Encoder_Pins.c ****     * Function Name: Encoder_Pins_ClearInterrupt
 129:.\Generated_Source\PSoC4/Encoder_Pins.c ****     ********************************************************************************
 130:.\Generated_Source\PSoC4/Encoder_Pins.c ****     *
 131:.\Generated_Source\PSoC4/Encoder_Pins.c ****     * Summary:
 132:.\Generated_Source\PSoC4/Encoder_Pins.c ****     *  Clears any active interrupts attached to port and returns the value of the 
 133:.\Generated_Source\PSoC4/Encoder_Pins.c ****     *  interrupt status register.
 134:.\Generated_Source\PSoC4/Encoder_Pins.c ****     *
 135:.\Generated_Source\PSoC4/Encoder_Pins.c ****     * Parameters:  
 136:.\Generated_Source\PSoC4/Encoder_Pins.c ****     *  None 
ARM GAS  C:\Users\Tim\AppData\Local\Temp\ccoVPD2u.s 			page 6


 137:.\Generated_Source\PSoC4/Encoder_Pins.c ****     *
 138:.\Generated_Source\PSoC4/Encoder_Pins.c ****     * Return: 
 139:.\Generated_Source\PSoC4/Encoder_Pins.c ****     *  Returns the value of the interrupt status register
 140:.\Generated_Source\PSoC4/Encoder_Pins.c ****     *  
 141:.\Generated_Source\PSoC4/Encoder_Pins.c ****     *******************************************************************************/
 142:.\Generated_Source\PSoC4/Encoder_Pins.c ****     uint8 Encoder_Pins_ClearInterrupt(void) 
 143:.\Generated_Source\PSoC4/Encoder_Pins.c ****     {
 150              		.loc 1 143 0
 151              		.cfi_startproc
 144:.\Generated_Source\PSoC4/Encoder_Pins.c **** 		uint8 maskedStatus = (uint8)(Encoder_Pins_INTSTAT & Encoder_Pins_MASK);
 152              		.loc 1 144 0
 153 0000 034A     		ldr	r2, .L14
 154 0002 1068     		ldr	r0, [r2]
 155 0004 C023     		mov	r3, #192
 156 0006 1840     		and	r0, r3
 157              	.LVL6:
 145:.\Generated_Source\PSoC4/Encoder_Pins.c **** 		Encoder_Pins_INTSTAT = maskedStatus;
 158              		.loc 1 145 0
 159 0008 1060     		str	r0, [r2]
 146:.\Generated_Source\PSoC4/Encoder_Pins.c ****         return maskedStatus >> Encoder_Pins_SHIFT;
 160              		.loc 1 146 0
 161 000a 8009     		lsr	r0, r0, #6
 162              	.LVL7:
 147:.\Generated_Source\PSoC4/Encoder_Pins.c ****     }
 163              		.loc 1 147 0
 164              		@ sp needed
 165 000c 7047     		bx	lr
 166              	.L15:
 167 000e C046     		.align	2
 168              	.L14:
 169 0010 10030440 		.word	1074004752
 170              		.cfi_endproc
 171              	.LFE4:
 172              		.size	Encoder_Pins_ClearInterrupt, .-Encoder_Pins_ClearInterrupt
 173              		.text
 174              	.Letext0:
 175              		.file 2 ".\\Generated_Source\\PSoC4\\cytypes.h"
 176              		.section	.debug_info,"",%progbits
 177              	.Ldebug_info0:
 178 0000 4C010000 		.4byte	0x14c
 179 0004 0400     		.2byte	0x4
 180 0006 00000000 		.4byte	.Ldebug_abbrev0
 181 000a 04       		.byte	0x4
 182 000b 01       		.uleb128 0x1
 183 000c 03010000 		.4byte	.LASF24
 184 0010 01       		.byte	0x1
 185 0011 9B010000 		.4byte	.LASF25
 186 0015 D2010000 		.4byte	.LASF26
 187 0019 00000000 		.4byte	.Ldebug_ranges0+0
 188 001d 00000000 		.4byte	0
 189 0021 00000000 		.4byte	.Ldebug_line0
 190 0025 02       		.uleb128 0x2
 191 0026 01       		.byte	0x1
 192 0027 06       		.byte	0x6
 193 0028 0C020000 		.4byte	.LASF0
 194 002c 02       		.uleb128 0x2
 195 002d 01       		.byte	0x1
ARM GAS  C:\Users\Tim\AppData\Local\Temp\ccoVPD2u.s 			page 7


 196 002e 08       		.byte	0x8
 197 002f 3E000000 		.4byte	.LASF1
 198 0033 02       		.uleb128 0x2
 199 0034 02       		.byte	0x2
 200 0035 05       		.byte	0x5
 201 0036 91010000 		.4byte	.LASF2
 202 003a 02       		.uleb128 0x2
 203 003b 02       		.byte	0x2
 204 003c 07       		.byte	0x7
 205 003d 64000000 		.4byte	.LASF3
 206 0041 02       		.uleb128 0x2
 207 0042 04       		.byte	0x4
 208 0043 05       		.byte	0x5
 209 0044 C9010000 		.4byte	.LASF4
 210 0048 02       		.uleb128 0x2
 211 0049 04       		.byte	0x4
 212 004a 07       		.byte	0x7
 213 004b 52000000 		.4byte	.LASF5
 214 004f 02       		.uleb128 0x2
 215 0050 08       		.byte	0x8
 216 0051 05       		.byte	0x5
 217 0052 CA000000 		.4byte	.LASF6
 218 0056 02       		.uleb128 0x2
 219 0057 08       		.byte	0x8
 220 0058 07       		.byte	0x7
 221 0059 AE000000 		.4byte	.LASF7
 222 005d 03       		.uleb128 0x3
 223 005e 04       		.byte	0x4
 224 005f 05       		.byte	0x5
 225 0060 696E7400 		.ascii	"int\000"
 226 0064 02       		.uleb128 0x2
 227 0065 04       		.byte	0x4
 228 0066 07       		.byte	0x7
 229 0067 A1000000 		.4byte	.LASF8
 230 006b 04       		.uleb128 0x4
 231 006c C3010000 		.4byte	.LASF9
 232 0070 02       		.byte	0x2
 233 0071 C2       		.byte	0xc2
 234 0072 2C000000 		.4byte	0x2c
 235 0076 04       		.uleb128 0x4
 236 0077 9A000000 		.4byte	.LASF10
 237 007b 02       		.byte	0x2
 238 007c C4       		.byte	0xc4
 239 007d 48000000 		.4byte	0x48
 240 0081 02       		.uleb128 0x2
 241 0082 04       		.byte	0x4
 242 0083 04       		.byte	0x4
 243 0084 1E000000 		.4byte	.LASF11
 244 0088 02       		.uleb128 0x2
 245 0089 08       		.byte	0x8
 246 008a 04       		.byte	0x4
 247 008b 93000000 		.4byte	.LASF12
 248 008f 02       		.uleb128 0x2
 249 0090 01       		.byte	0x1
 250 0091 08       		.byte	0x8
 251 0092 FE000000 		.4byte	.LASF13
 252 0096 05       		.uleb128 0x5
ARM GAS  C:\Users\Tim\AppData\Local\Temp\ccoVPD2u.s 			page 8


 253 0097 00000000 		.4byte	.LASF14
 254 009b 02       		.byte	0x2
 255 009c 6E01     		.2byte	0x16e
 256 009e A2000000 		.4byte	0xa2
 257 00a2 06       		.uleb128 0x6
 258 00a3 76000000 		.4byte	0x76
 259 00a7 07       		.uleb128 0x7
 260 00a8 18020000 		.4byte	.LASF15
 261 00ac 01       		.byte	0x1
 262 00ad 2A       		.byte	0x2a
 263 00ae 00000000 		.4byte	.LFB0
 264 00b2 18000000 		.4byte	.LFE0-.LFB0
 265 00b6 01       		.uleb128 0x1
 266 00b7 9C       		.byte	0x9c
 267 00b8 DB000000 		.4byte	0xdb
 268 00bc 08       		.uleb128 0x8
 269 00bd 06000000 		.4byte	.LASF17
 270 00c1 01       		.byte	0x1
 271 00c2 2A       		.byte	0x2a
 272 00c3 6B000000 		.4byte	0x6b
 273 00c7 00000000 		.4byte	.LLST0
 274 00cb 09       		.uleb128 0x9
 275 00cc 4C000000 		.4byte	.LASF22
 276 00d0 01       		.byte	0x1
 277 00d1 2C       		.byte	0x2c
 278 00d2 6B000000 		.4byte	0x6b
 279 00d6 21000000 		.4byte	.LLST1
 280 00da 00       		.byte	0
 281 00db 07       		.uleb128 0x7
 282 00dc 24000000 		.4byte	.LASF16
 283 00e0 01       		.byte	0x1
 284 00e1 49       		.byte	0x49
 285 00e2 00000000 		.4byte	.LFB1
 286 00e6 28000000 		.4byte	.LFE1-.LFB1
 287 00ea 01       		.uleb128 0x1
 288 00eb 9C       		.byte	0x9c
 289 00ec 00010000 		.4byte	0x100
 290 00f0 08       		.uleb128 0x8
 291 00f1 C5000000 		.4byte	.LASF18
 292 00f5 01       		.byte	0x1
 293 00f6 49       		.byte	0x49
 294 00f7 6B000000 		.4byte	0x6b
 295 00fb 3F000000 		.4byte	.LLST2
 296 00ff 00       		.byte	0
 297 0100 0A       		.uleb128 0xa
 298 0101 0C000000 		.4byte	.LASF19
 299 0105 01       		.byte	0x1
 300 0106 62       		.byte	0x62
 301 0107 6B000000 		.4byte	0x6b
 302 010b 00000000 		.4byte	.LFB2
 303 010f 10000000 		.4byte	.LFE2-.LFB2
 304 0113 01       		.uleb128 0x1
 305 0114 9C       		.byte	0x9c
 306 0115 0A       		.uleb128 0xa
 307 0116 D8000000 		.4byte	.LASF20
 308 011a 01       		.byte	0x1
 309 011b 76       		.byte	0x76
ARM GAS  C:\Users\Tim\AppData\Local\Temp\ccoVPD2u.s 			page 9


 310 011c 6B000000 		.4byte	0x6b
 311 0120 00000000 		.4byte	.LFB3
 312 0124 10000000 		.4byte	.LFE3-.LFB3
 313 0128 01       		.uleb128 0x1
 314 0129 9C       		.byte	0x9c
 315 012a 0B       		.uleb128 0xb
 316 012b 77000000 		.4byte	.LASF21
 317 012f 01       		.byte	0x1
 318 0130 8E       		.byte	0x8e
 319 0131 6B000000 		.4byte	0x6b
 320 0135 00000000 		.4byte	.LFB4
 321 0139 14000000 		.4byte	.LFE4-.LFB4
 322 013d 01       		.uleb128 0x1
 323 013e 9C       		.byte	0x9c
 324 013f 09       		.uleb128 0x9
 325 0140 F1000000 		.4byte	.LASF23
 326 0144 01       		.byte	0x1
 327 0145 90       		.byte	0x90
 328 0146 6B000000 		.4byte	0x6b
 329 014a 60000000 		.4byte	.LLST3
 330 014e 00       		.byte	0
 331 014f 00       		.byte	0
 332              		.section	.debug_abbrev,"",%progbits
 333              	.Ldebug_abbrev0:
 334 0000 01       		.uleb128 0x1
 335 0001 11       		.uleb128 0x11
 336 0002 01       		.byte	0x1
 337 0003 25       		.uleb128 0x25
 338 0004 0E       		.uleb128 0xe
 339 0005 13       		.uleb128 0x13
 340 0006 0B       		.uleb128 0xb
 341 0007 03       		.uleb128 0x3
 342 0008 0E       		.uleb128 0xe
 343 0009 1B       		.uleb128 0x1b
 344 000a 0E       		.uleb128 0xe
 345 000b 55       		.uleb128 0x55
 346 000c 17       		.uleb128 0x17
 347 000d 11       		.uleb128 0x11
 348 000e 01       		.uleb128 0x1
 349 000f 10       		.uleb128 0x10
 350 0010 17       		.uleb128 0x17
 351 0011 00       		.byte	0
 352 0012 00       		.byte	0
 353 0013 02       		.uleb128 0x2
 354 0014 24       		.uleb128 0x24
 355 0015 00       		.byte	0
 356 0016 0B       		.uleb128 0xb
 357 0017 0B       		.uleb128 0xb
 358 0018 3E       		.uleb128 0x3e
 359 0019 0B       		.uleb128 0xb
 360 001a 03       		.uleb128 0x3
 361 001b 0E       		.uleb128 0xe
 362 001c 00       		.byte	0
 363 001d 00       		.byte	0
 364 001e 03       		.uleb128 0x3
 365 001f 24       		.uleb128 0x24
 366 0020 00       		.byte	0
ARM GAS  C:\Users\Tim\AppData\Local\Temp\ccoVPD2u.s 			page 10


 367 0021 0B       		.uleb128 0xb
 368 0022 0B       		.uleb128 0xb
 369 0023 3E       		.uleb128 0x3e
 370 0024 0B       		.uleb128 0xb
 371 0025 03       		.uleb128 0x3
 372 0026 08       		.uleb128 0x8
 373 0027 00       		.byte	0
 374 0028 00       		.byte	0
 375 0029 04       		.uleb128 0x4
 376 002a 16       		.uleb128 0x16
 377 002b 00       		.byte	0
 378 002c 03       		.uleb128 0x3
 379 002d 0E       		.uleb128 0xe
 380 002e 3A       		.uleb128 0x3a
 381 002f 0B       		.uleb128 0xb
 382 0030 3B       		.uleb128 0x3b
 383 0031 0B       		.uleb128 0xb
 384 0032 49       		.uleb128 0x49
 385 0033 13       		.uleb128 0x13
 386 0034 00       		.byte	0
 387 0035 00       		.byte	0
 388 0036 05       		.uleb128 0x5
 389 0037 16       		.uleb128 0x16
 390 0038 00       		.byte	0
 391 0039 03       		.uleb128 0x3
 392 003a 0E       		.uleb128 0xe
 393 003b 3A       		.uleb128 0x3a
 394 003c 0B       		.uleb128 0xb
 395 003d 3B       		.uleb128 0x3b
 396 003e 05       		.uleb128 0x5
 397 003f 49       		.uleb128 0x49
 398 0040 13       		.uleb128 0x13
 399 0041 00       		.byte	0
 400 0042 00       		.byte	0
 401 0043 06       		.uleb128 0x6
 402 0044 35       		.uleb128 0x35
 403 0045 00       		.byte	0
 404 0046 49       		.uleb128 0x49
 405 0047 13       		.uleb128 0x13
 406 0048 00       		.byte	0
 407 0049 00       		.byte	0
 408 004a 07       		.uleb128 0x7
 409 004b 2E       		.uleb128 0x2e
 410 004c 01       		.byte	0x1
 411 004d 3F       		.uleb128 0x3f
 412 004e 19       		.uleb128 0x19
 413 004f 03       		.uleb128 0x3
 414 0050 0E       		.uleb128 0xe
 415 0051 3A       		.uleb128 0x3a
 416 0052 0B       		.uleb128 0xb
 417 0053 3B       		.uleb128 0x3b
 418 0054 0B       		.uleb128 0xb
 419 0055 27       		.uleb128 0x27
 420 0056 19       		.uleb128 0x19
 421 0057 11       		.uleb128 0x11
 422 0058 01       		.uleb128 0x1
 423 0059 12       		.uleb128 0x12
ARM GAS  C:\Users\Tim\AppData\Local\Temp\ccoVPD2u.s 			page 11


 424 005a 06       		.uleb128 0x6
 425 005b 40       		.uleb128 0x40
 426 005c 18       		.uleb128 0x18
 427 005d 9742     		.uleb128 0x2117
 428 005f 19       		.uleb128 0x19
 429 0060 01       		.uleb128 0x1
 430 0061 13       		.uleb128 0x13
 431 0062 00       		.byte	0
 432 0063 00       		.byte	0
 433 0064 08       		.uleb128 0x8
 434 0065 05       		.uleb128 0x5
 435 0066 00       		.byte	0
 436 0067 03       		.uleb128 0x3
 437 0068 0E       		.uleb128 0xe
 438 0069 3A       		.uleb128 0x3a
 439 006a 0B       		.uleb128 0xb
 440 006b 3B       		.uleb128 0x3b
 441 006c 0B       		.uleb128 0xb
 442 006d 49       		.uleb128 0x49
 443 006e 13       		.uleb128 0x13
 444 006f 02       		.uleb128 0x2
 445 0070 17       		.uleb128 0x17
 446 0071 00       		.byte	0
 447 0072 00       		.byte	0
 448 0073 09       		.uleb128 0x9
 449 0074 34       		.uleb128 0x34
 450 0075 00       		.byte	0
 451 0076 03       		.uleb128 0x3
 452 0077 0E       		.uleb128 0xe
 453 0078 3A       		.uleb128 0x3a
 454 0079 0B       		.uleb128 0xb
 455 007a 3B       		.uleb128 0x3b
 456 007b 0B       		.uleb128 0xb
 457 007c 49       		.uleb128 0x49
 458 007d 13       		.uleb128 0x13
 459 007e 02       		.uleb128 0x2
 460 007f 17       		.uleb128 0x17
 461 0080 00       		.byte	0
 462 0081 00       		.byte	0
 463 0082 0A       		.uleb128 0xa
 464 0083 2E       		.uleb128 0x2e
 465 0084 00       		.byte	0
 466 0085 3F       		.uleb128 0x3f
 467 0086 19       		.uleb128 0x19
 468 0087 03       		.uleb128 0x3
 469 0088 0E       		.uleb128 0xe
 470 0089 3A       		.uleb128 0x3a
 471 008a 0B       		.uleb128 0xb
 472 008b 3B       		.uleb128 0x3b
 473 008c 0B       		.uleb128 0xb
 474 008d 27       		.uleb128 0x27
 475 008e 19       		.uleb128 0x19
 476 008f 49       		.uleb128 0x49
 477 0090 13       		.uleb128 0x13
 478 0091 11       		.uleb128 0x11
 479 0092 01       		.uleb128 0x1
 480 0093 12       		.uleb128 0x12
ARM GAS  C:\Users\Tim\AppData\Local\Temp\ccoVPD2u.s 			page 12


 481 0094 06       		.uleb128 0x6
 482 0095 40       		.uleb128 0x40
 483 0096 18       		.uleb128 0x18
 484 0097 9742     		.uleb128 0x2117
 485 0099 19       		.uleb128 0x19
 486 009a 00       		.byte	0
 487 009b 00       		.byte	0
 488 009c 0B       		.uleb128 0xb
 489 009d 2E       		.uleb128 0x2e
 490 009e 01       		.byte	0x1
 491 009f 3F       		.uleb128 0x3f
 492 00a0 19       		.uleb128 0x19
 493 00a1 03       		.uleb128 0x3
 494 00a2 0E       		.uleb128 0xe
 495 00a3 3A       		.uleb128 0x3a
 496 00a4 0B       		.uleb128 0xb
 497 00a5 3B       		.uleb128 0x3b
 498 00a6 0B       		.uleb128 0xb
 499 00a7 27       		.uleb128 0x27
 500 00a8 19       		.uleb128 0x19
 501 00a9 49       		.uleb128 0x49
 502 00aa 13       		.uleb128 0x13
 503 00ab 11       		.uleb128 0x11
 504 00ac 01       		.uleb128 0x1
 505 00ad 12       		.uleb128 0x12
 506 00ae 06       		.uleb128 0x6
 507 00af 40       		.uleb128 0x40
 508 00b0 18       		.uleb128 0x18
 509 00b1 9742     		.uleb128 0x2117
 510 00b3 19       		.uleb128 0x19
 511 00b4 00       		.byte	0
 512 00b5 00       		.byte	0
 513 00b6 00       		.byte	0
 514              		.section	.debug_loc,"",%progbits
 515              	.Ldebug_loc0:
 516              	.LLST0:
 517 0000 00000000 		.4byte	.LVL0
 518 0004 0A000000 		.4byte	.LVL2
 519 0008 0100     		.2byte	0x1
 520 000a 50       		.byte	0x50
 521 000b 0A000000 		.4byte	.LVL2
 522 000f 18000000 		.4byte	.LFE0
 523 0013 0400     		.2byte	0x4
 524 0015 F3       		.byte	0xf3
 525 0016 01       		.uleb128 0x1
 526 0017 50       		.byte	0x50
 527 0018 9F       		.byte	0x9f
 528 0019 00000000 		.4byte	0
 529 001d 00000000 		.4byte	0
 530              	.LLST1:
 531 0021 08000000 		.4byte	.LVL1
 532 0025 0E000000 		.4byte	.LVL3
 533 0029 0100     		.2byte	0x1
 534 002b 53       		.byte	0x53
 535 002c 0E000000 		.4byte	.LVL3
 536 0030 18000000 		.4byte	.LFE0
 537 0034 0100     		.2byte	0x1
ARM GAS  C:\Users\Tim\AppData\Local\Temp\ccoVPD2u.s 			page 13


 538 0036 50       		.byte	0x50
 539 0037 00000000 		.4byte	0
 540 003b 00000000 		.4byte	0
 541              	.LLST2:
 542 003f 00000000 		.4byte	.LVL4
 543 0043 16000000 		.4byte	.LVL5
 544 0047 0100     		.2byte	0x1
 545 0049 50       		.byte	0x50
 546 004a 16000000 		.4byte	.LVL5
 547 004e 28000000 		.4byte	.LFE1
 548 0052 0400     		.2byte	0x4
 549 0054 F3       		.byte	0xf3
 550 0055 01       		.uleb128 0x1
 551 0056 50       		.byte	0x50
 552 0057 9F       		.byte	0x9f
 553 0058 00000000 		.4byte	0
 554 005c 00000000 		.4byte	0
 555              	.LLST3:
 556 0060 08000000 		.4byte	.LVL6
 557 0064 0C000000 		.4byte	.LVL7
 558 0068 0100     		.2byte	0x1
 559 006a 50       		.byte	0x50
 560 006b 0C000000 		.4byte	.LVL7
 561 006f 14000000 		.4byte	.LFE4
 562 0073 0400     		.2byte	0x4
 563 0075 72       		.byte	0x72
 564 0076 00       		.sleb128 0
 565 0077 06       		.byte	0x6
 566 0078 9F       		.byte	0x9f
 567 0079 00000000 		.4byte	0
 568 007d 00000000 		.4byte	0
 569              		.section	.debug_aranges,"",%progbits
 570 0000 3C000000 		.4byte	0x3c
 571 0004 0200     		.2byte	0x2
 572 0006 00000000 		.4byte	.Ldebug_info0
 573 000a 04       		.byte	0x4
 574 000b 00       		.byte	0
 575 000c 0000     		.2byte	0
 576 000e 0000     		.2byte	0
 577 0010 00000000 		.4byte	.LFB0
 578 0014 18000000 		.4byte	.LFE0-.LFB0
 579 0018 00000000 		.4byte	.LFB1
 580 001c 28000000 		.4byte	.LFE1-.LFB1
 581 0020 00000000 		.4byte	.LFB2
 582 0024 10000000 		.4byte	.LFE2-.LFB2
 583 0028 00000000 		.4byte	.LFB3
 584 002c 10000000 		.4byte	.LFE3-.LFB3
 585 0030 00000000 		.4byte	.LFB4
 586 0034 14000000 		.4byte	.LFE4-.LFB4
 587 0038 00000000 		.4byte	0
 588 003c 00000000 		.4byte	0
 589              		.section	.debug_ranges,"",%progbits
 590              	.Ldebug_ranges0:
 591 0000 00000000 		.4byte	.LFB0
 592 0004 18000000 		.4byte	.LFE0
 593 0008 00000000 		.4byte	.LFB1
 594 000c 28000000 		.4byte	.LFE1
ARM GAS  C:\Users\Tim\AppData\Local\Temp\ccoVPD2u.s 			page 14


 595 0010 00000000 		.4byte	.LFB2
 596 0014 10000000 		.4byte	.LFE2
 597 0018 00000000 		.4byte	.LFB3
 598 001c 10000000 		.4byte	.LFE3
 599 0020 00000000 		.4byte	.LFB4
 600 0024 14000000 		.4byte	.LFE4
 601 0028 00000000 		.4byte	0
 602 002c 00000000 		.4byte	0
 603              		.section	.debug_line,"",%progbits
 604              	.Ldebug_line0:
 605 0000 AF000000 		.section	.debug_str,"MS",%progbits,1
 605      02004B00 
 605      00000201 
 605      FB0E0D00 
 605      01010101 
 606              	.LASF14:
 607 0000 72656733 		.ascii	"reg32\000"
 607      3200
 608              	.LASF17:
 609 0006 76616C75 		.ascii	"value\000"
 609      6500
 610              	.LASF19:
 611 000c 456E636F 		.ascii	"Encoder_Pins_Read\000"
 611      6465725F 
 611      50696E73 
 611      5F526561 
 611      6400
 612              	.LASF11:
 613 001e 666C6F61 		.ascii	"float\000"
 613      7400
 614              	.LASF16:
 615 0024 456E636F 		.ascii	"Encoder_Pins_SetDriveMode\000"
 615      6465725F 
 615      50696E73 
 615      5F536574 
 615      44726976 
 616              	.LASF1:
 617 003e 756E7369 		.ascii	"unsigned char\000"
 617      676E6564 
 617      20636861 
 617      7200
 618              	.LASF22:
 619 004c 64725661 		.ascii	"drVal\000"
 619      6C00
 620              	.LASF5:
 621 0052 6C6F6E67 		.ascii	"long unsigned int\000"
 621      20756E73 
 621      69676E65 
 621      6420696E 
 621      7400
 622              	.LASF3:
 623 0064 73686F72 		.ascii	"short unsigned int\000"
 623      7420756E 
 623      7369676E 
 623      65642069 
 623      6E7400
 624              	.LASF21:
ARM GAS  C:\Users\Tim\AppData\Local\Temp\ccoVPD2u.s 			page 15


 625 0077 456E636F 		.ascii	"Encoder_Pins_ClearInterrupt\000"
 625      6465725F 
 625      50696E73 
 625      5F436C65 
 625      6172496E 
 626              	.LASF12:
 627 0093 646F7562 		.ascii	"double\000"
 627      6C6500
 628              	.LASF10:
 629 009a 75696E74 		.ascii	"uint32\000"
 629      333200
 630              	.LASF8:
 631 00a1 756E7369 		.ascii	"unsigned int\000"
 631      676E6564 
 631      20696E74 
 631      00
 632              	.LASF7:
 633 00ae 6C6F6E67 		.ascii	"long long unsigned int\000"
 633      206C6F6E 
 633      6720756E 
 633      7369676E 
 633      65642069 
 634              	.LASF18:
 635 00c5 6D6F6465 		.ascii	"mode\000"
 635      00
 636              	.LASF6:
 637 00ca 6C6F6E67 		.ascii	"long long int\000"
 637      206C6F6E 
 637      6720696E 
 637      7400
 638              	.LASF20:
 639 00d8 456E636F 		.ascii	"Encoder_Pins_ReadDataReg\000"
 639      6465725F 
 639      50696E73 
 639      5F526561 
 639      64446174 
 640              	.LASF23:
 641 00f1 6D61736B 		.ascii	"maskedStatus\000"
 641      65645374 
 641      61747573 
 641      00
 642              	.LASF13:
 643 00fe 63686172 		.ascii	"char\000"
 643      00
 644              	.LASF24:
 645 0103 474E5520 		.ascii	"GNU C 4.9.3 20150303 (release) [ARM/embedded-4_9-br"
 645      4320342E 
 645      392E3320 
 645      32303135 
 645      30333033 
 646 0136 616E6368 		.ascii	"anch revision 221220] -mcpu=cortex-m0 -mthumb -g -O"
 646      20726576 
 646      6973696F 
 646      6E203232 
 646      31323230 
 647 0169 67202D66 		.ascii	"g -ffunction-sections -ffat-lto-objects\000"
 647      66756E63 
ARM GAS  C:\Users\Tim\AppData\Local\Temp\ccoVPD2u.s 			page 16


 647      74696F6E 
 647      2D736563 
 647      74696F6E 
 648              	.LASF2:
 649 0191 73686F72 		.ascii	"short int\000"
 649      7420696E 
 649      7400
 650              	.LASF25:
 651 019b 2E5C4765 		.ascii	".\\Generated_Source\\PSoC4\\Encoder_Pins.c\000"
 651      6E657261 
 651      7465645F 
 651      536F7572 
 651      63655C50 
 652              	.LASF9:
 653 01c3 75696E74 		.ascii	"uint8\000"
 653      3800
 654              	.LASF4:
 655 01c9 6C6F6E67 		.ascii	"long int\000"
 655      20696E74 
 655      00
 656              	.LASF26:
 657 01d2 443A5C70 		.ascii	"D:\\projects\\ArloBot\\ArlobotHw\\Arlobot\\Board-Ki"
 657      726F6A65 
 657      6374735C 
 657      41726C6F 
 657      426F745C 
 658 0200 7450726F 		.ascii	"tProg.cydsn\000"
 658      672E6379 
 658      64736E00 
 659              	.LASF0:
 660 020c 7369676E 		.ascii	"signed char\000"
 660      65642063 
 660      68617200 
 661              	.LASF15:
 662 0218 456E636F 		.ascii	"Encoder_Pins_Write\000"
 662      6465725F 
 662      50696E73 
 662      5F577269 
 662      746500
 663              		.ident	"GCC: (GNU Tools for ARM Embedded Processors) 4.9.3 20150303 (release) [ARM/embedded-4_9-br
