ARM GAS  C:\Users\Tim\AppData\Local\Temp\ccr0Thnd.s 			page 1


   1              		.cpu cortex-m0
   2              		.fpu softvfp
   3              		.eabi_attribute 20, 1
   4              		.eabi_attribute 21, 1
   5              		.eabi_attribute 23, 3
   6              		.eabi_attribute 24, 1
   7              		.eabi_attribute 25, 1
   8              		.eabi_attribute 26, 1
   9              		.eabi_attribute 30, 1
  10              		.eabi_attribute 34, 0
  11              		.eabi_attribute 18, 4
  12              		.code	16
  13              		.file	"hcsr04.c"
  14              		.text
  15              	.Ltext0:
  16              		.cfi_sections	.debug_frame
  17              		.section	.text.PulseOut,"ax",%progbits
  18              		.align	2
  19              		.code	16
  20              		.thumb_func
  21              		.type	PulseOut, %function
  22              	PulseOut:
  23              	.LFB34:
  24              		.file 1 "..\\source\\hcsr04.c"
   1:..\source/hcsr04.c **** /* ========================================
   2:..\source/hcsr04.c ****  *
   3:..\source/hcsr04.c ****  * Copyright YOUR COMPANY, THE YEAR
   4:..\source/hcsr04.c ****  * All Rights Reserved
   5:..\source/hcsr04.c ****  * UNPUBLISHED, LICENSED SOFTWARE.
   6:..\source/hcsr04.c ****  *
   7:..\source/hcsr04.c ****  * CONFIDENTIAL AND PROPRIETARY INFORMATION
   8:..\source/hcsr04.c ****  * WHICH IS THE PROPERTY OF your company.
   9:..\source/hcsr04.c ****  *
  10:..\source/hcsr04.c ****  * ========================================
  11:..\source/hcsr04.c **** */
  12:..\source/hcsr04.c **** 
  13:..\source/hcsr04.c **** #include "hcsr04.h"
  14:..\source/hcsr04.c **** #include "rpii2c.h"
  15:..\source/hcsr04.c **** #include "utils.h"
  16:..\source/hcsr04.c **** #include "time.h"
  17:..\source/hcsr04.c **** #include "debug.h"
  18:..\source/hcsr04.c **** 
  19:..\source/hcsr04.c **** #define MAX_TIMEOUT_US (30000)
  20:..\source/hcsr04.c **** 
  21:..\source/hcsr04.c **** #define MIN_PULSE_US (114)
  22:..\source/hcsr04.c **** #define MAX_PULSE_US (23200)
  23:..\source/hcsr04.c **** 
  24:..\source/hcsr04.c **** typedef void (*pin_write_func)(uint8);
  25:..\source/hcsr04.c **** typedef uint8 (*pin_read_func)(void);
  26:..\source/hcsr04.c **** 
  27:..\source/hcsr04.c **** #define MAX_ULTRASONIC_SENSORS (8)
  28:..\source/hcsr04.c **** 
  29:..\source/hcsr04.c **** static pin_read_func read_pins[MAX_ULTRASONIC_SENSORS] = {Pin_UltrasonicDistance_0_Read,
  30:..\source/hcsr04.c ****                                                           Pin_UltrasonicDistance_1_Read,
  31:..\source/hcsr04.c ****                                                           Pin_UltrasonicDistance_2_Read,
  32:..\source/hcsr04.c ****                                                           Pin_UltrasonicDistance_3_Read,
  33:..\source/hcsr04.c ****                                                           Pin_UltrasonicDistance_4_Read,
ARM GAS  C:\Users\Tim\AppData\Local\Temp\ccr0Thnd.s 			page 2


  34:..\source/hcsr04.c ****                                                           Pin_UltrasonicDistance_5_Read,
  35:..\source/hcsr04.c ****                                                           Pin_UltrasonicDistance_6_Read,
  36:..\source/hcsr04.c ****                                                           Pin_UltrasonicDistance_7_Read
  37:..\source/hcsr04.c ****                                                          };
  38:..\source/hcsr04.c **** 
  39:..\source/hcsr04.c **** static pin_write_func write_pins[MAX_ULTRASONIC_SENSORS] = {Pin_UltrasonicDistance_0_Write,
  40:..\source/hcsr04.c ****                                                             Pin_UltrasonicDistance_1_Write,
  41:..\source/hcsr04.c ****                                                             Pin_UltrasonicDistance_2_Write,
  42:..\source/hcsr04.c ****                                                             Pin_UltrasonicDistance_3_Write,
  43:..\source/hcsr04.c ****                                                             Pin_UltrasonicDistance_4_Write,
  44:..\source/hcsr04.c ****                                                             Pin_UltrasonicDistance_5_Write,
  45:..\source/hcsr04.c ****                                                             Pin_UltrasonicDistance_6_Write,
  46:..\source/hcsr04.c ****                                                             Pin_UltrasonicDistance_7_Write
  47:..\source/hcsr04.c ****                                                            };
  48:..\source/hcsr04.c **** 
  49:..\source/hcsr04.c **** static void PulseOut(pin_write_func write, pin_read_func read, uint8 pin, uint8 width)
  50:..\source/hcsr04.c **** {
  25              		.loc 1 50 0
  26              		.cfi_startproc
  27              	.LVL0:
  28 0000 F0B5     		push	{r4, r5, r6, r7, lr}
  29              		.cfi_def_cfa_offset 20
  30              		.cfi_offset 4, -20
  31              		.cfi_offset 5, -16
  32              		.cfi_offset 6, -12
  33              		.cfi_offset 7, -8
  34              		.cfi_offset 14, -4
  35 0002 83B0     		sub	sp, sp, #12
  36              		.cfi_def_cfa_offset 32
  37 0004 071C     		mov	r7, r0
  38 0006 0D1C     		mov	r5, r1
  39 0008 0193     		str	r3, [sp, #4]
  51:..\source/hcsr04.c ****     write( CLEAR_BIT(pin, read()));
  40              		.loc 1 51 0
  41 000a 0120     		mov	r0, #1
  42              	.LVL1:
  43 000c 9040     		lsl	r0, r0, r2
  44 000e 061C     		mov	r6, r0
  45 0010 C443     		mvn	r4, r0
  46 0012 E4B2     		uxtb	r4, r4
  47 0014 8847     		blx	r1
  48              	.LVL2:
  49 0016 2040     		and	r0, r4
  50 0018 B847     		blx	r7
  51              	.LVL3:
  52:..\source/hcsr04.c ****     write( SET_BIT(pin, read()));
  52              		.loc 1 52 0
  53 001a A847     		blx	r5
  54              	.LVL4:
  55 001c 3043     		orr	r0, r6
  56 001e C0B2     		uxtb	r0, r0
  57 0020 B847     		blx	r7
  58              	.LVL5:
  53:..\source/hcsr04.c ****     CyDelayUs(width);
  59              		.loc 1 53 0
  60 0022 6B46     		mov	r3, sp
  61 0024 9888     		ldrh	r0, [r3, #4]
ARM GAS  C:\Users\Tim\AppData\Local\Temp\ccr0Thnd.s 			page 3


  62 0026 FFF7FEFF 		bl	CyDelayUs
  63              	.LVL6:
  54:..\source/hcsr04.c ****     write( CLEAR_BIT(pin, read()));
  64              		.loc 1 54 0
  65 002a A847     		blx	r5
  66              	.LVL7:
  67 002c 2040     		and	r0, r4
  68 002e B847     		blx	r7
  69              	.LVL8:
  55:..\source/hcsr04.c **** }
  70              		.loc 1 55 0
  71 0030 03B0     		add	sp, sp, #12
  72              		@ sp needed
  73              	.LVL9:
  74              	.LVL10:
  75 0032 F0BD     		pop	{r4, r5, r6, r7, pc}
  76              		.cfi_endproc
  77              	.LFE34:
  78              		.size	PulseOut, .-PulseOut
  79              		.section	.text.PulseIn,"ax",%progbits
  80              		.align	2
  81              		.code	16
  82              		.thumb_func
  83              		.type	PulseIn, %function
  84              	PulseIn:
  85              	.LFB35:
  56:..\source/hcsr04.c **** 
  57:..\source/hcsr04.c **** static uint32 PulseIn(pin_read_func read, uint8 pin)
  58:..\source/hcsr04.c **** {
  86              		.loc 1 58 0
  87              		.cfi_startproc
  88              	.LVL11:
  89 0000 F0B5     		push	{r4, r5, r6, r7, lr}
  90              		.cfi_def_cfa_offset 20
  91              		.cfi_offset 4, -20
  92              		.cfi_offset 5, -16
  93              		.cfi_offset 6, -12
  94              		.cfi_offset 7, -8
  95              		.cfi_offset 14, -4
  96 0002 83B0     		sub	sp, sp, #12
  97              		.cfi_def_cfa_offset 32
  98 0004 061C     		mov	r6, r0
  99 0006 0D1C     		mov	r5, r1
 100              	.LVL12:
  59:..\source/hcsr04.c ****     uint32 start = 0;
  60:..\source/hcsr04.c ****     uint32 end = 0;
  61:..\source/hcsr04.c ****     uint32 timeout = 0;
  62:..\source/hcsr04.c ****     
  63:..\source/hcsr04.c ****     timeout = micros();
 101              		.loc 1 63 0
 102 0008 FFF7FEFF 		bl	micros
 103              	.LVL13:
 104 000c 041C     		mov	r4, r0
 105              	.LVL14:
  59:..\source/hcsr04.c ****     uint32 start = 0;
 106              		.loc 1 59 0
 107 000e 0023     		mov	r3, #0
ARM GAS  C:\Users\Tim\AppData\Local\Temp\ccr0Thnd.s 			page 4


 108 0010 0193     		str	r3, [sp, #4]
  64:..\source/hcsr04.c ****     while (!GET_BIT(pin, read()) && (CySysTickGetValue() - timeout < MAX_TIMEOUT_US))
 109              		.loc 1 64 0
 110 0012 02E0     		b	.L3
 111              	.LVL15:
 112              	.L5:
  65:..\source/hcsr04.c ****     {
  66:..\source/hcsr04.c ****         start = CySysTickGetValue();
 113              		.loc 1 66 0
 114 0014 FFF7FEFF 		bl	CySysTickGetValue
 115              	.LVL16:
 116 0018 0190     		str	r0, [sp, #4]
 117              	.LVL17:
 118              	.L3:
  64:..\source/hcsr04.c ****     while (!GET_BIT(pin, read()) && (CySysTickGetValue() - timeout < MAX_TIMEOUT_US))
 119              		.loc 1 64 0
 120 001a B047     		blx	r6
 121              	.LVL18:
 122 001c 2F1C     		mov	r7, r5
 123 001e 2841     		asr	r0, r0, r5
 124 0020 C307     		lsl	r3, r0, #31
 125 0022 05D4     		bmi	.L4
  64:..\source/hcsr04.c ****     while (!GET_BIT(pin, read()) && (CySysTickGetValue() - timeout < MAX_TIMEOUT_US))
 126              		.loc 1 64 0 is_stmt 0 discriminator 1
 127 0024 FFF7FEFF 		bl	CySysTickGetValue
 128              	.LVL19:
 129 0028 001B     		sub	r0, r0, r4
 130 002a 104B     		ldr	r3, .L12
 131 002c 9842     		cmp	r0, r3
 132 002e F1D9     		bls	.L5
 133              	.L4:
  67:..\source/hcsr04.c ****     }
  68:..\source/hcsr04.c ****         
  69:..\source/hcsr04.c ****     timeout = CySysTickGetValue();
 134              		.loc 1 69 0 is_stmt 1
 135 0030 FFF7FEFF 		bl	CySysTickGetValue
 136              	.LVL20:
 137 0034 041C     		mov	r4, r0
 138              	.LVL21:
  60:..\source/hcsr04.c ****     uint32 timeout = 0;
 139              		.loc 1 60 0
 140 0036 0025     		mov	r5, #0
  70:..\source/hcsr04.c ****     while (GET_BIT(pin, read()) && (CySysTickGetValue() - timeout < MAX_TIMEOUT_US))
 141              		.loc 1 70 0
 142 0038 02E0     		b	.L6
 143              	.LVL22:
 144              	.L8:
  71:..\source/hcsr04.c ****     {
  72:..\source/hcsr04.c ****         end = CySysTickGetValue();
 145              		.loc 1 72 0
 146 003a FFF7FEFF 		bl	CySysTickGetValue
 147              	.LVL23:
 148 003e 051C     		mov	r5, r0
 149              	.LVL24:
 150              	.L6:
  70:..\source/hcsr04.c ****     while (GET_BIT(pin, read()) && (CySysTickGetValue() - timeout < MAX_TIMEOUT_US))
 151              		.loc 1 70 0
ARM GAS  C:\Users\Tim\AppData\Local\Temp\ccr0Thnd.s 			page 5


 152 0040 B047     		blx	r6
 153              	.LVL25:
 154 0042 3841     		asr	r0, r0, r7
 155 0044 C307     		lsl	r3, r0, #31
 156 0046 05D5     		bpl	.L7
  70:..\source/hcsr04.c ****     while (GET_BIT(pin, read()) && (CySysTickGetValue() - timeout < MAX_TIMEOUT_US))
 157              		.loc 1 70 0 is_stmt 0 discriminator 1
 158 0048 FFF7FEFF 		bl	CySysTickGetValue
 159              	.LVL26:
 160 004c 001B     		sub	r0, r0, r4
 161 004e 074B     		ldr	r3, .L12
 162 0050 9842     		cmp	r0, r3
 163 0052 F2D9     		bls	.L8
 164              	.L7:
  73:..\source/hcsr04.c ****     }
  74:..\source/hcsr04.c ****     
  75:..\source/hcsr04.c ****     return constrain(end - start, MIN_PULSE_US, MAX_PULSE_US);
 165              		.loc 1 75 0 is_stmt 1
 166 0054 019B     		ldr	r3, [sp, #4]
 167 0056 E81A     		sub	r0, r5, r3
 168 0058 054B     		ldr	r3, .L12+4
 169 005a 9842     		cmp	r0, r3
 170 005c 03D8     		bhi	.L11
 171              		.loc 1 75 0 is_stmt 0 discriminator 1
 172 005e 7228     		cmp	r0, #114
 173 0060 02D2     		bcs	.L9
 174 0062 7220     		mov	r0, #114
 175 0064 00E0     		b	.L9
 176              	.L11:
 177              		.loc 1 75 0
 178 0066 0348     		ldr	r0, .L12+8
 179              	.L9:
  76:..\source/hcsr04.c **** }
 180              		.loc 1 76 0 is_stmt 1 discriminator 4
 181 0068 03B0     		add	sp, sp, #12
 182              		@ sp needed
 183              	.LVL27:
 184              	.LVL28:
 185              	.LVL29:
 186 006a F0BD     		pop	{r4, r5, r6, r7, pc}
 187              	.L13:
 188              		.align	2
 189              	.L12:
 190 006c 2F750000 		.word	29999
 191 0070 9F5A0000 		.word	23199
 192 0074 A05A0000 		.word	23200
 193              		.cfi_endproc
 194              	.LFE35:
 195              		.size	PulseIn, .-PulseIn
 196              		.section	.text.HCSR04_Init,"ax",%progbits
 197              		.align	2
 198              		.global	HCSR04_Init
 199              		.code	16
 200              		.thumb_func
 201              		.type	HCSR04_Init, %function
 202              	HCSR04_Init:
 203              	.LFB36:
ARM GAS  C:\Users\Tim\AppData\Local\Temp\ccr0Thnd.s 			page 6


  77:..\source/hcsr04.c **** 
  78:..\source/hcsr04.c **** void HCSR04_Init()
  79:..\source/hcsr04.c **** {
 204              		.loc 1 79 0
 205              		.cfi_startproc
  80:..\source/hcsr04.c **** }
 206              		.loc 1 80 0
 207              		@ sp needed
 208 0000 7047     		bx	lr
 209              		.cfi_endproc
 210              	.LFE36:
 211              		.size	HCSR04_Init, .-HCSR04_Init
 212 0002 C046     		.section	.text.HCSR04_Start,"ax",%progbits
 213              		.align	2
 214              		.global	HCSR04_Start
 215              		.code	16
 216              		.thumb_func
 217              		.type	HCSR04_Start, %function
 218              	HCSR04_Start:
 219              	.LFB37:
  81:..\source/hcsr04.c **** 
  82:..\source/hcsr04.c **** void HCSR04_Start()
  83:..\source/hcsr04.c **** {
 220              		.loc 1 83 0
 221              		.cfi_startproc
  84:..\source/hcsr04.c **** }
 222              		.loc 1 84 0
 223              		@ sp needed
 224 0000 7047     		bx	lr
 225              		.cfi_endproc
 226              	.LFE37:
 227              		.size	HCSR04_Start, .-HCSR04_Start
 228              		.global	__aeabi_uidiv
 229 0002 C046     		.section	.text.HCSR04_Measure,"ax",%progbits
 230              		.align	2
 231              		.global	HCSR04_Measure
 232              		.code	16
 233              		.thumb_func
 234              		.type	HCSR04_Measure, %function
 235              	HCSR04_Measure:
 236              	.LFB38:
  85:..\source/hcsr04.c **** #define PULSE_WIDTH_10US (10)
  86:..\source/hcsr04.c **** #define US_PER_CENTIMETER (58)
  87:..\source/hcsr04.c **** void HCSR04_Measure()
  88:..\source/hcsr04.c **** {
 237              		.loc 1 88 0
 238              		.cfi_startproc
 239 0000 38B5     		push	{r3, r4, r5, lr}
 240              		.cfi_def_cfa_offset 16
 241              		.cfi_offset 3, -16
 242              		.cfi_offset 4, -12
 243              		.cfi_offset 5, -8
 244              		.cfi_offset 14, -4
 245              	.LVL30:
  89:..\source/hcsr04.c ****     uint8 ii;
  90:..\source/hcsr04.c ****     uint16 result;
  91:..\source/hcsr04.c ****     
ARM GAS  C:\Users\Tim\AppData\Local\Temp\ccr0Thnd.s 			page 7


  92:..\source/hcsr04.c ****     for (ii = 0; ii < MAX_ULTRASONIC_SENSORS; ++ii)
 246              		.loc 1 92 0
 247 0002 0024     		mov	r4, #0
 248 0004 16E0     		b	.L17
 249              	.LVL31:
 250              	.L18:
  93:..\source/hcsr04.c ****     {
  94:..\source/hcsr04.c ****         PulseOut(write_pins[ii], read_pins[ii], ii, PULSE_WIDTH_10US);
 251              		.loc 1 94 0 discriminator 3
 252 0006 0D4A     		ldr	r2, .L19
 253 0008 A300     		lsl	r3, r4, #2
 254 000a 9858     		ldr	r0, [r3, r2]
 255 000c D318     		add	r3, r2, r3
 256 000e 1D6A     		ldr	r5, [r3, #32]
 257 0010 291C     		mov	r1, r5
 258 0012 221C     		mov	r2, r4
 259 0014 0A23     		mov	r3, #10
 260 0016 FFF7FEFF 		bl	PulseOut
 261              	.LVL32:
  95:..\source/hcsr04.c ****         result = (uint16) (PulseIn(read_pins[ii], ii) / US_PER_CENTIMETER);
 262              		.loc 1 95 0 discriminator 3
 263 001a 281C     		mov	r0, r5
 264 001c 211C     		mov	r1, r4
 265 001e FFF7FEFF 		bl	PulseIn
 266              	.LVL33:
 267 0022 3A21     		mov	r1, #58
 268 0024 FFF7FEFF 		bl	__aeabi_uidiv
 269              	.LVL34:
 270 0028 80B2     		uxth	r0, r0
 271              	.LVL35:
  96:..\source/hcsr04.c ****         RpiI2c_WriteUltrasonicDistance(result, ii);
 272              		.loc 1 96 0 discriminator 3
 273 002a 211C     		mov	r1, r4
 274 002c FFF7FEFF 		bl	RpiI2c_WriteUltrasonicDistance
 275              	.LVL36:
  92:..\source/hcsr04.c ****     {
 276              		.loc 1 92 0 discriminator 3
 277 0030 0134     		add	r4, r4, #1
 278              	.LVL37:
 279 0032 E4B2     		uxtb	r4, r4
 280              	.LVL38:
 281              	.L17:
  92:..\source/hcsr04.c ****     {
 282              		.loc 1 92 0 is_stmt 0 discriminator 1
 283 0034 072C     		cmp	r4, #7
 284 0036 E6D9     		bls	.L18
  97:..\source/hcsr04.c ****     }        
  98:..\source/hcsr04.c **** }
 285              		.loc 1 98 0 is_stmt 1
 286              		@ sp needed
 287              	.LVL39:
 288 0038 38BD     		pop	{r3, r4, r5, pc}
 289              	.L20:
 290 003a C046     		.align	2
 291              	.L19:
 292 003c 00000000 		.word	.LANCHOR0
 293              		.cfi_endproc
ARM GAS  C:\Users\Tim\AppData\Local\Temp\ccr0Thnd.s 			page 8


 294              	.LFE38:
 295              		.size	HCSR04_Measure, .-HCSR04_Measure
 296              		.comm	formatted_string,256,4
 297              		.section	.rodata
 298              		.align	2
 299              		.set	.LANCHOR0,. + 0
 300              		.type	write_pins, %object
 301              		.size	write_pins, 32
 302              	write_pins:
 303 0000 00000000 		.word	Pin_UltrasonicDistance_0_Write
 304 0004 00000000 		.word	Pin_UltrasonicDistance_1_Write
 305 0008 00000000 		.word	Pin_UltrasonicDistance_2_Write
 306 000c 00000000 		.word	Pin_UltrasonicDistance_3_Write
 307 0010 00000000 		.word	Pin_UltrasonicDistance_4_Write
 308 0014 00000000 		.word	Pin_UltrasonicDistance_5_Write
 309 0018 00000000 		.word	Pin_UltrasonicDistance_6_Write
 310 001c 00000000 		.word	Pin_UltrasonicDistance_7_Write
 311              		.type	read_pins, %object
 312              		.size	read_pins, 32
 313              	read_pins:
 314 0020 00000000 		.word	Pin_UltrasonicDistance_0_Read
 315 0024 00000000 		.word	Pin_UltrasonicDistance_1_Read
 316 0028 00000000 		.word	Pin_UltrasonicDistance_2_Read
 317 002c 00000000 		.word	Pin_UltrasonicDistance_3_Read
 318 0030 00000000 		.word	Pin_UltrasonicDistance_4_Read
 319 0034 00000000 		.word	Pin_UltrasonicDistance_5_Read
 320 0038 00000000 		.word	Pin_UltrasonicDistance_6_Read
 321 003c 00000000 		.word	Pin_UltrasonicDistance_7_Read
 322              		.text
 323              	.Letext0:
 324              		.file 2 "Generated_Source\\PSoC4/cytypes.h"
 325              		.file 3 "Generated_Source\\PSoC4/CyLib.h"
 326              		.file 4 "./time.h"
 327              		.file 5 "..\\source\\debug.h"
 328              		.file 6 "..\\source\\rpii2c.h"
 329              		.section	.debug_info,"",%progbits
 330              	.Ldebug_info0:
 331 0000 63030000 		.4byte	0x363
 332 0004 0400     		.2byte	0x4
 333 0006 00000000 		.4byte	.Ldebug_abbrev0
 334 000a 04       		.byte	0x4
 335 000b 01       		.uleb128 0x1
 336 000c 6B010000 		.4byte	.LASF30
 337 0010 01       		.byte	0x1
 338 0011 4F010000 		.4byte	.LASF31
 339 0015 FB000000 		.4byte	.LASF32
 340 0019 00000000 		.4byte	.Ldebug_ranges0+0
 341 001d 00000000 		.4byte	0
 342 0021 00000000 		.4byte	.Ldebug_line0
 343 0025 02       		.uleb128 0x2
 344 0026 01       		.byte	0x1
 345 0027 06       		.byte	0x6
 346 0028 51020000 		.4byte	.LASF0
 347 002c 02       		.uleb128 0x2
 348 002d 01       		.byte	0x1
 349 002e 08       		.byte	0x8
 350 002f 60000000 		.4byte	.LASF1
ARM GAS  C:\Users\Tim\AppData\Local\Temp\ccr0Thnd.s 			page 9


 351 0033 02       		.uleb128 0x2
 352 0034 02       		.byte	0x2
 353 0035 05       		.byte	0x5
 354 0036 21020000 		.4byte	.LASF2
 355 003a 02       		.uleb128 0x2
 356 003b 02       		.byte	0x2
 357 003c 07       		.byte	0x7
 358 003d 2D000000 		.4byte	.LASF3
 359 0041 02       		.uleb128 0x2
 360 0042 04       		.byte	0x4
 361 0043 05       		.byte	0x5
 362 0044 48020000 		.4byte	.LASF4
 363 0048 02       		.uleb128 0x2
 364 0049 04       		.byte	0x4
 365 004a 07       		.byte	0x7
 366 004b B6000000 		.4byte	.LASF5
 367 004f 02       		.uleb128 0x2
 368 0050 08       		.byte	0x8
 369 0051 05       		.byte	0x5
 370 0052 F9010000 		.4byte	.LASF6
 371 0056 02       		.uleb128 0x2
 372 0057 08       		.byte	0x8
 373 0058 07       		.byte	0x7
 374 0059 31010000 		.4byte	.LASF7
 375 005d 03       		.uleb128 0x3
 376 005e 04       		.byte	0x4
 377 005f 05       		.byte	0x5
 378 0060 696E7400 		.ascii	"int\000"
 379 0064 02       		.uleb128 0x2
 380 0065 04       		.byte	0x4
 381 0066 07       		.byte	0x7
 382 0067 EE000000 		.4byte	.LASF8
 383 006b 04       		.uleb128 0x4
 384 006c 38020000 		.4byte	.LASF9
 385 0070 02       		.byte	0x2
 386 0071 C2       		.byte	0xc2
 387 0072 2C000000 		.4byte	0x2c
 388 0076 04       		.uleb128 0x4
 389 0077 C8000000 		.4byte	.LASF10
 390 007b 02       		.byte	0x2
 391 007c C3       		.byte	0xc3
 392 007d 3A000000 		.4byte	0x3a
 393 0081 04       		.uleb128 0x4
 394 0082 DE000000 		.4byte	.LASF11
 395 0086 02       		.byte	0x2
 396 0087 C4       		.byte	0xc4
 397 0088 48000000 		.4byte	0x48
 398 008c 02       		.uleb128 0x2
 399 008d 04       		.byte	0x4
 400 008e 04       		.byte	0x4
 401 008f 4E000000 		.4byte	.LASF12
 402 0093 02       		.uleb128 0x2
 403 0094 08       		.byte	0x8
 404 0095 04       		.byte	0x4
 405 0096 40000000 		.4byte	.LASF13
 406 009a 02       		.uleb128 0x2
 407 009b 01       		.byte	0x1
ARM GAS  C:\Users\Tim\AppData\Local\Temp\ccr0Thnd.s 			page 10


 408 009c 08       		.byte	0x8
 409 009d 07020000 		.4byte	.LASF14
 410 00a1 02       		.uleb128 0x2
 411 00a2 04       		.byte	0x4
 412 00a3 07       		.byte	0x7
 413 00a4 62010000 		.4byte	.LASF15
 414 00a8 04       		.uleb128 0x4
 415 00a9 0C020000 		.4byte	.LASF16
 416 00ad 01       		.byte	0x1
 417 00ae 18       		.byte	0x18
 418 00af B3000000 		.4byte	0xb3
 419 00b3 05       		.uleb128 0x5
 420 00b4 04       		.byte	0x4
 421 00b5 B9000000 		.4byte	0xb9
 422 00b9 06       		.uleb128 0x6
 423 00ba C4000000 		.4byte	0xc4
 424 00be 07       		.uleb128 0x7
 425 00bf 6B000000 		.4byte	0x6b
 426 00c3 00       		.byte	0
 427 00c4 04       		.uleb128 0x4
 428 00c5 90000000 		.4byte	.LASF17
 429 00c9 01       		.byte	0x1
 430 00ca 19       		.byte	0x19
 431 00cb CF000000 		.4byte	0xcf
 432 00cf 05       		.uleb128 0x5
 433 00d0 04       		.byte	0x4
 434 00d1 D5000000 		.4byte	0xd5
 435 00d5 08       		.uleb128 0x8
 436 00d6 6B000000 		.4byte	0x6b
 437 00da 09       		.uleb128 0x9
 438 00db E5000000 		.4byte	.LASF33
 439 00df 01       		.byte	0x1
 440 00e0 31       		.byte	0x31
 441 00e1 00000000 		.4byte	.LFB34
 442 00e5 34000000 		.4byte	.LFE34-.LFB34
 443 00e9 01       		.uleb128 0x1
 444 00ea 9C       		.byte	0x9c
 445 00eb 72010000 		.4byte	0x172
 446 00ef 0A       		.uleb128 0xa
 447 00f0 9E000000 		.4byte	.LASF18
 448 00f4 01       		.byte	0x1
 449 00f5 31       		.byte	0x31
 450 00f6 A8000000 		.4byte	0xa8
 451 00fa 00000000 		.4byte	.LLST0
 452 00fe 0A       		.uleb128 0xa
 453 00ff CF000000 		.4byte	.LASF19
 454 0103 01       		.byte	0x1
 455 0104 31       		.byte	0x31
 456 0105 C4000000 		.4byte	0xc4
 457 0109 2C000000 		.4byte	.LLST1
 458 010d 0B       		.uleb128 0xb
 459 010e 70696E00 		.ascii	"pin\000"
 460 0112 01       		.byte	0x1
 461 0113 31       		.byte	0x31
 462 0114 6B000000 		.4byte	0x6b
 463 0118 58000000 		.4byte	.LLST2
 464 011c 0A       		.uleb128 0xa
ARM GAS  C:\Users\Tim\AppData\Local\Temp\ccr0Thnd.s 			page 11


 465 011d 1B020000 		.4byte	.LASF20
 466 0121 01       		.byte	0x1
 467 0122 31       		.byte	0x31
 468 0123 6B000000 		.4byte	0x6b
 469 0127 79000000 		.4byte	.LLST3
 470 012b 0C       		.uleb128 0xc
 471 012c 16000000 		.4byte	.LVL2
 472 0130 02       		.uleb128 0x2
 473 0131 75       		.byte	0x75
 474 0132 00       		.sleb128 0
 475 0133 0C       		.uleb128 0xc
 476 0134 1A000000 		.4byte	.LVL3
 477 0138 02       		.uleb128 0x2
 478 0139 77       		.byte	0x77
 479 013a 00       		.sleb128 0
 480 013b 0C       		.uleb128 0xc
 481 013c 1C000000 		.4byte	.LVL4
 482 0140 02       		.uleb128 0x2
 483 0141 75       		.byte	0x75
 484 0142 00       		.sleb128 0
 485 0143 0C       		.uleb128 0xc
 486 0144 22000000 		.4byte	.LVL5
 487 0148 02       		.uleb128 0x2
 488 0149 77       		.byte	0x77
 489 014a 00       		.sleb128 0
 490 014b 0D       		.uleb128 0xd
 491 014c 2A000000 		.4byte	.LVL6
 492 0150 27030000 		.4byte	0x327
 493 0154 61010000 		.4byte	0x161
 494 0158 0E       		.uleb128 0xe
 495 0159 01       		.uleb128 0x1
 496 015a 50       		.byte	0x50
 497 015b 04       		.uleb128 0x4
 498 015c 7D       		.byte	0x7d
 499 015d 04       		.sleb128 4
 500 015e 94       		.byte	0x94
 501 015f 02       		.byte	0x2
 502 0160 00       		.byte	0
 503 0161 0C       		.uleb128 0xc
 504 0162 2C000000 		.4byte	.LVL7
 505 0166 02       		.uleb128 0x2
 506 0167 75       		.byte	0x75
 507 0168 00       		.sleb128 0
 508 0169 0C       		.uleb128 0xc
 509 016a 30000000 		.4byte	.LVL8
 510 016e 02       		.uleb128 0x2
 511 016f 77       		.byte	0x77
 512 0170 00       		.sleb128 0
 513 0171 00       		.byte	0
 514 0172 0F       		.uleb128 0xf
 515 0173 79000000 		.4byte	.LASF34
 516 0177 01       		.byte	0x1
 517 0178 39       		.byte	0x39
 518 0179 81000000 		.4byte	0x81
 519 017d 00000000 		.4byte	.LFB35
 520 0181 78000000 		.4byte	.LFE35-.LFB35
 521 0185 01       		.uleb128 0x1
ARM GAS  C:\Users\Tim\AppData\Local\Temp\ccr0Thnd.s 			page 12


 522 0186 9C       		.byte	0x9c
 523 0187 0D020000 		.4byte	0x20d
 524 018b 0A       		.uleb128 0xa
 525 018c CF000000 		.4byte	.LASF19
 526 0190 01       		.byte	0x1
 527 0191 39       		.byte	0x39
 528 0192 C4000000 		.4byte	0xc4
 529 0196 9A000000 		.4byte	.LLST4
 530 019a 0B       		.uleb128 0xb
 531 019b 70696E00 		.ascii	"pin\000"
 532 019f 01       		.byte	0x1
 533 01a0 39       		.byte	0x39
 534 01a1 6B000000 		.4byte	0x6b
 535 01a5 C6000000 		.4byte	.LLST5
 536 01a9 10       		.uleb128 0x10
 537 01aa 27000000 		.4byte	.LASF21
 538 01ae 01       		.byte	0x1
 539 01af 3B       		.byte	0x3b
 540 01b0 81000000 		.4byte	0x81
 541 01b4 E7000000 		.4byte	.LLST6
 542 01b8 11       		.uleb128 0x11
 543 01b9 656E6400 		.ascii	"end\000"
 544 01bd 01       		.byte	0x1
 545 01be 3C       		.byte	0x3c
 546 01bf 81000000 		.4byte	0x81
 547 01c3 07010000 		.4byte	.LLST7
 548 01c7 10       		.uleb128 0x10
 549 01c8 1F000000 		.4byte	.LASF22
 550 01cc 01       		.byte	0x1
 551 01cd 3D       		.byte	0x3d
 552 01ce 81000000 		.4byte	0x81
 553 01d2 26010000 		.4byte	.LLST8
 554 01d6 12       		.uleb128 0x12
 555 01d7 0C000000 		.4byte	.LVL13
 556 01db 38030000 		.4byte	0x338
 557 01df 12       		.uleb128 0x12
 558 01e0 18000000 		.4byte	.LVL16
 559 01e4 49030000 		.4byte	0x349
 560 01e8 12       		.uleb128 0x12
 561 01e9 28000000 		.4byte	.LVL19
 562 01ed 49030000 		.4byte	0x349
 563 01f1 12       		.uleb128 0x12
 564 01f2 34000000 		.4byte	.LVL20
 565 01f6 49030000 		.4byte	0x349
 566 01fa 12       		.uleb128 0x12
 567 01fb 3E000000 		.4byte	.LVL23
 568 01ff 49030000 		.4byte	0x349
 569 0203 12       		.uleb128 0x12
 570 0204 4C000000 		.4byte	.LVL26
 571 0208 49030000 		.4byte	0x349
 572 020c 00       		.byte	0
 573 020d 13       		.uleb128 0x13
 574 020e 54000000 		.4byte	.LASF23
 575 0212 01       		.byte	0x1
 576 0213 4E       		.byte	0x4e
 577 0214 00000000 		.4byte	.LFB36
 578 0218 02000000 		.4byte	.LFE36-.LFB36
ARM GAS  C:\Users\Tim\AppData\Local\Temp\ccr0Thnd.s 			page 13


 579 021c 01       		.uleb128 0x1
 580 021d 9C       		.byte	0x9c
 581 021e 13       		.uleb128 0x13
 582 021f 2B020000 		.4byte	.LASF24
 583 0223 01       		.byte	0x1
 584 0224 52       		.byte	0x52
 585 0225 00000000 		.4byte	.LFB37
 586 0229 02000000 		.4byte	.LFE37-.LFB37
 587 022d 01       		.uleb128 0x1
 588 022e 9C       		.byte	0x9c
 589 022f 14       		.uleb128 0x14
 590 0230 81000000 		.4byte	.LASF35
 591 0234 01       		.byte	0x1
 592 0235 57       		.byte	0x57
 593 0236 00000000 		.4byte	.LFB38
 594 023a 40000000 		.4byte	.LFE38-.LFB38
 595 023e 01       		.uleb128 0x1
 596 023f 9C       		.byte	0x9c
 597 0240 BA020000 		.4byte	0x2ba
 598 0244 11       		.uleb128 0x11
 599 0245 696900   		.ascii	"ii\000"
 600 0248 01       		.byte	0x1
 601 0249 59       		.byte	0x59
 602 024a 6B000000 		.4byte	0x6b
 603 024e 66010000 		.4byte	.LLST9
 604 0252 10       		.uleb128 0x10
 605 0253 48010000 		.4byte	.LASF25
 606 0257 01       		.byte	0x1
 607 0258 5A       		.byte	0x5a
 608 0259 76000000 		.4byte	0x76
 609 025d 90010000 		.4byte	.LLST10
 610 0261 0D       		.uleb128 0xd
 611 0262 1A000000 		.4byte	.LVL32
 612 0266 DA000000 		.4byte	0xda
 613 026a 8F020000 		.4byte	0x28f
 614 026e 0E       		.uleb128 0xe
 615 026f 01       		.uleb128 0x1
 616 0270 53       		.byte	0x53
 617 0271 01       		.uleb128 0x1
 618 0272 3A       		.byte	0x3a
 619 0273 0E       		.uleb128 0xe
 620 0274 01       		.uleb128 0x1
 621 0275 52       		.byte	0x52
 622 0276 02       		.uleb128 0x2
 623 0277 74       		.byte	0x74
 624 0278 00       		.sleb128 0
 625 0279 0E       		.uleb128 0xe
 626 027a 01       		.uleb128 0x1
 627 027b 51       		.byte	0x51
 628 027c 02       		.uleb128 0x2
 629 027d 75       		.byte	0x75
 630 027e 00       		.sleb128 0
 631 027f 0E       		.uleb128 0xe
 632 0280 01       		.uleb128 0x1
 633 0281 50       		.byte	0x50
 634 0282 0B       		.uleb128 0xb
 635 0283 74       		.byte	0x74
ARM GAS  C:\Users\Tim\AppData\Local\Temp\ccr0Thnd.s 			page 14


 636 0284 00       		.sleb128 0
 637 0285 32       		.byte	0x32
 638 0286 24       		.byte	0x24
 639 0287 03       		.byte	0x3
 640 0288 00000000 		.4byte	.LANCHOR0
 641 028c 22       		.byte	0x22
 642 028d 06       		.byte	0x6
 643 028e 00       		.byte	0
 644 028f 0D       		.uleb128 0xd
 645 0290 22000000 		.4byte	.LVL33
 646 0294 72010000 		.4byte	0x172
 647 0298 A9020000 		.4byte	0x2a9
 648 029c 0E       		.uleb128 0xe
 649 029d 01       		.uleb128 0x1
 650 029e 51       		.byte	0x51
 651 029f 02       		.uleb128 0x2
 652 02a0 74       		.byte	0x74
 653 02a1 00       		.sleb128 0
 654 02a2 0E       		.uleb128 0xe
 655 02a3 01       		.uleb128 0x1
 656 02a4 50       		.byte	0x50
 657 02a5 02       		.uleb128 0x2
 658 02a6 75       		.byte	0x75
 659 02a7 00       		.sleb128 0
 660 02a8 00       		.byte	0
 661 02a9 15       		.uleb128 0x15
 662 02aa 30000000 		.4byte	.LVL36
 663 02ae 54030000 		.4byte	0x354
 664 02b2 0E       		.uleb128 0xe
 665 02b3 01       		.uleb128 0x1
 666 02b4 51       		.byte	0x51
 667 02b5 02       		.uleb128 0x2
 668 02b6 74       		.byte	0x74
 669 02b7 00       		.sleb128 0
 670 02b8 00       		.byte	0
 671 02b9 00       		.byte	0
 672 02ba 16       		.uleb128 0x16
 673 02bb C4000000 		.4byte	0xc4
 674 02bf CA020000 		.4byte	0x2ca
 675 02c3 17       		.uleb128 0x17
 676 02c4 A1000000 		.4byte	0xa1
 677 02c8 07       		.byte	0x7
 678 02c9 00       		.byte	0
 679 02ca 18       		.uleb128 0x18
 680 02cb 3E020000 		.4byte	.LASF26
 681 02cf 01       		.byte	0x1
 682 02d0 1D       		.byte	0x1d
 683 02d1 DB020000 		.4byte	0x2db
 684 02d5 05       		.uleb128 0x5
 685 02d6 03       		.byte	0x3
 686 02d7 20000000 		.4byte	read_pins
 687 02db 19       		.uleb128 0x19
 688 02dc BA020000 		.4byte	0x2ba
 689 02e0 16       		.uleb128 0x16
 690 02e1 A8000000 		.4byte	0xa8
 691 02e5 F0020000 		.4byte	0x2f0
 692 02e9 17       		.uleb128 0x17
ARM GAS  C:\Users\Tim\AppData\Local\Temp\ccr0Thnd.s 			page 15


 693 02ea A1000000 		.4byte	0xa1
 694 02ee 07       		.byte	0x7
 695 02ef 00       		.byte	0
 696 02f0 18       		.uleb128 0x18
 697 02f1 6E000000 		.4byte	.LASF27
 698 02f5 01       		.byte	0x1
 699 02f6 27       		.byte	0x27
 700 02f7 01030000 		.4byte	0x301
 701 02fb 05       		.uleb128 0x5
 702 02fc 03       		.byte	0x3
 703 02fd 00000000 		.4byte	write_pins
 704 0301 19       		.uleb128 0x19
 705 0302 E0020000 		.4byte	0x2e0
 706 0306 16       		.uleb128 0x16
 707 0307 9A000000 		.4byte	0x9a
 708 030b 16030000 		.4byte	0x316
 709 030f 17       		.uleb128 0x17
 710 0310 A1000000 		.4byte	0xa1
 711 0314 FF       		.byte	0xff
 712 0315 00       		.byte	0
 713 0316 1A       		.uleb128 0x1a
 714 0317 5D020000 		.4byte	.LASF36
 715 031b 05       		.byte	0x5
 716 031c 07       		.byte	0x7
 717 031d 06030000 		.4byte	0x306
 718 0321 05       		.uleb128 0x5
 719 0322 03       		.byte	0x3
 720 0323 00000000 		.4byte	formatted_string
 721 0327 1B       		.uleb128 0x1b
 722 0328 D4000000 		.4byte	.LASF28
 723 032c 03       		.byte	0x3
 724 032d 58       		.byte	0x58
 725 032e 38030000 		.4byte	0x338
 726 0332 07       		.uleb128 0x7
 727 0333 76000000 		.4byte	0x76
 728 0337 00       		.byte	0
 729 0338 1C       		.uleb128 0x1c
 730 0339 47000000 		.4byte	.LASF29
 731 033d 04       		.byte	0x4
 732 033e 15       		.byte	0x15
 733 033f 81000000 		.4byte	0x81
 734 0343 49030000 		.4byte	0x349
 735 0347 1D       		.uleb128 0x1d
 736 0348 00       		.byte	0
 737 0349 1E       		.uleb128 0x1e
 738 034a A4000000 		.4byte	.LASF37
 739 034e 03       		.byte	0x3
 740 034f 71       		.byte	0x71
 741 0350 81000000 		.4byte	0x81
 742 0354 1F       		.uleb128 0x1f
 743 0355 00000000 		.4byte	.LASF38
 744 0359 06       		.byte	0x6
 745 035a 17       		.byte	0x17
 746 035b 07       		.uleb128 0x7
 747 035c 76000000 		.4byte	0x76
 748 0360 07       		.uleb128 0x7
 749 0361 6B000000 		.4byte	0x6b
ARM GAS  C:\Users\Tim\AppData\Local\Temp\ccr0Thnd.s 			page 16


 750 0365 00       		.byte	0
 751 0366 00       		.byte	0
 752              		.section	.debug_abbrev,"",%progbits
 753              	.Ldebug_abbrev0:
 754 0000 01       		.uleb128 0x1
 755 0001 11       		.uleb128 0x11
 756 0002 01       		.byte	0x1
 757 0003 25       		.uleb128 0x25
 758 0004 0E       		.uleb128 0xe
 759 0005 13       		.uleb128 0x13
 760 0006 0B       		.uleb128 0xb
 761 0007 03       		.uleb128 0x3
 762 0008 0E       		.uleb128 0xe
 763 0009 1B       		.uleb128 0x1b
 764 000a 0E       		.uleb128 0xe
 765 000b 55       		.uleb128 0x55
 766 000c 17       		.uleb128 0x17
 767 000d 11       		.uleb128 0x11
 768 000e 01       		.uleb128 0x1
 769 000f 10       		.uleb128 0x10
 770 0010 17       		.uleb128 0x17
 771 0011 00       		.byte	0
 772 0012 00       		.byte	0
 773 0013 02       		.uleb128 0x2
 774 0014 24       		.uleb128 0x24
 775 0015 00       		.byte	0
 776 0016 0B       		.uleb128 0xb
 777 0017 0B       		.uleb128 0xb
 778 0018 3E       		.uleb128 0x3e
 779 0019 0B       		.uleb128 0xb
 780 001a 03       		.uleb128 0x3
 781 001b 0E       		.uleb128 0xe
 782 001c 00       		.byte	0
 783 001d 00       		.byte	0
 784 001e 03       		.uleb128 0x3
 785 001f 24       		.uleb128 0x24
 786 0020 00       		.byte	0
 787 0021 0B       		.uleb128 0xb
 788 0022 0B       		.uleb128 0xb
 789 0023 3E       		.uleb128 0x3e
 790 0024 0B       		.uleb128 0xb
 791 0025 03       		.uleb128 0x3
 792 0026 08       		.uleb128 0x8
 793 0027 00       		.byte	0
 794 0028 00       		.byte	0
 795 0029 04       		.uleb128 0x4
 796 002a 16       		.uleb128 0x16
 797 002b 00       		.byte	0
 798 002c 03       		.uleb128 0x3
 799 002d 0E       		.uleb128 0xe
 800 002e 3A       		.uleb128 0x3a
 801 002f 0B       		.uleb128 0xb
 802 0030 3B       		.uleb128 0x3b
 803 0031 0B       		.uleb128 0xb
 804 0032 49       		.uleb128 0x49
 805 0033 13       		.uleb128 0x13
 806 0034 00       		.byte	0
ARM GAS  C:\Users\Tim\AppData\Local\Temp\ccr0Thnd.s 			page 17


 807 0035 00       		.byte	0
 808 0036 05       		.uleb128 0x5
 809 0037 0F       		.uleb128 0xf
 810 0038 00       		.byte	0
 811 0039 0B       		.uleb128 0xb
 812 003a 0B       		.uleb128 0xb
 813 003b 49       		.uleb128 0x49
 814 003c 13       		.uleb128 0x13
 815 003d 00       		.byte	0
 816 003e 00       		.byte	0
 817 003f 06       		.uleb128 0x6
 818 0040 15       		.uleb128 0x15
 819 0041 01       		.byte	0x1
 820 0042 27       		.uleb128 0x27
 821 0043 19       		.uleb128 0x19
 822 0044 01       		.uleb128 0x1
 823 0045 13       		.uleb128 0x13
 824 0046 00       		.byte	0
 825 0047 00       		.byte	0
 826 0048 07       		.uleb128 0x7
 827 0049 05       		.uleb128 0x5
 828 004a 00       		.byte	0
 829 004b 49       		.uleb128 0x49
 830 004c 13       		.uleb128 0x13
 831 004d 00       		.byte	0
 832 004e 00       		.byte	0
 833 004f 08       		.uleb128 0x8
 834 0050 15       		.uleb128 0x15
 835 0051 00       		.byte	0
 836 0052 27       		.uleb128 0x27
 837 0053 19       		.uleb128 0x19
 838 0054 49       		.uleb128 0x49
 839 0055 13       		.uleb128 0x13
 840 0056 00       		.byte	0
 841 0057 00       		.byte	0
 842 0058 09       		.uleb128 0x9
 843 0059 2E       		.uleb128 0x2e
 844 005a 01       		.byte	0x1
 845 005b 03       		.uleb128 0x3
 846 005c 0E       		.uleb128 0xe
 847 005d 3A       		.uleb128 0x3a
 848 005e 0B       		.uleb128 0xb
 849 005f 3B       		.uleb128 0x3b
 850 0060 0B       		.uleb128 0xb
 851 0061 27       		.uleb128 0x27
 852 0062 19       		.uleb128 0x19
 853 0063 11       		.uleb128 0x11
 854 0064 01       		.uleb128 0x1
 855 0065 12       		.uleb128 0x12
 856 0066 06       		.uleb128 0x6
 857 0067 40       		.uleb128 0x40
 858 0068 18       		.uleb128 0x18
 859 0069 9742     		.uleb128 0x2117
 860 006b 19       		.uleb128 0x19
 861 006c 01       		.uleb128 0x1
 862 006d 13       		.uleb128 0x13
 863 006e 00       		.byte	0
ARM GAS  C:\Users\Tim\AppData\Local\Temp\ccr0Thnd.s 			page 18


 864 006f 00       		.byte	0
 865 0070 0A       		.uleb128 0xa
 866 0071 05       		.uleb128 0x5
 867 0072 00       		.byte	0
 868 0073 03       		.uleb128 0x3
 869 0074 0E       		.uleb128 0xe
 870 0075 3A       		.uleb128 0x3a
 871 0076 0B       		.uleb128 0xb
 872 0077 3B       		.uleb128 0x3b
 873 0078 0B       		.uleb128 0xb
 874 0079 49       		.uleb128 0x49
 875 007a 13       		.uleb128 0x13
 876 007b 02       		.uleb128 0x2
 877 007c 17       		.uleb128 0x17
 878 007d 00       		.byte	0
 879 007e 00       		.byte	0
 880 007f 0B       		.uleb128 0xb
 881 0080 05       		.uleb128 0x5
 882 0081 00       		.byte	0
 883 0082 03       		.uleb128 0x3
 884 0083 08       		.uleb128 0x8
 885 0084 3A       		.uleb128 0x3a
 886 0085 0B       		.uleb128 0xb
 887 0086 3B       		.uleb128 0x3b
 888 0087 0B       		.uleb128 0xb
 889 0088 49       		.uleb128 0x49
 890 0089 13       		.uleb128 0x13
 891 008a 02       		.uleb128 0x2
 892 008b 17       		.uleb128 0x17
 893 008c 00       		.byte	0
 894 008d 00       		.byte	0
 895 008e 0C       		.uleb128 0xc
 896 008f 898201   		.uleb128 0x4109
 897 0092 00       		.byte	0
 898 0093 11       		.uleb128 0x11
 899 0094 01       		.uleb128 0x1
 900 0095 9342     		.uleb128 0x2113
 901 0097 18       		.uleb128 0x18
 902 0098 00       		.byte	0
 903 0099 00       		.byte	0
 904 009a 0D       		.uleb128 0xd
 905 009b 898201   		.uleb128 0x4109
 906 009e 01       		.byte	0x1
 907 009f 11       		.uleb128 0x11
 908 00a0 01       		.uleb128 0x1
 909 00a1 31       		.uleb128 0x31
 910 00a2 13       		.uleb128 0x13
 911 00a3 01       		.uleb128 0x1
 912 00a4 13       		.uleb128 0x13
 913 00a5 00       		.byte	0
 914 00a6 00       		.byte	0
 915 00a7 0E       		.uleb128 0xe
 916 00a8 8A8201   		.uleb128 0x410a
 917 00ab 00       		.byte	0
 918 00ac 02       		.uleb128 0x2
 919 00ad 18       		.uleb128 0x18
 920 00ae 9142     		.uleb128 0x2111
ARM GAS  C:\Users\Tim\AppData\Local\Temp\ccr0Thnd.s 			page 19


 921 00b0 18       		.uleb128 0x18
 922 00b1 00       		.byte	0
 923 00b2 00       		.byte	0
 924 00b3 0F       		.uleb128 0xf
 925 00b4 2E       		.uleb128 0x2e
 926 00b5 01       		.byte	0x1
 927 00b6 03       		.uleb128 0x3
 928 00b7 0E       		.uleb128 0xe
 929 00b8 3A       		.uleb128 0x3a
 930 00b9 0B       		.uleb128 0xb
 931 00ba 3B       		.uleb128 0x3b
 932 00bb 0B       		.uleb128 0xb
 933 00bc 27       		.uleb128 0x27
 934 00bd 19       		.uleb128 0x19
 935 00be 49       		.uleb128 0x49
 936 00bf 13       		.uleb128 0x13
 937 00c0 11       		.uleb128 0x11
 938 00c1 01       		.uleb128 0x1
 939 00c2 12       		.uleb128 0x12
 940 00c3 06       		.uleb128 0x6
 941 00c4 40       		.uleb128 0x40
 942 00c5 18       		.uleb128 0x18
 943 00c6 9642     		.uleb128 0x2116
 944 00c8 19       		.uleb128 0x19
 945 00c9 01       		.uleb128 0x1
 946 00ca 13       		.uleb128 0x13
 947 00cb 00       		.byte	0
 948 00cc 00       		.byte	0
 949 00cd 10       		.uleb128 0x10
 950 00ce 34       		.uleb128 0x34
 951 00cf 00       		.byte	0
 952 00d0 03       		.uleb128 0x3
 953 00d1 0E       		.uleb128 0xe
 954 00d2 3A       		.uleb128 0x3a
 955 00d3 0B       		.uleb128 0xb
 956 00d4 3B       		.uleb128 0x3b
 957 00d5 0B       		.uleb128 0xb
 958 00d6 49       		.uleb128 0x49
 959 00d7 13       		.uleb128 0x13
 960 00d8 02       		.uleb128 0x2
 961 00d9 17       		.uleb128 0x17
 962 00da 00       		.byte	0
 963 00db 00       		.byte	0
 964 00dc 11       		.uleb128 0x11
 965 00dd 34       		.uleb128 0x34
 966 00de 00       		.byte	0
 967 00df 03       		.uleb128 0x3
 968 00e0 08       		.uleb128 0x8
 969 00e1 3A       		.uleb128 0x3a
 970 00e2 0B       		.uleb128 0xb
 971 00e3 3B       		.uleb128 0x3b
 972 00e4 0B       		.uleb128 0xb
 973 00e5 49       		.uleb128 0x49
 974 00e6 13       		.uleb128 0x13
 975 00e7 02       		.uleb128 0x2
 976 00e8 17       		.uleb128 0x17
 977 00e9 00       		.byte	0
ARM GAS  C:\Users\Tim\AppData\Local\Temp\ccr0Thnd.s 			page 20


 978 00ea 00       		.byte	0
 979 00eb 12       		.uleb128 0x12
 980 00ec 898201   		.uleb128 0x4109
 981 00ef 00       		.byte	0
 982 00f0 11       		.uleb128 0x11
 983 00f1 01       		.uleb128 0x1
 984 00f2 31       		.uleb128 0x31
 985 00f3 13       		.uleb128 0x13
 986 00f4 00       		.byte	0
 987 00f5 00       		.byte	0
 988 00f6 13       		.uleb128 0x13
 989 00f7 2E       		.uleb128 0x2e
 990 00f8 00       		.byte	0
 991 00f9 3F       		.uleb128 0x3f
 992 00fa 19       		.uleb128 0x19
 993 00fb 03       		.uleb128 0x3
 994 00fc 0E       		.uleb128 0xe
 995 00fd 3A       		.uleb128 0x3a
 996 00fe 0B       		.uleb128 0xb
 997 00ff 3B       		.uleb128 0x3b
 998 0100 0B       		.uleb128 0xb
 999 0101 11       		.uleb128 0x11
 1000 0102 01       		.uleb128 0x1
 1001 0103 12       		.uleb128 0x12
 1002 0104 06       		.uleb128 0x6
 1003 0105 40       		.uleb128 0x40
 1004 0106 18       		.uleb128 0x18
 1005 0107 9742     		.uleb128 0x2117
 1006 0109 19       		.uleb128 0x19
 1007 010a 00       		.byte	0
 1008 010b 00       		.byte	0
 1009 010c 14       		.uleb128 0x14
 1010 010d 2E       		.uleb128 0x2e
 1011 010e 01       		.byte	0x1
 1012 010f 3F       		.uleb128 0x3f
 1013 0110 19       		.uleb128 0x19
 1014 0111 03       		.uleb128 0x3
 1015 0112 0E       		.uleb128 0xe
 1016 0113 3A       		.uleb128 0x3a
 1017 0114 0B       		.uleb128 0xb
 1018 0115 3B       		.uleb128 0x3b
 1019 0116 0B       		.uleb128 0xb
 1020 0117 11       		.uleb128 0x11
 1021 0118 01       		.uleb128 0x1
 1022 0119 12       		.uleb128 0x12
 1023 011a 06       		.uleb128 0x6
 1024 011b 40       		.uleb128 0x40
 1025 011c 18       		.uleb128 0x18
 1026 011d 9642     		.uleb128 0x2116
 1027 011f 19       		.uleb128 0x19
 1028 0120 01       		.uleb128 0x1
 1029 0121 13       		.uleb128 0x13
 1030 0122 00       		.byte	0
 1031 0123 00       		.byte	0
 1032 0124 15       		.uleb128 0x15
 1033 0125 898201   		.uleb128 0x4109
 1034 0128 01       		.byte	0x1
ARM GAS  C:\Users\Tim\AppData\Local\Temp\ccr0Thnd.s 			page 21


 1035 0129 11       		.uleb128 0x11
 1036 012a 01       		.uleb128 0x1
 1037 012b 31       		.uleb128 0x31
 1038 012c 13       		.uleb128 0x13
 1039 012d 00       		.byte	0
 1040 012e 00       		.byte	0
 1041 012f 16       		.uleb128 0x16
 1042 0130 01       		.uleb128 0x1
 1043 0131 01       		.byte	0x1
 1044 0132 49       		.uleb128 0x49
 1045 0133 13       		.uleb128 0x13
 1046 0134 01       		.uleb128 0x1
 1047 0135 13       		.uleb128 0x13
 1048 0136 00       		.byte	0
 1049 0137 00       		.byte	0
 1050 0138 17       		.uleb128 0x17
 1051 0139 21       		.uleb128 0x21
 1052 013a 00       		.byte	0
 1053 013b 49       		.uleb128 0x49
 1054 013c 13       		.uleb128 0x13
 1055 013d 2F       		.uleb128 0x2f
 1056 013e 0B       		.uleb128 0xb
 1057 013f 00       		.byte	0
 1058 0140 00       		.byte	0
 1059 0141 18       		.uleb128 0x18
 1060 0142 34       		.uleb128 0x34
 1061 0143 00       		.byte	0
 1062 0144 03       		.uleb128 0x3
 1063 0145 0E       		.uleb128 0xe
 1064 0146 3A       		.uleb128 0x3a
 1065 0147 0B       		.uleb128 0xb
 1066 0148 3B       		.uleb128 0x3b
 1067 0149 0B       		.uleb128 0xb
 1068 014a 49       		.uleb128 0x49
 1069 014b 13       		.uleb128 0x13
 1070 014c 02       		.uleb128 0x2
 1071 014d 18       		.uleb128 0x18
 1072 014e 00       		.byte	0
 1073 014f 00       		.byte	0
 1074 0150 19       		.uleb128 0x19
 1075 0151 26       		.uleb128 0x26
 1076 0152 00       		.byte	0
 1077 0153 49       		.uleb128 0x49
 1078 0154 13       		.uleb128 0x13
 1079 0155 00       		.byte	0
 1080 0156 00       		.byte	0
 1081 0157 1A       		.uleb128 0x1a
 1082 0158 34       		.uleb128 0x34
 1083 0159 00       		.byte	0
 1084 015a 03       		.uleb128 0x3
 1085 015b 0E       		.uleb128 0xe
 1086 015c 3A       		.uleb128 0x3a
 1087 015d 0B       		.uleb128 0xb
 1088 015e 3B       		.uleb128 0x3b
 1089 015f 0B       		.uleb128 0xb
 1090 0160 49       		.uleb128 0x49
 1091 0161 13       		.uleb128 0x13
ARM GAS  C:\Users\Tim\AppData\Local\Temp\ccr0Thnd.s 			page 22


 1092 0162 3F       		.uleb128 0x3f
 1093 0163 19       		.uleb128 0x19
 1094 0164 02       		.uleb128 0x2
 1095 0165 18       		.uleb128 0x18
 1096 0166 00       		.byte	0
 1097 0167 00       		.byte	0
 1098 0168 1B       		.uleb128 0x1b
 1099 0169 2E       		.uleb128 0x2e
 1100 016a 01       		.byte	0x1
 1101 016b 3F       		.uleb128 0x3f
 1102 016c 19       		.uleb128 0x19
 1103 016d 03       		.uleb128 0x3
 1104 016e 0E       		.uleb128 0xe
 1105 016f 3A       		.uleb128 0x3a
 1106 0170 0B       		.uleb128 0xb
 1107 0171 3B       		.uleb128 0x3b
 1108 0172 0B       		.uleb128 0xb
 1109 0173 27       		.uleb128 0x27
 1110 0174 19       		.uleb128 0x19
 1111 0175 3C       		.uleb128 0x3c
 1112 0176 19       		.uleb128 0x19
 1113 0177 01       		.uleb128 0x1
 1114 0178 13       		.uleb128 0x13
 1115 0179 00       		.byte	0
 1116 017a 00       		.byte	0
 1117 017b 1C       		.uleb128 0x1c
 1118 017c 2E       		.uleb128 0x2e
 1119 017d 01       		.byte	0x1
 1120 017e 3F       		.uleb128 0x3f
 1121 017f 19       		.uleb128 0x19
 1122 0180 03       		.uleb128 0x3
 1123 0181 0E       		.uleb128 0xe
 1124 0182 3A       		.uleb128 0x3a
 1125 0183 0B       		.uleb128 0xb
 1126 0184 3B       		.uleb128 0x3b
 1127 0185 0B       		.uleb128 0xb
 1128 0186 49       		.uleb128 0x49
 1129 0187 13       		.uleb128 0x13
 1130 0188 3C       		.uleb128 0x3c
 1131 0189 19       		.uleb128 0x19
 1132 018a 01       		.uleb128 0x1
 1133 018b 13       		.uleb128 0x13
 1134 018c 00       		.byte	0
 1135 018d 00       		.byte	0
 1136 018e 1D       		.uleb128 0x1d
 1137 018f 18       		.uleb128 0x18
 1138 0190 00       		.byte	0
 1139 0191 00       		.byte	0
 1140 0192 00       		.byte	0
 1141 0193 1E       		.uleb128 0x1e
 1142 0194 2E       		.uleb128 0x2e
 1143 0195 00       		.byte	0
 1144 0196 3F       		.uleb128 0x3f
 1145 0197 19       		.uleb128 0x19
 1146 0198 03       		.uleb128 0x3
 1147 0199 0E       		.uleb128 0xe
 1148 019a 3A       		.uleb128 0x3a
ARM GAS  C:\Users\Tim\AppData\Local\Temp\ccr0Thnd.s 			page 23


 1149 019b 0B       		.uleb128 0xb
 1150 019c 3B       		.uleb128 0x3b
 1151 019d 0B       		.uleb128 0xb
 1152 019e 27       		.uleb128 0x27
 1153 019f 19       		.uleb128 0x19
 1154 01a0 49       		.uleb128 0x49
 1155 01a1 13       		.uleb128 0x13
 1156 01a2 3C       		.uleb128 0x3c
 1157 01a3 19       		.uleb128 0x19
 1158 01a4 00       		.byte	0
 1159 01a5 00       		.byte	0
 1160 01a6 1F       		.uleb128 0x1f
 1161 01a7 2E       		.uleb128 0x2e
 1162 01a8 01       		.byte	0x1
 1163 01a9 3F       		.uleb128 0x3f
 1164 01aa 19       		.uleb128 0x19
 1165 01ab 03       		.uleb128 0x3
 1166 01ac 0E       		.uleb128 0xe
 1167 01ad 3A       		.uleb128 0x3a
 1168 01ae 0B       		.uleb128 0xb
 1169 01af 3B       		.uleb128 0x3b
 1170 01b0 0B       		.uleb128 0xb
 1171 01b1 27       		.uleb128 0x27
 1172 01b2 19       		.uleb128 0x19
 1173 01b3 3C       		.uleb128 0x3c
 1174 01b4 19       		.uleb128 0x19
 1175 01b5 00       		.byte	0
 1176 01b6 00       		.byte	0
 1177 01b7 00       		.byte	0
 1178              		.section	.debug_loc,"",%progbits
 1179              	.Ldebug_loc0:
 1180              	.LLST0:
 1181 0000 00000000 		.4byte	.LVL0
 1182 0004 0C000000 		.4byte	.LVL1
 1183 0008 0100     		.2byte	0x1
 1184 000a 50       		.byte	0x50
 1185 000b 0C000000 		.4byte	.LVL1
 1186 000f 32000000 		.4byte	.LVL10
 1187 0013 0100     		.2byte	0x1
 1188 0015 57       		.byte	0x57
 1189 0016 32000000 		.4byte	.LVL10
 1190 001a 34000000 		.4byte	.LFE34
 1191 001e 0400     		.2byte	0x4
 1192 0020 F3       		.byte	0xf3
 1193 0021 01       		.uleb128 0x1
 1194 0022 50       		.byte	0x50
 1195 0023 9F       		.byte	0x9f
 1196 0024 00000000 		.4byte	0
 1197 0028 00000000 		.4byte	0
 1198              	.LLST1:
 1199 002c 00000000 		.4byte	.LVL0
 1200 0030 15000000 		.4byte	.LVL2-1
 1201 0034 0100     		.2byte	0x1
 1202 0036 51       		.byte	0x51
 1203 0037 15000000 		.4byte	.LVL2-1
 1204 003b 32000000 		.4byte	.LVL9
 1205 003f 0100     		.2byte	0x1
ARM GAS  C:\Users\Tim\AppData\Local\Temp\ccr0Thnd.s 			page 24


 1206 0041 55       		.byte	0x55
 1207 0042 32000000 		.4byte	.LVL9
 1208 0046 34000000 		.4byte	.LFE34
 1209 004a 0400     		.2byte	0x4
 1210 004c F3       		.byte	0xf3
 1211 004d 01       		.uleb128 0x1
 1212 004e 51       		.byte	0x51
 1213 004f 9F       		.byte	0x9f
 1214 0050 00000000 		.4byte	0
 1215 0054 00000000 		.4byte	0
 1216              	.LLST2:
 1217 0058 00000000 		.4byte	.LVL0
 1218 005c 15000000 		.4byte	.LVL2-1
 1219 0060 0100     		.2byte	0x1
 1220 0062 52       		.byte	0x52
 1221 0063 15000000 		.4byte	.LVL2-1
 1222 0067 34000000 		.4byte	.LFE34
 1223 006b 0400     		.2byte	0x4
 1224 006d F3       		.byte	0xf3
 1225 006e 01       		.uleb128 0x1
 1226 006f 52       		.byte	0x52
 1227 0070 9F       		.byte	0x9f
 1228 0071 00000000 		.4byte	0
 1229 0075 00000000 		.4byte	0
 1230              	.LLST3:
 1231 0079 00000000 		.4byte	.LVL0
 1232 007d 15000000 		.4byte	.LVL2-1
 1233 0081 0100     		.2byte	0x1
 1234 0083 53       		.byte	0x53
 1235 0084 15000000 		.4byte	.LVL2-1
 1236 0088 34000000 		.4byte	.LFE34
 1237 008c 0400     		.2byte	0x4
 1238 008e F3       		.byte	0xf3
 1239 008f 01       		.uleb128 0x1
 1240 0090 53       		.byte	0x53
 1241 0091 9F       		.byte	0x9f
 1242 0092 00000000 		.4byte	0
 1243 0096 00000000 		.4byte	0
 1244              	.LLST4:
 1245 009a 00000000 		.4byte	.LVL11
 1246 009e 0B000000 		.4byte	.LVL13-1
 1247 00a2 0100     		.2byte	0x1
 1248 00a4 50       		.byte	0x50
 1249 00a5 0B000000 		.4byte	.LVL13-1
 1250 00a9 6A000000 		.4byte	.LVL29
 1251 00ad 0100     		.2byte	0x1
 1252 00af 56       		.byte	0x56
 1253 00b0 6A000000 		.4byte	.LVL29
 1254 00b4 78000000 		.4byte	.LFE35
 1255 00b8 0400     		.2byte	0x4
 1256 00ba F3       		.byte	0xf3
 1257 00bb 01       		.uleb128 0x1
 1258 00bc 50       		.byte	0x50
 1259 00bd 9F       		.byte	0x9f
 1260 00be 00000000 		.4byte	0
 1261 00c2 00000000 		.4byte	0
 1262              	.LLST5:
ARM GAS  C:\Users\Tim\AppData\Local\Temp\ccr0Thnd.s 			page 25


 1263 00c6 00000000 		.4byte	.LVL11
 1264 00ca 0B000000 		.4byte	.LVL13-1
 1265 00ce 0100     		.2byte	0x1
 1266 00d0 51       		.byte	0x51
 1267 00d1 0B000000 		.4byte	.LVL13-1
 1268 00d5 78000000 		.4byte	.LFE35
 1269 00d9 0400     		.2byte	0x4
 1270 00db F3       		.byte	0xf3
 1271 00dc 01       		.uleb128 0x1
 1272 00dd 51       		.byte	0x51
 1273 00de 9F       		.byte	0x9f
 1274 00df 00000000 		.4byte	0
 1275 00e3 00000000 		.4byte	0
 1276              	.LLST6:
 1277 00e7 08000000 		.4byte	.LVL12
 1278 00eb 14000000 		.4byte	.LVL15
 1279 00ef 0200     		.2byte	0x2
 1280 00f1 30       		.byte	0x30
 1281 00f2 9F       		.byte	0x9f
 1282 00f3 14000000 		.4byte	.LVL15
 1283 00f7 78000000 		.4byte	.LFE35
 1284 00fb 0200     		.2byte	0x2
 1285 00fd 91       		.byte	0x91
 1286 00fe 64       		.sleb128 -28
 1287 00ff 00000000 		.4byte	0
 1288 0103 00000000 		.4byte	0
 1289              	.LLST7:
 1290 0107 08000000 		.4byte	.LVL12
 1291 010b 3A000000 		.4byte	.LVL22
 1292 010f 0200     		.2byte	0x2
 1293 0111 30       		.byte	0x30
 1294 0112 9F       		.byte	0x9f
 1295 0113 3A000000 		.4byte	.LVL22
 1296 0117 6A000000 		.4byte	.LVL28
 1297 011b 0100     		.2byte	0x1
 1298 011d 55       		.byte	0x55
 1299 011e 00000000 		.4byte	0
 1300 0122 00000000 		.4byte	0
 1301              	.LLST8:
 1302 0126 08000000 		.4byte	.LVL12
 1303 012a 0E000000 		.4byte	.LVL14
 1304 012e 0200     		.2byte	0x2
 1305 0130 30       		.byte	0x30
 1306 0131 9F       		.byte	0x9f
 1307 0132 0E000000 		.4byte	.LVL14
 1308 0136 14000000 		.4byte	.LVL15
 1309 013a 0100     		.2byte	0x1
 1310 013c 50       		.byte	0x50
 1311 013d 14000000 		.4byte	.LVL15
 1312 0141 36000000 		.4byte	.LVL21
 1313 0145 0100     		.2byte	0x1
 1314 0147 54       		.byte	0x54
 1315 0148 36000000 		.4byte	.LVL21
 1316 014c 3A000000 		.4byte	.LVL22
 1317 0150 0100     		.2byte	0x1
 1318 0152 50       		.byte	0x50
 1319 0153 3A000000 		.4byte	.LVL22
ARM GAS  C:\Users\Tim\AppData\Local\Temp\ccr0Thnd.s 			page 26


 1320 0157 6A000000 		.4byte	.LVL27
 1321 015b 0100     		.2byte	0x1
 1322 015d 54       		.byte	0x54
 1323 015e 00000000 		.4byte	0
 1324 0162 00000000 		.4byte	0
 1325              	.LLST9:
 1326 0166 02000000 		.4byte	.LVL30
 1327 016a 06000000 		.4byte	.LVL31
 1328 016e 0200     		.2byte	0x2
 1329 0170 30       		.byte	0x30
 1330 0171 9F       		.byte	0x9f
 1331 0172 06000000 		.4byte	.LVL31
 1332 0176 32000000 		.4byte	.LVL37
 1333 017a 0100     		.2byte	0x1
 1334 017c 54       		.byte	0x54
 1335 017d 34000000 		.4byte	.LVL38
 1336 0181 38000000 		.4byte	.LVL39
 1337 0185 0100     		.2byte	0x1
 1338 0187 54       		.byte	0x54
 1339 0188 00000000 		.4byte	0
 1340 018c 00000000 		.4byte	0
 1341              	.LLST10:
 1342 0190 2A000000 		.4byte	.LVL35
 1343 0194 2F000000 		.4byte	.LVL36-1
 1344 0198 0100     		.2byte	0x1
 1345 019a 50       		.byte	0x50
 1346 019b 00000000 		.4byte	0
 1347 019f 00000000 		.4byte	0
 1348              		.section	.debug_aranges,"",%progbits
 1349 0000 3C000000 		.4byte	0x3c
 1350 0004 0200     		.2byte	0x2
 1351 0006 00000000 		.4byte	.Ldebug_info0
 1352 000a 04       		.byte	0x4
 1353 000b 00       		.byte	0
 1354 000c 0000     		.2byte	0
 1355 000e 0000     		.2byte	0
 1356 0010 00000000 		.4byte	.LFB34
 1357 0014 34000000 		.4byte	.LFE34-.LFB34
 1358 0018 00000000 		.4byte	.LFB35
 1359 001c 78000000 		.4byte	.LFE35-.LFB35
 1360 0020 00000000 		.4byte	.LFB36
 1361 0024 02000000 		.4byte	.LFE36-.LFB36
 1362 0028 00000000 		.4byte	.LFB37
 1363 002c 02000000 		.4byte	.LFE37-.LFB37
 1364 0030 00000000 		.4byte	.LFB38
 1365 0034 40000000 		.4byte	.LFE38-.LFB38
 1366 0038 00000000 		.4byte	0
 1367 003c 00000000 		.4byte	0
 1368              		.section	.debug_ranges,"",%progbits
 1369              	.Ldebug_ranges0:
 1370 0000 00000000 		.4byte	.LFB34
 1371 0004 34000000 		.4byte	.LFE34
 1372 0008 00000000 		.4byte	.LFB35
 1373 000c 78000000 		.4byte	.LFE35
 1374 0010 00000000 		.4byte	.LFB36
 1375 0014 02000000 		.4byte	.LFE36
 1376 0018 00000000 		.4byte	.LFB37
ARM GAS  C:\Users\Tim\AppData\Local\Temp\ccr0Thnd.s 			page 27


 1377 001c 02000000 		.4byte	.LFE37
 1378 0020 00000000 		.4byte	.LFB38
 1379 0024 40000000 		.4byte	.LFE38
 1380 0028 00000000 		.4byte	0
 1381 002c 00000000 		.4byte	0
 1382              		.section	.debug_line,"",%progbits
 1383              	.Ldebug_line0:
 1384 0000 1D010000 		.section	.debug_str,"MS",%progbits,1
 1384      02007B00 
 1384      00000201 
 1384      FB0E0D00 
 1384      01010101 
 1385              	.LASF38:
 1386 0000 52706949 		.ascii	"RpiI2c_WriteUltrasonicDistance\000"
 1386      32635F57 
 1386      72697465 
 1386      556C7472 
 1386      61736F6E 
 1387              	.LASF22:
 1388 001f 74696D65 		.ascii	"timeout\000"
 1388      6F757400 
 1389              	.LASF21:
 1390 0027 73746172 		.ascii	"start\000"
 1390      7400
 1391              	.LASF3:
 1392 002d 73686F72 		.ascii	"short unsigned int\000"
 1392      7420756E 
 1392      7369676E 
 1392      65642069 
 1392      6E7400
 1393              	.LASF13:
 1394 0040 646F7562 		.ascii	"double\000"
 1394      6C6500
 1395              	.LASF29:
 1396 0047 6D696372 		.ascii	"micros\000"
 1396      6F7300
 1397              	.LASF12:
 1398 004e 666C6F61 		.ascii	"float\000"
 1398      7400
 1399              	.LASF23:
 1400 0054 48435352 		.ascii	"HCSR04_Init\000"
 1400      30345F49 
 1400      6E697400 
 1401              	.LASF1:
 1402 0060 756E7369 		.ascii	"unsigned char\000"
 1402      676E6564 
 1402      20636861 
 1402      7200
 1403              	.LASF27:
 1404 006e 77726974 		.ascii	"write_pins\000"
 1404      655F7069 
 1404      6E7300
 1405              	.LASF34:
 1406 0079 50756C73 		.ascii	"PulseIn\000"
 1406      65496E00 
 1407              	.LASF35:
 1408 0081 48435352 		.ascii	"HCSR04_Measure\000"
ARM GAS  C:\Users\Tim\AppData\Local\Temp\ccr0Thnd.s 			page 28


 1408      30345F4D 
 1408      65617375 
 1408      726500
 1409              	.LASF17:
 1410 0090 70696E5F 		.ascii	"pin_read_func\000"
 1410      72656164 
 1410      5F66756E 
 1410      6300
 1411              	.LASF18:
 1412 009e 77726974 		.ascii	"write\000"
 1412      6500
 1413              	.LASF37:
 1414 00a4 43795379 		.ascii	"CySysTickGetValue\000"
 1414      73546963 
 1414      6B476574 
 1414      56616C75 
 1414      6500
 1415              	.LASF5:
 1416 00b6 6C6F6E67 		.ascii	"long unsigned int\000"
 1416      20756E73 
 1416      69676E65 
 1416      6420696E 
 1416      7400
 1417              	.LASF10:
 1418 00c8 75696E74 		.ascii	"uint16\000"
 1418      313600
 1419              	.LASF19:
 1420 00cf 72656164 		.ascii	"read\000"
 1420      00
 1421              	.LASF28:
 1422 00d4 43794465 		.ascii	"CyDelayUs\000"
 1422      6C617955 
 1422      7300
 1423              	.LASF11:
 1424 00de 75696E74 		.ascii	"uint32\000"
 1424      333200
 1425              	.LASF33:
 1426 00e5 50756C73 		.ascii	"PulseOut\000"
 1426      654F7574 
 1426      00
 1427              	.LASF8:
 1428 00ee 756E7369 		.ascii	"unsigned int\000"
 1428      676E6564 
 1428      20696E74 
 1428      00
 1429              	.LASF32:
 1430 00fb 443A5C44 		.ascii	"D:\\Documents\\PSoC Creator\\Arlobot\\Board-KitProg"
 1430      6F63756D 
 1430      656E7473 
 1430      5C50536F 
 1430      43204372 
 1431 012a 2E637964 		.ascii	".cydsn\000"
 1431      736E00
 1432              	.LASF7:
 1433 0131 6C6F6E67 		.ascii	"long long unsigned int\000"
 1433      206C6F6E 
 1433      6720756E 
ARM GAS  C:\Users\Tim\AppData\Local\Temp\ccr0Thnd.s 			page 29


 1433      7369676E 
 1433      65642069 
 1434              	.LASF25:
 1435 0148 72657375 		.ascii	"result\000"
 1435      6C7400
 1436              	.LASF31:
 1437 014f 2E2E5C73 		.ascii	"..\\source\\hcsr04.c\000"
 1437      6F757263 
 1437      655C6863 
 1437      73723034 
 1437      2E6300
 1438              	.LASF15:
 1439 0162 73697A65 		.ascii	"sizetype\000"
 1439      74797065 
 1439      00
 1440              	.LASF30:
 1441 016b 474E5520 		.ascii	"GNU C 4.9.3 20150303 (release) [ARM/embedded-4_9-br"
 1441      4320342E 
 1441      392E3320 
 1441      32303135 
 1441      30333033 
 1442 019e 616E6368 		.ascii	"anch revision 221220] -mcpu=cortex-m0 -mthumb -g -O"
 1442      20726576 
 1442      6973696F 
 1442      6E203232 
 1442      31323230 
 1443 01d1 67202D66 		.ascii	"g -ffunction-sections -ffat-lto-objects\000"
 1443      66756E63 
 1443      74696F6E 
 1443      2D736563 
 1443      74696F6E 
 1444              	.LASF6:
 1445 01f9 6C6F6E67 		.ascii	"long long int\000"
 1445      206C6F6E 
 1445      6720696E 
 1445      7400
 1446              	.LASF14:
 1447 0207 63686172 		.ascii	"char\000"
 1447      00
 1448              	.LASF16:
 1449 020c 70696E5F 		.ascii	"pin_write_func\000"
 1449      77726974 
 1449      655F6675 
 1449      6E6300
 1450              	.LASF20:
 1451 021b 77696474 		.ascii	"width\000"
 1451      6800
 1452              	.LASF2:
 1453 0221 73686F72 		.ascii	"short int\000"
 1453      7420696E 
 1453      7400
 1454              	.LASF24:
 1455 022b 48435352 		.ascii	"HCSR04_Start\000"
 1455      30345F53 
 1455      74617274 
 1455      00
 1456              	.LASF9:
ARM GAS  C:\Users\Tim\AppData\Local\Temp\ccr0Thnd.s 			page 30


 1457 0238 75696E74 		.ascii	"uint8\000"
 1457      3800
 1458              	.LASF26:
 1459 023e 72656164 		.ascii	"read_pins\000"
 1459      5F70696E 
 1459      7300
 1460              	.LASF4:
 1461 0248 6C6F6E67 		.ascii	"long int\000"
 1461      20696E74 
 1461      00
 1462              	.LASF0:
 1463 0251 7369676E 		.ascii	"signed char\000"
 1463      65642063 
 1463      68617200 
 1464              	.LASF36:
 1465 025d 666F726D 		.ascii	"formatted_string\000"
 1465      61747465 
 1465      645F7374 
 1465      72696E67 
 1465      00
 1466              		.ident	"GCC: (GNU Tools for ARM Embedded Processors) 4.9.3 20150303 (release) [ARM/embedded-4_9-br
