ARM GAS  C:\Users\Tim\AppData\Local\Temp\ccXbXi7C.s 			page 1


   1              		.cpu cortex-m0
   2              		.fpu softvfp
   3              		.eabi_attribute 20, 1
   4              		.eabi_attribute 21, 1
   5              		.eabi_attribute 23, 3
   6              		.eabi_attribute 24, 1
   7              		.eabi_attribute 25, 1
   8              		.eabi_attribute 26, 1
   9              		.eabi_attribute 30, 1
  10              		.eabi_attribute 34, 0
  11              		.eabi_attribute 18, 4
  12              		.code	16
  13              		.file	"HCSR04_Timeout_Intr.c"
  14              		.text
  15              	.Ltext0:
  16              		.cfi_sections	.debug_frame
  17              		.section	.text.HCSR04_Timeout_Intr_Interrupt,"ax",%progbits
  18              		.align	2
  19              		.global	HCSR04_Timeout_Intr_Interrupt
  20              		.code	16
  21              		.thumb_func
  22              		.type	HCSR04_Timeout_Intr_Interrupt, %function
  23              	HCSR04_Timeout_Intr_Interrupt:
  24              	.LFB4:
  25              		.file 1 ".\\Generated_Source\\PSoC4\\HCSR04_Timeout_Intr.c"
   1:.\Generated_Source\PSoC4/HCSR04_Timeout_Intr.c **** /*******************************************************************************
   2:.\Generated_Source\PSoC4/HCSR04_Timeout_Intr.c **** * File Name: HCSR04_Timeout_Intr.c  
   3:.\Generated_Source\PSoC4/HCSR04_Timeout_Intr.c **** * Version 1.70
   4:.\Generated_Source\PSoC4/HCSR04_Timeout_Intr.c **** *
   5:.\Generated_Source\PSoC4/HCSR04_Timeout_Intr.c **** *  Description:
   6:.\Generated_Source\PSoC4/HCSR04_Timeout_Intr.c **** *   API for controlling the state of an interrupt.
   7:.\Generated_Source\PSoC4/HCSR04_Timeout_Intr.c **** *
   8:.\Generated_Source\PSoC4/HCSR04_Timeout_Intr.c **** *
   9:.\Generated_Source\PSoC4/HCSR04_Timeout_Intr.c **** *  Note:
  10:.\Generated_Source\PSoC4/HCSR04_Timeout_Intr.c **** *
  11:.\Generated_Source\PSoC4/HCSR04_Timeout_Intr.c **** ********************************************************************************
  12:.\Generated_Source\PSoC4/HCSR04_Timeout_Intr.c **** * Copyright 2008-2015, Cypress Semiconductor Corporation.  All rights reserved.
  13:.\Generated_Source\PSoC4/HCSR04_Timeout_Intr.c **** * You may use this file only in accordance with the license, terms, conditions, 
  14:.\Generated_Source\PSoC4/HCSR04_Timeout_Intr.c **** * disclaimers, and limitations in the end user license agreement accompanying 
  15:.\Generated_Source\PSoC4/HCSR04_Timeout_Intr.c **** * the software package with which this file was provided.
  16:.\Generated_Source\PSoC4/HCSR04_Timeout_Intr.c **** *******************************************************************************/
  17:.\Generated_Source\PSoC4/HCSR04_Timeout_Intr.c **** 
  18:.\Generated_Source\PSoC4/HCSR04_Timeout_Intr.c **** 
  19:.\Generated_Source\PSoC4/HCSR04_Timeout_Intr.c **** #include <cydevice_trm.h>
  20:.\Generated_Source\PSoC4/HCSR04_Timeout_Intr.c **** #include <CyLib.h>
  21:.\Generated_Source\PSoC4/HCSR04_Timeout_Intr.c **** #include <HCSR04_Timeout_Intr.h>
  22:.\Generated_Source\PSoC4/HCSR04_Timeout_Intr.c **** #include "cyapicallbacks.h"
  23:.\Generated_Source\PSoC4/HCSR04_Timeout_Intr.c **** 
  24:.\Generated_Source\PSoC4/HCSR04_Timeout_Intr.c **** #if !defined(HCSR04_Timeout_Intr__REMOVED) /* Check for removal by optimization */
  25:.\Generated_Source\PSoC4/HCSR04_Timeout_Intr.c **** 
  26:.\Generated_Source\PSoC4/HCSR04_Timeout_Intr.c **** /*******************************************************************************
  27:.\Generated_Source\PSoC4/HCSR04_Timeout_Intr.c **** *  Place your includes, defines and code here 
  28:.\Generated_Source\PSoC4/HCSR04_Timeout_Intr.c **** ********************************************************************************/
  29:.\Generated_Source\PSoC4/HCSR04_Timeout_Intr.c **** /* `#START HCSR04_Timeout_Intr_intc` */
  30:.\Generated_Source\PSoC4/HCSR04_Timeout_Intr.c **** 
  31:.\Generated_Source\PSoC4/HCSR04_Timeout_Intr.c **** /* `#END` */
  32:.\Generated_Source\PSoC4/HCSR04_Timeout_Intr.c **** 
ARM GAS  C:\Users\Tim\AppData\Local\Temp\ccXbXi7C.s 			page 2


  33:.\Generated_Source\PSoC4/HCSR04_Timeout_Intr.c **** extern cyisraddress CyRamVectors[CYINT_IRQ_BASE + CY_NUM_INTERRUPTS];
  34:.\Generated_Source\PSoC4/HCSR04_Timeout_Intr.c **** 
  35:.\Generated_Source\PSoC4/HCSR04_Timeout_Intr.c **** /* Declared in startup, used to set unused interrupts to. */
  36:.\Generated_Source\PSoC4/HCSR04_Timeout_Intr.c **** CY_ISR_PROTO(IntDefaultHandler);
  37:.\Generated_Source\PSoC4/HCSR04_Timeout_Intr.c **** 
  38:.\Generated_Source\PSoC4/HCSR04_Timeout_Intr.c **** 
  39:.\Generated_Source\PSoC4/HCSR04_Timeout_Intr.c **** /*******************************************************************************
  40:.\Generated_Source\PSoC4/HCSR04_Timeout_Intr.c **** * Function Name: HCSR04_Timeout_Intr_Start
  41:.\Generated_Source\PSoC4/HCSR04_Timeout_Intr.c **** ********************************************************************************
  42:.\Generated_Source\PSoC4/HCSR04_Timeout_Intr.c **** *
  43:.\Generated_Source\PSoC4/HCSR04_Timeout_Intr.c **** * Summary:
  44:.\Generated_Source\PSoC4/HCSR04_Timeout_Intr.c **** *  Set up the interrupt and enable it. This function disables the interrupt, 
  45:.\Generated_Source\PSoC4/HCSR04_Timeout_Intr.c **** *  sets the default interrupt vector, sets the priority from the value in the
  46:.\Generated_Source\PSoC4/HCSR04_Timeout_Intr.c **** *  Design Wide Resources Interrupt Editor, then enables the interrupt to the 
  47:.\Generated_Source\PSoC4/HCSR04_Timeout_Intr.c **** *  interrupt controller.
  48:.\Generated_Source\PSoC4/HCSR04_Timeout_Intr.c **** *
  49:.\Generated_Source\PSoC4/HCSR04_Timeout_Intr.c **** * Parameters:  
  50:.\Generated_Source\PSoC4/HCSR04_Timeout_Intr.c **** *   None
  51:.\Generated_Source\PSoC4/HCSR04_Timeout_Intr.c **** *
  52:.\Generated_Source\PSoC4/HCSR04_Timeout_Intr.c **** * Return:
  53:.\Generated_Source\PSoC4/HCSR04_Timeout_Intr.c **** *   None
  54:.\Generated_Source\PSoC4/HCSR04_Timeout_Intr.c **** *
  55:.\Generated_Source\PSoC4/HCSR04_Timeout_Intr.c **** *******************************************************************************/
  56:.\Generated_Source\PSoC4/HCSR04_Timeout_Intr.c **** void HCSR04_Timeout_Intr_Start(void)
  57:.\Generated_Source\PSoC4/HCSR04_Timeout_Intr.c **** {
  58:.\Generated_Source\PSoC4/HCSR04_Timeout_Intr.c ****     /* For all we know the interrupt is active. */
  59:.\Generated_Source\PSoC4/HCSR04_Timeout_Intr.c ****     HCSR04_Timeout_Intr_Disable();
  60:.\Generated_Source\PSoC4/HCSR04_Timeout_Intr.c **** 
  61:.\Generated_Source\PSoC4/HCSR04_Timeout_Intr.c ****     /* Set the ISR to point to the HCSR04_Timeout_Intr Interrupt. */
  62:.\Generated_Source\PSoC4/HCSR04_Timeout_Intr.c ****     HCSR04_Timeout_Intr_SetVector(&HCSR04_Timeout_Intr_Interrupt);
  63:.\Generated_Source\PSoC4/HCSR04_Timeout_Intr.c **** 
  64:.\Generated_Source\PSoC4/HCSR04_Timeout_Intr.c ****     /* Set the priority. */
  65:.\Generated_Source\PSoC4/HCSR04_Timeout_Intr.c ****     HCSR04_Timeout_Intr_SetPriority((uint8)HCSR04_Timeout_Intr_INTC_PRIOR_NUMBER);
  66:.\Generated_Source\PSoC4/HCSR04_Timeout_Intr.c **** 
  67:.\Generated_Source\PSoC4/HCSR04_Timeout_Intr.c ****     /* Enable it. */
  68:.\Generated_Source\PSoC4/HCSR04_Timeout_Intr.c ****     HCSR04_Timeout_Intr_Enable();
  69:.\Generated_Source\PSoC4/HCSR04_Timeout_Intr.c **** }
  70:.\Generated_Source\PSoC4/HCSR04_Timeout_Intr.c **** 
  71:.\Generated_Source\PSoC4/HCSR04_Timeout_Intr.c **** 
  72:.\Generated_Source\PSoC4/HCSR04_Timeout_Intr.c **** /*******************************************************************************
  73:.\Generated_Source\PSoC4/HCSR04_Timeout_Intr.c **** * Function Name: HCSR04_Timeout_Intr_StartEx
  74:.\Generated_Source\PSoC4/HCSR04_Timeout_Intr.c **** ********************************************************************************
  75:.\Generated_Source\PSoC4/HCSR04_Timeout_Intr.c **** *
  76:.\Generated_Source\PSoC4/HCSR04_Timeout_Intr.c **** * Summary:
  77:.\Generated_Source\PSoC4/HCSR04_Timeout_Intr.c **** *  Sets up the interrupt and enables it. This function disables the interrupt,
  78:.\Generated_Source\PSoC4/HCSR04_Timeout_Intr.c **** *  sets the interrupt vector based on the address passed in, sets the priority 
  79:.\Generated_Source\PSoC4/HCSR04_Timeout_Intr.c **** *  from the value in the Design Wide Resources Interrupt Editor, then enables 
  80:.\Generated_Source\PSoC4/HCSR04_Timeout_Intr.c **** *  the interrupt to the interrupt controller.
  81:.\Generated_Source\PSoC4/HCSR04_Timeout_Intr.c **** *  
  82:.\Generated_Source\PSoC4/HCSR04_Timeout_Intr.c **** *  When defining ISR functions, the CY_ISR and CY_ISR_PROTO macros should be 
  83:.\Generated_Source\PSoC4/HCSR04_Timeout_Intr.c **** *  used to provide consistent definition across compilers:
  84:.\Generated_Source\PSoC4/HCSR04_Timeout_Intr.c **** *  
  85:.\Generated_Source\PSoC4/HCSR04_Timeout_Intr.c **** *  Function definition example:
  86:.\Generated_Source\PSoC4/HCSR04_Timeout_Intr.c **** *   CY_ISR(MyISR)
  87:.\Generated_Source\PSoC4/HCSR04_Timeout_Intr.c **** *   {
  88:.\Generated_Source\PSoC4/HCSR04_Timeout_Intr.c **** *   }
  89:.\Generated_Source\PSoC4/HCSR04_Timeout_Intr.c **** *   Function prototype example:
ARM GAS  C:\Users\Tim\AppData\Local\Temp\ccXbXi7C.s 			page 3


  90:.\Generated_Source\PSoC4/HCSR04_Timeout_Intr.c **** *   CY_ISR_PROTO(MyISR);
  91:.\Generated_Source\PSoC4/HCSR04_Timeout_Intr.c **** *
  92:.\Generated_Source\PSoC4/HCSR04_Timeout_Intr.c **** * Parameters:  
  93:.\Generated_Source\PSoC4/HCSR04_Timeout_Intr.c **** *   address: Address of the ISR to set in the interrupt vector table.
  94:.\Generated_Source\PSoC4/HCSR04_Timeout_Intr.c **** *
  95:.\Generated_Source\PSoC4/HCSR04_Timeout_Intr.c **** * Return:
  96:.\Generated_Source\PSoC4/HCSR04_Timeout_Intr.c **** *   None
  97:.\Generated_Source\PSoC4/HCSR04_Timeout_Intr.c **** *
  98:.\Generated_Source\PSoC4/HCSR04_Timeout_Intr.c **** *******************************************************************************/
  99:.\Generated_Source\PSoC4/HCSR04_Timeout_Intr.c **** void HCSR04_Timeout_Intr_StartEx(cyisraddress address)
 100:.\Generated_Source\PSoC4/HCSR04_Timeout_Intr.c **** {
 101:.\Generated_Source\PSoC4/HCSR04_Timeout_Intr.c ****     /* For all we know the interrupt is active. */
 102:.\Generated_Source\PSoC4/HCSR04_Timeout_Intr.c ****     HCSR04_Timeout_Intr_Disable();
 103:.\Generated_Source\PSoC4/HCSR04_Timeout_Intr.c **** 
 104:.\Generated_Source\PSoC4/HCSR04_Timeout_Intr.c ****     /* Set the ISR to point to the HCSR04_Timeout_Intr Interrupt. */
 105:.\Generated_Source\PSoC4/HCSR04_Timeout_Intr.c ****     HCSR04_Timeout_Intr_SetVector(address);
 106:.\Generated_Source\PSoC4/HCSR04_Timeout_Intr.c **** 
 107:.\Generated_Source\PSoC4/HCSR04_Timeout_Intr.c ****     /* Set the priority. */
 108:.\Generated_Source\PSoC4/HCSR04_Timeout_Intr.c ****     HCSR04_Timeout_Intr_SetPriority((uint8)HCSR04_Timeout_Intr_INTC_PRIOR_NUMBER);
 109:.\Generated_Source\PSoC4/HCSR04_Timeout_Intr.c **** 
 110:.\Generated_Source\PSoC4/HCSR04_Timeout_Intr.c ****     /* Enable it. */
 111:.\Generated_Source\PSoC4/HCSR04_Timeout_Intr.c ****     HCSR04_Timeout_Intr_Enable();
 112:.\Generated_Source\PSoC4/HCSR04_Timeout_Intr.c **** }
 113:.\Generated_Source\PSoC4/HCSR04_Timeout_Intr.c **** 
 114:.\Generated_Source\PSoC4/HCSR04_Timeout_Intr.c **** 
 115:.\Generated_Source\PSoC4/HCSR04_Timeout_Intr.c **** /*******************************************************************************
 116:.\Generated_Source\PSoC4/HCSR04_Timeout_Intr.c **** * Function Name: HCSR04_Timeout_Intr_Stop
 117:.\Generated_Source\PSoC4/HCSR04_Timeout_Intr.c **** ********************************************************************************
 118:.\Generated_Source\PSoC4/HCSR04_Timeout_Intr.c **** *
 119:.\Generated_Source\PSoC4/HCSR04_Timeout_Intr.c **** * Summary:
 120:.\Generated_Source\PSoC4/HCSR04_Timeout_Intr.c **** *   Disables and removes the interrupt.
 121:.\Generated_Source\PSoC4/HCSR04_Timeout_Intr.c **** *
 122:.\Generated_Source\PSoC4/HCSR04_Timeout_Intr.c **** * Parameters:  
 123:.\Generated_Source\PSoC4/HCSR04_Timeout_Intr.c **** *   None
 124:.\Generated_Source\PSoC4/HCSR04_Timeout_Intr.c **** *
 125:.\Generated_Source\PSoC4/HCSR04_Timeout_Intr.c **** * Return:
 126:.\Generated_Source\PSoC4/HCSR04_Timeout_Intr.c **** *   None
 127:.\Generated_Source\PSoC4/HCSR04_Timeout_Intr.c **** *
 128:.\Generated_Source\PSoC4/HCSR04_Timeout_Intr.c **** *******************************************************************************/
 129:.\Generated_Source\PSoC4/HCSR04_Timeout_Intr.c **** void HCSR04_Timeout_Intr_Stop(void)
 130:.\Generated_Source\PSoC4/HCSR04_Timeout_Intr.c **** {
 131:.\Generated_Source\PSoC4/HCSR04_Timeout_Intr.c ****     /* Disable this interrupt. */
 132:.\Generated_Source\PSoC4/HCSR04_Timeout_Intr.c ****     HCSR04_Timeout_Intr_Disable();
 133:.\Generated_Source\PSoC4/HCSR04_Timeout_Intr.c **** 
 134:.\Generated_Source\PSoC4/HCSR04_Timeout_Intr.c ****     /* Set the ISR to point to the passive one. */
 135:.\Generated_Source\PSoC4/HCSR04_Timeout_Intr.c ****     HCSR04_Timeout_Intr_SetVector(&IntDefaultHandler);
 136:.\Generated_Source\PSoC4/HCSR04_Timeout_Intr.c **** }
 137:.\Generated_Source\PSoC4/HCSR04_Timeout_Intr.c **** 
 138:.\Generated_Source\PSoC4/HCSR04_Timeout_Intr.c **** 
 139:.\Generated_Source\PSoC4/HCSR04_Timeout_Intr.c **** /*******************************************************************************
 140:.\Generated_Source\PSoC4/HCSR04_Timeout_Intr.c **** * Function Name: HCSR04_Timeout_Intr_Interrupt
 141:.\Generated_Source\PSoC4/HCSR04_Timeout_Intr.c **** ********************************************************************************
 142:.\Generated_Source\PSoC4/HCSR04_Timeout_Intr.c **** *
 143:.\Generated_Source\PSoC4/HCSR04_Timeout_Intr.c **** * Summary:
 144:.\Generated_Source\PSoC4/HCSR04_Timeout_Intr.c **** *   The default Interrupt Service Routine for HCSR04_Timeout_Intr.
 145:.\Generated_Source\PSoC4/HCSR04_Timeout_Intr.c **** *
 146:.\Generated_Source\PSoC4/HCSR04_Timeout_Intr.c **** *   Add custom code between the START and END comments to keep the next version
ARM GAS  C:\Users\Tim\AppData\Local\Temp\ccXbXi7C.s 			page 4


 147:.\Generated_Source\PSoC4/HCSR04_Timeout_Intr.c **** *   of this file from over-writing your code.
 148:.\Generated_Source\PSoC4/HCSR04_Timeout_Intr.c **** *
 149:.\Generated_Source\PSoC4/HCSR04_Timeout_Intr.c **** *   Note You may use either the default ISR by using this API, or you may define
 150:.\Generated_Source\PSoC4/HCSR04_Timeout_Intr.c **** *   your own separate ISR through ISR_StartEx().
 151:.\Generated_Source\PSoC4/HCSR04_Timeout_Intr.c **** *
 152:.\Generated_Source\PSoC4/HCSR04_Timeout_Intr.c **** * Parameters:  
 153:.\Generated_Source\PSoC4/HCSR04_Timeout_Intr.c **** *   None
 154:.\Generated_Source\PSoC4/HCSR04_Timeout_Intr.c **** *
 155:.\Generated_Source\PSoC4/HCSR04_Timeout_Intr.c **** * Return:
 156:.\Generated_Source\PSoC4/HCSR04_Timeout_Intr.c **** *   None
 157:.\Generated_Source\PSoC4/HCSR04_Timeout_Intr.c **** *
 158:.\Generated_Source\PSoC4/HCSR04_Timeout_Intr.c **** *******************************************************************************/
 159:.\Generated_Source\PSoC4/HCSR04_Timeout_Intr.c **** CY_ISR(HCSR04_Timeout_Intr_Interrupt)
 160:.\Generated_Source\PSoC4/HCSR04_Timeout_Intr.c **** {
  26              		.loc 1 160 0
  27              		.cfi_startproc
 161:.\Generated_Source\PSoC4/HCSR04_Timeout_Intr.c ****     #ifdef HCSR04_Timeout_Intr_INTERRUPT_INTERRUPT_CALLBACK
 162:.\Generated_Source\PSoC4/HCSR04_Timeout_Intr.c ****         HCSR04_Timeout_Intr_Interrupt_InterruptCallback();
 163:.\Generated_Source\PSoC4/HCSR04_Timeout_Intr.c ****     #endif /* HCSR04_Timeout_Intr_INTERRUPT_INTERRUPT_CALLBACK */ 
 164:.\Generated_Source\PSoC4/HCSR04_Timeout_Intr.c **** 
 165:.\Generated_Source\PSoC4/HCSR04_Timeout_Intr.c ****     /*  Place your Interrupt code here. */
 166:.\Generated_Source\PSoC4/HCSR04_Timeout_Intr.c ****     /* `#START HCSR04_Timeout_Intr_Interrupt` */
 167:.\Generated_Source\PSoC4/HCSR04_Timeout_Intr.c **** 
 168:.\Generated_Source\PSoC4/HCSR04_Timeout_Intr.c ****     /* `#END` */
 169:.\Generated_Source\PSoC4/HCSR04_Timeout_Intr.c **** }
  28              		.loc 1 169 0
  29              		@ sp needed
  30 0000 7047     		bx	lr
  31              		.cfi_endproc
  32              	.LFE4:
  33              		.size	HCSR04_Timeout_Intr_Interrupt, .-HCSR04_Timeout_Intr_Interrupt
  34 0002 C046     		.section	.text.HCSR04_Timeout_Intr_SetVector,"ax",%progbits
  35              		.align	2
  36              		.global	HCSR04_Timeout_Intr_SetVector
  37              		.code	16
  38              		.thumb_func
  39              		.type	HCSR04_Timeout_Intr_SetVector, %function
  40              	HCSR04_Timeout_Intr_SetVector:
  41              	.LFB5:
 170:.\Generated_Source\PSoC4/HCSR04_Timeout_Intr.c **** 
 171:.\Generated_Source\PSoC4/HCSR04_Timeout_Intr.c **** 
 172:.\Generated_Source\PSoC4/HCSR04_Timeout_Intr.c **** /*******************************************************************************
 173:.\Generated_Source\PSoC4/HCSR04_Timeout_Intr.c **** * Function Name: HCSR04_Timeout_Intr_SetVector
 174:.\Generated_Source\PSoC4/HCSR04_Timeout_Intr.c **** ********************************************************************************
 175:.\Generated_Source\PSoC4/HCSR04_Timeout_Intr.c **** *
 176:.\Generated_Source\PSoC4/HCSR04_Timeout_Intr.c **** * Summary:
 177:.\Generated_Source\PSoC4/HCSR04_Timeout_Intr.c **** *   Change the ISR vector for the Interrupt. Note calling HCSR04_Timeout_Intr_Start
 178:.\Generated_Source\PSoC4/HCSR04_Timeout_Intr.c **** *   will override any effect this method would have had. To set the vector 
 179:.\Generated_Source\PSoC4/HCSR04_Timeout_Intr.c **** *   before the component has been started use HCSR04_Timeout_Intr_StartEx instead.
 180:.\Generated_Source\PSoC4/HCSR04_Timeout_Intr.c **** * 
 181:.\Generated_Source\PSoC4/HCSR04_Timeout_Intr.c **** *   When defining ISR functions, the CY_ISR and CY_ISR_PROTO macros should be 
 182:.\Generated_Source\PSoC4/HCSR04_Timeout_Intr.c **** *   used to provide consistent definition across compilers:
 183:.\Generated_Source\PSoC4/HCSR04_Timeout_Intr.c **** *
 184:.\Generated_Source\PSoC4/HCSR04_Timeout_Intr.c **** *   Function definition example:
 185:.\Generated_Source\PSoC4/HCSR04_Timeout_Intr.c **** *   CY_ISR(MyISR)
 186:.\Generated_Source\PSoC4/HCSR04_Timeout_Intr.c **** *   {
 187:.\Generated_Source\PSoC4/HCSR04_Timeout_Intr.c **** *   }
ARM GAS  C:\Users\Tim\AppData\Local\Temp\ccXbXi7C.s 			page 5


 188:.\Generated_Source\PSoC4/HCSR04_Timeout_Intr.c **** *
 189:.\Generated_Source\PSoC4/HCSR04_Timeout_Intr.c **** *   Function prototype example:
 190:.\Generated_Source\PSoC4/HCSR04_Timeout_Intr.c **** *     CY_ISR_PROTO(MyISR);
 191:.\Generated_Source\PSoC4/HCSR04_Timeout_Intr.c **** *
 192:.\Generated_Source\PSoC4/HCSR04_Timeout_Intr.c **** * Parameters:
 193:.\Generated_Source\PSoC4/HCSR04_Timeout_Intr.c **** *   address: Address of the ISR to set in the interrupt vector table.
 194:.\Generated_Source\PSoC4/HCSR04_Timeout_Intr.c **** *
 195:.\Generated_Source\PSoC4/HCSR04_Timeout_Intr.c **** * Return:
 196:.\Generated_Source\PSoC4/HCSR04_Timeout_Intr.c **** *   None
 197:.\Generated_Source\PSoC4/HCSR04_Timeout_Intr.c **** *
 198:.\Generated_Source\PSoC4/HCSR04_Timeout_Intr.c **** *******************************************************************************/
 199:.\Generated_Source\PSoC4/HCSR04_Timeout_Intr.c **** void HCSR04_Timeout_Intr_SetVector(cyisraddress address)
 200:.\Generated_Source\PSoC4/HCSR04_Timeout_Intr.c **** {
  42              		.loc 1 200 0
  43              		.cfi_startproc
  44              	.LVL0:
 201:.\Generated_Source\PSoC4/HCSR04_Timeout_Intr.c ****     CyRamVectors[CYINT_IRQ_BASE + HCSR04_Timeout_Intr__INTC_NUMBER] = address;
  45              		.loc 1 201 0
  46 0000 8C23     		mov	r3, #140
  47 0002 014A     		ldr	r2, .L3
  48 0004 D050     		str	r0, [r2, r3]
 202:.\Generated_Source\PSoC4/HCSR04_Timeout_Intr.c **** }
  49              		.loc 1 202 0
  50              		@ sp needed
  51 0006 7047     		bx	lr
  52              	.L4:
  53              		.align	2
  54              	.L3:
  55 0008 00000000 		.word	CyRamVectors
  56              		.cfi_endproc
  57              	.LFE5:
  58              		.size	HCSR04_Timeout_Intr_SetVector, .-HCSR04_Timeout_Intr_SetVector
  59              		.section	.text.HCSR04_Timeout_Intr_GetVector,"ax",%progbits
  60              		.align	2
  61              		.global	HCSR04_Timeout_Intr_GetVector
  62              		.code	16
  63              		.thumb_func
  64              		.type	HCSR04_Timeout_Intr_GetVector, %function
  65              	HCSR04_Timeout_Intr_GetVector:
  66              	.LFB6:
 203:.\Generated_Source\PSoC4/HCSR04_Timeout_Intr.c **** 
 204:.\Generated_Source\PSoC4/HCSR04_Timeout_Intr.c **** 
 205:.\Generated_Source\PSoC4/HCSR04_Timeout_Intr.c **** /*******************************************************************************
 206:.\Generated_Source\PSoC4/HCSR04_Timeout_Intr.c **** * Function Name: HCSR04_Timeout_Intr_GetVector
 207:.\Generated_Source\PSoC4/HCSR04_Timeout_Intr.c **** ********************************************************************************
 208:.\Generated_Source\PSoC4/HCSR04_Timeout_Intr.c **** *
 209:.\Generated_Source\PSoC4/HCSR04_Timeout_Intr.c **** * Summary:
 210:.\Generated_Source\PSoC4/HCSR04_Timeout_Intr.c **** *   Gets the "address" of the current ISR vector for the Interrupt.
 211:.\Generated_Source\PSoC4/HCSR04_Timeout_Intr.c **** *
 212:.\Generated_Source\PSoC4/HCSR04_Timeout_Intr.c **** * Parameters:
 213:.\Generated_Source\PSoC4/HCSR04_Timeout_Intr.c **** *   None
 214:.\Generated_Source\PSoC4/HCSR04_Timeout_Intr.c **** *
 215:.\Generated_Source\PSoC4/HCSR04_Timeout_Intr.c **** * Return:
 216:.\Generated_Source\PSoC4/HCSR04_Timeout_Intr.c **** *   Address of the ISR in the interrupt vector table.
 217:.\Generated_Source\PSoC4/HCSR04_Timeout_Intr.c **** *
 218:.\Generated_Source\PSoC4/HCSR04_Timeout_Intr.c **** *******************************************************************************/
 219:.\Generated_Source\PSoC4/HCSR04_Timeout_Intr.c **** cyisraddress HCSR04_Timeout_Intr_GetVector(void)
ARM GAS  C:\Users\Tim\AppData\Local\Temp\ccXbXi7C.s 			page 6


 220:.\Generated_Source\PSoC4/HCSR04_Timeout_Intr.c **** {
  67              		.loc 1 220 0
  68              		.cfi_startproc
 221:.\Generated_Source\PSoC4/HCSR04_Timeout_Intr.c ****     return CyRamVectors[CYINT_IRQ_BASE + HCSR04_Timeout_Intr__INTC_NUMBER];
  69              		.loc 1 221 0
  70 0000 8C23     		mov	r3, #140
  71 0002 014A     		ldr	r2, .L6
  72 0004 D058     		ldr	r0, [r2, r3]
 222:.\Generated_Source\PSoC4/HCSR04_Timeout_Intr.c **** }
  73              		.loc 1 222 0
  74              		@ sp needed
  75 0006 7047     		bx	lr
  76              	.L7:
  77              		.align	2
  78              	.L6:
  79 0008 00000000 		.word	CyRamVectors
  80              		.cfi_endproc
  81              	.LFE6:
  82              		.size	HCSR04_Timeout_Intr_GetVector, .-HCSR04_Timeout_Intr_GetVector
  83              		.section	.text.HCSR04_Timeout_Intr_SetPriority,"ax",%progbits
  84              		.align	2
  85              		.global	HCSR04_Timeout_Intr_SetPriority
  86              		.code	16
  87              		.thumb_func
  88              		.type	HCSR04_Timeout_Intr_SetPriority, %function
  89              	HCSR04_Timeout_Intr_SetPriority:
  90              	.LFB7:
 223:.\Generated_Source\PSoC4/HCSR04_Timeout_Intr.c **** 
 224:.\Generated_Source\PSoC4/HCSR04_Timeout_Intr.c **** 
 225:.\Generated_Source\PSoC4/HCSR04_Timeout_Intr.c **** /*******************************************************************************
 226:.\Generated_Source\PSoC4/HCSR04_Timeout_Intr.c **** * Function Name: HCSR04_Timeout_Intr_SetPriority
 227:.\Generated_Source\PSoC4/HCSR04_Timeout_Intr.c **** ********************************************************************************
 228:.\Generated_Source\PSoC4/HCSR04_Timeout_Intr.c **** *
 229:.\Generated_Source\PSoC4/HCSR04_Timeout_Intr.c **** * Summary:
 230:.\Generated_Source\PSoC4/HCSR04_Timeout_Intr.c **** *   Sets the Priority of the Interrupt. 
 231:.\Generated_Source\PSoC4/HCSR04_Timeout_Intr.c **** *
 232:.\Generated_Source\PSoC4/HCSR04_Timeout_Intr.c **** *   Note calling HCSR04_Timeout_Intr_Start or HCSR04_Timeout_Intr_StartEx will 
 233:.\Generated_Source\PSoC4/HCSR04_Timeout_Intr.c **** *   override any effect this API would have had. This API should only be called
 234:.\Generated_Source\PSoC4/HCSR04_Timeout_Intr.c **** *   after HCSR04_Timeout_Intr_Start or HCSR04_Timeout_Intr_StartEx has been called. 
 235:.\Generated_Source\PSoC4/HCSR04_Timeout_Intr.c **** *   To set the initial priority for the component, use the Design-Wide Resources
 236:.\Generated_Source\PSoC4/HCSR04_Timeout_Intr.c **** *   Interrupt Editor.
 237:.\Generated_Source\PSoC4/HCSR04_Timeout_Intr.c **** *
 238:.\Generated_Source\PSoC4/HCSR04_Timeout_Intr.c **** *   Note This API has no effect on Non-maskable interrupt NMI).
 239:.\Generated_Source\PSoC4/HCSR04_Timeout_Intr.c **** *
 240:.\Generated_Source\PSoC4/HCSR04_Timeout_Intr.c **** * Parameters:
 241:.\Generated_Source\PSoC4/HCSR04_Timeout_Intr.c **** *   priority: Priority of the interrupt, 0 being the highest priority
 242:.\Generated_Source\PSoC4/HCSR04_Timeout_Intr.c **** *             PSoC 3 and PSoC 5LP: Priority is from 0 to 7.
 243:.\Generated_Source\PSoC4/HCSR04_Timeout_Intr.c **** *             PSoC 4: Priority is from 0 to 3.
 244:.\Generated_Source\PSoC4/HCSR04_Timeout_Intr.c **** *
 245:.\Generated_Source\PSoC4/HCSR04_Timeout_Intr.c **** * Return:
 246:.\Generated_Source\PSoC4/HCSR04_Timeout_Intr.c **** *   None
 247:.\Generated_Source\PSoC4/HCSR04_Timeout_Intr.c **** *
 248:.\Generated_Source\PSoC4/HCSR04_Timeout_Intr.c **** *******************************************************************************/
 249:.\Generated_Source\PSoC4/HCSR04_Timeout_Intr.c **** void HCSR04_Timeout_Intr_SetPriority(uint8 priority)
 250:.\Generated_Source\PSoC4/HCSR04_Timeout_Intr.c **** {
  91              		.loc 1 250 0
  92              		.cfi_startproc
ARM GAS  C:\Users\Tim\AppData\Local\Temp\ccXbXi7C.s 			page 7


  93              	.LVL1:
  94 0000 10B5     		push	{r4, lr}
  95              		.cfi_def_cfa_offset 8
  96              		.cfi_offset 4, -8
  97              		.cfi_offset 14, -4
  98 0002 041C     		mov	r4, r0
  99              	.LVL2:
 251:.\Generated_Source\PSoC4/HCSR04_Timeout_Intr.c **** 	uint8 interruptState;
 252:.\Generated_Source\PSoC4/HCSR04_Timeout_Intr.c ****     uint32 priorityOffset = ((HCSR04_Timeout_Intr__INTC_NUMBER % 4u) * 8u) + 6u;
 253:.\Generated_Source\PSoC4/HCSR04_Timeout_Intr.c ****     
 254:.\Generated_Source\PSoC4/HCSR04_Timeout_Intr.c **** 	interruptState = CyEnterCriticalSection();
 100              		.loc 1 254 0
 101 0004 FFF7FEFF 		bl	CyEnterCriticalSection
 102              	.LVL3:
 255:.\Generated_Source\PSoC4/HCSR04_Timeout_Intr.c ****     *HCSR04_Timeout_Intr_INTC_PRIOR = (*HCSR04_Timeout_Intr_INTC_PRIOR & (uint32)(~HCSR04_Timeout_I
 103              		.loc 1 255 0
 104 0008 044A     		ldr	r2, .L9
 105 000a 1368     		ldr	r3, [r2]
 106 000c 9B00     		lsl	r3, r3, #2
 107 000e 9B08     		lsr	r3, r3, #2
 256:.\Generated_Source\PSoC4/HCSR04_Timeout_Intr.c ****                                     ((uint32)priority << priorityOffset);
 108              		.loc 1 256 0
 109 0010 A407     		lsl	r4, r4, #30
 255:.\Generated_Source\PSoC4/HCSR04_Timeout_Intr.c ****     *HCSR04_Timeout_Intr_INTC_PRIOR = (*HCSR04_Timeout_Intr_INTC_PRIOR & (uint32)(~HCSR04_Timeout_I
 110              		.loc 1 255 0
 111 0012 1C43     		orr	r4, r3
 112 0014 1460     		str	r4, [r2]
 257:.\Generated_Source\PSoC4/HCSR04_Timeout_Intr.c **** 	CyExitCriticalSection(interruptState);
 113              		.loc 1 257 0
 114 0016 FFF7FEFF 		bl	CyExitCriticalSection
 115              	.LVL4:
 258:.\Generated_Source\PSoC4/HCSR04_Timeout_Intr.c **** }
 116              		.loc 1 258 0
 117              		@ sp needed
 118 001a 10BD     		pop	{r4, pc}
 119              	.L10:
 120              		.align	2
 121              	.L9:
 122 001c 10E400E0 		.word	-536812528
 123              		.cfi_endproc
 124              	.LFE7:
 125              		.size	HCSR04_Timeout_Intr_SetPriority, .-HCSR04_Timeout_Intr_SetPriority
 126              		.section	.text.HCSR04_Timeout_Intr_GetPriority,"ax",%progbits
 127              		.align	2
 128              		.global	HCSR04_Timeout_Intr_GetPriority
 129              		.code	16
 130              		.thumb_func
 131              		.type	HCSR04_Timeout_Intr_GetPriority, %function
 132              	HCSR04_Timeout_Intr_GetPriority:
 133              	.LFB8:
 259:.\Generated_Source\PSoC4/HCSR04_Timeout_Intr.c **** 
 260:.\Generated_Source\PSoC4/HCSR04_Timeout_Intr.c **** 
 261:.\Generated_Source\PSoC4/HCSR04_Timeout_Intr.c **** /*******************************************************************************
 262:.\Generated_Source\PSoC4/HCSR04_Timeout_Intr.c **** * Function Name: HCSR04_Timeout_Intr_GetPriority
 263:.\Generated_Source\PSoC4/HCSR04_Timeout_Intr.c **** ********************************************************************************
 264:.\Generated_Source\PSoC4/HCSR04_Timeout_Intr.c **** *
 265:.\Generated_Source\PSoC4/HCSR04_Timeout_Intr.c **** * Summary:
ARM GAS  C:\Users\Tim\AppData\Local\Temp\ccXbXi7C.s 			page 8


 266:.\Generated_Source\PSoC4/HCSR04_Timeout_Intr.c **** *   Gets the Priority of the Interrupt.
 267:.\Generated_Source\PSoC4/HCSR04_Timeout_Intr.c **** *
 268:.\Generated_Source\PSoC4/HCSR04_Timeout_Intr.c **** * Parameters:
 269:.\Generated_Source\PSoC4/HCSR04_Timeout_Intr.c **** *   None
 270:.\Generated_Source\PSoC4/HCSR04_Timeout_Intr.c **** *
 271:.\Generated_Source\PSoC4/HCSR04_Timeout_Intr.c **** * Return:
 272:.\Generated_Source\PSoC4/HCSR04_Timeout_Intr.c **** *   Priority of the interrupt, 0 being the highest priority
 273:.\Generated_Source\PSoC4/HCSR04_Timeout_Intr.c **** *    PSoC 3 and PSoC 5LP: Priority is from 0 to 7.
 274:.\Generated_Source\PSoC4/HCSR04_Timeout_Intr.c **** *    PSoC 4: Priority is from 0 to 3.
 275:.\Generated_Source\PSoC4/HCSR04_Timeout_Intr.c **** *
 276:.\Generated_Source\PSoC4/HCSR04_Timeout_Intr.c **** *******************************************************************************/
 277:.\Generated_Source\PSoC4/HCSR04_Timeout_Intr.c **** uint8 HCSR04_Timeout_Intr_GetPriority(void)
 278:.\Generated_Source\PSoC4/HCSR04_Timeout_Intr.c **** {
 134              		.loc 1 278 0
 135              		.cfi_startproc
 136              	.LVL5:
 279:.\Generated_Source\PSoC4/HCSR04_Timeout_Intr.c ****     uint32 priority;
 280:.\Generated_Source\PSoC4/HCSR04_Timeout_Intr.c **** 	uint32 priorityOffset = ((HCSR04_Timeout_Intr__INTC_NUMBER % 4u) * 8u) + 6u;
 281:.\Generated_Source\PSoC4/HCSR04_Timeout_Intr.c **** 
 282:.\Generated_Source\PSoC4/HCSR04_Timeout_Intr.c ****     priority = (*HCSR04_Timeout_Intr_INTC_PRIOR & HCSR04_Timeout_Intr__INTC_PRIOR_MASK) >> priority
 137              		.loc 1 282 0
 138 0000 014B     		ldr	r3, .L12
 139 0002 1868     		ldr	r0, [r3]
 140              	.LVL6:
 283:.\Generated_Source\PSoC4/HCSR04_Timeout_Intr.c **** 
 284:.\Generated_Source\PSoC4/HCSR04_Timeout_Intr.c ****     return (uint8)priority;
 141              		.loc 1 284 0
 142 0004 800F     		lsr	r0, r0, #30
 143              	.LVL7:
 285:.\Generated_Source\PSoC4/HCSR04_Timeout_Intr.c **** }
 144              		.loc 1 285 0
 145              		@ sp needed
 146 0006 7047     		bx	lr
 147              	.L13:
 148              		.align	2
 149              	.L12:
 150 0008 10E400E0 		.word	-536812528
 151              		.cfi_endproc
 152              	.LFE8:
 153              		.size	HCSR04_Timeout_Intr_GetPriority, .-HCSR04_Timeout_Intr_GetPriority
 154              		.section	.text.HCSR04_Timeout_Intr_Enable,"ax",%progbits
 155              		.align	2
 156              		.global	HCSR04_Timeout_Intr_Enable
 157              		.code	16
 158              		.thumb_func
 159              		.type	HCSR04_Timeout_Intr_Enable, %function
 160              	HCSR04_Timeout_Intr_Enable:
 161              	.LFB9:
 286:.\Generated_Source\PSoC4/HCSR04_Timeout_Intr.c **** 
 287:.\Generated_Source\PSoC4/HCSR04_Timeout_Intr.c **** 
 288:.\Generated_Source\PSoC4/HCSR04_Timeout_Intr.c **** /*******************************************************************************
 289:.\Generated_Source\PSoC4/HCSR04_Timeout_Intr.c **** * Function Name: HCSR04_Timeout_Intr_Enable
 290:.\Generated_Source\PSoC4/HCSR04_Timeout_Intr.c **** ********************************************************************************
 291:.\Generated_Source\PSoC4/HCSR04_Timeout_Intr.c **** *
 292:.\Generated_Source\PSoC4/HCSR04_Timeout_Intr.c **** * Summary:
 293:.\Generated_Source\PSoC4/HCSR04_Timeout_Intr.c **** *   Enables the interrupt to the interrupt controller. Do not call this function
 294:.\Generated_Source\PSoC4/HCSR04_Timeout_Intr.c **** *   unless ISR_Start() has been called or the functionality of the ISR_Start() 
ARM GAS  C:\Users\Tim\AppData\Local\Temp\ccXbXi7C.s 			page 9


 295:.\Generated_Source\PSoC4/HCSR04_Timeout_Intr.c **** *   function, which sets the vector and the priority, has been called.
 296:.\Generated_Source\PSoC4/HCSR04_Timeout_Intr.c **** *
 297:.\Generated_Source\PSoC4/HCSR04_Timeout_Intr.c **** * Parameters:
 298:.\Generated_Source\PSoC4/HCSR04_Timeout_Intr.c **** *   None
 299:.\Generated_Source\PSoC4/HCSR04_Timeout_Intr.c **** *
 300:.\Generated_Source\PSoC4/HCSR04_Timeout_Intr.c **** * Return:
 301:.\Generated_Source\PSoC4/HCSR04_Timeout_Intr.c **** *   None
 302:.\Generated_Source\PSoC4/HCSR04_Timeout_Intr.c **** *
 303:.\Generated_Source\PSoC4/HCSR04_Timeout_Intr.c **** *******************************************************************************/
 304:.\Generated_Source\PSoC4/HCSR04_Timeout_Intr.c **** void HCSR04_Timeout_Intr_Enable(void)
 305:.\Generated_Source\PSoC4/HCSR04_Timeout_Intr.c **** {
 162              		.loc 1 305 0
 163              		.cfi_startproc
 306:.\Generated_Source\PSoC4/HCSR04_Timeout_Intr.c ****     /* Enable the general interrupt. */
 307:.\Generated_Source\PSoC4/HCSR04_Timeout_Intr.c ****     *HCSR04_Timeout_Intr_INTC_SET_EN = HCSR04_Timeout_Intr__INTC_MASK;
 164              		.loc 1 307 0
 165 0000 8022     		mov	r2, #128
 166 0002 1203     		lsl	r2, r2, #12
 167 0004 014B     		ldr	r3, .L15
 168 0006 1A60     		str	r2, [r3]
 308:.\Generated_Source\PSoC4/HCSR04_Timeout_Intr.c **** }
 169              		.loc 1 308 0
 170              		@ sp needed
 171 0008 7047     		bx	lr
 172              	.L16:
 173 000a C046     		.align	2
 174              	.L15:
 175 000c 00E100E0 		.word	-536813312
 176              		.cfi_endproc
 177              	.LFE9:
 178              		.size	HCSR04_Timeout_Intr_Enable, .-HCSR04_Timeout_Intr_Enable
 179              		.section	.text.HCSR04_Timeout_Intr_GetState,"ax",%progbits
 180              		.align	2
 181              		.global	HCSR04_Timeout_Intr_GetState
 182              		.code	16
 183              		.thumb_func
 184              		.type	HCSR04_Timeout_Intr_GetState, %function
 185              	HCSR04_Timeout_Intr_GetState:
 186              	.LFB10:
 309:.\Generated_Source\PSoC4/HCSR04_Timeout_Intr.c **** 
 310:.\Generated_Source\PSoC4/HCSR04_Timeout_Intr.c **** 
 311:.\Generated_Source\PSoC4/HCSR04_Timeout_Intr.c **** /*******************************************************************************
 312:.\Generated_Source\PSoC4/HCSR04_Timeout_Intr.c **** * Function Name: HCSR04_Timeout_Intr_GetState
 313:.\Generated_Source\PSoC4/HCSR04_Timeout_Intr.c **** ********************************************************************************
 314:.\Generated_Source\PSoC4/HCSR04_Timeout_Intr.c **** *
 315:.\Generated_Source\PSoC4/HCSR04_Timeout_Intr.c **** * Summary:
 316:.\Generated_Source\PSoC4/HCSR04_Timeout_Intr.c **** *   Gets the state (enabled, disabled) of the Interrupt.
 317:.\Generated_Source\PSoC4/HCSR04_Timeout_Intr.c **** *
 318:.\Generated_Source\PSoC4/HCSR04_Timeout_Intr.c **** * Parameters:
 319:.\Generated_Source\PSoC4/HCSR04_Timeout_Intr.c **** *   None
 320:.\Generated_Source\PSoC4/HCSR04_Timeout_Intr.c **** *
 321:.\Generated_Source\PSoC4/HCSR04_Timeout_Intr.c **** * Return:
 322:.\Generated_Source\PSoC4/HCSR04_Timeout_Intr.c **** *   1 if enabled, 0 if disabled.
 323:.\Generated_Source\PSoC4/HCSR04_Timeout_Intr.c **** *
 324:.\Generated_Source\PSoC4/HCSR04_Timeout_Intr.c **** *******************************************************************************/
 325:.\Generated_Source\PSoC4/HCSR04_Timeout_Intr.c **** uint8 HCSR04_Timeout_Intr_GetState(void)
 326:.\Generated_Source\PSoC4/HCSR04_Timeout_Intr.c **** {
ARM GAS  C:\Users\Tim\AppData\Local\Temp\ccXbXi7C.s 			page 10


 187              		.loc 1 326 0
 188              		.cfi_startproc
 327:.\Generated_Source\PSoC4/HCSR04_Timeout_Intr.c ****     /* Get the state of the general interrupt. */
 328:.\Generated_Source\PSoC4/HCSR04_Timeout_Intr.c ****     return ((*HCSR04_Timeout_Intr_INTC_SET_EN & (uint32)HCSR04_Timeout_Intr__INTC_MASK) != 0u) ? 1u
 189              		.loc 1 328 0
 190 0000 034B     		ldr	r3, .L20
 191 0002 1B68     		ldr	r3, [r3]
 192 0004 1B03     		lsl	r3, r3, #12
 193 0006 01D5     		bpl	.L19
 194 0008 0120     		mov	r0, #1
 195 000a 00E0     		b	.L18
 196              	.L19:
 197 000c 0020     		mov	r0, #0
 198              	.L18:
 329:.\Generated_Source\PSoC4/HCSR04_Timeout_Intr.c **** }
 199              		.loc 1 329 0 discriminator 4
 200              		@ sp needed
 201 000e 7047     		bx	lr
 202              	.L21:
 203              		.align	2
 204              	.L20:
 205 0010 00E100E0 		.word	-536813312
 206              		.cfi_endproc
 207              	.LFE10:
 208              		.size	HCSR04_Timeout_Intr_GetState, .-HCSR04_Timeout_Intr_GetState
 209              		.section	.text.HCSR04_Timeout_Intr_Disable,"ax",%progbits
 210              		.align	2
 211              		.global	HCSR04_Timeout_Intr_Disable
 212              		.code	16
 213              		.thumb_func
 214              		.type	HCSR04_Timeout_Intr_Disable, %function
 215              	HCSR04_Timeout_Intr_Disable:
 216              	.LFB11:
 330:.\Generated_Source\PSoC4/HCSR04_Timeout_Intr.c **** 
 331:.\Generated_Source\PSoC4/HCSR04_Timeout_Intr.c **** 
 332:.\Generated_Source\PSoC4/HCSR04_Timeout_Intr.c **** /*******************************************************************************
 333:.\Generated_Source\PSoC4/HCSR04_Timeout_Intr.c **** * Function Name: HCSR04_Timeout_Intr_Disable
 334:.\Generated_Source\PSoC4/HCSR04_Timeout_Intr.c **** ********************************************************************************
 335:.\Generated_Source\PSoC4/HCSR04_Timeout_Intr.c **** *
 336:.\Generated_Source\PSoC4/HCSR04_Timeout_Intr.c **** * Summary:
 337:.\Generated_Source\PSoC4/HCSR04_Timeout_Intr.c **** *   Disables the Interrupt in the interrupt controller.
 338:.\Generated_Source\PSoC4/HCSR04_Timeout_Intr.c **** *
 339:.\Generated_Source\PSoC4/HCSR04_Timeout_Intr.c **** * Parameters:
 340:.\Generated_Source\PSoC4/HCSR04_Timeout_Intr.c **** *   None
 341:.\Generated_Source\PSoC4/HCSR04_Timeout_Intr.c **** *
 342:.\Generated_Source\PSoC4/HCSR04_Timeout_Intr.c **** * Return:
 343:.\Generated_Source\PSoC4/HCSR04_Timeout_Intr.c **** *   None
 344:.\Generated_Source\PSoC4/HCSR04_Timeout_Intr.c **** *
 345:.\Generated_Source\PSoC4/HCSR04_Timeout_Intr.c **** *******************************************************************************/
 346:.\Generated_Source\PSoC4/HCSR04_Timeout_Intr.c **** void HCSR04_Timeout_Intr_Disable(void)
 347:.\Generated_Source\PSoC4/HCSR04_Timeout_Intr.c **** {
 217              		.loc 1 347 0
 218              		.cfi_startproc
 348:.\Generated_Source\PSoC4/HCSR04_Timeout_Intr.c ****     /* Disable the general interrupt. */
 349:.\Generated_Source\PSoC4/HCSR04_Timeout_Intr.c ****     *HCSR04_Timeout_Intr_INTC_CLR_EN = HCSR04_Timeout_Intr__INTC_MASK;
 219              		.loc 1 349 0
 220 0000 8022     		mov	r2, #128
ARM GAS  C:\Users\Tim\AppData\Local\Temp\ccXbXi7C.s 			page 11


 221 0002 1203     		lsl	r2, r2, #12
 222 0004 014B     		ldr	r3, .L23
 223 0006 1A60     		str	r2, [r3]
 350:.\Generated_Source\PSoC4/HCSR04_Timeout_Intr.c **** }
 224              		.loc 1 350 0
 225              		@ sp needed
 226 0008 7047     		bx	lr
 227              	.L24:
 228 000a C046     		.align	2
 229              	.L23:
 230 000c 80E100E0 		.word	-536813184
 231              		.cfi_endproc
 232              	.LFE11:
 233              		.size	HCSR04_Timeout_Intr_Disable, .-HCSR04_Timeout_Intr_Disable
 234              		.section	.text.HCSR04_Timeout_Intr_Start,"ax",%progbits
 235              		.align	2
 236              		.global	HCSR04_Timeout_Intr_Start
 237              		.code	16
 238              		.thumb_func
 239              		.type	HCSR04_Timeout_Intr_Start, %function
 240              	HCSR04_Timeout_Intr_Start:
 241              	.LFB1:
  57:.\Generated_Source\PSoC4/HCSR04_Timeout_Intr.c ****     /* For all we know the interrupt is active. */
 242              		.loc 1 57 0
 243              		.cfi_startproc
 244 0000 08B5     		push	{r3, lr}
 245              		.cfi_def_cfa_offset 8
 246              		.cfi_offset 3, -8
 247              		.cfi_offset 14, -4
  59:.\Generated_Source\PSoC4/HCSR04_Timeout_Intr.c **** 
 248              		.loc 1 59 0
 249 0002 FFF7FEFF 		bl	HCSR04_Timeout_Intr_Disable
 250              	.LVL8:
  62:.\Generated_Source\PSoC4/HCSR04_Timeout_Intr.c **** 
 251              		.loc 1 62 0
 252 0006 0448     		ldr	r0, .L26
 253 0008 FFF7FEFF 		bl	HCSR04_Timeout_Intr_SetVector
 254              	.LVL9:
  65:.\Generated_Source\PSoC4/HCSR04_Timeout_Intr.c **** 
 255              		.loc 1 65 0
 256 000c 0320     		mov	r0, #3
 257 000e FFF7FEFF 		bl	HCSR04_Timeout_Intr_SetPriority
 258              	.LVL10:
  68:.\Generated_Source\PSoC4/HCSR04_Timeout_Intr.c **** }
 259              		.loc 1 68 0
 260 0012 FFF7FEFF 		bl	HCSR04_Timeout_Intr_Enable
 261              	.LVL11:
  69:.\Generated_Source\PSoC4/HCSR04_Timeout_Intr.c **** 
 262              		.loc 1 69 0
 263              		@ sp needed
 264 0016 08BD     		pop	{r3, pc}
 265              	.L27:
 266              		.align	2
 267              	.L26:
 268 0018 00000000 		.word	HCSR04_Timeout_Intr_Interrupt
 269              		.cfi_endproc
 270              	.LFE1:
ARM GAS  C:\Users\Tim\AppData\Local\Temp\ccXbXi7C.s 			page 12


 271              		.size	HCSR04_Timeout_Intr_Start, .-HCSR04_Timeout_Intr_Start
 272              		.section	.text.HCSR04_Timeout_Intr_StartEx,"ax",%progbits
 273              		.align	2
 274              		.global	HCSR04_Timeout_Intr_StartEx
 275              		.code	16
 276              		.thumb_func
 277              		.type	HCSR04_Timeout_Intr_StartEx, %function
 278              	HCSR04_Timeout_Intr_StartEx:
 279              	.LFB2:
 100:.\Generated_Source\PSoC4/HCSR04_Timeout_Intr.c ****     /* For all we know the interrupt is active. */
 280              		.loc 1 100 0
 281              		.cfi_startproc
 282              	.LVL12:
 283 0000 10B5     		push	{r4, lr}
 284              		.cfi_def_cfa_offset 8
 285              		.cfi_offset 4, -8
 286              		.cfi_offset 14, -4
 287 0002 041C     		mov	r4, r0
 102:.\Generated_Source\PSoC4/HCSR04_Timeout_Intr.c **** 
 288              		.loc 1 102 0
 289 0004 FFF7FEFF 		bl	HCSR04_Timeout_Intr_Disable
 290              	.LVL13:
 105:.\Generated_Source\PSoC4/HCSR04_Timeout_Intr.c **** 
 291              		.loc 1 105 0
 292 0008 201C     		mov	r0, r4
 293 000a FFF7FEFF 		bl	HCSR04_Timeout_Intr_SetVector
 294              	.LVL14:
 108:.\Generated_Source\PSoC4/HCSR04_Timeout_Intr.c **** 
 295              		.loc 1 108 0
 296 000e 0320     		mov	r0, #3
 297 0010 FFF7FEFF 		bl	HCSR04_Timeout_Intr_SetPriority
 298              	.LVL15:
 111:.\Generated_Source\PSoC4/HCSR04_Timeout_Intr.c **** }
 299              		.loc 1 111 0
 300 0014 FFF7FEFF 		bl	HCSR04_Timeout_Intr_Enable
 301              	.LVL16:
 112:.\Generated_Source\PSoC4/HCSR04_Timeout_Intr.c **** 
 302              		.loc 1 112 0
 303              		@ sp needed
 304              	.LVL17:
 305 0018 10BD     		pop	{r4, pc}
 306              		.cfi_endproc
 307              	.LFE2:
 308              		.size	HCSR04_Timeout_Intr_StartEx, .-HCSR04_Timeout_Intr_StartEx
 309 001a C046     		.section	.text.HCSR04_Timeout_Intr_Stop,"ax",%progbits
 310              		.align	2
 311              		.global	HCSR04_Timeout_Intr_Stop
 312              		.code	16
 313              		.thumb_func
 314              		.type	HCSR04_Timeout_Intr_Stop, %function
 315              	HCSR04_Timeout_Intr_Stop:
 316              	.LFB3:
 130:.\Generated_Source\PSoC4/HCSR04_Timeout_Intr.c ****     /* Disable this interrupt. */
 317              		.loc 1 130 0
 318              		.cfi_startproc
 319 0000 08B5     		push	{r3, lr}
 320              		.cfi_def_cfa_offset 8
ARM GAS  C:\Users\Tim\AppData\Local\Temp\ccXbXi7C.s 			page 13


 321              		.cfi_offset 3, -8
 322              		.cfi_offset 14, -4
 132:.\Generated_Source\PSoC4/HCSR04_Timeout_Intr.c **** 
 323              		.loc 1 132 0
 324 0002 FFF7FEFF 		bl	HCSR04_Timeout_Intr_Disable
 325              	.LVL18:
 135:.\Generated_Source\PSoC4/HCSR04_Timeout_Intr.c **** }
 326              		.loc 1 135 0
 327 0006 0248     		ldr	r0, .L30
 328 0008 FFF7FEFF 		bl	HCSR04_Timeout_Intr_SetVector
 329              	.LVL19:
 136:.\Generated_Source\PSoC4/HCSR04_Timeout_Intr.c **** 
 330              		.loc 1 136 0
 331              		@ sp needed
 332 000c 08BD     		pop	{r3, pc}
 333              	.L31:
 334 000e C046     		.align	2
 335              	.L30:
 336 0010 00000000 		.word	IntDefaultHandler
 337              		.cfi_endproc
 338              	.LFE3:
 339              		.size	HCSR04_Timeout_Intr_Stop, .-HCSR04_Timeout_Intr_Stop
 340              		.section	.text.HCSR04_Timeout_Intr_SetPending,"ax",%progbits
 341              		.align	2
 342              		.global	HCSR04_Timeout_Intr_SetPending
 343              		.code	16
 344              		.thumb_func
 345              		.type	HCSR04_Timeout_Intr_SetPending, %function
 346              	HCSR04_Timeout_Intr_SetPending:
 347              	.LFB12:
 351:.\Generated_Source\PSoC4/HCSR04_Timeout_Intr.c **** 
 352:.\Generated_Source\PSoC4/HCSR04_Timeout_Intr.c **** 
 353:.\Generated_Source\PSoC4/HCSR04_Timeout_Intr.c **** /*******************************************************************************
 354:.\Generated_Source\PSoC4/HCSR04_Timeout_Intr.c **** * Function Name: HCSR04_Timeout_Intr_SetPending
 355:.\Generated_Source\PSoC4/HCSR04_Timeout_Intr.c **** ********************************************************************************
 356:.\Generated_Source\PSoC4/HCSR04_Timeout_Intr.c **** *
 357:.\Generated_Source\PSoC4/HCSR04_Timeout_Intr.c **** * Summary:
 358:.\Generated_Source\PSoC4/HCSR04_Timeout_Intr.c **** *   Causes the Interrupt to enter the pending state, a software method of
 359:.\Generated_Source\PSoC4/HCSR04_Timeout_Intr.c **** *   generating the interrupt.
 360:.\Generated_Source\PSoC4/HCSR04_Timeout_Intr.c **** *
 361:.\Generated_Source\PSoC4/HCSR04_Timeout_Intr.c **** * Parameters:
 362:.\Generated_Source\PSoC4/HCSR04_Timeout_Intr.c **** *   None
 363:.\Generated_Source\PSoC4/HCSR04_Timeout_Intr.c **** *
 364:.\Generated_Source\PSoC4/HCSR04_Timeout_Intr.c **** * Return:
 365:.\Generated_Source\PSoC4/HCSR04_Timeout_Intr.c **** *   None
 366:.\Generated_Source\PSoC4/HCSR04_Timeout_Intr.c **** *
 367:.\Generated_Source\PSoC4/HCSR04_Timeout_Intr.c **** * Side Effects:
 368:.\Generated_Source\PSoC4/HCSR04_Timeout_Intr.c **** *   If interrupts are enabled and the interrupt is set up properly, the ISR is
 369:.\Generated_Source\PSoC4/HCSR04_Timeout_Intr.c **** *   entered (depending on the priority of this interrupt and other pending 
 370:.\Generated_Source\PSoC4/HCSR04_Timeout_Intr.c **** *   interrupts).
 371:.\Generated_Source\PSoC4/HCSR04_Timeout_Intr.c **** *
 372:.\Generated_Source\PSoC4/HCSR04_Timeout_Intr.c **** *******************************************************************************/
 373:.\Generated_Source\PSoC4/HCSR04_Timeout_Intr.c **** void HCSR04_Timeout_Intr_SetPending(void)
 374:.\Generated_Source\PSoC4/HCSR04_Timeout_Intr.c **** {
 348              		.loc 1 374 0
 349              		.cfi_startproc
 375:.\Generated_Source\PSoC4/HCSR04_Timeout_Intr.c ****     *HCSR04_Timeout_Intr_INTC_SET_PD = HCSR04_Timeout_Intr__INTC_MASK;
ARM GAS  C:\Users\Tim\AppData\Local\Temp\ccXbXi7C.s 			page 14


 350              		.loc 1 375 0
 351 0000 8022     		mov	r2, #128
 352 0002 1203     		lsl	r2, r2, #12
 353 0004 014B     		ldr	r3, .L33
 354 0006 1A60     		str	r2, [r3]
 376:.\Generated_Source\PSoC4/HCSR04_Timeout_Intr.c **** }
 355              		.loc 1 376 0
 356              		@ sp needed
 357 0008 7047     		bx	lr
 358              	.L34:
 359 000a C046     		.align	2
 360              	.L33:
 361 000c 00E200E0 		.word	-536813056
 362              		.cfi_endproc
 363              	.LFE12:
 364              		.size	HCSR04_Timeout_Intr_SetPending, .-HCSR04_Timeout_Intr_SetPending
 365              		.section	.text.HCSR04_Timeout_Intr_ClearPending,"ax",%progbits
 366              		.align	2
 367              		.global	HCSR04_Timeout_Intr_ClearPending
 368              		.code	16
 369              		.thumb_func
 370              		.type	HCSR04_Timeout_Intr_ClearPending, %function
 371              	HCSR04_Timeout_Intr_ClearPending:
 372              	.LFB13:
 377:.\Generated_Source\PSoC4/HCSR04_Timeout_Intr.c **** 
 378:.\Generated_Source\PSoC4/HCSR04_Timeout_Intr.c **** 
 379:.\Generated_Source\PSoC4/HCSR04_Timeout_Intr.c **** /*******************************************************************************
 380:.\Generated_Source\PSoC4/HCSR04_Timeout_Intr.c **** * Function Name: HCSR04_Timeout_Intr_ClearPending
 381:.\Generated_Source\PSoC4/HCSR04_Timeout_Intr.c **** ********************************************************************************
 382:.\Generated_Source\PSoC4/HCSR04_Timeout_Intr.c **** *
 383:.\Generated_Source\PSoC4/HCSR04_Timeout_Intr.c **** * Summary:
 384:.\Generated_Source\PSoC4/HCSR04_Timeout_Intr.c **** *   Clears a pending interrupt in the interrupt controller.
 385:.\Generated_Source\PSoC4/HCSR04_Timeout_Intr.c **** *
 386:.\Generated_Source\PSoC4/HCSR04_Timeout_Intr.c **** *   Note Some interrupt sources are clear-on-read and require the block 
 387:.\Generated_Source\PSoC4/HCSR04_Timeout_Intr.c **** *   interrupt/status register to be read/cleared with the appropriate block API 
 388:.\Generated_Source\PSoC4/HCSR04_Timeout_Intr.c **** *   (GPIO, UART, and so on). Otherwise the ISR will continue to remain in 
 389:.\Generated_Source\PSoC4/HCSR04_Timeout_Intr.c **** *   pending state even though the interrupt itself is cleared using this API.
 390:.\Generated_Source\PSoC4/HCSR04_Timeout_Intr.c **** *
 391:.\Generated_Source\PSoC4/HCSR04_Timeout_Intr.c **** * Parameters:
 392:.\Generated_Source\PSoC4/HCSR04_Timeout_Intr.c **** *   None
 393:.\Generated_Source\PSoC4/HCSR04_Timeout_Intr.c **** *
 394:.\Generated_Source\PSoC4/HCSR04_Timeout_Intr.c **** * Return:
 395:.\Generated_Source\PSoC4/HCSR04_Timeout_Intr.c **** *   None
 396:.\Generated_Source\PSoC4/HCSR04_Timeout_Intr.c **** *
 397:.\Generated_Source\PSoC4/HCSR04_Timeout_Intr.c **** *******************************************************************************/
 398:.\Generated_Source\PSoC4/HCSR04_Timeout_Intr.c **** void HCSR04_Timeout_Intr_ClearPending(void)
 399:.\Generated_Source\PSoC4/HCSR04_Timeout_Intr.c **** {
 373              		.loc 1 399 0
 374              		.cfi_startproc
 400:.\Generated_Source\PSoC4/HCSR04_Timeout_Intr.c ****     *HCSR04_Timeout_Intr_INTC_CLR_PD = HCSR04_Timeout_Intr__INTC_MASK;
 375              		.loc 1 400 0
 376 0000 8022     		mov	r2, #128
 377 0002 1203     		lsl	r2, r2, #12
 378 0004 014B     		ldr	r3, .L36
 379 0006 1A60     		str	r2, [r3]
 401:.\Generated_Source\PSoC4/HCSR04_Timeout_Intr.c **** }
 380              		.loc 1 401 0
ARM GAS  C:\Users\Tim\AppData\Local\Temp\ccXbXi7C.s 			page 15


 381              		@ sp needed
 382 0008 7047     		bx	lr
 383              	.L37:
 384 000a C046     		.align	2
 385              	.L36:
 386 000c 80E200E0 		.word	-536812928
 387              		.cfi_endproc
 388              	.LFE13:
 389              		.size	HCSR04_Timeout_Intr_ClearPending, .-HCSR04_Timeout_Intr_ClearPending
 390              		.text
 391              	.Letext0:
 392              		.file 2 "Generated_Source\\PSoC4/cytypes.h"
 393              		.file 3 "Generated_Source\\PSoC4/CyLib.h"
 394              		.section	.debug_info,"",%progbits
 395              	.Ldebug_info0:
 396 0000 FA020000 		.4byte	0x2fa
 397 0004 0400     		.2byte	0x4
 398 0006 00000000 		.4byte	.Ldebug_abbrev0
 399 000a 04       		.byte	0x4
 400 000b 01       		.uleb128 0x1
 401 000c 11020000 		.4byte	.LASF33
 402 0010 01       		.byte	0x1
 403 0011 F3000000 		.4byte	.LASF34
 404 0015 E1020000 		.4byte	.LASF35
 405 0019 00000000 		.4byte	.Ldebug_ranges0+0
 406 001d 00000000 		.4byte	0
 407 0021 00000000 		.4byte	.Ldebug_line0
 408 0025 02       		.uleb128 0x2
 409 0026 01       		.byte	0x1
 410 0027 06       		.byte	0x6
 411 0028 75030000 		.4byte	.LASF0
 412 002c 02       		.uleb128 0x2
 413 002d 01       		.byte	0x1
 414 002e 08       		.byte	0x8
 415 002f B5000000 		.4byte	.LASF1
 416 0033 02       		.uleb128 0x2
 417 0034 02       		.byte	0x2
 418 0035 05       		.byte	0x5
 419 0036 9F020000 		.4byte	.LASF2
 420 003a 02       		.uleb128 0x2
 421 003b 02       		.byte	0x2
 422 003c 07       		.byte	0x7
 423 003d 13000000 		.4byte	.LASF3
 424 0041 02       		.uleb128 0x2
 425 0042 04       		.byte	0x4
 426 0043 05       		.byte	0x5
 427 0044 D8020000 		.4byte	.LASF4
 428 0048 02       		.uleb128 0x2
 429 0049 04       		.byte	0x4
 430 004a 07       		.byte	0x7
 431 004b D2000000 		.4byte	.LASF5
 432 004f 02       		.uleb128 0x2
 433 0050 08       		.byte	0x8
 434 0051 05       		.byte	0x5
 435 0052 FE010000 		.4byte	.LASF6
 436 0056 02       		.uleb128 0x2
 437 0057 08       		.byte	0x8
ARM GAS  C:\Users\Tim\AppData\Local\Temp\ccXbXi7C.s 			page 16


 438 0058 07       		.byte	0x7
 439 0059 9E000000 		.4byte	.LASF7
 440 005d 03       		.uleb128 0x3
 441 005e 04       		.byte	0x4
 442 005f 05       		.byte	0x5
 443 0060 696E7400 		.ascii	"int\000"
 444 0064 02       		.uleb128 0x2
 445 0065 04       		.byte	0x4
 446 0066 07       		.byte	0x7
 447 0067 85010000 		.4byte	.LASF8
 448 006b 04       		.uleb128 0x4
 449 006c E4000000 		.4byte	.LASF9
 450 0070 02       		.byte	0x2
 451 0071 C2       		.byte	0xc2
 452 0072 2C000000 		.4byte	0x2c
 453 0076 04       		.uleb128 0x4
 454 0077 4A010000 		.4byte	.LASF10
 455 007b 02       		.byte	0x2
 456 007c C4       		.byte	0xc4
 457 007d 48000000 		.4byte	0x48
 458 0081 02       		.uleb128 0x2
 459 0082 04       		.byte	0x4
 460 0083 04       		.byte	0x4
 461 0084 7A000000 		.4byte	.LASF11
 462 0088 02       		.uleb128 0x2
 463 0089 08       		.byte	0x8
 464 008a 04       		.byte	0x4
 465 008b 22010000 		.4byte	.LASF12
 466 008f 02       		.uleb128 0x2
 467 0090 01       		.byte	0x1
 468 0091 08       		.byte	0x8
 469 0092 0C020000 		.4byte	.LASF13
 470 0096 05       		.uleb128 0x5
 471 0097 00000000 		.4byte	.LASF14
 472 009b 02       		.byte	0x2
 473 009c 6E01     		.2byte	0x16e
 474 009e A2000000 		.4byte	0xa2
 475 00a2 06       		.uleb128 0x6
 476 00a3 76000000 		.4byte	0x76
 477 00a7 05       		.uleb128 0x5
 478 00a8 CF010000 		.4byte	.LASF15
 479 00ac 02       		.byte	0x2
 480 00ad 7E01     		.2byte	0x17e
 481 00af B3000000 		.4byte	0xb3
 482 00b3 07       		.uleb128 0x7
 483 00b4 04       		.byte	0x4
 484 00b5 B9000000 		.4byte	0xb9
 485 00b9 08       		.uleb128 0x8
 486 00ba 02       		.uleb128 0x2
 487 00bb 04       		.byte	0x4
 488 00bc 07       		.byte	0x7
 489 00bd F5010000 		.4byte	.LASF16
 490 00c1 09       		.uleb128 0x9
 491 00c2 42000000 		.4byte	.LASF23
 492 00c6 01       		.byte	0x1
 493 00c7 9F       		.byte	0x9f
 494 00c8 00000000 		.4byte	.LFB4
ARM GAS  C:\Users\Tim\AppData\Local\Temp\ccXbXi7C.s 			page 17


 495 00cc 02000000 		.4byte	.LFE4-.LFB4
 496 00d0 01       		.uleb128 0x1
 497 00d1 9C       		.byte	0x9c
 498 00d2 0A       		.uleb128 0xa
 499 00d3 57030000 		.4byte	.LASF17
 500 00d7 01       		.byte	0x1
 501 00d8 C7       		.byte	0xc7
 502 00d9 00000000 		.4byte	.LFB5
 503 00dd 0C000000 		.4byte	.LFE5-.LFB5
 504 00e1 01       		.uleb128 0x1
 505 00e2 9C       		.byte	0x9c
 506 00e3 F5000000 		.4byte	0xf5
 507 00e7 0B       		.uleb128 0xb
 508 00e8 92010000 		.4byte	.LASF19
 509 00ec 01       		.byte	0x1
 510 00ed C7       		.byte	0xc7
 511 00ee A7000000 		.4byte	0xa7
 512 00f2 01       		.uleb128 0x1
 513 00f3 50       		.byte	0x50
 514 00f4 00       		.byte	0
 515 00f5 0C       		.uleb128 0xc
 516 00f6 80000000 		.4byte	.LASF25
 517 00fa 01       		.byte	0x1
 518 00fb DB       		.byte	0xdb
 519 00fc A7000000 		.4byte	0xa7
 520 0100 00000000 		.4byte	.LFB6
 521 0104 0C000000 		.4byte	.LFE6-.LFB6
 522 0108 01       		.uleb128 0x1
 523 0109 9C       		.byte	0x9c
 524 010a 0A       		.uleb128 0xa
 525 010b A9020000 		.4byte	.LASF18
 526 010f 01       		.byte	0x1
 527 0110 F9       		.byte	0xf9
 528 0111 00000000 		.4byte	.LFB7
 529 0115 20000000 		.4byte	.LFE7-.LFB7
 530 0119 01       		.uleb128 0x1
 531 011a 9C       		.byte	0x9c
 532 011b 5C010000 		.4byte	0x15c
 533 011f 0D       		.uleb128 0xd
 534 0120 EA000000 		.4byte	.LASF20
 535 0124 01       		.byte	0x1
 536 0125 F9       		.byte	0xf9
 537 0126 6B000000 		.4byte	0x6b
 538 012a 00000000 		.4byte	.LLST0
 539 012e 0E       		.uleb128 0xe
 540 012f C3000000 		.4byte	.LASF21
 541 0133 01       		.byte	0x1
 542 0134 FB       		.byte	0xfb
 543 0135 6B000000 		.4byte	0x6b
 544 0139 21000000 		.4byte	.LLST1
 545 013d 0F       		.uleb128 0xf
 546 013e C9020000 		.4byte	.LASF22
 547 0142 01       		.byte	0x1
 548 0143 FC       		.byte	0xfc
 549 0144 76000000 		.4byte	0x76
 550 0148 1E       		.byte	0x1e
 551 0149 10       		.uleb128 0x10
ARM GAS  C:\Users\Tim\AppData\Local\Temp\ccXbXi7C.s 			page 18


 552 014a 08000000 		.4byte	.LVL3
 553 014e E5020000 		.4byte	0x2e5
 554 0152 10       		.uleb128 0x10
 555 0153 1A000000 		.4byte	.LVL4
 556 0157 F0020000 		.4byte	0x2f0
 557 015b 00       		.byte	0
 558 015c 11       		.uleb128 0x11
 559 015d 37030000 		.4byte	.LASF36
 560 0161 01       		.byte	0x1
 561 0162 1501     		.2byte	0x115
 562 0164 6B000000 		.4byte	0x6b
 563 0168 00000000 		.4byte	.LFB8
 564 016c 0C000000 		.4byte	.LFE8-.LFB8
 565 0170 01       		.uleb128 0x1
 566 0171 9C       		.byte	0x9c
 567 0172 94010000 		.4byte	0x194
 568 0176 12       		.uleb128 0x12
 569 0177 EA000000 		.4byte	.LASF20
 570 017b 01       		.byte	0x1
 571 017c 1701     		.2byte	0x117
 572 017e 76000000 		.4byte	0x76
 573 0182 34000000 		.4byte	.LLST2
 574 0186 13       		.uleb128 0x13
 575 0187 C9020000 		.4byte	.LASF22
 576 018b 01       		.byte	0x1
 577 018c 1801     		.2byte	0x118
 578 018e 76000000 		.4byte	0x76
 579 0192 1E       		.byte	0x1e
 580 0193 00       		.byte	0
 581 0194 14       		.uleb128 0x14
 582 0195 81030000 		.4byte	.LASF24
 583 0199 01       		.byte	0x1
 584 019a 3001     		.2byte	0x130
 585 019c 00000000 		.4byte	.LFB9
 586 01a0 10000000 		.4byte	.LFE9-.LFB9
 587 01a4 01       		.uleb128 0x1
 588 01a5 9C       		.byte	0x9c
 589 01a6 15       		.uleb128 0x15
 590 01a7 68010000 		.4byte	.LASF26
 591 01ab 01       		.byte	0x1
 592 01ac 4501     		.2byte	0x145
 593 01ae 6B000000 		.4byte	0x6b
 594 01b2 00000000 		.4byte	.LFB10
 595 01b6 14000000 		.4byte	.LFE10-.LFB10
 596 01ba 01       		.uleb128 0x1
 597 01bb 9C       		.byte	0x9c
 598 01bc 14       		.uleb128 0x14
 599 01bd 26000000 		.4byte	.LASF27
 600 01c1 01       		.byte	0x1
 601 01c2 5A01     		.2byte	0x15a
 602 01c4 00000000 		.4byte	.LFB11
 603 01c8 10000000 		.4byte	.LFE11-.LFB11
 604 01cc 01       		.uleb128 0x1
 605 01cd 9C       		.byte	0x9c
 606 01ce 0A       		.uleb128 0xa
 607 01cf 60000000 		.4byte	.LASF28
 608 01d3 01       		.byte	0x1
ARM GAS  C:\Users\Tim\AppData\Local\Temp\ccXbXi7C.s 			page 19


 609 01d4 38       		.byte	0x38
 610 01d5 00000000 		.4byte	.LFB1
 611 01d9 1C000000 		.4byte	.LFE1-.LFB1
 612 01dd 01       		.uleb128 0x1
 613 01de 9C       		.byte	0x9c
 614 01df 20020000 		.4byte	0x220
 615 01e3 10       		.uleb128 0x10
 616 01e4 06000000 		.4byte	.LVL8
 617 01e8 BC010000 		.4byte	0x1bc
 618 01ec 16       		.uleb128 0x16
 619 01ed 0C000000 		.4byte	.LVL9
 620 01f1 D2000000 		.4byte	0xd2
 621 01f5 03020000 		.4byte	0x203
 622 01f9 17       		.uleb128 0x17
 623 01fa 01       		.uleb128 0x1
 624 01fb 50       		.byte	0x50
 625 01fc 05       		.uleb128 0x5
 626 01fd 03       		.byte	0x3
 627 01fe 00000000 		.4byte	HCSR04_Timeout_Intr_Interrupt
 628 0202 00       		.byte	0
 629 0203 16       		.uleb128 0x16
 630 0204 12000000 		.4byte	.LVL10
 631 0208 0A010000 		.4byte	0x10a
 632 020c 16020000 		.4byte	0x216
 633 0210 17       		.uleb128 0x17
 634 0211 01       		.uleb128 0x1
 635 0212 50       		.byte	0x50
 636 0213 01       		.uleb128 0x1
 637 0214 33       		.byte	0x33
 638 0215 00       		.byte	0
 639 0216 10       		.uleb128 0x10
 640 0217 16000000 		.4byte	.LVL11
 641 021b 94010000 		.4byte	0x194
 642 021f 00       		.byte	0
 643 0220 0A       		.uleb128 0xa
 644 0221 1B030000 		.4byte	.LASF29
 645 0225 01       		.byte	0x1
 646 0226 63       		.byte	0x63
 647 0227 00000000 		.4byte	.LFB2
 648 022b 1A000000 		.4byte	.LFE2-.LFB2
 649 022f 01       		.uleb128 0x1
 650 0230 9C       		.byte	0x9c
 651 0231 7E020000 		.4byte	0x27e
 652 0235 0D       		.uleb128 0xd
 653 0236 92010000 		.4byte	.LASF19
 654 023a 01       		.byte	0x1
 655 023b 63       		.byte	0x63
 656 023c A7000000 		.4byte	0xa7
 657 0240 56000000 		.4byte	.LLST3
 658 0244 10       		.uleb128 0x10
 659 0245 08000000 		.4byte	.LVL13
 660 0249 BC010000 		.4byte	0x1bc
 661 024d 16       		.uleb128 0x16
 662 024e 0E000000 		.4byte	.LVL14
 663 0252 D2000000 		.4byte	0xd2
 664 0256 61020000 		.4byte	0x261
 665 025a 17       		.uleb128 0x17
ARM GAS  C:\Users\Tim\AppData\Local\Temp\ccXbXi7C.s 			page 20


 666 025b 01       		.uleb128 0x1
 667 025c 50       		.byte	0x50
 668 025d 02       		.uleb128 0x2
 669 025e 74       		.byte	0x74
 670 025f 00       		.sleb128 0
 671 0260 00       		.byte	0
 672 0261 16       		.uleb128 0x16
 673 0262 14000000 		.4byte	.LVL15
 674 0266 0A010000 		.4byte	0x10a
 675 026a 74020000 		.4byte	0x274
 676 026e 17       		.uleb128 0x17
 677 026f 01       		.uleb128 0x1
 678 0270 50       		.byte	0x50
 679 0271 01       		.uleb128 0x1
 680 0272 33       		.byte	0x33
 681 0273 00       		.byte	0
 682 0274 10       		.uleb128 0x10
 683 0275 18000000 		.4byte	.LVL16
 684 0279 94010000 		.4byte	0x194
 685 027d 00       		.byte	0
 686 027e 0A       		.uleb128 0xa
 687 027f DC010000 		.4byte	.LASF30
 688 0283 01       		.byte	0x1
 689 0284 81       		.byte	0x81
 690 0285 00000000 		.4byte	.LFB3
 691 0289 14000000 		.4byte	.LFE3-.LFB3
 692 028d 01       		.uleb128 0x1
 693 028e 9C       		.byte	0x9c
 694 028f A6020000 		.4byte	0x2a6
 695 0293 10       		.uleb128 0x10
 696 0294 06000000 		.4byte	.LVL18
 697 0298 BC010000 		.4byte	0x1bc
 698 029c 10       		.uleb128 0x10
 699 029d 0C000000 		.4byte	.LVL19
 700 02a1 D2000000 		.4byte	0xd2
 701 02a5 00       		.byte	0
 702 02a6 14       		.uleb128 0x14
 703 02a7 B0010000 		.4byte	.LASF31
 704 02ab 01       		.byte	0x1
 705 02ac 7501     		.2byte	0x175
 706 02ae 00000000 		.4byte	.LFB12
 707 02b2 10000000 		.4byte	.LFE12-.LFB12
 708 02b6 01       		.uleb128 0x1
 709 02b7 9C       		.byte	0x9c
 710 02b8 14       		.uleb128 0x14
 711 02b9 29010000 		.4byte	.LASF32
 712 02bd 01       		.byte	0x1
 713 02be 8E01     		.2byte	0x18e
 714 02c0 00000000 		.4byte	.LFB13
 715 02c4 10000000 		.4byte	.LFE13-.LFB13
 716 02c8 01       		.uleb128 0x1
 717 02c9 9C       		.byte	0x9c
 718 02ca 18       		.uleb128 0x18
 719 02cb A7000000 		.4byte	0xa7
 720 02cf DA020000 		.4byte	0x2da
 721 02d3 19       		.uleb128 0x19
 722 02d4 BA000000 		.4byte	0xba
ARM GAS  C:\Users\Tim\AppData\Local\Temp\ccXbXi7C.s 			page 21


 723 02d8 2F       		.byte	0x2f
 724 02d9 00       		.byte	0
 725 02da 1A       		.uleb128 0x1a
 726 02db 06000000 		.4byte	.LASF37
 727 02df 01       		.byte	0x1
 728 02e0 21       		.byte	0x21
 729 02e1 CA020000 		.4byte	0x2ca
 730 02e5 1B       		.uleb128 0x1b
 731 02e6 51010000 		.4byte	.LASF38
 732 02ea 03       		.byte	0x3
 733 02eb 5E       		.byte	0x5e
 734 02ec 6B000000 		.4byte	0x6b
 735 02f0 1C       		.uleb128 0x1c
 736 02f1 9A010000 		.4byte	.LASF39
 737 02f5 03       		.byte	0x3
 738 02f6 5F       		.byte	0x5f
 739 02f7 1D       		.uleb128 0x1d
 740 02f8 6B000000 		.4byte	0x6b
 741 02fc 00       		.byte	0
 742 02fd 00       		.byte	0
 743              		.section	.debug_abbrev,"",%progbits
 744              	.Ldebug_abbrev0:
 745 0000 01       		.uleb128 0x1
 746 0001 11       		.uleb128 0x11
 747 0002 01       		.byte	0x1
 748 0003 25       		.uleb128 0x25
 749 0004 0E       		.uleb128 0xe
 750 0005 13       		.uleb128 0x13
 751 0006 0B       		.uleb128 0xb
 752 0007 03       		.uleb128 0x3
 753 0008 0E       		.uleb128 0xe
 754 0009 1B       		.uleb128 0x1b
 755 000a 0E       		.uleb128 0xe
 756 000b 55       		.uleb128 0x55
 757 000c 17       		.uleb128 0x17
 758 000d 11       		.uleb128 0x11
 759 000e 01       		.uleb128 0x1
 760 000f 10       		.uleb128 0x10
 761 0010 17       		.uleb128 0x17
 762 0011 00       		.byte	0
 763 0012 00       		.byte	0
 764 0013 02       		.uleb128 0x2
 765 0014 24       		.uleb128 0x24
 766 0015 00       		.byte	0
 767 0016 0B       		.uleb128 0xb
 768 0017 0B       		.uleb128 0xb
 769 0018 3E       		.uleb128 0x3e
 770 0019 0B       		.uleb128 0xb
 771 001a 03       		.uleb128 0x3
 772 001b 0E       		.uleb128 0xe
 773 001c 00       		.byte	0
 774 001d 00       		.byte	0
 775 001e 03       		.uleb128 0x3
 776 001f 24       		.uleb128 0x24
 777 0020 00       		.byte	0
 778 0021 0B       		.uleb128 0xb
 779 0022 0B       		.uleb128 0xb
ARM GAS  C:\Users\Tim\AppData\Local\Temp\ccXbXi7C.s 			page 22


 780 0023 3E       		.uleb128 0x3e
 781 0024 0B       		.uleb128 0xb
 782 0025 03       		.uleb128 0x3
 783 0026 08       		.uleb128 0x8
 784 0027 00       		.byte	0
 785 0028 00       		.byte	0
 786 0029 04       		.uleb128 0x4
 787 002a 16       		.uleb128 0x16
 788 002b 00       		.byte	0
 789 002c 03       		.uleb128 0x3
 790 002d 0E       		.uleb128 0xe
 791 002e 3A       		.uleb128 0x3a
 792 002f 0B       		.uleb128 0xb
 793 0030 3B       		.uleb128 0x3b
 794 0031 0B       		.uleb128 0xb
 795 0032 49       		.uleb128 0x49
 796 0033 13       		.uleb128 0x13
 797 0034 00       		.byte	0
 798 0035 00       		.byte	0
 799 0036 05       		.uleb128 0x5
 800 0037 16       		.uleb128 0x16
 801 0038 00       		.byte	0
 802 0039 03       		.uleb128 0x3
 803 003a 0E       		.uleb128 0xe
 804 003b 3A       		.uleb128 0x3a
 805 003c 0B       		.uleb128 0xb
 806 003d 3B       		.uleb128 0x3b
 807 003e 05       		.uleb128 0x5
 808 003f 49       		.uleb128 0x49
 809 0040 13       		.uleb128 0x13
 810 0041 00       		.byte	0
 811 0042 00       		.byte	0
 812 0043 06       		.uleb128 0x6
 813 0044 35       		.uleb128 0x35
 814 0045 00       		.byte	0
 815 0046 49       		.uleb128 0x49
 816 0047 13       		.uleb128 0x13
 817 0048 00       		.byte	0
 818 0049 00       		.byte	0
 819 004a 07       		.uleb128 0x7
 820 004b 0F       		.uleb128 0xf
 821 004c 00       		.byte	0
 822 004d 0B       		.uleb128 0xb
 823 004e 0B       		.uleb128 0xb
 824 004f 49       		.uleb128 0x49
 825 0050 13       		.uleb128 0x13
 826 0051 00       		.byte	0
 827 0052 00       		.byte	0
 828 0053 08       		.uleb128 0x8
 829 0054 15       		.uleb128 0x15
 830 0055 00       		.byte	0
 831 0056 27       		.uleb128 0x27
 832 0057 19       		.uleb128 0x19
 833 0058 00       		.byte	0
 834 0059 00       		.byte	0
 835 005a 09       		.uleb128 0x9
 836 005b 2E       		.uleb128 0x2e
ARM GAS  C:\Users\Tim\AppData\Local\Temp\ccXbXi7C.s 			page 23


 837 005c 00       		.byte	0
 838 005d 3F       		.uleb128 0x3f
 839 005e 19       		.uleb128 0x19
 840 005f 03       		.uleb128 0x3
 841 0060 0E       		.uleb128 0xe
 842 0061 3A       		.uleb128 0x3a
 843 0062 0B       		.uleb128 0xb
 844 0063 3B       		.uleb128 0x3b
 845 0064 0B       		.uleb128 0xb
 846 0065 27       		.uleb128 0x27
 847 0066 19       		.uleb128 0x19
 848 0067 11       		.uleb128 0x11
 849 0068 01       		.uleb128 0x1
 850 0069 12       		.uleb128 0x12
 851 006a 06       		.uleb128 0x6
 852 006b 40       		.uleb128 0x40
 853 006c 18       		.uleb128 0x18
 854 006d 9742     		.uleb128 0x2117
 855 006f 19       		.uleb128 0x19
 856 0070 00       		.byte	0
 857 0071 00       		.byte	0
 858 0072 0A       		.uleb128 0xa
 859 0073 2E       		.uleb128 0x2e
 860 0074 01       		.byte	0x1
 861 0075 3F       		.uleb128 0x3f
 862 0076 19       		.uleb128 0x19
 863 0077 03       		.uleb128 0x3
 864 0078 0E       		.uleb128 0xe
 865 0079 3A       		.uleb128 0x3a
 866 007a 0B       		.uleb128 0xb
 867 007b 3B       		.uleb128 0x3b
 868 007c 0B       		.uleb128 0xb
 869 007d 27       		.uleb128 0x27
 870 007e 19       		.uleb128 0x19
 871 007f 11       		.uleb128 0x11
 872 0080 01       		.uleb128 0x1
 873 0081 12       		.uleb128 0x12
 874 0082 06       		.uleb128 0x6
 875 0083 40       		.uleb128 0x40
 876 0084 18       		.uleb128 0x18
 877 0085 9742     		.uleb128 0x2117
 878 0087 19       		.uleb128 0x19
 879 0088 01       		.uleb128 0x1
 880 0089 13       		.uleb128 0x13
 881 008a 00       		.byte	0
 882 008b 00       		.byte	0
 883 008c 0B       		.uleb128 0xb
 884 008d 05       		.uleb128 0x5
 885 008e 00       		.byte	0
 886 008f 03       		.uleb128 0x3
 887 0090 0E       		.uleb128 0xe
 888 0091 3A       		.uleb128 0x3a
 889 0092 0B       		.uleb128 0xb
 890 0093 3B       		.uleb128 0x3b
 891 0094 0B       		.uleb128 0xb
 892 0095 49       		.uleb128 0x49
 893 0096 13       		.uleb128 0x13
ARM GAS  C:\Users\Tim\AppData\Local\Temp\ccXbXi7C.s 			page 24


 894 0097 02       		.uleb128 0x2
 895 0098 18       		.uleb128 0x18
 896 0099 00       		.byte	0
 897 009a 00       		.byte	0
 898 009b 0C       		.uleb128 0xc
 899 009c 2E       		.uleb128 0x2e
 900 009d 00       		.byte	0
 901 009e 3F       		.uleb128 0x3f
 902 009f 19       		.uleb128 0x19
 903 00a0 03       		.uleb128 0x3
 904 00a1 0E       		.uleb128 0xe
 905 00a2 3A       		.uleb128 0x3a
 906 00a3 0B       		.uleb128 0xb
 907 00a4 3B       		.uleb128 0x3b
 908 00a5 0B       		.uleb128 0xb
 909 00a6 27       		.uleb128 0x27
 910 00a7 19       		.uleb128 0x19
 911 00a8 49       		.uleb128 0x49
 912 00a9 13       		.uleb128 0x13
 913 00aa 11       		.uleb128 0x11
 914 00ab 01       		.uleb128 0x1
 915 00ac 12       		.uleb128 0x12
 916 00ad 06       		.uleb128 0x6
 917 00ae 40       		.uleb128 0x40
 918 00af 18       		.uleb128 0x18
 919 00b0 9742     		.uleb128 0x2117
 920 00b2 19       		.uleb128 0x19
 921 00b3 00       		.byte	0
 922 00b4 00       		.byte	0
 923 00b5 0D       		.uleb128 0xd
 924 00b6 05       		.uleb128 0x5
 925 00b7 00       		.byte	0
 926 00b8 03       		.uleb128 0x3
 927 00b9 0E       		.uleb128 0xe
 928 00ba 3A       		.uleb128 0x3a
 929 00bb 0B       		.uleb128 0xb
 930 00bc 3B       		.uleb128 0x3b
 931 00bd 0B       		.uleb128 0xb
 932 00be 49       		.uleb128 0x49
 933 00bf 13       		.uleb128 0x13
 934 00c0 02       		.uleb128 0x2
 935 00c1 17       		.uleb128 0x17
 936 00c2 00       		.byte	0
 937 00c3 00       		.byte	0
 938 00c4 0E       		.uleb128 0xe
 939 00c5 34       		.uleb128 0x34
 940 00c6 00       		.byte	0
 941 00c7 03       		.uleb128 0x3
 942 00c8 0E       		.uleb128 0xe
 943 00c9 3A       		.uleb128 0x3a
 944 00ca 0B       		.uleb128 0xb
 945 00cb 3B       		.uleb128 0x3b
 946 00cc 0B       		.uleb128 0xb
 947 00cd 49       		.uleb128 0x49
 948 00ce 13       		.uleb128 0x13
 949 00cf 02       		.uleb128 0x2
 950 00d0 17       		.uleb128 0x17
ARM GAS  C:\Users\Tim\AppData\Local\Temp\ccXbXi7C.s 			page 25


 951 00d1 00       		.byte	0
 952 00d2 00       		.byte	0
 953 00d3 0F       		.uleb128 0xf
 954 00d4 34       		.uleb128 0x34
 955 00d5 00       		.byte	0
 956 00d6 03       		.uleb128 0x3
 957 00d7 0E       		.uleb128 0xe
 958 00d8 3A       		.uleb128 0x3a
 959 00d9 0B       		.uleb128 0xb
 960 00da 3B       		.uleb128 0x3b
 961 00db 0B       		.uleb128 0xb
 962 00dc 49       		.uleb128 0x49
 963 00dd 13       		.uleb128 0x13
 964 00de 1C       		.uleb128 0x1c
 965 00df 0B       		.uleb128 0xb
 966 00e0 00       		.byte	0
 967 00e1 00       		.byte	0
 968 00e2 10       		.uleb128 0x10
 969 00e3 898201   		.uleb128 0x4109
 970 00e6 00       		.byte	0
 971 00e7 11       		.uleb128 0x11
 972 00e8 01       		.uleb128 0x1
 973 00e9 31       		.uleb128 0x31
 974 00ea 13       		.uleb128 0x13
 975 00eb 00       		.byte	0
 976 00ec 00       		.byte	0
 977 00ed 11       		.uleb128 0x11
 978 00ee 2E       		.uleb128 0x2e
 979 00ef 01       		.byte	0x1
 980 00f0 3F       		.uleb128 0x3f
 981 00f1 19       		.uleb128 0x19
 982 00f2 03       		.uleb128 0x3
 983 00f3 0E       		.uleb128 0xe
 984 00f4 3A       		.uleb128 0x3a
 985 00f5 0B       		.uleb128 0xb
 986 00f6 3B       		.uleb128 0x3b
 987 00f7 05       		.uleb128 0x5
 988 00f8 27       		.uleb128 0x27
 989 00f9 19       		.uleb128 0x19
 990 00fa 49       		.uleb128 0x49
 991 00fb 13       		.uleb128 0x13
 992 00fc 11       		.uleb128 0x11
 993 00fd 01       		.uleb128 0x1
 994 00fe 12       		.uleb128 0x12
 995 00ff 06       		.uleb128 0x6
 996 0100 40       		.uleb128 0x40
 997 0101 18       		.uleb128 0x18
 998 0102 9742     		.uleb128 0x2117
 999 0104 19       		.uleb128 0x19
 1000 0105 01       		.uleb128 0x1
 1001 0106 13       		.uleb128 0x13
 1002 0107 00       		.byte	0
 1003 0108 00       		.byte	0
 1004 0109 12       		.uleb128 0x12
 1005 010a 34       		.uleb128 0x34
 1006 010b 00       		.byte	0
 1007 010c 03       		.uleb128 0x3
ARM GAS  C:\Users\Tim\AppData\Local\Temp\ccXbXi7C.s 			page 26


 1008 010d 0E       		.uleb128 0xe
 1009 010e 3A       		.uleb128 0x3a
 1010 010f 0B       		.uleb128 0xb
 1011 0110 3B       		.uleb128 0x3b
 1012 0111 05       		.uleb128 0x5
 1013 0112 49       		.uleb128 0x49
 1014 0113 13       		.uleb128 0x13
 1015 0114 02       		.uleb128 0x2
 1016 0115 17       		.uleb128 0x17
 1017 0116 00       		.byte	0
 1018 0117 00       		.byte	0
 1019 0118 13       		.uleb128 0x13
 1020 0119 34       		.uleb128 0x34
 1021 011a 00       		.byte	0
 1022 011b 03       		.uleb128 0x3
 1023 011c 0E       		.uleb128 0xe
 1024 011d 3A       		.uleb128 0x3a
 1025 011e 0B       		.uleb128 0xb
 1026 011f 3B       		.uleb128 0x3b
 1027 0120 05       		.uleb128 0x5
 1028 0121 49       		.uleb128 0x49
 1029 0122 13       		.uleb128 0x13
 1030 0123 1C       		.uleb128 0x1c
 1031 0124 0B       		.uleb128 0xb
 1032 0125 00       		.byte	0
 1033 0126 00       		.byte	0
 1034 0127 14       		.uleb128 0x14
 1035 0128 2E       		.uleb128 0x2e
 1036 0129 00       		.byte	0
 1037 012a 3F       		.uleb128 0x3f
 1038 012b 19       		.uleb128 0x19
 1039 012c 03       		.uleb128 0x3
 1040 012d 0E       		.uleb128 0xe
 1041 012e 3A       		.uleb128 0x3a
 1042 012f 0B       		.uleb128 0xb
 1043 0130 3B       		.uleb128 0x3b
 1044 0131 05       		.uleb128 0x5
 1045 0132 27       		.uleb128 0x27
 1046 0133 19       		.uleb128 0x19
 1047 0134 11       		.uleb128 0x11
 1048 0135 01       		.uleb128 0x1
 1049 0136 12       		.uleb128 0x12
 1050 0137 06       		.uleb128 0x6
 1051 0138 40       		.uleb128 0x40
 1052 0139 18       		.uleb128 0x18
 1053 013a 9742     		.uleb128 0x2117
 1054 013c 19       		.uleb128 0x19
 1055 013d 00       		.byte	0
 1056 013e 00       		.byte	0
 1057 013f 15       		.uleb128 0x15
 1058 0140 2E       		.uleb128 0x2e
 1059 0141 00       		.byte	0
 1060 0142 3F       		.uleb128 0x3f
 1061 0143 19       		.uleb128 0x19
 1062 0144 03       		.uleb128 0x3
 1063 0145 0E       		.uleb128 0xe
 1064 0146 3A       		.uleb128 0x3a
ARM GAS  C:\Users\Tim\AppData\Local\Temp\ccXbXi7C.s 			page 27


 1065 0147 0B       		.uleb128 0xb
 1066 0148 3B       		.uleb128 0x3b
 1067 0149 05       		.uleb128 0x5
 1068 014a 27       		.uleb128 0x27
 1069 014b 19       		.uleb128 0x19
 1070 014c 49       		.uleb128 0x49
 1071 014d 13       		.uleb128 0x13
 1072 014e 11       		.uleb128 0x11
 1073 014f 01       		.uleb128 0x1
 1074 0150 12       		.uleb128 0x12
 1075 0151 06       		.uleb128 0x6
 1076 0152 40       		.uleb128 0x40
 1077 0153 18       		.uleb128 0x18
 1078 0154 9742     		.uleb128 0x2117
 1079 0156 19       		.uleb128 0x19
 1080 0157 00       		.byte	0
 1081 0158 00       		.byte	0
 1082 0159 16       		.uleb128 0x16
 1083 015a 898201   		.uleb128 0x4109
 1084 015d 01       		.byte	0x1
 1085 015e 11       		.uleb128 0x11
 1086 015f 01       		.uleb128 0x1
 1087 0160 31       		.uleb128 0x31
 1088 0161 13       		.uleb128 0x13
 1089 0162 01       		.uleb128 0x1
 1090 0163 13       		.uleb128 0x13
 1091 0164 00       		.byte	0
 1092 0165 00       		.byte	0
 1093 0166 17       		.uleb128 0x17
 1094 0167 8A8201   		.uleb128 0x410a
 1095 016a 00       		.byte	0
 1096 016b 02       		.uleb128 0x2
 1097 016c 18       		.uleb128 0x18
 1098 016d 9142     		.uleb128 0x2111
 1099 016f 18       		.uleb128 0x18
 1100 0170 00       		.byte	0
 1101 0171 00       		.byte	0
 1102 0172 18       		.uleb128 0x18
 1103 0173 01       		.uleb128 0x1
 1104 0174 01       		.byte	0x1
 1105 0175 49       		.uleb128 0x49
 1106 0176 13       		.uleb128 0x13
 1107 0177 01       		.uleb128 0x1
 1108 0178 13       		.uleb128 0x13
 1109 0179 00       		.byte	0
 1110 017a 00       		.byte	0
 1111 017b 19       		.uleb128 0x19
 1112 017c 21       		.uleb128 0x21
 1113 017d 00       		.byte	0
 1114 017e 49       		.uleb128 0x49
 1115 017f 13       		.uleb128 0x13
 1116 0180 2F       		.uleb128 0x2f
 1117 0181 0B       		.uleb128 0xb
 1118 0182 00       		.byte	0
 1119 0183 00       		.byte	0
 1120 0184 1A       		.uleb128 0x1a
 1121 0185 34       		.uleb128 0x34
ARM GAS  C:\Users\Tim\AppData\Local\Temp\ccXbXi7C.s 			page 28


 1122 0186 00       		.byte	0
 1123 0187 03       		.uleb128 0x3
 1124 0188 0E       		.uleb128 0xe
 1125 0189 3A       		.uleb128 0x3a
 1126 018a 0B       		.uleb128 0xb
 1127 018b 3B       		.uleb128 0x3b
 1128 018c 0B       		.uleb128 0xb
 1129 018d 49       		.uleb128 0x49
 1130 018e 13       		.uleb128 0x13
 1131 018f 3F       		.uleb128 0x3f
 1132 0190 19       		.uleb128 0x19
 1133 0191 3C       		.uleb128 0x3c
 1134 0192 19       		.uleb128 0x19
 1135 0193 00       		.byte	0
 1136 0194 00       		.byte	0
 1137 0195 1B       		.uleb128 0x1b
 1138 0196 2E       		.uleb128 0x2e
 1139 0197 00       		.byte	0
 1140 0198 3F       		.uleb128 0x3f
 1141 0199 19       		.uleb128 0x19
 1142 019a 03       		.uleb128 0x3
 1143 019b 0E       		.uleb128 0xe
 1144 019c 3A       		.uleb128 0x3a
 1145 019d 0B       		.uleb128 0xb
 1146 019e 3B       		.uleb128 0x3b
 1147 019f 0B       		.uleb128 0xb
 1148 01a0 27       		.uleb128 0x27
 1149 01a1 19       		.uleb128 0x19
 1150 01a2 49       		.uleb128 0x49
 1151 01a3 13       		.uleb128 0x13
 1152 01a4 3C       		.uleb128 0x3c
 1153 01a5 19       		.uleb128 0x19
 1154 01a6 00       		.byte	0
 1155 01a7 00       		.byte	0
 1156 01a8 1C       		.uleb128 0x1c
 1157 01a9 2E       		.uleb128 0x2e
 1158 01aa 01       		.byte	0x1
 1159 01ab 3F       		.uleb128 0x3f
 1160 01ac 19       		.uleb128 0x19
 1161 01ad 03       		.uleb128 0x3
 1162 01ae 0E       		.uleb128 0xe
 1163 01af 3A       		.uleb128 0x3a
 1164 01b0 0B       		.uleb128 0xb
 1165 01b1 3B       		.uleb128 0x3b
 1166 01b2 0B       		.uleb128 0xb
 1167 01b3 27       		.uleb128 0x27
 1168 01b4 19       		.uleb128 0x19
 1169 01b5 3C       		.uleb128 0x3c
 1170 01b6 19       		.uleb128 0x19
 1171 01b7 00       		.byte	0
 1172 01b8 00       		.byte	0
 1173 01b9 1D       		.uleb128 0x1d
 1174 01ba 05       		.uleb128 0x5
 1175 01bb 00       		.byte	0
 1176 01bc 49       		.uleb128 0x49
 1177 01bd 13       		.uleb128 0x13
 1178 01be 00       		.byte	0
ARM GAS  C:\Users\Tim\AppData\Local\Temp\ccXbXi7C.s 			page 29


 1179 01bf 00       		.byte	0
 1180 01c0 00       		.byte	0
 1181              		.section	.debug_loc,"",%progbits
 1182              	.Ldebug_loc0:
 1183              	.LLST0:
 1184 0000 00000000 		.4byte	.LVL1
 1185 0004 07000000 		.4byte	.LVL3-1
 1186 0008 0100     		.2byte	0x1
 1187 000a 50       		.byte	0x50
 1188 000b 07000000 		.4byte	.LVL3-1
 1189 000f 20000000 		.4byte	.LFE7
 1190 0013 0400     		.2byte	0x4
 1191 0015 F3       		.byte	0xf3
 1192 0016 01       		.uleb128 0x1
 1193 0017 50       		.byte	0x50
 1194 0018 9F       		.byte	0x9f
 1195 0019 00000000 		.4byte	0
 1196 001d 00000000 		.4byte	0
 1197              	.LLST1:
 1198 0021 08000000 		.4byte	.LVL3
 1199 0025 19000000 		.4byte	.LVL4-1
 1200 0029 0100     		.2byte	0x1
 1201 002b 50       		.byte	0x50
 1202 002c 00000000 		.4byte	0
 1203 0030 00000000 		.4byte	0
 1204              	.LLST2:
 1205 0034 04000000 		.4byte	.LVL6
 1206 0038 06000000 		.4byte	.LVL7
 1207 003c 0500     		.2byte	0x5
 1208 003e 70       		.byte	0x70
 1209 003f 00       		.sleb128 0
 1210 0040 4E       		.byte	0x4e
 1211 0041 25       		.byte	0x25
 1212 0042 9F       		.byte	0x9f
 1213 0043 06000000 		.4byte	.LVL7
 1214 0047 0C000000 		.4byte	.LFE8
 1215 004b 0100     		.2byte	0x1
 1216 004d 50       		.byte	0x50
 1217 004e 00000000 		.4byte	0
 1218 0052 00000000 		.4byte	0
 1219              	.LLST3:
 1220 0056 00000000 		.4byte	.LVL12
 1221 005a 07000000 		.4byte	.LVL13-1
 1222 005e 0100     		.2byte	0x1
 1223 0060 50       		.byte	0x50
 1224 0061 07000000 		.4byte	.LVL13-1
 1225 0065 18000000 		.4byte	.LVL17
 1226 0069 0100     		.2byte	0x1
 1227 006b 54       		.byte	0x54
 1228 006c 18000000 		.4byte	.LVL17
 1229 0070 1A000000 		.4byte	.LFE2
 1230 0074 0400     		.2byte	0x4
 1231 0076 F3       		.byte	0xf3
 1232 0077 01       		.uleb128 0x1
 1233 0078 50       		.byte	0x50
 1234 0079 9F       		.byte	0x9f
 1235 007a 00000000 		.4byte	0
ARM GAS  C:\Users\Tim\AppData\Local\Temp\ccXbXi7C.s 			page 30


 1236 007e 00000000 		.4byte	0
 1237              		.section	.debug_aranges,"",%progbits
 1238 0000 7C000000 		.4byte	0x7c
 1239 0004 0200     		.2byte	0x2
 1240 0006 00000000 		.4byte	.Ldebug_info0
 1241 000a 04       		.byte	0x4
 1242 000b 00       		.byte	0
 1243 000c 0000     		.2byte	0
 1244 000e 0000     		.2byte	0
 1245 0010 00000000 		.4byte	.LFB4
 1246 0014 02000000 		.4byte	.LFE4-.LFB4
 1247 0018 00000000 		.4byte	.LFB5
 1248 001c 0C000000 		.4byte	.LFE5-.LFB5
 1249 0020 00000000 		.4byte	.LFB6
 1250 0024 0C000000 		.4byte	.LFE6-.LFB6
 1251 0028 00000000 		.4byte	.LFB7
 1252 002c 20000000 		.4byte	.LFE7-.LFB7
 1253 0030 00000000 		.4byte	.LFB8
 1254 0034 0C000000 		.4byte	.LFE8-.LFB8
 1255 0038 00000000 		.4byte	.LFB9
 1256 003c 10000000 		.4byte	.LFE9-.LFB9
 1257 0040 00000000 		.4byte	.LFB10
 1258 0044 14000000 		.4byte	.LFE10-.LFB10
 1259 0048 00000000 		.4byte	.LFB11
 1260 004c 10000000 		.4byte	.LFE11-.LFB11
 1261 0050 00000000 		.4byte	.LFB1
 1262 0054 1C000000 		.4byte	.LFE1-.LFB1
 1263 0058 00000000 		.4byte	.LFB2
 1264 005c 1A000000 		.4byte	.LFE2-.LFB2
 1265 0060 00000000 		.4byte	.LFB3
 1266 0064 14000000 		.4byte	.LFE3-.LFB3
 1267 0068 00000000 		.4byte	.LFB12
 1268 006c 10000000 		.4byte	.LFE12-.LFB12
 1269 0070 00000000 		.4byte	.LFB13
 1270 0074 10000000 		.4byte	.LFE13-.LFB13
 1271 0078 00000000 		.4byte	0
 1272 007c 00000000 		.4byte	0
 1273              		.section	.debug_ranges,"",%progbits
 1274              	.Ldebug_ranges0:
 1275 0000 00000000 		.4byte	.LFB4
 1276 0004 02000000 		.4byte	.LFE4
 1277 0008 00000000 		.4byte	.LFB5
 1278 000c 0C000000 		.4byte	.LFE5
 1279 0010 00000000 		.4byte	.LFB6
 1280 0014 0C000000 		.4byte	.LFE6
 1281 0018 00000000 		.4byte	.LFB7
 1282 001c 20000000 		.4byte	.LFE7
 1283 0020 00000000 		.4byte	.LFB8
 1284 0024 0C000000 		.4byte	.LFE8
 1285 0028 00000000 		.4byte	.LFB9
 1286 002c 10000000 		.4byte	.LFE9
 1287 0030 00000000 		.4byte	.LFB10
 1288 0034 14000000 		.4byte	.LFE10
 1289 0038 00000000 		.4byte	.LFB11
 1290 003c 10000000 		.4byte	.LFE11
 1291 0040 00000000 		.4byte	.LFB1
 1292 0044 1C000000 		.4byte	.LFE1
ARM GAS  C:\Users\Tim\AppData\Local\Temp\ccXbXi7C.s 			page 31


 1293 0048 00000000 		.4byte	.LFB2
 1294 004c 1A000000 		.4byte	.LFE2
 1295 0050 00000000 		.4byte	.LFB3
 1296 0054 14000000 		.4byte	.LFE3
 1297 0058 00000000 		.4byte	.LFB12
 1298 005c 10000000 		.4byte	.LFE12
 1299 0060 00000000 		.4byte	.LFB13
 1300 0064 10000000 		.4byte	.LFE13
 1301 0068 00000000 		.4byte	0
 1302 006c 00000000 		.4byte	0
 1303              		.section	.debug_line,"",%progbits
 1304              	.Ldebug_line0:
 1305 0000 74010000 		.section	.debug_str,"MS",%progbits,1
 1305      02007400 
 1305      00000201 
 1305      FB0E0D00 
 1305      01010101 
 1306              	.LASF14:
 1307 0000 72656733 		.ascii	"reg32\000"
 1307      3200
 1308              	.LASF37:
 1309 0006 43795261 		.ascii	"CyRamVectors\000"
 1309      6D566563 
 1309      746F7273 
 1309      00
 1310              	.LASF3:
 1311 0013 73686F72 		.ascii	"short unsigned int\000"
 1311      7420756E 
 1311      7369676E 
 1311      65642069 
 1311      6E7400
 1312              	.LASF27:
 1313 0026 48435352 		.ascii	"HCSR04_Timeout_Intr_Disable\000"
 1313      30345F54 
 1313      696D656F 
 1313      75745F49 
 1313      6E74725F 
 1314              	.LASF23:
 1315 0042 48435352 		.ascii	"HCSR04_Timeout_Intr_Interrupt\000"
 1315      30345F54 
 1315      696D656F 
 1315      75745F49 
 1315      6E74725F 
 1316              	.LASF28:
 1317 0060 48435352 		.ascii	"HCSR04_Timeout_Intr_Start\000"
 1317      30345F54 
 1317      696D656F 
 1317      75745F49 
 1317      6E74725F 
 1318              	.LASF11:
 1319 007a 666C6F61 		.ascii	"float\000"
 1319      7400
 1320              	.LASF25:
 1321 0080 48435352 		.ascii	"HCSR04_Timeout_Intr_GetVector\000"
 1321      30345F54 
 1321      696D656F 
 1321      75745F49 
ARM GAS  C:\Users\Tim\AppData\Local\Temp\ccXbXi7C.s 			page 32


 1321      6E74725F 
 1322              	.LASF7:
 1323 009e 6C6F6E67 		.ascii	"long long unsigned int\000"
 1323      206C6F6E 
 1323      6720756E 
 1323      7369676E 
 1323      65642069 
 1324              	.LASF1:
 1325 00b5 756E7369 		.ascii	"unsigned char\000"
 1325      676E6564 
 1325      20636861 
 1325      7200
 1326              	.LASF21:
 1327 00c3 696E7465 		.ascii	"interruptState\000"
 1327      72727570 
 1327      74537461 
 1327      746500
 1328              	.LASF5:
 1329 00d2 6C6F6E67 		.ascii	"long unsigned int\000"
 1329      20756E73 
 1329      69676E65 
 1329      6420696E 
 1329      7400
 1330              	.LASF9:
 1331 00e4 75696E74 		.ascii	"uint8\000"
 1331      3800
 1332              	.LASF20:
 1333 00ea 7072696F 		.ascii	"priority\000"
 1333      72697479 
 1333      00
 1334              	.LASF34:
 1335 00f3 2E5C4765 		.ascii	".\\Generated_Source\\PSoC4\\HCSR04_Timeout_Intr.c\000"
 1335      6E657261 
 1335      7465645F 
 1335      536F7572 
 1335      63655C50 
 1336              	.LASF12:
 1337 0122 646F7562 		.ascii	"double\000"
 1337      6C6500
 1338              	.LASF32:
 1339 0129 48435352 		.ascii	"HCSR04_Timeout_Intr_ClearPending\000"
 1339      30345F54 
 1339      696D656F 
 1339      75745F49 
 1339      6E74725F 
 1340              	.LASF10:
 1341 014a 75696E74 		.ascii	"uint32\000"
 1341      333200
 1342              	.LASF38:
 1343 0151 4379456E 		.ascii	"CyEnterCriticalSection\000"
 1343      74657243 
 1343      72697469 
 1343      63616C53 
 1343      65637469 
 1344              	.LASF26:
 1345 0168 48435352 		.ascii	"HCSR04_Timeout_Intr_GetState\000"
 1345      30345F54 
ARM GAS  C:\Users\Tim\AppData\Local\Temp\ccXbXi7C.s 			page 33


 1345      696D656F 
 1345      75745F49 
 1345      6E74725F 
 1346              	.LASF8:
 1347 0185 756E7369 		.ascii	"unsigned int\000"
 1347      676E6564 
 1347      20696E74 
 1347      00
 1348              	.LASF19:
 1349 0192 61646472 		.ascii	"address\000"
 1349      65737300 
 1350              	.LASF39:
 1351 019a 43794578 		.ascii	"CyExitCriticalSection\000"
 1351      69744372 
 1351      69746963 
 1351      616C5365 
 1351      6374696F 
 1352              	.LASF31:
 1353 01b0 48435352 		.ascii	"HCSR04_Timeout_Intr_SetPending\000"
 1353      30345F54 
 1353      696D656F 
 1353      75745F49 
 1353      6E74725F 
 1354              	.LASF15:
 1355 01cf 63796973 		.ascii	"cyisraddress\000"
 1355      72616464 
 1355      72657373 
 1355      00
 1356              	.LASF30:
 1357 01dc 48435352 		.ascii	"HCSR04_Timeout_Intr_Stop\000"
 1357      30345F54 
 1357      696D656F 
 1357      75745F49 
 1357      6E74725F 
 1358              	.LASF16:
 1359 01f5 73697A65 		.ascii	"sizetype\000"
 1359      74797065 
 1359      00
 1360              	.LASF6:
 1361 01fe 6C6F6E67 		.ascii	"long long int\000"
 1361      206C6F6E 
 1361      6720696E 
 1361      7400
 1362              	.LASF13:
 1363 020c 63686172 		.ascii	"char\000"
 1363      00
 1364              	.LASF33:
 1365 0211 474E5520 		.ascii	"GNU C 4.9.3 20150303 (release) [ARM/embedded-4_9-br"
 1365      4320342E 
 1365      392E3320 
 1365      32303135 
 1365      30333033 
 1366 0244 616E6368 		.ascii	"anch revision 221220] -mcpu=cortex-m0 -mthumb -g -O"
 1366      20726576 
 1366      6973696F 
 1366      6E203232 
 1366      31323230 
ARM GAS  C:\Users\Tim\AppData\Local\Temp\ccXbXi7C.s 			page 34


 1367 0277 67202D66 		.ascii	"g -ffunction-sections -ffat-lto-objects\000"
 1367      66756E63 
 1367      74696F6E 
 1367      2D736563 
 1367      74696F6E 
 1368              	.LASF2:
 1369 029f 73686F72 		.ascii	"short int\000"
 1369      7420696E 
 1369      7400
 1370              	.LASF18:
 1371 02a9 48435352 		.ascii	"HCSR04_Timeout_Intr_SetPriority\000"
 1371      30345F54 
 1371      696D656F 
 1371      75745F49 
 1371      6E74725F 
 1372              	.LASF22:
 1373 02c9 7072696F 		.ascii	"priorityOffset\000"
 1373      72697479 
 1373      4F666673 
 1373      657400
 1374              	.LASF4:
 1375 02d8 6C6F6E67 		.ascii	"long int\000"
 1375      20696E74 
 1375      00
 1376              	.LASF35:
 1377 02e1 443A5C70 		.ascii	"D:\\projects\\ArloBot\\ArlobotHw\\Arlobot\\Board-Ki"
 1377      726F6A65 
 1377      6374735C 
 1377      41726C6F 
 1377      426F745C 
 1378 030f 7450726F 		.ascii	"tProg.cydsn\000"
 1378      672E6379 
 1378      64736E00 
 1379              	.LASF29:
 1380 031b 48435352 		.ascii	"HCSR04_Timeout_Intr_StartEx\000"
 1380      30345F54 
 1380      696D656F 
 1380      75745F49 
 1380      6E74725F 
 1381              	.LASF36:
 1382 0337 48435352 		.ascii	"HCSR04_Timeout_Intr_GetPriority\000"
 1382      30345F54 
 1382      696D656F 
 1382      75745F49 
 1382      6E74725F 
 1383              	.LASF17:
 1384 0357 48435352 		.ascii	"HCSR04_Timeout_Intr_SetVector\000"
 1384      30345F54 
 1384      696D656F 
 1384      75745F49 
 1384      6E74725F 
 1385              	.LASF0:
 1386 0375 7369676E 		.ascii	"signed char\000"
 1386      65642063 
 1386      68617200 
 1387              	.LASF24:
 1388 0381 48435352 		.ascii	"HCSR04_Timeout_Intr_Enable\000"
ARM GAS  C:\Users\Tim\AppData\Local\Temp\ccXbXi7C.s 			page 35


 1388      30345F54 
 1388      696D656F 
 1388      75745F49 
 1388      6E74725F 
 1389              		.ident	"GCC: (GNU Tools for ARM Embedded Processors) 4.9.3 20150303 (release) [ARM/embedded-4_9-br
