ARM GAS  C:\Users\Tim\AppData\Local\Temp\ccntUjdm.s 			page 1


   1              		.cpu cortex-m0
   2              		.fpu softvfp
   3              		.eabi_attribute 20, 1
   4              		.eabi_attribute 21, 1
   5              		.eabi_attribute 23, 3
   6              		.eabi_attribute 24, 1
   7              		.eabi_attribute 25, 1
   8              		.eabi_attribute 26, 1
   9              		.eabi_attribute 30, 1
  10              		.eabi_attribute 34, 0
  11              		.eabi_attribute 18, 4
  12              		.code	16
  13              		.file	"pid.c"
  14              		.text
  15              	.Ltext0:
  16              		.cfi_sections	.debug_frame
  17              		.global	__aeabi_i2f
  18              		.global	__aeabi_fdiv
  19              		.global	__aeabi_f2d
  20              		.global	__aeabi_fsub
  21              		.global	__aeabi_dcmpgt
  22              		.global	__aeabi_fadd
  23              		.global	__aeabi_fmul
  24              		.section	.text.Calculate,"ax",%progbits
  25              		.align	2
  26              		.code	16
  27              		.thumb_func
  28              		.type	Calculate, %function
  29              	Calculate:
  30              	.LFB34:
  31              		.file 1 "..\\source\\pid.c"
   1:..\source/pid.c **** /* ========================================
   2:..\source/pid.c ****  *
   3:..\source/pid.c ****  * Copyright YOUR COMPANY, THE YEAR
   4:..\source/pid.c ****  * All Rights Reserved
   5:..\source/pid.c ****  * UNPUBLISHED, LICENSED SOFTWARE.
   6:..\source/pid.c ****  *
   7:..\source/pid.c ****  * CONFIDENTIAL AND PROPRIETARY INFORMATION
   8:..\source/pid.c ****  * WHICH IS THE PROPERTY OF your company.
   9:..\source/pid.c ****  *
  10:..\source/pid.c ****  * ========================================
  11:..\source/pid.c **** */
  12:..\source/pid.c **** 
  13:..\source/pid.c **** #include <math.h>
  14:..\source/pid.c **** #include "pid.h"
  15:..\source/pid.c **** #include "encoder.h"
  16:..\source/pid.c **** #include "motor.h"
  17:..\source/pid.c **** #include "i2c.h"
  18:..\source/pid.c **** #include "utils.h"
  19:..\source/pid.c **** #include "debug.h"
  20:..\source/pid.c **** #include "time.h"
  21:..\source/pid.c **** 
  22:..\source/pid.c **** #define SAMPLE_RATE (1) // Hz
  23:..\source/pid.c **** #define SAMPLE_PERIOD (1000/SAMPLE_RATE) /* milliseconds */
  24:..\source/pid.c **** 
  25:..\source/pid.c **** #define MIN_KP (0)
  26:..\source/pid.c **** #define MAX_KP (1)
ARM GAS  C:\Users\Tim\AppData\Local\Temp\ccntUjdm.s 			page 2


  27:..\source/pid.c **** #define MIN_KI (0)
  28:..\source/pid.c **** #define MAX_KI (1)
  29:..\source/pid.c **** #define MIN_KD (0)
  30:..\source/pid.c **** #define MAX_KD (1)
  31:..\source/pid.c **** #define MIN_SAMPLE_RATE (0)
  32:..\source/pid.c **** #define MAX_SAMPLE_RATE (1)
  33:..\source/pid.c **** 
  34:..\source/pid.c **** #define DEFAULT_KP (2.0)
  35:..\source/pid.c **** #define DEFAULT_KI (0.1)
  36:..\source/pid.c **** #define DEFAULT_KD (0.01)
  37:..\source/pid.c **** 
  38:..\source/pid.c **** #define MIN_ERROR (0.001)
  39:..\source/pid.c **** 
  40:..\source/pid.c **** static float Kp;
  41:..\source/pid.c **** static float Ki;
  42:..\source/pid.c **** static float Kd;
  43:..\source/pid.c **** 
  44:..\source/pid.c **** /*---------------------------------*/
  45:..\source/pid.c **** 
  46:..\source/pid.c **** 
  47:..\source/pid.c **** /* Incoming velocities are milliemeter per second */
  48:..\source/pid.c **** static float Calculate(int16 calc_velocity, int16 set_velocity)
  49:..\source/pid.c **** {
  32              		.loc 1 49 0
  33              		.cfi_startproc
  34              	.LVL0:
  35 0000 F0B5     		push	{r4, r5, r6, r7, lr}
  36              		.cfi_def_cfa_offset 20
  37              		.cfi_offset 4, -20
  38              		.cfi_offset 5, -16
  39              		.cfi_offset 6, -12
  40              		.cfi_offset 7, -8
  41              		.cfi_offset 14, -4
  42 0002 8DB0     		sub	sp, sp, #52
  43              		.cfi_def_cfa_offset 72
  44 0004 061C     		mov	r6, r0
  45 0006 0F1C     		mov	r7, r1
  50:..\source/pid.c ****     static float prev_error = 0;
  51:..\source/pid.c ****     static float integral = 0;
  52:..\source/pid.c ****     float scaled_calc_velocity;
  53:..\source/pid.c ****     float scaled_set_velocity;
  54:..\source/pid.c ****     float error;
  55:..\source/pid.c ****     float derivative;
  56:..\source/pid.c ****     float output;
  57:..\source/pid.c ****     //int8 scaled_output;
  58:..\source/pid.c ****     
  59:..\source/pid.c ****     scaled_calc_velocity = ((float)calc_velocity)/MAX_VELOCITY; //scale(calc_velocity, 100, 15000);
  46              		.loc 1 59 0
  47 0008 FFF7FEFF 		bl	__aeabi_i2f
  48              	.LVL1:
  49 000c 3C49     		ldr	r1, .L5
  50 000e FFF7FEFF 		bl	__aeabi_fdiv
  51              	.LVL2:
  52 0012 0990     		str	r0, [sp, #36]
  53              	.LVL3:
  60:..\source/pid.c ****     scaled_set_velocity = ((float)set_velocity)/MAX_VELOCITY; //scale(set_velocity, 100, 15000);
  54              		.loc 1 60 0
ARM GAS  C:\Users\Tim\AppData\Local\Temp\ccntUjdm.s 			page 3


  55 0014 381C     		mov	r0, r7
  56              	.LVL4:
  57 0016 FFF7FEFF 		bl	__aeabi_i2f
  58              	.LVL5:
  59 001a 3949     		ldr	r1, .L5
  60 001c FFF7FEFF 		bl	__aeabi_fdiv
  61              	.LVL6:
  62 0020 041C     		add	r4, r0, #0
  63              	.LVL7:
  61:..\source/pid.c ****     
  62:..\source/pid.c ****     //COMMS_DEBUG_PRINT(0, "CV: %d, SCV: %f, SV: %d, SSV: %f\n\r", calc_velocity, scaled_calc_veloc
  63:..\source/pid.c ****     snprintf(formatted_string, sizeof(formatted_string), "CV: %d, SCV: %2.1f, SV: %d, SSV: %2.1f\n\
  64              		.loc 1 63 0
  65 0022 384D     		ldr	r5, .L5+4
  66 0024 0998     		ldr	r0, [sp, #36]
  67              	.LVL8:
  68 0026 FFF7FEFF 		bl	__aeabi_f2d
  69              	.LVL9:
  70 002a 0090     		str	r0, [sp]
  71 002c 0191     		str	r1, [sp, #4]
  72 002e 0297     		str	r7, [sp, #8]
  73 0030 201C     		add	r0, r4, #0
  74 0032 FFF7FEFF 		bl	__aeabi_f2d
  75              	.LVL10:
  76 0036 0490     		str	r0, [sp, #16]
  77 0038 0591     		str	r1, [sp, #20]
  78 003a 281C     		mov	r0, r5
  79 003c 8021     		mov	r1, #128
  80 003e 4900     		lsl	r1, r1, #1
  81 0040 314A     		ldr	r2, .L5+8
  82 0042 331C     		mov	r3, r6
  83 0044 FFF7FEFF 		bl	snprintf
  84              	.LVL11:
  64:..\source/pid.c ****     UARTCOMMS_UartPutString(formatted_string);
  85              		.loc 1 64 0
  86 0048 281C     		mov	r0, r5
  87 004a FFF7FEFF 		bl	UARTCOMMS_UartPutString
  88              	.LVL12:
  65:..\source/pid.c **** 
  66:..\source/pid.c ****     error = scaled_set_velocity - scaled_calc_velocity;
  89              		.loc 1 66 0
  90 004e 201C     		add	r0, r4, #0
  91 0050 0999     		ldr	r1, [sp, #36]
  92 0052 FFF7FEFF 		bl	__aeabi_fsub
  93              	.LVL13:
  94 0056 041C     		add	r4, r0, #0
  95              	.LVL14:
  67:..\source/pid.c **** 
  68:..\source/pid.c ****     if( fabs(error) > MIN_ERROR )
  96              		.loc 1 68 0
  97 0058 4000     		lsl	r0, r0, #1
  98              	.LVL15:
  99 005a 4008     		lsr	r0, r0, #1
 100 005c FFF7FEFF 		bl	__aeabi_f2d
 101              	.LVL16:
 102 0060 2A4A     		ldr	r2, .L5+12
 103 0062 2B4B     		ldr	r3, .L5+16
ARM GAS  C:\Users\Tim\AppData\Local\Temp\ccntUjdm.s 			page 4


 104 0064 FFF7FEFF 		bl	__aeabi_dcmpgt
 105              	.LVL17:
 106 0068 0028     		cmp	r0, #0
 107 006a 05D0     		beq	.L2
  69:..\source/pid.c ****     {
  70:..\source/pid.c ****         integral = integral + error;
 108              		.loc 1 70 0
 109 006c 294D     		ldr	r5, .L5+20
 110 006e 201C     		add	r0, r4, #0
 111 0070 2968     		ldr	r1, [r5]
 112 0072 FFF7FEFF 		bl	__aeabi_fadd
 113              	.LVL18:
 114 0076 2860     		str	r0, [r5]
 115              	.L2:
  71:..\source/pid.c ****     }
  72:..\source/pid.c **** 
  73:..\source/pid.c ****     derivative = (error - prev_error);
 116              		.loc 1 73 0
 117 0078 264E     		ldr	r6, .L5+20
 118 007a 201C     		add	r0, r4, #0
 119 007c 7168     		ldr	r1, [r6, #4]
 120 007e FFF7FEFF 		bl	__aeabi_fsub
 121              	.LVL19:
 122 0082 0A90     		str	r0, [sp, #40]
 123              	.LVL20:
  74:..\source/pid.c ****     output = Kp * error + Ki * integral + Kd * derivative;
 124              		.loc 1 74 0
 125 0084 B768     		ldr	r7, [r6, #8]
 126 0086 381C     		add	r0, r7, #0
 127              	.LVL21:
 128 0088 211C     		add	r1, r4, #0
 129 008a FFF7FEFF 		bl	__aeabi_fmul
 130              	.LVL22:
 131 008e 051C     		add	r5, r0, #0
 132 0090 F368     		ldr	r3, [r6, #12]
 133 0092 0993     		str	r3, [sp, #36]
 134              	.LVL23:
 135 0094 181C     		add	r0, r3, #0
 136 0096 3168     		ldr	r1, [r6]
 137 0098 FFF7FEFF 		bl	__aeabi_fmul
 138              	.LVL24:
 139 009c 011C     		add	r1, r0, #0
 140 009e 281C     		add	r0, r5, #0
 141 00a0 FFF7FEFF 		bl	__aeabi_fadd
 142              	.LVL25:
 143 00a4 0B90     		str	r0, [sp, #44]
 144 00a6 3569     		ldr	r5, [r6, #16]
 145 00a8 281C     		add	r0, r5, #0
 146 00aa 0A99     		ldr	r1, [sp, #40]
 147 00ac FFF7FEFF 		bl	__aeabi_fmul
 148              	.LVL26:
 149 00b0 011C     		add	r1, r0, #0
 150 00b2 0B98     		ldr	r0, [sp, #44]
 151 00b4 FFF7FEFF 		bl	__aeabi_fadd
 152              	.LVL27:
 153 00b8 0A90     		str	r0, [sp, #40]
 154              	.LVL28:
ARM GAS  C:\Users\Tim\AppData\Local\Temp\ccntUjdm.s 			page 5


  75:..\source/pid.c ****     snprintf(formatted_string, sizeof(formatted_string), "p: %2.1f, i: %2.1f, d: %2.1f, o: %2.1f\n\
 155              		.loc 1 75 0
 156 00ba 381C     		add	r0, r7, #0
 157              	.LVL29:
 158 00bc FFF7FEFF 		bl	__aeabi_f2d
 159              	.LVL30:
 160 00c0 0090     		str	r0, [sp]
 161 00c2 0191     		str	r1, [sp, #4]
 162 00c4 0998     		ldr	r0, [sp, #36]
 163 00c6 FFF7FEFF 		bl	__aeabi_f2d
 164              	.LVL31:
 165 00ca 0290     		str	r0, [sp, #8]
 166 00cc 0391     		str	r1, [sp, #12]
 167 00ce 281C     		add	r0, r5, #0
 168 00d0 FFF7FEFF 		bl	__aeabi_f2d
 169              	.LVL32:
 170 00d4 0490     		str	r0, [sp, #16]
 171 00d6 0591     		str	r1, [sp, #20]
 172 00d8 0A9D     		ldr	r5, [sp, #40]
 173 00da 281C     		add	r0, r5, #0
 174 00dc FFF7FEFF 		bl	__aeabi_f2d
 175              	.LVL33:
 176 00e0 0690     		str	r0, [sp, #24]
 177 00e2 0791     		str	r1, [sp, #28]
 178 00e4 0748     		ldr	r0, .L5+4
 179 00e6 8021     		mov	r1, #128
 180 00e8 4900     		lsl	r1, r1, #1
 181 00ea 0B4A     		ldr	r2, .L5+24
 182 00ec FFF7FEFF 		bl	snprintf
 183              	.LVL34:
  76:..\source/pid.c ****     UARTCOMMS_UartPutString(formatted_string);
 184              		.loc 1 76 0
 185 00f0 0448     		ldr	r0, .L5+4
 186 00f2 FFF7FEFF 		bl	UARTCOMMS_UartPutString
 187              	.LVL35:
  77:..\source/pid.c ****     
  78:..\source/pid.c ****     prev_error = error;
 188              		.loc 1 78 0
 189 00f6 7460     		str	r4, [r6, #4]
  79:..\source/pid.c ****     
  80:..\source/pid.c ****     return output;
  81:..\source/pid.c **** }
 190              		.loc 1 81 0
 191 00f8 281C     		add	r0, r5, #0
 192 00fa 0DB0     		add	sp, sp, #52
 193              		@ sp needed
 194              	.LVL36:
 195 00fc F0BD     		pop	{r4, r5, r6, r7, pc}
 196              	.L6:
 197 00fe C046     		.align	2
 198              	.L5:
 199 0100 00007A44 		.word	1148846080
 200 0104 00000000 		.word	formatted_string
 201 0108 00000000 		.word	.LC1
 202 010c FCA9F1D2 		.word	-755914244
 203 0110 4D62503F 		.word	1062232653
 204 0114 00000000 		.word	.LANCHOR0
ARM GAS  C:\Users\Tim\AppData\Local\Temp\ccntUjdm.s 			page 6


 205 0118 2C000000 		.word	.LC4
 206              		.cfi_endproc
 207              	.LFE34:
 208              		.size	Calculate, .-Calculate
 209              		.section	.text.PID_Init,"ax",%progbits
 210              		.align	2
 211              		.global	PID_Init
 212              		.code	16
 213              		.thumb_func
 214              		.type	PID_Init, %function
 215              	PID_Init:
 216              	.LFB35:
  82:..\source/pid.c ****     
  83:..\source/pid.c **** void PID_Init(float p, float i, float d, uint8 sample_rate)
  84:..\source/pid.c **** {
 217              		.loc 1 84 0
 218              		.cfi_startproc
 219              	.LVL37:
  85:..\source/pid.c ****     Kp = p;
 220              		.loc 1 85 0
 221 0000 024B     		ldr	r3, .L8
 222              	.LVL38:
 223 0002 9860     		str	r0, [r3, #8]
  86:..\source/pid.c ****     Ki = i;
 224              		.loc 1 86 0
 225 0004 D960     		str	r1, [r3, #12]
  87:..\source/pid.c ****     Kd = d;
 226              		.loc 1 87 0
 227 0006 1A61     		str	r2, [r3, #16]
 228              	.LVL39:
  88:..\source/pid.c ****     sample_rate = constrain(sample_rate, MIN_SAMPLE_RATE, MAX_SAMPLE_RATE);
  89:..\source/pid.c **** }
 229              		.loc 1 89 0
 230              		@ sp needed
 231 0008 7047     		bx	lr
 232              	.L9:
 233 000a C046     		.align	2
 234              	.L8:
 235 000c 00000000 		.word	.LANCHOR0
 236              		.cfi_endproc
 237              	.LFE35:
 238              		.size	PID_Init, .-PID_Init
 239              		.section	.text.PID_Start,"ax",%progbits
 240              		.align	2
 241              		.global	PID_Start
 242              		.code	16
 243              		.thumb_func
 244              		.type	PID_Start, %function
 245              	PID_Start:
 246              	.LFB36:
  90:..\source/pid.c **** 
  91:..\source/pid.c **** void PID_Start()
  92:..\source/pid.c **** {
 247              		.loc 1 92 0
 248              		.cfi_startproc
  93:..\source/pid.c ****     Kp = DEFAULT_KP;
 249              		.loc 1 93 0
ARM GAS  C:\Users\Tim\AppData\Local\Temp\ccntUjdm.s 			page 7


 250 0000 044B     		ldr	r3, .L11
 251 0002 8022     		mov	r2, #128
 252 0004 D205     		lsl	r2, r2, #23
 253 0006 9A60     		str	r2, [r3, #8]
  94:..\source/pid.c ****     Ki = DEFAULT_KI;
 254              		.loc 1 94 0
 255 0008 034A     		ldr	r2, .L11+4
 256 000a DA60     		str	r2, [r3, #12]
  95:..\source/pid.c ****     Kd = DEFAULT_KD;
 257              		.loc 1 95 0
 258 000c 034A     		ldr	r2, .L11+8
 259 000e 1A61     		str	r2, [r3, #16]
  96:..\source/pid.c **** }
 260              		.loc 1 96 0
 261              		@ sp needed
 262 0010 7047     		bx	lr
 263              	.L12:
 264 0012 C046     		.align	2
 265              	.L11:
 266 0014 00000000 		.word	.LANCHOR0
 267 0018 CDCCCC3D 		.word	1036831949
 268 001c 0AD7233C 		.word	1008981770
 269              		.cfi_endproc
 270              	.LFE36:
 271              		.size	PID_Start, .-PID_Start
 272              		.global	__aeabi_f2iz
 273              		.section	.text.PID_Update,"ax",%progbits
 274              		.align	2
 275              		.global	PID_Update
 276              		.code	16
 277              		.thumb_func
 278              		.type	PID_Update, %function
 279              	PID_Update:
 280              	.LFB37:
  97:..\source/pid.c **** 
  98:..\source/pid.c **** void PID_Update(int16 velocity)
  99:..\source/pid.c **** {
 281              		.loc 1 99 0
 282              		.cfi_startproc
 283              	.LVL40:
 284 0000 F0B5     		push	{r4, r5, r6, r7, lr}
 285              		.cfi_def_cfa_offset 20
 286              		.cfi_offset 4, -20
 287              		.cfi_offset 5, -16
 288              		.cfi_offset 6, -12
 289              		.cfi_offset 7, -8
 290              		.cfi_offset 14, -4
 291 0002 89B0     		sub	sp, sp, #36
 292              		.cfi_def_cfa_offset 56
 293 0004 0690     		str	r0, [sp, #24]
 294              	.LVL41:
 100:..\source/pid.c **** #define PID_ENABLED
 101:..\source/pid.c **** #ifdef PID_ENABLED
 102:..\source/pid.c ****     static uint32 last_time = 0;
 103:..\source/pid.c ****     int16 input = 0;
 104:..\source/pid.c ****     float output;
 105:..\source/pid.c ****     int8 adjust;
ARM GAS  C:\Users\Tim\AppData\Local\Temp\ccntUjdm.s 			page 8


 106:..\source/pid.c ****     static int16 new_velocity = 0;
 107:..\source/pid.c ****     uint32 delta_time;
 108:..\source/pid.c ****     
 109:..\source/pid.c ****     delta_time = millis() - last_time;
 295              		.loc 1 109 0
 296 0006 FFF7FEFF 		bl	millis
 297              	.LVL42:
 298 000a 1C4B     		ldr	r3, .L15
 299 000c 5B69     		ldr	r3, [r3, #20]
 300 000e C01A     		sub	r0, r0, r3
 301              	.LVL43:
 110:..\source/pid.c ****     //if (DELTA_TIME(millis(), last_time, SAMPLE_PERIOD))
 111:..\source/pid.c ****     if (delta_time > 1000)
 302              		.loc 1 111 0
 303 0010 FA23     		mov	r3, #250
 304 0012 9B00     		lsl	r3, r3, #2
 305 0014 9842     		cmp	r0, r3
 306 0016 29D9     		bls	.L14
 307              	.LBB2:
 112:..\source/pid.c ****     {    
 113:..\source/pid.c ****         last_time = millis();
 308              		.loc 1 113 0
 309 0018 FFF7FEFF 		bl	millis
 310              	.LVL44:
 311 001c 174F     		ldr	r7, .L15
 312 001e 7861     		str	r0, [r7, #20]
 114:..\source/pid.c ****         
 115:..\source/pid.c ****         input = Encoder_GetVelocity();
 313              		.loc 1 115 0
 314 0020 FFF7FEFF 		bl	Encoder_GetVelocity
 315              	.LVL45:
 316 0024 051C     		mov	r5, r0
 317              	.LVL46:
 116:..\source/pid.c ****         
 117:..\source/pid.c ****         output = Calculate(input, velocity);
 318              		.loc 1 117 0
 319 0026 0699     		ldr	r1, [sp, #24]
 320 0028 FFF7FEFF 		bl	Calculate
 321              	.LVL47:
 322 002c 021C     		add	r2, r0, #0
 323              	.LVL48:
 118:..\source/pid.c ****         
 119:..\source/pid.c ****         adjust = scale_float(output, SPEED_RANGE, 2);
 324              		.loc 1 119 0
 325 002e 0792     		str	r2, [sp, #28]
 326 0030 111C     		add	r1, r2, #0
 327 0032 FFF7FEFF 		bl	__aeabi_fadd
 328              	.LVL49:
 329 0036 1249     		ldr	r1, .L15+4
 330 0038 FFF7FEFF 		bl	__aeabi_fdiv
 331              	.LVL50:
 332 003c FFF7FEFF 		bl	__aeabi_f2iz
 333              	.LVL51:
 334 0040 C4B2     		uxtb	r4, r0
 335              	.LVL52:
 120:..\source/pid.c ****         
 121:..\source/pid.c ****         //COMMS_DEBUG_PRINT(0, "v: %d, i: %d, o: %2.1f, a: %d\n\r", velocity, input, output, adjust
ARM GAS  C:\Users\Tim\AppData\Local\Temp\ccntUjdm.s 			page 9


 122:..\source/pid.c ****         snprintf(formatted_string, sizeof(formatted_string), "v: %d, i: %d, o: %f, a: %d\n\r", velo
 336              		.loc 1 122 0
 337 0042 104E     		ldr	r6, .L15+8
 338 0044 0095     		str	r5, [sp]
 339 0046 0798     		ldr	r0, [sp, #28]
 340 0048 FFF7FEFF 		bl	__aeabi_f2d
 341              	.LVL53:
 342 004c 0290     		str	r0, [sp, #8]
 343 004e 0391     		str	r1, [sp, #12]
 344 0050 64B2     		sxtb	r4, r4
 345 0052 0494     		str	r4, [sp, #16]
 346 0054 301C     		mov	r0, r6
 347 0056 8021     		mov	r1, #128
 348 0058 4900     		lsl	r1, r1, #1
 349 005a 0B4A     		ldr	r2, .L15+12
 350 005c 069B     		ldr	r3, [sp, #24]
 351 005e FFF7FEFF 		bl	snprintf
 352              	.LVL54:
 123:..\source/pid.c ****         UARTCOMMS_UartPutString(formatted_string);
 353              		.loc 1 123 0
 354 0062 301C     		mov	r0, r6
 355 0064 FFF7FEFF 		bl	UARTCOMMS_UartPutString
 356              	.LVL55:
 124:..\source/pid.c ****         new_velocity = input + adjust;
 357              		.loc 1 124 0
 358 0068 6419     		add	r4, r4, r5
 359              	.LVL56:
 360 006a 3C83     		strh	r4, [r7, #24]
 361              	.LVL57:
 362              	.L14:
 363              	.LBE2:
 125:..\source/pid.c ****     }
 126:..\source/pid.c ****     
 127:..\source/pid.c ****     Motor_SetOutput(new_velocity);
 364              		.loc 1 127 0
 365 006c 034B     		ldr	r3, .L15
 366 006e 1820     		mov	r0, #24
 367 0070 185E     		ldrsh	r0, [r3, r0]
 368 0072 FFF7FEFF 		bl	Motor_SetOutput
 369              	.LVL58:
 128:..\source/pid.c **** #else
 129:..\source/pid.c ****     Motor_SetOutput(velocity);
 130:..\source/pid.c **** #endif
 131:..\source/pid.c **** }
 370              		.loc 1 131 0
 371 0076 09B0     		add	sp, sp, #36
 372              		@ sp needed
 373 0078 F0BD     		pop	{r4, r5, r6, r7, pc}
 374              	.L16:
 375 007a C046     		.align	2
 376              	.L15:
 377 007c 00000000 		.word	.LANCHOR0
 378 0080 0000FA44 		.word	1157234688
 379 0084 00000000 		.word	formatted_string
 380 0088 58000000 		.word	.LC10
 381              		.cfi_endproc
 382              	.LFE37:
ARM GAS  C:\Users\Tim\AppData\Local\Temp\ccntUjdm.s 			page 10


 383              		.size	PID_Update, .-PID_Update
 384              		.comm	formatted_string,256,4
 385              		.section	.rodata.str1.4,"aMS",%progbits,1
 386              		.align	2
 387              	.LC1:
 388 0000 43563A20 		.ascii	"CV: %d, SCV: %2.1f, SV: %d, SSV: %2.1f\012\015\000"
 388      25642C20 
 388      5343563A 
 388      2025322E 
 388      31662C20 
 389 0029 000000   		.space	3
 390              	.LC4:
 391 002c 703A2025 		.ascii	"p: %2.1f, i: %2.1f, d: %2.1f, o: %2.1f\012\015\000"
 391      322E3166 
 391      2C20693A 
 391      2025322E 
 391      31662C20 
 392 0055 000000   		.space	3
 393              	.LC10:
 394 0058 763A2025 		.ascii	"v: %d, i: %d, o: %f, a: %d\012\015\000"
 394      642C2069 
 394      3A202564 
 394      2C206F3A 
 394      2025662C 
 395 0075 000000   		.bss
 396              		.align	2
 397              		.set	.LANCHOR0,. + 0
 398              		.type	integral.7433, %object
 399              		.size	integral.7433, 4
 400              	integral.7433:
 401 0000 00000000 		.space	4
 402              		.type	prev_error.7432, %object
 403              		.size	prev_error.7432, 4
 404              	prev_error.7432:
 405 0004 00000000 		.space	4
 406              		.type	Kp, %object
 407              		.size	Kp, 4
 408              	Kp:
 409 0008 00000000 		.space	4
 410              		.type	Ki, %object
 411              		.size	Ki, 4
 412              	Ki:
 413 000c 00000000 		.space	4
 414              		.type	Kd, %object
 415              		.size	Kd, 4
 416              	Kd:
 417 0010 00000000 		.space	4
 418              		.type	last_time.7452, %object
 419              		.size	last_time.7452, 4
 420              	last_time.7452:
 421 0014 00000000 		.space	4
 422              		.type	new_velocity.7456, %object
 423              		.size	new_velocity.7456, 2
 424              	new_velocity.7456:
 425 0018 0000     		.space	2
 426 001a 0000     		.text
 427              	.Letext0:
ARM GAS  C:\Users\Tim\AppData\Local\Temp\ccntUjdm.s 			page 11


 428              		.file 2 "c:\\program files (x86)\\cypress\\psoc creator\\3.3\\psoc creator\\import\\gnu\\arm\\4.9.
 429              		.file 3 "Generated_Source\\PSoC4/cytypes.h"
 430              		.file 4 "..\\source\\time.h"
 431              		.file 5 "..\\source\\encoder.h"
 432              		.file 6 "..\\source\\debug.h"
 433              		.file 7 "c:\\program files (x86)\\cypress\\psoc creator\\3.3\\psoc creator\\import\\gnu\\arm\\4.9.
 434              		.file 8 "..\\source\\motor.h"
 435              		.section	.debug_info,"",%progbits
 436              	.Ldebug_info0:
 437 0000 3C040000 		.4byte	0x43c
 438 0004 0400     		.2byte	0x4
 439 0006 00000000 		.4byte	.Ldebug_abbrev0
 440 000a 04       		.byte	0x4
 441 000b 01       		.uleb128 0x1
 442 000c B7010000 		.4byte	.LASF40
 443 0010 01       		.byte	0x1
 444 0011 BA020000 		.4byte	.LASF41
 445 0015 7D010000 		.4byte	.LASF42
 446 0019 00000000 		.4byte	.Ldebug_ranges0+0
 447 001d 00000000 		.4byte	0
 448 0021 00000000 		.4byte	.Ldebug_line0
 449 0025 02       		.uleb128 0x2
 450 0026 04       		.byte	0x4
 451 0027 05       		.byte	0x5
 452 0028 696E7400 		.ascii	"int\000"
 453 002c 03       		.uleb128 0x3
 454 002d 00000000 		.4byte	.LASF14
 455 0031 02       		.byte	0x2
 456 0032 D4       		.byte	0xd4
 457 0033 37000000 		.4byte	0x37
 458 0037 04       		.uleb128 0x4
 459 0038 04       		.byte	0x4
 460 0039 07       		.byte	0x7
 461 003a 22010000 		.4byte	.LASF0
 462 003e 04       		.uleb128 0x4
 463 003f 01       		.byte	0x1
 464 0040 06       		.byte	0x6
 465 0041 AE020000 		.4byte	.LASF1
 466 0045 04       		.uleb128 0x4
 467 0046 01       		.byte	0x1
 468 0047 08       		.byte	0x8
 469 0048 5F000000 		.4byte	.LASF2
 470 004c 04       		.uleb128 0x4
 471 004d 02       		.byte	0x2
 472 004e 05       		.byte	0x5
 473 004f 45020000 		.4byte	.LASF3
 474 0053 04       		.uleb128 0x4
 475 0054 02       		.byte	0x2
 476 0055 07       		.byte	0x7
 477 0056 95000000 		.4byte	.LASF4
 478 005a 04       		.uleb128 0x4
 479 005b 04       		.byte	0x4
 480 005c 05       		.byte	0x5
 481 005d 7F020000 		.4byte	.LASF5
 482 0061 04       		.uleb128 0x4
 483 0062 04       		.byte	0x4
 484 0063 07       		.byte	0x7
ARM GAS  C:\Users\Tim\AppData\Local\Temp\ccntUjdm.s 			page 12


 485 0064 83000000 		.4byte	.LASF6
 486 0068 04       		.uleb128 0x4
 487 0069 08       		.byte	0x8
 488 006a 05       		.byte	0x5
 489 006b 61010000 		.4byte	.LASF7
 490 006f 04       		.uleb128 0x4
 491 0070 08       		.byte	0x8
 492 0071 07       		.byte	0x7
 493 0072 2F010000 		.4byte	.LASF8
 494 0076 04       		.uleb128 0x4
 495 0077 04       		.byte	0x4
 496 0078 07       		.byte	0x7
 497 0079 6F010000 		.4byte	.LASF9
 498 007d 05       		.uleb128 0x5
 499 007e 04       		.byte	0x4
 500 007f 83000000 		.4byte	0x83
 501 0083 04       		.uleb128 0x4
 502 0084 01       		.byte	0x1
 503 0085 08       		.byte	0x8
 504 0086 78010000 		.4byte	.LASF10
 505 008a 05       		.uleb128 0x5
 506 008b 04       		.byte	0x4
 507 008c 90000000 		.4byte	0x90
 508 0090 06       		.uleb128 0x6
 509 0091 83000000 		.4byte	0x83
 510 0095 04       		.uleb128 0x4
 511 0096 08       		.byte	0x8
 512 0097 04       		.byte	0x4
 513 0098 EF000000 		.4byte	.LASF11
 514 009c 04       		.uleb128 0x4
 515 009d 04       		.byte	0x4
 516 009e 04       		.byte	0x4
 517 009f 4E000000 		.4byte	.LASF12
 518 00a3 04       		.uleb128 0x4
 519 00a4 08       		.byte	0x8
 520 00a5 04       		.byte	0x4
 521 00a6 96020000 		.4byte	.LASF13
 522 00aa 03       		.uleb128 0x3
 523 00ab 64020000 		.4byte	.LASF15
 524 00af 03       		.byte	0x3
 525 00b0 C2       		.byte	0xc2
 526 00b1 45000000 		.4byte	0x45
 527 00b5 03       		.uleb128 0x3
 528 00b6 1B010000 		.4byte	.LASF16
 529 00ba 03       		.byte	0x3
 530 00bb C4       		.byte	0xc4
 531 00bc 61000000 		.4byte	0x61
 532 00c0 03       		.uleb128 0x3
 533 00c1 16010000 		.4byte	.LASF17
 534 00c5 03       		.byte	0x3
 535 00c6 C5       		.byte	0xc5
 536 00c7 3E000000 		.4byte	0x3e
 537 00cb 03       		.uleb128 0x3
 538 00cc 7D000000 		.4byte	.LASF18
 539 00d0 03       		.byte	0x3
 540 00d1 C6       		.byte	0xc6
 541 00d2 4C000000 		.4byte	0x4c
ARM GAS  C:\Users\Tim\AppData\Local\Temp\ccntUjdm.s 			page 13


 542 00d6 07       		.uleb128 0x7
 543 00d7 73000000 		.4byte	.LASF43
 544 00db 01       		.byte	0x1
 545 00dc 30       		.byte	0x30
 546 00dd 9C000000 		.4byte	0x9c
 547 00e1 00000000 		.4byte	.LFB34
 548 00e5 1C010000 		.4byte	.LFE34-.LFB34
 549 00e9 01       		.uleb128 0x1
 550 00ea 9C       		.byte	0x9c
 551 00eb 0B020000 		.4byte	0x20b
 552 00ef 08       		.uleb128 0x8
 553 00f0 4F020000 		.4byte	.LASF19
 554 00f4 01       		.byte	0x1
 555 00f5 30       		.byte	0x30
 556 00f6 CB000000 		.4byte	0xcb
 557 00fa 00000000 		.4byte	.LLST0
 558 00fe 08       		.uleb128 0x8
 559 00ff 22000000 		.4byte	.LASF20
 560 0103 01       		.byte	0x1
 561 0104 30       		.byte	0x30
 562 0105 CB000000 		.4byte	0xcb
 563 0109 21000000 		.4byte	.LLST1
 564 010d 09       		.uleb128 0x9
 565 010e 54000000 		.4byte	.LASF21
 566 0112 01       		.byte	0x1
 567 0113 32       		.byte	0x32
 568 0114 9C000000 		.4byte	0x9c
 569 0118 05       		.uleb128 0x5
 570 0119 03       		.byte	0x3
 571 011a 04000000 		.4byte	prev_error.7432
 572 011e 09       		.uleb128 0x9
 573 011f 07000000 		.4byte	.LASF22
 574 0123 01       		.byte	0x1
 575 0124 33       		.byte	0x33
 576 0125 9C000000 		.4byte	0x9c
 577 0129 05       		.uleb128 0x5
 578 012a 03       		.byte	0x3
 579 012b 00000000 		.4byte	integral.7433
 580 012f 0A       		.uleb128 0xa
 581 0130 6A020000 		.4byte	.LASF23
 582 0134 01       		.byte	0x1
 583 0135 34       		.byte	0x34
 584 0136 9C000000 		.4byte	0x9c
 585 013a 42000000 		.4byte	.LLST2
 586 013e 0A       		.uleb128 0xa
 587 013f B8000000 		.4byte	.LASF24
 588 0143 01       		.byte	0x1
 589 0144 35       		.byte	0x35
 590 0145 9C000000 		.4byte	0x9c
 591 0149 61000000 		.4byte	.LLST3
 592 014d 0A       		.uleb128 0xa
 593 014e 5B010000 		.4byte	.LASF25
 594 0152 01       		.byte	0x1
 595 0153 36       		.byte	0x36
 596 0154 9C000000 		.4byte	0x9c
 597 0158 7F000000 		.4byte	.LLST4
 598 015c 0A       		.uleb128 0xa
ARM GAS  C:\Users\Tim\AppData\Local\Temp\ccntUjdm.s 			page 14


 599 015d CC000000 		.4byte	.LASF26
 600 0161 01       		.byte	0x1
 601 0162 37       		.byte	0x37
 602 0163 9C000000 		.4byte	0x9c
 603 0167 AC000000 		.4byte	.LLST5
 604 016b 0A       		.uleb128 0xa
 605 016c 5D020000 		.4byte	.LASF27
 606 0170 01       		.byte	0x1
 607 0171 38       		.byte	0x38
 608 0172 9C000000 		.4byte	0x9c
 609 0176 CB000000 		.4byte	.LLST6
 610 017a 0B       		.uleb128 0xb
 611 017b D7000000 		.4byte	.LASF37
 612 017f 01       		.byte	0x1
 613 0180 40       		.byte	0x40
 614 0181 25000000 		.4byte	0x25
 615 0185 8B010000 		.4byte	0x18b
 616 0189 0C       		.uleb128 0xc
 617 018a 00       		.byte	0
 618 018b 0D       		.uleb128 0xd
 619 018c 48000000 		.4byte	.LVL11
 620 0190 DE030000 		.4byte	0x3de
 621 0194 BC010000 		.4byte	0x1bc
 622 0198 0E       		.uleb128 0xe
 623 0199 01       		.uleb128 0x1
 624 019a 53       		.byte	0x53
 625 019b 02       		.uleb128 0x2
 626 019c 76       		.byte	0x76
 627 019d 00       		.sleb128 0
 628 019e 0E       		.uleb128 0xe
 629 019f 01       		.uleb128 0x1
 630 01a0 52       		.byte	0x52
 631 01a1 05       		.uleb128 0x5
 632 01a2 03       		.byte	0x3
 633 01a3 00000000 		.4byte	.LC1
 634 01a7 0E       		.uleb128 0xe
 635 01a8 01       		.uleb128 0x1
 636 01a9 51       		.byte	0x51
 637 01aa 03       		.uleb128 0x3
 638 01ab 0A       		.byte	0xa
 639 01ac 0001     		.2byte	0x100
 640 01ae 0E       		.uleb128 0xe
 641 01af 01       		.uleb128 0x1
 642 01b0 50       		.byte	0x50
 643 01b1 02       		.uleb128 0x2
 644 01b2 75       		.byte	0x75
 645 01b3 00       		.sleb128 0
 646 01b4 0E       		.uleb128 0xe
 647 01b5 02       		.uleb128 0x2
 648 01b6 7D       		.byte	0x7d
 649 01b7 08       		.sleb128 8
 650 01b8 02       		.uleb128 0x2
 651 01b9 77       		.byte	0x77
 652 01ba 00       		.sleb128 0
 653 01bb 00       		.byte	0
 654 01bc 0D       		.uleb128 0xd
 655 01bd 4E000000 		.4byte	.LVL12
ARM GAS  C:\Users\Tim\AppData\Local\Temp\ccntUjdm.s 			page 15


 656 01c1 FF030000 		.4byte	0x3ff
 657 01c5 D0010000 		.4byte	0x1d0
 658 01c9 0E       		.uleb128 0xe
 659 01ca 01       		.uleb128 0x1
 660 01cb 50       		.byte	0x50
 661 01cc 02       		.uleb128 0x2
 662 01cd 75       		.byte	0x75
 663 01ce 00       		.sleb128 0
 664 01cf 00       		.byte	0
 665 01d0 0D       		.uleb128 0xd
 666 01d1 F0000000 		.4byte	.LVL34
 667 01d5 DE030000 		.4byte	0x3de
 668 01d9 F7010000 		.4byte	0x1f7
 669 01dd 0E       		.uleb128 0xe
 670 01de 01       		.uleb128 0x1
 671 01df 52       		.byte	0x52
 672 01e0 05       		.uleb128 0x5
 673 01e1 03       		.byte	0x3
 674 01e2 2C000000 		.4byte	.LC4
 675 01e6 0E       		.uleb128 0xe
 676 01e7 01       		.uleb128 0x1
 677 01e8 51       		.byte	0x51
 678 01e9 03       		.uleb128 0x3
 679 01ea 0A       		.byte	0xa
 680 01eb 0001     		.2byte	0x100
 681 01ed 0E       		.uleb128 0xe
 682 01ee 01       		.uleb128 0x1
 683 01ef 50       		.byte	0x50
 684 01f0 05       		.uleb128 0x5
 685 01f1 03       		.byte	0x3
 686 01f2 00000000 		.4byte	formatted_string
 687 01f6 00       		.byte	0
 688 01f7 0F       		.uleb128 0xf
 689 01f8 F6000000 		.4byte	.LVL35
 690 01fc FF030000 		.4byte	0x3ff
 691 0200 0E       		.uleb128 0xe
 692 0201 01       		.uleb128 0x1
 693 0202 50       		.byte	0x50
 694 0203 05       		.uleb128 0x5
 695 0204 03       		.byte	0x3
 696 0205 00000000 		.4byte	formatted_string
 697 0209 00       		.byte	0
 698 020a 00       		.byte	0
 699 020b 10       		.uleb128 0x10
 700 020c 00010000 		.4byte	.LASF29
 701 0210 01       		.byte	0x1
 702 0211 53       		.byte	0x53
 703 0212 00000000 		.4byte	.LFB35
 704 0216 10000000 		.4byte	.LFE35-.LFB35
 705 021a 01       		.uleb128 0x1
 706 021b 9C       		.byte	0x9c
 707 021c 51020000 		.4byte	0x251
 708 0220 11       		.uleb128 0x11
 709 0221 7000     		.ascii	"p\000"
 710 0223 01       		.byte	0x1
 711 0224 53       		.byte	0x53
 712 0225 9C000000 		.4byte	0x9c
ARM GAS  C:\Users\Tim\AppData\Local\Temp\ccntUjdm.s 			page 16


 713 0229 01       		.uleb128 0x1
 714 022a 50       		.byte	0x50
 715 022b 11       		.uleb128 0x11
 716 022c 6900     		.ascii	"i\000"
 717 022e 01       		.byte	0x1
 718 022f 53       		.byte	0x53
 719 0230 9C000000 		.4byte	0x9c
 720 0234 01       		.uleb128 0x1
 721 0235 51       		.byte	0x51
 722 0236 11       		.uleb128 0x11
 723 0237 6400     		.ascii	"d\000"
 724 0239 01       		.byte	0x1
 725 023a 53       		.byte	0x53
 726 023b 9C000000 		.4byte	0x9c
 727 023f 01       		.uleb128 0x1
 728 0240 52       		.byte	0x52
 729 0241 08       		.uleb128 0x8
 730 0242 A2020000 		.4byte	.LASF28
 731 0246 01       		.byte	0x1
 732 0247 53       		.byte	0x53
 733 0248 AA000000 		.4byte	0xaa
 734 024c EA000000 		.4byte	.LLST7
 735 0250 00       		.byte	0
 736 0251 12       		.uleb128 0x12
 737 0252 46010000 		.4byte	.LASF44
 738 0256 01       		.byte	0x1
 739 0257 5B       		.byte	0x5b
 740 0258 00000000 		.4byte	.LFB36
 741 025c 20000000 		.4byte	.LFE36-.LFB36
 742 0260 01       		.uleb128 0x1
 743 0261 9C       		.byte	0x9c
 744 0262 13       		.uleb128 0x13
 745 0263 43000000 		.4byte	.LASF30
 746 0267 01       		.byte	0x1
 747 0268 62       		.byte	0x62
 748 0269 00000000 		.4byte	.LFB37
 749 026d 8C000000 		.4byte	.LFE37-.LFB37
 750 0271 01       		.uleb128 0x1
 751 0272 9C       		.byte	0x9c
 752 0273 8D030000 		.4byte	0x38d
 753 0277 08       		.uleb128 0x8
 754 0278 19000000 		.4byte	.LASF31
 755 027c 01       		.byte	0x1
 756 027d 62       		.byte	0x62
 757 027e CB000000 		.4byte	0xcb
 758 0282 1D010000 		.4byte	.LLST8
 759 0286 09       		.uleb128 0x9
 760 0287 F6000000 		.4byte	.LASF32
 761 028b 01       		.byte	0x1
 762 028c 66       		.byte	0x66
 763 028d B5000000 		.4byte	0xb5
 764 0291 05       		.uleb128 0x5
 765 0292 03       		.byte	0x3
 766 0293 14000000 		.4byte	last_time.7452
 767 0297 0A       		.uleb128 0xa
 768 0298 6D000000 		.4byte	.LASF33
 769 029c 01       		.byte	0x1
ARM GAS  C:\Users\Tim\AppData\Local\Temp\ccntUjdm.s 			page 17


 770 029d 67       		.byte	0x67
 771 029e CB000000 		.4byte	0xcb
 772 02a2 3E010000 		.4byte	.LLST9
 773 02a6 0A       		.uleb128 0xa
 774 02a7 5D020000 		.4byte	.LASF27
 775 02ab 01       		.byte	0x1
 776 02ac 68       		.byte	0x68
 777 02ad 9C000000 		.4byte	0x9c
 778 02b1 5D010000 		.4byte	.LLST10
 779 02b5 0A       		.uleb128 0xa
 780 02b6 8F020000 		.4byte	.LASF34
 781 02ba 01       		.byte	0x1
 782 02bb 69       		.byte	0x69
 783 02bc C0000000 		.4byte	0xc0
 784 02c0 7C010000 		.4byte	.LLST11
 785 02c4 09       		.uleb128 0x9
 786 02c5 09010000 		.4byte	.LASF35
 787 02c9 01       		.byte	0x1
 788 02ca 6A       		.byte	0x6a
 789 02cb CB000000 		.4byte	0xcb
 790 02cf 05       		.uleb128 0x5
 791 02d0 03       		.byte	0x3
 792 02d1 18000000 		.4byte	new_velocity.7456
 793 02d5 0A       		.uleb128 0xa
 794 02d6 50010000 		.4byte	.LASF36
 795 02da 01       		.byte	0x1
 796 02db 6B       		.byte	0x6b
 797 02dc B5000000 		.4byte	0xb5
 798 02e0 8F010000 		.4byte	.LLST12
 799 02e4 14       		.uleb128 0x14
 800 02e5 18000000 		.4byte	.LBB2
 801 02e9 54000000 		.4byte	.LBE2-.LBB2
 802 02ed 7A030000 		.4byte	0x37a
 803 02f1 0B       		.uleb128 0xb
 804 02f2 D7000000 		.4byte	.LASF37
 805 02f6 01       		.byte	0x1
 806 02f7 40       		.byte	0x40
 807 02f8 25000000 		.4byte	0x25
 808 02fc 02030000 		.4byte	0x302
 809 0300 0C       		.uleb128 0xc
 810 0301 00       		.byte	0
 811 0302 15       		.uleb128 0x15
 812 0303 1C000000 		.4byte	.LVL44
 813 0307 10040000 		.4byte	0x410
 814 030b 15       		.uleb128 0x15
 815 030c 24000000 		.4byte	.LVL45
 816 0310 21040000 		.4byte	0x421
 817 0314 0D       		.uleb128 0xd
 818 0315 2C000000 		.4byte	.LVL47
 819 0319 D6000000 		.4byte	0xd6
 820 031d 30030000 		.4byte	0x330
 821 0321 0E       		.uleb128 0xe
 822 0322 01       		.uleb128 0x1
 823 0323 51       		.byte	0x51
 824 0324 04       		.uleb128 0x4
 825 0325 91       		.byte	0x91
 826 0326 60       		.sleb128 -32
ARM GAS  C:\Users\Tim\AppData\Local\Temp\ccntUjdm.s 			page 18


 827 0327 94       		.byte	0x94
 828 0328 02       		.byte	0x2
 829 0329 0E       		.uleb128 0xe
 830 032a 01       		.uleb128 0x1
 831 032b 50       		.byte	0x50
 832 032c 02       		.uleb128 0x2
 833 032d 75       		.byte	0x75
 834 032e 00       		.sleb128 0
 835 032f 00       		.byte	0
 836 0330 0D       		.uleb128 0xd
 837 0331 62000000 		.4byte	.LVL54
 838 0335 DE030000 		.4byte	0x3de
 839 0339 69030000 		.4byte	0x369
 840 033d 0E       		.uleb128 0xe
 841 033e 01       		.uleb128 0x1
 842 033f 53       		.byte	0x53
 843 0340 03       		.uleb128 0x3
 844 0341 91       		.byte	0x91
 845 0342 60       		.sleb128 -32
 846 0343 06       		.byte	0x6
 847 0344 0E       		.uleb128 0xe
 848 0345 01       		.uleb128 0x1
 849 0346 52       		.byte	0x52
 850 0347 05       		.uleb128 0x5
 851 0348 03       		.byte	0x3
 852 0349 58000000 		.4byte	.LC10
 853 034d 0E       		.uleb128 0xe
 854 034e 01       		.uleb128 0x1
 855 034f 51       		.byte	0x51
 856 0350 03       		.uleb128 0x3
 857 0351 0A       		.byte	0xa
 858 0352 0001     		.2byte	0x100
 859 0354 0E       		.uleb128 0xe
 860 0355 01       		.uleb128 0x1
 861 0356 50       		.byte	0x50
 862 0357 02       		.uleb128 0x2
 863 0358 76       		.byte	0x76
 864 0359 00       		.sleb128 0
 865 035a 0E       		.uleb128 0xe
 866 035b 02       		.uleb128 0x2
 867 035c 7D       		.byte	0x7d
 868 035d 10       		.sleb128 16
 869 035e 02       		.uleb128 0x2
 870 035f 74       		.byte	0x74
 871 0360 00       		.sleb128 0
 872 0361 0E       		.uleb128 0xe
 873 0362 02       		.uleb128 0x2
 874 0363 7D       		.byte	0x7d
 875 0364 00       		.sleb128 0
 876 0365 02       		.uleb128 0x2
 877 0366 75       		.byte	0x75
 878 0367 00       		.sleb128 0
 879 0368 00       		.byte	0
 880 0369 0F       		.uleb128 0xf
 881 036a 68000000 		.4byte	.LVL55
 882 036e FF030000 		.4byte	0x3ff
 883 0372 0E       		.uleb128 0xe
ARM GAS  C:\Users\Tim\AppData\Local\Temp\ccntUjdm.s 			page 19


 884 0373 01       		.uleb128 0x1
 885 0374 50       		.byte	0x50
 886 0375 02       		.uleb128 0x2
 887 0376 76       		.byte	0x76
 888 0377 00       		.sleb128 0
 889 0378 00       		.byte	0
 890 0379 00       		.byte	0
 891 037a 15       		.uleb128 0x15
 892 037b 0A000000 		.4byte	.LVL42
 893 037f 10040000 		.4byte	0x410
 894 0383 15       		.uleb128 0x15
 895 0384 76000000 		.4byte	.LVL58
 896 0388 32040000 		.4byte	0x432
 897 038c 00       		.byte	0
 898 038d 16       		.uleb128 0x16
 899 038e 4B7000   		.ascii	"Kp\000"
 900 0391 01       		.byte	0x1
 901 0392 28       		.byte	0x28
 902 0393 9C000000 		.4byte	0x9c
 903 0397 05       		.uleb128 0x5
 904 0398 03       		.byte	0x3
 905 0399 08000000 		.4byte	Kp
 906 039d 16       		.uleb128 0x16
 907 039e 4B6900   		.ascii	"Ki\000"
 908 03a1 01       		.byte	0x1
 909 03a2 29       		.byte	0x29
 910 03a3 9C000000 		.4byte	0x9c
 911 03a7 05       		.uleb128 0x5
 912 03a8 03       		.byte	0x3
 913 03a9 0C000000 		.4byte	Ki
 914 03ad 16       		.uleb128 0x16
 915 03ae 4B6400   		.ascii	"Kd\000"
 916 03b1 01       		.byte	0x1
 917 03b2 2A       		.byte	0x2a
 918 03b3 9C000000 		.4byte	0x9c
 919 03b7 05       		.uleb128 0x5
 920 03b8 03       		.byte	0x3
 921 03b9 10000000 		.4byte	Kd
 922 03bd 17       		.uleb128 0x17
 923 03be 83000000 		.4byte	0x83
 924 03c2 CD030000 		.4byte	0x3cd
 925 03c6 18       		.uleb128 0x18
 926 03c7 76000000 		.4byte	0x76
 927 03cb FF       		.byte	0xff
 928 03cc 00       		.byte	0
 929 03cd 19       		.uleb128 0x19
 930 03ce CA020000 		.4byte	.LASF45
 931 03d2 06       		.byte	0x6
 932 03d3 08       		.byte	0x8
 933 03d4 BD030000 		.4byte	0x3bd
 934 03d8 05       		.uleb128 0x5
 935 03d9 03       		.byte	0x3
 936 03da 00000000 		.4byte	formatted_string
 937 03de 1A       		.uleb128 0x1a
 938 03df 10000000 		.4byte	.LASF46
 939 03e3 07       		.byte	0x7
 940 03e4 0C01     		.2byte	0x10c
ARM GAS  C:\Users\Tim\AppData\Local\Temp\ccntUjdm.s 			page 20


 941 03e6 25000000 		.4byte	0x25
 942 03ea FF030000 		.4byte	0x3ff
 943 03ee 1B       		.uleb128 0x1b
 944 03ef 7D000000 		.4byte	0x7d
 945 03f3 1B       		.uleb128 0x1b
 946 03f4 2C000000 		.4byte	0x2c
 947 03f8 1B       		.uleb128 0x1b
 948 03f9 8A000000 		.4byte	0x8a
 949 03fd 0C       		.uleb128 0xc
 950 03fe 00       		.byte	0
 951 03ff 0B       		.uleb128 0xb
 952 0400 D7000000 		.4byte	.LASF37
 953 0404 01       		.byte	0x1
 954 0405 40       		.byte	0x40
 955 0406 25000000 		.4byte	0x25
 956 040a 10040000 		.4byte	0x410
 957 040e 0C       		.uleb128 0xc
 958 040f 00       		.byte	0
 959 0410 0B       		.uleb128 0xb
 960 0411 88020000 		.4byte	.LASF38
 961 0415 04       		.byte	0x4
 962 0416 16       		.byte	0x16
 963 0417 B5000000 		.4byte	0xb5
 964 041b 21040000 		.4byte	0x421
 965 041f 0C       		.uleb128 0xc
 966 0420 00       		.byte	0
 967 0421 0B       		.uleb128 0xb
 968 0422 2F000000 		.4byte	.LASF39
 969 0426 05       		.byte	0x5
 970 0427 16       		.byte	0x16
 971 0428 CB000000 		.4byte	0xcb
 972 042c 32040000 		.4byte	0x432
 973 0430 0C       		.uleb128 0xc
 974 0431 00       		.byte	0
 975 0432 1C       		.uleb128 0x1c
 976 0433 A8000000 		.4byte	.LASF47
 977 0437 08       		.byte	0x8
 978 0438 14       		.byte	0x14
 979 0439 1B       		.uleb128 0x1b
 980 043a CB000000 		.4byte	0xcb
 981 043e 00       		.byte	0
 982 043f 00       		.byte	0
 983              		.section	.debug_abbrev,"",%progbits
 984              	.Ldebug_abbrev0:
 985 0000 01       		.uleb128 0x1
 986 0001 11       		.uleb128 0x11
 987 0002 01       		.byte	0x1
 988 0003 25       		.uleb128 0x25
 989 0004 0E       		.uleb128 0xe
 990 0005 13       		.uleb128 0x13
 991 0006 0B       		.uleb128 0xb
 992 0007 03       		.uleb128 0x3
 993 0008 0E       		.uleb128 0xe
 994 0009 1B       		.uleb128 0x1b
 995 000a 0E       		.uleb128 0xe
 996 000b 55       		.uleb128 0x55
 997 000c 17       		.uleb128 0x17
ARM GAS  C:\Users\Tim\AppData\Local\Temp\ccntUjdm.s 			page 21


 998 000d 11       		.uleb128 0x11
 999 000e 01       		.uleb128 0x1
 1000 000f 10       		.uleb128 0x10
 1001 0010 17       		.uleb128 0x17
 1002 0011 00       		.byte	0
 1003 0012 00       		.byte	0
 1004 0013 02       		.uleb128 0x2
 1005 0014 24       		.uleb128 0x24
 1006 0015 00       		.byte	0
 1007 0016 0B       		.uleb128 0xb
 1008 0017 0B       		.uleb128 0xb
 1009 0018 3E       		.uleb128 0x3e
 1010 0019 0B       		.uleb128 0xb
 1011 001a 03       		.uleb128 0x3
 1012 001b 08       		.uleb128 0x8
 1013 001c 00       		.byte	0
 1014 001d 00       		.byte	0
 1015 001e 03       		.uleb128 0x3
 1016 001f 16       		.uleb128 0x16
 1017 0020 00       		.byte	0
 1018 0021 03       		.uleb128 0x3
 1019 0022 0E       		.uleb128 0xe
 1020 0023 3A       		.uleb128 0x3a
 1021 0024 0B       		.uleb128 0xb
 1022 0025 3B       		.uleb128 0x3b
 1023 0026 0B       		.uleb128 0xb
 1024 0027 49       		.uleb128 0x49
 1025 0028 13       		.uleb128 0x13
 1026 0029 00       		.byte	0
 1027 002a 00       		.byte	0
 1028 002b 04       		.uleb128 0x4
 1029 002c 24       		.uleb128 0x24
 1030 002d 00       		.byte	0
 1031 002e 0B       		.uleb128 0xb
 1032 002f 0B       		.uleb128 0xb
 1033 0030 3E       		.uleb128 0x3e
 1034 0031 0B       		.uleb128 0xb
 1035 0032 03       		.uleb128 0x3
 1036 0033 0E       		.uleb128 0xe
 1037 0034 00       		.byte	0
 1038 0035 00       		.byte	0
 1039 0036 05       		.uleb128 0x5
 1040 0037 0F       		.uleb128 0xf
 1041 0038 00       		.byte	0
 1042 0039 0B       		.uleb128 0xb
 1043 003a 0B       		.uleb128 0xb
 1044 003b 49       		.uleb128 0x49
 1045 003c 13       		.uleb128 0x13
 1046 003d 00       		.byte	0
 1047 003e 00       		.byte	0
 1048 003f 06       		.uleb128 0x6
 1049 0040 26       		.uleb128 0x26
 1050 0041 00       		.byte	0
 1051 0042 49       		.uleb128 0x49
 1052 0043 13       		.uleb128 0x13
 1053 0044 00       		.byte	0
 1054 0045 00       		.byte	0
ARM GAS  C:\Users\Tim\AppData\Local\Temp\ccntUjdm.s 			page 22


 1055 0046 07       		.uleb128 0x7
 1056 0047 2E       		.uleb128 0x2e
 1057 0048 01       		.byte	0x1
 1058 0049 03       		.uleb128 0x3
 1059 004a 0E       		.uleb128 0xe
 1060 004b 3A       		.uleb128 0x3a
 1061 004c 0B       		.uleb128 0xb
 1062 004d 3B       		.uleb128 0x3b
 1063 004e 0B       		.uleb128 0xb
 1064 004f 27       		.uleb128 0x27
 1065 0050 19       		.uleb128 0x19
 1066 0051 49       		.uleb128 0x49
 1067 0052 13       		.uleb128 0x13
 1068 0053 11       		.uleb128 0x11
 1069 0054 01       		.uleb128 0x1
 1070 0055 12       		.uleb128 0x12
 1071 0056 06       		.uleb128 0x6
 1072 0057 40       		.uleb128 0x40
 1073 0058 18       		.uleb128 0x18
 1074 0059 9642     		.uleb128 0x2116
 1075 005b 19       		.uleb128 0x19
 1076 005c 01       		.uleb128 0x1
 1077 005d 13       		.uleb128 0x13
 1078 005e 00       		.byte	0
 1079 005f 00       		.byte	0
 1080 0060 08       		.uleb128 0x8
 1081 0061 05       		.uleb128 0x5
 1082 0062 00       		.byte	0
 1083 0063 03       		.uleb128 0x3
 1084 0064 0E       		.uleb128 0xe
 1085 0065 3A       		.uleb128 0x3a
 1086 0066 0B       		.uleb128 0xb
 1087 0067 3B       		.uleb128 0x3b
 1088 0068 0B       		.uleb128 0xb
 1089 0069 49       		.uleb128 0x49
 1090 006a 13       		.uleb128 0x13
 1091 006b 02       		.uleb128 0x2
 1092 006c 17       		.uleb128 0x17
 1093 006d 00       		.byte	0
 1094 006e 00       		.byte	0
 1095 006f 09       		.uleb128 0x9
 1096 0070 34       		.uleb128 0x34
 1097 0071 00       		.byte	0
 1098 0072 03       		.uleb128 0x3
 1099 0073 0E       		.uleb128 0xe
 1100 0074 3A       		.uleb128 0x3a
 1101 0075 0B       		.uleb128 0xb
 1102 0076 3B       		.uleb128 0x3b
 1103 0077 0B       		.uleb128 0xb
 1104 0078 49       		.uleb128 0x49
 1105 0079 13       		.uleb128 0x13
 1106 007a 02       		.uleb128 0x2
 1107 007b 18       		.uleb128 0x18
 1108 007c 00       		.byte	0
 1109 007d 00       		.byte	0
 1110 007e 0A       		.uleb128 0xa
 1111 007f 34       		.uleb128 0x34
ARM GAS  C:\Users\Tim\AppData\Local\Temp\ccntUjdm.s 			page 23


 1112 0080 00       		.byte	0
 1113 0081 03       		.uleb128 0x3
 1114 0082 0E       		.uleb128 0xe
 1115 0083 3A       		.uleb128 0x3a
 1116 0084 0B       		.uleb128 0xb
 1117 0085 3B       		.uleb128 0x3b
 1118 0086 0B       		.uleb128 0xb
 1119 0087 49       		.uleb128 0x49
 1120 0088 13       		.uleb128 0x13
 1121 0089 02       		.uleb128 0x2
 1122 008a 17       		.uleb128 0x17
 1123 008b 00       		.byte	0
 1124 008c 00       		.byte	0
 1125 008d 0B       		.uleb128 0xb
 1126 008e 2E       		.uleb128 0x2e
 1127 008f 01       		.byte	0x1
 1128 0090 3F       		.uleb128 0x3f
 1129 0091 19       		.uleb128 0x19
 1130 0092 03       		.uleb128 0x3
 1131 0093 0E       		.uleb128 0xe
 1132 0094 3A       		.uleb128 0x3a
 1133 0095 0B       		.uleb128 0xb
 1134 0096 3B       		.uleb128 0x3b
 1135 0097 0B       		.uleb128 0xb
 1136 0098 49       		.uleb128 0x49
 1137 0099 13       		.uleb128 0x13
 1138 009a 3C       		.uleb128 0x3c
 1139 009b 19       		.uleb128 0x19
 1140 009c 01       		.uleb128 0x1
 1141 009d 13       		.uleb128 0x13
 1142 009e 00       		.byte	0
 1143 009f 00       		.byte	0
 1144 00a0 0C       		.uleb128 0xc
 1145 00a1 18       		.uleb128 0x18
 1146 00a2 00       		.byte	0
 1147 00a3 00       		.byte	0
 1148 00a4 00       		.byte	0
 1149 00a5 0D       		.uleb128 0xd
 1150 00a6 898201   		.uleb128 0x4109
 1151 00a9 01       		.byte	0x1
 1152 00aa 11       		.uleb128 0x11
 1153 00ab 01       		.uleb128 0x1
 1154 00ac 31       		.uleb128 0x31
 1155 00ad 13       		.uleb128 0x13
 1156 00ae 01       		.uleb128 0x1
 1157 00af 13       		.uleb128 0x13
 1158 00b0 00       		.byte	0
 1159 00b1 00       		.byte	0
 1160 00b2 0E       		.uleb128 0xe
 1161 00b3 8A8201   		.uleb128 0x410a
 1162 00b6 00       		.byte	0
 1163 00b7 02       		.uleb128 0x2
 1164 00b8 18       		.uleb128 0x18
 1165 00b9 9142     		.uleb128 0x2111
 1166 00bb 18       		.uleb128 0x18
 1167 00bc 00       		.byte	0
 1168 00bd 00       		.byte	0
ARM GAS  C:\Users\Tim\AppData\Local\Temp\ccntUjdm.s 			page 24


 1169 00be 0F       		.uleb128 0xf
 1170 00bf 898201   		.uleb128 0x4109
 1171 00c2 01       		.byte	0x1
 1172 00c3 11       		.uleb128 0x11
 1173 00c4 01       		.uleb128 0x1
 1174 00c5 31       		.uleb128 0x31
 1175 00c6 13       		.uleb128 0x13
 1176 00c7 00       		.byte	0
 1177 00c8 00       		.byte	0
 1178 00c9 10       		.uleb128 0x10
 1179 00ca 2E       		.uleb128 0x2e
 1180 00cb 01       		.byte	0x1
 1181 00cc 3F       		.uleb128 0x3f
 1182 00cd 19       		.uleb128 0x19
 1183 00ce 03       		.uleb128 0x3
 1184 00cf 0E       		.uleb128 0xe
 1185 00d0 3A       		.uleb128 0x3a
 1186 00d1 0B       		.uleb128 0xb
 1187 00d2 3B       		.uleb128 0x3b
 1188 00d3 0B       		.uleb128 0xb
 1189 00d4 27       		.uleb128 0x27
 1190 00d5 19       		.uleb128 0x19
 1191 00d6 11       		.uleb128 0x11
 1192 00d7 01       		.uleb128 0x1
 1193 00d8 12       		.uleb128 0x12
 1194 00d9 06       		.uleb128 0x6
 1195 00da 40       		.uleb128 0x40
 1196 00db 18       		.uleb128 0x18
 1197 00dc 9742     		.uleb128 0x2117
 1198 00de 19       		.uleb128 0x19
 1199 00df 01       		.uleb128 0x1
 1200 00e0 13       		.uleb128 0x13
 1201 00e1 00       		.byte	0
 1202 00e2 00       		.byte	0
 1203 00e3 11       		.uleb128 0x11
 1204 00e4 05       		.uleb128 0x5
 1205 00e5 00       		.byte	0
 1206 00e6 03       		.uleb128 0x3
 1207 00e7 08       		.uleb128 0x8
 1208 00e8 3A       		.uleb128 0x3a
 1209 00e9 0B       		.uleb128 0xb
 1210 00ea 3B       		.uleb128 0x3b
 1211 00eb 0B       		.uleb128 0xb
 1212 00ec 49       		.uleb128 0x49
 1213 00ed 13       		.uleb128 0x13
 1214 00ee 02       		.uleb128 0x2
 1215 00ef 18       		.uleb128 0x18
 1216 00f0 00       		.byte	0
 1217 00f1 00       		.byte	0
 1218 00f2 12       		.uleb128 0x12
 1219 00f3 2E       		.uleb128 0x2e
 1220 00f4 00       		.byte	0
 1221 00f5 3F       		.uleb128 0x3f
 1222 00f6 19       		.uleb128 0x19
 1223 00f7 03       		.uleb128 0x3
 1224 00f8 0E       		.uleb128 0xe
 1225 00f9 3A       		.uleb128 0x3a
ARM GAS  C:\Users\Tim\AppData\Local\Temp\ccntUjdm.s 			page 25


 1226 00fa 0B       		.uleb128 0xb
 1227 00fb 3B       		.uleb128 0x3b
 1228 00fc 0B       		.uleb128 0xb
 1229 00fd 11       		.uleb128 0x11
 1230 00fe 01       		.uleb128 0x1
 1231 00ff 12       		.uleb128 0x12
 1232 0100 06       		.uleb128 0x6
 1233 0101 40       		.uleb128 0x40
 1234 0102 18       		.uleb128 0x18
 1235 0103 9742     		.uleb128 0x2117
 1236 0105 19       		.uleb128 0x19
 1237 0106 00       		.byte	0
 1238 0107 00       		.byte	0
 1239 0108 13       		.uleb128 0x13
 1240 0109 2E       		.uleb128 0x2e
 1241 010a 01       		.byte	0x1
 1242 010b 3F       		.uleb128 0x3f
 1243 010c 19       		.uleb128 0x19
 1244 010d 03       		.uleb128 0x3
 1245 010e 0E       		.uleb128 0xe
 1246 010f 3A       		.uleb128 0x3a
 1247 0110 0B       		.uleb128 0xb
 1248 0111 3B       		.uleb128 0x3b
 1249 0112 0B       		.uleb128 0xb
 1250 0113 27       		.uleb128 0x27
 1251 0114 19       		.uleb128 0x19
 1252 0115 11       		.uleb128 0x11
 1253 0116 01       		.uleb128 0x1
 1254 0117 12       		.uleb128 0x12
 1255 0118 06       		.uleb128 0x6
 1256 0119 40       		.uleb128 0x40
 1257 011a 18       		.uleb128 0x18
 1258 011b 9642     		.uleb128 0x2116
 1259 011d 19       		.uleb128 0x19
 1260 011e 01       		.uleb128 0x1
 1261 011f 13       		.uleb128 0x13
 1262 0120 00       		.byte	0
 1263 0121 00       		.byte	0
 1264 0122 14       		.uleb128 0x14
 1265 0123 0B       		.uleb128 0xb
 1266 0124 01       		.byte	0x1
 1267 0125 11       		.uleb128 0x11
 1268 0126 01       		.uleb128 0x1
 1269 0127 12       		.uleb128 0x12
 1270 0128 06       		.uleb128 0x6
 1271 0129 01       		.uleb128 0x1
 1272 012a 13       		.uleb128 0x13
 1273 012b 00       		.byte	0
 1274 012c 00       		.byte	0
 1275 012d 15       		.uleb128 0x15
 1276 012e 898201   		.uleb128 0x4109
 1277 0131 00       		.byte	0
 1278 0132 11       		.uleb128 0x11
 1279 0133 01       		.uleb128 0x1
 1280 0134 31       		.uleb128 0x31
 1281 0135 13       		.uleb128 0x13
 1282 0136 00       		.byte	0
ARM GAS  C:\Users\Tim\AppData\Local\Temp\ccntUjdm.s 			page 26


 1283 0137 00       		.byte	0
 1284 0138 16       		.uleb128 0x16
 1285 0139 34       		.uleb128 0x34
 1286 013a 00       		.byte	0
 1287 013b 03       		.uleb128 0x3
 1288 013c 08       		.uleb128 0x8
 1289 013d 3A       		.uleb128 0x3a
 1290 013e 0B       		.uleb128 0xb
 1291 013f 3B       		.uleb128 0x3b
 1292 0140 0B       		.uleb128 0xb
 1293 0141 49       		.uleb128 0x49
 1294 0142 13       		.uleb128 0x13
 1295 0143 02       		.uleb128 0x2
 1296 0144 18       		.uleb128 0x18
 1297 0145 00       		.byte	0
 1298 0146 00       		.byte	0
 1299 0147 17       		.uleb128 0x17
 1300 0148 01       		.uleb128 0x1
 1301 0149 01       		.byte	0x1
 1302 014a 49       		.uleb128 0x49
 1303 014b 13       		.uleb128 0x13
 1304 014c 01       		.uleb128 0x1
 1305 014d 13       		.uleb128 0x13
 1306 014e 00       		.byte	0
 1307 014f 00       		.byte	0
 1308 0150 18       		.uleb128 0x18
 1309 0151 21       		.uleb128 0x21
 1310 0152 00       		.byte	0
 1311 0153 49       		.uleb128 0x49
 1312 0154 13       		.uleb128 0x13
 1313 0155 2F       		.uleb128 0x2f
 1314 0156 0B       		.uleb128 0xb
 1315 0157 00       		.byte	0
 1316 0158 00       		.byte	0
 1317 0159 19       		.uleb128 0x19
 1318 015a 34       		.uleb128 0x34
 1319 015b 00       		.byte	0
 1320 015c 03       		.uleb128 0x3
 1321 015d 0E       		.uleb128 0xe
 1322 015e 3A       		.uleb128 0x3a
 1323 015f 0B       		.uleb128 0xb
 1324 0160 3B       		.uleb128 0x3b
 1325 0161 0B       		.uleb128 0xb
 1326 0162 49       		.uleb128 0x49
 1327 0163 13       		.uleb128 0x13
 1328 0164 3F       		.uleb128 0x3f
 1329 0165 19       		.uleb128 0x19
 1330 0166 02       		.uleb128 0x2
 1331 0167 18       		.uleb128 0x18
 1332 0168 00       		.byte	0
 1333 0169 00       		.byte	0
 1334 016a 1A       		.uleb128 0x1a
 1335 016b 2E       		.uleb128 0x2e
 1336 016c 01       		.byte	0x1
 1337 016d 3F       		.uleb128 0x3f
 1338 016e 19       		.uleb128 0x19
 1339 016f 03       		.uleb128 0x3
ARM GAS  C:\Users\Tim\AppData\Local\Temp\ccntUjdm.s 			page 27


 1340 0170 0E       		.uleb128 0xe
 1341 0171 3A       		.uleb128 0x3a
 1342 0172 0B       		.uleb128 0xb
 1343 0173 3B       		.uleb128 0x3b
 1344 0174 05       		.uleb128 0x5
 1345 0175 27       		.uleb128 0x27
 1346 0176 19       		.uleb128 0x19
 1347 0177 49       		.uleb128 0x49
 1348 0178 13       		.uleb128 0x13
 1349 0179 3C       		.uleb128 0x3c
 1350 017a 19       		.uleb128 0x19
 1351 017b 01       		.uleb128 0x1
 1352 017c 13       		.uleb128 0x13
 1353 017d 00       		.byte	0
 1354 017e 00       		.byte	0
 1355 017f 1B       		.uleb128 0x1b
 1356 0180 05       		.uleb128 0x5
 1357 0181 00       		.byte	0
 1358 0182 49       		.uleb128 0x49
 1359 0183 13       		.uleb128 0x13
 1360 0184 00       		.byte	0
 1361 0185 00       		.byte	0
 1362 0186 1C       		.uleb128 0x1c
 1363 0187 2E       		.uleb128 0x2e
 1364 0188 01       		.byte	0x1
 1365 0189 3F       		.uleb128 0x3f
 1366 018a 19       		.uleb128 0x19
 1367 018b 03       		.uleb128 0x3
 1368 018c 0E       		.uleb128 0xe
 1369 018d 3A       		.uleb128 0x3a
 1370 018e 0B       		.uleb128 0xb
 1371 018f 3B       		.uleb128 0x3b
 1372 0190 0B       		.uleb128 0xb
 1373 0191 27       		.uleb128 0x27
 1374 0192 19       		.uleb128 0x19
 1375 0193 3C       		.uleb128 0x3c
 1376 0194 19       		.uleb128 0x19
 1377 0195 00       		.byte	0
 1378 0196 00       		.byte	0
 1379 0197 00       		.byte	0
 1380              		.section	.debug_loc,"",%progbits
 1381              	.Ldebug_loc0:
 1382              	.LLST0:
 1383 0000 00000000 		.4byte	.LVL0
 1384 0004 0B000000 		.4byte	.LVL1-1
 1385 0008 0100     		.2byte	0x1
 1386 000a 50       		.byte	0x50
 1387 000b 0B000000 		.4byte	.LVL1-1
 1388 000f 1C010000 		.4byte	.LFE34
 1389 0013 0400     		.2byte	0x4
 1390 0015 F3       		.byte	0xf3
 1391 0016 01       		.uleb128 0x1
 1392 0017 50       		.byte	0x50
 1393 0018 9F       		.byte	0x9f
 1394 0019 00000000 		.4byte	0
 1395 001d 00000000 		.4byte	0
 1396              	.LLST1:
ARM GAS  C:\Users\Tim\AppData\Local\Temp\ccntUjdm.s 			page 28


 1397 0021 00000000 		.4byte	.LVL0
 1398 0025 0B000000 		.4byte	.LVL1-1
 1399 0029 0100     		.2byte	0x1
 1400 002b 51       		.byte	0x51
 1401 002c 0B000000 		.4byte	.LVL1-1
 1402 0030 1C010000 		.4byte	.LFE34
 1403 0034 0400     		.2byte	0x4
 1404 0036 F3       		.byte	0xf3
 1405 0037 01       		.uleb128 0x1
 1406 0038 51       		.byte	0x51
 1407 0039 9F       		.byte	0x9f
 1408 003a 00000000 		.4byte	0
 1409 003e 00000000 		.4byte	0
 1410              	.LLST2:
 1411 0042 14000000 		.4byte	.LVL3
 1412 0046 16000000 		.4byte	.LVL4
 1413 004a 0100     		.2byte	0x1
 1414 004c 50       		.byte	0x50
 1415 004d 16000000 		.4byte	.LVL4
 1416 0051 94000000 		.4byte	.LVL23
 1417 0055 0200     		.2byte	0x2
 1418 0057 91       		.byte	0x91
 1419 0058 5C       		.sleb128 -36
 1420 0059 00000000 		.4byte	0
 1421 005d 00000000 		.4byte	0
 1422              	.LLST3:
 1423 0061 22000000 		.4byte	.LVL7
 1424 0065 26000000 		.4byte	.LVL8
 1425 0069 0100     		.2byte	0x1
 1426 006b 50       		.byte	0x50
 1427 006c 26000000 		.4byte	.LVL8
 1428 0070 58000000 		.4byte	.LVL14
 1429 0074 0100     		.2byte	0x1
 1430 0076 54       		.byte	0x54
 1431 0077 00000000 		.4byte	0
 1432 007b 00000000 		.4byte	0
 1433              	.LLST4:
 1434 007f 58000000 		.4byte	.LVL14
 1435 0083 5A000000 		.4byte	.LVL15
 1436 0087 0100     		.2byte	0x1
 1437 0089 50       		.byte	0x50
 1438 008a 5A000000 		.4byte	.LVL15
 1439 008e FC000000 		.4byte	.LVL36
 1440 0092 0100     		.2byte	0x1
 1441 0094 54       		.byte	0x54
 1442 0095 FC000000 		.4byte	.LVL36
 1443 0099 1C010000 		.4byte	.LFE34
 1444 009d 0500     		.2byte	0x5
 1445 009f 03       		.byte	0x3
 1446 00a0 04000000 		.4byte	prev_error.7432
 1447 00a4 00000000 		.4byte	0
 1448 00a8 00000000 		.4byte	0
 1449              	.LLST5:
 1450 00ac 84000000 		.4byte	.LVL20
 1451 00b0 88000000 		.4byte	.LVL21
 1452 00b4 0100     		.2byte	0x1
 1453 00b6 50       		.byte	0x50
ARM GAS  C:\Users\Tim\AppData\Local\Temp\ccntUjdm.s 			page 29


 1454 00b7 88000000 		.4byte	.LVL21
 1455 00bb BA000000 		.4byte	.LVL28
 1456 00bf 0200     		.2byte	0x2
 1457 00c1 91       		.byte	0x91
 1458 00c2 60       		.sleb128 -32
 1459 00c3 00000000 		.4byte	0
 1460 00c7 00000000 		.4byte	0
 1461              	.LLST6:
 1462 00cb BA000000 		.4byte	.LVL28
 1463 00cf BC000000 		.4byte	.LVL29
 1464 00d3 0100     		.2byte	0x1
 1465 00d5 50       		.byte	0x50
 1466 00d6 BC000000 		.4byte	.LVL29
 1467 00da 1C010000 		.4byte	.LFE34
 1468 00de 0200     		.2byte	0x2
 1469 00e0 91       		.byte	0x91
 1470 00e1 60       		.sleb128 -32
 1471 00e2 00000000 		.4byte	0
 1472 00e6 00000000 		.4byte	0
 1473              	.LLST7:
 1474 00ea 00000000 		.4byte	.LVL37
 1475 00ee 02000000 		.4byte	.LVL38
 1476 00f2 0100     		.2byte	0x1
 1477 00f4 53       		.byte	0x53
 1478 00f5 02000000 		.4byte	.LVL38
 1479 00f9 08000000 		.4byte	.LVL39
 1480 00fd 0400     		.2byte	0x4
 1481 00ff F3       		.byte	0xf3
 1482 0100 01       		.uleb128 0x1
 1483 0101 53       		.byte	0x53
 1484 0102 9F       		.byte	0x9f
 1485 0103 08000000 		.4byte	.LVL39
 1486 0107 10000000 		.4byte	.LFE35
 1487 010b 0800     		.2byte	0x8
 1488 010d F3       		.byte	0xf3
 1489 010e 01       		.uleb128 0x1
 1490 010f 53       		.byte	0x53
 1491 0110 48       		.byte	0x48
 1492 0111 24       		.byte	0x24
 1493 0112 30       		.byte	0x30
 1494 0113 2E       		.byte	0x2e
 1495 0114 9F       		.byte	0x9f
 1496 0115 00000000 		.4byte	0
 1497 0119 00000000 		.4byte	0
 1498              	.LLST8:
 1499 011d 00000000 		.4byte	.LVL40
 1500 0121 09000000 		.4byte	.LVL42-1
 1501 0125 0100     		.2byte	0x1
 1502 0127 50       		.byte	0x50
 1503 0128 09000000 		.4byte	.LVL42-1
 1504 012c 8C000000 		.4byte	.LFE37
 1505 0130 0400     		.2byte	0x4
 1506 0132 F3       		.byte	0xf3
 1507 0133 01       		.uleb128 0x1
 1508 0134 50       		.byte	0x50
 1509 0135 9F       		.byte	0x9f
 1510 0136 00000000 		.4byte	0
ARM GAS  C:\Users\Tim\AppData\Local\Temp\ccntUjdm.s 			page 30


 1511 013a 00000000 		.4byte	0
 1512              	.LLST9:
 1513 013e 06000000 		.4byte	.LVL41
 1514 0142 26000000 		.4byte	.LVL46
 1515 0146 0200     		.2byte	0x2
 1516 0148 30       		.byte	0x30
 1517 0149 9F       		.byte	0x9f
 1518 014a 26000000 		.4byte	.LVL46
 1519 014e 2B000000 		.4byte	.LVL47-1
 1520 0152 0100     		.2byte	0x1
 1521 0154 50       		.byte	0x50
 1522 0155 00000000 		.4byte	0
 1523 0159 00000000 		.4byte	0
 1524              	.LLST10:
 1525 015d 2E000000 		.4byte	.LVL48
 1526 0161 35000000 		.4byte	.LVL49-1
 1527 0165 0100     		.2byte	0x1
 1528 0167 50       		.byte	0x50
 1529 0168 35000000 		.4byte	.LVL49-1
 1530 016c 6C000000 		.4byte	.LVL57
 1531 0170 0200     		.2byte	0x2
 1532 0172 91       		.byte	0x91
 1533 0173 64       		.sleb128 -28
 1534 0174 00000000 		.4byte	0
 1535 0178 00000000 		.4byte	0
 1536              	.LLST11:
 1537 017c 42000000 		.4byte	.LVL52
 1538 0180 6A000000 		.4byte	.LVL56
 1539 0184 0100     		.2byte	0x1
 1540 0186 54       		.byte	0x54
 1541 0187 00000000 		.4byte	0
 1542 018b 00000000 		.4byte	0
 1543              	.LLST12:
 1544 018f 10000000 		.4byte	.LVL43
 1545 0193 1B000000 		.4byte	.LVL44-1
 1546 0197 0100     		.2byte	0x1
 1547 0199 50       		.byte	0x50
 1548 019a 00000000 		.4byte	0
 1549 019e 00000000 		.4byte	0
 1550              		.section	.debug_aranges,"",%progbits
 1551 0000 34000000 		.4byte	0x34
 1552 0004 0200     		.2byte	0x2
 1553 0006 00000000 		.4byte	.Ldebug_info0
 1554 000a 04       		.byte	0x4
 1555 000b 00       		.byte	0
 1556 000c 0000     		.2byte	0
 1557 000e 0000     		.2byte	0
 1558 0010 00000000 		.4byte	.LFB34
 1559 0014 1C010000 		.4byte	.LFE34-.LFB34
 1560 0018 00000000 		.4byte	.LFB35
 1561 001c 10000000 		.4byte	.LFE35-.LFB35
 1562 0020 00000000 		.4byte	.LFB36
 1563 0024 20000000 		.4byte	.LFE36-.LFB36
 1564 0028 00000000 		.4byte	.LFB37
 1565 002c 8C000000 		.4byte	.LFE37-.LFB37
 1566 0030 00000000 		.4byte	0
 1567 0034 00000000 		.4byte	0
ARM GAS  C:\Users\Tim\AppData\Local\Temp\ccntUjdm.s 			page 31


 1568              		.section	.debug_ranges,"",%progbits
 1569              	.Ldebug_ranges0:
 1570 0000 00000000 		.4byte	.LFB34
 1571 0004 1C010000 		.4byte	.LFE34
 1572 0008 00000000 		.4byte	.LFB35
 1573 000c 10000000 		.4byte	.LFE35
 1574 0010 00000000 		.4byte	.LFB36
 1575 0014 20000000 		.4byte	.LFE36
 1576 0018 00000000 		.4byte	.LFB37
 1577 001c 8C000000 		.4byte	.LFE37
 1578 0020 00000000 		.4byte	0
 1579 0024 00000000 		.4byte	0
 1580              		.section	.debug_line,"",%progbits
 1581              	.Ldebug_line0:
 1582 0000 D8010000 		.section	.debug_str,"MS",%progbits,1
 1582      02006C01 
 1582      00000201 
 1582      FB0E0D00 
 1582      01010101 
 1583              	.LASF14:
 1584 0000 73697A65 		.ascii	"size_t\000"
 1584      5F7400
 1585              	.LASF22:
 1586 0007 696E7465 		.ascii	"integral\000"
 1586      6772616C 
 1586      00
 1587              	.LASF46:
 1588 0010 736E7072 		.ascii	"snprintf\000"
 1588      696E7466 
 1588      00
 1589              	.LASF31:
 1590 0019 76656C6F 		.ascii	"velocity\000"
 1590      63697479 
 1590      00
 1591              	.LASF20:
 1592 0022 7365745F 		.ascii	"set_velocity\000"
 1592      76656C6F 
 1592      63697479 
 1592      00
 1593              	.LASF39:
 1594 002f 456E636F 		.ascii	"Encoder_GetVelocity\000"
 1594      6465725F 
 1594      47657456 
 1594      656C6F63 
 1594      69747900 
 1595              	.LASF30:
 1596 0043 5049445F 		.ascii	"PID_Update\000"
 1596      55706461 
 1596      746500
 1597              	.LASF12:
 1598 004e 666C6F61 		.ascii	"float\000"
 1598      7400
 1599              	.LASF21:
 1600 0054 70726576 		.ascii	"prev_error\000"
 1600      5F657272 
 1600      6F7200
 1601              	.LASF2:
ARM GAS  C:\Users\Tim\AppData\Local\Temp\ccntUjdm.s 			page 32


 1602 005f 756E7369 		.ascii	"unsigned char\000"
 1602      676E6564 
 1602      20636861 
 1602      7200
 1603              	.LASF33:
 1604 006d 696E7075 		.ascii	"input\000"
 1604      7400
 1605              	.LASF43:
 1606 0073 43616C63 		.ascii	"Calculate\000"
 1606      756C6174 
 1606      6500
 1607              	.LASF18:
 1608 007d 696E7431 		.ascii	"int16\000"
 1608      3600
 1609              	.LASF6:
 1610 0083 6C6F6E67 		.ascii	"long unsigned int\000"
 1610      20756E73 
 1610      69676E65 
 1610      6420696E 
 1610      7400
 1611              	.LASF4:
 1612 0095 73686F72 		.ascii	"short unsigned int\000"
 1612      7420756E 
 1612      7369676E 
 1612      65642069 
 1612      6E7400
 1613              	.LASF47:
 1614 00a8 4D6F746F 		.ascii	"Motor_SetOutput\000"
 1614      725F5365 
 1614      744F7574 
 1614      70757400 
 1615              	.LASF24:
 1616 00b8 7363616C 		.ascii	"scaled_set_velocity\000"
 1616      65645F73 
 1616      65745F76 
 1616      656C6F63 
 1616      69747900 
 1617              	.LASF26:
 1618 00cc 64657269 		.ascii	"derivative\000"
 1618      76617469 
 1618      766500
 1619              	.LASF37:
 1620 00d7 55415254 		.ascii	"UARTCOMMS_UartPutString\000"
 1620      434F4D4D 
 1620      535F5561 
 1620      72745075 
 1620      74537472 
 1621              	.LASF11:
 1622 00ef 646F7562 		.ascii	"double\000"
 1622      6C6500
 1623              	.LASF32:
 1624 00f6 6C617374 		.ascii	"last_time\000"
 1624      5F74696D 
 1624      6500
 1625              	.LASF29:
 1626 0100 5049445F 		.ascii	"PID_Init\000"
 1626      496E6974 
ARM GAS  C:\Users\Tim\AppData\Local\Temp\ccntUjdm.s 			page 33


 1626      00
 1627              	.LASF35:
 1628 0109 6E65775F 		.ascii	"new_velocity\000"
 1628      76656C6F 
 1628      63697479 
 1628      00
 1629              	.LASF17:
 1630 0116 696E7438 		.ascii	"int8\000"
 1630      00
 1631              	.LASF16:
 1632 011b 75696E74 		.ascii	"uint32\000"
 1632      333200
 1633              	.LASF0:
 1634 0122 756E7369 		.ascii	"unsigned int\000"
 1634      676E6564 
 1634      20696E74 
 1634      00
 1635              	.LASF8:
 1636 012f 6C6F6E67 		.ascii	"long long unsigned int\000"
 1636      206C6F6E 
 1636      6720756E 
 1636      7369676E 
 1636      65642069 
 1637              	.LASF44:
 1638 0146 5049445F 		.ascii	"PID_Start\000"
 1638      53746172 
 1638      7400
 1639              	.LASF36:
 1640 0150 64656C74 		.ascii	"delta_time\000"
 1640      615F7469 
 1640      6D6500
 1641              	.LASF25:
 1642 015b 6572726F 		.ascii	"error\000"
 1642      7200
 1643              	.LASF7:
 1644 0161 6C6F6E67 		.ascii	"long long int\000"
 1644      206C6F6E 
 1644      6720696E 
 1644      7400
 1645              	.LASF9:
 1646 016f 73697A65 		.ascii	"sizetype\000"
 1646      74797065 
 1646      00
 1647              	.LASF10:
 1648 0178 63686172 		.ascii	"char\000"
 1648      00
 1649              	.LASF42:
 1650 017d 443A5C70 		.ascii	"D:\\projects\\ArloBot\\ArlobotHw\\Arlobot\\Board-Ki"
 1650      726F6A65 
 1650      6374735C 
 1650      41726C6F 
 1650      426F745C 
 1651 01ab 7450726F 		.ascii	"tProg.cydsn\000"
 1651      672E6379 
 1651      64736E00 
 1652              	.LASF40:
 1653 01b7 474E5520 		.ascii	"GNU C 4.9.3 20150303 (release) [ARM/embedded-4_9-br"
ARM GAS  C:\Users\Tim\AppData\Local\Temp\ccntUjdm.s 			page 34


 1653      4320342E 
 1653      392E3320 
 1653      32303135 
 1653      30333033 
 1654 01ea 616E6368 		.ascii	"anch revision 221220] -mcpu=cortex-m0 -mthumb -g -O"
 1654      20726576 
 1654      6973696F 
 1654      6E203232 
 1654      31323230 
 1655 021d 67202D66 		.ascii	"g -ffunction-sections -ffat-lto-objects\000"
 1655      66756E63 
 1655      74696F6E 
 1655      2D736563 
 1655      74696F6E 
 1656              	.LASF3:
 1657 0245 73686F72 		.ascii	"short int\000"
 1657      7420696E 
 1657      7400
 1658              	.LASF19:
 1659 024f 63616C63 		.ascii	"calc_velocity\000"
 1659      5F76656C 
 1659      6F636974 
 1659      7900
 1660              	.LASF27:
 1661 025d 6F757470 		.ascii	"output\000"
 1661      757400
 1662              	.LASF15:
 1663 0264 75696E74 		.ascii	"uint8\000"
 1663      3800
 1664              	.LASF23:
 1665 026a 7363616C 		.ascii	"scaled_calc_velocity\000"
 1665      65645F63 
 1665      616C635F 
 1665      76656C6F 
 1665      63697479 
 1666              	.LASF5:
 1667 027f 6C6F6E67 		.ascii	"long int\000"
 1667      20696E74 
 1667      00
 1668              	.LASF38:
 1669 0288 6D696C6C 		.ascii	"millis\000"
 1669      697300
 1670              	.LASF34:
 1671 028f 61646A75 		.ascii	"adjust\000"
 1671      737400
 1672              	.LASF13:
 1673 0296 6C6F6E67 		.ascii	"long double\000"
 1673      20646F75 
 1673      626C6500 
 1674              	.LASF28:
 1675 02a2 73616D70 		.ascii	"sample_rate\000"
 1675      6C655F72 
 1675      61746500 
 1676              	.LASF1:
 1677 02ae 7369676E 		.ascii	"signed char\000"
 1677      65642063 
 1677      68617200 
ARM GAS  C:\Users\Tim\AppData\Local\Temp\ccntUjdm.s 			page 35


 1678              	.LASF41:
 1679 02ba 2E2E5C73 		.ascii	"..\\source\\pid.c\000"
 1679      6F757263 
 1679      655C7069 
 1679      642E6300 
 1680              	.LASF45:
 1681 02ca 666F726D 		.ascii	"formatted_string\000"
 1681      61747465 
 1681      645F7374 
 1681      72696E67 
 1681      00
 1682              		.ident	"GCC: (GNU Tools for ARM Embedded Processors) 4.9.3 20150303 (release) [ARM/embedded-4_9-br
