--------------- Rebuild Started: 03/13/2016 16:29:32 Project: Board-KitProg, Configuration: ARM GCC 4.9-2015-q1-update Debug ---------------
Deleting file ".\CortexM0\ARM_GCC_493\Debug\encoder.o"
Deleting file ".\CortexM0\ARM_GCC_493\Debug\motor.o"
Deleting file ".\CortexM0\ARM_GCC_493\Debug\ultrasonic.o"
Deleting file ".\CortexM0\ARM_GCC_493\Debug\pid.o"
Deleting file ".\CortexM0\ARM_GCC_493\Debug\i2c.o"
Deleting file ".\CortexM0\ARM_GCC_493\Debug\control.o"
Deleting file ".\CortexM0\ARM_GCC_493\Debug\boardmain.o"
Deleting file ".\CortexM0\ARM_GCC_493\Debug\debug.o"
Deleting file ".\CortexM0\ARM_GCC_493\Debug\time.o"
Deleting file ".\CortexM0\ARM_GCC_493\Debug\infrared.o"
Deleting file ".\CortexM0\ARM_GCC_493\Debug\utils.o"
Deleting file ".\CortexM0\ARM_GCC_493\Debug\cyfitter_cfg.o"
Deleting file ".\CortexM0\ARM_GCC_493\Debug\cymetadata.o"
Deleting file ".\CortexM0\ARM_GCC_493\Debug\PWM_1MHz.o"
Deleting file ".\CortexM0\ARM_GCC_493\Debug\EZI2C.o"
Deleting file ".\CortexM0\ARM_GCC_493\Debug\EZI2C_PM.o"
Deleting file ".\CortexM0\ARM_GCC_493\Debug\EZI2C_BOOT.o"
Deleting file ".\CortexM0\ARM_GCC_493\Debug\EZI2C_EZI2C.o"
Deleting file ".\CortexM0\ARM_GCC_493\Debug\EZI2C_EZI2C_INT.o"
Deleting file ".\CortexM0\ARM_GCC_493\Debug\EZI2C_EZI2C_BOOT.o"
Deleting file ".\CortexM0\ARM_GCC_493\Debug\Encoder_Intr.o"
Deleting file ".\CortexM0\ARM_GCC_493\Debug\EZI2C_SCBCLK.o"
Deleting file ".\CortexM0\ARM_GCC_493\Debug\EZI2C_sda.o"
Deleting file ".\CortexM0\ARM_GCC_493\Debug\EZI2C_scl.o"
Deleting file ".\CortexM0\ARM_GCC_493\Debug\EZI2C_SCB_IRQ.o"
Deleting file ".\CortexM0\ARM_GCC_493\Debug\Cm0Start.o"
Deleting file ".\CortexM0\ARM_GCC_493\Debug\CyBootAsmGnu.o"
Deleting file ".\CortexM0\ARM_GCC_493\Debug\CyFlash.o"
Deleting file ".\CortexM0\ARM_GCC_493\Debug\CyLib.o"
Deleting file ".\CortexM0\ARM_GCC_493\Debug\cyPm.o"
Deleting file ".\CortexM0\ARM_GCC_493\Debug\cyutils.o"
Deleting file ".\CortexM0\ARM_GCC_493\Debug\CyDMA.o"
Deleting file ".\CortexM0\ARM_GCC_493\Debug\CyLFClk.o"
Deleting file ".\CortexM0\ARM_GCC_493\Debug\HB25_PWM.o"
Deleting file ".\CortexM0\ARM_GCC_493\Debug\HB25_PWM_PM.o"
Deleting file ".\CortexM0\ARM_GCC_493\Debug\HB25_PWM_Pin.o"
Deleting file ".\CortexM0\ARM_GCC_493\Debug\Encoder_Pins.o"
Deleting file ".\CortexM0\ARM_GCC_493\Debug\Pin_InfraredDistance_7.o"
Deleting file ".\CortexM0\ARM_GCC_493\Debug\Pin_InfraredDistance_0.o"
Deleting file ".\CortexM0\ARM_GCC_493\Debug\Pin_InfraredDistance_1.o"
Deleting file ".\CortexM0\ARM_GCC_493\Debug\Pin_InfraredDistance_2.o"
Deleting file ".\CortexM0\ARM_GCC_493\Debug\Pin_InfraredDistance_3.o"
Deleting file ".\CortexM0\ARM_GCC_493\Debug\Pin_InfraredDistance_4.o"
Deleting file ".\CortexM0\ARM_GCC_493\Debug\Pin_InfraredDistance_5.o"
Deleting file ".\CortexM0\ARM_GCC_493\Debug\Pin_InfraredDistance_6.o"
Deleting file ".\CortexM0\ARM_GCC_493\Debug\UART_Debug.o"
Deleting file ".\CortexM0\ARM_GCC_493\Debug\UART_Debug_SPI_UART.o"
Deleting file ".\CortexM0\ARM_GCC_493\Debug\UART_Debug_SPI_UART_INT.o"
Deleting file ".\CortexM0\ARM_GCC_493\Debug\UART_Debug_PM.o"
Deleting file ".\CortexM0\ARM_GCC_493\Debug\UART_Debug_UART.o"
Deleting file ".\CortexM0\ARM_GCC_493\Debug\UART_Debug_BOOT.o"
Deleting file ".\CortexM0\ARM_GCC_493\Debug\UART_Debug_UART_BOOT.o"
Deleting file ".\CortexM0\ARM_GCC_493\Debug\UART_Debug_SCBCLK.o"
Deleting file ".\CortexM0\ARM_GCC_493\Debug\UART_Debug_tx.o"
Deleting file ".\CortexM0\ARM_GCC_493\Debug\UART_Debug_rx.o"
Deleting file ".\CortexM0\ARM_GCC_493\Debug\ADC_Infrared.o"
Deleting file ".\CortexM0\ARM_GCC_493\Debug\ADC_Infrared_PM.o"
Deleting file ".\CortexM0\ARM_GCC_493\Debug\ADC_Infrared_INT.o"
Deleting file ".\CortexM0\ARM_GCC_493\Debug\ADC_Infrared_IRQ.o"
Deleting file ".\CortexM0\ARM_GCC_493\Debug\ADC_Infrared_intClock.o"
Deleting file ".\CortexM0\ARM_GCC_493\Debug\HCSR04_Timer.o"
Deleting file ".\CortexM0\ARM_GCC_493\Debug\HCSR04_Timer_PM.o"
Deleting file ".\CortexM0\ARM_GCC_493\Debug\HCSR04_Clock.o"
Deleting file ".\CortexM0\ARM_GCC_493\Debug\HCSR04_Timeout_Intr.o"
Deleting file ".\CortexM0\ARM_GCC_493\Debug\HCSR04_Control.o"
Deleting file ".\CortexM0\ARM_GCC_493\Debug\HCSR04_Control_PM.o"
Deleting file ".\CortexM0\ARM_GCC_493\Debug\HCSR04_Echo_0.o"
Deleting file ".\CortexM0\ARM_GCC_493\Debug\HCSR04_Echo_7.o"
Deleting file ".\CortexM0\ARM_GCC_493\Debug\HCSR04_Echo_6.o"
Deleting file ".\CortexM0\ARM_GCC_493\Debug\HCSR04_Echo_5.o"
Deleting file ".\CortexM0\ARM_GCC_493\Debug\HCSR04_Echo_4.o"
Deleting file ".\CortexM0\ARM_GCC_493\Debug\HCSR04_Echo_3.o"
Deleting file ".\CortexM0\ARM_GCC_493\Debug\HCSR04_Echo_2.o"
Deleting file ".\CortexM0\ARM_GCC_493\Debug\HCSR04_Echo_1.o"
Deleting file ".\CortexM0\ARM_GCC_493\Debug\HCSR04_Trigger_0.o"
Deleting file ".\CortexM0\ARM_GCC_493\Debug\HCSR04_Trigger_0_PM.o"
Deleting file ".\CortexM0\ARM_GCC_493\Debug\HCSR04_Trigger_2.o"
Deleting file ".\CortexM0\ARM_GCC_493\Debug\HCSR04_Trigger_2_PM.o"
Deleting file ".\CortexM0\ARM_GCC_493\Debug\HCSR04_Trigger_3.o"
Deleting file ".\CortexM0\ARM_GCC_493\Debug\HCSR04_Trigger_3_PM.o"
Deleting file ".\CortexM0\ARM_GCC_493\Debug\HCSR04_Trigger_4.o"
Deleting file ".\CortexM0\ARM_GCC_493\Debug\HCSR04_Trigger_4_PM.o"
Deleting file ".\CortexM0\ARM_GCC_493\Debug\HCSR04_Trigger_5.o"
Deleting file ".\CortexM0\ARM_GCC_493\Debug\HCSR04_Trigger_5_PM.o"
Deleting file ".\CortexM0\ARM_GCC_493\Debug\HCSR04_Trigger_6.o"
Deleting file ".\CortexM0\ARM_GCC_493\Debug\HCSR04_Trigger_6_PM.o"
Deleting file ".\CortexM0\ARM_GCC_493\Debug\HCSR04_Trigger_7.o"
Deleting file ".\CortexM0\ARM_GCC_493\Debug\HCSR04_Trigger_7_PM.o"
Deleting file ".\CortexM0\ARM_GCC_493\Debug\HCSR04_Trigger_1.o"
Deleting file ".\CortexM0\ARM_GCC_493\Debug\HCSR04_Trigger_1_PM.o"
Deleting file ".\CortexM0\ARM_GCC_493\Debug\Board-KitProg.hex"
Deleting file ".\CortexM0\ARM_GCC_493\Debug\Board-KitProg.map"
Deleting file ".\Board-KitProg.cycdx"
Deleting file ".\Board-KitProg.svd"
Deleting file ".\Board-KitProg.rpt"
Deleting file ".\Board-KitProg_timing.html"
Deleting file ".\CortexM0\ARM_GCC_493\Debug\.deps\C_FILE.P"
Deleting file ".\CortexM0\ARM_GCC_493\Debug\.deps\ARM_C_FILE.P"
Deleting file ".\CortexM0\ARM_GCC_493\Debug\.deps\GNU_ARM_ASM_FILE.P"
cydsfit.exe -.appdatapath "C:\Users\Tim\AppData\Local\Cypress Semiconductor\PSoC Creator\3.3" -.fdsnotice -.fdswarpdepfile=warp_dependencies.txt -.fdselabdepfile=elab_dependencies.txt -.fdsbldfile=generated_files.txt -p D:\projects\ArloBot\ArlobotHw\Arlobot\Board-KitProg.cydsn\Board-KitProg.cyprj -d CY8C4247AZS-M485 -s D:\projects\ArloBot\ArlobotHw\Arlobot\Board-KitProg.cydsn\Generated_Source\PSoC4 -- -yv2 -q10 -ygs -o2 -v3 -.fftcfgtype=LE
Elaborating Design...
HDL Generation ...
Synthesis ...
Place and Route ...
Tech mapping ...
Analog Placement ...
Analog Routing ...
Analog Code Generation ...
Digital Placement ...
Digital Routing ...
Bitstream Generation ...
Static timing analysis ...
API Generation ...
Dependency Generation ...
Clean Temporary Files ...
arm-none-eabi-gcc.exe -mcpu=cortex-m0 -mthumb -Wno-main -I..\source -I. -IGenerated_Source\PSoC4 -Wa,-alh=.\CortexM0\ARM_GCC_493\Debug/encoder.lst -g -D DEBUG -D LEFT_BOARD -D DEBUG_ENABLED -Wall -ffunction-sections -Og -ffat-lto-objects -c ..\source\encoder.c -o .\CortexM0\ARM_GCC_493\Debug\encoder.o
arm-none-eabi-gcc.exe -mcpu=cortex-m0 -mthumb -Wno-main -I..\source -I. -IGenerated_Source\PSoC4 -Wa,-alh=.\CortexM0\ARM_GCC_493\Debug/motor.lst -g -D DEBUG -D LEFT_BOARD -D DEBUG_ENABLED -Wall -ffunction-sections -Og -ffat-lto-objects -c ..\source\motor.c -o .\CortexM0\ARM_GCC_493\Debug\motor.o
..\source\motor.c: In function 'Motor_Init':
..\source\motor.c:76:5: warning: implicit declaration of function 'HB25_Enable_Pin_Write' [-Wimplicit-function-declaration]
     HB25_Enable_Pin_Write(HB25_DISABLE);
     ^
arm-none-eabi-gcc.exe -mcpu=cortex-m0 -mthumb -Wno-main -I..\source -I. -IGenerated_Source\PSoC4 -Wa,-alh=.\CortexM0\ARM_GCC_493\Debug/ultrasonic.lst -g -D DEBUG -D LEFT_BOARD -D DEBUG_ENABLED -Wall -ffunction-sections -Og -ffat-lto-objects -c ..\source\ultrasonic.c -o .\CortexM0\ARM_GCC_493\Debug\ultrasonic.o
arm-none-eabi-gcc.exe -mcpu=cortex-m0 -mthumb -Wno-main -I..\source -I. -IGenerated_Source\PSoC4 -Wa,-alh=.\CortexM0\ARM_GCC_493\Debug/pid.lst -g -D DEBUG -D LEFT_BOARD -D DEBUG_ENABLED -Wall -ffunction-sections -Og -ffat-lto-objects -c ..\source\pid.c -o .\CortexM0\ARM_GCC_493\Debug\pid.o
..\source\pid.c: In function 'Calculate':
..\source\pid.c:64:5: warning: implicit declaration of function 'UARTCOMMS_UartPutString' [-Wimplicit-function-declaration]
     UARTCOMMS_UartPutString(formatted_string);
     ^
arm-none-eabi-gcc.exe -mcpu=cortex-m0 -mthumb -Wno-main -I..\source -I. -IGenerated_Source\PSoC4 -Wa,-alh=.\CortexM0\ARM_GCC_493\Debug/i2c.lst -g -D DEBUG -D LEFT_BOARD -D DEBUG_ENABLED -Wall -ffunction-sections -Og -ffat-lto-objects -c ..\source\i2c.c -o .\CortexM0\ARM_GCC_493\Debug\i2c.o
arm-none-eabi-gcc.exe -mcpu=cortex-m0 -mthumb -Wno-main -I..\source -I. -IGenerated_Source\PSoC4 -Wa,-alh=.\CortexM0\ARM_GCC_493\Debug/control.lst -g -D DEBUG -D LEFT_BOARD -D DEBUG_ENABLED -Wall -ffunction-sections -Og -ffat-lto-objects -c ..\source\control.c -o .\CortexM0\ARM_GCC_493\Debug\control.o
..\source\control.c: In function 'Control_Start':
..\source\control.c:36:12: warning: unused variable 'control' [-Wunused-variable]
     uint16 control = I2c_ReadControl();
            ^
arm-none-eabi-gcc.exe -mcpu=cortex-m0 -mthumb -Wno-main -I..\source -I. -IGenerated_Source\PSoC4 -Wa,-alh=.\CortexM0\ARM_GCC_493\Debug/boardmain.lst -g -D DEBUG -D LEFT_BOARD -D DEBUG_ENABLED -Wall -ffunction-sections -Og -ffat-lto-objects -c ..\source\boardmain.c -o .\CortexM0\ARM_GCC_493\Debug\boardmain.o
..\source\boardmain.c:28:14: warning: 'last_velocity_cmd' defined but not used [-Wunused-variable]
 static int16 last_velocity_cmd;
              ^
..\source\boardmain.c:32:15: warning: 'last_velocity_change' defined but not used [-Wunused-variable]
 static uint32 last_velocity_change;
               ^
arm-none-eabi-gcc.exe -mcpu=cortex-m0 -mthumb -Wno-main -I..\source -I. -IGenerated_Source\PSoC4 -Wa,-alh=.\CortexM0\ARM_GCC_493\Debug/debug.lst -g -D DEBUG -D LEFT_BOARD -D DEBUG_ENABLED -Wall -ffunction-sections -Og -ffat-lto-objects -c ..\source\debug.c -o .\CortexM0\ARM_GCC_493\Debug\debug.o
..\source\debug.c: In function 'Debug_Start':
..\source\debug.c:11:5: warning: implicit declaration of function 'UARTCOMMS_Start' [-Wimplicit-function-declaration]
     UARTCOMMS_Start();
     ^
arm-none-eabi-gcc.exe -mcpu=cortex-m0 -mthumb -Wno-main -I..\source -I. -IGenerated_Source\PSoC4 -Wa,-alh=.\CortexM0\ARM_GCC_493\Debug/time.lst -g -D DEBUG -D LEFT_BOARD -D DEBUG_ENABLED -Wall -ffunction-sections -Og -ffat-lto-objects -c ..\source\time.c -o .\CortexM0\ARM_GCC_493\Debug\time.o
arm-none-eabi-gcc.exe -mcpu=cortex-m0 -mthumb -Wno-main -I..\source -I. -IGenerated_Source\PSoC4 -Wa,-alh=.\CortexM0\ARM_GCC_493\Debug/infrared.lst -g -D DEBUG -D LEFT_BOARD -D DEBUG_ENABLED -Wall -ffunction-sections -Og -ffat-lto-objects -c ..\source\infrared.c -o .\CortexM0\ARM_GCC_493\Debug\infrared.o
..\source\infrared.c: In function 'Infrared_Measure':
..\source\infrared.c:67:11: warning: variable 'distance' set but not used [-Wunused-but-set-variable]
     float distance;
           ^
..\source\infrared.c: In function 'Infrared_Test':
..\source\infrared.c:119:13: warning: implicit declaration of function 'UARTCOMMS_UartPutString' [-Wimplicit-function-declaration]
             COMMS_DEBUG_PRINT(0, "%d:%d,%d,%d\n\r", ii, result, (uint16)voltage*100, (uint16)distance*10);
             ^
arm-none-eabi-gcc.exe -mcpu=cortex-m0 -mthumb -Wno-main -I..\source -I. -IGenerated_Source\PSoC4 -Wa,-alh=.\CortexM0\ARM_GCC_493\Debug/utils.lst -g -D DEBUG -D LEFT_BOARD -D DEBUG_ENABLED -Wall -ffunction-sections -Og -ffat-lto-objects -c ..\source\utils.c -o .\CortexM0\ARM_GCC_493\Debug\utils.o
arm-none-eabi-gcc.exe -mcpu=cortex-m0 -mthumb -Wno-main -I..\source -I. -IGenerated_Source\PSoC4 -Wa,-alh=.\CortexM0\ARM_GCC_493\Debug/cyfitter_cfg.lst -g -D DEBUG -D LEFT_BOARD -D DEBUG_ENABLED -Wall -ffunction-sections -Og -ffat-lto-objects -c .\Generated_Source\PSoC4\cyfitter_cfg.c -o .\CortexM0\ARM_GCC_493\Debug\cyfitter_cfg.o
arm-none-eabi-gcc.exe -mcpu=cortex-m0 -mthumb -Wno-main -I..\source -I. -IGenerated_Source\PSoC4 -Wa,-alh=.\CortexM0\ARM_GCC_493\Debug/cymetadata.lst -g -D DEBUG -D LEFT_BOARD -D DEBUG_ENABLED -Wall -ffunction-sections -Og -ffat-lto-objects -c .\Generated_Source\PSoC4\cymetadata.c -o .\CortexM0\ARM_GCC_493\Debug\cymetadata.o
arm-none-eabi-gcc.exe -mcpu=cortex-m0 -mthumb -Wno-main -I..\source -I. -IGenerated_Source\PSoC4 -Wa,-alh=.\CortexM0\ARM_GCC_493\Debug/PWM_1MHz.lst -g -D DEBUG -D LEFT_BOARD -D DEBUG_ENABLED -Wall -ffunction-sections -Og -ffat-lto-objects -c .\Generated_Source\PSoC4\PWM_1MHz.c -o .\CortexM0\ARM_GCC_493\Debug\PWM_1MHz.o
arm-none-eabi-gcc.exe -mcpu=cortex-m0 -mthumb -Wno-main -I..\source -I. -IGenerated_Source\PSoC4 -Wa,-alh=.\CortexM0\ARM_GCC_493\Debug/EZI2C.lst -g -D DEBUG -D LEFT_BOARD -D DEBUG_ENABLED -Wall -ffunction-sections -Og -ffat-lto-objects -c .\Generated_Source\PSoC4\EZI2C.c -o .\CortexM0\ARM_GCC_493\Debug\EZI2C.o
arm-none-eabi-gcc.exe -mcpu=cortex-m0 -mthumb -Wno-main -I..\source -I. -IGenerated_Source\PSoC4 -Wa,-alh=.\CortexM0\ARM_GCC_493\Debug/EZI2C_PM.lst -g -D DEBUG -D LEFT_BOARD -D DEBUG_ENABLED -Wall -ffunction-sections -Og -ffat-lto-objects -c .\Generated_Source\PSoC4\EZI2C_PM.c -o .\CortexM0\ARM_GCC_493\Debug\EZI2C_PM.o
arm-none-eabi-gcc.exe -mcpu=cortex-m0 -mthumb -Wno-main -I..\source -I. -IGenerated_Source\PSoC4 -Wa,-alh=.\CortexM0\ARM_GCC_493\Debug/EZI2C_BOOT.lst -g -D DEBUG -D LEFT_BOARD -D DEBUG_ENABLED -Wall -ffunction-sections -Og -ffat-lto-objects -c .\Generated_Source\PSoC4\EZI2C_BOOT.c -o .\CortexM0\ARM_GCC_493\Debug\EZI2C_BOOT.o
arm-none-eabi-gcc.exe -mcpu=cortex-m0 -mthumb -Wno-main -I..\source -I. -IGenerated_Source\PSoC4 -Wa,-alh=.\CortexM0\ARM_GCC_493\Debug/EZI2C_EZI2C.lst -g -D DEBUG -D LEFT_BOARD -D DEBUG_ENABLED -Wall -ffunction-sections -Og -ffat-lto-objects -c .\Generated_Source\PSoC4\EZI2C_EZI2C.c -o .\CortexM0\ARM_GCC_493\Debug\EZI2C_EZI2C.o
arm-none-eabi-gcc.exe -mcpu=cortex-m0 -mthumb -Wno-main -I..\source -I. -IGenerated_Source\PSoC4 -Wa,-alh=.\CortexM0\ARM_GCC_493\Debug/EZI2C_EZI2C_INT.lst -g -D DEBUG -D LEFT_BOARD -D DEBUG_ENABLED -Wall -ffunction-sections -Og -ffat-lto-objects -c .\Generated_Source\PSoC4\EZI2C_EZI2C_INT.c -o .\CortexM0\ARM_GCC_493\Debug\EZI2C_EZI2C_INT.o
arm-none-eabi-gcc.exe -mcpu=cortex-m0 -mthumb -Wno-main -I..\source -I. -IGenerated_Source\PSoC4 -Wa,-alh=.\CortexM0\ARM_GCC_493\Debug/EZI2C_EZI2C_BOOT.lst -g -D DEBUG -D LEFT_BOARD -D DEBUG_ENABLED -Wall -ffunction-sections -Og -ffat-lto-objects -c .\Generated_Source\PSoC4\EZI2C_EZI2C_BOOT.c -o .\CortexM0\ARM_GCC_493\Debug\EZI2C_EZI2C_BOOT.o
arm-none-eabi-gcc.exe -mcpu=cortex-m0 -mthumb -Wno-main -I..\source -I. -IGenerated_Source\PSoC4 -Wa,-alh=.\CortexM0\ARM_GCC_493\Debug/Encoder_Intr.lst -g -D DEBUG -D LEFT_BOARD -D DEBUG_ENABLED -Wall -ffunction-sections -Og -ffat-lto-objects -c .\Generated_Source\PSoC4\Encoder_Intr.c -o .\CortexM0\ARM_GCC_493\Debug\Encoder_Intr.o
arm-none-eabi-gcc.exe -mcpu=cortex-m0 -mthumb -Wno-main -I..\source -I. -IGenerated_Source\PSoC4 -Wa,-alh=.\CortexM0\ARM_GCC_493\Debug/EZI2C_SCBCLK.lst -g -D DEBUG -D LEFT_BOARD -D DEBUG_ENABLED -Wall -ffunction-sections -Og -ffat-lto-objects -c .\Generated_Source\PSoC4\EZI2C_SCBCLK.c -o .\CortexM0\ARM_GCC_493\Debug\EZI2C_SCBCLK.o
arm-none-eabi-gcc.exe -mcpu=cortex-m0 -mthumb -Wno-main -I..\source -I. -IGenerated_Source\PSoC4 -Wa,-alh=.\CortexM0\ARM_GCC_493\Debug/EZI2C_sda.lst -g -D DEBUG -D LEFT_BOARD -D DEBUG_ENABLED -Wall -ffunction-sections -Og -ffat-lto-objects -c .\Generated_Source\PSoC4\EZI2C_sda.c -o .\CortexM0\ARM_GCC_493\Debug\EZI2C_sda.o
arm-none-eabi-gcc.exe -mcpu=cortex-m0 -mthumb -Wno-main -I..\source -I. -IGenerated_Source\PSoC4 -Wa,-alh=.\CortexM0\ARM_GCC_493\Debug/EZI2C_scl.lst -g -D DEBUG -D LEFT_BOARD -D DEBUG_ENABLED -Wall -ffunction-sections -Og -ffat-lto-objects -c .\Generated_Source\PSoC4\EZI2C_scl.c -o .\CortexM0\ARM_GCC_493\Debug\EZI2C_scl.o
arm-none-eabi-gcc.exe -mcpu=cortex-m0 -mthumb -Wno-main -I..\source -I. -IGenerated_Source\PSoC4 -Wa,-alh=.\CortexM0\ARM_GCC_493\Debug/EZI2C_SCB_IRQ.lst -g -D DEBUG -D LEFT_BOARD -D DEBUG_ENABLED -Wall -ffunction-sections -Og -ffat-lto-objects -c .\Generated_Source\PSoC4\EZI2C_SCB_IRQ.c -o .\CortexM0\ARM_GCC_493\Debug\EZI2C_SCB_IRQ.o
arm-none-eabi-gcc.exe -mcpu=cortex-m0 -mthumb -Wno-main -I..\source -I. -IGenerated_Source\PSoC4 -Wa,-alh=.\CortexM0\ARM_GCC_493\Debug/Cm0Start.lst -g -D DEBUG -D LEFT_BOARD -D DEBUG_ENABLED -Wall -ffunction-sections -Og -ffat-lto-objects -c .\Generated_Source\PSoC4\Cm0Start.c -o .\CortexM0\ARM_GCC_493\Debug\Cm0Start.o
arm-none-eabi-as.exe -mcpu=cortex-m0 -mthumb -I. -IGenerated_Source\PSoC4 -alh=.\CortexM0\ARM_GCC_493\Debug/CyBootAsmGnu.lst -g -W -o .\CortexM0\ARM_GCC_493\Debug\CyBootAsmGnu.o .\Generated_Source\PSoC4\CyBootAsmGnu.s
arm-none-eabi-gcc.exe -mcpu=cortex-m0 -mthumb -Wno-main -I..\source -I. -IGenerated_Source\PSoC4 -Wa,-alh=.\CortexM0\ARM_GCC_493\Debug/CyFlash.lst -g -D DEBUG -D LEFT_BOARD -D DEBUG_ENABLED -Wall -ffunction-sections -Og -ffat-lto-objects -c .\Generated_Source\PSoC4\CyFlash.c -o .\CortexM0\ARM_GCC_493\Debug\CyFlash.o
arm-none-eabi-gcc.exe -mcpu=cortex-m0 -mthumb -Wno-main -I..\source -I. -IGenerated_Source\PSoC4 -Wa,-alh=.\CortexM0\ARM_GCC_493\Debug/CyLib.lst -g -D DEBUG -D LEFT_BOARD -D DEBUG_ENABLED -Wall -ffunction-sections -Og -ffat-lto-objects -c .\Generated_Source\PSoC4\CyLib.c -o .\CortexM0\ARM_GCC_493\Debug\CyLib.o
arm-none-eabi-gcc.exe -mcpu=cortex-m0 -mthumb -Wno-main -I..\source -I. -IGenerated_Source\PSoC4 -Wa,-alh=.\CortexM0\ARM_GCC_493\Debug/cyPm.lst -g -D DEBUG -D LEFT_BOARD -D DEBUG_ENABLED -Wall -ffunction-sections -Og -ffat-lto-objects -c .\Generated_Source\PSoC4\cyPm.c -o .\CortexM0\ARM_GCC_493\Debug\cyPm.o
arm-none-eabi-gcc.exe -mcpu=cortex-m0 -mthumb -Wno-main -I..\source -I. -IGenerated_Source\PSoC4 -Wa,-alh=.\CortexM0\ARM_GCC_493\Debug/cyutils.lst -g -D DEBUG -D LEFT_BOARD -D DEBUG_ENABLED -Wall -ffunction-sections -Og -ffat-lto-objects -c .\Generated_Source\PSoC4\cyutils.c -o .\CortexM0\ARM_GCC_493\Debug\cyutils.o
arm-none-eabi-gcc.exe -mcpu=cortex-m0 -mthumb -Wno-main -I..\source -I. -IGenerated_Source\PSoC4 -Wa,-alh=.\CortexM0\ARM_GCC_493\Debug/CyDMA.lst -g -D DEBUG -D LEFT_BOARD -D DEBUG_ENABLED -Wall -ffunction-sections -Og -ffat-lto-objects -c .\Generated_Source\PSoC4\CyDMA.c -o .\CortexM0\ARM_GCC_493\Debug\CyDMA.o
arm-none-eabi-gcc.exe -mcpu=cortex-m0 -mthumb -Wno-main -I..\source -I. -IGenerated_Source\PSoC4 -Wa,-alh=.\CortexM0\ARM_GCC_493\Debug/CyLFClk.lst -g -D DEBUG -D LEFT_BOARD -D DEBUG_ENABLED -Wall -ffunction-sections -Og -ffat-lto-objects -c .\Generated_Source\PSoC4\CyLFClk.c -o .\CortexM0\ARM_GCC_493\Debug\CyLFClk.o
arm-none-eabi-gcc.exe -mcpu=cortex-m0 -mthumb -Wno-main -I..\source -I. -IGenerated_Source\PSoC4 -Wa,-alh=.\CortexM0\ARM_GCC_493\Debug/HB25_PWM.lst -g -D DEBUG -D LEFT_BOARD -D DEBUG_ENABLED -Wall -ffunction-sections -Og -ffat-lto-objects -c .\Generated_Source\PSoC4\HB25_PWM.c -o .\CortexM0\ARM_GCC_493\Debug\HB25_PWM.o
arm-none-eabi-gcc.exe -mcpu=cortex-m0 -mthumb -Wno-main -I..\source -I. -IGenerated_Source\PSoC4 -Wa,-alh=.\CortexM0\ARM_GCC_493\Debug/HB25_PWM_PM.lst -g -D DEBUG -D LEFT_BOARD -D DEBUG_ENABLED -Wall -ffunction-sections -Og -ffat-lto-objects -c .\Generated_Source\PSoC4\HB25_PWM_PM.c -o .\CortexM0\ARM_GCC_493\Debug\HB25_PWM_PM.o
arm-none-eabi-gcc.exe -mcpu=cortex-m0 -mthumb -Wno-main -I..\source -I. -IGenerated_Source\PSoC4 -Wa,-alh=.\CortexM0\ARM_GCC_493\Debug/HB25_PWM_Pin.lst -g -D DEBUG -D LEFT_BOARD -D DEBUG_ENABLED -Wall -ffunction-sections -Og -ffat-lto-objects -c .\Generated_Source\PSoC4\HB25_PWM_Pin.c -o .\CortexM0\ARM_GCC_493\Debug\HB25_PWM_Pin.o
arm-none-eabi-gcc.exe -mcpu=cortex-m0 -mthumb -Wno-main -I..\source -I. -IGenerated_Source\PSoC4 -Wa,-alh=.\CortexM0\ARM_GCC_493\Debug/Encoder_Pins.lst -g -D DEBUG -D LEFT_BOARD -D DEBUG_ENABLED -Wall -ffunction-sections -Og -ffat-lto-objects -c .\Generated_Source\PSoC4\Encoder_Pins.c -o .\CortexM0\ARM_GCC_493\Debug\Encoder_Pins.o
arm-none-eabi-gcc.exe -mcpu=cortex-m0 -mthumb -Wno-main -I..\source -I. -IGenerated_Source\PSoC4 -Wa,-alh=.\CortexM0\ARM_GCC_493\Debug/Pin_InfraredDistance_7.lst -g -D DEBUG -D LEFT_BOARD -D DEBUG_ENABLED -Wall -ffunction-sections -Og -ffat-lto-objects -c .\Generated_Source\PSoC4\Pin_InfraredDistance_7.c -o .\CortexM0\ARM_GCC_493\Debug\Pin_InfraredDistance_7.o
arm-none-eabi-gcc.exe -mcpu=cortex-m0 -mthumb -Wno-main -I..\source -I. -IGenerated_Source\PSoC4 -Wa,-alh=.\CortexM0\ARM_GCC_493\Debug/Pin_InfraredDistance_0.lst -g -D DEBUG -D LEFT_BOARD -D DEBUG_ENABLED -Wall -ffunction-sections -Og -ffat-lto-objects -c .\Generated_Source\PSoC4\Pin_InfraredDistance_0.c -o .\CortexM0\ARM_GCC_493\Debug\Pin_InfraredDistance_0.o
arm-none-eabi-gcc.exe -mcpu=cortex-m0 -mthumb -Wno-main -I..\source -I. -IGenerated_Source\PSoC4 -Wa,-alh=.\CortexM0\ARM_GCC_493\Debug/Pin_InfraredDistance_1.lst -g -D DEBUG -D LEFT_BOARD -D DEBUG_ENABLED -Wall -ffunction-sections -Og -ffat-lto-objects -c .\Generated_Source\PSoC4\Pin_InfraredDistance_1.c -o .\CortexM0\ARM_GCC_493\Debug\Pin_InfraredDistance_1.o
arm-none-eabi-gcc.exe -mcpu=cortex-m0 -mthumb -Wno-main -I..\source -I. -IGenerated_Source\PSoC4 -Wa,-alh=.\CortexM0\ARM_GCC_493\Debug/Pin_InfraredDistance_2.lst -g -D DEBUG -D LEFT_BOARD -D DEBUG_ENABLED -Wall -ffunction-sections -Og -ffat-lto-objects -c .\Generated_Source\PSoC4\Pin_InfraredDistance_2.c -o .\CortexM0\ARM_GCC_493\Debug\Pin_InfraredDistance_2.o
arm-none-eabi-gcc.exe -mcpu=cortex-m0 -mthumb -Wno-main -I..\source -I. -IGenerated_Source\PSoC4 -Wa,-alh=.\CortexM0\ARM_GCC_493\Debug/Pin_InfraredDistance_3.lst -g -D DEBUG -D LEFT_BOARD -D DEBUG_ENABLED -Wall -ffunction-sections -Og -ffat-lto-objects -c .\Generated_Source\PSoC4\Pin_InfraredDistance_3.c -o .\CortexM0\ARM_GCC_493\Debug\Pin_InfraredDistance_3.o
arm-none-eabi-gcc.exe -mcpu=cortex-m0 -mthumb -Wno-main -I..\source -I. -IGenerated_Source\PSoC4 -Wa,-alh=.\CortexM0\ARM_GCC_493\Debug/Pin_InfraredDistance_4.lst -g -D DEBUG -D LEFT_BOARD -D DEBUG_ENABLED -Wall -ffunction-sections -Og -ffat-lto-objects -c .\Generated_Source\PSoC4\Pin_InfraredDistance_4.c -o .\CortexM0\ARM_GCC_493\Debug\Pin_InfraredDistance_4.o
arm-none-eabi-gcc.exe -mcpu=cortex-m0 -mthumb -Wno-main -I..\source -I. -IGenerated_Source\PSoC4 -Wa,-alh=.\CortexM0\ARM_GCC_493\Debug/Pin_InfraredDistance_5.lst -g -D DEBUG -D LEFT_BOARD -D DEBUG_ENABLED -Wall -ffunction-sections -Og -ffat-lto-objects -c .\Generated_Source\PSoC4\Pin_InfraredDistance_5.c -o .\CortexM0\ARM_GCC_493\Debug\Pin_InfraredDistance_5.o
arm-none-eabi-gcc.exe -mcpu=cortex-m0 -mthumb -Wno-main -I..\source -I. -IGenerated_Source\PSoC4 -Wa,-alh=.\CortexM0\ARM_GCC_493\Debug/Pin_InfraredDistance_6.lst -g -D DEBUG -D LEFT_BOARD -D DEBUG_ENABLED -Wall -ffunction-sections -Og -ffat-lto-objects -c .\Generated_Source\PSoC4\Pin_InfraredDistance_6.c -o .\CortexM0\ARM_GCC_493\Debug\Pin_InfraredDistance_6.o
arm-none-eabi-gcc.exe -mcpu=cortex-m0 -mthumb -Wno-main -I..\source -I. -IGenerated_Source\PSoC4 -Wa,-alh=.\CortexM0\ARM_GCC_493\Debug/UART_Debug.lst -g -D DEBUG -D LEFT_BOARD -D DEBUG_ENABLED -Wall -ffunction-sections -Og -ffat-lto-objects -c .\Generated_Source\PSoC4\UART_Debug.c -o .\CortexM0\ARM_GCC_493\Debug\UART_Debug.o
arm-none-eabi-gcc.exe -mcpu=cortex-m0 -mthumb -Wno-main -I..\source -I. -IGenerated_Source\PSoC4 -Wa,-alh=.\CortexM0\ARM_GCC_493\Debug/UART_Debug_SPI_UART.lst -g -D DEBUG -D LEFT_BOARD -D DEBUG_ENABLED -Wall -ffunction-sections -Og -ffat-lto-objects -c .\Generated_Source\PSoC4\UART_Debug_SPI_UART.c -o .\CortexM0\ARM_GCC_493\Debug\UART_Debug_SPI_UART.o
arm-none-eabi-gcc.exe -mcpu=cortex-m0 -mthumb -Wno-main -I..\source -I. -IGenerated_Source\PSoC4 -Wa,-alh=.\CortexM0\ARM_GCC_493\Debug/UART_Debug_SPI_UART_INT.lst -g -D DEBUG -D LEFT_BOARD -D DEBUG_ENABLED -Wall -ffunction-sections -Og -ffat-lto-objects -c .\Generated_Source\PSoC4\UART_Debug_SPI_UART_INT.c -o .\CortexM0\ARM_GCC_493\Debug\UART_Debug_SPI_UART_INT.o
arm-none-eabi-gcc.exe -mcpu=cortex-m0 -mthumb -Wno-main -I..\source -I. -IGenerated_Source\PSoC4 -Wa,-alh=.\CortexM0\ARM_GCC_493\Debug/UART_Debug_PM.lst -g -D DEBUG -D LEFT_BOARD -D DEBUG_ENABLED -Wall -ffunction-sections -Og -ffat-lto-objects -c .\Generated_Source\PSoC4\UART_Debug_PM.c -o .\CortexM0\ARM_GCC_493\Debug\UART_Debug_PM.o
arm-none-eabi-gcc.exe -mcpu=cortex-m0 -mthumb -Wno-main -I..\source -I. -IGenerated_Source\PSoC4 -Wa,-alh=.\CortexM0\ARM_GCC_493\Debug/UART_Debug_UART.lst -g -D DEBUG -D LEFT_BOARD -D DEBUG_ENABLED -Wall -ffunction-sections -Og -ffat-lto-objects -c .\Generated_Source\PSoC4\UART_Debug_UART.c -o .\CortexM0\ARM_GCC_493\Debug\UART_Debug_UART.o
arm-none-eabi-gcc.exe -mcpu=cortex-m0 -mthumb -Wno-main -I..\source -I. -IGenerated_Source\PSoC4 -Wa,-alh=.\CortexM0\ARM_GCC_493\Debug/UART_Debug_BOOT.lst -g -D DEBUG -D LEFT_BOARD -D DEBUG_ENABLED -Wall -ffunction-sections -Og -ffat-lto-objects -c .\Generated_Source\PSoC4\UART_Debug_BOOT.c -o .\CortexM0\ARM_GCC_493\Debug\UART_Debug_BOOT.o
arm-none-eabi-gcc.exe -mcpu=cortex-m0 -mthumb -Wno-main -I..\source -I. -IGenerated_Source\PSoC4 -Wa,-alh=.\CortexM0\ARM_GCC_493\Debug/UART_Debug_UART_BOOT.lst -g -D DEBUG -D LEFT_BOARD -D DEBUG_ENABLED -Wall -ffunction-sections -Og -ffat-lto-objects -c .\Generated_Source\PSoC4\UART_Debug_UART_BOOT.c -o .\CortexM0\ARM_GCC_493\Debug\UART_Debug_UART_BOOT.o
arm-none-eabi-gcc.exe -mcpu=cortex-m0 -mthumb -Wno-main -I..\source -I. -IGenerated_Source\PSoC4 -Wa,-alh=.\CortexM0\ARM_GCC_493\Debug/UART_Debug_SCBCLK.lst -g -D DEBUG -D LEFT_BOARD -D DEBUG_ENABLED -Wall -ffunction-sections -Og -ffat-lto-objects -c .\Generated_Source\PSoC4\UART_Debug_SCBCLK.c -o .\CortexM0\ARM_GCC_493\Debug\UART_Debug_SCBCLK.o
arm-none-eabi-gcc.exe -mcpu=cortex-m0 -mthumb -Wno-main -I..\source -I. -IGenerated_Source\PSoC4 -Wa,-alh=.\CortexM0\ARM_GCC_493\Debug/UART_Debug_tx.lst -g -D DEBUG -D LEFT_BOARD -D DEBUG_ENABLED -Wall -ffunction-sections -Og -ffat-lto-objects -c .\Generated_Source\PSoC4\UART_Debug_tx.c -o .\CortexM0\ARM_GCC_493\Debug\UART_Debug_tx.o
arm-none-eabi-gcc.exe -mcpu=cortex-m0 -mthumb -Wno-main -I..\source -I. -IGenerated_Source\PSoC4 -Wa,-alh=.\CortexM0\ARM_GCC_493\Debug/UART_Debug_rx.lst -g -D DEBUG -D LEFT_BOARD -D DEBUG_ENABLED -Wall -ffunction-sections -Og -ffat-lto-objects -c .\Generated_Source\PSoC4\UART_Debug_rx.c -o .\CortexM0\ARM_GCC_493\Debug\UART_Debug_rx.o
arm-none-eabi-gcc.exe -mcpu=cortex-m0 -mthumb -Wno-main -I..\source -I. -IGenerated_Source\PSoC4 -Wa,-alh=.\CortexM0\ARM_GCC_493\Debug/ADC_Infrared.lst -g -D DEBUG -D LEFT_BOARD -D DEBUG_ENABLED -Wall -ffunction-sections -Og -ffat-lto-objects -c .\Generated_Source\PSoC4\ADC_Infrared.c -o .\CortexM0\ARM_GCC_493\Debug\ADC_Infrared.o
arm-none-eabi-gcc.exe -mcpu=cortex-m0 -mthumb -Wno-main -I..\source -I. -IGenerated_Source\PSoC4 -Wa,-alh=.\CortexM0\ARM_GCC_493\Debug/ADC_Infrared_PM.lst -g -D DEBUG -D LEFT_BOARD -D DEBUG_ENABLED -Wall -ffunction-sections -Og -ffat-lto-objects -c .\Generated_Source\PSoC4\ADC_Infrared_PM.c -o .\CortexM0\ARM_GCC_493\Debug\ADC_Infrared_PM.o
arm-none-eabi-gcc.exe -mcpu=cortex-m0 -mthumb -Wno-main -I..\source -I. -IGenerated_Source\PSoC4 -Wa,-alh=.\CortexM0\ARM_GCC_493\Debug/ADC_Infrared_INT.lst -g -D DEBUG -D LEFT_BOARD -D DEBUG_ENABLED -Wall -ffunction-sections -Og -ffat-lto-objects -c .\Generated_Source\PSoC4\ADC_Infrared_INT.c -o .\CortexM0\ARM_GCC_493\Debug\ADC_Infrared_INT.o
arm-none-eabi-gcc.exe -mcpu=cortex-m0 -mthumb -Wno-main -I..\source -I. -IGenerated_Source\PSoC4 -Wa,-alh=.\CortexM0\ARM_GCC_493\Debug/ADC_Infrared_IRQ.lst -g -D DEBUG -D LEFT_BOARD -D DEBUG_ENABLED -Wall -ffunction-sections -Og -ffat-lto-objects -c .\Generated_Source\PSoC4\ADC_Infrared_IRQ.c -o .\CortexM0\ARM_GCC_493\Debug\ADC_Infrared_IRQ.o
arm-none-eabi-gcc.exe -mcpu=cortex-m0 -mthumb -Wno-main -I..\source -I. -IGenerated_Source\PSoC4 -Wa,-alh=.\CortexM0\ARM_GCC_493\Debug/ADC_Infrared_intClock.lst -g -D DEBUG -D LEFT_BOARD -D DEBUG_ENABLED -Wall -ffunction-sections -Og -ffat-lto-objects -c .\Generated_Source\PSoC4\ADC_Infrared_intClock.c -o .\CortexM0\ARM_GCC_493\Debug\ADC_Infrared_intClock.o
arm-none-eabi-gcc.exe -mcpu=cortex-m0 -mthumb -Wno-main -I..\source -I. -IGenerated_Source\PSoC4 -Wa,-alh=.\CortexM0\ARM_GCC_493\Debug/HCSR04_Timer.lst -g -D DEBUG -D LEFT_BOARD -D DEBUG_ENABLED -Wall -ffunction-sections -Og -ffat-lto-objects -c .\Generated_Source\PSoC4\HCSR04_Timer.c -o .\CortexM0\ARM_GCC_493\Debug\HCSR04_Timer.o
arm-none-eabi-gcc.exe -mcpu=cortex-m0 -mthumb -Wno-main -I..\source -I. -IGenerated_Source\PSoC4 -Wa,-alh=.\CortexM0\ARM_GCC_493\Debug/HCSR04_Timer_PM.lst -g -D DEBUG -D LEFT_BOARD -D DEBUG_ENABLED -Wall -ffunction-sections -Og -ffat-lto-objects -c .\Generated_Source\PSoC4\HCSR04_Timer_PM.c -o .\CortexM0\ARM_GCC_493\Debug\HCSR04_Timer_PM.o
arm-none-eabi-gcc.exe -mcpu=cortex-m0 -mthumb -Wno-main -I..\source -I. -IGenerated_Source\PSoC4 -Wa,-alh=.\CortexM0\ARM_GCC_493\Debug/HCSR04_Clock.lst -g -D DEBUG -D LEFT_BOARD -D DEBUG_ENABLED -Wall -ffunction-sections -Og -ffat-lto-objects -c .\Generated_Source\PSoC4\HCSR04_Clock.c -o .\CortexM0\ARM_GCC_493\Debug\HCSR04_Clock.o
arm-none-eabi-gcc.exe -mcpu=cortex-m0 -mthumb -Wno-main -I..\source -I. -IGenerated_Source\PSoC4 -Wa,-alh=.\CortexM0\ARM_GCC_493\Debug/HCSR04_Timeout_Intr.lst -g -D DEBUG -D LEFT_BOARD -D DEBUG_ENABLED -Wall -ffunction-sections -Og -ffat-lto-objects -c .\Generated_Source\PSoC4\HCSR04_Timeout_Intr.c -o .\CortexM0\ARM_GCC_493\Debug\HCSR04_Timeout_Intr.o
arm-none-eabi-gcc.exe -mcpu=cortex-m0 -mthumb -Wno-main -I..\source -I. -IGenerated_Source\PSoC4 -Wa,-alh=.\CortexM0\ARM_GCC_493\Debug/HCSR04_Control.lst -g -D DEBUG -D LEFT_BOARD -D DEBUG_ENABLED -Wall -ffunction-sections -Og -ffat-lto-objects -c .\Generated_Source\PSoC4\HCSR04_Control.c -o .\CortexM0\ARM_GCC_493\Debug\HCSR04_Control.o
arm-none-eabi-gcc.exe -mcpu=cortex-m0 -mthumb -Wno-main -I..\source -I. -IGenerated_Source\PSoC4 -Wa,-alh=.\CortexM0\ARM_GCC_493\Debug/HCSR04_Control_PM.lst -g -D DEBUG -D LEFT_BOARD -D DEBUG_ENABLED -Wall -ffunction-sections -Og -ffat-lto-objects -c .\Generated_Source\PSoC4\HCSR04_Control_PM.c -o .\CortexM0\ARM_GCC_493\Debug\HCSR04_Control_PM.o
arm-none-eabi-gcc.exe -mcpu=cortex-m0 -mthumb -Wno-main -I..\source -I. -IGenerated_Source\PSoC4 -Wa,-alh=.\CortexM0\ARM_GCC_493\Debug/HCSR04_Echo_0.lst -g -D DEBUG -D LEFT_BOARD -D DEBUG_ENABLED -Wall -ffunction-sections -Og -ffat-lto-objects -c .\Generated_Source\PSoC4\HCSR04_Echo_0.c -o .\CortexM0\ARM_GCC_493\Debug\HCSR04_Echo_0.o
arm-none-eabi-gcc.exe -mcpu=cortex-m0 -mthumb -Wno-main -I..\source -I. -IGenerated_Source\PSoC4 -Wa,-alh=.\CortexM0\ARM_GCC_493\Debug/HCSR04_Echo_7.lst -g -D DEBUG -D LEFT_BOARD -D DEBUG_ENABLED -Wall -ffunction-sections -Og -ffat-lto-objects -c .\Generated_Source\PSoC4\HCSR04_Echo_7.c -o .\CortexM0\ARM_GCC_493\Debug\HCSR04_Echo_7.o
arm-none-eabi-gcc.exe -mcpu=cortex-m0 -mthumb -Wno-main -I..\source -I. -IGenerated_Source\PSoC4 -Wa,-alh=.\CortexM0\ARM_GCC_493\Debug/HCSR04_Echo_6.lst -g -D DEBUG -D LEFT_BOARD -D DEBUG_ENABLED -Wall -ffunction-sections -Og -ffat-lto-objects -c .\Generated_Source\PSoC4\HCSR04_Echo_6.c -o .\CortexM0\ARM_GCC_493\Debug\HCSR04_Echo_6.o
arm-none-eabi-gcc.exe -mcpu=cortex-m0 -mthumb -Wno-main -I..\source -I. -IGenerated_Source\PSoC4 -Wa,-alh=.\CortexM0\ARM_GCC_493\Debug/HCSR04_Echo_5.lst -g -D DEBUG -D LEFT_BOARD -D DEBUG_ENABLED -Wall -ffunction-sections -Og -ffat-lto-objects -c .\Generated_Source\PSoC4\HCSR04_Echo_5.c -o .\CortexM0\ARM_GCC_493\Debug\HCSR04_Echo_5.o
arm-none-eabi-gcc.exe -mcpu=cortex-m0 -mthumb -Wno-main -I..\source -I. -IGenerated_Source\PSoC4 -Wa,-alh=.\CortexM0\ARM_GCC_493\Debug/HCSR04_Echo_4.lst -g -D DEBUG -D LEFT_BOARD -D DEBUG_ENABLED -Wall -ffunction-sections -Og -ffat-lto-objects -c .\Generated_Source\PSoC4\HCSR04_Echo_4.c -o .\CortexM0\ARM_GCC_493\Debug\HCSR04_Echo_4.o
arm-none-eabi-gcc.exe -mcpu=cortex-m0 -mthumb -Wno-main -I..\source -I. -IGenerated_Source\PSoC4 -Wa,-alh=.\CortexM0\ARM_GCC_493\Debug/HCSR04_Echo_3.lst -g -D DEBUG -D LEFT_BOARD -D DEBUG_ENABLED -Wall -ffunction-sections -Og -ffat-lto-objects -c .\Generated_Source\PSoC4\HCSR04_Echo_3.c -o .\CortexM0\ARM_GCC_493\Debug\HCSR04_Echo_3.o
arm-none-eabi-gcc.exe -mcpu=cortex-m0 -mthumb -Wno-main -I..\source -I. -IGenerated_Source\PSoC4 -Wa,-alh=.\CortexM0\ARM_GCC_493\Debug/HCSR04_Echo_2.lst -g -D DEBUG -D LEFT_BOARD -D DEBUG_ENABLED -Wall -ffunction-sections -Og -ffat-lto-objects -c .\Generated_Source\PSoC4\HCSR04_Echo_2.c -o .\CortexM0\ARM_GCC_493\Debug\HCSR04_Echo_2.o
arm-none-eabi-gcc.exe -mcpu=cortex-m0 -mthumb -Wno-main -I..\source -I. -IGenerated_Source\PSoC4 -Wa,-alh=.\CortexM0\ARM_GCC_493\Debug/HCSR04_Echo_1.lst -g -D DEBUG -D LEFT_BOARD -D DEBUG_ENABLED -Wall -ffunction-sections -Og -ffat-lto-objects -c .\Generated_Source\PSoC4\HCSR04_Echo_1.c -o .\CortexM0\ARM_GCC_493\Debug\HCSR04_Echo_1.o
arm-none-eabi-gcc.exe -mcpu=cortex-m0 -mthumb -Wno-main -I..\source -I. -IGenerated_Source\PSoC4 -Wa,-alh=.\CortexM0\ARM_GCC_493\Debug/HCSR04_Trigger_0.lst -g -D DEBUG -D LEFT_BOARD -D DEBUG_ENABLED -Wall -ffunction-sections -Og -ffat-lto-objects -c .\Generated_Source\PSoC4\HCSR04_Trigger_0.c -o .\CortexM0\ARM_GCC_493\Debug\HCSR04_Trigger_0.o
arm-none-eabi-gcc.exe -mcpu=cortex-m0 -mthumb -Wno-main -I..\source -I. -IGenerated_Source\PSoC4 -Wa,-alh=.\CortexM0\ARM_GCC_493\Debug/HCSR04_Trigger_0_PM.lst -g -D DEBUG -D LEFT_BOARD -D DEBUG_ENABLED -Wall -ffunction-sections -Og -ffat-lto-objects -c .\Generated_Source\PSoC4\HCSR04_Trigger_0_PM.c -o .\CortexM0\ARM_GCC_493\Debug\HCSR04_Trigger_0_PM.o
arm-none-eabi-gcc.exe -mcpu=cortex-m0 -mthumb -Wno-main -I..\source -I. -IGenerated_Source\PSoC4 -Wa,-alh=.\CortexM0\ARM_GCC_493\Debug/HCSR04_Trigger_2.lst -g -D DEBUG -D LEFT_BOARD -D DEBUG_ENABLED -Wall -ffunction-sections -Og -ffat-lto-objects -c .\Generated_Source\PSoC4\HCSR04_Trigger_2.c -o .\CortexM0\ARM_GCC_493\Debug\HCSR04_Trigger_2.o
arm-none-eabi-gcc.exe -mcpu=cortex-m0 -mthumb -Wno-main -I..\source -I. -IGenerated_Source\PSoC4 -Wa,-alh=.\CortexM0\ARM_GCC_493\Debug/HCSR04_Trigger_2_PM.lst -g -D DEBUG -D LEFT_BOARD -D DEBUG_ENABLED -Wall -ffunction-sections -Og -ffat-lto-objects -c .\Generated_Source\PSoC4\HCSR04_Trigger_2_PM.c -o .\CortexM0\ARM_GCC_493\Debug\HCSR04_Trigger_2_PM.o
arm-none-eabi-gcc.exe -mcpu=cortex-m0 -mthumb -Wno-main -I..\source -I. -IGenerated_Source\PSoC4 -Wa,-alh=.\CortexM0\ARM_GCC_493\Debug/HCSR04_Trigger_3.lst -g -D DEBUG -D LEFT_BOARD -D DEBUG_ENABLED -Wall -ffunction-sections -Og -ffat-lto-objects -c .\Generated_Source\PSoC4\HCSR04_Trigger_3.c -o .\CortexM0\ARM_GCC_493\Debug\HCSR04_Trigger_3.o
arm-none-eabi-gcc.exe -mcpu=cortex-m0 -mthumb -Wno-main -I..\source -I. -IGenerated_Source\PSoC4 -Wa,-alh=.\CortexM0\ARM_GCC_493\Debug/HCSR04_Trigger_3_PM.lst -g -D DEBUG -D LEFT_BOARD -D DEBUG_ENABLED -Wall -ffunction-sections -Og -ffat-lto-objects -c .\Generated_Source\PSoC4\HCSR04_Trigger_3_PM.c -o .\CortexM0\ARM_GCC_493\Debug\HCSR04_Trigger_3_PM.o
arm-none-eabi-gcc.exe -mcpu=cortex-m0 -mthumb -Wno-main -I..\source -I. -IGenerated_Source\PSoC4 -Wa,-alh=.\CortexM0\ARM_GCC_493\Debug/HCSR04_Trigger_4.lst -g -D DEBUG -D LEFT_BOARD -D DEBUG_ENABLED -Wall -ffunction-sections -Og -ffat-lto-objects -c .\Generated_Source\PSoC4\HCSR04_Trigger_4.c -o .\CortexM0\ARM_GCC_493\Debug\HCSR04_Trigger_4.o
arm-none-eabi-gcc.exe -mcpu=cortex-m0 -mthumb -Wno-main -I..\source -I. -IGenerated_Source\PSoC4 -Wa,-alh=.\CortexM0\ARM_GCC_493\Debug/HCSR04_Trigger_4_PM.lst -g -D DEBUG -D LEFT_BOARD -D DEBUG_ENABLED -Wall -ffunction-sections -Og -ffat-lto-objects -c .\Generated_Source\PSoC4\HCSR04_Trigger_4_PM.c -o .\CortexM0\ARM_GCC_493\Debug\HCSR04_Trigger_4_PM.o
arm-none-eabi-gcc.exe -mcpu=cortex-m0 -mthumb -Wno-main -I..\source -I. -IGenerated_Source\PSoC4 -Wa,-alh=.\CortexM0\ARM_GCC_493\Debug/HCSR04_Trigger_5.lst -g -D DEBUG -D LEFT_BOARD -D DEBUG_ENABLED -Wall -ffunction-sections -Og -ffat-lto-objects -c .\Generated_Source\PSoC4\HCSR04_Trigger_5.c -o .\CortexM0\ARM_GCC_493\Debug\HCSR04_Trigger_5.o
arm-none-eabi-gcc.exe -mcpu=cortex-m0 -mthumb -Wno-main -I..\source -I. -IGenerated_Source\PSoC4 -Wa,-alh=.\CortexM0\ARM_GCC_493\Debug/HCSR04_Trigger_5_PM.lst -g -D DEBUG -D LEFT_BOARD -D DEBUG_ENABLED -Wall -ffunction-sections -Og -ffat-lto-objects -c .\Generated_Source\PSoC4\HCSR04_Trigger_5_PM.c -o .\CortexM0\ARM_GCC_493\Debug\HCSR04_Trigger_5_PM.o
arm-none-eabi-gcc.exe -mcpu=cortex-m0 -mthumb -Wno-main -I..\source -I. -IGenerated_Source\PSoC4 -Wa,-alh=.\CortexM0\ARM_GCC_493\Debug/HCSR04_Trigger_6.lst -g -D DEBUG -D LEFT_BOARD -D DEBUG_ENABLED -Wall -ffunction-sections -Og -ffat-lto-objects -c .\Generated_Source\PSoC4\HCSR04_Trigger_6.c -o .\CortexM0\ARM_GCC_493\Debug\HCSR04_Trigger_6.o
arm-none-eabi-gcc.exe -mcpu=cortex-m0 -mthumb -Wno-main -I..\source -I. -IGenerated_Source\PSoC4 -Wa,-alh=.\CortexM0\ARM_GCC_493\Debug/HCSR04_Trigger_6_PM.lst -g -D DEBUG -D LEFT_BOARD -D DEBUG_ENABLED -Wall -ffunction-sections -Og -ffat-lto-objects -c .\Generated_Source\PSoC4\HCSR04_Trigger_6_PM.c -o .\CortexM0\ARM_GCC_493\Debug\HCSR04_Trigger_6_PM.o
arm-none-eabi-gcc.exe -mcpu=cortex-m0 -mthumb -Wno-main -I..\source -I. -IGenerated_Source\PSoC4 -Wa,-alh=.\CortexM0\ARM_GCC_493\Debug/HCSR04_Trigger_7.lst -g -D DEBUG -D LEFT_BOARD -D DEBUG_ENABLED -Wall -ffunction-sections -Og -ffat-lto-objects -c .\Generated_Source\PSoC4\HCSR04_Trigger_7.c -o .\CortexM0\ARM_GCC_493\Debug\HCSR04_Trigger_7.o
arm-none-eabi-gcc.exe -mcpu=cortex-m0 -mthumb -Wno-main -I..\source -I. -IGenerated_Source\PSoC4 -Wa,-alh=.\CortexM0\ARM_GCC_493\Debug/HCSR04_Trigger_7_PM.lst -g -D DEBUG -D LEFT_BOARD -D DEBUG_ENABLED -Wall -ffunction-sections -Og -ffat-lto-objects -c .\Generated_Source\PSoC4\HCSR04_Trigger_7_PM.c -o .\CortexM0\ARM_GCC_493\Debug\HCSR04_Trigger_7_PM.o
arm-none-eabi-gcc.exe -mcpu=cortex-m0 -mthumb -Wno-main -I..\source -I. -IGenerated_Source\PSoC4 -Wa,-alh=.\CortexM0\ARM_GCC_493\Debug/HCSR04_Trigger_1.lst -g -D DEBUG -D LEFT_BOARD -D DEBUG_ENABLED -Wall -ffunction-sections -Og -ffat-lto-objects -c .\Generated_Source\PSoC4\HCSR04_Trigger_1.c -o .\CortexM0\ARM_GCC_493\Debug\HCSR04_Trigger_1.o
arm-none-eabi-gcc.exe -mcpu=cortex-m0 -mthumb -Wno-main -I..\source -I. -IGenerated_Source\PSoC4 -Wa,-alh=.\CortexM0\ARM_GCC_493\Debug/HCSR04_Trigger_1_PM.lst -g -D DEBUG -D LEFT_BOARD -D DEBUG_ENABLED -Wall -ffunction-sections -Og -ffat-lto-objects -c .\Generated_Source\PSoC4\HCSR04_Trigger_1_PM.c -o .\CortexM0\ARM_GCC_493\Debug\HCSR04_Trigger_1_PM.o
arm-none-eabi-ar.exe -rs .\CortexM0\ARM_GCC_493\Debug\Board-KitProg.a .\CortexM0\ARM_GCC_493\Debug\cyfitter_cfg.o .\CortexM0\ARM_GCC_493\Debug\PWM_1MHz.o .\CortexM0\ARM_GCC_493\Debug\EZI2C.o .\CortexM0\ARM_GCC_493\Debug\EZI2C_PM.o .\CortexM0\ARM_GCC_493\Debug\EZI2C_BOOT.o .\CortexM0\ARM_GCC_493\Debug\EZI2C_EZI2C.o .\CortexM0\ARM_GCC_493\Debug\EZI2C_EZI2C_INT.o .\CortexM0\ARM_GCC_493\Debug\EZI2C_EZI2C_BOOT.o .\CortexM0\ARM_GCC_493\Debug\Encoder_Intr.o .\CortexM0\ARM_GCC_493\Debug\EZI2C_SCBCLK.o .\CortexM0\ARM_GCC_493\Debug\EZI2C_sda.o .\CortexM0\ARM_GCC_493\Debug\EZI2C_scl.o .\CortexM0\ARM_GCC_493\Debug\EZI2C_SCB_IRQ.o .\CortexM0\ARM_GCC_493\Debug\CyBootAsmGnu.o .\CortexM0\ARM_GCC_493\Debug\CyFlash.o .\CortexM0\ARM_GCC_493\Debug\CyLib.o .\CortexM0\ARM_GCC_493\Debug\cyPm.o .\CortexM0\ARM_GCC_493\Debug\cyutils.o .\CortexM0\ARM_GCC_493\Debug\CyDMA.o .\CortexM0\ARM_GCC_493\Debug\CyLFClk.o .\CortexM0\ARM_GCC_493\Debug\HB25_PWM.o .\CortexM0\ARM_GCC_493\Debug\HB25_PWM_PM.o .\CortexM0\ARM_GCC_493\Debug\HB25_PWM_Pin.o .\CortexM0\ARM_GCC_493\Debug\Encoder_Pins.o .\CortexM0\ARM_GCC_493\Debug\Pin_InfraredDistance_7.o .\CortexM0\ARM_GCC_493\Debug\Pin_InfraredDistance_0.o .\CortexM0\ARM_GCC_493\Debug\Pin_InfraredDistance_1.o .\CortexM0\ARM_GCC_493\Debug\Pin_InfraredDistance_2.o .\CortexM0\ARM_GCC_493\Debug\Pin_InfraredDistance_3.o .\CortexM0\ARM_GCC_493\Debug\Pin_InfraredDistance_4.o .\CortexM0\ARM_GCC_493\Debug\Pin_InfraredDistance_5.o .\CortexM0\ARM_GCC_493\Debug\Pin_InfraredDistance_6.o .\CortexM0\ARM_GCC_493\Debug\UART_Debug.o .\CortexM0\ARM_GCC_493\Debug\UART_Debug_SPI_UART.o .\CortexM0\ARM_GCC_493\Debug\UART_Debug_SPI_UART_INT.o .\CortexM0\ARM_GCC_493\Debug\UART_Debug_PM.o .\CortexM0\ARM_GCC_493\Debug\UART_Debug_UART.o .\CortexM0\ARM_GCC_493\Debug\UART_Debug_BOOT.o .\CortexM0\ARM_GCC_493\Debug\UART_Debug_UART_BOOT.o .\CortexM0\ARM_GCC_493\Debug\UART_Debug_SCBCLK.o .\CortexM0\ARM_GCC_493\Debug\UART_Debug_tx.o .\CortexM0\ARM_GCC_493\Debug\UART_Debug_rx.o .\CortexM0\ARM_GCC_493\Debug\ADC_Infrared.o .\CortexM0\ARM_GCC_493\Debug\ADC_Infrared_PM.o .\CortexM0\ARM_GCC_493\Debug\ADC_Infrared_INT.o .\CortexM0\ARM_GCC_493\Debug\ADC_Infrared_IRQ.o .\CortexM0\ARM_GCC_493\Debug\ADC_Infrared_intClock.o .\CortexM0\ARM_GCC_493\Debug\HCSR04_Timer.o .\CortexM0\ARM_GCC_493\Debug\HCSR04_Timer_PM.o .\CortexM0\ARM_GCC_493\Debug\HCSR04_Clock.o .\CortexM0\ARM_GCC_493\Debug\HCSR04_Timeout_Intr.o .\CortexM0\ARM_GCC_493\Debug\HCSR04_Control.o .\CortexM0\ARM_GCC_493\Debug\HCSR04_Control_PM.o .\CortexM0\ARM_GCC_493\Debug\HCSR04_Echo_0.o .\CortexM0\ARM_GCC_493\Debug\HCSR04_Echo_7.o .\CortexM0\ARM_GCC_493\Debug\HCSR04_Echo_6.o .\CortexM0\ARM_GCC_493\Debug\HCSR04_Echo_5.o .\CortexM0\ARM_GCC_493\Debug\HCSR04_Echo_4.o .\CortexM0\ARM_GCC_493\Debug\HCSR04_Echo_3.o .\CortexM0\ARM_GCC_493\Debug\HCSR04_Echo_2.o .\CortexM0\ARM_GCC_493\Debug\HCSR04_Echo_1.o .\CortexM0\ARM_GCC_493\Debug\HCSR04_Trigger_0.o .\CortexM0\ARM_GCC_493\Debug\HCSR04_Trigger_0_PM.o .\CortexM0\ARM_GCC_493\Debug\HCSR04_Trigger_2.o .\CortexM0\ARM_GCC_493\Debug\HCSR04_Trigger_2_PM.o .\CortexM0\ARM_GCC_493\Debug\HCSR04_Trigger_3.o .\CortexM0\ARM_GCC_493\Debug\HCSR04_Trigger_3_PM.o .\CortexM0\ARM_GCC_493\Debug\HCSR04_Trigger_4.o .\CortexM0\ARM_GCC_493\Debug\HCSR04_Trigger_4_PM.o .\CortexM0\ARM_GCC_493\Debug\HCSR04_Trigger_5.o .\CortexM0\ARM_GCC_493\Debug\HCSR04_Trigger_5_PM.o .\CortexM0\ARM_GCC_493\Debug\HCSR04_Trigger_6.o .\CortexM0\ARM_GCC_493\Debug\HCSR04_Trigger_6_PM.o .\CortexM0\ARM_GCC_493\Debug\HCSR04_Trigger_7.o .\CortexM0\ARM_GCC_493\Debug\HCSR04_Trigger_7_PM.o .\CortexM0\ARM_GCC_493\Debug\HCSR04_Trigger_1.o .\CortexM0\ARM_GCC_493\Debug\HCSR04_Trigger_1_PM.o
arm-none-eabi-ar.exe: creating .\CortexM0\ARM_GCC_493\Debug\Board-KitProg.a
arm-none-eabi-gcc.exe -Wl,--start-group -o .\CortexM0\ARM_GCC_493\Debug\Board-KitProg.elf .\CortexM0\ARM_GCC_493\Debug\encoder.o .\CortexM0\ARM_GCC_493\Debug\motor.o .\CortexM0\ARM_GCC_493\Debug\ultrasonic.o .\CortexM0\ARM_GCC_493\Debug\pid.o .\CortexM0\ARM_GCC_493\Debug\i2c.o .\CortexM0\ARM_GCC_493\Debug\control.o .\CortexM0\ARM_GCC_493\Debug\boardmain.o .\CortexM0\ARM_GCC_493\Debug\debug.o .\CortexM0\ARM_GCC_493\Debug\time.o .\CortexM0\ARM_GCC_493\Debug\infrared.o .\CortexM0\ARM_GCC_493\Debug\utils.o .\CortexM0\ARM_GCC_493\Debug\cymetadata.o .\CortexM0\ARM_GCC_493\Debug\Cm0Start.o .\CortexM0\ARM_GCC_493\Debug\Board-KitProg.a "C:\Program Files (x86)\Cypress\PSoC Creator\3.3\PSoC Creator\psoc\content\cycomponentlibrary\CyComponentLibrary.cylib\CortexM0\ARM_GCC_493\Debug\CyComponentLibrary.a" -mcpu=cortex-m0 -mthumb -g -ffunction-sections -Og -l m -L Generated_Source\PSoC4 -Wl,-Map,.\CortexM0\ARM_GCC_493\Debug/Board-KitProg.map -T Generated_Source\PSoC4\cm0gcc.ld -specs=nano.specs -Wl,--gc-sections -Wl,--end-group
.\CortexM0\ARM_GCC_493\Debug\motor.o: In function `Motor_Init':
D:\projects\ArloBot\ArlobotHw\Arlobot\Board-KitProg.cydsn/..\source/motor.c:76: undefined reference to `HB25_Enable_Pin_Write'
.\CortexM0\ARM_GCC_493\Debug\motor.o: In function `Motor_Start':
D:\projects\ArloBot\ArlobotHw\Arlobot\Board-KitProg.cydsn/..\source/motor.c:86: undefined reference to `HB25_Enable_Pin_Write'
.\CortexM0\ARM_GCC_493\Debug\pid.o: In function `Calculate':
D:\projects\ArloBot\ArlobotHw\Arlobot\Board-KitProg.cydsn/..\source/pid.c:64: undefined reference to `UARTCOMMS_UartPutString'
D:\projects\ArloBot\ArlobotHw\Arlobot\Board-KitProg.cydsn/..\source/pid.c:76: undefined reference to `UARTCOMMS_UartPutString'
.\CortexM0\ARM_GCC_493\Debug\pid.o: In function `PID_Update':
D:\projects\ArloBot\ArlobotHw\Arlobot\Board-KitProg.cydsn/..\source/pid.c:123: undefined reference to `UARTCOMMS_UartPutString'
.\CortexM0\ARM_GCC_493\Debug\debug.o: In function `Debug_Start':
D:\projects\ArloBot\ArlobotHw\Arlobot\Board-KitProg.cydsn/..\source/debug.c:11: undefined reference to `UARTCOMMS_Start'
collect2.exe: error: ld returned 1 exit status
The command 'arm-none-eabi-gcc.exe' failed with exit code '1'.
--------------- Rebuild Failed: 03/13/2016 16:30:03 ---------------
