ARM GAS  C:\Users\Tim\AppData\Local\Temp\ccktFfxM.s 			page 1


   1              		.cpu cortex-m0
   2              		.fpu softvfp
   3              		.eabi_attribute 20, 1
   4              		.eabi_attribute 21, 1
   5              		.eabi_attribute 23, 3
   6              		.eabi_attribute 24, 1
   7              		.eabi_attribute 25, 1
   8              		.eabi_attribute 26, 1
   9              		.eabi_attribute 30, 1
  10              		.eabi_attribute 34, 0
  11              		.eabi_attribute 18, 4
  12              		.code	16
  13              		.file	"utils.c"
  14              		.text
  15              	.Ltext0:
  16              		.cfi_sections	.debug_frame
  17              		.global	__aeabi_uidiv
  18              		.section	.text.MovingAverage,"ax",%progbits
  19              		.align	2
  20              		.global	MovingAverage
  21              		.code	16
  22              		.thumb_func
  23              		.type	MovingAverage, %function
  24              	MovingAverage:
  25              	.LFB34:
  26              		.file 1 "..\\source\\utils.c"
   1:..\source/utils.c **** /* ========================================
   2:..\source/utils.c ****  *
   3:..\source/utils.c ****  * Copyright YOUR COMPANY, THE YEAR
   4:..\source/utils.c ****  * All Rights Reserved
   5:..\source/utils.c ****  * UNPUBLISHED, LICENSED SOFTWARE.
   6:..\source/utils.c ****  *
   7:..\source/utils.c ****  * CONFIDENTIAL AND PROPRIETARY INFORMATION
   8:..\source/utils.c ****  * WHICH IS THE PROPERTY OF your company.
   9:..\source/utils.c ****  *
  10:..\source/utils.c ****  * ========================================
  11:..\source/utils.c **** */
  12:..\source/utils.c **** 
  13:..\source/utils.c **** #include "utils.h"
  14:..\source/utils.c **** 
  15:..\source/utils.c **** uint32 MovingAverage(MOVING_AVERAGE_TYPE* ma, uint32 value)
  16:..\source/utils.c **** /*
  17:..\source/utils.c **** MA*[i]= MA*[i-1] +X[i] - MA*[i-1]/N
  18:..\source/utils.c **** 
  19:..\source/utils.c **** where MA* is the moving average*N. 
  20:..\source/utils.c **** 
  21:..\source/utils.c **** MA[i]= MA*[i]/N
  22:..\source/utils.c **** */
  23:..\source/utils.c **** {
  27              		.loc 1 23 0
  28              		.cfi_startproc
  29              	.LVL0:
  30 0000 70B5     		push	{r4, r5, r6, lr}
  31              		.cfi_def_cfa_offset 16
  32              		.cfi_offset 4, -16
  33              		.cfi_offset 5, -12
  34              		.cfi_offset 6, -8
ARM GAS  C:\Users\Tim\AppData\Local\Temp\ccktFfxM.s 			page 2


  35              		.cfi_offset 14, -4
  36 0002 051C     		mov	r5, r0
  24:..\source/utils.c ****     uint32 ma_curr;
  25:..\source/utils.c ****     
  26:..\source/utils.c ****     ma_curr = ma->last + value - ma->last/ma->n;
  37              		.loc 1 26 0
  38 0004 4368     		ldr	r3, [r0, #4]
  39 0006 5C18     		add	r4, r3, r1
  40 0008 0668     		ldr	r6, [r0]
  41 000a 181C     		mov	r0, r3
  42              	.LVL1:
  43 000c 311C     		mov	r1, r6
  44              	.LVL2:
  45 000e FFF7FEFF 		bl	__aeabi_uidiv
  46              	.LVL3:
  47 0012 201A     		sub	r0, r4, r0
  48              	.LVL4:
  27:..\source/utils.c ****     ma->last = ma_curr;
  49              		.loc 1 27 0
  50 0014 6860     		str	r0, [r5, #4]
  28:..\source/utils.c ****     
  29:..\source/utils.c ****     return ma_curr/ma->n;
  51              		.loc 1 29 0
  52 0016 311C     		mov	r1, r6
  53 0018 FFF7FEFF 		bl	__aeabi_uidiv
  54              	.LVL5:
  30:..\source/utils.c **** }
  55              		.loc 1 30 0
  56              		@ sp needed
  57              	.LVL6:
  58 001c 70BD     		pop	{r4, r5, r6, pc}
  59              		.cfi_endproc
  60              	.LFE34:
  61              		.size	MovingAverage, .-MovingAverage
  62 001e C046     		.text
  63              	.Letext0:
  64              		.file 2 "Generated_Source\\PSoC4/cytypes.h"
  65              		.file 3 "..\\source\\utils.h"
  66              		.section	.debug_info,"",%progbits
  67              	.Ldebug_info0:
  68 0000 09010000 		.4byte	0x109
  69 0004 0400     		.2byte	0x4
  70 0006 00000000 		.4byte	.Ldebug_abbrev0
  71 000a 04       		.byte	0x4
  72 000b 01       		.uleb128 0x1
  73 000c 76000000 		.4byte	.LASF17
  74 0010 01       		.byte	0x1
  75 0011 64000000 		.4byte	.LASF18
  76 0015 33010000 		.4byte	.LASF19
  77 0019 00000000 		.4byte	.Ldebug_ranges0+0
  78 001d 00000000 		.4byte	0
  79 0021 00000000 		.4byte	.Ldebug_line0
  80 0025 02       		.uleb128 0x2
  81 0026 01       		.byte	0x1
  82 0027 06       		.byte	0x6
  83 0028 A8010000 		.4byte	.LASF0
  84 002c 02       		.uleb128 0x2
ARM GAS  C:\Users\Tim\AppData\Local\Temp\ccktFfxM.s 			page 3


  85 002d 01       		.byte	0x1
  86 002e 08       		.byte	0x8
  87 002f 18010000 		.4byte	.LASF1
  88 0033 02       		.uleb128 0x2
  89 0034 02       		.byte	0x2
  90 0035 05       		.byte	0x5
  91 0036 84010000 		.4byte	.LASF2
  92 003a 02       		.uleb128 0x2
  93 003b 02       		.byte	0x2
  94 003c 07       		.byte	0x7
  95 003d 95010000 		.4byte	.LASF3
  96 0041 02       		.uleb128 0x2
  97 0042 04       		.byte	0x4
  98 0043 05       		.byte	0x5
  99 0044 6D010000 		.4byte	.LASF4
 100 0048 02       		.uleb128 0x2
 101 0049 04       		.byte	0x4
 102 004a 07       		.byte	0x7
 103 004b 27000000 		.4byte	.LASF5
 104 004f 02       		.uleb128 0x2
 105 0050 08       		.byte	0x8
 106 0051 05       		.byte	0x5
 107 0052 00000000 		.4byte	.LASF6
 108 0056 02       		.uleb128 0x2
 109 0057 08       		.byte	0x8
 110 0058 07       		.byte	0x7
 111 0059 39000000 		.4byte	.LASF7
 112 005d 03       		.uleb128 0x3
 113 005e 04       		.byte	0x4
 114 005f 05       		.byte	0x5
 115 0060 696E7400 		.ascii	"int\000"
 116 0064 02       		.uleb128 0x2
 117 0065 04       		.byte	0x4
 118 0066 07       		.byte	0x7
 119 0067 1A000000 		.4byte	.LASF8
 120 006b 04       		.uleb128 0x4
 121 006c 0E000000 		.4byte	.LASF14
 122 0070 02       		.byte	0x2
 123 0071 C4       		.byte	0xc4
 124 0072 48000000 		.4byte	0x48
 125 0076 02       		.uleb128 0x2
 126 0077 04       		.byte	0x4
 127 0078 04       		.byte	0x4
 128 0079 BA010000 		.4byte	.LASF9
 129 007d 02       		.uleb128 0x2
 130 007e 08       		.byte	0x8
 131 007f 04       		.byte	0x4
 132 0080 8E010000 		.4byte	.LASF10
 133 0084 02       		.uleb128 0x2
 134 0085 01       		.byte	0x1
 135 0086 08       		.byte	0x8
 136 0087 2E010000 		.4byte	.LASF11
 137 008b 02       		.uleb128 0x2
 138 008c 04       		.byte	0x4
 139 008d 07       		.byte	0x7
 140 008e C0010000 		.4byte	.LASF12
 141 0092 05       		.uleb128 0x5
ARM GAS  C:\Users\Tim\AppData\Local\Temp\ccktFfxM.s 			page 4


 142 0093 04010000 		.4byte	.LASF20
 143 0097 08       		.byte	0x8
 144 0098 03       		.byte	0x3
 145 0099 17       		.byte	0x17
 146 009a B5000000 		.4byte	0xb5
 147 009e 06       		.uleb128 0x6
 148 009f 6E00     		.ascii	"n\000"
 149 00a1 03       		.byte	0x3
 150 00a2 19       		.byte	0x19
 151 00a3 6B000000 		.4byte	0x6b
 152 00a7 00       		.byte	0
 153 00a8 07       		.uleb128 0x7
 154 00a9 15000000 		.4byte	.LASF13
 155 00ad 03       		.byte	0x3
 156 00ae 1A       		.byte	0x1a
 157 00af 6B000000 		.4byte	0x6b
 158 00b3 04       		.byte	0x4
 159 00b4 00       		.byte	0
 160 00b5 04       		.uleb128 0x4
 161 00b6 50000000 		.4byte	.LASF15
 162 00ba 03       		.byte	0x3
 163 00bb 1B       		.byte	0x1b
 164 00bc 92000000 		.4byte	0x92
 165 00c0 08       		.uleb128 0x8
 166 00c1 76010000 		.4byte	.LASF21
 167 00c5 01       		.byte	0x1
 168 00c6 0F       		.byte	0xf
 169 00c7 6B000000 		.4byte	0x6b
 170 00cb 00000000 		.4byte	.LFB34
 171 00cf 1E000000 		.4byte	.LFE34-.LFB34
 172 00d3 01       		.uleb128 0x1
 173 00d4 9C       		.byte	0x9c
 174 00d5 06010000 		.4byte	0x106
 175 00d9 09       		.uleb128 0x9
 176 00da 6D6100   		.ascii	"ma\000"
 177 00dd 01       		.byte	0x1
 178 00de 0F       		.byte	0xf
 179 00df 06010000 		.4byte	0x106
 180 00e3 00000000 		.4byte	.LLST0
 181 00e7 0A       		.uleb128 0xa
 182 00e8 B4010000 		.4byte	.LASF16
 183 00ec 01       		.byte	0x1
 184 00ed 0F       		.byte	0xf
 185 00ee 6B000000 		.4byte	0x6b
 186 00f2 2C000000 		.4byte	.LLST1
 187 00f6 0B       		.uleb128 0xb
 188 00f7 26010000 		.4byte	.LASF22
 189 00fb 01       		.byte	0x1
 190 00fc 18       		.byte	0x18
 191 00fd 6B000000 		.4byte	0x6b
 192 0101 4D000000 		.4byte	.LLST2
 193 0105 00       		.byte	0
 194 0106 0C       		.uleb128 0xc
 195 0107 04       		.byte	0x4
 196 0108 B5000000 		.4byte	0xb5
 197 010c 00       		.byte	0
 198              		.section	.debug_abbrev,"",%progbits
ARM GAS  C:\Users\Tim\AppData\Local\Temp\ccktFfxM.s 			page 5


 199              	.Ldebug_abbrev0:
 200 0000 01       		.uleb128 0x1
 201 0001 11       		.uleb128 0x11
 202 0002 01       		.byte	0x1
 203 0003 25       		.uleb128 0x25
 204 0004 0E       		.uleb128 0xe
 205 0005 13       		.uleb128 0x13
 206 0006 0B       		.uleb128 0xb
 207 0007 03       		.uleb128 0x3
 208 0008 0E       		.uleb128 0xe
 209 0009 1B       		.uleb128 0x1b
 210 000a 0E       		.uleb128 0xe
 211 000b 55       		.uleb128 0x55
 212 000c 17       		.uleb128 0x17
 213 000d 11       		.uleb128 0x11
 214 000e 01       		.uleb128 0x1
 215 000f 10       		.uleb128 0x10
 216 0010 17       		.uleb128 0x17
 217 0011 00       		.byte	0
 218 0012 00       		.byte	0
 219 0013 02       		.uleb128 0x2
 220 0014 24       		.uleb128 0x24
 221 0015 00       		.byte	0
 222 0016 0B       		.uleb128 0xb
 223 0017 0B       		.uleb128 0xb
 224 0018 3E       		.uleb128 0x3e
 225 0019 0B       		.uleb128 0xb
 226 001a 03       		.uleb128 0x3
 227 001b 0E       		.uleb128 0xe
 228 001c 00       		.byte	0
 229 001d 00       		.byte	0
 230 001e 03       		.uleb128 0x3
 231 001f 24       		.uleb128 0x24
 232 0020 00       		.byte	0
 233 0021 0B       		.uleb128 0xb
 234 0022 0B       		.uleb128 0xb
 235 0023 3E       		.uleb128 0x3e
 236 0024 0B       		.uleb128 0xb
 237 0025 03       		.uleb128 0x3
 238 0026 08       		.uleb128 0x8
 239 0027 00       		.byte	0
 240 0028 00       		.byte	0
 241 0029 04       		.uleb128 0x4
 242 002a 16       		.uleb128 0x16
 243 002b 00       		.byte	0
 244 002c 03       		.uleb128 0x3
 245 002d 0E       		.uleb128 0xe
 246 002e 3A       		.uleb128 0x3a
 247 002f 0B       		.uleb128 0xb
 248 0030 3B       		.uleb128 0x3b
 249 0031 0B       		.uleb128 0xb
 250 0032 49       		.uleb128 0x49
 251 0033 13       		.uleb128 0x13
 252 0034 00       		.byte	0
 253 0035 00       		.byte	0
 254 0036 05       		.uleb128 0x5
 255 0037 13       		.uleb128 0x13
ARM GAS  C:\Users\Tim\AppData\Local\Temp\ccktFfxM.s 			page 6


 256 0038 01       		.byte	0x1
 257 0039 03       		.uleb128 0x3
 258 003a 0E       		.uleb128 0xe
 259 003b 0B       		.uleb128 0xb
 260 003c 0B       		.uleb128 0xb
 261 003d 3A       		.uleb128 0x3a
 262 003e 0B       		.uleb128 0xb
 263 003f 3B       		.uleb128 0x3b
 264 0040 0B       		.uleb128 0xb
 265 0041 01       		.uleb128 0x1
 266 0042 13       		.uleb128 0x13
 267 0043 00       		.byte	0
 268 0044 00       		.byte	0
 269 0045 06       		.uleb128 0x6
 270 0046 0D       		.uleb128 0xd
 271 0047 00       		.byte	0
 272 0048 03       		.uleb128 0x3
 273 0049 08       		.uleb128 0x8
 274 004a 3A       		.uleb128 0x3a
 275 004b 0B       		.uleb128 0xb
 276 004c 3B       		.uleb128 0x3b
 277 004d 0B       		.uleb128 0xb
 278 004e 49       		.uleb128 0x49
 279 004f 13       		.uleb128 0x13
 280 0050 38       		.uleb128 0x38
 281 0051 0B       		.uleb128 0xb
 282 0052 00       		.byte	0
 283 0053 00       		.byte	0
 284 0054 07       		.uleb128 0x7
 285 0055 0D       		.uleb128 0xd
 286 0056 00       		.byte	0
 287 0057 03       		.uleb128 0x3
 288 0058 0E       		.uleb128 0xe
 289 0059 3A       		.uleb128 0x3a
 290 005a 0B       		.uleb128 0xb
 291 005b 3B       		.uleb128 0x3b
 292 005c 0B       		.uleb128 0xb
 293 005d 49       		.uleb128 0x49
 294 005e 13       		.uleb128 0x13
 295 005f 38       		.uleb128 0x38
 296 0060 0B       		.uleb128 0xb
 297 0061 00       		.byte	0
 298 0062 00       		.byte	0
 299 0063 08       		.uleb128 0x8
 300 0064 2E       		.uleb128 0x2e
 301 0065 01       		.byte	0x1
 302 0066 3F       		.uleb128 0x3f
 303 0067 19       		.uleb128 0x19
 304 0068 03       		.uleb128 0x3
 305 0069 0E       		.uleb128 0xe
 306 006a 3A       		.uleb128 0x3a
 307 006b 0B       		.uleb128 0xb
 308 006c 3B       		.uleb128 0x3b
 309 006d 0B       		.uleb128 0xb
 310 006e 27       		.uleb128 0x27
 311 006f 19       		.uleb128 0x19
 312 0070 49       		.uleb128 0x49
ARM GAS  C:\Users\Tim\AppData\Local\Temp\ccktFfxM.s 			page 7


 313 0071 13       		.uleb128 0x13
 314 0072 11       		.uleb128 0x11
 315 0073 01       		.uleb128 0x1
 316 0074 12       		.uleb128 0x12
 317 0075 06       		.uleb128 0x6
 318 0076 40       		.uleb128 0x40
 319 0077 18       		.uleb128 0x18
 320 0078 9642     		.uleb128 0x2116
 321 007a 19       		.uleb128 0x19
 322 007b 01       		.uleb128 0x1
 323 007c 13       		.uleb128 0x13
 324 007d 00       		.byte	0
 325 007e 00       		.byte	0
 326 007f 09       		.uleb128 0x9
 327 0080 05       		.uleb128 0x5
 328 0081 00       		.byte	0
 329 0082 03       		.uleb128 0x3
 330 0083 08       		.uleb128 0x8
 331 0084 3A       		.uleb128 0x3a
 332 0085 0B       		.uleb128 0xb
 333 0086 3B       		.uleb128 0x3b
 334 0087 0B       		.uleb128 0xb
 335 0088 49       		.uleb128 0x49
 336 0089 13       		.uleb128 0x13
 337 008a 02       		.uleb128 0x2
 338 008b 17       		.uleb128 0x17
 339 008c 00       		.byte	0
 340 008d 00       		.byte	0
 341 008e 0A       		.uleb128 0xa
 342 008f 05       		.uleb128 0x5
 343 0090 00       		.byte	0
 344 0091 03       		.uleb128 0x3
 345 0092 0E       		.uleb128 0xe
 346 0093 3A       		.uleb128 0x3a
 347 0094 0B       		.uleb128 0xb
 348 0095 3B       		.uleb128 0x3b
 349 0096 0B       		.uleb128 0xb
 350 0097 49       		.uleb128 0x49
 351 0098 13       		.uleb128 0x13
 352 0099 02       		.uleb128 0x2
 353 009a 17       		.uleb128 0x17
 354 009b 00       		.byte	0
 355 009c 00       		.byte	0
 356 009d 0B       		.uleb128 0xb
 357 009e 34       		.uleb128 0x34
 358 009f 00       		.byte	0
 359 00a0 03       		.uleb128 0x3
 360 00a1 0E       		.uleb128 0xe
 361 00a2 3A       		.uleb128 0x3a
 362 00a3 0B       		.uleb128 0xb
 363 00a4 3B       		.uleb128 0x3b
 364 00a5 0B       		.uleb128 0xb
 365 00a6 49       		.uleb128 0x49
 366 00a7 13       		.uleb128 0x13
 367 00a8 02       		.uleb128 0x2
 368 00a9 17       		.uleb128 0x17
 369 00aa 00       		.byte	0
ARM GAS  C:\Users\Tim\AppData\Local\Temp\ccktFfxM.s 			page 8


 370 00ab 00       		.byte	0
 371 00ac 0C       		.uleb128 0xc
 372 00ad 0F       		.uleb128 0xf
 373 00ae 00       		.byte	0
 374 00af 0B       		.uleb128 0xb
 375 00b0 0B       		.uleb128 0xb
 376 00b1 49       		.uleb128 0x49
 377 00b2 13       		.uleb128 0x13
 378 00b3 00       		.byte	0
 379 00b4 00       		.byte	0
 380 00b5 00       		.byte	0
 381              		.section	.debug_loc,"",%progbits
 382              	.Ldebug_loc0:
 383              	.LLST0:
 384 0000 00000000 		.4byte	.LVL0
 385 0004 0C000000 		.4byte	.LVL1
 386 0008 0100     		.2byte	0x1
 387 000a 50       		.byte	0x50
 388 000b 0C000000 		.4byte	.LVL1
 389 000f 1C000000 		.4byte	.LVL6
 390 0013 0100     		.2byte	0x1
 391 0015 55       		.byte	0x55
 392 0016 1C000000 		.4byte	.LVL6
 393 001a 1E000000 		.4byte	.LFE34
 394 001e 0400     		.2byte	0x4
 395 0020 F3       		.byte	0xf3
 396 0021 01       		.uleb128 0x1
 397 0022 50       		.byte	0x50
 398 0023 9F       		.byte	0x9f
 399 0024 00000000 		.4byte	0
 400 0028 00000000 		.4byte	0
 401              	.LLST1:
 402 002c 00000000 		.4byte	.LVL0
 403 0030 0E000000 		.4byte	.LVL2
 404 0034 0100     		.2byte	0x1
 405 0036 51       		.byte	0x51
 406 0037 0E000000 		.4byte	.LVL2
 407 003b 1E000000 		.4byte	.LFE34
 408 003f 0400     		.2byte	0x4
 409 0041 F3       		.byte	0xf3
 410 0042 01       		.uleb128 0x1
 411 0043 51       		.byte	0x51
 412 0044 9F       		.byte	0x9f
 413 0045 00000000 		.4byte	0
 414 0049 00000000 		.4byte	0
 415              	.LLST2:
 416 004d 14000000 		.4byte	.LVL4
 417 0051 1B000000 		.4byte	.LVL5-1
 418 0055 0100     		.2byte	0x1
 419 0057 50       		.byte	0x50
 420 0058 00000000 		.4byte	0
 421 005c 00000000 		.4byte	0
 422              		.section	.debug_aranges,"",%progbits
 423 0000 1C000000 		.4byte	0x1c
 424 0004 0200     		.2byte	0x2
 425 0006 00000000 		.4byte	.Ldebug_info0
 426 000a 04       		.byte	0x4
ARM GAS  C:\Users\Tim\AppData\Local\Temp\ccktFfxM.s 			page 9


 427 000b 00       		.byte	0
 428 000c 0000     		.2byte	0
 429 000e 0000     		.2byte	0
 430 0010 00000000 		.4byte	.LFB34
 431 0014 1E000000 		.4byte	.LFE34-.LFB34
 432 0018 00000000 		.4byte	0
 433 001c 00000000 		.4byte	0
 434              		.section	.debug_ranges,"",%progbits
 435              	.Ldebug_ranges0:
 436 0000 00000000 		.4byte	.LFB34
 437 0004 1E000000 		.4byte	.LFE34
 438 0008 00000000 		.4byte	0
 439 000c 00000000 		.4byte	0
 440              		.section	.debug_line,"",%progbits
 441              	.Ldebug_line0:
 442 0000 70000000 		.section	.debug_str,"MS",%progbits,1
 442      02005700 
 442      00000201 
 442      FB0E0D00 
 442      01010101 
 443              	.LASF6:
 444 0000 6C6F6E67 		.ascii	"long long int\000"
 444      206C6F6E 
 444      6720696E 
 444      7400
 445              	.LASF14:
 446 000e 75696E74 		.ascii	"uint32\000"
 446      333200
 447              	.LASF13:
 448 0015 6C617374 		.ascii	"last\000"
 448      00
 449              	.LASF8:
 450 001a 756E7369 		.ascii	"unsigned int\000"
 450      676E6564 
 450      20696E74 
 450      00
 451              	.LASF5:
 452 0027 6C6F6E67 		.ascii	"long unsigned int\000"
 452      20756E73 
 452      69676E65 
 452      6420696E 
 452      7400
 453              	.LASF7:
 454 0039 6C6F6E67 		.ascii	"long long unsigned int\000"
 454      206C6F6E 
 454      6720756E 
 454      7369676E 
 454      65642069 
 455              	.LASF15:
 456 0050 4D4F5649 		.ascii	"MOVING_AVERAGE_TYPE\000"
 456      4E475F41 
 456      56455241 
 456      47455F54 
 456      59504500 
 457              	.LASF18:
 458 0064 2E2E5C73 		.ascii	"..\\source\\utils.c\000"
 458      6F757263 
ARM GAS  C:\Users\Tim\AppData\Local\Temp\ccktFfxM.s 			page 10


 458      655C7574 
 458      696C732E 
 458      6300
 459              	.LASF17:
 460 0076 474E5520 		.ascii	"GNU C 4.9.3 20150303 (release) [ARM/embedded-4_9-br"
 460      4320342E 
 460      392E3320 
 460      32303135 
 460      30333033 
 461 00a9 616E6368 		.ascii	"anch revision 221220] -mcpu=cortex-m0 -mthumb -g -O"
 461      20726576 
 461      6973696F 
 461      6E203232 
 461      31323230 
 462 00dc 67202D66 		.ascii	"g -ffunction-sections -ffat-lto-objects\000"
 462      66756E63 
 462      74696F6E 
 462      2D736563 
 462      74696F6E 
 463              	.LASF20:
 464 0104 5F6D6F76 		.ascii	"_moving_average_tag\000"
 464      696E675F 
 464      61766572 
 464      6167655F 
 464      74616700 
 465              	.LASF1:
 466 0118 756E7369 		.ascii	"unsigned char\000"
 466      676E6564 
 466      20636861 
 466      7200
 467              	.LASF22:
 468 0126 6D615F63 		.ascii	"ma_curr\000"
 468      75727200 
 469              	.LASF11:
 470 012e 63686172 		.ascii	"char\000"
 470      00
 471              	.LASF19:
 472 0133 443A5C70 		.ascii	"D:\\projects\\ArloBot\\ArlobotHw\\Arlobot\\Board-Ki"
 472      726F6A65 
 472      6374735C 
 472      41726C6F 
 472      426F745C 
 473 0161 7450726F 		.ascii	"tProg.cydsn\000"
 473      672E6379 
 473      64736E00 
 474              	.LASF4:
 475 016d 6C6F6E67 		.ascii	"long int\000"
 475      20696E74 
 475      00
 476              	.LASF21:
 477 0176 4D6F7669 		.ascii	"MovingAverage\000"
 477      6E674176 
 477      65726167 
 477      6500
 478              	.LASF2:
 479 0184 73686F72 		.ascii	"short int\000"
 479      7420696E 
ARM GAS  C:\Users\Tim\AppData\Local\Temp\ccktFfxM.s 			page 11


 479      7400
 480              	.LASF10:
 481 018e 646F7562 		.ascii	"double\000"
 481      6C6500
 482              	.LASF3:
 483 0195 73686F72 		.ascii	"short unsigned int\000"
 483      7420756E 
 483      7369676E 
 483      65642069 
 483      6E7400
 484              	.LASF0:
 485 01a8 7369676E 		.ascii	"signed char\000"
 485      65642063 
 485      68617200 
 486              	.LASF16:
 487 01b4 76616C75 		.ascii	"value\000"
 487      6500
 488              	.LASF9:
 489 01ba 666C6F61 		.ascii	"float\000"
 489      7400
 490              	.LASF12:
 491 01c0 73697A65 		.ascii	"sizetype\000"
 491      74797065 
 491      00
 492              		.ident	"GCC: (GNU Tools for ARM Embedded Processors) 4.9.3 20150303 (release) [ARM/embedded-4_9-br
