ARM GAS  C:\Users\Tim\AppData\Local\Temp\cce3xyeJ.s 			page 1


   1              		.cpu cortex-m0
   2              		.fpu softvfp
   3              		.eabi_attribute 20, 1
   4              		.eabi_attribute 21, 1
   5              		.eabi_attribute 23, 3
   6              		.eabi_attribute 24, 1
   7              		.eabi_attribute 25, 1
   8              		.eabi_attribute 26, 1
   9              		.eabi_attribute 30, 1
  10              		.eabi_attribute 34, 0
  11              		.eabi_attribute 18, 4
  12              		.code	16
  13              		.file	"Encoder_Pins.c"
  14              		.text
  15              	.Ltext0:
  16              		.cfi_sections	.debug_frame
  17              		.section	.text.Encoder_Pins_Write,"ax",%progbits
  18              		.align	2
  19              		.global	Encoder_Pins_Write
  20              		.code	16
  21              		.thumb_func
  22              		.type	Encoder_Pins_Write, %function
  23              	Encoder_Pins_Write:
  24              	.LFB0:
  25              		.file 1 ".\\Generated_Source\\PSoC4\\Encoder_Pins.c"
   1:.\Generated_Source\PSoC4/Encoder_Pins.c **** /*******************************************************************************
   2:.\Generated_Source\PSoC4/Encoder_Pins.c **** * File Name: Encoder_Pins.c  
   3:.\Generated_Source\PSoC4/Encoder_Pins.c **** * Version 2.10
   4:.\Generated_Source\PSoC4/Encoder_Pins.c **** *
   5:.\Generated_Source\PSoC4/Encoder_Pins.c **** * Description:
   6:.\Generated_Source\PSoC4/Encoder_Pins.c **** *  This file contains API to enable firmware control of a Pins component.
   7:.\Generated_Source\PSoC4/Encoder_Pins.c **** *
   8:.\Generated_Source\PSoC4/Encoder_Pins.c **** * Note:
   9:.\Generated_Source\PSoC4/Encoder_Pins.c **** *
  10:.\Generated_Source\PSoC4/Encoder_Pins.c **** ********************************************************************************
  11:.\Generated_Source\PSoC4/Encoder_Pins.c **** * Copyright 2008-2014, Cypress Semiconductor Corporation.  All rights reserved.
  12:.\Generated_Source\PSoC4/Encoder_Pins.c **** * You may use this file only in accordance with the license, terms, conditions, 
  13:.\Generated_Source\PSoC4/Encoder_Pins.c **** * disclaimers, and limitations in the end user license agreement accompanying 
  14:.\Generated_Source\PSoC4/Encoder_Pins.c **** * the software package with which this file was provided.
  15:.\Generated_Source\PSoC4/Encoder_Pins.c **** *******************************************************************************/
  16:.\Generated_Source\PSoC4/Encoder_Pins.c **** 
  17:.\Generated_Source\PSoC4/Encoder_Pins.c **** #include "cytypes.h"
  18:.\Generated_Source\PSoC4/Encoder_Pins.c **** #include "Encoder_Pins.h"
  19:.\Generated_Source\PSoC4/Encoder_Pins.c **** 
  20:.\Generated_Source\PSoC4/Encoder_Pins.c **** #define SetP4PinDriveMode(shift, mode)  \
  21:.\Generated_Source\PSoC4/Encoder_Pins.c ****     do { \
  22:.\Generated_Source\PSoC4/Encoder_Pins.c ****         Encoder_Pins_PC =   (Encoder_Pins_PC & \
  23:.\Generated_Source\PSoC4/Encoder_Pins.c ****                                 (uint32)(~(uint32)(Encoder_Pins_DRIVE_MODE_IND_MASK << (Encoder_Pin
  24:.\Generated_Source\PSoC4/Encoder_Pins.c ****                                 (uint32)((uint32)(mode) << (Encoder_Pins_DRIVE_MODE_BITS * (shift))
  25:.\Generated_Source\PSoC4/Encoder_Pins.c ****     } while (0)
  26:.\Generated_Source\PSoC4/Encoder_Pins.c **** 
  27:.\Generated_Source\PSoC4/Encoder_Pins.c **** 
  28:.\Generated_Source\PSoC4/Encoder_Pins.c **** /*******************************************************************************
  29:.\Generated_Source\PSoC4/Encoder_Pins.c **** * Function Name: Encoder_Pins_Write
  30:.\Generated_Source\PSoC4/Encoder_Pins.c **** ********************************************************************************
  31:.\Generated_Source\PSoC4/Encoder_Pins.c **** *
  32:.\Generated_Source\PSoC4/Encoder_Pins.c **** * Summary:
ARM GAS  C:\Users\Tim\AppData\Local\Temp\cce3xyeJ.s 			page 2


  33:.\Generated_Source\PSoC4/Encoder_Pins.c **** *  Assign a new value to the digital port's data output register.  
  34:.\Generated_Source\PSoC4/Encoder_Pins.c **** *
  35:.\Generated_Source\PSoC4/Encoder_Pins.c **** * Parameters:  
  36:.\Generated_Source\PSoC4/Encoder_Pins.c **** *  prtValue:  The value to be assigned to the Digital Port. 
  37:.\Generated_Source\PSoC4/Encoder_Pins.c **** *
  38:.\Generated_Source\PSoC4/Encoder_Pins.c **** * Return: 
  39:.\Generated_Source\PSoC4/Encoder_Pins.c **** *  None 
  40:.\Generated_Source\PSoC4/Encoder_Pins.c **** *  
  41:.\Generated_Source\PSoC4/Encoder_Pins.c **** *******************************************************************************/
  42:.\Generated_Source\PSoC4/Encoder_Pins.c **** void Encoder_Pins_Write(uint8 value) 
  43:.\Generated_Source\PSoC4/Encoder_Pins.c **** {
  26              		.loc 1 43 0
  27              		.cfi_startproc
  28              	.LVL0:
  44:.\Generated_Source\PSoC4/Encoder_Pins.c ****     uint8 drVal = (uint8)(Encoder_Pins_DR & (uint8)(~Encoder_Pins_MASK));
  29              		.loc 1 44 0
  30 0000 0449     		ldr	r1, .L2
  31 0002 0A68     		ldr	r2, [r1]
  32 0004 CF23     		mov	r3, #207
  33 0006 1A40     		and	r2, r3
  34              	.LVL1:
  45:.\Generated_Source\PSoC4/Encoder_Pins.c ****     drVal = (drVal | ((uint8)(value << Encoder_Pins_SHIFT) & Encoder_Pins_MASK));
  35              		.loc 1 45 0
  36 0008 0001     		lsl	r0, r0, #4
  37              	.LVL2:
  38 000a 9F3B     		sub	r3, r3, #159
  39 000c 1840     		and	r0, r3
  40 000e 1043     		orr	r0, r2
  41              	.LVL3:
  46:.\Generated_Source\PSoC4/Encoder_Pins.c ****     Encoder_Pins_DR = (uint32)drVal;
  42              		.loc 1 46 0
  43 0010 0860     		str	r0, [r1]
  47:.\Generated_Source\PSoC4/Encoder_Pins.c **** }
  44              		.loc 1 47 0
  45              		@ sp needed
  46 0012 7047     		bx	lr
  47              	.L3:
  48              		.align	2
  49              	.L2:
  50 0014 00020440 		.word	1074004480
  51              		.cfi_endproc
  52              	.LFE0:
  53              		.size	Encoder_Pins_Write, .-Encoder_Pins_Write
  54              		.section	.text.Encoder_Pins_SetDriveMode,"ax",%progbits
  55              		.align	2
  56              		.global	Encoder_Pins_SetDriveMode
  57              		.code	16
  58              		.thumb_func
  59              		.type	Encoder_Pins_SetDriveMode, %function
  60              	Encoder_Pins_SetDriveMode:
  61              	.LFB1:
  48:.\Generated_Source\PSoC4/Encoder_Pins.c **** 
  49:.\Generated_Source\PSoC4/Encoder_Pins.c **** 
  50:.\Generated_Source\PSoC4/Encoder_Pins.c **** /*******************************************************************************
  51:.\Generated_Source\PSoC4/Encoder_Pins.c **** * Function Name: Encoder_Pins_SetDriveMode
  52:.\Generated_Source\PSoC4/Encoder_Pins.c **** ********************************************************************************
  53:.\Generated_Source\PSoC4/Encoder_Pins.c **** *
ARM GAS  C:\Users\Tim\AppData\Local\Temp\cce3xyeJ.s 			page 3


  54:.\Generated_Source\PSoC4/Encoder_Pins.c **** * Summary:
  55:.\Generated_Source\PSoC4/Encoder_Pins.c **** *  Change the drive mode on the pins of the port.
  56:.\Generated_Source\PSoC4/Encoder_Pins.c **** * 
  57:.\Generated_Source\PSoC4/Encoder_Pins.c **** * Parameters:  
  58:.\Generated_Source\PSoC4/Encoder_Pins.c **** *  mode:  Change the pins to one of the following drive modes.
  59:.\Generated_Source\PSoC4/Encoder_Pins.c **** *
  60:.\Generated_Source\PSoC4/Encoder_Pins.c **** *  Encoder_Pins_DM_STRONG     Strong Drive 
  61:.\Generated_Source\PSoC4/Encoder_Pins.c **** *  Encoder_Pins_DM_OD_HI      Open Drain, Drives High 
  62:.\Generated_Source\PSoC4/Encoder_Pins.c **** *  Encoder_Pins_DM_OD_LO      Open Drain, Drives Low 
  63:.\Generated_Source\PSoC4/Encoder_Pins.c **** *  Encoder_Pins_DM_RES_UP     Resistive Pull Up 
  64:.\Generated_Source\PSoC4/Encoder_Pins.c **** *  Encoder_Pins_DM_RES_DWN    Resistive Pull Down 
  65:.\Generated_Source\PSoC4/Encoder_Pins.c **** *  Encoder_Pins_DM_RES_UPDWN  Resistive Pull Up/Down 
  66:.\Generated_Source\PSoC4/Encoder_Pins.c **** *  Encoder_Pins_DM_DIG_HIZ    High Impedance Digital 
  67:.\Generated_Source\PSoC4/Encoder_Pins.c **** *  Encoder_Pins_DM_ALG_HIZ    High Impedance Analog 
  68:.\Generated_Source\PSoC4/Encoder_Pins.c **** *
  69:.\Generated_Source\PSoC4/Encoder_Pins.c **** * Return: 
  70:.\Generated_Source\PSoC4/Encoder_Pins.c **** *  None
  71:.\Generated_Source\PSoC4/Encoder_Pins.c **** *
  72:.\Generated_Source\PSoC4/Encoder_Pins.c **** *******************************************************************************/
  73:.\Generated_Source\PSoC4/Encoder_Pins.c **** void Encoder_Pins_SetDriveMode(uint8 mode) 
  74:.\Generated_Source\PSoC4/Encoder_Pins.c **** {
  62              		.loc 1 74 0
  63              		.cfi_startproc
  64              	.LVL4:
  75:.\Generated_Source\PSoC4/Encoder_Pins.c **** 	SetP4PinDriveMode(Encoder_Pins__0__SHIFT, mode);
  65              		.loc 1 75 0
  66 0000 064B     		ldr	r3, .L5
  67 0002 1968     		ldr	r1, [r3]
  68 0004 064A     		ldr	r2, .L5+4
  69 0006 0A40     		and	r2, r1
  70 0008 0103     		lsl	r1, r0, #12
  71 000a 0A43     		orr	r2, r1
  72 000c 1A60     		str	r2, [r3]
  76:.\Generated_Source\PSoC4/Encoder_Pins.c **** 	SetP4PinDriveMode(Encoder_Pins__1__SHIFT, mode);
  73              		.loc 1 76 0
  74 000e 1968     		ldr	r1, [r3]
  75 0010 044A     		ldr	r2, .L5+8
  76 0012 0A40     		and	r2, r1
  77 0014 C003     		lsl	r0, r0, #15
  78              	.LVL5:
  79 0016 1043     		orr	r0, r2
  80 0018 1860     		str	r0, [r3]
  77:.\Generated_Source\PSoC4/Encoder_Pins.c **** }
  81              		.loc 1 77 0
  82              		@ sp needed
  83 001a 7047     		bx	lr
  84              	.L6:
  85              		.align	2
  86              	.L5:
  87 001c 08020440 		.word	1074004488
  88 0020 FF8FFFFF 		.word	-28673
  89 0024 FF7FFCFF 		.word	-229377
  90              		.cfi_endproc
  91              	.LFE1:
  92              		.size	Encoder_Pins_SetDriveMode, .-Encoder_Pins_SetDriveMode
  93              		.section	.text.Encoder_Pins_Read,"ax",%progbits
  94              		.align	2
ARM GAS  C:\Users\Tim\AppData\Local\Temp\cce3xyeJ.s 			page 4


  95              		.global	Encoder_Pins_Read
  96              		.code	16
  97              		.thumb_func
  98              		.type	Encoder_Pins_Read, %function
  99              	Encoder_Pins_Read:
 100              	.LFB2:
  78:.\Generated_Source\PSoC4/Encoder_Pins.c **** 
  79:.\Generated_Source\PSoC4/Encoder_Pins.c **** 
  80:.\Generated_Source\PSoC4/Encoder_Pins.c **** /*******************************************************************************
  81:.\Generated_Source\PSoC4/Encoder_Pins.c **** * Function Name: Encoder_Pins_Read
  82:.\Generated_Source\PSoC4/Encoder_Pins.c **** ********************************************************************************
  83:.\Generated_Source\PSoC4/Encoder_Pins.c **** *
  84:.\Generated_Source\PSoC4/Encoder_Pins.c **** * Summary:
  85:.\Generated_Source\PSoC4/Encoder_Pins.c **** *  Read the current value on the pins of the Digital Port in right justified 
  86:.\Generated_Source\PSoC4/Encoder_Pins.c **** *  form.
  87:.\Generated_Source\PSoC4/Encoder_Pins.c **** *
  88:.\Generated_Source\PSoC4/Encoder_Pins.c **** * Parameters:  
  89:.\Generated_Source\PSoC4/Encoder_Pins.c **** *  None 
  90:.\Generated_Source\PSoC4/Encoder_Pins.c **** *
  91:.\Generated_Source\PSoC4/Encoder_Pins.c **** * Return: 
  92:.\Generated_Source\PSoC4/Encoder_Pins.c **** *  Returns the current value of the Digital Port as a right justified number
  93:.\Generated_Source\PSoC4/Encoder_Pins.c **** *  
  94:.\Generated_Source\PSoC4/Encoder_Pins.c **** * Note:
  95:.\Generated_Source\PSoC4/Encoder_Pins.c **** *  Macro Encoder_Pins_ReadPS calls this function. 
  96:.\Generated_Source\PSoC4/Encoder_Pins.c **** *  
  97:.\Generated_Source\PSoC4/Encoder_Pins.c **** *******************************************************************************/
  98:.\Generated_Source\PSoC4/Encoder_Pins.c **** uint8 Encoder_Pins_Read(void) 
  99:.\Generated_Source\PSoC4/Encoder_Pins.c **** {
 101              		.loc 1 99 0
 102              		.cfi_startproc
 100:.\Generated_Source\PSoC4/Encoder_Pins.c ****     return (uint8)((Encoder_Pins_PS & Encoder_Pins_MASK) >> Encoder_Pins_SHIFT);
 103              		.loc 1 100 0
 104 0000 024B     		ldr	r3, .L8
 105 0002 1868     		ldr	r0, [r3]
 106 0004 8006     		lsl	r0, r0, #26
 107 0006 800F     		lsr	r0, r0, #30
 101:.\Generated_Source\PSoC4/Encoder_Pins.c **** }
 108              		.loc 1 101 0
 109              		@ sp needed
 110 0008 7047     		bx	lr
 111              	.L9:
 112 000a C046     		.align	2
 113              	.L8:
 114 000c 04020440 		.word	1074004484
 115              		.cfi_endproc
 116              	.LFE2:
 117              		.size	Encoder_Pins_Read, .-Encoder_Pins_Read
 118              		.section	.text.Encoder_Pins_ReadDataReg,"ax",%progbits
 119              		.align	2
 120              		.global	Encoder_Pins_ReadDataReg
 121              		.code	16
 122              		.thumb_func
 123              		.type	Encoder_Pins_ReadDataReg, %function
 124              	Encoder_Pins_ReadDataReg:
 125              	.LFB3:
 102:.\Generated_Source\PSoC4/Encoder_Pins.c **** 
 103:.\Generated_Source\PSoC4/Encoder_Pins.c **** 
ARM GAS  C:\Users\Tim\AppData\Local\Temp\cce3xyeJ.s 			page 5


 104:.\Generated_Source\PSoC4/Encoder_Pins.c **** /*******************************************************************************
 105:.\Generated_Source\PSoC4/Encoder_Pins.c **** * Function Name: Encoder_Pins_ReadDataReg
 106:.\Generated_Source\PSoC4/Encoder_Pins.c **** ********************************************************************************
 107:.\Generated_Source\PSoC4/Encoder_Pins.c **** *
 108:.\Generated_Source\PSoC4/Encoder_Pins.c **** * Summary:
 109:.\Generated_Source\PSoC4/Encoder_Pins.c **** *  Read the current value assigned to a Digital Port's data output register
 110:.\Generated_Source\PSoC4/Encoder_Pins.c **** *
 111:.\Generated_Source\PSoC4/Encoder_Pins.c **** * Parameters:  
 112:.\Generated_Source\PSoC4/Encoder_Pins.c **** *  None 
 113:.\Generated_Source\PSoC4/Encoder_Pins.c **** *
 114:.\Generated_Source\PSoC4/Encoder_Pins.c **** * Return: 
 115:.\Generated_Source\PSoC4/Encoder_Pins.c **** *  Returns the current value assigned to the Digital Port's data output register
 116:.\Generated_Source\PSoC4/Encoder_Pins.c **** *  
 117:.\Generated_Source\PSoC4/Encoder_Pins.c **** *******************************************************************************/
 118:.\Generated_Source\PSoC4/Encoder_Pins.c **** uint8 Encoder_Pins_ReadDataReg(void) 
 119:.\Generated_Source\PSoC4/Encoder_Pins.c **** {
 126              		.loc 1 119 0
 127              		.cfi_startproc
 120:.\Generated_Source\PSoC4/Encoder_Pins.c ****     return (uint8)((Encoder_Pins_DR & Encoder_Pins_MASK) >> Encoder_Pins_SHIFT);
 128              		.loc 1 120 0
 129 0000 024B     		ldr	r3, .L11
 130 0002 1868     		ldr	r0, [r3]
 131 0004 8006     		lsl	r0, r0, #26
 132 0006 800F     		lsr	r0, r0, #30
 121:.\Generated_Source\PSoC4/Encoder_Pins.c **** }
 133              		.loc 1 121 0
 134              		@ sp needed
 135 0008 7047     		bx	lr
 136              	.L12:
 137 000a C046     		.align	2
 138              	.L11:
 139 000c 00020440 		.word	1074004480
 140              		.cfi_endproc
 141              	.LFE3:
 142              		.size	Encoder_Pins_ReadDataReg, .-Encoder_Pins_ReadDataReg
 143              		.section	.text.Encoder_Pins_ClearInterrupt,"ax",%progbits
 144              		.align	2
 145              		.global	Encoder_Pins_ClearInterrupt
 146              		.code	16
 147              		.thumb_func
 148              		.type	Encoder_Pins_ClearInterrupt, %function
 149              	Encoder_Pins_ClearInterrupt:
 150              	.LFB4:
 122:.\Generated_Source\PSoC4/Encoder_Pins.c **** 
 123:.\Generated_Source\PSoC4/Encoder_Pins.c **** 
 124:.\Generated_Source\PSoC4/Encoder_Pins.c **** /* If Interrupts Are Enabled for this Pins component */ 
 125:.\Generated_Source\PSoC4/Encoder_Pins.c **** #if defined(Encoder_Pins_INTSTAT) 
 126:.\Generated_Source\PSoC4/Encoder_Pins.c **** 
 127:.\Generated_Source\PSoC4/Encoder_Pins.c ****     /*******************************************************************************
 128:.\Generated_Source\PSoC4/Encoder_Pins.c ****     * Function Name: Encoder_Pins_ClearInterrupt
 129:.\Generated_Source\PSoC4/Encoder_Pins.c ****     ********************************************************************************
 130:.\Generated_Source\PSoC4/Encoder_Pins.c ****     *
 131:.\Generated_Source\PSoC4/Encoder_Pins.c ****     * Summary:
 132:.\Generated_Source\PSoC4/Encoder_Pins.c ****     *  Clears any active interrupts attached to port and returns the value of the 
 133:.\Generated_Source\PSoC4/Encoder_Pins.c ****     *  interrupt status register.
 134:.\Generated_Source\PSoC4/Encoder_Pins.c ****     *
 135:.\Generated_Source\PSoC4/Encoder_Pins.c ****     * Parameters:  
ARM GAS  C:\Users\Tim\AppData\Local\Temp\cce3xyeJ.s 			page 6


 136:.\Generated_Source\PSoC4/Encoder_Pins.c ****     *  None 
 137:.\Generated_Source\PSoC4/Encoder_Pins.c ****     *
 138:.\Generated_Source\PSoC4/Encoder_Pins.c ****     * Return: 
 139:.\Generated_Source\PSoC4/Encoder_Pins.c ****     *  Returns the value of the interrupt status register
 140:.\Generated_Source\PSoC4/Encoder_Pins.c ****     *  
 141:.\Generated_Source\PSoC4/Encoder_Pins.c ****     *******************************************************************************/
 142:.\Generated_Source\PSoC4/Encoder_Pins.c ****     uint8 Encoder_Pins_ClearInterrupt(void) 
 143:.\Generated_Source\PSoC4/Encoder_Pins.c ****     {
 151              		.loc 1 143 0
 152              		.cfi_startproc
 144:.\Generated_Source\PSoC4/Encoder_Pins.c **** 		uint8 maskedStatus = (uint8)(Encoder_Pins_INTSTAT & Encoder_Pins_MASK);
 153              		.loc 1 144 0
 154 0000 034A     		ldr	r2, .L14
 155 0002 1068     		ldr	r0, [r2]
 156 0004 3023     		mov	r3, #48
 157 0006 1840     		and	r0, r3
 158              	.LVL6:
 145:.\Generated_Source\PSoC4/Encoder_Pins.c **** 		Encoder_Pins_INTSTAT = maskedStatus;
 159              		.loc 1 145 0
 160 0008 1060     		str	r0, [r2]
 146:.\Generated_Source\PSoC4/Encoder_Pins.c ****         return maskedStatus >> Encoder_Pins_SHIFT;
 161              		.loc 1 146 0
 162 000a 0009     		lsr	r0, r0, #4
 163              	.LVL7:
 147:.\Generated_Source\PSoC4/Encoder_Pins.c ****     }
 164              		.loc 1 147 0
 165              		@ sp needed
 166 000c 7047     		bx	lr
 167              	.L15:
 168 000e C046     		.align	2
 169              	.L14:
 170 0010 10020440 		.word	1074004496
 171              		.cfi_endproc
 172              	.LFE4:
 173              		.size	Encoder_Pins_ClearInterrupt, .-Encoder_Pins_ClearInterrupt
 174              		.text
 175              	.Letext0:
 176              		.file 2 ".\\Generated_Source\\PSoC4\\cytypes.h"
 177              		.section	.debug_info,"",%progbits
 178              	.Ldebug_info0:
 179 0000 4C010000 		.4byte	0x14c
 180 0004 0400     		.2byte	0x4
 181 0006 00000000 		.4byte	.Ldebug_abbrev0
 182 000a 04       		.byte	0x4
 183 000b 01       		.uleb128 0x1
 184 000c 35010000 		.4byte	.LASF24
 185 0010 01       		.byte	0x1
 186 0011 CD010000 		.4byte	.LASF25
 187 0015 FE000000 		.4byte	.LASF26
 188 0019 00000000 		.4byte	.Ldebug_ranges0+0
 189 001d 00000000 		.4byte	0
 190 0021 00000000 		.4byte	.Ldebug_line0
 191 0025 02       		.uleb128 0x2
 192 0026 01       		.byte	0x1
 193 0027 06       		.byte	0x6
 194 0028 09020000 		.4byte	.LASF0
 195 002c 02       		.uleb128 0x2
ARM GAS  C:\Users\Tim\AppData\Local\Temp\cce3xyeJ.s 			page 7


 196 002d 01       		.byte	0x1
 197 002e 08       		.byte	0x8
 198 002f 3E000000 		.4byte	.LASF1
 199 0033 02       		.uleb128 0x2
 200 0034 02       		.byte	0x2
 201 0035 05       		.byte	0x5
 202 0036 C3010000 		.4byte	.LASF2
 203 003a 02       		.uleb128 0x2
 204 003b 02       		.byte	0x2
 205 003c 07       		.byte	0x7
 206 003d 64000000 		.4byte	.LASF3
 207 0041 02       		.uleb128 0x2
 208 0042 04       		.byte	0x4
 209 0043 05       		.byte	0x5
 210 0044 FB010000 		.4byte	.LASF4
 211 0048 02       		.uleb128 0x2
 212 0049 04       		.byte	0x4
 213 004a 07       		.byte	0x7
 214 004b 52000000 		.4byte	.LASF5
 215 004f 02       		.uleb128 0x2
 216 0050 08       		.byte	0x8
 217 0051 05       		.byte	0x5
 218 0052 CA000000 		.4byte	.LASF6
 219 0056 02       		.uleb128 0x2
 220 0057 08       		.byte	0x8
 221 0058 07       		.byte	0x7
 222 0059 AE000000 		.4byte	.LASF7
 223 005d 03       		.uleb128 0x3
 224 005e 04       		.byte	0x4
 225 005f 05       		.byte	0x5
 226 0060 696E7400 		.ascii	"int\000"
 227 0064 02       		.uleb128 0x2
 228 0065 04       		.byte	0x4
 229 0066 07       		.byte	0x7
 230 0067 A1000000 		.4byte	.LASF8
 231 006b 04       		.uleb128 0x4
 232 006c F5010000 		.4byte	.LASF9
 233 0070 02       		.byte	0x2
 234 0071 C2       		.byte	0xc2
 235 0072 2C000000 		.4byte	0x2c
 236 0076 04       		.uleb128 0x4
 237 0077 9A000000 		.4byte	.LASF10
 238 007b 02       		.byte	0x2
 239 007c C4       		.byte	0xc4
 240 007d 48000000 		.4byte	0x48
 241 0081 02       		.uleb128 0x2
 242 0082 04       		.byte	0x4
 243 0083 04       		.byte	0x4
 244 0084 1E000000 		.4byte	.LASF11
 245 0088 02       		.uleb128 0x2
 246 0089 08       		.byte	0x8
 247 008a 04       		.byte	0x4
 248 008b 93000000 		.4byte	.LASF12
 249 008f 02       		.uleb128 0x2
 250 0090 01       		.byte	0x1
 251 0091 08       		.byte	0x8
 252 0092 04020000 		.4byte	.LASF13
ARM GAS  C:\Users\Tim\AppData\Local\Temp\cce3xyeJ.s 			page 8


 253 0096 05       		.uleb128 0x5
 254 0097 00000000 		.4byte	.LASF14
 255 009b 02       		.byte	0x2
 256 009c 6E01     		.2byte	0x16e
 257 009e A2000000 		.4byte	0xa2
 258 00a2 06       		.uleb128 0x6
 259 00a3 76000000 		.4byte	0x76
 260 00a7 07       		.uleb128 0x7
 261 00a8 15020000 		.4byte	.LASF15
 262 00ac 01       		.byte	0x1
 263 00ad 2A       		.byte	0x2a
 264 00ae 00000000 		.4byte	.LFB0
 265 00b2 18000000 		.4byte	.LFE0-.LFB0
 266 00b6 01       		.uleb128 0x1
 267 00b7 9C       		.byte	0x9c
 268 00b8 DB000000 		.4byte	0xdb
 269 00bc 08       		.uleb128 0x8
 270 00bd 06000000 		.4byte	.LASF17
 271 00c1 01       		.byte	0x1
 272 00c2 2A       		.byte	0x2a
 273 00c3 6B000000 		.4byte	0x6b
 274 00c7 00000000 		.4byte	.LLST0
 275 00cb 09       		.uleb128 0x9
 276 00cc 4C000000 		.4byte	.LASF22
 277 00d0 01       		.byte	0x1
 278 00d1 2C       		.byte	0x2c
 279 00d2 6B000000 		.4byte	0x6b
 280 00d6 21000000 		.4byte	.LLST1
 281 00da 00       		.byte	0
 282 00db 07       		.uleb128 0x7
 283 00dc 24000000 		.4byte	.LASF16
 284 00e0 01       		.byte	0x1
 285 00e1 49       		.byte	0x49
 286 00e2 00000000 		.4byte	.LFB1
 287 00e6 28000000 		.4byte	.LFE1-.LFB1
 288 00ea 01       		.uleb128 0x1
 289 00eb 9C       		.byte	0x9c
 290 00ec 00010000 		.4byte	0x100
 291 00f0 08       		.uleb128 0x8
 292 00f1 C5000000 		.4byte	.LASF18
 293 00f5 01       		.byte	0x1
 294 00f6 49       		.byte	0x49
 295 00f7 6B000000 		.4byte	0x6b
 296 00fb 3F000000 		.4byte	.LLST2
 297 00ff 00       		.byte	0
 298 0100 0A       		.uleb128 0xa
 299 0101 0C000000 		.4byte	.LASF19
 300 0105 01       		.byte	0x1
 301 0106 62       		.byte	0x62
 302 0107 6B000000 		.4byte	0x6b
 303 010b 00000000 		.4byte	.LFB2
 304 010f 10000000 		.4byte	.LFE2-.LFB2
 305 0113 01       		.uleb128 0x1
 306 0114 9C       		.byte	0x9c
 307 0115 0A       		.uleb128 0xa
 308 0116 D8000000 		.4byte	.LASF20
 309 011a 01       		.byte	0x1
ARM GAS  C:\Users\Tim\AppData\Local\Temp\cce3xyeJ.s 			page 9


 310 011b 76       		.byte	0x76
 311 011c 6B000000 		.4byte	0x6b
 312 0120 00000000 		.4byte	.LFB3
 313 0124 10000000 		.4byte	.LFE3-.LFB3
 314 0128 01       		.uleb128 0x1
 315 0129 9C       		.byte	0x9c
 316 012a 0B       		.uleb128 0xb
 317 012b 77000000 		.4byte	.LASF21
 318 012f 01       		.byte	0x1
 319 0130 8E       		.byte	0x8e
 320 0131 6B000000 		.4byte	0x6b
 321 0135 00000000 		.4byte	.LFB4
 322 0139 14000000 		.4byte	.LFE4-.LFB4
 323 013d 01       		.uleb128 0x1
 324 013e 9C       		.byte	0x9c
 325 013f 09       		.uleb128 0x9
 326 0140 F1000000 		.4byte	.LASF23
 327 0144 01       		.byte	0x1
 328 0145 90       		.byte	0x90
 329 0146 6B000000 		.4byte	0x6b
 330 014a 60000000 		.4byte	.LLST3
 331 014e 00       		.byte	0
 332 014f 00       		.byte	0
 333              		.section	.debug_abbrev,"",%progbits
 334              	.Ldebug_abbrev0:
 335 0000 01       		.uleb128 0x1
 336 0001 11       		.uleb128 0x11
 337 0002 01       		.byte	0x1
 338 0003 25       		.uleb128 0x25
 339 0004 0E       		.uleb128 0xe
 340 0005 13       		.uleb128 0x13
 341 0006 0B       		.uleb128 0xb
 342 0007 03       		.uleb128 0x3
 343 0008 0E       		.uleb128 0xe
 344 0009 1B       		.uleb128 0x1b
 345 000a 0E       		.uleb128 0xe
 346 000b 55       		.uleb128 0x55
 347 000c 17       		.uleb128 0x17
 348 000d 11       		.uleb128 0x11
 349 000e 01       		.uleb128 0x1
 350 000f 10       		.uleb128 0x10
 351 0010 17       		.uleb128 0x17
 352 0011 00       		.byte	0
 353 0012 00       		.byte	0
 354 0013 02       		.uleb128 0x2
 355 0014 24       		.uleb128 0x24
 356 0015 00       		.byte	0
 357 0016 0B       		.uleb128 0xb
 358 0017 0B       		.uleb128 0xb
 359 0018 3E       		.uleb128 0x3e
 360 0019 0B       		.uleb128 0xb
 361 001a 03       		.uleb128 0x3
 362 001b 0E       		.uleb128 0xe
 363 001c 00       		.byte	0
 364 001d 00       		.byte	0
 365 001e 03       		.uleb128 0x3
 366 001f 24       		.uleb128 0x24
ARM GAS  C:\Users\Tim\AppData\Local\Temp\cce3xyeJ.s 			page 10


 367 0020 00       		.byte	0
 368 0021 0B       		.uleb128 0xb
 369 0022 0B       		.uleb128 0xb
 370 0023 3E       		.uleb128 0x3e
 371 0024 0B       		.uleb128 0xb
 372 0025 03       		.uleb128 0x3
 373 0026 08       		.uleb128 0x8
 374 0027 00       		.byte	0
 375 0028 00       		.byte	0
 376 0029 04       		.uleb128 0x4
 377 002a 16       		.uleb128 0x16
 378 002b 00       		.byte	0
 379 002c 03       		.uleb128 0x3
 380 002d 0E       		.uleb128 0xe
 381 002e 3A       		.uleb128 0x3a
 382 002f 0B       		.uleb128 0xb
 383 0030 3B       		.uleb128 0x3b
 384 0031 0B       		.uleb128 0xb
 385 0032 49       		.uleb128 0x49
 386 0033 13       		.uleb128 0x13
 387 0034 00       		.byte	0
 388 0035 00       		.byte	0
 389 0036 05       		.uleb128 0x5
 390 0037 16       		.uleb128 0x16
 391 0038 00       		.byte	0
 392 0039 03       		.uleb128 0x3
 393 003a 0E       		.uleb128 0xe
 394 003b 3A       		.uleb128 0x3a
 395 003c 0B       		.uleb128 0xb
 396 003d 3B       		.uleb128 0x3b
 397 003e 05       		.uleb128 0x5
 398 003f 49       		.uleb128 0x49
 399 0040 13       		.uleb128 0x13
 400 0041 00       		.byte	0
 401 0042 00       		.byte	0
 402 0043 06       		.uleb128 0x6
 403 0044 35       		.uleb128 0x35
 404 0045 00       		.byte	0
 405 0046 49       		.uleb128 0x49
 406 0047 13       		.uleb128 0x13
 407 0048 00       		.byte	0
 408 0049 00       		.byte	0
 409 004a 07       		.uleb128 0x7
 410 004b 2E       		.uleb128 0x2e
 411 004c 01       		.byte	0x1
 412 004d 3F       		.uleb128 0x3f
 413 004e 19       		.uleb128 0x19
 414 004f 03       		.uleb128 0x3
 415 0050 0E       		.uleb128 0xe
 416 0051 3A       		.uleb128 0x3a
 417 0052 0B       		.uleb128 0xb
 418 0053 3B       		.uleb128 0x3b
 419 0054 0B       		.uleb128 0xb
 420 0055 27       		.uleb128 0x27
 421 0056 19       		.uleb128 0x19
 422 0057 11       		.uleb128 0x11
 423 0058 01       		.uleb128 0x1
ARM GAS  C:\Users\Tim\AppData\Local\Temp\cce3xyeJ.s 			page 11


 424 0059 12       		.uleb128 0x12
 425 005a 06       		.uleb128 0x6
 426 005b 40       		.uleb128 0x40
 427 005c 18       		.uleb128 0x18
 428 005d 9742     		.uleb128 0x2117
 429 005f 19       		.uleb128 0x19
 430 0060 01       		.uleb128 0x1
 431 0061 13       		.uleb128 0x13
 432 0062 00       		.byte	0
 433 0063 00       		.byte	0
 434 0064 08       		.uleb128 0x8
 435 0065 05       		.uleb128 0x5
 436 0066 00       		.byte	0
 437 0067 03       		.uleb128 0x3
 438 0068 0E       		.uleb128 0xe
 439 0069 3A       		.uleb128 0x3a
 440 006a 0B       		.uleb128 0xb
 441 006b 3B       		.uleb128 0x3b
 442 006c 0B       		.uleb128 0xb
 443 006d 49       		.uleb128 0x49
 444 006e 13       		.uleb128 0x13
 445 006f 02       		.uleb128 0x2
 446 0070 17       		.uleb128 0x17
 447 0071 00       		.byte	0
 448 0072 00       		.byte	0
 449 0073 09       		.uleb128 0x9
 450 0074 34       		.uleb128 0x34
 451 0075 00       		.byte	0
 452 0076 03       		.uleb128 0x3
 453 0077 0E       		.uleb128 0xe
 454 0078 3A       		.uleb128 0x3a
 455 0079 0B       		.uleb128 0xb
 456 007a 3B       		.uleb128 0x3b
 457 007b 0B       		.uleb128 0xb
 458 007c 49       		.uleb128 0x49
 459 007d 13       		.uleb128 0x13
 460 007e 02       		.uleb128 0x2
 461 007f 17       		.uleb128 0x17
 462 0080 00       		.byte	0
 463 0081 00       		.byte	0
 464 0082 0A       		.uleb128 0xa
 465 0083 2E       		.uleb128 0x2e
 466 0084 00       		.byte	0
 467 0085 3F       		.uleb128 0x3f
 468 0086 19       		.uleb128 0x19
 469 0087 03       		.uleb128 0x3
 470 0088 0E       		.uleb128 0xe
 471 0089 3A       		.uleb128 0x3a
 472 008a 0B       		.uleb128 0xb
 473 008b 3B       		.uleb128 0x3b
 474 008c 0B       		.uleb128 0xb
 475 008d 27       		.uleb128 0x27
 476 008e 19       		.uleb128 0x19
 477 008f 49       		.uleb128 0x49
 478 0090 13       		.uleb128 0x13
 479 0091 11       		.uleb128 0x11
 480 0092 01       		.uleb128 0x1
ARM GAS  C:\Users\Tim\AppData\Local\Temp\cce3xyeJ.s 			page 12


 481 0093 12       		.uleb128 0x12
 482 0094 06       		.uleb128 0x6
 483 0095 40       		.uleb128 0x40
 484 0096 18       		.uleb128 0x18
 485 0097 9742     		.uleb128 0x2117
 486 0099 19       		.uleb128 0x19
 487 009a 00       		.byte	0
 488 009b 00       		.byte	0
 489 009c 0B       		.uleb128 0xb
 490 009d 2E       		.uleb128 0x2e
 491 009e 01       		.byte	0x1
 492 009f 3F       		.uleb128 0x3f
 493 00a0 19       		.uleb128 0x19
 494 00a1 03       		.uleb128 0x3
 495 00a2 0E       		.uleb128 0xe
 496 00a3 3A       		.uleb128 0x3a
 497 00a4 0B       		.uleb128 0xb
 498 00a5 3B       		.uleb128 0x3b
 499 00a6 0B       		.uleb128 0xb
 500 00a7 27       		.uleb128 0x27
 501 00a8 19       		.uleb128 0x19
 502 00a9 49       		.uleb128 0x49
 503 00aa 13       		.uleb128 0x13
 504 00ab 11       		.uleb128 0x11
 505 00ac 01       		.uleb128 0x1
 506 00ad 12       		.uleb128 0x12
 507 00ae 06       		.uleb128 0x6
 508 00af 40       		.uleb128 0x40
 509 00b0 18       		.uleb128 0x18
 510 00b1 9742     		.uleb128 0x2117
 511 00b3 19       		.uleb128 0x19
 512 00b4 00       		.byte	0
 513 00b5 00       		.byte	0
 514 00b6 00       		.byte	0
 515              		.section	.debug_loc,"",%progbits
 516              	.Ldebug_loc0:
 517              	.LLST0:
 518 0000 00000000 		.4byte	.LVL0
 519 0004 0A000000 		.4byte	.LVL2
 520 0008 0100     		.2byte	0x1
 521 000a 50       		.byte	0x50
 522 000b 0A000000 		.4byte	.LVL2
 523 000f 18000000 		.4byte	.LFE0
 524 0013 0400     		.2byte	0x4
 525 0015 F3       		.byte	0xf3
 526 0016 01       		.uleb128 0x1
 527 0017 50       		.byte	0x50
 528 0018 9F       		.byte	0x9f
 529 0019 00000000 		.4byte	0
 530 001d 00000000 		.4byte	0
 531              	.LLST1:
 532 0021 08000000 		.4byte	.LVL1
 533 0025 10000000 		.4byte	.LVL3
 534 0029 0100     		.2byte	0x1
 535 002b 52       		.byte	0x52
 536 002c 10000000 		.4byte	.LVL3
 537 0030 18000000 		.4byte	.LFE0
ARM GAS  C:\Users\Tim\AppData\Local\Temp\cce3xyeJ.s 			page 13


 538 0034 0100     		.2byte	0x1
 539 0036 50       		.byte	0x50
 540 0037 00000000 		.4byte	0
 541 003b 00000000 		.4byte	0
 542              	.LLST2:
 543 003f 00000000 		.4byte	.LVL4
 544 0043 16000000 		.4byte	.LVL5
 545 0047 0100     		.2byte	0x1
 546 0049 50       		.byte	0x50
 547 004a 16000000 		.4byte	.LVL5
 548 004e 28000000 		.4byte	.LFE1
 549 0052 0400     		.2byte	0x4
 550 0054 F3       		.byte	0xf3
 551 0055 01       		.uleb128 0x1
 552 0056 50       		.byte	0x50
 553 0057 9F       		.byte	0x9f
 554 0058 00000000 		.4byte	0
 555 005c 00000000 		.4byte	0
 556              	.LLST3:
 557 0060 08000000 		.4byte	.LVL6
 558 0064 0C000000 		.4byte	.LVL7
 559 0068 0100     		.2byte	0x1
 560 006a 50       		.byte	0x50
 561 006b 0C000000 		.4byte	.LVL7
 562 006f 14000000 		.4byte	.LFE4
 563 0073 0400     		.2byte	0x4
 564 0075 72       		.byte	0x72
 565 0076 00       		.sleb128 0
 566 0077 06       		.byte	0x6
 567 0078 9F       		.byte	0x9f
 568 0079 00000000 		.4byte	0
 569 007d 00000000 		.4byte	0
 570              		.section	.debug_aranges,"",%progbits
 571 0000 3C000000 		.4byte	0x3c
 572 0004 0200     		.2byte	0x2
 573 0006 00000000 		.4byte	.Ldebug_info0
 574 000a 04       		.byte	0x4
 575 000b 00       		.byte	0
 576 000c 0000     		.2byte	0
 577 000e 0000     		.2byte	0
 578 0010 00000000 		.4byte	.LFB0
 579 0014 18000000 		.4byte	.LFE0-.LFB0
 580 0018 00000000 		.4byte	.LFB1
 581 001c 28000000 		.4byte	.LFE1-.LFB1
 582 0020 00000000 		.4byte	.LFB2
 583 0024 10000000 		.4byte	.LFE2-.LFB2
 584 0028 00000000 		.4byte	.LFB3
 585 002c 10000000 		.4byte	.LFE3-.LFB3
 586 0030 00000000 		.4byte	.LFB4
 587 0034 14000000 		.4byte	.LFE4-.LFB4
 588 0038 00000000 		.4byte	0
 589 003c 00000000 		.4byte	0
 590              		.section	.debug_ranges,"",%progbits
 591              	.Ldebug_ranges0:
 592 0000 00000000 		.4byte	.LFB0
 593 0004 18000000 		.4byte	.LFE0
 594 0008 00000000 		.4byte	.LFB1
ARM GAS  C:\Users\Tim\AppData\Local\Temp\cce3xyeJ.s 			page 14


 595 000c 28000000 		.4byte	.LFE1
 596 0010 00000000 		.4byte	.LFB2
 597 0014 10000000 		.4byte	.LFE2
 598 0018 00000000 		.4byte	.LFB3
 599 001c 10000000 		.4byte	.LFE3
 600 0020 00000000 		.4byte	.LFB4
 601 0024 14000000 		.4byte	.LFE4
 602 0028 00000000 		.4byte	0
 603 002c 00000000 		.4byte	0
 604              		.section	.debug_line,"",%progbits
 605              	.Ldebug_line0:
 606 0000 AF000000 		.section	.debug_str,"MS",%progbits,1
 606      02004B00 
 606      00000201 
 606      FB0E0D00 
 606      01010101 
 607              	.LASF14:
 608 0000 72656733 		.ascii	"reg32\000"
 608      3200
 609              	.LASF17:
 610 0006 76616C75 		.ascii	"value\000"
 610      6500
 611              	.LASF19:
 612 000c 456E636F 		.ascii	"Encoder_Pins_Read\000"
 612      6465725F 
 612      50696E73 
 612      5F526561 
 612      6400
 613              	.LASF11:
 614 001e 666C6F61 		.ascii	"float\000"
 614      7400
 615              	.LASF16:
 616 0024 456E636F 		.ascii	"Encoder_Pins_SetDriveMode\000"
 616      6465725F 
 616      50696E73 
 616      5F536574 
 616      44726976 
 617              	.LASF1:
 618 003e 756E7369 		.ascii	"unsigned char\000"
 618      676E6564 
 618      20636861 
 618      7200
 619              	.LASF22:
 620 004c 64725661 		.ascii	"drVal\000"
 620      6C00
 621              	.LASF5:
 622 0052 6C6F6E67 		.ascii	"long unsigned int\000"
 622      20756E73 
 622      69676E65 
 622      6420696E 
 622      7400
 623              	.LASF3:
 624 0064 73686F72 		.ascii	"short unsigned int\000"
 624      7420756E 
 624      7369676E 
 624      65642069 
 624      6E7400
ARM GAS  C:\Users\Tim\AppData\Local\Temp\cce3xyeJ.s 			page 15


 625              	.LASF21:
 626 0077 456E636F 		.ascii	"Encoder_Pins_ClearInterrupt\000"
 626      6465725F 
 626      50696E73 
 626      5F436C65 
 626      6172496E 
 627              	.LASF12:
 628 0093 646F7562 		.ascii	"double\000"
 628      6C6500
 629              	.LASF10:
 630 009a 75696E74 		.ascii	"uint32\000"
 630      333200
 631              	.LASF8:
 632 00a1 756E7369 		.ascii	"unsigned int\000"
 632      676E6564 
 632      20696E74 
 632      00
 633              	.LASF7:
 634 00ae 6C6F6E67 		.ascii	"long long unsigned int\000"
 634      206C6F6E 
 634      6720756E 
 634      7369676E 
 634      65642069 
 635              	.LASF18:
 636 00c5 6D6F6465 		.ascii	"mode\000"
 636      00
 637              	.LASF6:
 638 00ca 6C6F6E67 		.ascii	"long long int\000"
 638      206C6F6E 
 638      6720696E 
 638      7400
 639              	.LASF20:
 640 00d8 456E636F 		.ascii	"Encoder_Pins_ReadDataReg\000"
 640      6465725F 
 640      50696E73 
 640      5F526561 
 640      64446174 
 641              	.LASF23:
 642 00f1 6D61736B 		.ascii	"maskedStatus\000"
 642      65645374 
 642      61747573 
 642      00
 643              	.LASF26:
 644 00fe 443A5C70 		.ascii	"D:\\projects\\ArloBot\\ArlobotHw\\Arlobot\\Board2-R"
 644      726F6A65 
 644      6374735C 
 644      41726C6F 
 644      426F745C 
 645 012c 50692E63 		.ascii	"Pi.cydsn\000"
 645      7964736E 
 645      00
 646              	.LASF24:
 647 0135 474E5520 		.ascii	"GNU C 4.9.3 20150303 (release) [ARM/embedded-4_9-br"
 647      4320342E 
 647      392E3320 
 647      32303135 
 647      30333033 
ARM GAS  C:\Users\Tim\AppData\Local\Temp\cce3xyeJ.s 			page 16


 648 0168 616E6368 		.ascii	"anch revision 221220] -mcpu=cortex-m0 -mthumb -g -O"
 648      20726576 
 648      6973696F 
 648      6E203232 
 648      31323230 
 649 019b 67202D66 		.ascii	"g -ffunction-sections -ffat-lto-objects\000"
 649      66756E63 
 649      74696F6E 
 649      2D736563 
 649      74696F6E 
 650              	.LASF2:
 651 01c3 73686F72 		.ascii	"short int\000"
 651      7420696E 
 651      7400
 652              	.LASF25:
 653 01cd 2E5C4765 		.ascii	".\\Generated_Source\\PSoC4\\Encoder_Pins.c\000"
 653      6E657261 
 653      7465645F 
 653      536F7572 
 653      63655C50 
 654              	.LASF9:
 655 01f5 75696E74 		.ascii	"uint8\000"
 655      3800
 656              	.LASF4:
 657 01fb 6C6F6E67 		.ascii	"long int\000"
 657      20696E74 
 657      00
 658              	.LASF13:
 659 0204 63686172 		.ascii	"char\000"
 659      00
 660              	.LASF0:
 661 0209 7369676E 		.ascii	"signed char\000"
 661      65642063 
 661      68617200 
 662              	.LASF15:
 663 0215 456E636F 		.ascii	"Encoder_Pins_Write\000"
 663      6465725F 
 663      50696E73 
 663      5F577269 
 663      746500
 664              		.ident	"GCC: (GNU Tools for ARM Embedded Processors) 4.9.3 20150303 (release) [ARM/embedded-4_9-br
