ARM GAS  C:\Users\Tim\AppData\Local\Temp\ccHcBhxn.s 			page 1


   1              		.cpu cortex-m0
   2              		.fpu softvfp
   3              		.eabi_attribute 20, 1
   4              		.eabi_attribute 21, 1
   5              		.eabi_attribute 23, 3
   6              		.eabi_attribute 24, 1
   7              		.eabi_attribute 25, 1
   8              		.eabi_attribute 26, 1
   9              		.eabi_attribute 30, 1
  10              		.eabi_attribute 34, 0
  11              		.eabi_attribute 18, 4
  12              		.code	16
  13              		.file	"HB25_Status_Reg.c"
  14              		.text
  15              	.Ltext0:
  16              		.cfi_sections	.debug_frame
  17              		.section	.text.HB25_Status_Reg_Read,"ax",%progbits
  18              		.align	2
  19              		.global	HB25_Status_Reg_Read
  20              		.code	16
  21              		.thumb_func
  22              		.type	HB25_Status_Reg_Read, %function
  23              	HB25_Status_Reg_Read:
  24              	.LFB1:
  25              		.file 1 ".\\Generated_Source\\PSoC4\\HB25_Status_Reg.c"
   1:.\Generated_Source\PSoC4/HB25_Status_Reg.c **** /*******************************************************************************
   2:.\Generated_Source\PSoC4/HB25_Status_Reg.c **** * File Name: HB25_Status_Reg.c  
   3:.\Generated_Source\PSoC4/HB25_Status_Reg.c **** * Version 1.90
   4:.\Generated_Source\PSoC4/HB25_Status_Reg.c **** *
   5:.\Generated_Source\PSoC4/HB25_Status_Reg.c **** * Description:
   6:.\Generated_Source\PSoC4/HB25_Status_Reg.c **** *  This file contains API to enable firmware to read the value of a Status 
   7:.\Generated_Source\PSoC4/HB25_Status_Reg.c **** *  Register.
   8:.\Generated_Source\PSoC4/HB25_Status_Reg.c **** *
   9:.\Generated_Source\PSoC4/HB25_Status_Reg.c **** * Note:
  10:.\Generated_Source\PSoC4/HB25_Status_Reg.c **** *
  11:.\Generated_Source\PSoC4/HB25_Status_Reg.c **** ********************************************************************************
  12:.\Generated_Source\PSoC4/HB25_Status_Reg.c **** * Copyright 2008-2015, Cypress Semiconductor Corporation.  All rights reserved.
  13:.\Generated_Source\PSoC4/HB25_Status_Reg.c **** * You may use this file only in accordance with the license, terms, conditions, 
  14:.\Generated_Source\PSoC4/HB25_Status_Reg.c **** * disclaimers, and limitations in the end user license agreement accompanying 
  15:.\Generated_Source\PSoC4/HB25_Status_Reg.c **** * the software package with which this file was provided.
  16:.\Generated_Source\PSoC4/HB25_Status_Reg.c **** *******************************************************************************/
  17:.\Generated_Source\PSoC4/HB25_Status_Reg.c **** 
  18:.\Generated_Source\PSoC4/HB25_Status_Reg.c **** #include "HB25_Status_Reg.h"
  19:.\Generated_Source\PSoC4/HB25_Status_Reg.c **** 
  20:.\Generated_Source\PSoC4/HB25_Status_Reg.c **** #if !defined(HB25_Status_Reg_sts_sts_reg__REMOVED) /* Check for removal by optimization */
  21:.\Generated_Source\PSoC4/HB25_Status_Reg.c **** 
  22:.\Generated_Source\PSoC4/HB25_Status_Reg.c **** 
  23:.\Generated_Source\PSoC4/HB25_Status_Reg.c **** /*******************************************************************************
  24:.\Generated_Source\PSoC4/HB25_Status_Reg.c **** * Function Name: HB25_Status_Reg_Read
  25:.\Generated_Source\PSoC4/HB25_Status_Reg.c **** ********************************************************************************
  26:.\Generated_Source\PSoC4/HB25_Status_Reg.c **** *
  27:.\Generated_Source\PSoC4/HB25_Status_Reg.c **** * Summary:
  28:.\Generated_Source\PSoC4/HB25_Status_Reg.c **** *  Reads the current value assigned to the Status Register.
  29:.\Generated_Source\PSoC4/HB25_Status_Reg.c **** *
  30:.\Generated_Source\PSoC4/HB25_Status_Reg.c **** * Parameters:
  31:.\Generated_Source\PSoC4/HB25_Status_Reg.c **** *  None.
  32:.\Generated_Source\PSoC4/HB25_Status_Reg.c **** *
ARM GAS  C:\Users\Tim\AppData\Local\Temp\ccHcBhxn.s 			page 2


  33:.\Generated_Source\PSoC4/HB25_Status_Reg.c **** * Return:
  34:.\Generated_Source\PSoC4/HB25_Status_Reg.c **** *  The current value in the Status Register.
  35:.\Generated_Source\PSoC4/HB25_Status_Reg.c **** *
  36:.\Generated_Source\PSoC4/HB25_Status_Reg.c **** *******************************************************************************/
  37:.\Generated_Source\PSoC4/HB25_Status_Reg.c **** uint8 HB25_Status_Reg_Read(void) 
  38:.\Generated_Source\PSoC4/HB25_Status_Reg.c **** { 
  26              		.loc 1 38 0
  27              		.cfi_startproc
  39:.\Generated_Source\PSoC4/HB25_Status_Reg.c ****     return HB25_Status_Reg_Status;
  28              		.loc 1 39 0
  29 0000 014B     		ldr	r3, .L2
  30 0002 1878     		ldrb	r0, [r3]
  31 0004 C0B2     		uxtb	r0, r0
  40:.\Generated_Source\PSoC4/HB25_Status_Reg.c **** }
  32              		.loc 1 40 0
  33              		@ sp needed
  34 0006 7047     		bx	lr
  35              	.L3:
  36              		.align	2
  37              	.L2:
  38 0008 62000F40 		.word	1074724962
  39              		.cfi_endproc
  40              	.LFE1:
  41              		.size	HB25_Status_Reg_Read, .-HB25_Status_Reg_Read
  42              		.section	.text.HB25_Status_Reg_InterruptEnable,"ax",%progbits
  43              		.align	2
  44              		.global	HB25_Status_Reg_InterruptEnable
  45              		.code	16
  46              		.thumb_func
  47              		.type	HB25_Status_Reg_InterruptEnable, %function
  48              	HB25_Status_Reg_InterruptEnable:
  49              	.LFB2:
  41:.\Generated_Source\PSoC4/HB25_Status_Reg.c **** 
  42:.\Generated_Source\PSoC4/HB25_Status_Reg.c **** 
  43:.\Generated_Source\PSoC4/HB25_Status_Reg.c **** /*******************************************************************************
  44:.\Generated_Source\PSoC4/HB25_Status_Reg.c **** * Function Name: HB25_Status_Reg_InterruptEnable
  45:.\Generated_Source\PSoC4/HB25_Status_Reg.c **** ********************************************************************************
  46:.\Generated_Source\PSoC4/HB25_Status_Reg.c **** *
  47:.\Generated_Source\PSoC4/HB25_Status_Reg.c **** * Summary:
  48:.\Generated_Source\PSoC4/HB25_Status_Reg.c **** *  Enables the Status Register interrupt.
  49:.\Generated_Source\PSoC4/HB25_Status_Reg.c **** *
  50:.\Generated_Source\PSoC4/HB25_Status_Reg.c **** * Parameters:
  51:.\Generated_Source\PSoC4/HB25_Status_Reg.c **** *  None.
  52:.\Generated_Source\PSoC4/HB25_Status_Reg.c **** *
  53:.\Generated_Source\PSoC4/HB25_Status_Reg.c **** * Return:
  54:.\Generated_Source\PSoC4/HB25_Status_Reg.c **** *  None.
  55:.\Generated_Source\PSoC4/HB25_Status_Reg.c **** *
  56:.\Generated_Source\PSoC4/HB25_Status_Reg.c **** *******************************************************************************/
  57:.\Generated_Source\PSoC4/HB25_Status_Reg.c **** void HB25_Status_Reg_InterruptEnable(void) 
  58:.\Generated_Source\PSoC4/HB25_Status_Reg.c **** {
  50              		.loc 1 58 0
  51              		.cfi_startproc
  52 0000 08B5     		push	{r3, lr}
  53              		.cfi_def_cfa_offset 8
  54              		.cfi_offset 3, -8
  55              		.cfi_offset 14, -4
  59:.\Generated_Source\PSoC4/HB25_Status_Reg.c ****     uint8 interruptState;
ARM GAS  C:\Users\Tim\AppData\Local\Temp\ccHcBhxn.s 			page 3


  60:.\Generated_Source\PSoC4/HB25_Status_Reg.c ****     interruptState = CyEnterCriticalSection();
  56              		.loc 1 60 0
  57 0002 FFF7FEFF 		bl	CyEnterCriticalSection
  58              	.LVL0:
  61:.\Generated_Source\PSoC4/HB25_Status_Reg.c ****     HB25_Status_Reg_Status_Aux_Ctrl |= HB25_Status_Reg_STATUS_INTR_ENBL;
  59              		.loc 1 61 0
  60 0006 044A     		ldr	r2, .L5
  61 0008 1178     		ldrb	r1, [r2]
  62 000a 1023     		mov	r3, #16
  63 000c 0B43     		orr	r3, r1
  64 000e 1370     		strb	r3, [r2]
  62:.\Generated_Source\PSoC4/HB25_Status_Reg.c ****     CyExitCriticalSection(interruptState);
  65              		.loc 1 62 0
  66 0010 FFF7FEFF 		bl	CyExitCriticalSection
  67              	.LVL1:
  63:.\Generated_Source\PSoC4/HB25_Status_Reg.c **** }
  68              		.loc 1 63 0
  69              		@ sp needed
  70 0014 08BD     		pop	{r3, pc}
  71              	.L6:
  72 0016 C046     		.align	2
  73              	.L5:
  74 0018 92000F40 		.word	1074725010
  75              		.cfi_endproc
  76              	.LFE2:
  77              		.size	HB25_Status_Reg_InterruptEnable, .-HB25_Status_Reg_InterruptEnable
  78              		.section	.text.HB25_Status_Reg_InterruptDisable,"ax",%progbits
  79              		.align	2
  80              		.global	HB25_Status_Reg_InterruptDisable
  81              		.code	16
  82              		.thumb_func
  83              		.type	HB25_Status_Reg_InterruptDisable, %function
  84              	HB25_Status_Reg_InterruptDisable:
  85              	.LFB3:
  64:.\Generated_Source\PSoC4/HB25_Status_Reg.c **** 
  65:.\Generated_Source\PSoC4/HB25_Status_Reg.c **** 
  66:.\Generated_Source\PSoC4/HB25_Status_Reg.c **** /*******************************************************************************
  67:.\Generated_Source\PSoC4/HB25_Status_Reg.c **** * Function Name: HB25_Status_Reg_InterruptDisable
  68:.\Generated_Source\PSoC4/HB25_Status_Reg.c **** ********************************************************************************
  69:.\Generated_Source\PSoC4/HB25_Status_Reg.c **** *
  70:.\Generated_Source\PSoC4/HB25_Status_Reg.c **** * Summary:
  71:.\Generated_Source\PSoC4/HB25_Status_Reg.c **** *  Disables the Status Register interrupt.
  72:.\Generated_Source\PSoC4/HB25_Status_Reg.c **** *
  73:.\Generated_Source\PSoC4/HB25_Status_Reg.c **** * Parameters:
  74:.\Generated_Source\PSoC4/HB25_Status_Reg.c **** *  None.
  75:.\Generated_Source\PSoC4/HB25_Status_Reg.c **** *
  76:.\Generated_Source\PSoC4/HB25_Status_Reg.c **** * Return:
  77:.\Generated_Source\PSoC4/HB25_Status_Reg.c **** *  None.
  78:.\Generated_Source\PSoC4/HB25_Status_Reg.c **** *
  79:.\Generated_Source\PSoC4/HB25_Status_Reg.c **** *******************************************************************************/
  80:.\Generated_Source\PSoC4/HB25_Status_Reg.c **** void HB25_Status_Reg_InterruptDisable(void) 
  81:.\Generated_Source\PSoC4/HB25_Status_Reg.c **** {
  86              		.loc 1 81 0
  87              		.cfi_startproc
  88 0000 08B5     		push	{r3, lr}
  89              		.cfi_def_cfa_offset 8
  90              		.cfi_offset 3, -8
ARM GAS  C:\Users\Tim\AppData\Local\Temp\ccHcBhxn.s 			page 4


  91              		.cfi_offset 14, -4
  82:.\Generated_Source\PSoC4/HB25_Status_Reg.c ****     uint8 interruptState;
  83:.\Generated_Source\PSoC4/HB25_Status_Reg.c ****     interruptState = CyEnterCriticalSection();
  92              		.loc 1 83 0
  93 0002 FFF7FEFF 		bl	CyEnterCriticalSection
  94              	.LVL2:
  84:.\Generated_Source\PSoC4/HB25_Status_Reg.c ****     HB25_Status_Reg_Status_Aux_Ctrl &= (uint8)(~HB25_Status_Reg_STATUS_INTR_ENBL);
  95              		.loc 1 84 0
  96 0006 044A     		ldr	r2, .L8
  97 0008 1378     		ldrb	r3, [r2]
  98 000a 1021     		mov	r1, #16
  99 000c 8B43     		bic	r3, r1
 100 000e 1370     		strb	r3, [r2]
  85:.\Generated_Source\PSoC4/HB25_Status_Reg.c ****     CyExitCriticalSection(interruptState);
 101              		.loc 1 85 0
 102 0010 FFF7FEFF 		bl	CyExitCriticalSection
 103              	.LVL3:
  86:.\Generated_Source\PSoC4/HB25_Status_Reg.c **** }
 104              		.loc 1 86 0
 105              		@ sp needed
 106 0014 08BD     		pop	{r3, pc}
 107              	.L9:
 108 0016 C046     		.align	2
 109              	.L8:
 110 0018 92000F40 		.word	1074725010
 111              		.cfi_endproc
 112              	.LFE3:
 113              		.size	HB25_Status_Reg_InterruptDisable, .-HB25_Status_Reg_InterruptDisable
 114              		.section	.text.HB25_Status_Reg_WriteMask,"ax",%progbits
 115              		.align	2
 116              		.global	HB25_Status_Reg_WriteMask
 117              		.code	16
 118              		.thumb_func
 119              		.type	HB25_Status_Reg_WriteMask, %function
 120              	HB25_Status_Reg_WriteMask:
 121              	.LFB4:
  87:.\Generated_Source\PSoC4/HB25_Status_Reg.c **** 
  88:.\Generated_Source\PSoC4/HB25_Status_Reg.c **** 
  89:.\Generated_Source\PSoC4/HB25_Status_Reg.c **** /*******************************************************************************
  90:.\Generated_Source\PSoC4/HB25_Status_Reg.c **** * Function Name: HB25_Status_Reg_WriteMask
  91:.\Generated_Source\PSoC4/HB25_Status_Reg.c **** ********************************************************************************
  92:.\Generated_Source\PSoC4/HB25_Status_Reg.c **** *
  93:.\Generated_Source\PSoC4/HB25_Status_Reg.c **** * Summary:
  94:.\Generated_Source\PSoC4/HB25_Status_Reg.c **** *  Writes the current mask value assigned to the Status Register.
  95:.\Generated_Source\PSoC4/HB25_Status_Reg.c **** *
  96:.\Generated_Source\PSoC4/HB25_Status_Reg.c **** * Parameters:
  97:.\Generated_Source\PSoC4/HB25_Status_Reg.c **** *  mask:  Value to write into the mask register.
  98:.\Generated_Source\PSoC4/HB25_Status_Reg.c **** *
  99:.\Generated_Source\PSoC4/HB25_Status_Reg.c **** * Return:
 100:.\Generated_Source\PSoC4/HB25_Status_Reg.c **** *  None.
 101:.\Generated_Source\PSoC4/HB25_Status_Reg.c **** *
 102:.\Generated_Source\PSoC4/HB25_Status_Reg.c **** *******************************************************************************/
 103:.\Generated_Source\PSoC4/HB25_Status_Reg.c **** void HB25_Status_Reg_WriteMask(uint8 mask) 
 104:.\Generated_Source\PSoC4/HB25_Status_Reg.c **** {
 122              		.loc 1 104 0
 123              		.cfi_startproc
 124              	.LVL4:
ARM GAS  C:\Users\Tim\AppData\Local\Temp\ccHcBhxn.s 			page 5


 105:.\Generated_Source\PSoC4/HB25_Status_Reg.c ****     #if(HB25_Status_Reg_INPUTS < 8u)
 106:.\Generated_Source\PSoC4/HB25_Status_Reg.c ****     	mask &= ((uint8)(1u << HB25_Status_Reg_INPUTS) - 1u);
 125              		.loc 1 106 0
 126 0000 0123     		mov	r3, #1
 127 0002 1840     		and	r0, r3
 128              	.LVL5:
 107:.\Generated_Source\PSoC4/HB25_Status_Reg.c **** 	#endif /* End HB25_Status_Reg_INPUTS < 8u */
 108:.\Generated_Source\PSoC4/HB25_Status_Reg.c ****     HB25_Status_Reg_Status_Mask = mask;
 129              		.loc 1 108 0
 130 0004 014B     		ldr	r3, .L11
 131 0006 1870     		strb	r0, [r3]
 109:.\Generated_Source\PSoC4/HB25_Status_Reg.c **** }
 132              		.loc 1 109 0
 133              		@ sp needed
 134 0008 7047     		bx	lr
 135              	.L12:
 136 000a C046     		.align	2
 137              	.L11:
 138 000c 82000F40 		.word	1074724994
 139              		.cfi_endproc
 140              	.LFE4:
 141              		.size	HB25_Status_Reg_WriteMask, .-HB25_Status_Reg_WriteMask
 142              		.section	.text.HB25_Status_Reg_ReadMask,"ax",%progbits
 143              		.align	2
 144              		.global	HB25_Status_Reg_ReadMask
 145              		.code	16
 146              		.thumb_func
 147              		.type	HB25_Status_Reg_ReadMask, %function
 148              	HB25_Status_Reg_ReadMask:
 149              	.LFB5:
 110:.\Generated_Source\PSoC4/HB25_Status_Reg.c **** 
 111:.\Generated_Source\PSoC4/HB25_Status_Reg.c **** 
 112:.\Generated_Source\PSoC4/HB25_Status_Reg.c **** /*******************************************************************************
 113:.\Generated_Source\PSoC4/HB25_Status_Reg.c **** * Function Name: HB25_Status_Reg_ReadMask
 114:.\Generated_Source\PSoC4/HB25_Status_Reg.c **** ********************************************************************************
 115:.\Generated_Source\PSoC4/HB25_Status_Reg.c **** *
 116:.\Generated_Source\PSoC4/HB25_Status_Reg.c **** * Summary:
 117:.\Generated_Source\PSoC4/HB25_Status_Reg.c **** *  Reads the current interrupt mask assigned to the Status Register.
 118:.\Generated_Source\PSoC4/HB25_Status_Reg.c **** *
 119:.\Generated_Source\PSoC4/HB25_Status_Reg.c **** * Parameters:
 120:.\Generated_Source\PSoC4/HB25_Status_Reg.c **** *  None.
 121:.\Generated_Source\PSoC4/HB25_Status_Reg.c **** *
 122:.\Generated_Source\PSoC4/HB25_Status_Reg.c **** * Return:
 123:.\Generated_Source\PSoC4/HB25_Status_Reg.c **** *  The value of the interrupt mask of the Status Register.
 124:.\Generated_Source\PSoC4/HB25_Status_Reg.c **** *
 125:.\Generated_Source\PSoC4/HB25_Status_Reg.c **** *******************************************************************************/
 126:.\Generated_Source\PSoC4/HB25_Status_Reg.c **** uint8 HB25_Status_Reg_ReadMask(void) 
 127:.\Generated_Source\PSoC4/HB25_Status_Reg.c **** {
 150              		.loc 1 127 0
 151              		.cfi_startproc
 128:.\Generated_Source\PSoC4/HB25_Status_Reg.c ****     return HB25_Status_Reg_Status_Mask;
 152              		.loc 1 128 0
 153 0000 014B     		ldr	r3, .L14
 154 0002 1878     		ldrb	r0, [r3]
 155 0004 C0B2     		uxtb	r0, r0
 129:.\Generated_Source\PSoC4/HB25_Status_Reg.c **** }
 156              		.loc 1 129 0
ARM GAS  C:\Users\Tim\AppData\Local\Temp\ccHcBhxn.s 			page 6


 157              		@ sp needed
 158 0006 7047     		bx	lr
 159              	.L15:
 160              		.align	2
 161              	.L14:
 162 0008 82000F40 		.word	1074724994
 163              		.cfi_endproc
 164              	.LFE5:
 165              		.size	HB25_Status_Reg_ReadMask, .-HB25_Status_Reg_ReadMask
 166              		.text
 167              	.Letext0:
 168              		.file 2 ".\\Generated_Source\\PSoC4\\cytypes.h"
 169              		.file 3 ".\\Generated_Source\\PSoC4\\CyLib.h"
 170              		.section	.debug_info,"",%progbits
 171              	.Ldebug_info0:
 172 0000 75010000 		.4byte	0x175
 173 0004 0400     		.2byte	0x4
 174 0006 00000000 		.4byte	.Ldebug_abbrev0
 175 000a 04       		.byte	0x4
 176 000b 01       		.uleb128 0x1
 177 000c AA000000 		.4byte	.LASF21
 178 0010 01       		.byte	0x1
 179 0011 F0010000 		.4byte	.LASF22
 180 0015 86010000 		.4byte	.LASF23
 181 0019 00000000 		.4byte	.Ldebug_ranges0+0
 182 001d 00000000 		.4byte	0
 183 0021 00000000 		.4byte	.Ldebug_line0
 184 0025 02       		.uleb128 0x2
 185 0026 01       		.byte	0x1
 186 0027 06       		.byte	0x6
 187 0028 4C020000 		.4byte	.LASF0
 188 002c 02       		.uleb128 0x2
 189 002d 01       		.byte	0x1
 190 002e 08       		.byte	0x8
 191 002f 3B000000 		.4byte	.LASF1
 192 0033 02       		.uleb128 0x2
 193 0034 02       		.byte	0x2
 194 0035 05       		.byte	0x5
 195 0036 24020000 		.4byte	.LASF2
 196 003a 02       		.uleb128 0x2
 197 003b 02       		.byte	0x2
 198 003c 07       		.byte	0x7
 199 003d 73010000 		.4byte	.LASF3
 200 0041 02       		.uleb128 0x2
 201 0042 04       		.byte	0x4
 202 0043 05       		.byte	0x5
 203 0044 63010000 		.4byte	.LASF4
 204 0048 02       		.uleb128 0x2
 205 0049 04       		.byte	0x4
 206 004a 07       		.byte	0x7
 207 004b 66000000 		.4byte	.LASF5
 208 004f 02       		.uleb128 0x2
 209 0050 08       		.byte	0x8
 210 0051 05       		.byte	0x5
 211 0052 00000000 		.4byte	.LASF6
 212 0056 02       		.uleb128 0x2
 213 0057 08       		.byte	0x8
ARM GAS  C:\Users\Tim\AppData\Local\Temp\ccHcBhxn.s 			page 7


 214 0058 07       		.byte	0x7
 215 0059 78000000 		.4byte	.LASF7
 216 005d 03       		.uleb128 0x3
 217 005e 04       		.byte	0x4
 218 005f 05       		.byte	0x5
 219 0060 696E7400 		.ascii	"int\000"
 220 0064 02       		.uleb128 0x2
 221 0065 04       		.byte	0x4
 222 0066 07       		.byte	0x7
 223 0067 2E000000 		.4byte	.LASF8
 224 006b 04       		.uleb128 0x4
 225 006c 60000000 		.4byte	.LASF12
 226 0070 02       		.byte	0x2
 227 0071 C2       		.byte	0xc2
 228 0072 2C000000 		.4byte	0x2c
 229 0076 02       		.uleb128 0x2
 230 0077 04       		.byte	0x4
 231 0078 04       		.byte	0x4
 232 0079 A4000000 		.4byte	.LASF9
 233 007d 02       		.uleb128 0x2
 234 007e 08       		.byte	0x8
 235 007f 04       		.byte	0x4
 236 0080 6C010000 		.4byte	.LASF10
 237 0084 02       		.uleb128 0x2
 238 0085 01       		.byte	0x1
 239 0086 08       		.byte	0x8
 240 0087 5E010000 		.4byte	.LASF11
 241 008b 05       		.uleb128 0x5
 242 008c 2E020000 		.4byte	.LASF13
 243 0090 02       		.byte	0x2
 244 0091 6C01     		.2byte	0x16c
 245 0093 97000000 		.4byte	0x97
 246 0097 06       		.uleb128 0x6
 247 0098 6B000000 		.4byte	0x6b
 248 009c 02       		.uleb128 0x2
 249 009d 04       		.byte	0x4
 250 009e 07       		.byte	0x7
 251 009f 1B020000 		.4byte	.LASF14
 252 00a3 07       		.uleb128 0x7
 253 00a4 8F000000 		.4byte	.LASF19
 254 00a8 01       		.byte	0x1
 255 00a9 25       		.byte	0x25
 256 00aa 6B000000 		.4byte	0x6b
 257 00ae 00000000 		.4byte	.LFB1
 258 00b2 0C000000 		.4byte	.LFE1-.LFB1
 259 00b6 01       		.uleb128 0x1
 260 00b7 9C       		.byte	0x9c
 261 00b8 08       		.uleb128 0x8
 262 00b9 0E000000 		.4byte	.LASF15
 263 00bd 01       		.byte	0x1
 264 00be 39       		.byte	0x39
 265 00bf 00000000 		.4byte	.LFB2
 266 00c3 1C000000 		.4byte	.LFE2-.LFB2
 267 00c7 01       		.uleb128 0x1
 268 00c8 9C       		.byte	0x9c
 269 00c9 EF000000 		.4byte	0xef
 270 00cd 09       		.uleb128 0x9
ARM GAS  C:\Users\Tim\AppData\Local\Temp\ccHcBhxn.s 			page 8


 271 00ce 58020000 		.4byte	.LASF17
 272 00d2 01       		.byte	0x1
 273 00d3 3B       		.byte	0x3b
 274 00d4 6B000000 		.4byte	0x6b
 275 00d8 00000000 		.4byte	.LLST0
 276 00dc 0A       		.uleb128 0xa
 277 00dd 06000000 		.4byte	.LVL0
 278 00e1 60010000 		.4byte	0x160
 279 00e5 0A       		.uleb128 0xa
 280 00e6 14000000 		.4byte	.LVL1
 281 00ea 6B010000 		.4byte	0x16b
 282 00ee 00       		.byte	0
 283 00ef 08       		.uleb128 0x8
 284 00f0 3D010000 		.4byte	.LASF16
 285 00f4 01       		.byte	0x1
 286 00f5 50       		.byte	0x50
 287 00f6 00000000 		.4byte	.LFB3
 288 00fa 1C000000 		.4byte	.LFE3-.LFB3
 289 00fe 01       		.uleb128 0x1
 290 00ff 9C       		.byte	0x9c
 291 0100 26010000 		.4byte	0x126
 292 0104 09       		.uleb128 0x9
 293 0105 58020000 		.4byte	.LASF17
 294 0109 01       		.byte	0x1
 295 010a 52       		.byte	0x52
 296 010b 6B000000 		.4byte	0x6b
 297 010f 13000000 		.4byte	.LLST1
 298 0113 0A       		.uleb128 0xa
 299 0114 06000000 		.4byte	.LVL2
 300 0118 60010000 		.4byte	0x160
 301 011c 0A       		.uleb128 0xa
 302 011d 14000000 		.4byte	.LVL3
 303 0121 6B010000 		.4byte	0x16b
 304 0125 00       		.byte	0
 305 0126 08       		.uleb128 0x8
 306 0127 C0010000 		.4byte	.LASF18
 307 012b 01       		.byte	0x1
 308 012c 67       		.byte	0x67
 309 012d 00000000 		.4byte	.LFB4
 310 0131 10000000 		.4byte	.LFE4-.LFB4
 311 0135 01       		.uleb128 0x1
 312 0136 9C       		.byte	0x9c
 313 0137 4B010000 		.4byte	0x14b
 314 013b 0B       		.uleb128 0xb
 315 013c 38010000 		.4byte	.LASF24
 316 0140 01       		.byte	0x1
 317 0141 67       		.byte	0x67
 318 0142 6B000000 		.4byte	0x6b
 319 0146 26000000 		.4byte	.LLST2
 320 014a 00       		.byte	0
 321 014b 07       		.uleb128 0x7
 322 014c 33020000 		.4byte	.LASF20
 323 0150 01       		.byte	0x1
 324 0151 7E       		.byte	0x7e
 325 0152 6B000000 		.4byte	0x6b
 326 0156 00000000 		.4byte	.LFB5
 327 015a 0C000000 		.4byte	.LFE5-.LFB5
ARM GAS  C:\Users\Tim\AppData\Local\Temp\ccHcBhxn.s 			page 9


 328 015e 01       		.uleb128 0x1
 329 015f 9C       		.byte	0x9c
 330 0160 0C       		.uleb128 0xc
 331 0161 49000000 		.4byte	.LASF25
 332 0165 03       		.byte	0x3
 333 0166 5E       		.byte	0x5e
 334 0167 6B000000 		.4byte	0x6b
 335 016b 0D       		.uleb128 0xd
 336 016c DA010000 		.4byte	.LASF26
 337 0170 03       		.byte	0x3
 338 0171 5F       		.byte	0x5f
 339 0172 0E       		.uleb128 0xe
 340 0173 6B000000 		.4byte	0x6b
 341 0177 00       		.byte	0
 342 0178 00       		.byte	0
 343              		.section	.debug_abbrev,"",%progbits
 344              	.Ldebug_abbrev0:
 345 0000 01       		.uleb128 0x1
 346 0001 11       		.uleb128 0x11
 347 0002 01       		.byte	0x1
 348 0003 25       		.uleb128 0x25
 349 0004 0E       		.uleb128 0xe
 350 0005 13       		.uleb128 0x13
 351 0006 0B       		.uleb128 0xb
 352 0007 03       		.uleb128 0x3
 353 0008 0E       		.uleb128 0xe
 354 0009 1B       		.uleb128 0x1b
 355 000a 0E       		.uleb128 0xe
 356 000b 55       		.uleb128 0x55
 357 000c 17       		.uleb128 0x17
 358 000d 11       		.uleb128 0x11
 359 000e 01       		.uleb128 0x1
 360 000f 10       		.uleb128 0x10
 361 0010 17       		.uleb128 0x17
 362 0011 00       		.byte	0
 363 0012 00       		.byte	0
 364 0013 02       		.uleb128 0x2
 365 0014 24       		.uleb128 0x24
 366 0015 00       		.byte	0
 367 0016 0B       		.uleb128 0xb
 368 0017 0B       		.uleb128 0xb
 369 0018 3E       		.uleb128 0x3e
 370 0019 0B       		.uleb128 0xb
 371 001a 03       		.uleb128 0x3
 372 001b 0E       		.uleb128 0xe
 373 001c 00       		.byte	0
 374 001d 00       		.byte	0
 375 001e 03       		.uleb128 0x3
 376 001f 24       		.uleb128 0x24
 377 0020 00       		.byte	0
 378 0021 0B       		.uleb128 0xb
 379 0022 0B       		.uleb128 0xb
 380 0023 3E       		.uleb128 0x3e
 381 0024 0B       		.uleb128 0xb
 382 0025 03       		.uleb128 0x3
 383 0026 08       		.uleb128 0x8
 384 0027 00       		.byte	0
ARM GAS  C:\Users\Tim\AppData\Local\Temp\ccHcBhxn.s 			page 10


 385 0028 00       		.byte	0
 386 0029 04       		.uleb128 0x4
 387 002a 16       		.uleb128 0x16
 388 002b 00       		.byte	0
 389 002c 03       		.uleb128 0x3
 390 002d 0E       		.uleb128 0xe
 391 002e 3A       		.uleb128 0x3a
 392 002f 0B       		.uleb128 0xb
 393 0030 3B       		.uleb128 0x3b
 394 0031 0B       		.uleb128 0xb
 395 0032 49       		.uleb128 0x49
 396 0033 13       		.uleb128 0x13
 397 0034 00       		.byte	0
 398 0035 00       		.byte	0
 399 0036 05       		.uleb128 0x5
 400 0037 16       		.uleb128 0x16
 401 0038 00       		.byte	0
 402 0039 03       		.uleb128 0x3
 403 003a 0E       		.uleb128 0xe
 404 003b 3A       		.uleb128 0x3a
 405 003c 0B       		.uleb128 0xb
 406 003d 3B       		.uleb128 0x3b
 407 003e 05       		.uleb128 0x5
 408 003f 49       		.uleb128 0x49
 409 0040 13       		.uleb128 0x13
 410 0041 00       		.byte	0
 411 0042 00       		.byte	0
 412 0043 06       		.uleb128 0x6
 413 0044 35       		.uleb128 0x35
 414 0045 00       		.byte	0
 415 0046 49       		.uleb128 0x49
 416 0047 13       		.uleb128 0x13
 417 0048 00       		.byte	0
 418 0049 00       		.byte	0
 419 004a 07       		.uleb128 0x7
 420 004b 2E       		.uleb128 0x2e
 421 004c 00       		.byte	0
 422 004d 3F       		.uleb128 0x3f
 423 004e 19       		.uleb128 0x19
 424 004f 03       		.uleb128 0x3
 425 0050 0E       		.uleb128 0xe
 426 0051 3A       		.uleb128 0x3a
 427 0052 0B       		.uleb128 0xb
 428 0053 3B       		.uleb128 0x3b
 429 0054 0B       		.uleb128 0xb
 430 0055 27       		.uleb128 0x27
 431 0056 19       		.uleb128 0x19
 432 0057 49       		.uleb128 0x49
 433 0058 13       		.uleb128 0x13
 434 0059 11       		.uleb128 0x11
 435 005a 01       		.uleb128 0x1
 436 005b 12       		.uleb128 0x12
 437 005c 06       		.uleb128 0x6
 438 005d 40       		.uleb128 0x40
 439 005e 18       		.uleb128 0x18
 440 005f 9742     		.uleb128 0x2117
 441 0061 19       		.uleb128 0x19
ARM GAS  C:\Users\Tim\AppData\Local\Temp\ccHcBhxn.s 			page 11


 442 0062 00       		.byte	0
 443 0063 00       		.byte	0
 444 0064 08       		.uleb128 0x8
 445 0065 2E       		.uleb128 0x2e
 446 0066 01       		.byte	0x1
 447 0067 3F       		.uleb128 0x3f
 448 0068 19       		.uleb128 0x19
 449 0069 03       		.uleb128 0x3
 450 006a 0E       		.uleb128 0xe
 451 006b 3A       		.uleb128 0x3a
 452 006c 0B       		.uleb128 0xb
 453 006d 3B       		.uleb128 0x3b
 454 006e 0B       		.uleb128 0xb
 455 006f 27       		.uleb128 0x27
 456 0070 19       		.uleb128 0x19
 457 0071 11       		.uleb128 0x11
 458 0072 01       		.uleb128 0x1
 459 0073 12       		.uleb128 0x12
 460 0074 06       		.uleb128 0x6
 461 0075 40       		.uleb128 0x40
 462 0076 18       		.uleb128 0x18
 463 0077 9742     		.uleb128 0x2117
 464 0079 19       		.uleb128 0x19
 465 007a 01       		.uleb128 0x1
 466 007b 13       		.uleb128 0x13
 467 007c 00       		.byte	0
 468 007d 00       		.byte	0
 469 007e 09       		.uleb128 0x9
 470 007f 34       		.uleb128 0x34
 471 0080 00       		.byte	0
 472 0081 03       		.uleb128 0x3
 473 0082 0E       		.uleb128 0xe
 474 0083 3A       		.uleb128 0x3a
 475 0084 0B       		.uleb128 0xb
 476 0085 3B       		.uleb128 0x3b
 477 0086 0B       		.uleb128 0xb
 478 0087 49       		.uleb128 0x49
 479 0088 13       		.uleb128 0x13
 480 0089 02       		.uleb128 0x2
 481 008a 17       		.uleb128 0x17
 482 008b 00       		.byte	0
 483 008c 00       		.byte	0
 484 008d 0A       		.uleb128 0xa
 485 008e 898201   		.uleb128 0x4109
 486 0091 00       		.byte	0
 487 0092 11       		.uleb128 0x11
 488 0093 01       		.uleb128 0x1
 489 0094 31       		.uleb128 0x31
 490 0095 13       		.uleb128 0x13
 491 0096 00       		.byte	0
 492 0097 00       		.byte	0
 493 0098 0B       		.uleb128 0xb
 494 0099 05       		.uleb128 0x5
 495 009a 00       		.byte	0
 496 009b 03       		.uleb128 0x3
 497 009c 0E       		.uleb128 0xe
 498 009d 3A       		.uleb128 0x3a
ARM GAS  C:\Users\Tim\AppData\Local\Temp\ccHcBhxn.s 			page 12


 499 009e 0B       		.uleb128 0xb
 500 009f 3B       		.uleb128 0x3b
 501 00a0 0B       		.uleb128 0xb
 502 00a1 49       		.uleb128 0x49
 503 00a2 13       		.uleb128 0x13
 504 00a3 02       		.uleb128 0x2
 505 00a4 17       		.uleb128 0x17
 506 00a5 00       		.byte	0
 507 00a6 00       		.byte	0
 508 00a7 0C       		.uleb128 0xc
 509 00a8 2E       		.uleb128 0x2e
 510 00a9 00       		.byte	0
 511 00aa 3F       		.uleb128 0x3f
 512 00ab 19       		.uleb128 0x19
 513 00ac 03       		.uleb128 0x3
 514 00ad 0E       		.uleb128 0xe
 515 00ae 3A       		.uleb128 0x3a
 516 00af 0B       		.uleb128 0xb
 517 00b0 3B       		.uleb128 0x3b
 518 00b1 0B       		.uleb128 0xb
 519 00b2 27       		.uleb128 0x27
 520 00b3 19       		.uleb128 0x19
 521 00b4 49       		.uleb128 0x49
 522 00b5 13       		.uleb128 0x13
 523 00b6 3C       		.uleb128 0x3c
 524 00b7 19       		.uleb128 0x19
 525 00b8 00       		.byte	0
 526 00b9 00       		.byte	0
 527 00ba 0D       		.uleb128 0xd
 528 00bb 2E       		.uleb128 0x2e
 529 00bc 01       		.byte	0x1
 530 00bd 3F       		.uleb128 0x3f
 531 00be 19       		.uleb128 0x19
 532 00bf 03       		.uleb128 0x3
 533 00c0 0E       		.uleb128 0xe
 534 00c1 3A       		.uleb128 0x3a
 535 00c2 0B       		.uleb128 0xb
 536 00c3 3B       		.uleb128 0x3b
 537 00c4 0B       		.uleb128 0xb
 538 00c5 27       		.uleb128 0x27
 539 00c6 19       		.uleb128 0x19
 540 00c7 3C       		.uleb128 0x3c
 541 00c8 19       		.uleb128 0x19
 542 00c9 00       		.byte	0
 543 00ca 00       		.byte	0
 544 00cb 0E       		.uleb128 0xe
 545 00cc 05       		.uleb128 0x5
 546 00cd 00       		.byte	0
 547 00ce 49       		.uleb128 0x49
 548 00cf 13       		.uleb128 0x13
 549 00d0 00       		.byte	0
 550 00d1 00       		.byte	0
 551 00d2 00       		.byte	0
 552              		.section	.debug_loc,"",%progbits
 553              	.Ldebug_loc0:
 554              	.LLST0:
 555 0000 06000000 		.4byte	.LVL0
ARM GAS  C:\Users\Tim\AppData\Local\Temp\ccHcBhxn.s 			page 13


 556 0004 13000000 		.4byte	.LVL1-1
 557 0008 0100     		.2byte	0x1
 558 000a 50       		.byte	0x50
 559 000b 00000000 		.4byte	0
 560 000f 00000000 		.4byte	0
 561              	.LLST1:
 562 0013 06000000 		.4byte	.LVL2
 563 0017 13000000 		.4byte	.LVL3-1
 564 001b 0100     		.2byte	0x1
 565 001d 50       		.byte	0x50
 566 001e 00000000 		.4byte	0
 567 0022 00000000 		.4byte	0
 568              	.LLST2:
 569 0026 00000000 		.4byte	.LVL4
 570 002a 04000000 		.4byte	.LVL5
 571 002e 0100     		.2byte	0x1
 572 0030 50       		.byte	0x50
 573 0031 04000000 		.4byte	.LVL5
 574 0035 10000000 		.4byte	.LFE4
 575 0039 0100     		.2byte	0x1
 576 003b 50       		.byte	0x50
 577 003c 00000000 		.4byte	0
 578 0040 00000000 		.4byte	0
 579              		.section	.debug_aranges,"",%progbits
 580 0000 3C000000 		.4byte	0x3c
 581 0004 0200     		.2byte	0x2
 582 0006 00000000 		.4byte	.Ldebug_info0
 583 000a 04       		.byte	0x4
 584 000b 00       		.byte	0
 585 000c 0000     		.2byte	0
 586 000e 0000     		.2byte	0
 587 0010 00000000 		.4byte	.LFB1
 588 0014 0C000000 		.4byte	.LFE1-.LFB1
 589 0018 00000000 		.4byte	.LFB2
 590 001c 1C000000 		.4byte	.LFE2-.LFB2
 591 0020 00000000 		.4byte	.LFB3
 592 0024 1C000000 		.4byte	.LFE3-.LFB3
 593 0028 00000000 		.4byte	.LFB4
 594 002c 10000000 		.4byte	.LFE4-.LFB4
 595 0030 00000000 		.4byte	.LFB5
 596 0034 0C000000 		.4byte	.LFE5-.LFB5
 597 0038 00000000 		.4byte	0
 598 003c 00000000 		.4byte	0
 599              		.section	.debug_ranges,"",%progbits
 600              	.Ldebug_ranges0:
 601 0000 00000000 		.4byte	.LFB1
 602 0004 0C000000 		.4byte	.LFE1
 603 0008 00000000 		.4byte	.LFB2
 604 000c 1C000000 		.4byte	.LFE2
 605 0010 00000000 		.4byte	.LFB3
 606 0014 1C000000 		.4byte	.LFE3
 607 0018 00000000 		.4byte	.LFB4
 608 001c 10000000 		.4byte	.LFE4
 609 0020 00000000 		.4byte	.LFB5
 610 0024 0C000000 		.4byte	.LFE5
 611 0028 00000000 		.4byte	0
 612 002c 00000000 		.4byte	0
ARM GAS  C:\Users\Tim\AppData\Local\Temp\ccHcBhxn.s 			page 14


 613              		.section	.debug_line,"",%progbits
 614              	.Ldebug_line0:
 615 0000 BC000000 		.section	.debug_str,"MS",%progbits,1
 615      02005900 
 615      00000201 
 615      FB0E0D00 
 615      01010101 
 616              	.LASF6:
 617 0000 6C6F6E67 		.ascii	"long long int\000"
 617      206C6F6E 
 617      6720696E 
 617      7400
 618              	.LASF15:
 619 000e 48423235 		.ascii	"HB25_Status_Reg_InterruptEnable\000"
 619      5F537461 
 619      7475735F 
 619      5265675F 
 619      496E7465 
 620              	.LASF8:
 621 002e 756E7369 		.ascii	"unsigned int\000"
 621      676E6564 
 621      20696E74 
 621      00
 622              	.LASF1:
 623 003b 756E7369 		.ascii	"unsigned char\000"
 623      676E6564 
 623      20636861 
 623      7200
 624              	.LASF25:
 625 0049 4379456E 		.ascii	"CyEnterCriticalSection\000"
 625      74657243 
 625      72697469 
 625      63616C53 
 625      65637469 
 626              	.LASF12:
 627 0060 75696E74 		.ascii	"uint8\000"
 627      3800
 628              	.LASF5:
 629 0066 6C6F6E67 		.ascii	"long unsigned int\000"
 629      20756E73 
 629      69676E65 
 629      6420696E 
 629      7400
 630              	.LASF7:
 631 0078 6C6F6E67 		.ascii	"long long unsigned int\000"
 631      206C6F6E 
 631      6720756E 
 631      7369676E 
 631      65642069 
 632              	.LASF19:
 633 008f 48423235 		.ascii	"HB25_Status_Reg_Read\000"
 633      5F537461 
 633      7475735F 
 633      5265675F 
 633      52656164 
 634              	.LASF9:
 635 00a4 666C6F61 		.ascii	"float\000"
ARM GAS  C:\Users\Tim\AppData\Local\Temp\ccHcBhxn.s 			page 15


 635      7400
 636              	.LASF21:
 637 00aa 474E5520 		.ascii	"GNU C 4.9.3 20150303 (release) [ARM/embedded-4_9-br"
 637      4320342E 
 637      392E3320 
 637      32303135 
 637      30333033 
 638 00dd 616E6368 		.ascii	"anch revision 221220] -mcpu=cortex-m0 -mthumb -g -O"
 638      20726576 
 638      6973696F 
 638      6E203232 
 638      31323230 
 639 0110 67202D66 		.ascii	"g -ffunction-sections -ffat-lto-objects\000"
 639      66756E63 
 639      74696F6E 
 639      2D736563 
 639      74696F6E 
 640              	.LASF24:
 641 0138 6D61736B 		.ascii	"mask\000"
 641      00
 642              	.LASF16:
 643 013d 48423235 		.ascii	"HB25_Status_Reg_InterruptDisable\000"
 643      5F537461 
 643      7475735F 
 643      5265675F 
 643      496E7465 
 644              	.LASF11:
 645 015e 63686172 		.ascii	"char\000"
 645      00
 646              	.LASF4:
 647 0163 6C6F6E67 		.ascii	"long int\000"
 647      20696E74 
 647      00
 648              	.LASF10:
 649 016c 646F7562 		.ascii	"double\000"
 649      6C6500
 650              	.LASF3:
 651 0173 73686F72 		.ascii	"short unsigned int\000"
 651      7420756E 
 651      7369676E 
 651      65642069 
 651      6E7400
 652              	.LASF23:
 653 0186 443A5C70 		.ascii	"D:\\projects\\ArloBot\\rpi\\ArlobotHw\\Arlobot\\Boa"
 653      726F6A65 
 653      6374735C 
 653      41726C6F 
 653      426F745C 
 654 01b3 72642D52 		.ascii	"rd-RPi.cydsn\000"
 654      50692E63 
 654      7964736E 
 654      00
 655              	.LASF18:
 656 01c0 48423235 		.ascii	"HB25_Status_Reg_WriteMask\000"
 656      5F537461 
 656      7475735F 
 656      5265675F 
ARM GAS  C:\Users\Tim\AppData\Local\Temp\ccHcBhxn.s 			page 16


 656      57726974 
 657              	.LASF26:
 658 01da 43794578 		.ascii	"CyExitCriticalSection\000"
 658      69744372 
 658      69746963 
 658      616C5365 
 658      6374696F 
 659              	.LASF22:
 660 01f0 2E5C4765 		.ascii	".\\Generated_Source\\PSoC4\\HB25_Status_Reg.c\000"
 660      6E657261 
 660      7465645F 
 660      536F7572 
 660      63655C50 
 661              	.LASF14:
 662 021b 73697A65 		.ascii	"sizetype\000"
 662      74797065 
 662      00
 663              	.LASF2:
 664 0224 73686F72 		.ascii	"short int\000"
 664      7420696E 
 664      7400
 665              	.LASF13:
 666 022e 72656738 		.ascii	"reg8\000"
 666      00
 667              	.LASF20:
 668 0233 48423235 		.ascii	"HB25_Status_Reg_ReadMask\000"
 668      5F537461 
 668      7475735F 
 668      5265675F 
 668      52656164 
 669              	.LASF0:
 670 024c 7369676E 		.ascii	"signed char\000"
 670      65642063 
 670      68617200 
 671              	.LASF17:
 672 0258 696E7465 		.ascii	"interruptState\000"
 672      72727570 
 672      74537461 
 672      746500
 673              		.ident	"GCC: (GNU Tools for ARM Embedded Processors) 4.9.3 20150303 (release) [ARM/embedded-4_9-br
