ARM GAS  C:\Users\Tim\AppData\Local\Temp\ccAMFy49.s 			page 1


   1              		.cpu cortex-m0
   2              		.fpu softvfp
   3              		.eabi_attribute 20, 1
   4              		.eabi_attribute 21, 1
   5              		.eabi_attribute 23, 3
   6              		.eabi_attribute 24, 1
   7              		.eabi_attribute 25, 1
   8              		.eabi_attribute 26, 1
   9              		.eabi_attribute 30, 1
  10              		.eabi_attribute 34, 0
  11              		.eabi_attribute 18, 4
  12              		.code	16
  13              		.file	"HCSR04_Trigger_6.c"
  14              		.text
  15              	.Ltext0:
  16              		.cfi_sections	.debug_frame
  17              		.section	.text.HCSR04_Trigger_6_SetDriveMode,"ax",%progbits
  18              		.align	2
  19              		.global	HCSR04_Trigger_6_SetDriveMode
  20              		.code	16
  21              		.thumb_func
  22              		.type	HCSR04_Trigger_6_SetDriveMode, %function
  23              	HCSR04_Trigger_6_SetDriveMode:
  24              	.LFB0:
  25              		.file 1 ".\\Generated_Source\\PSoC4\\HCSR04_Trigger_6.c"
   1:.\Generated_Source\PSoC4/HCSR04_Trigger_6.c **** /*******************************************************************************
   2:.\Generated_Source\PSoC4/HCSR04_Trigger_6.c **** * File Name: HCSR04_Trigger_6.c  
   3:.\Generated_Source\PSoC4/HCSR04_Trigger_6.c **** * Version 2.20
   4:.\Generated_Source\PSoC4/HCSR04_Trigger_6.c **** *
   5:.\Generated_Source\PSoC4/HCSR04_Trigger_6.c **** * Description:
   6:.\Generated_Source\PSoC4/HCSR04_Trigger_6.c **** *  This file contains API to enable firmware control of a Pins component.
   7:.\Generated_Source\PSoC4/HCSR04_Trigger_6.c **** *
   8:.\Generated_Source\PSoC4/HCSR04_Trigger_6.c **** ********************************************************************************
   9:.\Generated_Source\PSoC4/HCSR04_Trigger_6.c **** * Copyright 2008-2015, Cypress Semiconductor Corporation.  All rights reserved.
  10:.\Generated_Source\PSoC4/HCSR04_Trigger_6.c **** * You may use this file only in accordance with the license, terms, conditions, 
  11:.\Generated_Source\PSoC4/HCSR04_Trigger_6.c **** * disclaimers, and limitations in the end user license agreement accompanying 
  12:.\Generated_Source\PSoC4/HCSR04_Trigger_6.c **** * the software package with which this file was provided.
  13:.\Generated_Source\PSoC4/HCSR04_Trigger_6.c **** *******************************************************************************/
  14:.\Generated_Source\PSoC4/HCSR04_Trigger_6.c **** 
  15:.\Generated_Source\PSoC4/HCSR04_Trigger_6.c **** #include "cytypes.h"
  16:.\Generated_Source\PSoC4/HCSR04_Trigger_6.c **** #include "HCSR04_Trigger_6.h"
  17:.\Generated_Source\PSoC4/HCSR04_Trigger_6.c **** 
  18:.\Generated_Source\PSoC4/HCSR04_Trigger_6.c **** 
  19:.\Generated_Source\PSoC4/HCSR04_Trigger_6.c **** #if defined(HCSR04_Trigger_6__PC)
  20:.\Generated_Source\PSoC4/HCSR04_Trigger_6.c ****     #define HCSR04_Trigger_6_SetP4PinDriveMode(shift, mode)  \
  21:.\Generated_Source\PSoC4/HCSR04_Trigger_6.c ****     do { \
  22:.\Generated_Source\PSoC4/HCSR04_Trigger_6.c ****         HCSR04_Trigger_6_PC =   (HCSR04_Trigger_6_PC & \
  23:.\Generated_Source\PSoC4/HCSR04_Trigger_6.c ****                                 (uint32)(~(uint32)(HCSR04_Trigger_6_DRIVE_MODE_IND_MASK << \
  24:.\Generated_Source\PSoC4/HCSR04_Trigger_6.c ****                                 (HCSR04_Trigger_6_DRIVE_MODE_BITS * (shift))))) | \
  25:.\Generated_Source\PSoC4/HCSR04_Trigger_6.c ****                                 (uint32)((uint32)(mode) << \
  26:.\Generated_Source\PSoC4/HCSR04_Trigger_6.c ****                                 (HCSR04_Trigger_6_DRIVE_MODE_BITS * (shift))); \
  27:.\Generated_Source\PSoC4/HCSR04_Trigger_6.c ****     } while (0)
  28:.\Generated_Source\PSoC4/HCSR04_Trigger_6.c **** #else
  29:.\Generated_Source\PSoC4/HCSR04_Trigger_6.c ****     #if (CY_PSOC4_4200L)
  30:.\Generated_Source\PSoC4/HCSR04_Trigger_6.c ****         #define HCSR04_Trigger_6_SetP4PinDriveMode(shift, mode)  \
  31:.\Generated_Source\PSoC4/HCSR04_Trigger_6.c ****         do { \
  32:.\Generated_Source\PSoC4/HCSR04_Trigger_6.c ****             HCSR04_Trigger_6_USBIO_CTRL_REG = (HCSR04_Trigger_6_USBIO_CTRL_REG & \
ARM GAS  C:\Users\Tim\AppData\Local\Temp\ccAMFy49.s 			page 2


  33:.\Generated_Source\PSoC4/HCSR04_Trigger_6.c ****                                     (uint32)(~(uint32)(HCSR04_Trigger_6_DRIVE_MODE_IND_MASK << \
  34:.\Generated_Source\PSoC4/HCSR04_Trigger_6.c ****                                     (HCSR04_Trigger_6_DRIVE_MODE_BITS * (shift))))) | \
  35:.\Generated_Source\PSoC4/HCSR04_Trigger_6.c ****                                     (uint32)((uint32)(mode) << \
  36:.\Generated_Source\PSoC4/HCSR04_Trigger_6.c ****                                     (HCSR04_Trigger_6_DRIVE_MODE_BITS * (shift))); \
  37:.\Generated_Source\PSoC4/HCSR04_Trigger_6.c ****         } while (0)
  38:.\Generated_Source\PSoC4/HCSR04_Trigger_6.c ****     #endif
  39:.\Generated_Source\PSoC4/HCSR04_Trigger_6.c **** #endif
  40:.\Generated_Source\PSoC4/HCSR04_Trigger_6.c ****   
  41:.\Generated_Source\PSoC4/HCSR04_Trigger_6.c **** 
  42:.\Generated_Source\PSoC4/HCSR04_Trigger_6.c **** #if defined(HCSR04_Trigger_6__PC) || (CY_PSOC4_4200L) 
  43:.\Generated_Source\PSoC4/HCSR04_Trigger_6.c ****     /*******************************************************************************
  44:.\Generated_Source\PSoC4/HCSR04_Trigger_6.c ****     * Function Name: HCSR04_Trigger_6_SetDriveMode
  45:.\Generated_Source\PSoC4/HCSR04_Trigger_6.c ****     ****************************************************************************//**
  46:.\Generated_Source\PSoC4/HCSR04_Trigger_6.c ****     *
  47:.\Generated_Source\PSoC4/HCSR04_Trigger_6.c ****     * \brief Sets the drive mode for each of the Pins component's pins.
  48:.\Generated_Source\PSoC4/HCSR04_Trigger_6.c ****     * 
  49:.\Generated_Source\PSoC4/HCSR04_Trigger_6.c ****     * <b>Note</b> This affects all pins in the Pins component instance. Use the
  50:.\Generated_Source\PSoC4/HCSR04_Trigger_6.c ****     * Per-Pin APIs if you wish to control individual pin's drive modes.
  51:.\Generated_Source\PSoC4/HCSR04_Trigger_6.c ****     *
  52:.\Generated_Source\PSoC4/HCSR04_Trigger_6.c ****     * <b>Note</b> USBIOs have limited drive functionality. Refer to the Drive Mode
  53:.\Generated_Source\PSoC4/HCSR04_Trigger_6.c ****     * parameter for more information.
  54:.\Generated_Source\PSoC4/HCSR04_Trigger_6.c ****     *
  55:.\Generated_Source\PSoC4/HCSR04_Trigger_6.c ****     * \param mode
  56:.\Generated_Source\PSoC4/HCSR04_Trigger_6.c ****     *  Mode for the selected signals. Valid options are documented in 
  57:.\Generated_Source\PSoC4/HCSR04_Trigger_6.c ****     *  \ref driveMode.
  58:.\Generated_Source\PSoC4/HCSR04_Trigger_6.c ****     *
  59:.\Generated_Source\PSoC4/HCSR04_Trigger_6.c ****     * \return
  60:.\Generated_Source\PSoC4/HCSR04_Trigger_6.c ****     *  None
  61:.\Generated_Source\PSoC4/HCSR04_Trigger_6.c ****     *
  62:.\Generated_Source\PSoC4/HCSR04_Trigger_6.c ****     * \sideeffect
  63:.\Generated_Source\PSoC4/HCSR04_Trigger_6.c ****     *  If you use read-modify-write operations that are not atomic, the ISR can
  64:.\Generated_Source\PSoC4/HCSR04_Trigger_6.c ****     *  cause corruption of this function. An ISR that interrupts this function 
  65:.\Generated_Source\PSoC4/HCSR04_Trigger_6.c ****     *  and performs writes to the Pins component Drive Mode registers can cause 
  66:.\Generated_Source\PSoC4/HCSR04_Trigger_6.c ****     *  corrupted port data. To avoid this issue, you should either use the Per-Pin
  67:.\Generated_Source\PSoC4/HCSR04_Trigger_6.c ****     *  APIs (primary method) or disable interrupts around this function.
  68:.\Generated_Source\PSoC4/HCSR04_Trigger_6.c ****     *
  69:.\Generated_Source\PSoC4/HCSR04_Trigger_6.c ****     * \funcusage
  70:.\Generated_Source\PSoC4/HCSR04_Trigger_6.c ****     *  \snippet HCSR04_Trigger_6_SUT.c usage_HCSR04_Trigger_6_SetDriveMode
  71:.\Generated_Source\PSoC4/HCSR04_Trigger_6.c ****     *******************************************************************************/
  72:.\Generated_Source\PSoC4/HCSR04_Trigger_6.c ****     void HCSR04_Trigger_6_SetDriveMode(uint8 mode)
  73:.\Generated_Source\PSoC4/HCSR04_Trigger_6.c ****     {
  26              		.loc 1 73 0
  27              		.cfi_startproc
  28              	.LVL0:
  74:.\Generated_Source\PSoC4/HCSR04_Trigger_6.c **** 		HCSR04_Trigger_6_SetP4PinDriveMode(HCSR04_Trigger_6__0__SHIFT, mode);
  29              		.loc 1 74 0
  30 0000 034A     		ldr	r2, .L2
  31 0002 1368     		ldr	r3, [r2]
  32 0004 0721     		mov	r1, #7
  33 0006 8B43     		bic	r3, r1
  34 0008 1843     		orr	r0, r3
  35              	.LVL1:
  36 000a 1060     		str	r0, [r2]
  75:.\Generated_Source\PSoC4/HCSR04_Trigger_6.c ****     }
  37              		.loc 1 75 0
  38              		@ sp needed
  39 000c 7047     		bx	lr
ARM GAS  C:\Users\Tim\AppData\Local\Temp\ccAMFy49.s 			page 3


  40              	.L3:
  41 000e C046     		.align	2
  42              	.L2:
  43 0010 08040440 		.word	1074005000
  44              		.cfi_endproc
  45              	.LFE0:
  46              		.size	HCSR04_Trigger_6_SetDriveMode, .-HCSR04_Trigger_6_SetDriveMode
  47              		.section	.text.HCSR04_Trigger_6_Write,"ax",%progbits
  48              		.align	2
  49              		.global	HCSR04_Trigger_6_Write
  50              		.code	16
  51              		.thumb_func
  52              		.type	HCSR04_Trigger_6_Write, %function
  53              	HCSR04_Trigger_6_Write:
  54              	.LFB1:
  76:.\Generated_Source\PSoC4/HCSR04_Trigger_6.c **** #endif
  77:.\Generated_Source\PSoC4/HCSR04_Trigger_6.c **** 
  78:.\Generated_Source\PSoC4/HCSR04_Trigger_6.c **** 
  79:.\Generated_Source\PSoC4/HCSR04_Trigger_6.c **** /*******************************************************************************
  80:.\Generated_Source\PSoC4/HCSR04_Trigger_6.c **** * Function Name: HCSR04_Trigger_6_Write
  81:.\Generated_Source\PSoC4/HCSR04_Trigger_6.c **** ****************************************************************************//**
  82:.\Generated_Source\PSoC4/HCSR04_Trigger_6.c **** *
  83:.\Generated_Source\PSoC4/HCSR04_Trigger_6.c **** * \brief Writes the value to the physical port (data output register), masking
  84:.\Generated_Source\PSoC4/HCSR04_Trigger_6.c **** *  and shifting the bits appropriately. 
  85:.\Generated_Source\PSoC4/HCSR04_Trigger_6.c **** *
  86:.\Generated_Source\PSoC4/HCSR04_Trigger_6.c **** * The data output register controls the signal applied to the physical pin in 
  87:.\Generated_Source\PSoC4/HCSR04_Trigger_6.c **** * conjunction with the drive mode parameter. This function avoids changing 
  88:.\Generated_Source\PSoC4/HCSR04_Trigger_6.c **** * other bits in the port by using the appropriate method (read-modify-write or
  89:.\Generated_Source\PSoC4/HCSR04_Trigger_6.c **** * bit banding).
  90:.\Generated_Source\PSoC4/HCSR04_Trigger_6.c **** *
  91:.\Generated_Source\PSoC4/HCSR04_Trigger_6.c **** * <b>Note</b> This function should not be used on a hardware digital output pin 
  92:.\Generated_Source\PSoC4/HCSR04_Trigger_6.c **** * as it is driven by the hardware signal attached to it.
  93:.\Generated_Source\PSoC4/HCSR04_Trigger_6.c **** *
  94:.\Generated_Source\PSoC4/HCSR04_Trigger_6.c **** * \param value
  95:.\Generated_Source\PSoC4/HCSR04_Trigger_6.c **** *  Value to write to the component instance.
  96:.\Generated_Source\PSoC4/HCSR04_Trigger_6.c **** *
  97:.\Generated_Source\PSoC4/HCSR04_Trigger_6.c **** * \return 
  98:.\Generated_Source\PSoC4/HCSR04_Trigger_6.c **** *  None 
  99:.\Generated_Source\PSoC4/HCSR04_Trigger_6.c **** *
 100:.\Generated_Source\PSoC4/HCSR04_Trigger_6.c **** * \sideeffect
 101:.\Generated_Source\PSoC4/HCSR04_Trigger_6.c **** *  If you use read-modify-write operations that are not atomic; the Interrupt 
 102:.\Generated_Source\PSoC4/HCSR04_Trigger_6.c **** *  Service Routines (ISR) can cause corruption of this function. An ISR that 
 103:.\Generated_Source\PSoC4/HCSR04_Trigger_6.c **** *  interrupts this function and performs writes to the Pins component data 
 104:.\Generated_Source\PSoC4/HCSR04_Trigger_6.c **** *  register can cause corrupted port data. To avoid this issue, you should 
 105:.\Generated_Source\PSoC4/HCSR04_Trigger_6.c **** *  either use the Per-Pin APIs (primary method) or disable interrupts around 
 106:.\Generated_Source\PSoC4/HCSR04_Trigger_6.c **** *  this function.
 107:.\Generated_Source\PSoC4/HCSR04_Trigger_6.c **** *
 108:.\Generated_Source\PSoC4/HCSR04_Trigger_6.c **** * \funcusage
 109:.\Generated_Source\PSoC4/HCSR04_Trigger_6.c **** *  \snippet HCSR04_Trigger_6_SUT.c usage_HCSR04_Trigger_6_Write
 110:.\Generated_Source\PSoC4/HCSR04_Trigger_6.c **** *******************************************************************************/
 111:.\Generated_Source\PSoC4/HCSR04_Trigger_6.c **** void HCSR04_Trigger_6_Write(uint8 value)
 112:.\Generated_Source\PSoC4/HCSR04_Trigger_6.c **** {
  55              		.loc 1 112 0
  56              		.cfi_startproc
  57              	.LVL2:
  58 0000 031C     		mov	r3, r0
 113:.\Generated_Source\PSoC4/HCSR04_Trigger_6.c ****     uint8 drVal = (uint8)(HCSR04_Trigger_6_DR & (uint8)(~HCSR04_Trigger_6_MASK));
ARM GAS  C:\Users\Tim\AppData\Local\Temp\ccAMFy49.s 			page 4


  59              		.loc 1 113 0
  60 0002 0449     		ldr	r1, .L5
  61 0004 0868     		ldr	r0, [r1]
  62              	.LVL3:
  63 0006 FE22     		mov	r2, #254
  64 0008 0240     		and	r2, r0
  65              	.LVL4:
 114:.\Generated_Source\PSoC4/HCSR04_Trigger_6.c ****     drVal = (drVal | ((uint8)(value << HCSR04_Trigger_6_SHIFT) & HCSR04_Trigger_6_MASK));
  66              		.loc 1 114 0
  67 000a 0120     		mov	r0, #1
  68 000c 1840     		and	r0, r3
  69 000e 1043     		orr	r0, r2
  70              	.LVL5:
 115:.\Generated_Source\PSoC4/HCSR04_Trigger_6.c ****     HCSR04_Trigger_6_DR = (uint32)drVal;
  71              		.loc 1 115 0
  72 0010 0860     		str	r0, [r1]
 116:.\Generated_Source\PSoC4/HCSR04_Trigger_6.c **** }
  73              		.loc 1 116 0
  74              		@ sp needed
  75 0012 7047     		bx	lr
  76              	.L6:
  77              		.align	2
  78              	.L5:
  79 0014 00040440 		.word	1074004992
  80              		.cfi_endproc
  81              	.LFE1:
  82              		.size	HCSR04_Trigger_6_Write, .-HCSR04_Trigger_6_Write
  83              		.section	.text.HCSR04_Trigger_6_Read,"ax",%progbits
  84              		.align	2
  85              		.global	HCSR04_Trigger_6_Read
  86              		.code	16
  87              		.thumb_func
  88              		.type	HCSR04_Trigger_6_Read, %function
  89              	HCSR04_Trigger_6_Read:
  90              	.LFB2:
 117:.\Generated_Source\PSoC4/HCSR04_Trigger_6.c **** 
 118:.\Generated_Source\PSoC4/HCSR04_Trigger_6.c **** 
 119:.\Generated_Source\PSoC4/HCSR04_Trigger_6.c **** /*******************************************************************************
 120:.\Generated_Source\PSoC4/HCSR04_Trigger_6.c **** * Function Name: HCSR04_Trigger_6_Read
 121:.\Generated_Source\PSoC4/HCSR04_Trigger_6.c **** ****************************************************************************//**
 122:.\Generated_Source\PSoC4/HCSR04_Trigger_6.c **** *
 123:.\Generated_Source\PSoC4/HCSR04_Trigger_6.c **** * \brief Reads the associated physical port (pin status register) and masks 
 124:.\Generated_Source\PSoC4/HCSR04_Trigger_6.c **** *  the required bits according to the width and bit position of the component
 125:.\Generated_Source\PSoC4/HCSR04_Trigger_6.c **** *  instance. 
 126:.\Generated_Source\PSoC4/HCSR04_Trigger_6.c **** *
 127:.\Generated_Source\PSoC4/HCSR04_Trigger_6.c **** * The pin's status register returns the current logic level present on the 
 128:.\Generated_Source\PSoC4/HCSR04_Trigger_6.c **** * physical pin.
 129:.\Generated_Source\PSoC4/HCSR04_Trigger_6.c **** *
 130:.\Generated_Source\PSoC4/HCSR04_Trigger_6.c **** * \return 
 131:.\Generated_Source\PSoC4/HCSR04_Trigger_6.c **** *  The current value for the pins in the component as a right justified number.
 132:.\Generated_Source\PSoC4/HCSR04_Trigger_6.c **** *
 133:.\Generated_Source\PSoC4/HCSR04_Trigger_6.c **** * \funcusage
 134:.\Generated_Source\PSoC4/HCSR04_Trigger_6.c **** *  \snippet HCSR04_Trigger_6_SUT.c usage_HCSR04_Trigger_6_Read  
 135:.\Generated_Source\PSoC4/HCSR04_Trigger_6.c **** *******************************************************************************/
 136:.\Generated_Source\PSoC4/HCSR04_Trigger_6.c **** uint8 HCSR04_Trigger_6_Read(void)
 137:.\Generated_Source\PSoC4/HCSR04_Trigger_6.c **** {
  91              		.loc 1 137 0
ARM GAS  C:\Users\Tim\AppData\Local\Temp\ccAMFy49.s 			page 5


  92              		.cfi_startproc
 138:.\Generated_Source\PSoC4/HCSR04_Trigger_6.c ****     return (uint8)((HCSR04_Trigger_6_PS & HCSR04_Trigger_6_MASK) >> HCSR04_Trigger_6_SHIFT);
  93              		.loc 1 138 0
  94 0000 024B     		ldr	r3, .L8
  95 0002 1868     		ldr	r0, [r3]
  96 0004 0123     		mov	r3, #1
  97 0006 1840     		and	r0, r3
 139:.\Generated_Source\PSoC4/HCSR04_Trigger_6.c **** }
  98              		.loc 1 139 0
  99              		@ sp needed
 100 0008 7047     		bx	lr
 101              	.L9:
 102 000a C046     		.align	2
 103              	.L8:
 104 000c 04040440 		.word	1074004996
 105              		.cfi_endproc
 106              	.LFE2:
 107              		.size	HCSR04_Trigger_6_Read, .-HCSR04_Trigger_6_Read
 108              		.section	.text.HCSR04_Trigger_6_ReadDataReg,"ax",%progbits
 109              		.align	2
 110              		.global	HCSR04_Trigger_6_ReadDataReg
 111              		.code	16
 112              		.thumb_func
 113              		.type	HCSR04_Trigger_6_ReadDataReg, %function
 114              	HCSR04_Trigger_6_ReadDataReg:
 115              	.LFB3:
 140:.\Generated_Source\PSoC4/HCSR04_Trigger_6.c **** 
 141:.\Generated_Source\PSoC4/HCSR04_Trigger_6.c **** 
 142:.\Generated_Source\PSoC4/HCSR04_Trigger_6.c **** /*******************************************************************************
 143:.\Generated_Source\PSoC4/HCSR04_Trigger_6.c **** * Function Name: HCSR04_Trigger_6_ReadDataReg
 144:.\Generated_Source\PSoC4/HCSR04_Trigger_6.c **** ****************************************************************************//**
 145:.\Generated_Source\PSoC4/HCSR04_Trigger_6.c **** *
 146:.\Generated_Source\PSoC4/HCSR04_Trigger_6.c **** * \brief Reads the associated physical port's data output register and masks 
 147:.\Generated_Source\PSoC4/HCSR04_Trigger_6.c **** *  the correct bits according to the width and bit position of the component 
 148:.\Generated_Source\PSoC4/HCSR04_Trigger_6.c **** *  instance. 
 149:.\Generated_Source\PSoC4/HCSR04_Trigger_6.c **** *
 150:.\Generated_Source\PSoC4/HCSR04_Trigger_6.c **** * The data output register controls the signal applied to the physical pin in 
 151:.\Generated_Source\PSoC4/HCSR04_Trigger_6.c **** * conjunction with the drive mode parameter. This is not the same as the 
 152:.\Generated_Source\PSoC4/HCSR04_Trigger_6.c **** * preferred HCSR04_Trigger_6_Read() API because the 
 153:.\Generated_Source\PSoC4/HCSR04_Trigger_6.c **** * HCSR04_Trigger_6_ReadDataReg() reads the data register instead of the status 
 154:.\Generated_Source\PSoC4/HCSR04_Trigger_6.c **** * register. For output pins this is a useful function to determine the value 
 155:.\Generated_Source\PSoC4/HCSR04_Trigger_6.c **** * just written to the pin.
 156:.\Generated_Source\PSoC4/HCSR04_Trigger_6.c **** *
 157:.\Generated_Source\PSoC4/HCSR04_Trigger_6.c **** * \return 
 158:.\Generated_Source\PSoC4/HCSR04_Trigger_6.c **** *  The current value of the data register masked and shifted into a right 
 159:.\Generated_Source\PSoC4/HCSR04_Trigger_6.c **** *  justified number for the component instance.
 160:.\Generated_Source\PSoC4/HCSR04_Trigger_6.c **** *
 161:.\Generated_Source\PSoC4/HCSR04_Trigger_6.c **** * \funcusage
 162:.\Generated_Source\PSoC4/HCSR04_Trigger_6.c **** *  \snippet HCSR04_Trigger_6_SUT.c usage_HCSR04_Trigger_6_ReadDataReg 
 163:.\Generated_Source\PSoC4/HCSR04_Trigger_6.c **** *******************************************************************************/
 164:.\Generated_Source\PSoC4/HCSR04_Trigger_6.c **** uint8 HCSR04_Trigger_6_ReadDataReg(void)
 165:.\Generated_Source\PSoC4/HCSR04_Trigger_6.c **** {
 116              		.loc 1 165 0
 117              		.cfi_startproc
 166:.\Generated_Source\PSoC4/HCSR04_Trigger_6.c ****     return (uint8)((HCSR04_Trigger_6_DR & HCSR04_Trigger_6_MASK) >> HCSR04_Trigger_6_SHIFT);
 118              		.loc 1 166 0
 119 0000 024B     		ldr	r3, .L11
ARM GAS  C:\Users\Tim\AppData\Local\Temp\ccAMFy49.s 			page 6


 120 0002 1868     		ldr	r0, [r3]
 121 0004 0123     		mov	r3, #1
 122 0006 1840     		and	r0, r3
 167:.\Generated_Source\PSoC4/HCSR04_Trigger_6.c **** }
 123              		.loc 1 167 0
 124              		@ sp needed
 125 0008 7047     		bx	lr
 126              	.L12:
 127 000a C046     		.align	2
 128              	.L11:
 129 000c 00040440 		.word	1074004992
 130              		.cfi_endproc
 131              	.LFE3:
 132              		.size	HCSR04_Trigger_6_ReadDataReg, .-HCSR04_Trigger_6_ReadDataReg
 133              		.section	.text.HCSR04_Trigger_6_SetInterruptMode,"ax",%progbits
 134              		.align	2
 135              		.global	HCSR04_Trigger_6_SetInterruptMode
 136              		.code	16
 137              		.thumb_func
 138              		.type	HCSR04_Trigger_6_SetInterruptMode, %function
 139              	HCSR04_Trigger_6_SetInterruptMode:
 140              	.LFB4:
 168:.\Generated_Source\PSoC4/HCSR04_Trigger_6.c **** 
 169:.\Generated_Source\PSoC4/HCSR04_Trigger_6.c **** 
 170:.\Generated_Source\PSoC4/HCSR04_Trigger_6.c **** /*******************************************************************************
 171:.\Generated_Source\PSoC4/HCSR04_Trigger_6.c **** * Function Name: HCSR04_Trigger_6_SetInterruptMode
 172:.\Generated_Source\PSoC4/HCSR04_Trigger_6.c **** ****************************************************************************//**
 173:.\Generated_Source\PSoC4/HCSR04_Trigger_6.c **** *
 174:.\Generated_Source\PSoC4/HCSR04_Trigger_6.c **** * \brief Configures the interrupt mode for each of the Pins component's
 175:.\Generated_Source\PSoC4/HCSR04_Trigger_6.c **** *  pins. Alternatively you may set the interrupt mode for all the pins
 176:.\Generated_Source\PSoC4/HCSR04_Trigger_6.c **** *  specified in the Pins component.
 177:.\Generated_Source\PSoC4/HCSR04_Trigger_6.c **** *
 178:.\Generated_Source\PSoC4/HCSR04_Trigger_6.c **** *  <b>Note</b> The interrupt is port-wide and therefore any enabled pin
 179:.\Generated_Source\PSoC4/HCSR04_Trigger_6.c **** *  interrupt may trigger it.
 180:.\Generated_Source\PSoC4/HCSR04_Trigger_6.c **** *
 181:.\Generated_Source\PSoC4/HCSR04_Trigger_6.c **** * \param position
 182:.\Generated_Source\PSoC4/HCSR04_Trigger_6.c **** *  The pin position as listed in the Pins component. You may OR these to be 
 183:.\Generated_Source\PSoC4/HCSR04_Trigger_6.c **** *  able to configure the interrupt mode of multiple pins within a Pins 
 184:.\Generated_Source\PSoC4/HCSR04_Trigger_6.c **** *  component. Or you may use HCSR04_Trigger_6_INTR_ALL to configure the
 185:.\Generated_Source\PSoC4/HCSR04_Trigger_6.c **** *  interrupt mode of all the pins in the Pins component.       
 186:.\Generated_Source\PSoC4/HCSR04_Trigger_6.c **** *  - HCSR04_Trigger_6_0_INTR       (First pin in the list)
 187:.\Generated_Source\PSoC4/HCSR04_Trigger_6.c **** *  - HCSR04_Trigger_6_1_INTR       (Second pin in the list)
 188:.\Generated_Source\PSoC4/HCSR04_Trigger_6.c **** *  - ...
 189:.\Generated_Source\PSoC4/HCSR04_Trigger_6.c **** *  - HCSR04_Trigger_6_INTR_ALL     (All pins in Pins component)
 190:.\Generated_Source\PSoC4/HCSR04_Trigger_6.c **** *
 191:.\Generated_Source\PSoC4/HCSR04_Trigger_6.c **** * \param mode
 192:.\Generated_Source\PSoC4/HCSR04_Trigger_6.c **** *  Interrupt mode for the selected pins. Valid options are documented in
 193:.\Generated_Source\PSoC4/HCSR04_Trigger_6.c **** *  \ref intrMode.
 194:.\Generated_Source\PSoC4/HCSR04_Trigger_6.c **** *
 195:.\Generated_Source\PSoC4/HCSR04_Trigger_6.c **** * \return 
 196:.\Generated_Source\PSoC4/HCSR04_Trigger_6.c **** *  None
 197:.\Generated_Source\PSoC4/HCSR04_Trigger_6.c **** *  
 198:.\Generated_Source\PSoC4/HCSR04_Trigger_6.c **** * \sideeffect
 199:.\Generated_Source\PSoC4/HCSR04_Trigger_6.c **** *  It is recommended that the interrupt be disabled before calling this 
 200:.\Generated_Source\PSoC4/HCSR04_Trigger_6.c **** *  function to avoid unintended interrupt requests. Note that the interrupt
 201:.\Generated_Source\PSoC4/HCSR04_Trigger_6.c **** *  type is port wide, and therefore will trigger for any enabled pin on the 
 202:.\Generated_Source\PSoC4/HCSR04_Trigger_6.c **** *  port.
ARM GAS  C:\Users\Tim\AppData\Local\Temp\ccAMFy49.s 			page 7


 203:.\Generated_Source\PSoC4/HCSR04_Trigger_6.c **** *
 204:.\Generated_Source\PSoC4/HCSR04_Trigger_6.c **** * \funcusage
 205:.\Generated_Source\PSoC4/HCSR04_Trigger_6.c **** *  \snippet HCSR04_Trigger_6_SUT.c usage_HCSR04_Trigger_6_SetInterruptMode
 206:.\Generated_Source\PSoC4/HCSR04_Trigger_6.c **** *******************************************************************************/
 207:.\Generated_Source\PSoC4/HCSR04_Trigger_6.c **** void HCSR04_Trigger_6_SetInterruptMode(uint16 position, uint16 mode)
 208:.\Generated_Source\PSoC4/HCSR04_Trigger_6.c **** {
 141              		.loc 1 208 0
 142              		.cfi_startproc
 143              	.LVL6:
 209:.\Generated_Source\PSoC4/HCSR04_Trigger_6.c ****     uint32 intrCfg;
 210:.\Generated_Source\PSoC4/HCSR04_Trigger_6.c ****     
 211:.\Generated_Source\PSoC4/HCSR04_Trigger_6.c ****     intrCfg =  HCSR04_Trigger_6_INTCFG & (uint32)(~(uint32)position);
 144              		.loc 1 211 0
 145 0000 034A     		ldr	r2, .L14
 146 0002 1368     		ldr	r3, [r2]
 147 0004 8343     		bic	r3, r0
 148              	.LVL7:
 212:.\Generated_Source\PSoC4/HCSR04_Trigger_6.c ****     HCSR04_Trigger_6_INTCFG = intrCfg | ((uint32)position & (uint32)mode);
 149              		.loc 1 212 0
 150 0006 0140     		and	r1, r0
 151              	.LVL8:
 152 0008 1943     		orr	r1, r3
 153 000a 1160     		str	r1, [r2]
 213:.\Generated_Source\PSoC4/HCSR04_Trigger_6.c **** }
 154              		.loc 1 213 0
 155              		@ sp needed
 156 000c 7047     		bx	lr
 157              	.L15:
 158 000e C046     		.align	2
 159              	.L14:
 160 0010 0C040440 		.word	1074005004
 161              		.cfi_endproc
 162              	.LFE4:
 163              		.size	HCSR04_Trigger_6_SetInterruptMode, .-HCSR04_Trigger_6_SetInterruptMode
 164              		.section	.text.HCSR04_Trigger_6_ClearInterrupt,"ax",%progbits
 165              		.align	2
 166              		.global	HCSR04_Trigger_6_ClearInterrupt
 167              		.code	16
 168              		.thumb_func
 169              		.type	HCSR04_Trigger_6_ClearInterrupt, %function
 170              	HCSR04_Trigger_6_ClearInterrupt:
 171              	.LFB5:
 214:.\Generated_Source\PSoC4/HCSR04_Trigger_6.c **** 
 215:.\Generated_Source\PSoC4/HCSR04_Trigger_6.c **** 
 216:.\Generated_Source\PSoC4/HCSR04_Trigger_6.c **** /*******************************************************************************
 217:.\Generated_Source\PSoC4/HCSR04_Trigger_6.c **** * Function Name: HCSR04_Trigger_6_ClearInterrupt
 218:.\Generated_Source\PSoC4/HCSR04_Trigger_6.c **** ****************************************************************************//**
 219:.\Generated_Source\PSoC4/HCSR04_Trigger_6.c **** *
 220:.\Generated_Source\PSoC4/HCSR04_Trigger_6.c **** * \brief Clears any active interrupts attached with the component and returns 
 221:.\Generated_Source\PSoC4/HCSR04_Trigger_6.c **** *  the value of the interrupt status register allowing determination of which
 222:.\Generated_Source\PSoC4/HCSR04_Trigger_6.c **** *  pins generated an interrupt event.
 223:.\Generated_Source\PSoC4/HCSR04_Trigger_6.c **** *
 224:.\Generated_Source\PSoC4/HCSR04_Trigger_6.c **** * \return 
 225:.\Generated_Source\PSoC4/HCSR04_Trigger_6.c **** *  The right-shifted current value of the interrupt status register. Each pin 
 226:.\Generated_Source\PSoC4/HCSR04_Trigger_6.c **** *  has one bit set if it generated an interrupt event. For example, bit 0 is 
 227:.\Generated_Source\PSoC4/HCSR04_Trigger_6.c **** *  for pin 0 and bit 1 is for pin 1 of the Pins component.
 228:.\Generated_Source\PSoC4/HCSR04_Trigger_6.c **** *  
ARM GAS  C:\Users\Tim\AppData\Local\Temp\ccAMFy49.s 			page 8


 229:.\Generated_Source\PSoC4/HCSR04_Trigger_6.c **** * \sideeffect
 230:.\Generated_Source\PSoC4/HCSR04_Trigger_6.c **** *  Clears all bits of the physical port's interrupt status register, not just
 231:.\Generated_Source\PSoC4/HCSR04_Trigger_6.c **** *  those associated with the Pins component.
 232:.\Generated_Source\PSoC4/HCSR04_Trigger_6.c **** *
 233:.\Generated_Source\PSoC4/HCSR04_Trigger_6.c **** * \funcusage
 234:.\Generated_Source\PSoC4/HCSR04_Trigger_6.c **** *  \snippet HCSR04_Trigger_6_SUT.c usage_HCSR04_Trigger_6_ClearInterrupt
 235:.\Generated_Source\PSoC4/HCSR04_Trigger_6.c **** *******************************************************************************/
 236:.\Generated_Source\PSoC4/HCSR04_Trigger_6.c **** uint8 HCSR04_Trigger_6_ClearInterrupt(void)
 237:.\Generated_Source\PSoC4/HCSR04_Trigger_6.c **** {
 172              		.loc 1 237 0
 173              		.cfi_startproc
 238:.\Generated_Source\PSoC4/HCSR04_Trigger_6.c **** 	uint8 maskedStatus = (uint8)(HCSR04_Trigger_6_INTSTAT & HCSR04_Trigger_6_MASK);
 174              		.loc 1 238 0
 175 0000 024A     		ldr	r2, .L17
 176 0002 1068     		ldr	r0, [r2]
 177 0004 0123     		mov	r3, #1
 178 0006 1840     		and	r0, r3
 179              	.LVL9:
 239:.\Generated_Source\PSoC4/HCSR04_Trigger_6.c **** 	HCSR04_Trigger_6_INTSTAT = maskedStatus;
 180              		.loc 1 239 0
 181 0008 1060     		str	r0, [r2]
 240:.\Generated_Source\PSoC4/HCSR04_Trigger_6.c ****     return maskedStatus >> HCSR04_Trigger_6_SHIFT;
 241:.\Generated_Source\PSoC4/HCSR04_Trigger_6.c **** }
 182              		.loc 1 241 0
 183              		@ sp needed
 184 000a 7047     		bx	lr
 185              	.L18:
 186              		.align	2
 187              	.L17:
 188 000c 10040440 		.word	1074005008
 189              		.cfi_endproc
 190              	.LFE5:
 191              		.size	HCSR04_Trigger_6_ClearInterrupt, .-HCSR04_Trigger_6_ClearInterrupt
 192              		.text
 193              	.Letext0:
 194              		.file 2 ".\\Generated_Source\\PSoC4\\cytypes.h"
 195              		.section	.debug_info,"",%progbits
 196              	.Ldebug_info0:
 197 0000 94010000 		.4byte	0x194
 198 0004 0400     		.2byte	0x4
 199 0006 00000000 		.4byte	.Ldebug_abbrev0
 200 000a 04       		.byte	0x4
 201 000b 01       		.uleb128 0x1
 202 000c 96010000 		.4byte	.LASF28
 203 0010 01       		.byte	0x1
 204 0011 45020000 		.4byte	.LASF29
 205 0015 67000000 		.4byte	.LASF30
 206 0019 00000000 		.4byte	.Ldebug_ranges0+0
 207 001d 00000000 		.4byte	0
 208 0021 00000000 		.4byte	.Ldebug_line0
 209 0025 02       		.uleb128 0x2
 210 0026 01       		.byte	0x1
 211 0027 06       		.byte	0x6
 212 0028 71020000 		.4byte	.LASF0
 213 002c 02       		.uleb128 0x2
 214 002d 01       		.byte	0x1
 215 002e 08       		.byte	0x8
ARM GAS  C:\Users\Tim\AppData\Local\Temp\ccAMFy49.s 			page 9


 216 002f BD000000 		.4byte	.LASF1
 217 0033 02       		.uleb128 0x2
 218 0034 02       		.byte	0x2
 219 0035 05       		.byte	0x5
 220 0036 24020000 		.4byte	.LASF2
 221 003a 02       		.uleb128 0x2
 222 003b 02       		.byte	0x2
 223 003c 07       		.byte	0x7
 224 003d E3000000 		.4byte	.LASF3
 225 0041 02       		.uleb128 0x2
 226 0042 04       		.byte	0x4
 227 0043 05       		.byte	0x5
 228 0044 3C020000 		.4byte	.LASF4
 229 0048 02       		.uleb128 0x2
 230 0049 04       		.byte	0x4
 231 004a 07       		.byte	0x7
 232 004b D1000000 		.4byte	.LASF5
 233 004f 02       		.uleb128 0x2
 234 0050 08       		.byte	0x8
 235 0051 05       		.byte	0x5
 236 0052 76010000 		.4byte	.LASF6
 237 0056 02       		.uleb128 0x2
 238 0057 08       		.byte	0x8
 239 0058 07       		.byte	0x7
 240 0059 38010000 		.4byte	.LASF7
 241 005d 03       		.uleb128 0x3
 242 005e 04       		.byte	0x4
 243 005f 05       		.byte	0x5
 244 0060 696E7400 		.ascii	"int\000"
 245 0064 02       		.uleb128 0x2
 246 0065 04       		.byte	0x4
 247 0066 07       		.byte	0x7
 248 0067 2B010000 		.4byte	.LASF8
 249 006b 04       		.uleb128 0x4
 250 006c 36020000 		.4byte	.LASF9
 251 0070 02       		.byte	0x2
 252 0071 C2       		.byte	0xc2
 253 0072 2C000000 		.4byte	0x2c
 254 0076 04       		.uleb128 0x4
 255 0077 FD000000 		.4byte	.LASF10
 256 007b 02       		.byte	0x2
 257 007c C3       		.byte	0xc3
 258 007d 3A000000 		.4byte	0x3a
 259 0081 04       		.uleb128 0x4
 260 0082 0D010000 		.4byte	.LASF11
 261 0086 02       		.byte	0x2
 262 0087 C4       		.byte	0xc4
 263 0088 48000000 		.4byte	0x48
 264 008c 02       		.uleb128 0x2
 265 008d 04       		.byte	0x4
 266 008e 04       		.byte	0x4
 267 008f B7000000 		.4byte	.LASF12
 268 0093 02       		.uleb128 0x2
 269 0094 08       		.byte	0x8
 270 0095 04       		.byte	0x4
 271 0096 F6000000 		.4byte	.LASF13
 272 009a 02       		.uleb128 0x2
ARM GAS  C:\Users\Tim\AppData\Local\Temp\ccAMFy49.s 			page 10


 273 009b 01       		.byte	0x1
 274 009c 08       		.byte	0x8
 275 009d 91010000 		.4byte	.LASF14
 276 00a1 05       		.uleb128 0x5
 277 00a2 20000000 		.4byte	.LASF15
 278 00a6 02       		.byte	0x2
 279 00a7 6E01     		.2byte	0x16e
 280 00a9 AD000000 		.4byte	0xad
 281 00ad 06       		.uleb128 0x6
 282 00ae 81000000 		.4byte	0x81
 283 00b2 07       		.uleb128 0x7
 284 00b3 26000000 		.4byte	.LASF16
 285 00b7 01       		.byte	0x1
 286 00b8 48       		.byte	0x48
 287 00b9 00000000 		.4byte	.LFB0
 288 00bd 14000000 		.4byte	.LFE0-.LFB0
 289 00c1 01       		.uleb128 0x1
 290 00c2 9C       		.byte	0x9c
 291 00c3 D7000000 		.4byte	0xd7
 292 00c7 08       		.uleb128 0x8
 293 00c8 4F010000 		.4byte	.LASF18
 294 00cc 01       		.byte	0x1
 295 00cd 48       		.byte	0x48
 296 00ce 6B000000 		.4byte	0x6b
 297 00d2 00000000 		.4byte	.LLST0
 298 00d6 00       		.byte	0
 299 00d7 07       		.uleb128 0x7
 300 00d8 14010000 		.4byte	.LASF17
 301 00dc 01       		.byte	0x1
 302 00dd 6F       		.byte	0x6f
 303 00de 00000000 		.4byte	.LFB1
 304 00e2 18000000 		.4byte	.LFE1-.LFB1
 305 00e6 01       		.uleb128 0x1
 306 00e7 9C       		.byte	0x9c
 307 00e8 0B010000 		.4byte	0x10b
 308 00ec 08       		.uleb128 0x8
 309 00ed 61000000 		.4byte	.LASF19
 310 00f1 01       		.byte	0x1
 311 00f2 6F       		.byte	0x6f
 312 00f3 6B000000 		.4byte	0x6b
 313 00f7 21000000 		.4byte	.LLST1
 314 00fb 09       		.uleb128 0x9
 315 00fc CB000000 		.4byte	.LASF24
 316 0100 01       		.byte	0x1
 317 0101 71       		.byte	0x71
 318 0102 6B000000 		.4byte	0x6b
 319 0106 42000000 		.4byte	.LLST2
 320 010a 00       		.byte	0
 321 010b 0A       		.uleb128 0xa
 322 010c A1000000 		.4byte	.LASF20
 323 0110 01       		.byte	0x1
 324 0111 88       		.byte	0x88
 325 0112 6B000000 		.4byte	0x6b
 326 0116 00000000 		.4byte	.LFB2
 327 011a 10000000 		.4byte	.LFE2-.LFB2
 328 011e 01       		.uleb128 0x1
 329 011f 9C       		.byte	0x9c
ARM GAS  C:\Users\Tim\AppData\Local\Temp\ccAMFy49.s 			page 11


 330 0120 0A       		.uleb128 0xa
 331 0121 44000000 		.4byte	.LASF21
 332 0125 01       		.byte	0x1
 333 0126 A4       		.byte	0xa4
 334 0127 6B000000 		.4byte	0x6b
 335 012b 00000000 		.4byte	.LFB3
 336 012f 10000000 		.4byte	.LFE3-.LFB3
 337 0133 01       		.uleb128 0x1
 338 0134 9C       		.byte	0x9c
 339 0135 07       		.uleb128 0x7
 340 0136 54010000 		.4byte	.LASF22
 341 013a 01       		.byte	0x1
 342 013b CF       		.byte	0xcf
 343 013c 00000000 		.4byte	.LFB4
 344 0140 14000000 		.4byte	.LFE4-.LFB4
 345 0144 01       		.uleb128 0x1
 346 0145 9C       		.byte	0x9c
 347 0146 74010000 		.4byte	0x174
 348 014a 0B       		.uleb128 0xb
 349 014b 04010000 		.4byte	.LASF23
 350 014f 01       		.byte	0x1
 351 0150 CF       		.byte	0xcf
 352 0151 76000000 		.4byte	0x76
 353 0155 01       		.uleb128 0x1
 354 0156 50       		.byte	0x50
 355 0157 08       		.uleb128 0x8
 356 0158 4F010000 		.4byte	.LASF18
 357 015c 01       		.byte	0x1
 358 015d CF       		.byte	0xcf
 359 015e 76000000 		.4byte	0x76
 360 0162 60000000 		.4byte	.LLST3
 361 0166 0C       		.uleb128 0xc
 362 0167 2E020000 		.4byte	.LASF25
 363 016b 01       		.byte	0x1
 364 016c D1       		.byte	0xd1
 365 016d 81000000 		.4byte	0x81
 366 0171 01       		.uleb128 0x1
 367 0172 53       		.byte	0x53
 368 0173 00       		.byte	0
 369 0174 0D       		.uleb128 0xd
 370 0175 00000000 		.4byte	.LASF26
 371 0179 01       		.byte	0x1
 372 017a EC       		.byte	0xec
 373 017b 6B000000 		.4byte	0x6b
 374 017f 00000000 		.4byte	.LFB5
 375 0183 10000000 		.4byte	.LFE5-.LFB5
 376 0187 01       		.uleb128 0x1
 377 0188 9C       		.byte	0x9c
 378 0189 0C       		.uleb128 0xc
 379 018a 84010000 		.4byte	.LASF27
 380 018e 01       		.byte	0x1
 381 018f EE       		.byte	0xee
 382 0190 6B000000 		.4byte	0x6b
 383 0194 01       		.uleb128 0x1
 384 0195 50       		.byte	0x50
 385 0196 00       		.byte	0
 386 0197 00       		.byte	0
ARM GAS  C:\Users\Tim\AppData\Local\Temp\ccAMFy49.s 			page 12


 387              		.section	.debug_abbrev,"",%progbits
 388              	.Ldebug_abbrev0:
 389 0000 01       		.uleb128 0x1
 390 0001 11       		.uleb128 0x11
 391 0002 01       		.byte	0x1
 392 0003 25       		.uleb128 0x25
 393 0004 0E       		.uleb128 0xe
 394 0005 13       		.uleb128 0x13
 395 0006 0B       		.uleb128 0xb
 396 0007 03       		.uleb128 0x3
 397 0008 0E       		.uleb128 0xe
 398 0009 1B       		.uleb128 0x1b
 399 000a 0E       		.uleb128 0xe
 400 000b 55       		.uleb128 0x55
 401 000c 17       		.uleb128 0x17
 402 000d 11       		.uleb128 0x11
 403 000e 01       		.uleb128 0x1
 404 000f 10       		.uleb128 0x10
 405 0010 17       		.uleb128 0x17
 406 0011 00       		.byte	0
 407 0012 00       		.byte	0
 408 0013 02       		.uleb128 0x2
 409 0014 24       		.uleb128 0x24
 410 0015 00       		.byte	0
 411 0016 0B       		.uleb128 0xb
 412 0017 0B       		.uleb128 0xb
 413 0018 3E       		.uleb128 0x3e
 414 0019 0B       		.uleb128 0xb
 415 001a 03       		.uleb128 0x3
 416 001b 0E       		.uleb128 0xe
 417 001c 00       		.byte	0
 418 001d 00       		.byte	0
 419 001e 03       		.uleb128 0x3
 420 001f 24       		.uleb128 0x24
 421 0020 00       		.byte	0
 422 0021 0B       		.uleb128 0xb
 423 0022 0B       		.uleb128 0xb
 424 0023 3E       		.uleb128 0x3e
 425 0024 0B       		.uleb128 0xb
 426 0025 03       		.uleb128 0x3
 427 0026 08       		.uleb128 0x8
 428 0027 00       		.byte	0
 429 0028 00       		.byte	0
 430 0029 04       		.uleb128 0x4
 431 002a 16       		.uleb128 0x16
 432 002b 00       		.byte	0
 433 002c 03       		.uleb128 0x3
 434 002d 0E       		.uleb128 0xe
 435 002e 3A       		.uleb128 0x3a
 436 002f 0B       		.uleb128 0xb
 437 0030 3B       		.uleb128 0x3b
 438 0031 0B       		.uleb128 0xb
 439 0032 49       		.uleb128 0x49
 440 0033 13       		.uleb128 0x13
 441 0034 00       		.byte	0
 442 0035 00       		.byte	0
 443 0036 05       		.uleb128 0x5
ARM GAS  C:\Users\Tim\AppData\Local\Temp\ccAMFy49.s 			page 13


 444 0037 16       		.uleb128 0x16
 445 0038 00       		.byte	0
 446 0039 03       		.uleb128 0x3
 447 003a 0E       		.uleb128 0xe
 448 003b 3A       		.uleb128 0x3a
 449 003c 0B       		.uleb128 0xb
 450 003d 3B       		.uleb128 0x3b
 451 003e 05       		.uleb128 0x5
 452 003f 49       		.uleb128 0x49
 453 0040 13       		.uleb128 0x13
 454 0041 00       		.byte	0
 455 0042 00       		.byte	0
 456 0043 06       		.uleb128 0x6
 457 0044 35       		.uleb128 0x35
 458 0045 00       		.byte	0
 459 0046 49       		.uleb128 0x49
 460 0047 13       		.uleb128 0x13
 461 0048 00       		.byte	0
 462 0049 00       		.byte	0
 463 004a 07       		.uleb128 0x7
 464 004b 2E       		.uleb128 0x2e
 465 004c 01       		.byte	0x1
 466 004d 3F       		.uleb128 0x3f
 467 004e 19       		.uleb128 0x19
 468 004f 03       		.uleb128 0x3
 469 0050 0E       		.uleb128 0xe
 470 0051 3A       		.uleb128 0x3a
 471 0052 0B       		.uleb128 0xb
 472 0053 3B       		.uleb128 0x3b
 473 0054 0B       		.uleb128 0xb
 474 0055 27       		.uleb128 0x27
 475 0056 19       		.uleb128 0x19
 476 0057 11       		.uleb128 0x11
 477 0058 01       		.uleb128 0x1
 478 0059 12       		.uleb128 0x12
 479 005a 06       		.uleb128 0x6
 480 005b 40       		.uleb128 0x40
 481 005c 18       		.uleb128 0x18
 482 005d 9742     		.uleb128 0x2117
 483 005f 19       		.uleb128 0x19
 484 0060 01       		.uleb128 0x1
 485 0061 13       		.uleb128 0x13
 486 0062 00       		.byte	0
 487 0063 00       		.byte	0
 488 0064 08       		.uleb128 0x8
 489 0065 05       		.uleb128 0x5
 490 0066 00       		.byte	0
 491 0067 03       		.uleb128 0x3
 492 0068 0E       		.uleb128 0xe
 493 0069 3A       		.uleb128 0x3a
 494 006a 0B       		.uleb128 0xb
 495 006b 3B       		.uleb128 0x3b
 496 006c 0B       		.uleb128 0xb
 497 006d 49       		.uleb128 0x49
 498 006e 13       		.uleb128 0x13
 499 006f 02       		.uleb128 0x2
 500 0070 17       		.uleb128 0x17
ARM GAS  C:\Users\Tim\AppData\Local\Temp\ccAMFy49.s 			page 14


 501 0071 00       		.byte	0
 502 0072 00       		.byte	0
 503 0073 09       		.uleb128 0x9
 504 0074 34       		.uleb128 0x34
 505 0075 00       		.byte	0
 506 0076 03       		.uleb128 0x3
 507 0077 0E       		.uleb128 0xe
 508 0078 3A       		.uleb128 0x3a
 509 0079 0B       		.uleb128 0xb
 510 007a 3B       		.uleb128 0x3b
 511 007b 0B       		.uleb128 0xb
 512 007c 49       		.uleb128 0x49
 513 007d 13       		.uleb128 0x13
 514 007e 02       		.uleb128 0x2
 515 007f 17       		.uleb128 0x17
 516 0080 00       		.byte	0
 517 0081 00       		.byte	0
 518 0082 0A       		.uleb128 0xa
 519 0083 2E       		.uleb128 0x2e
 520 0084 00       		.byte	0
 521 0085 3F       		.uleb128 0x3f
 522 0086 19       		.uleb128 0x19
 523 0087 03       		.uleb128 0x3
 524 0088 0E       		.uleb128 0xe
 525 0089 3A       		.uleb128 0x3a
 526 008a 0B       		.uleb128 0xb
 527 008b 3B       		.uleb128 0x3b
 528 008c 0B       		.uleb128 0xb
 529 008d 27       		.uleb128 0x27
 530 008e 19       		.uleb128 0x19
 531 008f 49       		.uleb128 0x49
 532 0090 13       		.uleb128 0x13
 533 0091 11       		.uleb128 0x11
 534 0092 01       		.uleb128 0x1
 535 0093 12       		.uleb128 0x12
 536 0094 06       		.uleb128 0x6
 537 0095 40       		.uleb128 0x40
 538 0096 18       		.uleb128 0x18
 539 0097 9742     		.uleb128 0x2117
 540 0099 19       		.uleb128 0x19
 541 009a 00       		.byte	0
 542 009b 00       		.byte	0
 543 009c 0B       		.uleb128 0xb
 544 009d 05       		.uleb128 0x5
 545 009e 00       		.byte	0
 546 009f 03       		.uleb128 0x3
 547 00a0 0E       		.uleb128 0xe
 548 00a1 3A       		.uleb128 0x3a
 549 00a2 0B       		.uleb128 0xb
 550 00a3 3B       		.uleb128 0x3b
 551 00a4 0B       		.uleb128 0xb
 552 00a5 49       		.uleb128 0x49
 553 00a6 13       		.uleb128 0x13
 554 00a7 02       		.uleb128 0x2
 555 00a8 18       		.uleb128 0x18
 556 00a9 00       		.byte	0
 557 00aa 00       		.byte	0
ARM GAS  C:\Users\Tim\AppData\Local\Temp\ccAMFy49.s 			page 15


 558 00ab 0C       		.uleb128 0xc
 559 00ac 34       		.uleb128 0x34
 560 00ad 00       		.byte	0
 561 00ae 03       		.uleb128 0x3
 562 00af 0E       		.uleb128 0xe
 563 00b0 3A       		.uleb128 0x3a
 564 00b1 0B       		.uleb128 0xb
 565 00b2 3B       		.uleb128 0x3b
 566 00b3 0B       		.uleb128 0xb
 567 00b4 49       		.uleb128 0x49
 568 00b5 13       		.uleb128 0x13
 569 00b6 02       		.uleb128 0x2
 570 00b7 18       		.uleb128 0x18
 571 00b8 00       		.byte	0
 572 00b9 00       		.byte	0
 573 00ba 0D       		.uleb128 0xd
 574 00bb 2E       		.uleb128 0x2e
 575 00bc 01       		.byte	0x1
 576 00bd 3F       		.uleb128 0x3f
 577 00be 19       		.uleb128 0x19
 578 00bf 03       		.uleb128 0x3
 579 00c0 0E       		.uleb128 0xe
 580 00c1 3A       		.uleb128 0x3a
 581 00c2 0B       		.uleb128 0xb
 582 00c3 3B       		.uleb128 0x3b
 583 00c4 0B       		.uleb128 0xb
 584 00c5 27       		.uleb128 0x27
 585 00c6 19       		.uleb128 0x19
 586 00c7 49       		.uleb128 0x49
 587 00c8 13       		.uleb128 0x13
 588 00c9 11       		.uleb128 0x11
 589 00ca 01       		.uleb128 0x1
 590 00cb 12       		.uleb128 0x12
 591 00cc 06       		.uleb128 0x6
 592 00cd 40       		.uleb128 0x40
 593 00ce 18       		.uleb128 0x18
 594 00cf 9742     		.uleb128 0x2117
 595 00d1 19       		.uleb128 0x19
 596 00d2 00       		.byte	0
 597 00d3 00       		.byte	0
 598 00d4 00       		.byte	0
 599              		.section	.debug_loc,"",%progbits
 600              	.Ldebug_loc0:
 601              	.LLST0:
 602 0000 00000000 		.4byte	.LVL0
 603 0004 0A000000 		.4byte	.LVL1
 604 0008 0100     		.2byte	0x1
 605 000a 50       		.byte	0x50
 606 000b 0A000000 		.4byte	.LVL1
 607 000f 14000000 		.4byte	.LFE0
 608 0013 0400     		.2byte	0x4
 609 0015 F3       		.byte	0xf3
 610 0016 01       		.uleb128 0x1
 611 0017 50       		.byte	0x50
 612 0018 9F       		.byte	0x9f
 613 0019 00000000 		.4byte	0
 614 001d 00000000 		.4byte	0
ARM GAS  C:\Users\Tim\AppData\Local\Temp\ccAMFy49.s 			page 16


 615              	.LLST1:
 616 0021 00000000 		.4byte	.LVL2
 617 0025 06000000 		.4byte	.LVL3
 618 0029 0100     		.2byte	0x1
 619 002b 50       		.byte	0x50
 620 002c 06000000 		.4byte	.LVL3
 621 0030 18000000 		.4byte	.LFE1
 622 0034 0400     		.2byte	0x4
 623 0036 F3       		.byte	0xf3
 624 0037 01       		.uleb128 0x1
 625 0038 50       		.byte	0x50
 626 0039 9F       		.byte	0x9f
 627 003a 00000000 		.4byte	0
 628 003e 00000000 		.4byte	0
 629              	.LLST2:
 630 0042 0A000000 		.4byte	.LVL4
 631 0046 10000000 		.4byte	.LVL5
 632 004a 0100     		.2byte	0x1
 633 004c 52       		.byte	0x52
 634 004d 10000000 		.4byte	.LVL5
 635 0051 18000000 		.4byte	.LFE1
 636 0055 0100     		.2byte	0x1
 637 0057 50       		.byte	0x50
 638 0058 00000000 		.4byte	0
 639 005c 00000000 		.4byte	0
 640              	.LLST3:
 641 0060 00000000 		.4byte	.LVL6
 642 0064 08000000 		.4byte	.LVL8
 643 0068 0100     		.2byte	0x1
 644 006a 51       		.byte	0x51
 645 006b 08000000 		.4byte	.LVL8
 646 006f 14000000 		.4byte	.LFE4
 647 0073 0400     		.2byte	0x4
 648 0075 F3       		.byte	0xf3
 649 0076 01       		.uleb128 0x1
 650 0077 51       		.byte	0x51
 651 0078 9F       		.byte	0x9f
 652 0079 00000000 		.4byte	0
 653 007d 00000000 		.4byte	0
 654              		.section	.debug_aranges,"",%progbits
 655 0000 44000000 		.4byte	0x44
 656 0004 0200     		.2byte	0x2
 657 0006 00000000 		.4byte	.Ldebug_info0
 658 000a 04       		.byte	0x4
 659 000b 00       		.byte	0
 660 000c 0000     		.2byte	0
 661 000e 0000     		.2byte	0
 662 0010 00000000 		.4byte	.LFB0
 663 0014 14000000 		.4byte	.LFE0-.LFB0
 664 0018 00000000 		.4byte	.LFB1
 665 001c 18000000 		.4byte	.LFE1-.LFB1
 666 0020 00000000 		.4byte	.LFB2
 667 0024 10000000 		.4byte	.LFE2-.LFB2
 668 0028 00000000 		.4byte	.LFB3
 669 002c 10000000 		.4byte	.LFE3-.LFB3
 670 0030 00000000 		.4byte	.LFB4
 671 0034 14000000 		.4byte	.LFE4-.LFB4
ARM GAS  C:\Users\Tim\AppData\Local\Temp\ccAMFy49.s 			page 17


 672 0038 00000000 		.4byte	.LFB5
 673 003c 10000000 		.4byte	.LFE5-.LFB5
 674 0040 00000000 		.4byte	0
 675 0044 00000000 		.4byte	0
 676              		.section	.debug_ranges,"",%progbits
 677              	.Ldebug_ranges0:
 678 0000 00000000 		.4byte	.LFB0
 679 0004 14000000 		.4byte	.LFE0
 680 0008 00000000 		.4byte	.LFB1
 681 000c 18000000 		.4byte	.LFE1
 682 0010 00000000 		.4byte	.LFB2
 683 0014 10000000 		.4byte	.LFE2
 684 0018 00000000 		.4byte	.LFB3
 685 001c 10000000 		.4byte	.LFE3
 686 0020 00000000 		.4byte	.LFB4
 687 0024 14000000 		.4byte	.LFE4
 688 0028 00000000 		.4byte	.LFB5
 689 002c 10000000 		.4byte	.LFE5
 690 0030 00000000 		.4byte	0
 691 0034 00000000 		.4byte	0
 692              		.section	.debug_line,"",%progbits
 693              	.Ldebug_line0:
 694 0000 C5000000 		.section	.debug_str,"MS",%progbits,1
 694      02004F00 
 694      00000201 
 694      FB0E0D00 
 694      01010101 
 695              	.LASF26:
 696 0000 48435352 		.ascii	"HCSR04_Trigger_6_ClearInterrupt\000"
 696      30345F54 
 696      72696767 
 696      65725F36 
 696      5F436C65 
 697              	.LASF15:
 698 0020 72656733 		.ascii	"reg32\000"
 698      3200
 699              	.LASF16:
 700 0026 48435352 		.ascii	"HCSR04_Trigger_6_SetDriveMode\000"
 700      30345F54 
 700      72696767 
 700      65725F36 
 700      5F536574 
 701              	.LASF21:
 702 0044 48435352 		.ascii	"HCSR04_Trigger_6_ReadDataReg\000"
 702      30345F54 
 702      72696767 
 702      65725F36 
 702      5F526561 
 703              	.LASF19:
 704 0061 76616C75 		.ascii	"value\000"
 704      6500
 705              	.LASF30:
 706 0067 443A5C70 		.ascii	"D:\\projects\\ArloBot\\rpi\\ArlobotHw\\Arlobot\\Boa"
 706      726F6A65 
 706      6374735C 
 706      41726C6F 
 706      426F745C 
ARM GAS  C:\Users\Tim\AppData\Local\Temp\ccAMFy49.s 			page 18


 707 0094 72642D52 		.ascii	"rd-RPi.cydsn\000"
 707      50692E63 
 707      7964736E 
 707      00
 708              	.LASF20:
 709 00a1 48435352 		.ascii	"HCSR04_Trigger_6_Read\000"
 709      30345F54 
 709      72696767 
 709      65725F36 
 709      5F526561 
 710              	.LASF12:
 711 00b7 666C6F61 		.ascii	"float\000"
 711      7400
 712              	.LASF1:
 713 00bd 756E7369 		.ascii	"unsigned char\000"
 713      676E6564 
 713      20636861 
 713      7200
 714              	.LASF24:
 715 00cb 64725661 		.ascii	"drVal\000"
 715      6C00
 716              	.LASF5:
 717 00d1 6C6F6E67 		.ascii	"long unsigned int\000"
 717      20756E73 
 717      69676E65 
 717      6420696E 
 717      7400
 718              	.LASF3:
 719 00e3 73686F72 		.ascii	"short unsigned int\000"
 719      7420756E 
 719      7369676E 
 719      65642069 
 719      6E7400
 720              	.LASF13:
 721 00f6 646F7562 		.ascii	"double\000"
 721      6C6500
 722              	.LASF10:
 723 00fd 75696E74 		.ascii	"uint16\000"
 723      313600
 724              	.LASF23:
 725 0104 706F7369 		.ascii	"position\000"
 725      74696F6E 
 725      00
 726              	.LASF11:
 727 010d 75696E74 		.ascii	"uint32\000"
 727      333200
 728              	.LASF17:
 729 0114 48435352 		.ascii	"HCSR04_Trigger_6_Write\000"
 729      30345F54 
 729      72696767 
 729      65725F36 
 729      5F577269 
 730              	.LASF8:
 731 012b 756E7369 		.ascii	"unsigned int\000"
 731      676E6564 
 731      20696E74 
 731      00
ARM GAS  C:\Users\Tim\AppData\Local\Temp\ccAMFy49.s 			page 19


 732              	.LASF7:
 733 0138 6C6F6E67 		.ascii	"long long unsigned int\000"
 733      206C6F6E 
 733      6720756E 
 733      7369676E 
 733      65642069 
 734              	.LASF18:
 735 014f 6D6F6465 		.ascii	"mode\000"
 735      00
 736              	.LASF22:
 737 0154 48435352 		.ascii	"HCSR04_Trigger_6_SetInterruptMode\000"
 737      30345F54 
 737      72696767 
 737      65725F36 
 737      5F536574 
 738              	.LASF6:
 739 0176 6C6F6E67 		.ascii	"long long int\000"
 739      206C6F6E 
 739      6720696E 
 739      7400
 740              	.LASF27:
 741 0184 6D61736B 		.ascii	"maskedStatus\000"
 741      65645374 
 741      61747573 
 741      00
 742              	.LASF14:
 743 0191 63686172 		.ascii	"char\000"
 743      00
 744              	.LASF28:
 745 0196 474E5520 		.ascii	"GNU C 4.9.3 20150303 (release) [ARM/embedded-4_9-br"
 745      4320342E 
 745      392E3320 
 745      32303135 
 745      30333033 
 746 01c9 616E6368 		.ascii	"anch revision 221220] -mcpu=cortex-m0 -mthumb -g -O"
 746      20726576 
 746      6973696F 
 746      6E203232 
 746      31323230 
 747 01fc 67202D66 		.ascii	"g -ffunction-sections -ffat-lto-objects\000"
 747      66756E63 
 747      74696F6E 
 747      2D736563 
 747      74696F6E 
 748              	.LASF2:
 749 0224 73686F72 		.ascii	"short int\000"
 749      7420696E 
 749      7400
 750              	.LASF25:
 751 022e 696E7472 		.ascii	"intrCfg\000"
 751      43666700 
 752              	.LASF9:
 753 0236 75696E74 		.ascii	"uint8\000"
 753      3800
 754              	.LASF4:
 755 023c 6C6F6E67 		.ascii	"long int\000"
 755      20696E74 
ARM GAS  C:\Users\Tim\AppData\Local\Temp\ccAMFy49.s 			page 20


 755      00
 756              	.LASF29:
 757 0245 2E5C4765 		.ascii	".\\Generated_Source\\PSoC4\\HCSR04_Trigger_6.c\000"
 757      6E657261 
 757      7465645F 
 757      536F7572 
 757      63655C50 
 758              	.LASF0:
 759 0271 7369676E 		.ascii	"signed char\000"
 759      65642063 
 759      68617200 
 760              		.ident	"GCC: (GNU Tools for ARM Embedded Processors) 4.9.3 20150303 (release) [ARM/embedded-4_9-br
