ARM GAS  C:\Users\Tim\AppData\Local\Temp\cc7ll00q.s 			page 1


   1              		.cpu cortex-m0
   2              		.fpu softvfp
   3              		.eabi_attribute 20, 1
   4              		.eabi_attribute 21, 1
   5              		.eabi_attribute 23, 3
   6              		.eabi_attribute 24, 1
   7              		.eabi_attribute 25, 1
   8              		.eabi_attribute 26, 1
   9              		.eabi_attribute 30, 1
  10              		.eabi_attribute 34, 0
  11              		.eabi_attribute 18, 4
  12              		.code	16
  13              		.file	"i2c.c"
  14              		.text
  15              	.Ltext0:
  16              		.cfi_sections	.debug_frame
  17              		.section	.text.I2c_Init,"ax",%progbits
  18              		.align	2
  19              		.global	I2c_Init
  20              		.code	16
  21              		.thumb_func
  22              		.type	I2c_Init, %function
  23              	I2c_Init:
  24              	.LFB34:
  25              		.file 1 "..\\source\\i2c.c"
   1:..\source/i2c.c **** /* ========================================
   2:..\source/i2c.c ****  *
   3:..\source/i2c.c ****  * Copyright YOUR COMPANY, THE YEAR
   4:..\source/i2c.c ****  * All Rights Reserved
   5:..\source/i2c.c ****  * UNPUBLISHED, LICENSED SOFTWARE.
   6:..\source/i2c.c ****  *
   7:..\source/i2c.c ****  * CONFIDENTIAL AND PROPRIETARY INFORMATION
   8:..\source/i2c.c ****  * WHICH IS THE PROPERTY OF your company.
   9:..\source/i2c.c ****  *
  10:..\source/i2c.c ****  * ========================================
  11:..\source/i2c.c **** */
  12:..\source/i2c.c **** 
  13:..\source/i2c.c **** #include "i2c.h"
  14:..\source/i2c.c **** #include "time.h"
  15:..\source/i2c.c **** #include "hwconfig.h"
  16:..\source/i2c.c **** 
  17:..\source/i2c.c **** /*
  18:..\source/i2c.c ****     Buffer Layout
  19:..\source/i2c.c **** 
  20:..\source/i2c.c ****     offset     num bytes     name                           description
  21:..\source/i2c.c ****       00           2         [control register]             the control register supports 
  22:..\source/i2c.c ****                                                             enable/disable of the HB25 motors and
  23:..\source/i2c.c ****                                                             Encoder counts
  24:..\source/i2c.c ****       02           2         [commanded velocity]           commanded velocity is in units of 
  25:..\source/i2c.c ****                                                             millimeters/second
  26:..\source/i2c.c ****       04           2         [commanded accel]              commanded velocity in in units of 
  27:..\source/i2c.c ****                                                             millimeters/second^2
  28:..\source/i2c.c ****     ------------------------------ Read/Write Boundary --------------------------------------------
  29:..\source/i2c.c ****       06           2         [device status]                contains bits that represent the status
  30:..\source/i2c.c ****                                                                - HB25 Motor Controller Initialize -
  31:..\source/i2c.c ****                                                                - M4-ATX Power Off                 -
  32:..\source/i2c.c ****       08           4         [measured count]               measured count is the encoder count
ARM GAS  C:\Users\Tim\AppData\Local\Temp\cc7ll00q.s 			page 2


  33:..\source/i2c.c ****       12           2         [measured velocity]            measured velocity is the measured speed
  34:..\source/i2c.c ****                                                             of the wheel using the encoder count
  35:..\source/i2c.c ****       14          16         [ultrasonic distance]          ultrasonic distance is an array of 
  36:..\source/i2c.c ****                                                             distances from the ultrasonic sensors i
  37:..\source/i2c.c ****                                                             centimeters, range 2 to 500
  38:..\source/i2c.c ****       30           8         [infrared distance]            infrared distance is an array of distan
  39:..\source/i2c.c ****                                                             from the infrared sensors in centimeter
  40:..\source/i2c.c ****                                                             range 10 to 80
  41:..\source/i2c.c ****       38           1         [test]                         used for testing the i2c communication
  42:..\source/i2c.c ****       39        [empty]
  43:..\source/i2c.c ****  */
  44:..\source/i2c.c **** 
  45:..\source/i2c.c **** #define I2C_BUFFER_BASE (0)
  46:..\source/i2c.c **** #define I2C_READ_WRITE_OFFSET (I2C_BUFFER_BASE)
  47:..\source/i2c.c **** 
  48:..\source/i2c.c **** #define CONTROL_BASE (I2C_READ_WRITE_OFFSET)
  49:..\source/i2c.c **** #define CONTROL_SIZE (sizeof(uint16))
  50:..\source/i2c.c **** 
  51:..\source/i2c.c **** #define COMMANDED_VELOCITY_BASE (CONTROL_BASE + CONTROL_SIZE)
  52:..\source/i2c.c **** #define COMMANDED_VELOCITY_SIZE (sizeof(uint16))
  53:..\source/i2c.c **** 
  54:..\source/i2c.c **** #define COMMANDED_ACCELERATION_BASE (COMMANDED_VELOCITY_BASE + COMMANDED_VELOCITY_SIZE)
  55:..\source/i2c.c **** #define COMMANDED_ACCELERATION_SIZE (sizeof(uint16))
  56:..\source/i2c.c **** 
  57:..\source/i2c.c **** /* The read/write size is the number of bytes (starting from the beginning of the buffer
  58:..\source/i2c.c ****    that the master can write to.  The master can always read from the entire buffer
  59:..\source/i2c.c ****  */
  60:..\source/i2c.c **** #define I2C_READ_WRITE_SIZE (CONTROL_SIZE + COMMANDED_VELOCITY_SIZE + COMMANDED_ACCELERATION_SIZE)
  61:..\source/i2c.c **** #define I2C_READ_ONLY_OFFSET (I2C_READ_WRITE_OFFSET + I2C_READ_WRITE_SIZE)
  62:..\source/i2c.c **** 
  63:..\source/i2c.c **** #define DEVICE_STATUS_BASE (I2C_READ_ONLY_OFFSET)
  64:..\source/i2c.c **** #define DEVICE_STATUS_SIZE (sizeof(uint16))
  65:..\source/i2c.c **** 
  66:..\source/i2c.c **** #define MEASURED_COUNT_BASE (DEVICE_STATUS_BASE + DEVICE_STATUS_SIZE)
  67:..\source/i2c.c **** #define MEASURED_COUNT_SIZE (sizeof(uint32))
  68:..\source/i2c.c **** 
  69:..\source/i2c.c **** #define MEASURED_VELOCITY_BASE (MEASURED_COUNT_BASE + MEASURED_COUNT_SIZE)
  70:..\source/i2c.c **** #define MEASURED_VELOCITY_SIZE (sizeof(uint16))
  71:..\source/i2c.c **** 
  72:..\source/i2c.c **** #define ULTRASONIC_DISTANCE_BASE (MEASURED_VELOCITY_BASE + MEASURED_VELOCITY_SIZE)
  73:..\source/i2c.c **** #define ULTRASONIC_DISTANCE_SIZE (NUM_ULTRASONIC_SENSORS * sizeof(uint16))
  74:..\source/i2c.c **** 
  75:..\source/i2c.c **** #define INFRARED_DISTANCE_BASE (ULTRASONIC_DISTANCE_BASE + ULTRASONIC_DISTANCE_SIZE)
  76:..\source/i2c.c **** #define INFRARED_DISTANCE_SIZE (NUM_INFRARED_SENSORS * sizeof(uint8))
  77:..\source/i2c.c **** 
  78:..\source/i2c.c **** #define TEST_BASE (ULTRASONIC_DISTANCE_BASE + ULTRASONIC_DISTANCE_SIZE)
  79:..\source/i2c.c **** #define TEST_SIZE (1)
  80:..\source/i2c.c **** 
  81:..\source/i2c.c **** #define I2C_READ_ONLY_SIZE (MEASURED_COUNT_SIZE + MEASURED_VELOCITY_SIZE + ULTRASONIC_DISTANCE_SIZE
  82:..\source/i2c.c **** 
  83:..\source/i2c.c **** #define BUFFER_SIZE (I2C_READ_WRITE_SIZE + I2C_READ_ONLY_SIZE)
  84:..\source/i2c.c **** 
  85:..\source/i2c.c **** static uint8 i2c_buf[BUFFER_SIZE];
  86:..\source/i2c.c **** 
  87:..\source/i2c.c **** 
  88:..\source/i2c.c **** void I2c_Init()
  89:..\source/i2c.c **** {
ARM GAS  C:\Users\Tim\AppData\Local\Temp\cc7ll00q.s 			page 3


  26              		.loc 1 89 0
  27              		.cfi_startproc
  90:..\source/i2c.c ****     memset( i2c_buf, 0, sizeof(i2c_buf));
  28              		.loc 1 90 0
  29 0000 044B     		ldr	r3, .L2
  30 0002 0022     		mov	r2, #0
  31 0004 1A60     		str	r2, [r3]
  32 0006 5A60     		str	r2, [r3, #4]
  33 0008 9A60     		str	r2, [r3, #8]
  34 000a DA60     		str	r2, [r3, #12]
  35 000c 1A61     		str	r2, [r3, #16]
  36 000e 5A61     		str	r2, [r3, #20]
  37 0010 1A76     		strb	r2, [r3, #24]
  91:..\source/i2c.c **** }
  38              		.loc 1 91 0
  39              		@ sp needed
  40 0012 7047     		bx	lr
  41              	.L3:
  42              		.align	2
  43              	.L2:
  44 0014 00000000 		.word	.LANCHOR0
  45              		.cfi_endproc
  46              	.LFE34:
  47              		.size	I2c_Init, .-I2c_Init
  48              		.section	.text.I2c_Start,"ax",%progbits
  49              		.align	2
  50              		.global	I2c_Start
  51              		.code	16
  52              		.thumb_func
  53              		.type	I2c_Start, %function
  54              	I2c_Start:
  55              	.LFB35:
  92:..\source/i2c.c **** 
  93:..\source/i2c.c **** void I2c_Start()
  94:..\source/i2c.c **** {
  56              		.loc 1 94 0
  57              		.cfi_startproc
  58 0000 08B5     		push	{r3, lr}
  59              		.cfi_def_cfa_offset 8
  60              		.cfi_offset 3, -8
  61              		.cfi_offset 14, -4
  95:..\source/i2c.c ****     EZI2C_EzI2CSetAddress1(I2C_ADDRESS);
  62              		.loc 1 95 0
  63 0002 0920     		mov	r0, #9
  64 0004 FFF7FEFF 		bl	EZI2C_EzI2CSetAddress1
  65              	.LVL0:
  96:..\source/i2c.c ****     EZI2C_Start();
  66              		.loc 1 96 0
  67 0008 FFF7FEFF 		bl	EZI2C_Start
  68              	.LVL1:
  97:..\source/i2c.c ****     
  98:..\source/i2c.c ****     EZI2C_EzI2CSetBuffer1(sizeof(i2c_buf), I2C_READ_WRITE_SIZE, i2c_buf);
  69              		.loc 1 98 0
  70 000c 1920     		mov	r0, #25
  71 000e 0621     		mov	r1, #6
  72 0010 014A     		ldr	r2, .L5
  73 0012 FFF7FEFF 		bl	EZI2C_EzI2CSetBuffer1
ARM GAS  C:\Users\Tim\AppData\Local\Temp\cc7ll00q.s 			page 4


  74              	.LVL2:
  99:..\source/i2c.c **** }
  75              		.loc 1 99 0
  76              		@ sp needed
  77 0016 08BD     		pop	{r3, pc}
  78              	.L6:
  79              		.align	2
  80              	.L5:
  81 0018 00000000 		.word	.LANCHOR0
  82              		.cfi_endproc
  83              	.LFE35:
  84              		.size	I2c_Start, .-I2c_Start
  85              		.section	.text.I2c_ReadControl,"ax",%progbits
  86              		.align	2
  87              		.global	I2c_ReadControl
  88              		.code	16
  89              		.thumb_func
  90              		.type	I2c_ReadControl, %function
  91              	I2c_ReadControl:
  92              	.LFB36:
 100:..\source/i2c.c **** 
 101:..\source/i2c.c **** uint16 I2c_ReadControl()
 102:..\source/i2c.c **** {
  93              		.loc 1 102 0
  94              		.cfi_startproc
 103:..\source/i2c.c ****     return (uint16) (i2c_buf[CONTROL_BASE + 1] << 8) | i2c_buf[CONTROL_BASE];
  95              		.loc 1 103 0
  96 0000 024B     		ldr	r3, .L8
  97 0002 5878     		ldrb	r0, [r3, #1]
  98 0004 0002     		lsl	r0, r0, #8
  99 0006 1B78     		ldrb	r3, [r3]
 100 0008 1843     		orr	r0, r3
 104:..\source/i2c.c **** }
 101              		.loc 1 104 0
 102              		@ sp needed
 103 000a 7047     		bx	lr
 104              	.L9:
 105              		.align	2
 106              	.L8:
 107 000c 00000000 		.word	.LANCHOR0
 108              		.cfi_endproc
 109              	.LFE36:
 110              		.size	I2c_ReadControl, .-I2c_ReadControl
 111              		.section	.text.I2c_WriteStatus,"ax",%progbits
 112              		.align	2
 113              		.global	I2c_WriteStatus
 114              		.code	16
 115              		.thumb_func
 116              		.type	I2c_WriteStatus, %function
 117              	I2c_WriteStatus:
 118              	.LFB37:
 105:..\source/i2c.c **** 
 106:..\source/i2c.c **** void I2c_WriteStatus(uint16 mask)
 107:..\source/i2c.c **** {
 119              		.loc 1 107 0
 120              		.cfi_startproc
 121              	.LVL3:
ARM GAS  C:\Users\Tim\AppData\Local\Temp\cc7ll00q.s 			page 5


 108:..\source/i2c.c ****     i2c_buf[DEVICE_STATUS_BASE] |= (mask >> 8);
 122              		.loc 1 108 0
 123 0000 044B     		ldr	r3, .L11
 124 0002 010A     		lsr	r1, r0, #8
 125 0004 9A79     		ldrb	r2, [r3, #6]
 126 0006 0A43     		orr	r2, r1
 127 0008 9A71     		strb	r2, [r3, #6]
 109:..\source/i2c.c ****     i2c_buf[DEVICE_STATUS_BASE + 1] |= (mask & 0xFF);
 128              		.loc 1 109 0
 129 000a DA79     		ldrb	r2, [r3, #7]
 130 000c 1043     		orr	r0, r2
 131              	.LVL4:
 132 000e D871     		strb	r0, [r3, #7]
 110:..\source/i2c.c **** }
 133              		.loc 1 110 0
 134              		@ sp needed
 135 0010 7047     		bx	lr
 136              	.L12:
 137 0012 C046     		.align	2
 138              	.L11:
 139 0014 00000000 		.word	.LANCHOR0
 140              		.cfi_endproc
 141              	.LFE37:
 142              		.size	I2c_WriteStatus, .-I2c_WriteStatus
 143              		.section	.text.I2c_ReadVelocity,"ax",%progbits
 144              		.align	2
 145              		.global	I2c_ReadVelocity
 146              		.code	16
 147              		.thumb_func
 148              		.type	I2c_ReadVelocity, %function
 149              	I2c_ReadVelocity:
 150              	.LFB38:
 111:..\source/i2c.c **** 
 112:..\source/i2c.c **** void I2c_ReadVelocity(int16* velocity_percent)
 113:..\source/i2c.c **** {
 151              		.loc 1 113 0
 152              		.cfi_startproc
 153              	.LVL5:
 114:..\source/i2c.c ****     *velocity_percent = (int16) (i2c_buf[COMMANDED_VELOCITY_BASE + 1] << 8) | i2c_buf[COMMANDED_VEL
 154              		.loc 1 114 0
 155 0000 034A     		ldr	r2, .L14
 156 0002 D378     		ldrb	r3, [r2, #3]
 157 0004 1B02     		lsl	r3, r3, #8
 158 0006 9278     		ldrb	r2, [r2, #2]
 159 0008 1343     		orr	r3, r2
 160 000a 0380     		strh	r3, [r0]
 115:..\source/i2c.c **** }
 161              		.loc 1 115 0
 162              		@ sp needed
 163 000c 7047     		bx	lr
 164              	.L15:
 165 000e C046     		.align	2
 166              	.L14:
 167 0010 00000000 		.word	.LANCHOR0
 168              		.cfi_endproc
 169              	.LFE38:
 170              		.size	I2c_ReadVelocity, .-I2c_ReadVelocity
ARM GAS  C:\Users\Tim\AppData\Local\Temp\cc7ll00q.s 			page 6


 171              		.section	.text.I2c_ReadAcceleration,"ax",%progbits
 172              		.align	2
 173              		.global	I2c_ReadAcceleration
 174              		.code	16
 175              		.thumb_func
 176              		.type	I2c_ReadAcceleration, %function
 177              	I2c_ReadAcceleration:
 178              	.LFB39:
 116:..\source/i2c.c **** 
 117:..\source/i2c.c **** void I2c_ReadAcceleration(int16* accel_percent)
 118:..\source/i2c.c **** {
 179              		.loc 1 118 0
 180              		.cfi_startproc
 181              	.LVL6:
 119:..\source/i2c.c ****     *accel_percent = (int16) (i2c_buf[COMMANDED_ACCELERATION_BASE + 1] << 8) | i2c_buf[COMMANDED_AC
 182              		.loc 1 119 0
 183 0000 034A     		ldr	r2, .L17
 184 0002 5379     		ldrb	r3, [r2, #5]
 185 0004 1B02     		lsl	r3, r3, #8
 186 0006 1279     		ldrb	r2, [r2, #4]
 187 0008 1343     		orr	r3, r2
 188 000a 0380     		strh	r3, [r0]
 120:..\source/i2c.c **** }
 189              		.loc 1 120 0
 190              		@ sp needed
 191 000c 7047     		bx	lr
 192              	.L18:
 193 000e C046     		.align	2
 194              	.L17:
 195 0010 00000000 		.word	.LANCHOR0
 196              		.cfi_endproc
 197              	.LFE39:
 198              		.size	I2c_ReadAcceleration, .-I2c_ReadAcceleration
 199              		.section	.text.I2c_WriteCount,"ax",%progbits
 200              		.align	2
 201              		.global	I2c_WriteCount
 202              		.code	16
 203              		.thumb_func
 204              		.type	I2c_WriteCount, %function
 205              	I2c_WriteCount:
 206              	.LFB40:
 121:..\source/i2c.c **** 
 122:..\source/i2c.c **** void I2c_WriteCount(uint32 count)
 123:..\source/i2c.c **** {
 207              		.loc 1 123 0
 208              		.cfi_startproc
 209              	.LVL7:
 124:..\source/i2c.c ****     i2c_buf[MEASURED_COUNT_BASE] = (uint8) (count >> 24) & 0x000000ff;
 210              		.loc 1 124 0
 211 0000 020E     		lsr	r2, r0, #24
 212 0002 044B     		ldr	r3, .L20
 213 0004 1A72     		strb	r2, [r3, #8]
 125:..\source/i2c.c ****     i2c_buf[MEASURED_COUNT_BASE + 1] = (uint8) (count >> 16) & 0x000000ff;
 214              		.loc 1 125 0
 215 0006 020C     		lsr	r2, r0, #16
 216 0008 5A72     		strb	r2, [r3, #9]
 126:..\source/i2c.c ****     i2c_buf[MEASURED_COUNT_BASE + 2] = (uint8) (count >> 8) & 0x000000ff;
ARM GAS  C:\Users\Tim\AppData\Local\Temp\cc7ll00q.s 			page 7


 217              		.loc 1 126 0
 218 000a 020A     		lsr	r2, r0, #8
 219 000c 9A72     		strb	r2, [r3, #10]
 127:..\source/i2c.c ****     i2c_buf[MEASURED_COUNT_BASE + 3] = (uint8) (count & 0x000000ff);
 220              		.loc 1 127 0
 221 000e D872     		strb	r0, [r3, #11]
 128:..\source/i2c.c **** }
 222              		.loc 1 128 0
 223              		@ sp needed
 224 0010 7047     		bx	lr
 225              	.L21:
 226 0012 C046     		.align	2
 227              	.L20:
 228 0014 00000000 		.word	.LANCHOR0
 229              		.cfi_endproc
 230              	.LFE40:
 231              		.size	I2c_WriteCount, .-I2c_WriteCount
 232              		.section	.text.I2c_WriteVelocity,"ax",%progbits
 233              		.align	2
 234              		.global	I2c_WriteVelocity
 235              		.code	16
 236              		.thumb_func
 237              		.type	I2c_WriteVelocity, %function
 238              	I2c_WriteVelocity:
 239              	.LFB41:
 129:..\source/i2c.c **** 
 130:..\source/i2c.c **** void I2c_WriteVelocity(int16 velocity_percent)
 131:..\source/i2c.c **** {
 240              		.loc 1 131 0
 241              		.cfi_startproc
 242              	.LVL8:
 132:..\source/i2c.c ****     i2c_buf[MEASURED_VELOCITY_BASE] = (uint8) velocity_percent & 0x00ff;
 243              		.loc 1 132 0
 244 0000 024B     		ldr	r3, .L23
 245 0002 1873     		strb	r0, [r3, #12]
 133:..\source/i2c.c ****     i2c_buf[MEASURED_VELOCITY_BASE + 1] = (uint8) (velocity_percent >> 8) & 0x00ff;
 246              		.loc 1 133 0
 247 0004 0012     		asr	r0, r0, #8
 248              	.LVL9:
 249 0006 5873     		strb	r0, [r3, #13]
 134:..\source/i2c.c **** }
 250              		.loc 1 134 0
 251              		@ sp needed
 252 0008 7047     		bx	lr
 253              	.L24:
 254 000a C046     		.align	2
 255              	.L23:
 256 000c 00000000 		.word	.LANCHOR0
 257              		.cfi_endproc
 258              	.LFE41:
 259              		.size	I2c_WriteVelocity, .-I2c_WriteVelocity
 260              		.section	.text.I2c_WriteUltrasonicDistance,"ax",%progbits
 261              		.align	2
 262              		.global	I2c_WriteUltrasonicDistance
 263              		.code	16
 264              		.thumb_func
 265              		.type	I2c_WriteUltrasonicDistance, %function
ARM GAS  C:\Users\Tim\AppData\Local\Temp\cc7ll00q.s 			page 8


 266              	I2c_WriteUltrasonicDistance:
 267              	.LFB42:
 135:..\source/i2c.c **** 
 136:..\source/i2c.c **** void I2c_WriteUltrasonicDistance(uint8 offset, uint16 distance)
 137:..\source/i2c.c **** {
 268              		.loc 1 137 0
 269              		.cfi_startproc
 270              	.LVL10:
 271 0000 10B5     		push	{r4, lr}
 272              		.cfi_def_cfa_offset 8
 273              		.cfi_offset 4, -8
 274              		.cfi_offset 14, -4
 138:..\source/i2c.c ****     uint8 index = offset * sizeof(distance);
 275              		.loc 1 138 0
 276 0002 4000     		lsl	r0, r0, #1
 277              	.LVL11:
 278 0004 C0B2     		uxtb	r0, r0
 279              	.LVL12:
 139:..\source/i2c.c ****     i2c_buf[ULTRASONIC_DISTANCE_BASE + index] = (distance >> 8) & 0x00ff;
 280              		.loc 1 139 0
 281 0006 021C     		mov	r2, r0
 282 0008 0E32     		add	r2, r2, #14
 283 000a 034B     		ldr	r3, .L26
 284 000c 0C0A     		lsr	r4, r1, #8
 285 000e 9C54     		strb	r4, [r3, r2]
 140:..\source/i2c.c ****     i2c_buf[ULTRASONIC_DISTANCE_BASE + index + 1] = distance & 0x00ff;
 286              		.loc 1 140 0
 287 0010 0F30     		add	r0, r0, #15
 288              	.LVL13:
 289 0012 1954     		strb	r1, [r3, r0]
 141:..\source/i2c.c **** }
 290              		.loc 1 141 0
 291              		@ sp needed
 292 0014 10BD     		pop	{r4, pc}
 293              	.L27:
 294 0016 C046     		.align	2
 295              	.L26:
 296 0018 00000000 		.word	.LANCHOR0
 297              		.cfi_endproc
 298              	.LFE42:
 299              		.size	I2c_WriteUltrasonicDistance, .-I2c_WriteUltrasonicDistance
 300              		.section	.text.I2c_WriteInfraredDistance,"ax",%progbits
 301              		.align	2
 302              		.global	I2c_WriteInfraredDistance
 303              		.code	16
 304              		.thumb_func
 305              		.type	I2c_WriteInfraredDistance, %function
 306              	I2c_WriteInfraredDistance:
 307              	.LFB43:
 142:..\source/i2c.c **** 
 143:..\source/i2c.c **** void I2c_WriteInfraredDistance(uint8 offset, uint8 distance)
 144:..\source/i2c.c **** {
 308              		.loc 1 144 0
 309              		.cfi_startproc
 310              	.LVL14:
 145:..\source/i2c.c ****     i2c_buf[INFRARED_DISTANCE_BASE + offset] = distance;
 311              		.loc 1 145 0
ARM GAS  C:\Users\Tim\AppData\Local\Temp\cc7ll00q.s 			page 9


 312 0000 1630     		add	r0, r0, #22
 313              	.LVL15:
 314 0002 014B     		ldr	r3, .L29
 315 0004 1954     		strb	r1, [r3, r0]
 146:..\source/i2c.c **** }
 316              		.loc 1 146 0
 317              		@ sp needed
 318 0006 7047     		bx	lr
 319              	.L30:
 320              		.align	2
 321              	.L29:
 322 0008 00000000 		.word	.LANCHOR0
 323              		.cfi_endproc
 324              	.LFE43:
 325              		.size	I2c_WriteInfraredDistance, .-I2c_WriteInfraredDistance
 326              		.section	.text.I2c_WriteTest,"ax",%progbits
 327              		.align	2
 328              		.global	I2c_WriteTest
 329              		.code	16
 330              		.thumb_func
 331              		.type	I2c_WriteTest, %function
 332              	I2c_WriteTest:
 333              	.LFB44:
 147:..\source/i2c.c **** 
 148:..\source/i2c.c **** void I2c_WriteTest()
 149:..\source/i2c.c **** {
 334              		.loc 1 149 0
 335              		.cfi_startproc
 336 0000 08B5     		push	{r3, lr}
 337              		.cfi_def_cfa_offset 8
 338              		.cfi_offset 3, -8
 339              		.cfi_offset 14, -4
 150:..\source/i2c.c ****     static uint32 last_time = 0;
 151:..\source/i2c.c ****     static uint8 test_count = 1;
 152:..\source/i2c.c ****     
 153:..\source/i2c.c ****     if (millis() - last_time > 1000)
 340              		.loc 1 153 0
 341 0002 FFF7FEFF 		bl	millis
 342              	.LVL16:
 343 0006 084B     		ldr	r3, .L33
 344 0008 DB69     		ldr	r3, [r3, #28]
 345 000a C01A     		sub	r0, r0, r3
 346 000c FA23     		mov	r3, #250
 347 000e 9B00     		lsl	r3, r3, #2
 348 0010 9842     		cmp	r0, r3
 349 0012 08D9     		bls	.L31
 154:..\source/i2c.c ****     {
 155:..\source/i2c.c ****         last_time = millis();
 350              		.loc 1 155 0
 351 0014 FFF7FEFF 		bl	millis
 352              	.LVL17:
 353 0018 034B     		ldr	r3, .L33
 354 001a D861     		str	r0, [r3, #28]
 156:..\source/i2c.c ****         i2c_buf[TEST_BASE] = test_count++;
 355              		.loc 1 156 0
 356 001c 0349     		ldr	r1, .L33+4
 357 001e 0A78     		ldrb	r2, [r1]
ARM GAS  C:\Users\Tim\AppData\Local\Temp\cc7ll00q.s 			page 10


 358 0020 501C     		add	r0, r2, #1
 359 0022 0870     		strb	r0, [r1]
 360 0024 9A75     		strb	r2, [r3, #22]
 361              	.L31:
 157:..\source/i2c.c ****     }
 158:..\source/i2c.c **** }
 362              		.loc 1 158 0
 363              		@ sp needed
 364 0026 08BD     		pop	{r3, pc}
 365              	.L34:
 366              		.align	2
 367              	.L33:
 368 0028 00000000 		.word	.LANCHOR0
 369 002c 00000000 		.word	.LANCHOR1
 370              		.cfi_endproc
 371              	.LFE44:
 372              		.size	I2c_WriteTest, .-I2c_WriteTest
 373              		.data
 374              		.set	.LANCHOR1,. + 0
 375              		.type	test_count.6072, %object
 376              		.size	test_count.6072, 1
 377              	test_count.6072:
 378 0000 01       		.byte	1
 379              		.bss
 380              		.align	2
 381              		.set	.LANCHOR0,. + 0
 382              		.type	i2c_buf, %object
 383              		.size	i2c_buf, 25
 384              	i2c_buf:
 385 0000 00000000 		.space	25
 385      00000000 
 385      00000000 
 385      00000000 
 385      00000000 
 386 0019 000000   		.space	3
 387              		.type	last_time.6071, %object
 388              		.size	last_time.6071, 4
 389              	last_time.6071:
 390 001c 00000000 		.space	4
 391              		.text
 392              	.Letext0:
 393              		.file 2 "Generated_Source\\PSoC4/cytypes.h"
 394              		.file 3 "Generated_Source\\PSoC4/EZI2C_EZI2C.h"
 395              		.file 4 "Generated_Source\\PSoC4/EZI2C.h"
 396              		.file 5 "..\\source\\time.h"
 397              		.section	.debug_info,"",%progbits
 398              	.Ldebug_info0:
 399 0000 07030000 		.4byte	0x307
 400 0004 0400     		.2byte	0x4
 401 0006 00000000 		.4byte	.Ldebug_abbrev0
 402 000a 04       		.byte	0x4
 403 000b 01       		.uleb128 0x1
 404 000c E1010000 		.4byte	.LASF38
 405 0010 01       		.byte	0x1
 406 0011 D9000000 		.4byte	.LASF39
 407 0015 62010000 		.4byte	.LASF40
 408 0019 00000000 		.4byte	.Ldebug_ranges0+0
ARM GAS  C:\Users\Tim\AppData\Local\Temp\cc7ll00q.s 			page 11


 409 001d 00000000 		.4byte	0
 410 0021 00000000 		.4byte	.Ldebug_line0
 411 0025 02       		.uleb128 0x2
 412 0026 01       		.byte	0x1
 413 0027 06       		.byte	0x6
 414 0028 C0020000 		.4byte	.LASF0
 415 002c 02       		.uleb128 0x2
 416 002d 01       		.byte	0x1
 417 002e 08       		.byte	0x8
 418 002f AD000000 		.4byte	.LASF1
 419 0033 02       		.uleb128 0x2
 420 0034 02       		.byte	0x2
 421 0035 05       		.byte	0x5
 422 0036 A6020000 		.4byte	.LASF2
 423 003a 02       		.uleb128 0x2
 424 003b 02       		.byte	0x2
 425 003c 07       		.byte	0x7
 426 003d CC020000 		.4byte	.LASF3
 427 0041 02       		.uleb128 0x2
 428 0042 04       		.byte	0x4
 429 0043 05       		.byte	0x5
 430 0044 B0020000 		.4byte	.LASF4
 431 0048 02       		.uleb128 0x2
 432 0049 04       		.byte	0x4
 433 004a 07       		.byte	0x7
 434 004b C1000000 		.4byte	.LASF5
 435 004f 02       		.uleb128 0x2
 436 0050 08       		.byte	0x8
 437 0051 05       		.byte	0x5
 438 0052 B8010000 		.4byte	.LASF6
 439 0056 02       		.uleb128 0x2
 440 0057 08       		.byte	0x8
 441 0058 07       		.byte	0x7
 442 0059 21010000 		.4byte	.LASF7
 443 005d 03       		.uleb128 0x3
 444 005e 04       		.byte	0x4
 445 005f 05       		.byte	0x5
 446 0060 696E7400 		.ascii	"int\000"
 447 0064 02       		.uleb128 0x2
 448 0065 04       		.byte	0x4
 449 0066 07       		.byte	0x7
 450 0067 28000000 		.4byte	.LASF8
 451 006b 04       		.uleb128 0x4
 452 006c D3000000 		.4byte	.LASF9
 453 0070 02       		.byte	0x2
 454 0071 C2       		.byte	0xc2
 455 0072 2C000000 		.4byte	0x2c
 456 0076 04       		.uleb128 0x4
 457 0077 03010000 		.4byte	.LASF10
 458 007b 02       		.byte	0x2
 459 007c C3       		.byte	0xc3
 460 007d 3A000000 		.4byte	0x3a
 461 0081 04       		.uleb128 0x4
 462 0082 0A010000 		.4byte	.LASF11
 463 0086 02       		.byte	0x2
 464 0087 C4       		.byte	0xc4
 465 0088 48000000 		.4byte	0x48
ARM GAS  C:\Users\Tim\AppData\Local\Temp\cc7ll00q.s 			page 12


 466 008c 04       		.uleb128 0x4
 467 008d BB000000 		.4byte	.LASF12
 468 0091 02       		.byte	0x2
 469 0092 C6       		.byte	0xc6
 470 0093 33000000 		.4byte	0x33
 471 0097 02       		.uleb128 0x2
 472 0098 04       		.byte	0x4
 473 0099 04       		.byte	0x4
 474 009a 92000000 		.4byte	.LASF13
 475 009e 02       		.uleb128 0x2
 476 009f 08       		.byte	0x8
 477 00a0 04       		.byte	0x4
 478 00a1 E9000000 		.4byte	.LASF14
 479 00a5 02       		.uleb128 0x2
 480 00a6 01       		.byte	0x1
 481 00a7 08       		.byte	0x8
 482 00a8 00000000 		.4byte	.LASF15
 483 00ac 05       		.uleb128 0x5
 484 00ad 6B000000 		.4byte	0x6b
 485 00b1 02       		.uleb128 0x2
 486 00b2 04       		.byte	0x4
 487 00b3 07       		.byte	0x7
 488 00b4 99010000 		.4byte	.LASF16
 489 00b8 06       		.uleb128 0x6
 490 00b9 F0000000 		.4byte	.LASF41
 491 00bd 01       		.byte	0x1
 492 00be 58       		.byte	0x58
 493 00bf 00000000 		.4byte	.LFB34
 494 00c3 18000000 		.4byte	.LFE34-.LFB34
 495 00c7 01       		.uleb128 0x1
 496 00c8 9C       		.byte	0x9c
 497 00c9 07       		.uleb128 0x7
 498 00ca DF020000 		.4byte	.LASF30
 499 00ce 01       		.byte	0x1
 500 00cf 5D       		.byte	0x5d
 501 00d0 00000000 		.4byte	.LFB35
 502 00d4 1C000000 		.4byte	.LFE35-.LFB35
 503 00d8 01       		.uleb128 0x1
 504 00d9 9C       		.byte	0x9c
 505 00da 18010000 		.4byte	0x118
 506 00de 08       		.uleb128 0x8
 507 00df 08000000 		.4byte	.LVL0
 508 00e3 C4020000 		.4byte	0x2c4
 509 00e7 F1000000 		.4byte	0xf1
 510 00eb 09       		.uleb128 0x9
 511 00ec 01       		.uleb128 0x1
 512 00ed 50       		.byte	0x50
 513 00ee 01       		.uleb128 0x1
 514 00ef 39       		.byte	0x39
 515 00f0 00       		.byte	0
 516 00f1 0A       		.uleb128 0xa
 517 00f2 0C000000 		.4byte	.LVL1
 518 00f6 D5020000 		.4byte	0x2d5
 519 00fa 0B       		.uleb128 0xb
 520 00fb 16000000 		.4byte	.LVL2
 521 00ff DC020000 		.4byte	0x2dc
 522 0103 09       		.uleb128 0x9
ARM GAS  C:\Users\Tim\AppData\Local\Temp\cc7ll00q.s 			page 13


 523 0104 01       		.uleb128 0x1
 524 0105 52       		.byte	0x52
 525 0106 05       		.uleb128 0x5
 526 0107 03       		.byte	0x3
 527 0108 00000000 		.4byte	.LANCHOR0
 528 010c 09       		.uleb128 0x9
 529 010d 01       		.uleb128 0x1
 530 010e 51       		.byte	0x51
 531 010f 01       		.uleb128 0x1
 532 0110 36       		.byte	0x36
 533 0111 09       		.uleb128 0x9
 534 0112 01       		.uleb128 0x1
 535 0113 50       		.byte	0x50
 536 0114 01       		.uleb128 0x1
 537 0115 49       		.byte	0x49
 538 0116 00       		.byte	0
 539 0117 00       		.byte	0
 540 0118 0C       		.uleb128 0xc
 541 0119 11010000 		.4byte	.LASF42
 542 011d 01       		.byte	0x1
 543 011e 65       		.byte	0x65
 544 011f 76000000 		.4byte	0x76
 545 0123 00000000 		.4byte	.LFB36
 546 0127 10000000 		.4byte	.LFE36-.LFB36
 547 012b 01       		.uleb128 0x1
 548 012c 9C       		.byte	0x9c
 549 012d 0D       		.uleb128 0xd
 550 012e C6010000 		.4byte	.LASF17
 551 0132 01       		.byte	0x1
 552 0133 6A       		.byte	0x6a
 553 0134 00000000 		.4byte	.LFB37
 554 0138 18000000 		.4byte	.LFE37-.LFB37
 555 013c 01       		.uleb128 0x1
 556 013d 9C       		.byte	0x9c
 557 013e 52010000 		.4byte	0x152
 558 0142 0E       		.uleb128 0xe
 559 0143 D6010000 		.4byte	.LASF19
 560 0147 01       		.byte	0x1
 561 0148 6A       		.byte	0x6a
 562 0149 76000000 		.4byte	0x76
 563 014d 00000000 		.4byte	.LLST0
 564 0151 00       		.byte	0
 565 0152 0D       		.uleb128 0xd
 566 0153 89020000 		.4byte	.LASF18
 567 0157 01       		.byte	0x1
 568 0158 70       		.byte	0x70
 569 0159 00000000 		.4byte	.LFB38
 570 015d 14000000 		.4byte	.LFE38-.LFB38
 571 0161 01       		.uleb128 0x1
 572 0162 9C       		.byte	0x9c
 573 0163 75010000 		.4byte	0x175
 574 0167 0F       		.uleb128 0xf
 575 0168 35000000 		.4byte	.LASF20
 576 016c 01       		.byte	0x1
 577 016d 70       		.byte	0x70
 578 016e 75010000 		.4byte	0x175
 579 0172 01       		.uleb128 0x1
ARM GAS  C:\Users\Tim\AppData\Local\Temp\cc7ll00q.s 			page 14


 580 0173 50       		.byte	0x50
 581 0174 00       		.byte	0
 582 0175 10       		.uleb128 0x10
 583 0176 04       		.byte	0x4
 584 0177 8C000000 		.4byte	0x8c
 585 017b 0D       		.uleb128 0xd
 586 017c 98000000 		.4byte	.LASF21
 587 0180 01       		.byte	0x1
 588 0181 75       		.byte	0x75
 589 0182 00000000 		.4byte	.LFB39
 590 0186 14000000 		.4byte	.LFE39-.LFB39
 591 018a 01       		.uleb128 0x1
 592 018b 9C       		.byte	0x9c
 593 018c 9E010000 		.4byte	0x19e
 594 0190 0F       		.uleb128 0xf
 595 0191 12000000 		.4byte	.LASF22
 596 0195 01       		.byte	0x1
 597 0196 75       		.byte	0x75
 598 0197 75010000 		.4byte	0x175
 599 019b 01       		.uleb128 0x1
 600 019c 50       		.byte	0x50
 601 019d 00       		.byte	0
 602 019e 0D       		.uleb128 0xd
 603 019f 83000000 		.4byte	.LASF23
 604 01a3 01       		.byte	0x1
 605 01a4 7A       		.byte	0x7a
 606 01a5 00000000 		.4byte	.LFB40
 607 01a9 18000000 		.4byte	.LFE40-.LFB40
 608 01ad 01       		.uleb128 0x1
 609 01ae 9C       		.byte	0x9c
 610 01af C1010000 		.4byte	0x1c1
 611 01b3 0F       		.uleb128 0xf
 612 01b4 0C000000 		.4byte	.LASF24
 613 01b8 01       		.byte	0x1
 614 01b9 7A       		.byte	0x7a
 615 01ba 81000000 		.4byte	0x81
 616 01be 01       		.uleb128 0x1
 617 01bf 50       		.byte	0x50
 618 01c0 00       		.byte	0
 619 01c1 0D       		.uleb128 0xd
 620 01c2 5D000000 		.4byte	.LASF25
 621 01c6 01       		.byte	0x1
 622 01c7 82       		.byte	0x82
 623 01c8 00000000 		.4byte	.LFB41
 624 01cc 10000000 		.4byte	.LFE41-.LFB41
 625 01d0 01       		.uleb128 0x1
 626 01d1 9C       		.byte	0x9c
 627 01d2 E6010000 		.4byte	0x1e6
 628 01d6 0E       		.uleb128 0xe
 629 01d7 35000000 		.4byte	.LASF20
 630 01db 01       		.byte	0x1
 631 01dc 82       		.byte	0x82
 632 01dd 8C000000 		.4byte	0x8c
 633 01e1 21000000 		.4byte	.LLST1
 634 01e5 00       		.byte	0
 635 01e6 0D       		.uleb128 0xd
 636 01e7 46010000 		.4byte	.LASF26
ARM GAS  C:\Users\Tim\AppData\Local\Temp\cc7ll00q.s 			page 15


 637 01eb 01       		.byte	0x1
 638 01ec 88       		.byte	0x88
 639 01ed 00000000 		.4byte	.LFB42
 640 01f1 1C000000 		.4byte	.LFE42-.LFB42
 641 01f5 01       		.uleb128 0x1
 642 01f6 9C       		.byte	0x9c
 643 01f7 27020000 		.4byte	0x227
 644 01fb 0E       		.uleb128 0xe
 645 01fc 05000000 		.4byte	.LASF27
 646 0200 01       		.byte	0x1
 647 0201 88       		.byte	0x88
 648 0202 6B000000 		.4byte	0x6b
 649 0206 42000000 		.4byte	.LLST2
 650 020a 0F       		.uleb128 0xf
 651 020b 7A000000 		.4byte	.LASF28
 652 020f 01       		.byte	0x1
 653 0210 88       		.byte	0x88
 654 0211 76000000 		.4byte	0x76
 655 0215 01       		.uleb128 0x1
 656 0216 51       		.byte	0x51
 657 0217 11       		.uleb128 0x11
 658 0218 DB010000 		.4byte	.LASF32
 659 021c 01       		.byte	0x1
 660 021d 8A       		.byte	0x8a
 661 021e 6B000000 		.4byte	0x6b
 662 0222 63000000 		.4byte	.LLST3
 663 0226 00       		.byte	0
 664 0227 0D       		.uleb128 0xd
 665 0228 6F020000 		.4byte	.LASF29
 666 022c 01       		.byte	0x1
 667 022d 8F       		.byte	0x8f
 668 022e 00000000 		.4byte	.LFB43
 669 0232 0C000000 		.4byte	.LFE43-.LFB43
 670 0236 01       		.uleb128 0x1
 671 0237 9C       		.byte	0x9c
 672 0238 59020000 		.4byte	0x259
 673 023c 0E       		.uleb128 0xe
 674 023d 05000000 		.4byte	.LASF27
 675 0241 01       		.byte	0x1
 676 0242 8F       		.byte	0x8f
 677 0243 6B000000 		.4byte	0x6b
 678 0247 83000000 		.4byte	.LLST4
 679 024b 0F       		.uleb128 0xf
 680 024c 7A000000 		.4byte	.LASF28
 681 0250 01       		.byte	0x1
 682 0251 8F       		.byte	0x8f
 683 0252 6B000000 		.4byte	0x6b
 684 0256 01       		.uleb128 0x1
 685 0257 51       		.byte	0x51
 686 0258 00       		.byte	0
 687 0259 07       		.uleb128 0x7
 688 025a 38010000 		.4byte	.LASF31
 689 025e 01       		.byte	0x1
 690 025f 94       		.byte	0x94
 691 0260 00000000 		.4byte	.LFB44
 692 0264 30000000 		.4byte	.LFE44-.LFB44
 693 0268 01       		.uleb128 0x1
ARM GAS  C:\Users\Tim\AppData\Local\Temp\cc7ll00q.s 			page 16


 694 0269 9C       		.byte	0x9c
 695 026a A3020000 		.4byte	0x2a3
 696 026e 12       		.uleb128 0x12
 697 026f F9000000 		.4byte	.LASF33
 698 0273 01       		.byte	0x1
 699 0274 96       		.byte	0x96
 700 0275 81000000 		.4byte	0x81
 701 0279 05       		.uleb128 0x5
 702 027a 03       		.byte	0x3
 703 027b 1C000000 		.4byte	last_time.6071
 704 027f 12       		.uleb128 0x12
 705 0280 6F000000 		.4byte	.LASF34
 706 0284 01       		.byte	0x1
 707 0285 97       		.byte	0x97
 708 0286 6B000000 		.4byte	0x6b
 709 028a 05       		.uleb128 0x5
 710 028b 03       		.byte	0x3
 711 028c 00000000 		.4byte	test_count.6072
 712 0290 0A       		.uleb128 0xa
 713 0291 06000000 		.4byte	.LVL16
 714 0295 FD020000 		.4byte	0x2fd
 715 0299 0A       		.uleb128 0xa
 716 029a 18000000 		.4byte	.LVL17
 717 029e FD020000 		.4byte	0x2fd
 718 02a2 00       		.byte	0
 719 02a3 13       		.uleb128 0x13
 720 02a4 6B000000 		.4byte	0x6b
 721 02a8 B3020000 		.4byte	0x2b3
 722 02ac 14       		.uleb128 0x14
 723 02ad B1000000 		.4byte	0xb1
 724 02b1 18       		.byte	0x18
 725 02b2 00       		.byte	0
 726 02b3 12       		.uleb128 0x12
 727 02b4 20000000 		.4byte	.LASF35
 728 02b8 01       		.byte	0x1
 729 02b9 55       		.byte	0x55
 730 02ba A3020000 		.4byte	0x2a3
 731 02be 05       		.uleb128 0x5
 732 02bf 03       		.byte	0x3
 733 02c0 00000000 		.4byte	i2c_buf
 734 02c4 15       		.uleb128 0x15
 735 02c5 46000000 		.4byte	.LASF36
 736 02c9 03       		.byte	0x3
 737 02ca 7A       		.byte	0x7a
 738 02cb D5020000 		.4byte	0x2d5
 739 02cf 16       		.uleb128 0x16
 740 02d0 81000000 		.4byte	0x81
 741 02d4 00       		.byte	0
 742 02d5 17       		.uleb128 0x17
 743 02d6 9A020000 		.4byte	.LASF43
 744 02da 04       		.byte	0x4
 745 02db 68       		.byte	0x68
 746 02dc 15       		.uleb128 0x15
 747 02dd A2010000 		.4byte	.LASF37
 748 02e1 03       		.byte	0x3
 749 02e2 7C       		.byte	0x7c
 750 02e3 F7020000 		.4byte	0x2f7
ARM GAS  C:\Users\Tim\AppData\Local\Temp\cc7ll00q.s 			page 17


 751 02e7 16       		.uleb128 0x16
 752 02e8 81000000 		.4byte	0x81
 753 02ec 16       		.uleb128 0x16
 754 02ed 81000000 		.4byte	0x81
 755 02f1 16       		.uleb128 0x16
 756 02f2 F7020000 		.4byte	0x2f7
 757 02f6 00       		.byte	0
 758 02f7 10       		.uleb128 0x10
 759 02f8 04       		.byte	0x4
 760 02f9 AC000000 		.4byte	0xac
 761 02fd 18       		.uleb128 0x18
 762 02fe B9020000 		.4byte	.LASF44
 763 0302 05       		.byte	0x5
 764 0303 16       		.byte	0x16
 765 0304 81000000 		.4byte	0x81
 766 0308 19       		.uleb128 0x19
 767 0309 00       		.byte	0
 768 030a 00       		.byte	0
 769              		.section	.debug_abbrev,"",%progbits
 770              	.Ldebug_abbrev0:
 771 0000 01       		.uleb128 0x1
 772 0001 11       		.uleb128 0x11
 773 0002 01       		.byte	0x1
 774 0003 25       		.uleb128 0x25
 775 0004 0E       		.uleb128 0xe
 776 0005 13       		.uleb128 0x13
 777 0006 0B       		.uleb128 0xb
 778 0007 03       		.uleb128 0x3
 779 0008 0E       		.uleb128 0xe
 780 0009 1B       		.uleb128 0x1b
 781 000a 0E       		.uleb128 0xe
 782 000b 55       		.uleb128 0x55
 783 000c 17       		.uleb128 0x17
 784 000d 11       		.uleb128 0x11
 785 000e 01       		.uleb128 0x1
 786 000f 10       		.uleb128 0x10
 787 0010 17       		.uleb128 0x17
 788 0011 00       		.byte	0
 789 0012 00       		.byte	0
 790 0013 02       		.uleb128 0x2
 791 0014 24       		.uleb128 0x24
 792 0015 00       		.byte	0
 793 0016 0B       		.uleb128 0xb
 794 0017 0B       		.uleb128 0xb
 795 0018 3E       		.uleb128 0x3e
 796 0019 0B       		.uleb128 0xb
 797 001a 03       		.uleb128 0x3
 798 001b 0E       		.uleb128 0xe
 799 001c 00       		.byte	0
 800 001d 00       		.byte	0
 801 001e 03       		.uleb128 0x3
 802 001f 24       		.uleb128 0x24
 803 0020 00       		.byte	0
 804 0021 0B       		.uleb128 0xb
 805 0022 0B       		.uleb128 0xb
 806 0023 3E       		.uleb128 0x3e
 807 0024 0B       		.uleb128 0xb
ARM GAS  C:\Users\Tim\AppData\Local\Temp\cc7ll00q.s 			page 18


 808 0025 03       		.uleb128 0x3
 809 0026 08       		.uleb128 0x8
 810 0027 00       		.byte	0
 811 0028 00       		.byte	0
 812 0029 04       		.uleb128 0x4
 813 002a 16       		.uleb128 0x16
 814 002b 00       		.byte	0
 815 002c 03       		.uleb128 0x3
 816 002d 0E       		.uleb128 0xe
 817 002e 3A       		.uleb128 0x3a
 818 002f 0B       		.uleb128 0xb
 819 0030 3B       		.uleb128 0x3b
 820 0031 0B       		.uleb128 0xb
 821 0032 49       		.uleb128 0x49
 822 0033 13       		.uleb128 0x13
 823 0034 00       		.byte	0
 824 0035 00       		.byte	0
 825 0036 05       		.uleb128 0x5
 826 0037 35       		.uleb128 0x35
 827 0038 00       		.byte	0
 828 0039 49       		.uleb128 0x49
 829 003a 13       		.uleb128 0x13
 830 003b 00       		.byte	0
 831 003c 00       		.byte	0
 832 003d 06       		.uleb128 0x6
 833 003e 2E       		.uleb128 0x2e
 834 003f 00       		.byte	0
 835 0040 3F       		.uleb128 0x3f
 836 0041 19       		.uleb128 0x19
 837 0042 03       		.uleb128 0x3
 838 0043 0E       		.uleb128 0xe
 839 0044 3A       		.uleb128 0x3a
 840 0045 0B       		.uleb128 0xb
 841 0046 3B       		.uleb128 0x3b
 842 0047 0B       		.uleb128 0xb
 843 0048 11       		.uleb128 0x11
 844 0049 01       		.uleb128 0x1
 845 004a 12       		.uleb128 0x12
 846 004b 06       		.uleb128 0x6
 847 004c 40       		.uleb128 0x40
 848 004d 18       		.uleb128 0x18
 849 004e 9742     		.uleb128 0x2117
 850 0050 19       		.uleb128 0x19
 851 0051 00       		.byte	0
 852 0052 00       		.byte	0
 853 0053 07       		.uleb128 0x7
 854 0054 2E       		.uleb128 0x2e
 855 0055 01       		.byte	0x1
 856 0056 3F       		.uleb128 0x3f
 857 0057 19       		.uleb128 0x19
 858 0058 03       		.uleb128 0x3
 859 0059 0E       		.uleb128 0xe
 860 005a 3A       		.uleb128 0x3a
 861 005b 0B       		.uleb128 0xb
 862 005c 3B       		.uleb128 0x3b
 863 005d 0B       		.uleb128 0xb
 864 005e 11       		.uleb128 0x11
ARM GAS  C:\Users\Tim\AppData\Local\Temp\cc7ll00q.s 			page 19


 865 005f 01       		.uleb128 0x1
 866 0060 12       		.uleb128 0x12
 867 0061 06       		.uleb128 0x6
 868 0062 40       		.uleb128 0x40
 869 0063 18       		.uleb128 0x18
 870 0064 9742     		.uleb128 0x2117
 871 0066 19       		.uleb128 0x19
 872 0067 01       		.uleb128 0x1
 873 0068 13       		.uleb128 0x13
 874 0069 00       		.byte	0
 875 006a 00       		.byte	0
 876 006b 08       		.uleb128 0x8
 877 006c 898201   		.uleb128 0x4109
 878 006f 01       		.byte	0x1
 879 0070 11       		.uleb128 0x11
 880 0071 01       		.uleb128 0x1
 881 0072 31       		.uleb128 0x31
 882 0073 13       		.uleb128 0x13
 883 0074 01       		.uleb128 0x1
 884 0075 13       		.uleb128 0x13
 885 0076 00       		.byte	0
 886 0077 00       		.byte	0
 887 0078 09       		.uleb128 0x9
 888 0079 8A8201   		.uleb128 0x410a
 889 007c 00       		.byte	0
 890 007d 02       		.uleb128 0x2
 891 007e 18       		.uleb128 0x18
 892 007f 9142     		.uleb128 0x2111
 893 0081 18       		.uleb128 0x18
 894 0082 00       		.byte	0
 895 0083 00       		.byte	0
 896 0084 0A       		.uleb128 0xa
 897 0085 898201   		.uleb128 0x4109
 898 0088 00       		.byte	0
 899 0089 11       		.uleb128 0x11
 900 008a 01       		.uleb128 0x1
 901 008b 31       		.uleb128 0x31
 902 008c 13       		.uleb128 0x13
 903 008d 00       		.byte	0
 904 008e 00       		.byte	0
 905 008f 0B       		.uleb128 0xb
 906 0090 898201   		.uleb128 0x4109
 907 0093 01       		.byte	0x1
 908 0094 11       		.uleb128 0x11
 909 0095 01       		.uleb128 0x1
 910 0096 31       		.uleb128 0x31
 911 0097 13       		.uleb128 0x13
 912 0098 00       		.byte	0
 913 0099 00       		.byte	0
 914 009a 0C       		.uleb128 0xc
 915 009b 2E       		.uleb128 0x2e
 916 009c 00       		.byte	0
 917 009d 3F       		.uleb128 0x3f
 918 009e 19       		.uleb128 0x19
 919 009f 03       		.uleb128 0x3
 920 00a0 0E       		.uleb128 0xe
 921 00a1 3A       		.uleb128 0x3a
ARM GAS  C:\Users\Tim\AppData\Local\Temp\cc7ll00q.s 			page 20


 922 00a2 0B       		.uleb128 0xb
 923 00a3 3B       		.uleb128 0x3b
 924 00a4 0B       		.uleb128 0xb
 925 00a5 49       		.uleb128 0x49
 926 00a6 13       		.uleb128 0x13
 927 00a7 11       		.uleb128 0x11
 928 00a8 01       		.uleb128 0x1
 929 00a9 12       		.uleb128 0x12
 930 00aa 06       		.uleb128 0x6
 931 00ab 40       		.uleb128 0x40
 932 00ac 18       		.uleb128 0x18
 933 00ad 9742     		.uleb128 0x2117
 934 00af 19       		.uleb128 0x19
 935 00b0 00       		.byte	0
 936 00b1 00       		.byte	0
 937 00b2 0D       		.uleb128 0xd
 938 00b3 2E       		.uleb128 0x2e
 939 00b4 01       		.byte	0x1
 940 00b5 3F       		.uleb128 0x3f
 941 00b6 19       		.uleb128 0x19
 942 00b7 03       		.uleb128 0x3
 943 00b8 0E       		.uleb128 0xe
 944 00b9 3A       		.uleb128 0x3a
 945 00ba 0B       		.uleb128 0xb
 946 00bb 3B       		.uleb128 0x3b
 947 00bc 0B       		.uleb128 0xb
 948 00bd 27       		.uleb128 0x27
 949 00be 19       		.uleb128 0x19
 950 00bf 11       		.uleb128 0x11
 951 00c0 01       		.uleb128 0x1
 952 00c1 12       		.uleb128 0x12
 953 00c2 06       		.uleb128 0x6
 954 00c3 40       		.uleb128 0x40
 955 00c4 18       		.uleb128 0x18
 956 00c5 9742     		.uleb128 0x2117
 957 00c7 19       		.uleb128 0x19
 958 00c8 01       		.uleb128 0x1
 959 00c9 13       		.uleb128 0x13
 960 00ca 00       		.byte	0
 961 00cb 00       		.byte	0
 962 00cc 0E       		.uleb128 0xe
 963 00cd 05       		.uleb128 0x5
 964 00ce 00       		.byte	0
 965 00cf 03       		.uleb128 0x3
 966 00d0 0E       		.uleb128 0xe
 967 00d1 3A       		.uleb128 0x3a
 968 00d2 0B       		.uleb128 0xb
 969 00d3 3B       		.uleb128 0x3b
 970 00d4 0B       		.uleb128 0xb
 971 00d5 49       		.uleb128 0x49
 972 00d6 13       		.uleb128 0x13
 973 00d7 02       		.uleb128 0x2
 974 00d8 17       		.uleb128 0x17
 975 00d9 00       		.byte	0
 976 00da 00       		.byte	0
 977 00db 0F       		.uleb128 0xf
 978 00dc 05       		.uleb128 0x5
ARM GAS  C:\Users\Tim\AppData\Local\Temp\cc7ll00q.s 			page 21


 979 00dd 00       		.byte	0
 980 00de 03       		.uleb128 0x3
 981 00df 0E       		.uleb128 0xe
 982 00e0 3A       		.uleb128 0x3a
 983 00e1 0B       		.uleb128 0xb
 984 00e2 3B       		.uleb128 0x3b
 985 00e3 0B       		.uleb128 0xb
 986 00e4 49       		.uleb128 0x49
 987 00e5 13       		.uleb128 0x13
 988 00e6 02       		.uleb128 0x2
 989 00e7 18       		.uleb128 0x18
 990 00e8 00       		.byte	0
 991 00e9 00       		.byte	0
 992 00ea 10       		.uleb128 0x10
 993 00eb 0F       		.uleb128 0xf
 994 00ec 00       		.byte	0
 995 00ed 0B       		.uleb128 0xb
 996 00ee 0B       		.uleb128 0xb
 997 00ef 49       		.uleb128 0x49
 998 00f0 13       		.uleb128 0x13
 999 00f1 00       		.byte	0
 1000 00f2 00       		.byte	0
 1001 00f3 11       		.uleb128 0x11
 1002 00f4 34       		.uleb128 0x34
 1003 00f5 00       		.byte	0
 1004 00f6 03       		.uleb128 0x3
 1005 00f7 0E       		.uleb128 0xe
 1006 00f8 3A       		.uleb128 0x3a
 1007 00f9 0B       		.uleb128 0xb
 1008 00fa 3B       		.uleb128 0x3b
 1009 00fb 0B       		.uleb128 0xb
 1010 00fc 49       		.uleb128 0x49
 1011 00fd 13       		.uleb128 0x13
 1012 00fe 02       		.uleb128 0x2
 1013 00ff 17       		.uleb128 0x17
 1014 0100 00       		.byte	0
 1015 0101 00       		.byte	0
 1016 0102 12       		.uleb128 0x12
 1017 0103 34       		.uleb128 0x34
 1018 0104 00       		.byte	0
 1019 0105 03       		.uleb128 0x3
 1020 0106 0E       		.uleb128 0xe
 1021 0107 3A       		.uleb128 0x3a
 1022 0108 0B       		.uleb128 0xb
 1023 0109 3B       		.uleb128 0x3b
 1024 010a 0B       		.uleb128 0xb
 1025 010b 49       		.uleb128 0x49
 1026 010c 13       		.uleb128 0x13
 1027 010d 02       		.uleb128 0x2
 1028 010e 18       		.uleb128 0x18
 1029 010f 00       		.byte	0
 1030 0110 00       		.byte	0
 1031 0111 13       		.uleb128 0x13
 1032 0112 01       		.uleb128 0x1
 1033 0113 01       		.byte	0x1
 1034 0114 49       		.uleb128 0x49
 1035 0115 13       		.uleb128 0x13
ARM GAS  C:\Users\Tim\AppData\Local\Temp\cc7ll00q.s 			page 22


 1036 0116 01       		.uleb128 0x1
 1037 0117 13       		.uleb128 0x13
 1038 0118 00       		.byte	0
 1039 0119 00       		.byte	0
 1040 011a 14       		.uleb128 0x14
 1041 011b 21       		.uleb128 0x21
 1042 011c 00       		.byte	0
 1043 011d 49       		.uleb128 0x49
 1044 011e 13       		.uleb128 0x13
 1045 011f 2F       		.uleb128 0x2f
 1046 0120 0B       		.uleb128 0xb
 1047 0121 00       		.byte	0
 1048 0122 00       		.byte	0
 1049 0123 15       		.uleb128 0x15
 1050 0124 2E       		.uleb128 0x2e
 1051 0125 01       		.byte	0x1
 1052 0126 3F       		.uleb128 0x3f
 1053 0127 19       		.uleb128 0x19
 1054 0128 03       		.uleb128 0x3
 1055 0129 0E       		.uleb128 0xe
 1056 012a 3A       		.uleb128 0x3a
 1057 012b 0B       		.uleb128 0xb
 1058 012c 3B       		.uleb128 0x3b
 1059 012d 0B       		.uleb128 0xb
 1060 012e 27       		.uleb128 0x27
 1061 012f 19       		.uleb128 0x19
 1062 0130 3C       		.uleb128 0x3c
 1063 0131 19       		.uleb128 0x19
 1064 0132 01       		.uleb128 0x1
 1065 0133 13       		.uleb128 0x13
 1066 0134 00       		.byte	0
 1067 0135 00       		.byte	0
 1068 0136 16       		.uleb128 0x16
 1069 0137 05       		.uleb128 0x5
 1070 0138 00       		.byte	0
 1071 0139 49       		.uleb128 0x49
 1072 013a 13       		.uleb128 0x13
 1073 013b 00       		.byte	0
 1074 013c 00       		.byte	0
 1075 013d 17       		.uleb128 0x17
 1076 013e 2E       		.uleb128 0x2e
 1077 013f 00       		.byte	0
 1078 0140 3F       		.uleb128 0x3f
 1079 0141 19       		.uleb128 0x19
 1080 0142 03       		.uleb128 0x3
 1081 0143 0E       		.uleb128 0xe
 1082 0144 3A       		.uleb128 0x3a
 1083 0145 0B       		.uleb128 0xb
 1084 0146 3B       		.uleb128 0x3b
 1085 0147 0B       		.uleb128 0xb
 1086 0148 27       		.uleb128 0x27
 1087 0149 19       		.uleb128 0x19
 1088 014a 3C       		.uleb128 0x3c
 1089 014b 19       		.uleb128 0x19
 1090 014c 00       		.byte	0
 1091 014d 00       		.byte	0
 1092 014e 18       		.uleb128 0x18
ARM GAS  C:\Users\Tim\AppData\Local\Temp\cc7ll00q.s 			page 23


 1093 014f 2E       		.uleb128 0x2e
 1094 0150 01       		.byte	0x1
 1095 0151 3F       		.uleb128 0x3f
 1096 0152 19       		.uleb128 0x19
 1097 0153 03       		.uleb128 0x3
 1098 0154 0E       		.uleb128 0xe
 1099 0155 3A       		.uleb128 0x3a
 1100 0156 0B       		.uleb128 0xb
 1101 0157 3B       		.uleb128 0x3b
 1102 0158 0B       		.uleb128 0xb
 1103 0159 49       		.uleb128 0x49
 1104 015a 13       		.uleb128 0x13
 1105 015b 3C       		.uleb128 0x3c
 1106 015c 19       		.uleb128 0x19
 1107 015d 00       		.byte	0
 1108 015e 00       		.byte	0
 1109 015f 19       		.uleb128 0x19
 1110 0160 18       		.uleb128 0x18
 1111 0161 00       		.byte	0
 1112 0162 00       		.byte	0
 1113 0163 00       		.byte	0
 1114 0164 00       		.byte	0
 1115              		.section	.debug_loc,"",%progbits
 1116              	.Ldebug_loc0:
 1117              	.LLST0:
 1118 0000 00000000 		.4byte	.LVL3
 1119 0004 0E000000 		.4byte	.LVL4
 1120 0008 0100     		.2byte	0x1
 1121 000a 50       		.byte	0x50
 1122 000b 0E000000 		.4byte	.LVL4
 1123 000f 18000000 		.4byte	.LFE37
 1124 0013 0400     		.2byte	0x4
 1125 0015 F3       		.byte	0xf3
 1126 0016 01       		.uleb128 0x1
 1127 0017 50       		.byte	0x50
 1128 0018 9F       		.byte	0x9f
 1129 0019 00000000 		.4byte	0
 1130 001d 00000000 		.4byte	0
 1131              	.LLST1:
 1132 0021 00000000 		.4byte	.LVL8
 1133 0025 06000000 		.4byte	.LVL9
 1134 0029 0100     		.2byte	0x1
 1135 002b 50       		.byte	0x50
 1136 002c 06000000 		.4byte	.LVL9
 1137 0030 10000000 		.4byte	.LFE41
 1138 0034 0400     		.2byte	0x4
 1139 0036 F3       		.byte	0xf3
 1140 0037 01       		.uleb128 0x1
 1141 0038 50       		.byte	0x50
 1142 0039 9F       		.byte	0x9f
 1143 003a 00000000 		.4byte	0
 1144 003e 00000000 		.4byte	0
 1145              	.LLST2:
 1146 0042 00000000 		.4byte	.LVL10
 1147 0046 04000000 		.4byte	.LVL11
 1148 004a 0100     		.2byte	0x1
 1149 004c 50       		.byte	0x50
ARM GAS  C:\Users\Tim\AppData\Local\Temp\cc7ll00q.s 			page 24


 1150 004d 04000000 		.4byte	.LVL11
 1151 0051 1C000000 		.4byte	.LFE42
 1152 0055 0400     		.2byte	0x4
 1153 0057 F3       		.byte	0xf3
 1154 0058 01       		.uleb128 0x1
 1155 0059 50       		.byte	0x50
 1156 005a 9F       		.byte	0x9f
 1157 005b 00000000 		.4byte	0
 1158 005f 00000000 		.4byte	0
 1159              	.LLST3:
 1160 0063 06000000 		.4byte	.LVL12
 1161 0067 12000000 		.4byte	.LVL13
 1162 006b 0100     		.2byte	0x1
 1163 006d 50       		.byte	0x50
 1164 006e 12000000 		.4byte	.LVL13
 1165 0072 1C000000 		.4byte	.LFE42
 1166 0076 0300     		.2byte	0x3
 1167 0078 70       		.byte	0x70
 1168 0079 71       		.sleb128 -15
 1169 007a 9F       		.byte	0x9f
 1170 007b 00000000 		.4byte	0
 1171 007f 00000000 		.4byte	0
 1172              	.LLST4:
 1173 0083 00000000 		.4byte	.LVL14
 1174 0087 02000000 		.4byte	.LVL15
 1175 008b 0100     		.2byte	0x1
 1176 008d 50       		.byte	0x50
 1177 008e 02000000 		.4byte	.LVL15
 1178 0092 0C000000 		.4byte	.LFE43
 1179 0096 0400     		.2byte	0x4
 1180 0098 F3       		.byte	0xf3
 1181 0099 01       		.uleb128 0x1
 1182 009a 50       		.byte	0x50
 1183 009b 9F       		.byte	0x9f
 1184 009c 00000000 		.4byte	0
 1185 00a0 00000000 		.4byte	0
 1186              		.section	.debug_aranges,"",%progbits
 1187 0000 6C000000 		.4byte	0x6c
 1188 0004 0200     		.2byte	0x2
 1189 0006 00000000 		.4byte	.Ldebug_info0
 1190 000a 04       		.byte	0x4
 1191 000b 00       		.byte	0
 1192 000c 0000     		.2byte	0
 1193 000e 0000     		.2byte	0
 1194 0010 00000000 		.4byte	.LFB34
 1195 0014 18000000 		.4byte	.LFE34-.LFB34
 1196 0018 00000000 		.4byte	.LFB35
 1197 001c 1C000000 		.4byte	.LFE35-.LFB35
 1198 0020 00000000 		.4byte	.LFB36
 1199 0024 10000000 		.4byte	.LFE36-.LFB36
 1200 0028 00000000 		.4byte	.LFB37
 1201 002c 18000000 		.4byte	.LFE37-.LFB37
 1202 0030 00000000 		.4byte	.LFB38
 1203 0034 14000000 		.4byte	.LFE38-.LFB38
 1204 0038 00000000 		.4byte	.LFB39
 1205 003c 14000000 		.4byte	.LFE39-.LFB39
 1206 0040 00000000 		.4byte	.LFB40
ARM GAS  C:\Users\Tim\AppData\Local\Temp\cc7ll00q.s 			page 25


 1207 0044 18000000 		.4byte	.LFE40-.LFB40
 1208 0048 00000000 		.4byte	.LFB41
 1209 004c 10000000 		.4byte	.LFE41-.LFB41
 1210 0050 00000000 		.4byte	.LFB42
 1211 0054 1C000000 		.4byte	.LFE42-.LFB42
 1212 0058 00000000 		.4byte	.LFB43
 1213 005c 0C000000 		.4byte	.LFE43-.LFB43
 1214 0060 00000000 		.4byte	.LFB44
 1215 0064 30000000 		.4byte	.LFE44-.LFB44
 1216 0068 00000000 		.4byte	0
 1217 006c 00000000 		.4byte	0
 1218              		.section	.debug_ranges,"",%progbits
 1219              	.Ldebug_ranges0:
 1220 0000 00000000 		.4byte	.LFB34
 1221 0004 18000000 		.4byte	.LFE34
 1222 0008 00000000 		.4byte	.LFB35
 1223 000c 1C000000 		.4byte	.LFE35
 1224 0010 00000000 		.4byte	.LFB36
 1225 0014 10000000 		.4byte	.LFE36
 1226 0018 00000000 		.4byte	.LFB37
 1227 001c 18000000 		.4byte	.LFE37
 1228 0020 00000000 		.4byte	.LFB38
 1229 0024 14000000 		.4byte	.LFE38
 1230 0028 00000000 		.4byte	.LFB39
 1231 002c 14000000 		.4byte	.LFE39
 1232 0030 00000000 		.4byte	.LFB40
 1233 0034 18000000 		.4byte	.LFE40
 1234 0038 00000000 		.4byte	.LFB41
 1235 003c 10000000 		.4byte	.LFE41
 1236 0040 00000000 		.4byte	.LFB42
 1237 0044 1C000000 		.4byte	.LFE42
 1238 0048 00000000 		.4byte	.LFB43
 1239 004c 0C000000 		.4byte	.LFE43
 1240 0050 00000000 		.4byte	.LFB44
 1241 0054 30000000 		.4byte	.LFE44
 1242 0058 00000000 		.4byte	0
 1243 005c 00000000 		.4byte	0
 1244              		.section	.debug_line,"",%progbits
 1245              	.Ldebug_line0:
 1246 0000 47010000 		.section	.debug_str,"MS",%progbits,1
 1246      02007000 
 1246      00000201 
 1246      FB0E0D00 
 1246      01010101 
 1247              	.LASF15:
 1248 0000 63686172 		.ascii	"char\000"
 1248      00
 1249              	.LASF27:
 1250 0005 6F666673 		.ascii	"offset\000"
 1250      657400
 1251              	.LASF24:
 1252 000c 636F756E 		.ascii	"count\000"
 1252      7400
 1253              	.LASF22:
 1254 0012 61636365 		.ascii	"accel_percent\000"
 1254      6C5F7065 
 1254      7263656E 
ARM GAS  C:\Users\Tim\AppData\Local\Temp\cc7ll00q.s 			page 26


 1254      7400
 1255              	.LASF35:
 1256 0020 6932635F 		.ascii	"i2c_buf\000"
 1256      62756600 
 1257              	.LASF8:
 1258 0028 756E7369 		.ascii	"unsigned int\000"
 1258      676E6564 
 1258      20696E74 
 1258      00
 1259              	.LASF20:
 1260 0035 76656C6F 		.ascii	"velocity_percent\000"
 1260      63697479 
 1260      5F706572 
 1260      63656E74 
 1260      00
 1261              	.LASF36:
 1262 0046 455A4932 		.ascii	"EZI2C_EzI2CSetAddress1\000"
 1262      435F457A 
 1262      49324353 
 1262      65744164 
 1262      64726573 
 1263              	.LASF25:
 1264 005d 4932635F 		.ascii	"I2c_WriteVelocity\000"
 1264      57726974 
 1264      6556656C 
 1264      6F636974 
 1264      7900
 1265              	.LASF34:
 1266 006f 74657374 		.ascii	"test_count\000"
 1266      5F636F75 
 1266      6E7400
 1267              	.LASF28:
 1268 007a 64697374 		.ascii	"distance\000"
 1268      616E6365 
 1268      00
 1269              	.LASF23:
 1270 0083 4932635F 		.ascii	"I2c_WriteCount\000"
 1270      57726974 
 1270      65436F75 
 1270      6E7400
 1271              	.LASF13:
 1272 0092 666C6F61 		.ascii	"float\000"
 1272      7400
 1273              	.LASF21:
 1274 0098 4932635F 		.ascii	"I2c_ReadAcceleration\000"
 1274      52656164 
 1274      41636365 
 1274      6C657261 
 1274      74696F6E 
 1275              	.LASF1:
 1276 00ad 756E7369 		.ascii	"unsigned char\000"
 1276      676E6564 
 1276      20636861 
 1276      7200
 1277              	.LASF12:
 1278 00bb 696E7431 		.ascii	"int16\000"
 1278      3600
ARM GAS  C:\Users\Tim\AppData\Local\Temp\cc7ll00q.s 			page 27


 1279              	.LASF5:
 1280 00c1 6C6F6E67 		.ascii	"long unsigned int\000"
 1280      20756E73 
 1280      69676E65 
 1280      6420696E 
 1280      7400
 1281              	.LASF9:
 1282 00d3 75696E74 		.ascii	"uint8\000"
 1282      3800
 1283              	.LASF39:
 1284 00d9 2E2E5C73 		.ascii	"..\\source\\i2c.c\000"
 1284      6F757263 
 1284      655C6932 
 1284      632E6300 
 1285              	.LASF14:
 1286 00e9 646F7562 		.ascii	"double\000"
 1286      6C6500
 1287              	.LASF41:
 1288 00f0 4932635F 		.ascii	"I2c_Init\000"
 1288      496E6974 
 1288      00
 1289              	.LASF33:
 1290 00f9 6C617374 		.ascii	"last_time\000"
 1290      5F74696D 
 1290      6500
 1291              	.LASF10:
 1292 0103 75696E74 		.ascii	"uint16\000"
 1292      313600
 1293              	.LASF11:
 1294 010a 75696E74 		.ascii	"uint32\000"
 1294      333200
 1295              	.LASF42:
 1296 0111 4932635F 		.ascii	"I2c_ReadControl\000"
 1296      52656164 
 1296      436F6E74 
 1296      726F6C00 
 1297              	.LASF7:
 1298 0121 6C6F6E67 		.ascii	"long long unsigned int\000"
 1298      206C6F6E 
 1298      6720756E 
 1298      7369676E 
 1298      65642069 
 1299              	.LASF31:
 1300 0138 4932635F 		.ascii	"I2c_WriteTest\000"
 1300      57726974 
 1300      65546573 
 1300      7400
 1301              	.LASF26:
 1302 0146 4932635F 		.ascii	"I2c_WriteUltrasonicDistance\000"
 1302      57726974 
 1302      65556C74 
 1302      7261736F 
 1302      6E696344 
 1303              	.LASF40:
 1304 0162 443A5C70 		.ascii	"D:\\projects\\ArloBot\\ArlobotHw\\Arlobot\\Board2-R"
 1304      726F6A65 
 1304      6374735C 
ARM GAS  C:\Users\Tim\AppData\Local\Temp\cc7ll00q.s 			page 28


 1304      41726C6F 
 1304      426F745C 
 1305 0190 50692E63 		.ascii	"Pi.cydsn\000"
 1305      7964736E 
 1305      00
 1306              	.LASF16:
 1307 0199 73697A65 		.ascii	"sizetype\000"
 1307      74797065 
 1307      00
 1308              	.LASF37:
 1309 01a2 455A4932 		.ascii	"EZI2C_EzI2CSetBuffer1\000"
 1309      435F457A 
 1309      49324353 
 1309      65744275 
 1309      66666572 
 1310              	.LASF6:
 1311 01b8 6C6F6E67 		.ascii	"long long int\000"
 1311      206C6F6E 
 1311      6720696E 
 1311      7400
 1312              	.LASF17:
 1313 01c6 4932635F 		.ascii	"I2c_WriteStatus\000"
 1313      57726974 
 1313      65537461 
 1313      74757300 
 1314              	.LASF19:
 1315 01d6 6D61736B 		.ascii	"mask\000"
 1315      00
 1316              	.LASF32:
 1317 01db 696E6465 		.ascii	"index\000"
 1317      7800
 1318              	.LASF38:
 1319 01e1 474E5520 		.ascii	"GNU C 4.9.3 20150303 (release) [ARM/embedded-4_9-br"
 1319      4320342E 
 1319      392E3320 
 1319      32303135 
 1319      30333033 
 1320 0214 616E6368 		.ascii	"anch revision 221220] -mcpu=cortex-m0 -mthumb -g -O"
 1320      20726576 
 1320      6973696F 
 1320      6E203232 
 1320      31323230 
 1321 0247 67202D66 		.ascii	"g -ffunction-sections -ffat-lto-objects\000"
 1321      66756E63 
 1321      74696F6E 
 1321      2D736563 
 1321      74696F6E 
 1322              	.LASF29:
 1323 026f 4932635F 		.ascii	"I2c_WriteInfraredDistance\000"
 1323      57726974 
 1323      65496E66 
 1323      72617265 
 1323      64446973 
 1324              	.LASF18:
 1325 0289 4932635F 		.ascii	"I2c_ReadVelocity\000"
 1325      52656164 
 1325      56656C6F 
ARM GAS  C:\Users\Tim\AppData\Local\Temp\cc7ll00q.s 			page 29


 1325      63697479 
 1325      00
 1326              	.LASF43:
 1327 029a 455A4932 		.ascii	"EZI2C_Start\000"
 1327      435F5374 
 1327      61727400 
 1328              	.LASF2:
 1329 02a6 73686F72 		.ascii	"short int\000"
 1329      7420696E 
 1329      7400
 1330              	.LASF4:
 1331 02b0 6C6F6E67 		.ascii	"long int\000"
 1331      20696E74 
 1331      00
 1332              	.LASF44:
 1333 02b9 6D696C6C 		.ascii	"millis\000"
 1333      697300
 1334              	.LASF0:
 1335 02c0 7369676E 		.ascii	"signed char\000"
 1335      65642063 
 1335      68617200 
 1336              	.LASF3:
 1337 02cc 73686F72 		.ascii	"short unsigned int\000"
 1337      7420756E 
 1337      7369676E 
 1337      65642069 
 1337      6E7400
 1338              	.LASF30:
 1339 02df 4932635F 		.ascii	"I2c_Start\000"
 1339      53746172 
 1339      7400
 1340              		.ident	"GCC: (GNU Tools for ARM Embedded Processors) 4.9.3 20150303 (release) [ARM/embedded-4_9-br
