ARM GAS  C:\Users\Tim\AppData\Local\Temp\cct1Hglg.s 			page 1


   1              		.cpu cortex-m0
   2              		.fpu softvfp
   3              		.eabi_attribute 20, 1
   4              		.eabi_attribute 21, 1
   5              		.eabi_attribute 23, 3
   6              		.eabi_attribute 24, 1
   7              		.eabi_attribute 25, 1
   8              		.eabi_attribute 26, 1
   9              		.eabi_attribute 30, 1
  10              		.eabi_attribute 34, 0
  11              		.eabi_attribute 18, 4
  12              		.code	16
  13              		.file	"pid.c"
  14              		.text
  15              	.Ltext0:
  16              		.cfi_sections	.debug_frame
  17              		.section	.text.PrintPid,"ax",%progbits
  18              		.align	2
  19              		.code	16
  20              		.thumb_func
  21              		.type	PrintPid, %function
  22              	PrintPid:
  23              	.LFB38:
  24              		.file 1 "..\\source\\pid.c"
   1:..\source/pid.c **** /* ========================================
   2:..\source/pid.c ****  *
   3:..\source/pid.c ****  * Copyright YOUR COMPANY, THE YEAR
   4:..\source/pid.c ****  * All Rights Reserved
   5:..\source/pid.c ****  * UNPUBLISHED, LICENSED SOFTWARE.
   6:..\source/pid.c ****  *
   7:..\source/pid.c ****  * CONFIDENTIAL AND PROPRIETARY INFORMATION
   8:..\source/pid.c ****  * WHICH IS THE PROPERTY OF your company.
   9:..\source/pid.c ****  *
  10:..\source/pid.c ****  * ========================================
  11:..\source/pid.c **** */
  12:..\source/pid.c **** 
  13:..\source/pid.c **** #include <math.h>
  14:..\source/pid.c **** #include "pid.h"
  15:..\source/pid.c **** #include "encoder.h"
  16:..\source/pid.c **** #include "motor.h"
  17:..\source/pid.c **** #include "i2c.h"
  18:..\source/pid.c **** #include "utils.h"
  19:..\source/pid.c **** #include "debug.h"
  20:..\source/pid.c **** #include "time.h"
  21:..\source/pid.c **** 
  22:..\source/pid.c **** #define SAMPLE_RATE (20) // Hz
  23:..\source/pid.c **** #define SAMPLE_PERIOD (1000/SAMPLE_RATE) /* milliseconds */
  24:..\source/pid.c **** 
  25:..\source/pid.c **** #define MIN_KP (0)
  26:..\source/pid.c **** #define MAX_KP (1)
  27:..\source/pid.c **** #define MIN_KI (0)
  28:..\source/pid.c **** #define MAX_KI (1)
  29:..\source/pid.c **** #define MIN_KD (0)
  30:..\source/pid.c **** #define MAX_KD (1)
  31:..\source/pid.c **** #define MIN_SAMPLE_RATE (0)
  32:..\source/pid.c **** #define MAX_SAMPLE_RATE (1)
  33:..\source/pid.c **** 
ARM GAS  C:\Users\Tim\AppData\Local\Temp\cct1Hglg.s 			page 2


  34:..\source/pid.c **** #define DEFAULT_KP (1.0)
  35:..\source/pid.c **** #define DEFAULT_KI (0.5)
  36:..\source/pid.c **** #define DEFAULT_KD (0.0)
  37:..\source/pid.c **** 
  38:..\source/pid.c **** static float Kp;
  39:..\source/pid.c **** static float Ki;
  40:..\source/pid.c **** static float Kd;
  41:..\source/pid.c **** 
  42:..\source/pid.c **** /*---------------------------------*/
  43:..\source/pid.c **** 
  44:..\source/pid.c **** 
  45:..\source/pid.c **** typedef struct {
  46:..\source/pid.c ****     double windup_guard;
  47:..\source/pid.c ****     double proportional_gain;
  48:..\source/pid.c ****     double integral_gain;
  49:..\source/pid.c ****     double derivative_gain;
  50:..\source/pid.c ****     double prev_error;
  51:..\source/pid.c ****     double int_error;
  52:..\source/pid.c ****     double control;
  53:..\source/pid.c **** } PID;
  54:..\source/pid.c **** 
  55:..\source/pid.c **** static PID pid = {0.1, DEFAULT_KP, DEFAULT_KI, DEFAULT_KD, 0.0, 0.01, 0.0};
  56:..\source/pid.c **** 
  57:..\source/pid.c **** void pid_zeroize(PID* pid) {
  58:..\source/pid.c ****     // set prev and integrated error to zero
  59:..\source/pid.c ****     pid->prev_error = 0;
  60:..\source/pid.c ****     pid->int_error = 0;
  61:..\source/pid.c **** }
  62:..\source/pid.c ****  
  63:..\source/pid.c **** void pid_update(PID* pid, double curr_error)
  64:..\source/pid.c **** {
  65:..\source/pid.c ****     double diff;
  66:..\source/pid.c ****     double p_term;
  67:..\source/pid.c ****     double i_term;
  68:..\source/pid.c ****     double d_term;
  69:..\source/pid.c ****  
  70:..\source/pid.c ****     // integration with windup guarding
  71:..\source/pid.c ****     pid->int_error += curr_error;
  72:..\source/pid.c ****     if (pid->int_error < -(pid->windup_guard))
  73:..\source/pid.c ****         pid->int_error = -(pid->windup_guard);
  74:..\source/pid.c ****     else if (pid->int_error > pid->windup_guard)
  75:..\source/pid.c ****         pid->int_error = pid->windup_guard;
  76:..\source/pid.c ****  
  77:..\source/pid.c ****     // differentiation
  78:..\source/pid.c ****     diff = curr_error - pid->prev_error;
  79:..\source/pid.c ****  
  80:..\source/pid.c ****     // scaling
  81:..\source/pid.c ****     p_term = (pid->proportional_gain * curr_error);
  82:..\source/pid.c ****     i_term = (pid->integral_gain     * pid->int_error);
  83:..\source/pid.c ****     d_term = (pid->derivative_gain   * diff);
  84:..\source/pid.c ****  
  85:..\source/pid.c ****     // summation of terms
  86:..\source/pid.c ****     pid->control = p_term + i_term + d_term;
  87:..\source/pid.c ****  
  88:..\source/pid.c ****     // save current error as previous error for next iteration
  89:..\source/pid.c ****     pid->prev_error = curr_error;
  90:..\source/pid.c **** }
ARM GAS  C:\Users\Tim\AppData\Local\Temp\cct1Hglg.s 			page 3


  91:..\source/pid.c **** 
  92:..\source/pid.c **** void PID_Init(float p, float i, float d, uint8 sample_rate)
  93:..\source/pid.c **** {
  94:..\source/pid.c ****     Kp = p;
  95:..\source/pid.c ****     Ki = i;
  96:..\source/pid.c ****     Kd = d;
  97:..\source/pid.c ****     sample_rate = constrain(sample_rate, MIN_SAMPLE_RATE, MAX_SAMPLE_RATE);
  98:..\source/pid.c **** }
  99:..\source/pid.c **** 
 100:..\source/pid.c **** void PID_Start()
 101:..\source/pid.c **** {
 102:..\source/pid.c ****     Kp = DEFAULT_KP;
 103:..\source/pid.c ****     Ki = DEFAULT_KI;
 104:..\source/pid.c ****     Kd = DEFAULT_KD;
 105:..\source/pid.c **** }
 106:..\source/pid.c **** 
 107:..\source/pid.c **** static void PrintPid(PID *pid, int16 velocity)
 108:..\source/pid.c **** {
  25              		.loc 1 108 0
  26              		.cfi_startproc
  27              	.LVL0:
  28 0000 70B5     		push	{r4, r5, r6, lr}
  29              		.cfi_def_cfa_offset 16
  30              		.cfi_offset 4, -16
  31              		.cfi_offset 5, -12
  32              		.cfi_offset 6, -8
  33              		.cfi_offset 14, -4
  34 0002 D0B0     		sub	sp, sp, #320
  35              		.cfi_def_cfa_offset 336
  36 0004 041C     		mov	r4, r0
  37 0006 0E1C     		mov	r6, r1
  38              	.LBB2:
 109:..\source/pid.c ****     //COMMS_DEBUG_PRINT(0, "v: %d, i: %d, o: %2.1f, a: %d\n\r", velocity, input, output, adjust);
 110:..\source/pid.c ****     {
 111:..\source/pid.c ****     char buffer[256];
 112:..\source/pid.c ****     memset(buffer, 0, sizeof(buffer));
  39              		.loc 1 112 0
  40 0008 8025     		mov	r5, #128
  41 000a 6D00     		lsl	r5, r5, #1
  42 000c 10A8     		add	r0, sp, #64
  43              	.LVL1:
  44 000e 0021     		mov	r1, #0
  45              	.LVL2:
  46 0010 2A1C     		mov	r2, r5
  47 0012 FFF7FEFF 		bl	memset
  48              	.LVL3:
 113:..\source/pid.c ****     snprintf(buffer, sizeof(buffer), "\r\nc: %2.1f, dg: %2.1f, ie: %2.1f, ig: %2.1f, pe: %2.1f, pg:
  49              		.loc 1 113 0
  50 0016 226B     		ldr	r2, [r4, #48]
  51 0018 636B     		ldr	r3, [r4, #52]
  52 001a 0092     		str	r2, [sp]
  53 001c 0193     		str	r3, [sp, #4]
  54 001e A269     		ldr	r2, [r4, #24]
  55 0020 E369     		ldr	r3, [r4, #28]
  56 0022 0292     		str	r2, [sp, #8]
  57 0024 0393     		str	r3, [sp, #12]
  58 0026 A26A     		ldr	r2, [r4, #40]
ARM GAS  C:\Users\Tim\AppData\Local\Temp\cct1Hglg.s 			page 4


  59 0028 E36A     		ldr	r3, [r4, #44]
  60 002a 0492     		str	r2, [sp, #16]
  61 002c 0593     		str	r3, [sp, #20]
  62 002e 2269     		ldr	r2, [r4, #16]
  63 0030 6369     		ldr	r3, [r4, #20]
  64 0032 0692     		str	r2, [sp, #24]
  65 0034 0793     		str	r3, [sp, #28]
  66 0036 226A     		ldr	r2, [r4, #32]
  67 0038 636A     		ldr	r3, [r4, #36]
  68 003a 0892     		str	r2, [sp, #32]
  69 003c 0993     		str	r3, [sp, #36]
  70 003e A268     		ldr	r2, [r4, #8]
  71 0040 E368     		ldr	r3, [r4, #12]
  72 0042 0A92     		str	r2, [sp, #40]
  73 0044 0B93     		str	r3, [sp, #44]
  74 0046 2368     		ldr	r3, [r4]
  75 0048 6468     		ldr	r4, [r4, #4]
  76 004a 0C93     		str	r3, [sp, #48]
  77 004c 0D94     		str	r4, [sp, #52]
  78 004e 0E96     		str	r6, [sp, #56]
  79 0050 10A8     		add	r0, sp, #64
  80 0052 291C     		mov	r1, r5
  81 0054 034A     		ldr	r2, .L2
  82 0056 FFF7FEFF 		bl	snprintf
  83              	.LVL4:
 114:..\source/pid.c ****              pid->control, pid->derivative_gain, pid->int_error, pid->integral_gain,
 115:..\source/pid.c ****              pid->prev_error, pid->proportional_gain, pid->windup_guard, velocity);
 116:..\source/pid.c ****     UARTCOMMS_UartPutString(buffer);
  84              		.loc 1 116 0
  85 005a 10A8     		add	r0, sp, #64
  86 005c FFF7FEFF 		bl	UARTCOMMS_UartPutString
  87              	.LVL5:
  88              	.LBE2:
 117:..\source/pid.c ****     }
 118:..\source/pid.c **** }
  89              		.loc 1 118 0
  90 0060 50B0     		add	sp, sp, #320
  91              		@ sp needed
  92              	.LVL6:
  93 0062 70BD     		pop	{r4, r5, r6, pc}
  94              	.L3:
  95              		.align	2
  96              	.L2:
  97 0064 00000000 		.word	.LC0
  98              		.cfi_endproc
  99              	.LFE38:
 100              		.size	PrintPid, .-PrintPid
 101              		.section	.text.pid_zeroize,"ax",%progbits
 102              		.align	2
 103              		.global	pid_zeroize
 104              		.code	16
 105              		.thumb_func
 106              		.type	pid_zeroize, %function
 107              	pid_zeroize:
 108              	.LFB34:
  57:..\source/pid.c ****     // set prev and integrated error to zero
 109              		.loc 1 57 0
ARM GAS  C:\Users\Tim\AppData\Local\Temp\cct1Hglg.s 			page 5


 110              		.cfi_startproc
 111              	.LVL7:
  59:..\source/pid.c ****     pid->int_error = 0;
 112              		.loc 1 59 0
 113 0000 0022     		mov	r2, #0
 114 0002 0023     		mov	r3, #0
 115 0004 0262     		str	r2, [r0, #32]
 116 0006 4362     		str	r3, [r0, #36]
  60:..\source/pid.c **** }
 117              		.loc 1 60 0
 118 0008 8262     		str	r2, [r0, #40]
 119 000a C362     		str	r3, [r0, #44]
  61:..\source/pid.c ****  
 120              		.loc 1 61 0
 121              		@ sp needed
 122 000c 7047     		bx	lr
 123              		.cfi_endproc
 124              	.LFE34:
 125              		.size	pid_zeroize, .-pid_zeroize
 126              		.global	__aeabi_dadd
 127              		.global	__aeabi_dcmplt
 128              		.global	__aeabi_dcmpgt
 129              		.global	__aeabi_dsub
 130              		.global	__aeabi_dmul
 131 000e C046     		.section	.text.pid_update,"ax",%progbits
 132              		.align	2
 133              		.global	pid_update
 134              		.code	16
 135              		.thumb_func
 136              		.type	pid_update, %function
 137              	pid_update:
 138              	.LFB35:
  64:..\source/pid.c ****     double diff;
 139              		.loc 1 64 0
 140              		.cfi_startproc
 141              	.LVL8:
 142 0000 F0B5     		push	{r4, r5, r6, r7, lr}
 143              		.cfi_def_cfa_offset 20
 144              		.cfi_offset 4, -20
 145              		.cfi_offset 5, -16
 146              		.cfi_offset 6, -12
 147              		.cfi_offset 7, -8
 148              		.cfi_offset 14, -4
 149 0002 87B0     		sub	sp, sp, #28
 150              		.cfi_def_cfa_offset 48
 151 0004 061C     		mov	r6, r0
 152 0006 0092     		str	r2, [sp]
 153 0008 0193     		str	r3, [sp, #4]
  71:..\source/pid.c ****     if (pid->int_error < -(pid->windup_guard))
 154              		.loc 1 71 0
 155 000a 101C     		mov	r0, r2
 156              	.LVL9:
 157 000c 191C     		mov	r1, r3
 158 000e B26A     		ldr	r2, [r6, #40]
 159 0010 F36A     		ldr	r3, [r6, #44]
 160              	.LVL10:
 161 0012 FFF7FEFF 		bl	__aeabi_dadd
ARM GAS  C:\Users\Tim\AppData\Local\Temp\cct1Hglg.s 			page 6


 162              	.LVL11:
 163 0016 041C     		mov	r4, r0
 164 0018 0D1C     		mov	r5, r1
 165 001a B462     		str	r4, [r6, #40]
 166 001c F562     		str	r5, [r6, #44]
  72:..\source/pid.c ****         pid->int_error = -(pid->windup_guard);
 167              		.loc 1 72 0
 168 001e 3368     		ldr	r3, [r6]
 169 0020 0293     		str	r3, [sp, #8]
 170 0022 7768     		ldr	r7, [r6, #4]
 171 0024 8022     		mov	r2, #128
 172 0026 1206     		lsl	r2, r2, #24
 173 0028 9446     		mov	ip, r2
 174 002a BC44     		add	ip, ip, r7
 175 002c 6246     		mov	r2, ip
 176 002e 0492     		str	r2, [sp, #16]
 177 0030 029A     		ldr	r2, [sp, #8]
 178 0032 6346     		mov	r3, ip
 179 0034 FFF7FEFF 		bl	__aeabi_dcmplt
 180              	.LVL12:
 181 0038 0028     		cmp	r0, #0
 182 003a 04D0     		beq	.L12
  73:..\source/pid.c ****     else if (pid->int_error > pid->windup_guard)
 183              		.loc 1 73 0
 184 003c 029A     		ldr	r2, [sp, #8]
 185 003e 049B     		ldr	r3, [sp, #16]
 186 0040 B262     		str	r2, [r6, #40]
 187 0042 F362     		str	r3, [r6, #44]
 188 0044 0CE0     		b	.L8
 189              	.L12:
  74:..\source/pid.c ****         pid->int_error = pid->windup_guard;
 190              		.loc 1 74 0
 191 0046 201C     		mov	r0, r4
 192 0048 291C     		mov	r1, r5
 193 004a 029C     		ldr	r4, [sp, #8]
 194 004c 221C     		mov	r2, r4
 195 004e 3B1C     		mov	r3, r7
 196 0050 FFF7FEFF 		bl	__aeabi_dcmpgt
 197              	.LVL13:
 198 0054 0028     		cmp	r0, #0
 199 0056 03D0     		beq	.L8
  75:..\source/pid.c ****  
 200              		.loc 1 75 0
 201 0058 221C     		mov	r2, r4
 202 005a 3B1C     		mov	r3, r7
 203 005c B262     		str	r2, [r6, #40]
 204 005e F362     		str	r3, [r6, #44]
 205              	.L8:
  78:..\source/pid.c ****  
 206              		.loc 1 78 0
 207 0060 009C     		ldr	r4, [sp]
 208 0062 019D     		ldr	r5, [sp, #4]
 209 0064 201C     		mov	r0, r4
 210 0066 291C     		mov	r1, r5
 211 0068 326A     		ldr	r2, [r6, #32]
 212 006a 736A     		ldr	r3, [r6, #36]
 213 006c FFF7FEFF 		bl	__aeabi_dsub
ARM GAS  C:\Users\Tim\AppData\Local\Temp\cct1Hglg.s 			page 7


 214              	.LVL14:
 215 0070 0290     		str	r0, [sp, #8]
 216 0072 0391     		str	r1, [sp, #12]
 217              	.LVL15:
  81:..\source/pid.c ****     i_term = (pid->integral_gain     * pid->int_error);
 218              		.loc 1 81 0
 219 0074 B068     		ldr	r0, [r6, #8]
 220 0076 F168     		ldr	r1, [r6, #12]
 221              	.LVL16:
 222 0078 0094     		str	r4, [sp]
 223 007a 0195     		str	r5, [sp, #4]
 224              	.LVL17:
 225 007c 221C     		mov	r2, r4
 226 007e 2B1C     		mov	r3, r5
 227 0080 FFF7FEFF 		bl	__aeabi_dmul
 228              	.LVL18:
 229 0084 041C     		mov	r4, r0
 230 0086 0D1C     		mov	r5, r1
 231              	.LVL19:
  82:..\source/pid.c ****     d_term = (pid->derivative_gain   * diff);
 232              		.loc 1 82 0
 233 0088 3069     		ldr	r0, [r6, #16]
 234 008a 7169     		ldr	r1, [r6, #20]
 235 008c B26A     		ldr	r2, [r6, #40]
 236 008e F36A     		ldr	r3, [r6, #44]
 237 0090 FFF7FEFF 		bl	__aeabi_dmul
 238              	.LVL20:
 239 0094 0490     		str	r0, [sp, #16]
 240 0096 0591     		str	r1, [sp, #20]
 241              	.LVL21:
  83:..\source/pid.c ****  
 242              		.loc 1 83 0
 243 0098 B069     		ldr	r0, [r6, #24]
 244 009a F169     		ldr	r1, [r6, #28]
 245              	.LVL22:
 246 009c 029A     		ldr	r2, [sp, #8]
 247 009e 039B     		ldr	r3, [sp, #12]
 248 00a0 FFF7FEFF 		bl	__aeabi_dmul
 249              	.LVL23:
 250 00a4 0290     		str	r0, [sp, #8]
 251 00a6 0391     		str	r1, [sp, #12]
 252              	.LVL24:
  86:..\source/pid.c ****  
 253              		.loc 1 86 0
 254 00a8 201C     		mov	r0, r4
 255              	.LVL25:
 256 00aa 291C     		mov	r1, r5
 257 00ac 049A     		ldr	r2, [sp, #16]
 258 00ae 059B     		ldr	r3, [sp, #20]
 259 00b0 FFF7FEFF 		bl	__aeabi_dadd
 260              	.LVL26:
 261 00b4 029A     		ldr	r2, [sp, #8]
 262 00b6 039B     		ldr	r3, [sp, #12]
 263 00b8 FFF7FEFF 		bl	__aeabi_dadd
 264              	.LVL27:
 265 00bc 3063     		str	r0, [r6, #48]
 266 00be 7163     		str	r1, [r6, #52]
ARM GAS  C:\Users\Tim\AppData\Local\Temp\cct1Hglg.s 			page 8


  89:..\source/pid.c **** }
 267              		.loc 1 89 0
 268 00c0 009B     		ldr	r3, [sp]
 269 00c2 019C     		ldr	r4, [sp, #4]
 270 00c4 3362     		str	r3, [r6, #32]
 271 00c6 7462     		str	r4, [r6, #36]
  90:..\source/pid.c **** 
 272              		.loc 1 90 0
 273 00c8 07B0     		add	sp, sp, #28
 274              		@ sp needed
 275              	.LVL28:
 276              	.LVL29:
 277 00ca F0BD     		pop	{r4, r5, r6, r7, pc}
 278              		.cfi_endproc
 279              	.LFE35:
 280              		.size	pid_update, .-pid_update
 281              		.section	.text.PID_Init,"ax",%progbits
 282              		.align	2
 283              		.global	PID_Init
 284              		.code	16
 285              		.thumb_func
 286              		.type	PID_Init, %function
 287              	PID_Init:
 288              	.LFB36:
  93:..\source/pid.c ****     Kp = p;
 289              		.loc 1 93 0
 290              		.cfi_startproc
 291              	.LVL30:
  94:..\source/pid.c ****     Ki = i;
 292              		.loc 1 94 0
 293 0000 024B     		ldr	r3, .L14
 294              	.LVL31:
 295 0002 1860     		str	r0, [r3]
  95:..\source/pid.c ****     Kd = d;
 296              		.loc 1 95 0
 297 0004 5960     		str	r1, [r3, #4]
  96:..\source/pid.c ****     sample_rate = constrain(sample_rate, MIN_SAMPLE_RATE, MAX_SAMPLE_RATE);
 298              		.loc 1 96 0
 299 0006 9A60     		str	r2, [r3, #8]
 300              	.LVL32:
  98:..\source/pid.c **** 
 301              		.loc 1 98 0
 302              		@ sp needed
 303 0008 7047     		bx	lr
 304              	.L15:
 305 000a C046     		.align	2
 306              	.L14:
 307 000c 00000000 		.word	.LANCHOR0
 308              		.cfi_endproc
 309              	.LFE36:
 310              		.size	PID_Init, .-PID_Init
 311              		.section	.text.PID_Start,"ax",%progbits
 312              		.align	2
 313              		.global	PID_Start
 314              		.code	16
 315              		.thumb_func
 316              		.type	PID_Start, %function
ARM GAS  C:\Users\Tim\AppData\Local\Temp\cct1Hglg.s 			page 9


 317              	PID_Start:
 318              	.LFB37:
 101:..\source/pid.c ****     Kp = DEFAULT_KP;
 319              		.loc 1 101 0
 320              		.cfi_startproc
 102:..\source/pid.c ****     Ki = DEFAULT_KI;
 321              		.loc 1 102 0
 322 0000 044B     		ldr	r3, .L17
 323 0002 FE22     		mov	r2, #254
 324 0004 9205     		lsl	r2, r2, #22
 325 0006 1A60     		str	r2, [r3]
 103:..\source/pid.c ****     Kd = DEFAULT_KD;
 326              		.loc 1 103 0
 327 0008 FC22     		mov	r2, #252
 328 000a 9205     		lsl	r2, r2, #22
 329 000c 5A60     		str	r2, [r3, #4]
 104:..\source/pid.c **** }
 330              		.loc 1 104 0
 331 000e 0022     		mov	r2, #0
 332 0010 9A60     		str	r2, [r3, #8]
 105:..\source/pid.c **** 
 333              		.loc 1 105 0
 334              		@ sp needed
 335 0012 7047     		bx	lr
 336              	.L18:
 337              		.align	2
 338              	.L17:
 339 0014 00000000 		.word	.LANCHOR0
 340              		.cfi_endproc
 341              	.LFE37:
 342              		.size	PID_Start, .-PID_Start
 343              		.global	__aeabi_i2d
 344              		.global	__aeabi_d2iz
 345              		.section	.text.PID_Update,"ax",%progbits
 346              		.align	2
 347              		.global	PID_Update
 348              		.code	16
 349              		.thumb_func
 350              		.type	PID_Update, %function
 351              	PID_Update:
 352              	.LFB39:
 119:..\source/pid.c **** 
 120:..\source/pid.c **** void PID_Update()
 121:..\source/pid.c **** {
 353              		.loc 1 121 0
 354              		.cfi_startproc
 355 0000 F0B5     		push	{r4, r5, r6, r7, lr}
 356              		.cfi_def_cfa_offset 20
 357              		.cfi_offset 4, -20
 358              		.cfi_offset 5, -16
 359              		.cfi_offset 6, -12
 360              		.cfi_offset 7, -8
 361              		.cfi_offset 14, -4
 362 0002 85B0     		sub	sp, sp, #20
 363              		.cfi_def_cfa_offset 40
 364              	.LVL33:
 122:..\source/pid.c **** #ifndef PID_BYPASS
ARM GAS  C:\Users\Tim\AppData\Local\Temp\cct1Hglg.s 			page 10


 123:..\source/pid.c ****     static uint32 last_time = 0;
 124:..\source/pid.c ****     static int16 new_velocity = 0;
 125:..\source/pid.c ****     int16 velocity;
 126:..\source/pid.c ****     int16 input = 0;
 127:..\source/pid.c ****     uint32 delta_time;
 128:..\source/pid.c ****     
 129:..\source/pid.c ****     /* Read the velocity command */
 130:..\source/pid.c ****     I2c_ReadVelocity(&velocity);
 365              		.loc 1 130 0
 366 0004 02AB     		add	r3, sp, #8
 367 0006 981D     		add	r0, r3, #6
 368 0008 FFF7FEFF 		bl	I2c_ReadVelocity
 369              	.LVL34:
 131:..\source/pid.c ****         
 132:..\source/pid.c ****     delta_time = millis() - last_time;
 370              		.loc 1 132 0
 371 000c FFF7FEFF 		bl	millis
 372              	.LVL35:
 373 0010 184B     		ldr	r3, .L21
 374 0012 DB68     		ldr	r3, [r3, #12]
 375 0014 C01A     		sub	r0, r0, r3
 376              	.LVL36:
 133:..\source/pid.c ****     //if (DELTA_TIME(millis(), last_time, SAMPLE_PERIOD))
 134:..\source/pid.c ****     if (delta_time > SAMPLE_PERIOD)
 377              		.loc 1 134 0
 378 0016 3228     		cmp	r0, #50
 379 0018 29D9     		bls	.L19
 135:..\source/pid.c ****     {    
 136:..\source/pid.c ****         last_time = millis();
 380              		.loc 1 136 0
 381 001a FFF7FEFF 		bl	millis
 382              	.LVL37:
 383 001e 154C     		ldr	r4, .L21
 384 0020 E060     		str	r0, [r4, #12]
 137:..\source/pid.c ****         
 138:..\source/pid.c ****         input = Encoder_GetVelocity();       
 385              		.loc 1 138 0
 386 0022 FFF7FEFF 		bl	Encoder_GetVelocity
 387              	.LVL38:
 388 0026 021C     		mov	r2, r0
 389              	.LVL39:
 139:..\source/pid.c ****         pid_update(&pid, velocity - input); 
 390              		.loc 1 139 0
 391 0028 02AB     		add	r3, sp, #8
 392 002a 0633     		add	r3, r3, #6
 393 002c 0020     		mov	r0, #0
 394 002e 185E     		ldrsh	r0, [r3, r0]
 395 0030 0192     		str	r2, [sp, #4]
 396 0032 801A     		sub	r0, r0, r2
 397 0034 104D     		ldr	r5, .L21+4
 398 0036 FFF7FEFF 		bl	__aeabi_i2d
 399              	.LVL40:
 400 003a 021C     		mov	r2, r0
 401 003c 0B1C     		mov	r3, r1
 402 003e 281C     		mov	r0, r5
 403 0040 FFF7FEFF 		bl	pid_update
 404              	.LVL41:
ARM GAS  C:\Users\Tim\AppData\Local\Temp\cct1Hglg.s 			page 11


 140:..\source/pid.c ****         new_velocity = input + pid.control;        
 405              		.loc 1 140 0
 406 0044 2E6B     		ldr	r6, [r5, #48]
 407 0046 6F6B     		ldr	r7, [r5, #52]
 408 0048 0198     		ldr	r0, [sp, #4]
 409 004a FFF7FEFF 		bl	__aeabi_i2d
 410              	.LVL42:
 411 004e 321C     		mov	r2, r6
 412 0050 3B1C     		mov	r3, r7
 413 0052 FFF7FEFF 		bl	__aeabi_dadd
 414              	.LVL43:
 415 0056 FFF7FEFF 		bl	__aeabi_d2iz
 416              	.LVL44:
 417 005a 81B2     		uxth	r1, r0
 418 005c 2182     		strh	r1, [r4, #16]
 141:..\source/pid.c ****         PrintPid(&pid, new_velocity);
 419              		.loc 1 141 0
 420 005e 09B2     		sxth	r1, r1
 421 0060 281C     		mov	r0, r5
 422 0062 FFF7FEFF 		bl	PrintPid
 423              	.LVL45:
 142:..\source/pid.c ****         Motor_SetOutput(new_velocity);
 424              		.loc 1 142 0
 425 0066 1023     		mov	r3, #16
 426 0068 E05E     		ldrsh	r0, [r4, r3]
 427 006a FFF7FEFF 		bl	Motor_SetOutput
 428              	.LVL46:
 429              	.L19:
 143:..\source/pid.c ****     }
 144:..\source/pid.c ****     
 145:..\source/pid.c **** #else
 146:..\source/pid.c ****     Motor_SetOutput(velocity);
 147:..\source/pid.c **** #endif
 148:..\source/pid.c **** }
 430              		.loc 1 148 0
 431 006e 05B0     		add	sp, sp, #20
 432              		@ sp needed
 433 0070 F0BD     		pop	{r4, r5, r6, r7, pc}
 434              	.L22:
 435 0072 C046     		.align	2
 436              	.L21:
 437 0074 00000000 		.word	.LANCHOR0
 438 0078 00000000 		.word	.LANCHOR1
 439              		.cfi_endproc
 440              	.LFE39:
 441              		.size	PID_Update, .-PID_Update
 442              		.comm	formatted_string,256,4
 443              		.data
 444              		.align	3
 445              		.set	.LANCHOR1,. + 0
 446              		.type	pid, %object
 447              		.size	pid, 56
 448              	pid:
 449 0000 9A999999 		.word	-1717986918
 450 0004 9999B93F 		.word	1069128089
 451 0008 00000000 		.word	0
 452 000c 0000F03F 		.word	1072693248
ARM GAS  C:\Users\Tim\AppData\Local\Temp\cct1Hglg.s 			page 12


 453 0010 00000000 		.word	0
 454 0014 0000E03F 		.word	1071644672
 455 0018 00000000 		.word	0
 456 001c 00000000 		.word	0
 457 0020 00000000 		.word	0
 458 0024 00000000 		.word	0
 459 0028 7B14AE47 		.word	1202590843
 460 002c E17A843F 		.word	1065646817
 461 0030 00000000 		.word	0
 462 0034 00000000 		.word	0
 463              		.section	.rodata.str1.4,"aMS",%progbits,1
 464              		.align	2
 465              	.LC0:
 466 0000 0D0A633A 		.ascii	"\015\012c: %2.1f, dg: %2.1f, ie: %2.1f, ig: %2.1f, "
 466      2025322E 
 466      31662C20 
 466      64673A20 
 466      25322E31 
 467 002d 70653A20 		.ascii	"pe: %2.1f, pg: %2.1f, wg: %2.1f, v: %d\000"
 467      25322E31 
 467      662C2070 
 467      673A2025 
 467      322E3166 
 468              		.bss
 469              		.align	2
 470              		.set	.LANCHOR0,. + 0
 471              		.type	Kp, %object
 472              		.size	Kp, 4
 473              	Kp:
 474 0000 00000000 		.space	4
 475              		.type	Ki, %object
 476              		.size	Ki, 4
 477              	Ki:
 478 0004 00000000 		.space	4
 479              		.type	Kd, %object
 480              		.size	Kd, 4
 481              	Kd:
 482 0008 00000000 		.space	4
 483              		.type	last_time.7408, %object
 484              		.size	last_time.7408, 4
 485              	last_time.7408:
 486 000c 00000000 		.space	4
 487              		.type	new_velocity.7409, %object
 488              		.size	new_velocity.7409, 2
 489              	new_velocity.7409:
 490 0010 0000     		.space	2
 491 0012 0000     		.text
 492              	.Letext0:
 493              		.file 2 "c:\\program files (x86)\\cypress\\psoc creator\\3.3\\psoc creator\\import\\gnu\\arm\\4.9.
 494              		.file 3 "Generated_Source\\PSoC4/cytypes.h"
 495              		.file 4 "Generated_Source\\PSoC4/UARTCOMMS_SPI_UART.h"
 496              		.file 5 "..\\source\\i2c.h"
 497              		.file 6 "..\\source\\time.h"
 498              		.file 7 "..\\source\\encoder.h"
 499              		.file 8 "..\\source\\debug.h"
 500              		.file 9 "c:\\program files (x86)\\cypress\\psoc creator\\3.3\\psoc creator\\import\\gnu\\arm\\4.9.
 501              		.file 10 "..\\source\\motor.h"
ARM GAS  C:\Users\Tim\AppData\Local\Temp\cct1Hglg.s 			page 13


 502              		.section	.debug_info,"",%progbits
 503              	.Ldebug_info0:
 504 0000 9D040000 		.4byte	0x49d
 505 0004 0400     		.2byte	0x4
 506 0006 00000000 		.4byte	.Ldebug_abbrev0
 507 000a 04       		.byte	0x4
 508 000b 01       		.uleb128 0x1
 509 000c 5A020000 		.4byte	.LASF46
 510 0010 01       		.byte	0x1
 511 0011 0F020000 		.4byte	.LASF47
 512 0015 72000000 		.4byte	.LASF48
 513 0019 00000000 		.4byte	.Ldebug_ranges0+0
 514 001d 00000000 		.4byte	0
 515 0021 00000000 		.4byte	.Ldebug_line0
 516 0025 02       		.uleb128 0x2
 517 0026 08       		.byte	0x8
 518 0027 04       		.byte	0x4
 519 0028 08020000 		.4byte	.LASF0
 520 002c 03       		.uleb128 0x3
 521 002d 04       		.byte	0x4
 522 002e 05       		.byte	0x5
 523 002f 696E7400 		.ascii	"int\000"
 524 0033 04       		.uleb128 0x4
 525 0034 1F000000 		.4byte	.LASF14
 526 0038 02       		.byte	0x2
 527 0039 D4       		.byte	0xd4
 528 003a 3E000000 		.4byte	0x3e
 529 003e 02       		.uleb128 0x2
 530 003f 04       		.byte	0x4
 531 0040 07       		.byte	0x7
 532 0041 74010000 		.4byte	.LASF1
 533 0045 02       		.uleb128 0x2
 534 0046 01       		.byte	0x1
 535 0047 06       		.byte	0x6
 536 0048 51010000 		.4byte	.LASF2
 537 004c 02       		.uleb128 0x2
 538 004d 01       		.byte	0x1
 539 004e 08       		.byte	0x8
 540 004f 1B010000 		.4byte	.LASF3
 541 0053 02       		.uleb128 0x2
 542 0054 02       		.byte	0x2
 543 0055 05       		.byte	0x5
 544 0056 15000000 		.4byte	.LASF4
 545 005a 02       		.uleb128 0x2
 546 005b 02       		.byte	0x2
 547 005c 07       		.byte	0x7
 548 005d 9C010000 		.4byte	.LASF5
 549 0061 02       		.uleb128 0x2
 550 0062 04       		.byte	0x4
 551 0063 05       		.byte	0x5
 552 0064 FD000000 		.4byte	.LASF6
 553 0068 02       		.uleb128 0x2
 554 0069 04       		.byte	0x4
 555 006a 07       		.byte	0x7
 556 006b F6010000 		.4byte	.LASF7
 557 006f 02       		.uleb128 0x2
 558 0070 08       		.byte	0x8
ARM GAS  C:\Users\Tim\AppData\Local\Temp\cct1Hglg.s 			page 14


 559 0071 05       		.byte	0x5
 560 0072 DB000000 		.4byte	.LASF8
 561 0076 02       		.uleb128 0x2
 562 0077 08       		.byte	0x8
 563 0078 07       		.byte	0x7
 564 0079 5D010000 		.4byte	.LASF9
 565 007d 02       		.uleb128 0x2
 566 007e 04       		.byte	0x4
 567 007f 07       		.byte	0x7
 568 0080 2C000000 		.4byte	.LASF10
 569 0084 05       		.uleb128 0x5
 570 0085 04       		.byte	0x4
 571 0086 06       		.uleb128 0x6
 572 0087 04       		.byte	0x4
 573 0088 8C000000 		.4byte	0x8c
 574 008c 02       		.uleb128 0x2
 575 008d 01       		.byte	0x1
 576 008e 08       		.byte	0x8
 577 008f AF010000 		.4byte	.LASF11
 578 0093 06       		.uleb128 0x6
 579 0094 04       		.byte	0x4
 580 0095 99000000 		.4byte	0x99
 581 0099 07       		.uleb128 0x7
 582 009a 8C000000 		.4byte	0x8c
 583 009e 02       		.uleb128 0x2
 584 009f 04       		.byte	0x4
 585 00a0 04       		.byte	0x4
 586 00a1 D5000000 		.4byte	.LASF12
 587 00a5 02       		.uleb128 0x2
 588 00a6 08       		.byte	0x8
 589 00a7 04       		.byte	0x4
 590 00a8 3D010000 		.4byte	.LASF13
 591 00ac 04       		.uleb128 0x4
 592 00ad BA000000 		.4byte	.LASF15
 593 00b1 03       		.byte	0x3
 594 00b2 C2       		.byte	0xc2
 595 00b3 4C000000 		.4byte	0x4c
 596 00b7 04       		.uleb128 0x4
 597 00b8 EF010000 		.4byte	.LASF16
 598 00bc 03       		.byte	0x3
 599 00bd C4       		.byte	0xc4
 600 00be 68000000 		.4byte	0x68
 601 00c2 04       		.uleb128 0x4
 602 00c3 A9000000 		.4byte	.LASF17
 603 00c7 03       		.byte	0x3
 604 00c8 C6       		.byte	0xc6
 605 00c9 53000000 		.4byte	0x53
 606 00cd 04       		.uleb128 0x4
 607 00ce 40000000 		.4byte	.LASF18
 608 00d2 03       		.byte	0x3
 609 00d3 D3       		.byte	0xd3
 610 00d4 8C000000 		.4byte	0x8c
 611 00d8 08       		.uleb128 0x8
 612 00d9 38       		.byte	0x38
 613 00da 01       		.byte	0x1
 614 00db 2D       		.byte	0x2d
 615 00dc 35010000 		.4byte	0x135
ARM GAS  C:\Users\Tim\AppData\Local\Temp\cct1Hglg.s 			page 15


 616 00e0 09       		.uleb128 0x9
 617 00e1 E9000000 		.4byte	.LASF19
 618 00e5 01       		.byte	0x1
 619 00e6 2E       		.byte	0x2e
 620 00e7 25000000 		.4byte	0x25
 621 00eb 00       		.byte	0
 622 00ec 09       		.uleb128 0x9
 623 00ed 60000000 		.4byte	.LASF20
 624 00f1 01       		.byte	0x1
 625 00f2 2F       		.byte	0x2f
 626 00f3 25000000 		.4byte	0x25
 627 00f7 08       		.byte	0x8
 628 00f8 09       		.uleb128 0x9
 629 00f9 0D010000 		.4byte	.LASF21
 630 00fd 01       		.byte	0x1
 631 00fe 30       		.byte	0x30
 632 00ff 25000000 		.4byte	0x25
 633 0103 10       		.byte	0x10
 634 0104 09       		.uleb128 0x9
 635 0105 F9020000 		.4byte	.LASF22
 636 0109 01       		.byte	0x1
 637 010a 31       		.byte	0x31
 638 010b 25000000 		.4byte	0x25
 639 010f 18       		.byte	0x18
 640 0110 09       		.uleb128 0x9
 641 0111 AF000000 		.4byte	.LASF23
 642 0115 01       		.byte	0x1
 643 0116 32       		.byte	0x32
 644 0117 25000000 		.4byte	0x25
 645 011b 20       		.byte	0x20
 646 011c 09       		.uleb128 0x9
 647 011d 34020000 		.4byte	.LASF24
 648 0121 01       		.byte	0x1
 649 0122 33       		.byte	0x33
 650 0123 25000000 		.4byte	0x25
 651 0127 28       		.byte	0x28
 652 0128 09       		.uleb128 0x9
 653 0129 49010000 		.4byte	.LASF25
 654 012d 01       		.byte	0x1
 655 012e 34       		.byte	0x34
 656 012f 25000000 		.4byte	0x25
 657 0133 30       		.byte	0x30
 658 0134 00       		.byte	0
 659 0135 0A       		.uleb128 0xa
 660 0136 50494400 		.ascii	"PID\000"
 661 013a 01       		.byte	0x1
 662 013b 35       		.byte	0x35
 663 013c D8000000 		.4byte	0xd8
 664 0140 0B       		.uleb128 0xb
 665 0141 C0000000 		.4byte	.LASF49
 666 0145 01       		.byte	0x1
 667 0146 6B       		.byte	0x6b
 668 0147 00000000 		.4byte	.LFB38
 669 014b 68000000 		.4byte	.LFE38-.LFB38
 670 014f 01       		.uleb128 0x1
 671 0150 9C       		.byte	0x9c
 672 0151 E9010000 		.4byte	0x1e9
ARM GAS  C:\Users\Tim\AppData\Local\Temp\cct1Hglg.s 			page 16


 673 0155 0C       		.uleb128 0xc
 674 0156 70696400 		.ascii	"pid\000"
 675 015a 01       		.byte	0x1
 676 015b 6B       		.byte	0x6b
 677 015c E9010000 		.4byte	0x1e9
 678 0160 00000000 		.4byte	.LLST0
 679 0164 0D       		.uleb128 0xd
 680 0165 50000000 		.4byte	.LASF26
 681 0169 01       		.byte	0x1
 682 016a 6B       		.byte	0x6b
 683 016b C2000000 		.4byte	0xc2
 684 016f 2C000000 		.4byte	.LLST1
 685 0173 0E       		.uleb128 0xe
 686 0174 08000000 		.4byte	.LBB2
 687 0178 58000000 		.4byte	.LBE2-.LBB2
 688 017c 0F       		.uleb128 0xf
 689 017d E8010000 		.4byte	.LASF30
 690 0181 01       		.byte	0x1
 691 0182 6F       		.byte	0x6f
 692 0183 EF010000 		.4byte	0x1ef
 693 0187 03       		.uleb128 0x3
 694 0188 91       		.byte	0x91
 695 0189 F07D     		.sleb128 -272
 696 018b 10       		.uleb128 0x10
 697 018c 16000000 		.4byte	.LVL3
 698 0190 FF030000 		.4byte	0x3ff
 699 0194 AB010000 		.4byte	0x1ab
 700 0198 11       		.uleb128 0x11
 701 0199 01       		.uleb128 0x1
 702 019a 52       		.byte	0x52
 703 019b 02       		.uleb128 0x2
 704 019c 75       		.byte	0x75
 705 019d 00       		.sleb128 0
 706 019e 11       		.uleb128 0x11
 707 019f 01       		.uleb128 0x1
 708 01a0 51       		.byte	0x51
 709 01a1 01       		.uleb128 0x1
 710 01a2 30       		.byte	0x30
 711 01a3 11       		.uleb128 0x11
 712 01a4 01       		.uleb128 0x1
 713 01a5 50       		.byte	0x50
 714 01a6 03       		.uleb128 0x3
 715 01a7 91       		.byte	0x91
 716 01a8 F07D     		.sleb128 -272
 717 01aa 00       		.byte	0
 718 01ab 10       		.uleb128 0x10
 719 01ac 5A000000 		.4byte	.LVL4
 720 01b0 1C040000 		.4byte	0x41c
 721 01b4 D6010000 		.4byte	0x1d6
 722 01b8 11       		.uleb128 0x11
 723 01b9 01       		.uleb128 0x1
 724 01ba 52       		.byte	0x52
 725 01bb 05       		.uleb128 0x5
 726 01bc 03       		.byte	0x3
 727 01bd 00000000 		.4byte	.LC0
 728 01c1 11       		.uleb128 0x11
 729 01c2 01       		.uleb128 0x1
ARM GAS  C:\Users\Tim\AppData\Local\Temp\cct1Hglg.s 			page 17


 730 01c3 51       		.byte	0x51
 731 01c4 02       		.uleb128 0x2
 732 01c5 75       		.byte	0x75
 733 01c6 00       		.sleb128 0
 734 01c7 11       		.uleb128 0x11
 735 01c8 01       		.uleb128 0x1
 736 01c9 50       		.byte	0x50
 737 01ca 03       		.uleb128 0x3
 738 01cb 91       		.byte	0x91
 739 01cc F07D     		.sleb128 -272
 740 01ce 11       		.uleb128 0x11
 741 01cf 02       		.uleb128 0x2
 742 01d0 7D       		.byte	0x7d
 743 01d1 38       		.sleb128 56
 744 01d2 02       		.uleb128 0x2
 745 01d3 76       		.byte	0x76
 746 01d4 00       		.sleb128 0
 747 01d5 00       		.byte	0
 748 01d6 12       		.uleb128 0x12
 749 01d7 60000000 		.4byte	.LVL5
 750 01db 3D040000 		.4byte	0x43d
 751 01df 11       		.uleb128 0x11
 752 01e0 01       		.uleb128 0x1
 753 01e1 50       		.byte	0x50
 754 01e2 03       		.uleb128 0x3
 755 01e3 91       		.byte	0x91
 756 01e4 F07D     		.sleb128 -272
 757 01e6 00       		.byte	0
 758 01e7 00       		.byte	0
 759 01e8 00       		.byte	0
 760 01e9 06       		.uleb128 0x6
 761 01ea 04       		.byte	0x4
 762 01eb 35010000 		.4byte	0x135
 763 01ef 13       		.uleb128 0x13
 764 01f0 8C000000 		.4byte	0x8c
 765 01f4 FF010000 		.4byte	0x1ff
 766 01f8 14       		.uleb128 0x14
 767 01f9 7D000000 		.4byte	0x7d
 768 01fd FF       		.byte	0xff
 769 01fe 00       		.byte	0
 770 01ff 15       		.uleb128 0x15
 771 0200 1F020000 		.4byte	.LASF27
 772 0204 01       		.byte	0x1
 773 0205 39       		.byte	0x39
 774 0206 00000000 		.4byte	.LFB34
 775 020a 0E000000 		.4byte	.LFE34-.LFB34
 776 020e 01       		.uleb128 0x1
 777 020f 9C       		.byte	0x9c
 778 0210 22020000 		.4byte	0x222
 779 0214 16       		.uleb128 0x16
 780 0215 70696400 		.ascii	"pid\000"
 781 0219 01       		.byte	0x1
 782 021a 39       		.byte	0x39
 783 021b E9010000 		.4byte	0x1e9
 784 021f 01       		.uleb128 0x1
 785 0220 50       		.byte	0x50
 786 0221 00       		.byte	0
ARM GAS  C:\Users\Tim\AppData\Local\Temp\cct1Hglg.s 			page 18


 787 0222 17       		.uleb128 0x17
 788 0223 4F020000 		.4byte	.LASF28
 789 0227 01       		.byte	0x1
 790 0228 3F       		.byte	0x3f
 791 0229 00000000 		.4byte	.LFB35
 792 022d CC000000 		.4byte	.LFE35-.LFB35
 793 0231 01       		.uleb128 0x1
 794 0232 9C       		.byte	0x9c
 795 0233 92020000 		.4byte	0x292
 796 0237 0C       		.uleb128 0xc
 797 0238 70696400 		.ascii	"pid\000"
 798 023c 01       		.byte	0x1
 799 023d 3F       		.byte	0x3f
 800 023e E9010000 		.4byte	0x1e9
 801 0242 4D000000 		.4byte	.LLST2
 802 0246 0D       		.uleb128 0xd
 803 0247 29010000 		.4byte	.LASF29
 804 024b 01       		.byte	0x1
 805 024c 3F       		.byte	0x3f
 806 024d 25000000 		.4byte	0x25
 807 0251 79000000 		.4byte	.LLST3
 808 0255 18       		.uleb128 0x18
 809 0256 10000000 		.4byte	.LASF31
 810 025a 01       		.byte	0x1
 811 025b 41       		.byte	0x41
 812 025c 25000000 		.4byte	0x25
 813 0260 AD000000 		.4byte	.LLST4
 814 0264 18       		.uleb128 0x18
 815 0265 95010000 		.4byte	.LASF32
 816 0269 01       		.byte	0x1
 817 026a 42       		.byte	0x42
 818 026b 25000000 		.4byte	0x25
 819 026f D1000000 		.4byte	.LLST5
 820 0273 18       		.uleb128 0x18
 821 0274 BF010000 		.4byte	.LASF33
 822 0278 01       		.byte	0x1
 823 0279 43       		.byte	0x43
 824 027a 25000000 		.4byte	0x25
 825 027e E9000000 		.4byte	.LLST6
 826 0282 18       		.uleb128 0x18
 827 0283 59000000 		.4byte	.LASF34
 828 0287 01       		.byte	0x1
 829 0288 44       		.byte	0x44
 830 0289 25000000 		.4byte	0x25
 831 028d 0D010000 		.4byte	.LLST7
 832 0291 00       		.byte	0
 833 0292 15       		.uleb128 0x15
 834 0293 2B020000 		.4byte	.LASF35
 835 0297 01       		.byte	0x1
 836 0298 5C       		.byte	0x5c
 837 0299 00000000 		.4byte	.LFB36
 838 029d 10000000 		.4byte	.LFE36-.LFB36
 839 02a1 01       		.uleb128 0x1
 840 02a2 9C       		.byte	0x9c
 841 02a3 D8020000 		.4byte	0x2d8
 842 02a7 16       		.uleb128 0x16
 843 02a8 7000     		.ascii	"p\000"
ARM GAS  C:\Users\Tim\AppData\Local\Temp\cct1Hglg.s 			page 19


 844 02aa 01       		.byte	0x1
 845 02ab 5C       		.byte	0x5c
 846 02ac 9E000000 		.4byte	0x9e
 847 02b0 01       		.uleb128 0x1
 848 02b1 50       		.byte	0x50
 849 02b2 16       		.uleb128 0x16
 850 02b3 6900     		.ascii	"i\000"
 851 02b5 01       		.byte	0x1
 852 02b6 5C       		.byte	0x5c
 853 02b7 9E000000 		.4byte	0x9e
 854 02bb 01       		.uleb128 0x1
 855 02bc 51       		.byte	0x51
 856 02bd 16       		.uleb128 0x16
 857 02be 6400     		.ascii	"d\000"
 858 02c0 01       		.byte	0x1
 859 02c1 5C       		.byte	0x5c
 860 02c2 9E000000 		.4byte	0x9e
 861 02c6 01       		.uleb128 0x1
 862 02c7 52       		.byte	0x52
 863 02c8 0D       		.uleb128 0xd
 864 02c9 C9000000 		.4byte	.LASF36
 865 02cd 01       		.byte	0x1
 866 02ce 5C       		.byte	0x5c
 867 02cf AC000000 		.4byte	0xac
 868 02d3 31010000 		.4byte	.LLST8
 869 02d7 00       		.byte	0
 870 02d8 19       		.uleb128 0x19
 871 02d9 46000000 		.4byte	.LASF50
 872 02dd 01       		.byte	0x1
 873 02de 64       		.byte	0x64
 874 02df 00000000 		.4byte	.LFB37
 875 02e3 18000000 		.4byte	.LFE37-.LFB37
 876 02e7 01       		.uleb128 0x1
 877 02e8 9C       		.byte	0x9c
 878 02e9 1A       		.uleb128 0x1a
 879 02ea B4010000 		.4byte	.LASF51
 880 02ee 01       		.byte	0x1
 881 02ef 78       		.byte	0x78
 882 02f0 00000000 		.4byte	.LFB39
 883 02f4 7C000000 		.4byte	.LFE39-.LFB39
 884 02f8 01       		.uleb128 0x1
 885 02f9 9C       		.byte	0x9c
 886 02fa AD030000 		.4byte	0x3ad
 887 02fe 0F       		.uleb128 0xf
 888 02ff C6010000 		.4byte	.LASF37
 889 0303 01       		.byte	0x1
 890 0304 7B       		.byte	0x7b
 891 0305 B7000000 		.4byte	0xb7
 892 0309 05       		.uleb128 0x5
 893 030a 03       		.byte	0x3
 894 030b 0C000000 		.4byte	last_time.7408
 895 030f 0F       		.uleb128 0xf
 896 0310 09030000 		.4byte	.LASF38
 897 0314 01       		.byte	0x1
 898 0315 7C       		.byte	0x7c
 899 0316 C2000000 		.4byte	0xc2
 900 031a 05       		.uleb128 0x5
ARM GAS  C:\Users\Tim\AppData\Local\Temp\cct1Hglg.s 			page 20


 901 031b 03       		.byte	0x3
 902 031c 10000000 		.4byte	new_velocity.7409
 903 0320 0F       		.uleb128 0xf
 904 0321 50000000 		.4byte	.LASF26
 905 0325 01       		.byte	0x1
 906 0326 7D       		.byte	0x7d
 907 0327 C2000000 		.4byte	0xc2
 908 032b 02       		.uleb128 0x2
 909 032c 91       		.byte	0x91
 910 032d 66       		.sleb128 -26
 911 032e 18       		.uleb128 0x18
 912 032f 26000000 		.4byte	.LASF39
 913 0333 01       		.byte	0x1
 914 0334 7E       		.byte	0x7e
 915 0335 C2000000 		.4byte	0xc2
 916 0339 64010000 		.4byte	.LLST9
 917 033d 18       		.uleb128 0x18
 918 033e 35000000 		.4byte	.LASF40
 919 0342 01       		.byte	0x1
 920 0343 7F       		.byte	0x7f
 921 0344 B7000000 		.4byte	0xb7
 922 0348 83010000 		.4byte	.LLST10
 923 034c 10       		.uleb128 0x10
 924 034d 0C000000 		.4byte	.LVL34
 925 0351 5A040000 		.4byte	0x45a
 926 0355 60030000 		.4byte	0x360
 927 0359 11       		.uleb128 0x11
 928 035a 01       		.uleb128 0x1
 929 035b 50       		.byte	0x50
 930 035c 02       		.uleb128 0x2
 931 035d 91       		.byte	0x91
 932 035e 66       		.sleb128 -26
 933 035f 00       		.byte	0
 934 0360 1B       		.uleb128 0x1b
 935 0361 10000000 		.4byte	.LVL35
 936 0365 71040000 		.4byte	0x471
 937 0369 1B       		.uleb128 0x1b
 938 036a 1E000000 		.4byte	.LVL37
 939 036e 71040000 		.4byte	0x471
 940 0372 1B       		.uleb128 0x1b
 941 0373 26000000 		.4byte	.LVL38
 942 0377 82040000 		.4byte	0x482
 943 037b 10       		.uleb128 0x10
 944 037c 44000000 		.4byte	.LVL41
 945 0380 22020000 		.4byte	0x222
 946 0384 8F030000 		.4byte	0x38f
 947 0388 11       		.uleb128 0x11
 948 0389 01       		.uleb128 0x1
 949 038a 50       		.byte	0x50
 950 038b 02       		.uleb128 0x2
 951 038c 75       		.byte	0x75
 952 038d 00       		.sleb128 0
 953 038e 00       		.byte	0
 954 038f 10       		.uleb128 0x10
 955 0390 66000000 		.4byte	.LVL45
 956 0394 40010000 		.4byte	0x140
 957 0398 A3030000 		.4byte	0x3a3
ARM GAS  C:\Users\Tim\AppData\Local\Temp\cct1Hglg.s 			page 21


 958 039c 11       		.uleb128 0x11
 959 039d 01       		.uleb128 0x1
 960 039e 50       		.byte	0x50
 961 039f 02       		.uleb128 0x2
 962 03a0 75       		.byte	0x75
 963 03a1 00       		.sleb128 0
 964 03a2 00       		.byte	0
 965 03a3 1B       		.uleb128 0x1b
 966 03a4 6E000000 		.4byte	.LVL46
 967 03a8 93040000 		.4byte	0x493
 968 03ac 00       		.byte	0
 969 03ad 1C       		.uleb128 0x1c
 970 03ae 4B7000   		.ascii	"Kp\000"
 971 03b1 01       		.byte	0x1
 972 03b2 26       		.byte	0x26
 973 03b3 9E000000 		.4byte	0x9e
 974 03b7 05       		.uleb128 0x5
 975 03b8 03       		.byte	0x3
 976 03b9 00000000 		.4byte	Kp
 977 03bd 1C       		.uleb128 0x1c
 978 03be 4B6900   		.ascii	"Ki\000"
 979 03c1 01       		.byte	0x1
 980 03c2 27       		.byte	0x27
 981 03c3 9E000000 		.4byte	0x9e
 982 03c7 05       		.uleb128 0x5
 983 03c8 03       		.byte	0x3
 984 03c9 04000000 		.4byte	Ki
 985 03cd 1C       		.uleb128 0x1c
 986 03ce 4B6400   		.ascii	"Kd\000"
 987 03d1 01       		.byte	0x1
 988 03d2 28       		.byte	0x28
 989 03d3 9E000000 		.4byte	0x9e
 990 03d7 05       		.uleb128 0x5
 991 03d8 03       		.byte	0x3
 992 03d9 08000000 		.4byte	Kd
 993 03dd 1C       		.uleb128 0x1c
 994 03de 70696400 		.ascii	"pid\000"
 995 03e2 01       		.byte	0x1
 996 03e3 37       		.byte	0x37
 997 03e4 35010000 		.4byte	0x135
 998 03e8 05       		.uleb128 0x5
 999 03e9 03       		.byte	0x3
 1000 03ea 00000000 		.4byte	pid
 1001 03ee 1D       		.uleb128 0x1d
 1002 03ef 3E020000 		.4byte	.LASF52
 1003 03f3 08       		.byte	0x8
 1004 03f4 08       		.byte	0x8
 1005 03f5 EF010000 		.4byte	0x1ef
 1006 03f9 05       		.uleb128 0x5
 1007 03fa 03       		.byte	0x3
 1008 03fb 00000000 		.4byte	formatted_string
 1009 03ff 1E       		.uleb128 0x1e
 1010 0400 F6000000 		.4byte	.LASF41
 1011 0404 84000000 		.4byte	0x84
 1012 0408 1C040000 		.4byte	0x41c
 1013 040c 1F       		.uleb128 0x1f
 1014 040d 84000000 		.4byte	0x84
ARM GAS  C:\Users\Tim\AppData\Local\Temp\cct1Hglg.s 			page 22


 1015 0411 1F       		.uleb128 0x1f
 1016 0412 2C000000 		.4byte	0x2c
 1017 0416 1F       		.uleb128 0x1f
 1018 0417 7D000000 		.4byte	0x7d
 1019 041b 00       		.byte	0
 1020 041c 20       		.uleb128 0x20
 1021 041d 34010000 		.4byte	.LASF53
 1022 0421 09       		.byte	0x9
 1023 0422 0C01     		.2byte	0x10c
 1024 0424 2C000000 		.4byte	0x2c
 1025 0428 3D040000 		.4byte	0x43d
 1026 042c 1F       		.uleb128 0x1f
 1027 042d 86000000 		.4byte	0x86
 1028 0431 1F       		.uleb128 0x1f
 1029 0432 33000000 		.4byte	0x33
 1030 0436 1F       		.uleb128 0x1f
 1031 0437 93000000 		.4byte	0x93
 1032 043b 21       		.uleb128 0x21
 1033 043c 00       		.byte	0
 1034 043d 22       		.uleb128 0x22
 1035 043e D0010000 		.4byte	.LASF42
 1036 0442 04       		.byte	0x4
 1037 0443 7701     		.2byte	0x177
 1038 0445 4F040000 		.4byte	0x44f
 1039 0449 1F       		.uleb128 0x1f
 1040 044a 4F040000 		.4byte	0x44f
 1041 044e 00       		.byte	0
 1042 044f 06       		.uleb128 0x6
 1043 0450 04       		.byte	0x4
 1044 0451 55040000 		.4byte	0x455
 1045 0455 07       		.uleb128 0x7
 1046 0456 CD000000 		.4byte	0xcd
 1047 045a 23       		.uleb128 0x23
 1048 045b E8020000 		.4byte	.LASF43
 1049 045f 05       		.byte	0x5
 1050 0460 18       		.byte	0x18
 1051 0461 6B040000 		.4byte	0x46b
 1052 0465 1F       		.uleb128 0x1f
 1053 0466 6B040000 		.4byte	0x46b
 1054 046a 00       		.byte	0
 1055 046b 06       		.uleb128 0x6
 1056 046c 04       		.byte	0x4
 1057 046d C2000000 		.4byte	0xc2
 1058 0471 24       		.uleb128 0x24
 1059 0472 06010000 		.4byte	.LASF44
 1060 0476 06       		.byte	0x6
 1061 0477 16       		.byte	0x16
 1062 0478 B7000000 		.4byte	0xb7
 1063 047c 82040000 		.4byte	0x482
 1064 0480 21       		.uleb128 0x21
 1065 0481 00       		.byte	0
 1066 0482 24       		.uleb128 0x24
 1067 0483 81010000 		.4byte	.LASF45
 1068 0487 07       		.byte	0x7
 1069 0488 16       		.byte	0x16
 1070 0489 C2000000 		.4byte	0xc2
 1071 048d 93040000 		.4byte	0x493
ARM GAS  C:\Users\Tim\AppData\Local\Temp\cct1Hglg.s 			page 23


 1072 0491 21       		.uleb128 0x21
 1073 0492 00       		.byte	0
 1074 0493 25       		.uleb128 0x25
 1075 0494 00000000 		.4byte	.LASF54
 1076 0498 0A       		.byte	0xa
 1077 0499 14       		.byte	0x14
 1078 049a 1F       		.uleb128 0x1f
 1079 049b C2000000 		.4byte	0xc2
 1080 049f 00       		.byte	0
 1081 04a0 00       		.byte	0
 1082              		.section	.debug_abbrev,"",%progbits
 1083              	.Ldebug_abbrev0:
 1084 0000 01       		.uleb128 0x1
 1085 0001 11       		.uleb128 0x11
 1086 0002 01       		.byte	0x1
 1087 0003 25       		.uleb128 0x25
 1088 0004 0E       		.uleb128 0xe
 1089 0005 13       		.uleb128 0x13
 1090 0006 0B       		.uleb128 0xb
 1091 0007 03       		.uleb128 0x3
 1092 0008 0E       		.uleb128 0xe
 1093 0009 1B       		.uleb128 0x1b
 1094 000a 0E       		.uleb128 0xe
 1095 000b 55       		.uleb128 0x55
 1096 000c 17       		.uleb128 0x17
 1097 000d 11       		.uleb128 0x11
 1098 000e 01       		.uleb128 0x1
 1099 000f 10       		.uleb128 0x10
 1100 0010 17       		.uleb128 0x17
 1101 0011 00       		.byte	0
 1102 0012 00       		.byte	0
 1103 0013 02       		.uleb128 0x2
 1104 0014 24       		.uleb128 0x24
 1105 0015 00       		.byte	0
 1106 0016 0B       		.uleb128 0xb
 1107 0017 0B       		.uleb128 0xb
 1108 0018 3E       		.uleb128 0x3e
 1109 0019 0B       		.uleb128 0xb
 1110 001a 03       		.uleb128 0x3
 1111 001b 0E       		.uleb128 0xe
 1112 001c 00       		.byte	0
 1113 001d 00       		.byte	0
 1114 001e 03       		.uleb128 0x3
 1115 001f 24       		.uleb128 0x24
 1116 0020 00       		.byte	0
 1117 0021 0B       		.uleb128 0xb
 1118 0022 0B       		.uleb128 0xb
 1119 0023 3E       		.uleb128 0x3e
 1120 0024 0B       		.uleb128 0xb
 1121 0025 03       		.uleb128 0x3
 1122 0026 08       		.uleb128 0x8
 1123 0027 00       		.byte	0
 1124 0028 00       		.byte	0
 1125 0029 04       		.uleb128 0x4
 1126 002a 16       		.uleb128 0x16
 1127 002b 00       		.byte	0
 1128 002c 03       		.uleb128 0x3
ARM GAS  C:\Users\Tim\AppData\Local\Temp\cct1Hglg.s 			page 24


 1129 002d 0E       		.uleb128 0xe
 1130 002e 3A       		.uleb128 0x3a
 1131 002f 0B       		.uleb128 0xb
 1132 0030 3B       		.uleb128 0x3b
 1133 0031 0B       		.uleb128 0xb
 1134 0032 49       		.uleb128 0x49
 1135 0033 13       		.uleb128 0x13
 1136 0034 00       		.byte	0
 1137 0035 00       		.byte	0
 1138 0036 05       		.uleb128 0x5
 1139 0037 0F       		.uleb128 0xf
 1140 0038 00       		.byte	0
 1141 0039 0B       		.uleb128 0xb
 1142 003a 0B       		.uleb128 0xb
 1143 003b 00       		.byte	0
 1144 003c 00       		.byte	0
 1145 003d 06       		.uleb128 0x6
 1146 003e 0F       		.uleb128 0xf
 1147 003f 00       		.byte	0
 1148 0040 0B       		.uleb128 0xb
 1149 0041 0B       		.uleb128 0xb
 1150 0042 49       		.uleb128 0x49
 1151 0043 13       		.uleb128 0x13
 1152 0044 00       		.byte	0
 1153 0045 00       		.byte	0
 1154 0046 07       		.uleb128 0x7
 1155 0047 26       		.uleb128 0x26
 1156 0048 00       		.byte	0
 1157 0049 49       		.uleb128 0x49
 1158 004a 13       		.uleb128 0x13
 1159 004b 00       		.byte	0
 1160 004c 00       		.byte	0
 1161 004d 08       		.uleb128 0x8
 1162 004e 13       		.uleb128 0x13
 1163 004f 01       		.byte	0x1
 1164 0050 0B       		.uleb128 0xb
 1165 0051 0B       		.uleb128 0xb
 1166 0052 3A       		.uleb128 0x3a
 1167 0053 0B       		.uleb128 0xb
 1168 0054 3B       		.uleb128 0x3b
 1169 0055 0B       		.uleb128 0xb
 1170 0056 01       		.uleb128 0x1
 1171 0057 13       		.uleb128 0x13
 1172 0058 00       		.byte	0
 1173 0059 00       		.byte	0
 1174 005a 09       		.uleb128 0x9
 1175 005b 0D       		.uleb128 0xd
 1176 005c 00       		.byte	0
 1177 005d 03       		.uleb128 0x3
 1178 005e 0E       		.uleb128 0xe
 1179 005f 3A       		.uleb128 0x3a
 1180 0060 0B       		.uleb128 0xb
 1181 0061 3B       		.uleb128 0x3b
 1182 0062 0B       		.uleb128 0xb
 1183 0063 49       		.uleb128 0x49
 1184 0064 13       		.uleb128 0x13
 1185 0065 38       		.uleb128 0x38
ARM GAS  C:\Users\Tim\AppData\Local\Temp\cct1Hglg.s 			page 25


 1186 0066 0B       		.uleb128 0xb
 1187 0067 00       		.byte	0
 1188 0068 00       		.byte	0
 1189 0069 0A       		.uleb128 0xa
 1190 006a 16       		.uleb128 0x16
 1191 006b 00       		.byte	0
 1192 006c 03       		.uleb128 0x3
 1193 006d 08       		.uleb128 0x8
 1194 006e 3A       		.uleb128 0x3a
 1195 006f 0B       		.uleb128 0xb
 1196 0070 3B       		.uleb128 0x3b
 1197 0071 0B       		.uleb128 0xb
 1198 0072 49       		.uleb128 0x49
 1199 0073 13       		.uleb128 0x13
 1200 0074 00       		.byte	0
 1201 0075 00       		.byte	0
 1202 0076 0B       		.uleb128 0xb
 1203 0077 2E       		.uleb128 0x2e
 1204 0078 01       		.byte	0x1
 1205 0079 03       		.uleb128 0x3
 1206 007a 0E       		.uleb128 0xe
 1207 007b 3A       		.uleb128 0x3a
 1208 007c 0B       		.uleb128 0xb
 1209 007d 3B       		.uleb128 0x3b
 1210 007e 0B       		.uleb128 0xb
 1211 007f 27       		.uleb128 0x27
 1212 0080 19       		.uleb128 0x19
 1213 0081 11       		.uleb128 0x11
 1214 0082 01       		.uleb128 0x1
 1215 0083 12       		.uleb128 0x12
 1216 0084 06       		.uleb128 0x6
 1217 0085 40       		.uleb128 0x40
 1218 0086 18       		.uleb128 0x18
 1219 0087 9742     		.uleb128 0x2117
 1220 0089 19       		.uleb128 0x19
 1221 008a 01       		.uleb128 0x1
 1222 008b 13       		.uleb128 0x13
 1223 008c 00       		.byte	0
 1224 008d 00       		.byte	0
 1225 008e 0C       		.uleb128 0xc
 1226 008f 05       		.uleb128 0x5
 1227 0090 00       		.byte	0
 1228 0091 03       		.uleb128 0x3
 1229 0092 08       		.uleb128 0x8
 1230 0093 3A       		.uleb128 0x3a
 1231 0094 0B       		.uleb128 0xb
 1232 0095 3B       		.uleb128 0x3b
 1233 0096 0B       		.uleb128 0xb
 1234 0097 49       		.uleb128 0x49
 1235 0098 13       		.uleb128 0x13
 1236 0099 02       		.uleb128 0x2
 1237 009a 17       		.uleb128 0x17
 1238 009b 00       		.byte	0
 1239 009c 00       		.byte	0
 1240 009d 0D       		.uleb128 0xd
 1241 009e 05       		.uleb128 0x5
 1242 009f 00       		.byte	0
ARM GAS  C:\Users\Tim\AppData\Local\Temp\cct1Hglg.s 			page 26


 1243 00a0 03       		.uleb128 0x3
 1244 00a1 0E       		.uleb128 0xe
 1245 00a2 3A       		.uleb128 0x3a
 1246 00a3 0B       		.uleb128 0xb
 1247 00a4 3B       		.uleb128 0x3b
 1248 00a5 0B       		.uleb128 0xb
 1249 00a6 49       		.uleb128 0x49
 1250 00a7 13       		.uleb128 0x13
 1251 00a8 02       		.uleb128 0x2
 1252 00a9 17       		.uleb128 0x17
 1253 00aa 00       		.byte	0
 1254 00ab 00       		.byte	0
 1255 00ac 0E       		.uleb128 0xe
 1256 00ad 0B       		.uleb128 0xb
 1257 00ae 01       		.byte	0x1
 1258 00af 11       		.uleb128 0x11
 1259 00b0 01       		.uleb128 0x1
 1260 00b1 12       		.uleb128 0x12
 1261 00b2 06       		.uleb128 0x6
 1262 00b3 00       		.byte	0
 1263 00b4 00       		.byte	0
 1264 00b5 0F       		.uleb128 0xf
 1265 00b6 34       		.uleb128 0x34
 1266 00b7 00       		.byte	0
 1267 00b8 03       		.uleb128 0x3
 1268 00b9 0E       		.uleb128 0xe
 1269 00ba 3A       		.uleb128 0x3a
 1270 00bb 0B       		.uleb128 0xb
 1271 00bc 3B       		.uleb128 0x3b
 1272 00bd 0B       		.uleb128 0xb
 1273 00be 49       		.uleb128 0x49
 1274 00bf 13       		.uleb128 0x13
 1275 00c0 02       		.uleb128 0x2
 1276 00c1 18       		.uleb128 0x18
 1277 00c2 00       		.byte	0
 1278 00c3 00       		.byte	0
 1279 00c4 10       		.uleb128 0x10
 1280 00c5 898201   		.uleb128 0x4109
 1281 00c8 01       		.byte	0x1
 1282 00c9 11       		.uleb128 0x11
 1283 00ca 01       		.uleb128 0x1
 1284 00cb 31       		.uleb128 0x31
 1285 00cc 13       		.uleb128 0x13
 1286 00cd 01       		.uleb128 0x1
 1287 00ce 13       		.uleb128 0x13
 1288 00cf 00       		.byte	0
 1289 00d0 00       		.byte	0
 1290 00d1 11       		.uleb128 0x11
 1291 00d2 8A8201   		.uleb128 0x410a
 1292 00d5 00       		.byte	0
 1293 00d6 02       		.uleb128 0x2
 1294 00d7 18       		.uleb128 0x18
 1295 00d8 9142     		.uleb128 0x2111
 1296 00da 18       		.uleb128 0x18
 1297 00db 00       		.byte	0
 1298 00dc 00       		.byte	0
 1299 00dd 12       		.uleb128 0x12
ARM GAS  C:\Users\Tim\AppData\Local\Temp\cct1Hglg.s 			page 27


 1300 00de 898201   		.uleb128 0x4109
 1301 00e1 01       		.byte	0x1
 1302 00e2 11       		.uleb128 0x11
 1303 00e3 01       		.uleb128 0x1
 1304 00e4 31       		.uleb128 0x31
 1305 00e5 13       		.uleb128 0x13
 1306 00e6 00       		.byte	0
 1307 00e7 00       		.byte	0
 1308 00e8 13       		.uleb128 0x13
 1309 00e9 01       		.uleb128 0x1
 1310 00ea 01       		.byte	0x1
 1311 00eb 49       		.uleb128 0x49
 1312 00ec 13       		.uleb128 0x13
 1313 00ed 01       		.uleb128 0x1
 1314 00ee 13       		.uleb128 0x13
 1315 00ef 00       		.byte	0
 1316 00f0 00       		.byte	0
 1317 00f1 14       		.uleb128 0x14
 1318 00f2 21       		.uleb128 0x21
 1319 00f3 00       		.byte	0
 1320 00f4 49       		.uleb128 0x49
 1321 00f5 13       		.uleb128 0x13
 1322 00f6 2F       		.uleb128 0x2f
 1323 00f7 0B       		.uleb128 0xb
 1324 00f8 00       		.byte	0
 1325 00f9 00       		.byte	0
 1326 00fa 15       		.uleb128 0x15
 1327 00fb 2E       		.uleb128 0x2e
 1328 00fc 01       		.byte	0x1
 1329 00fd 3F       		.uleb128 0x3f
 1330 00fe 19       		.uleb128 0x19
 1331 00ff 03       		.uleb128 0x3
 1332 0100 0E       		.uleb128 0xe
 1333 0101 3A       		.uleb128 0x3a
 1334 0102 0B       		.uleb128 0xb
 1335 0103 3B       		.uleb128 0x3b
 1336 0104 0B       		.uleb128 0xb
 1337 0105 27       		.uleb128 0x27
 1338 0106 19       		.uleb128 0x19
 1339 0107 11       		.uleb128 0x11
 1340 0108 01       		.uleb128 0x1
 1341 0109 12       		.uleb128 0x12
 1342 010a 06       		.uleb128 0x6
 1343 010b 40       		.uleb128 0x40
 1344 010c 18       		.uleb128 0x18
 1345 010d 9742     		.uleb128 0x2117
 1346 010f 19       		.uleb128 0x19
 1347 0110 01       		.uleb128 0x1
 1348 0111 13       		.uleb128 0x13
 1349 0112 00       		.byte	0
 1350 0113 00       		.byte	0
 1351 0114 16       		.uleb128 0x16
 1352 0115 05       		.uleb128 0x5
 1353 0116 00       		.byte	0
 1354 0117 03       		.uleb128 0x3
 1355 0118 08       		.uleb128 0x8
 1356 0119 3A       		.uleb128 0x3a
ARM GAS  C:\Users\Tim\AppData\Local\Temp\cct1Hglg.s 			page 28


 1357 011a 0B       		.uleb128 0xb
 1358 011b 3B       		.uleb128 0x3b
 1359 011c 0B       		.uleb128 0xb
 1360 011d 49       		.uleb128 0x49
 1361 011e 13       		.uleb128 0x13
 1362 011f 02       		.uleb128 0x2
 1363 0120 18       		.uleb128 0x18
 1364 0121 00       		.byte	0
 1365 0122 00       		.byte	0
 1366 0123 17       		.uleb128 0x17
 1367 0124 2E       		.uleb128 0x2e
 1368 0125 01       		.byte	0x1
 1369 0126 3F       		.uleb128 0x3f
 1370 0127 19       		.uleb128 0x19
 1371 0128 03       		.uleb128 0x3
 1372 0129 0E       		.uleb128 0xe
 1373 012a 3A       		.uleb128 0x3a
 1374 012b 0B       		.uleb128 0xb
 1375 012c 3B       		.uleb128 0x3b
 1376 012d 0B       		.uleb128 0xb
 1377 012e 27       		.uleb128 0x27
 1378 012f 19       		.uleb128 0x19
 1379 0130 11       		.uleb128 0x11
 1380 0131 01       		.uleb128 0x1
 1381 0132 12       		.uleb128 0x12
 1382 0133 06       		.uleb128 0x6
 1383 0134 40       		.uleb128 0x40
 1384 0135 18       		.uleb128 0x18
 1385 0136 9642     		.uleb128 0x2116
 1386 0138 19       		.uleb128 0x19
 1387 0139 01       		.uleb128 0x1
 1388 013a 13       		.uleb128 0x13
 1389 013b 00       		.byte	0
 1390 013c 00       		.byte	0
 1391 013d 18       		.uleb128 0x18
 1392 013e 34       		.uleb128 0x34
 1393 013f 00       		.byte	0
 1394 0140 03       		.uleb128 0x3
 1395 0141 0E       		.uleb128 0xe
 1396 0142 3A       		.uleb128 0x3a
 1397 0143 0B       		.uleb128 0xb
 1398 0144 3B       		.uleb128 0x3b
 1399 0145 0B       		.uleb128 0xb
 1400 0146 49       		.uleb128 0x49
 1401 0147 13       		.uleb128 0x13
 1402 0148 02       		.uleb128 0x2
 1403 0149 17       		.uleb128 0x17
 1404 014a 00       		.byte	0
 1405 014b 00       		.byte	0
 1406 014c 19       		.uleb128 0x19
 1407 014d 2E       		.uleb128 0x2e
 1408 014e 00       		.byte	0
 1409 014f 3F       		.uleb128 0x3f
 1410 0150 19       		.uleb128 0x19
 1411 0151 03       		.uleb128 0x3
 1412 0152 0E       		.uleb128 0xe
 1413 0153 3A       		.uleb128 0x3a
ARM GAS  C:\Users\Tim\AppData\Local\Temp\cct1Hglg.s 			page 29


 1414 0154 0B       		.uleb128 0xb
 1415 0155 3B       		.uleb128 0x3b
 1416 0156 0B       		.uleb128 0xb
 1417 0157 11       		.uleb128 0x11
 1418 0158 01       		.uleb128 0x1
 1419 0159 12       		.uleb128 0x12
 1420 015a 06       		.uleb128 0x6
 1421 015b 40       		.uleb128 0x40
 1422 015c 18       		.uleb128 0x18
 1423 015d 9742     		.uleb128 0x2117
 1424 015f 19       		.uleb128 0x19
 1425 0160 00       		.byte	0
 1426 0161 00       		.byte	0
 1427 0162 1A       		.uleb128 0x1a
 1428 0163 2E       		.uleb128 0x2e
 1429 0164 01       		.byte	0x1
 1430 0165 3F       		.uleb128 0x3f
 1431 0166 19       		.uleb128 0x19
 1432 0167 03       		.uleb128 0x3
 1433 0168 0E       		.uleb128 0xe
 1434 0169 3A       		.uleb128 0x3a
 1435 016a 0B       		.uleb128 0xb
 1436 016b 3B       		.uleb128 0x3b
 1437 016c 0B       		.uleb128 0xb
 1438 016d 11       		.uleb128 0x11
 1439 016e 01       		.uleb128 0x1
 1440 016f 12       		.uleb128 0x12
 1441 0170 06       		.uleb128 0x6
 1442 0171 40       		.uleb128 0x40
 1443 0172 18       		.uleb128 0x18
 1444 0173 9642     		.uleb128 0x2116
 1445 0175 19       		.uleb128 0x19
 1446 0176 01       		.uleb128 0x1
 1447 0177 13       		.uleb128 0x13
 1448 0178 00       		.byte	0
 1449 0179 00       		.byte	0
 1450 017a 1B       		.uleb128 0x1b
 1451 017b 898201   		.uleb128 0x4109
 1452 017e 00       		.byte	0
 1453 017f 11       		.uleb128 0x11
 1454 0180 01       		.uleb128 0x1
 1455 0181 31       		.uleb128 0x31
 1456 0182 13       		.uleb128 0x13
 1457 0183 00       		.byte	0
 1458 0184 00       		.byte	0
 1459 0185 1C       		.uleb128 0x1c
 1460 0186 34       		.uleb128 0x34
 1461 0187 00       		.byte	0
 1462 0188 03       		.uleb128 0x3
 1463 0189 08       		.uleb128 0x8
 1464 018a 3A       		.uleb128 0x3a
 1465 018b 0B       		.uleb128 0xb
 1466 018c 3B       		.uleb128 0x3b
 1467 018d 0B       		.uleb128 0xb
 1468 018e 49       		.uleb128 0x49
 1469 018f 13       		.uleb128 0x13
 1470 0190 02       		.uleb128 0x2
ARM GAS  C:\Users\Tim\AppData\Local\Temp\cct1Hglg.s 			page 30


 1471 0191 18       		.uleb128 0x18
 1472 0192 00       		.byte	0
 1473 0193 00       		.byte	0
 1474 0194 1D       		.uleb128 0x1d
 1475 0195 34       		.uleb128 0x34
 1476 0196 00       		.byte	0
 1477 0197 03       		.uleb128 0x3
 1478 0198 0E       		.uleb128 0xe
 1479 0199 3A       		.uleb128 0x3a
 1480 019a 0B       		.uleb128 0xb
 1481 019b 3B       		.uleb128 0x3b
 1482 019c 0B       		.uleb128 0xb
 1483 019d 49       		.uleb128 0x49
 1484 019e 13       		.uleb128 0x13
 1485 019f 3F       		.uleb128 0x3f
 1486 01a0 19       		.uleb128 0x19
 1487 01a1 02       		.uleb128 0x2
 1488 01a2 18       		.uleb128 0x18
 1489 01a3 00       		.byte	0
 1490 01a4 00       		.byte	0
 1491 01a5 1E       		.uleb128 0x1e
 1492 01a6 2E       		.uleb128 0x2e
 1493 01a7 01       		.byte	0x1
 1494 01a8 3F       		.uleb128 0x3f
 1495 01a9 19       		.uleb128 0x19
 1496 01aa 03       		.uleb128 0x3
 1497 01ab 0E       		.uleb128 0xe
 1498 01ac 27       		.uleb128 0x27
 1499 01ad 19       		.uleb128 0x19
 1500 01ae 49       		.uleb128 0x49
 1501 01af 13       		.uleb128 0x13
 1502 01b0 34       		.uleb128 0x34
 1503 01b1 19       		.uleb128 0x19
 1504 01b2 3C       		.uleb128 0x3c
 1505 01b3 19       		.uleb128 0x19
 1506 01b4 01       		.uleb128 0x1
 1507 01b5 13       		.uleb128 0x13
 1508 01b6 00       		.byte	0
 1509 01b7 00       		.byte	0
 1510 01b8 1F       		.uleb128 0x1f
 1511 01b9 05       		.uleb128 0x5
 1512 01ba 00       		.byte	0
 1513 01bb 49       		.uleb128 0x49
 1514 01bc 13       		.uleb128 0x13
 1515 01bd 00       		.byte	0
 1516 01be 00       		.byte	0
 1517 01bf 20       		.uleb128 0x20
 1518 01c0 2E       		.uleb128 0x2e
 1519 01c1 01       		.byte	0x1
 1520 01c2 3F       		.uleb128 0x3f
 1521 01c3 19       		.uleb128 0x19
 1522 01c4 03       		.uleb128 0x3
 1523 01c5 0E       		.uleb128 0xe
 1524 01c6 3A       		.uleb128 0x3a
 1525 01c7 0B       		.uleb128 0xb
 1526 01c8 3B       		.uleb128 0x3b
 1527 01c9 05       		.uleb128 0x5
ARM GAS  C:\Users\Tim\AppData\Local\Temp\cct1Hglg.s 			page 31


 1528 01ca 27       		.uleb128 0x27
 1529 01cb 19       		.uleb128 0x19
 1530 01cc 49       		.uleb128 0x49
 1531 01cd 13       		.uleb128 0x13
 1532 01ce 3C       		.uleb128 0x3c
 1533 01cf 19       		.uleb128 0x19
 1534 01d0 01       		.uleb128 0x1
 1535 01d1 13       		.uleb128 0x13
 1536 01d2 00       		.byte	0
 1537 01d3 00       		.byte	0
 1538 01d4 21       		.uleb128 0x21
 1539 01d5 18       		.uleb128 0x18
 1540 01d6 00       		.byte	0
 1541 01d7 00       		.byte	0
 1542 01d8 00       		.byte	0
 1543 01d9 22       		.uleb128 0x22
 1544 01da 2E       		.uleb128 0x2e
 1545 01db 01       		.byte	0x1
 1546 01dc 3F       		.uleb128 0x3f
 1547 01dd 19       		.uleb128 0x19
 1548 01de 03       		.uleb128 0x3
 1549 01df 0E       		.uleb128 0xe
 1550 01e0 3A       		.uleb128 0x3a
 1551 01e1 0B       		.uleb128 0xb
 1552 01e2 3B       		.uleb128 0x3b
 1553 01e3 05       		.uleb128 0x5
 1554 01e4 27       		.uleb128 0x27
 1555 01e5 19       		.uleb128 0x19
 1556 01e6 3C       		.uleb128 0x3c
 1557 01e7 19       		.uleb128 0x19
 1558 01e8 01       		.uleb128 0x1
 1559 01e9 13       		.uleb128 0x13
 1560 01ea 00       		.byte	0
 1561 01eb 00       		.byte	0
 1562 01ec 23       		.uleb128 0x23
 1563 01ed 2E       		.uleb128 0x2e
 1564 01ee 01       		.byte	0x1
 1565 01ef 3F       		.uleb128 0x3f
 1566 01f0 19       		.uleb128 0x19
 1567 01f1 03       		.uleb128 0x3
 1568 01f2 0E       		.uleb128 0xe
 1569 01f3 3A       		.uleb128 0x3a
 1570 01f4 0B       		.uleb128 0xb
 1571 01f5 3B       		.uleb128 0x3b
 1572 01f6 0B       		.uleb128 0xb
 1573 01f7 27       		.uleb128 0x27
 1574 01f8 19       		.uleb128 0x19
 1575 01f9 3C       		.uleb128 0x3c
 1576 01fa 19       		.uleb128 0x19
 1577 01fb 01       		.uleb128 0x1
 1578 01fc 13       		.uleb128 0x13
 1579 01fd 00       		.byte	0
 1580 01fe 00       		.byte	0
 1581 01ff 24       		.uleb128 0x24
 1582 0200 2E       		.uleb128 0x2e
 1583 0201 01       		.byte	0x1
 1584 0202 3F       		.uleb128 0x3f
ARM GAS  C:\Users\Tim\AppData\Local\Temp\cct1Hglg.s 			page 32


 1585 0203 19       		.uleb128 0x19
 1586 0204 03       		.uleb128 0x3
 1587 0205 0E       		.uleb128 0xe
 1588 0206 3A       		.uleb128 0x3a
 1589 0207 0B       		.uleb128 0xb
 1590 0208 3B       		.uleb128 0x3b
 1591 0209 0B       		.uleb128 0xb
 1592 020a 49       		.uleb128 0x49
 1593 020b 13       		.uleb128 0x13
 1594 020c 3C       		.uleb128 0x3c
 1595 020d 19       		.uleb128 0x19
 1596 020e 01       		.uleb128 0x1
 1597 020f 13       		.uleb128 0x13
 1598 0210 00       		.byte	0
 1599 0211 00       		.byte	0
 1600 0212 25       		.uleb128 0x25
 1601 0213 2E       		.uleb128 0x2e
 1602 0214 01       		.byte	0x1
 1603 0215 3F       		.uleb128 0x3f
 1604 0216 19       		.uleb128 0x19
 1605 0217 03       		.uleb128 0x3
 1606 0218 0E       		.uleb128 0xe
 1607 0219 3A       		.uleb128 0x3a
 1608 021a 0B       		.uleb128 0xb
 1609 021b 3B       		.uleb128 0x3b
 1610 021c 0B       		.uleb128 0xb
 1611 021d 27       		.uleb128 0x27
 1612 021e 19       		.uleb128 0x19
 1613 021f 3C       		.uleb128 0x3c
 1614 0220 19       		.uleb128 0x19
 1615 0221 00       		.byte	0
 1616 0222 00       		.byte	0
 1617 0223 00       		.byte	0
 1618              		.section	.debug_loc,"",%progbits
 1619              	.Ldebug_loc0:
 1620              	.LLST0:
 1621 0000 00000000 		.4byte	.LVL0
 1622 0004 0E000000 		.4byte	.LVL1
 1623 0008 0100     		.2byte	0x1
 1624 000a 50       		.byte	0x50
 1625 000b 0E000000 		.4byte	.LVL1
 1626 000f 62000000 		.4byte	.LVL6
 1627 0013 0100     		.2byte	0x1
 1628 0015 54       		.byte	0x54
 1629 0016 62000000 		.4byte	.LVL6
 1630 001a 68000000 		.4byte	.LFE38
 1631 001e 0400     		.2byte	0x4
 1632 0020 F3       		.byte	0xf3
 1633 0021 01       		.uleb128 0x1
 1634 0022 50       		.byte	0x50
 1635 0023 9F       		.byte	0x9f
 1636 0024 00000000 		.4byte	0
 1637 0028 00000000 		.4byte	0
 1638              	.LLST1:
 1639 002c 00000000 		.4byte	.LVL0
 1640 0030 10000000 		.4byte	.LVL2
 1641 0034 0100     		.2byte	0x1
ARM GAS  C:\Users\Tim\AppData\Local\Temp\cct1Hglg.s 			page 33


 1642 0036 51       		.byte	0x51
 1643 0037 10000000 		.4byte	.LVL2
 1644 003b 68000000 		.4byte	.LFE38
 1645 003f 0400     		.2byte	0x4
 1646 0041 F3       		.byte	0xf3
 1647 0042 01       		.uleb128 0x1
 1648 0043 51       		.byte	0x51
 1649 0044 9F       		.byte	0x9f
 1650 0045 00000000 		.4byte	0
 1651 0049 00000000 		.4byte	0
 1652              	.LLST2:
 1653 004d 00000000 		.4byte	.LVL8
 1654 0051 0C000000 		.4byte	.LVL9
 1655 0055 0100     		.2byte	0x1
 1656 0057 50       		.byte	0x50
 1657 0058 0C000000 		.4byte	.LVL9
 1658 005c CA000000 		.4byte	.LVL29
 1659 0060 0100     		.2byte	0x1
 1660 0062 56       		.byte	0x56
 1661 0063 CA000000 		.4byte	.LVL29
 1662 0067 CC000000 		.4byte	.LFE35
 1663 006b 0400     		.2byte	0x4
 1664 006d F3       		.byte	0xf3
 1665 006e 01       		.uleb128 0x1
 1666 006f 50       		.byte	0x50
 1667 0070 9F       		.byte	0x9f
 1668 0071 00000000 		.4byte	0
 1669 0075 00000000 		.4byte	0
 1670              	.LLST3:
 1671 0079 00000000 		.4byte	.LVL8
 1672 007d 12000000 		.4byte	.LVL10
 1673 0081 0600     		.2byte	0x6
 1674 0083 52       		.byte	0x52
 1675 0084 93       		.byte	0x93
 1676 0085 04       		.uleb128 0x4
 1677 0086 53       		.byte	0x53
 1678 0087 93       		.byte	0x93
 1679 0088 04       		.uleb128 0x4
 1680 0089 12000000 		.4byte	.LVL10
 1681 008d 7C000000 		.4byte	.LVL17
 1682 0091 0200     		.2byte	0x2
 1683 0093 7D       		.byte	0x7d
 1684 0094 00       		.sleb128 0
 1685 0095 7C000000 		.4byte	.LVL17
 1686 0099 CC000000 		.4byte	.LFE35
 1687 009d 0600     		.2byte	0x6
 1688 009f F3       		.byte	0xf3
 1689 00a0 03       		.uleb128 0x3
 1690 00a1 F5       		.byte	0xf5
 1691 00a2 02       		.uleb128 0x2
 1692 00a3 25       		.uleb128 0x25
 1693 00a4 9F       		.byte	0x9f
 1694 00a5 00000000 		.4byte	0
 1695 00a9 00000000 		.4byte	0
 1696              	.LLST4:
 1697 00ad 74000000 		.4byte	.LVL15
 1698 00b1 78000000 		.4byte	.LVL16
ARM GAS  C:\Users\Tim\AppData\Local\Temp\cct1Hglg.s 			page 34


 1699 00b5 0600     		.2byte	0x6
 1700 00b7 50       		.byte	0x50
 1701 00b8 93       		.byte	0x93
 1702 00b9 04       		.uleb128 0x4
 1703 00ba 51       		.byte	0x51
 1704 00bb 93       		.byte	0x93
 1705 00bc 04       		.uleb128 0x4
 1706 00bd 78000000 		.4byte	.LVL16
 1707 00c1 A8000000 		.4byte	.LVL24
 1708 00c5 0200     		.2byte	0x2
 1709 00c7 91       		.byte	0x91
 1710 00c8 58       		.sleb128 -40
 1711 00c9 00000000 		.4byte	0
 1712 00cd 00000000 		.4byte	0
 1713              	.LLST5:
 1714 00d1 88000000 		.4byte	.LVL19
 1715 00d5 CA000000 		.4byte	.LVL28
 1716 00d9 0600     		.2byte	0x6
 1717 00db 54       		.byte	0x54
 1718 00dc 93       		.byte	0x93
 1719 00dd 04       		.uleb128 0x4
 1720 00de 55       		.byte	0x55
 1721 00df 93       		.byte	0x93
 1722 00e0 04       		.uleb128 0x4
 1723 00e1 00000000 		.4byte	0
 1724 00e5 00000000 		.4byte	0
 1725              	.LLST6:
 1726 00e9 98000000 		.4byte	.LVL21
 1727 00ed 9C000000 		.4byte	.LVL22
 1728 00f1 0600     		.2byte	0x6
 1729 00f3 50       		.byte	0x50
 1730 00f4 93       		.byte	0x93
 1731 00f5 04       		.uleb128 0x4
 1732 00f6 51       		.byte	0x51
 1733 00f7 93       		.byte	0x93
 1734 00f8 04       		.uleb128 0x4
 1735 00f9 9C000000 		.4byte	.LVL22
 1736 00fd CC000000 		.4byte	.LFE35
 1737 0101 0200     		.2byte	0x2
 1738 0103 91       		.byte	0x91
 1739 0104 60       		.sleb128 -32
 1740 0105 00000000 		.4byte	0
 1741 0109 00000000 		.4byte	0
 1742              	.LLST7:
 1743 010d A8000000 		.4byte	.LVL24
 1744 0111 AA000000 		.4byte	.LVL25
 1745 0115 0600     		.2byte	0x6
 1746 0117 50       		.byte	0x50
 1747 0118 93       		.byte	0x93
 1748 0119 04       		.uleb128 0x4
 1749 011a 51       		.byte	0x51
 1750 011b 93       		.byte	0x93
 1751 011c 04       		.uleb128 0x4
 1752 011d AA000000 		.4byte	.LVL25
 1753 0121 CC000000 		.4byte	.LFE35
 1754 0125 0200     		.2byte	0x2
 1755 0127 91       		.byte	0x91
ARM GAS  C:\Users\Tim\AppData\Local\Temp\cct1Hglg.s 			page 35


 1756 0128 58       		.sleb128 -40
 1757 0129 00000000 		.4byte	0
 1758 012d 00000000 		.4byte	0
 1759              	.LLST8:
 1760 0131 00000000 		.4byte	.LVL30
 1761 0135 02000000 		.4byte	.LVL31
 1762 0139 0100     		.2byte	0x1
 1763 013b 53       		.byte	0x53
 1764 013c 02000000 		.4byte	.LVL31
 1765 0140 08000000 		.4byte	.LVL32
 1766 0144 0400     		.2byte	0x4
 1767 0146 F3       		.byte	0xf3
 1768 0147 01       		.uleb128 0x1
 1769 0148 53       		.byte	0x53
 1770 0149 9F       		.byte	0x9f
 1771 014a 08000000 		.4byte	.LVL32
 1772 014e 10000000 		.4byte	.LFE36
 1773 0152 0800     		.2byte	0x8
 1774 0154 F3       		.byte	0xf3
 1775 0155 01       		.uleb128 0x1
 1776 0156 53       		.byte	0x53
 1777 0157 48       		.byte	0x48
 1778 0158 24       		.byte	0x24
 1779 0159 30       		.byte	0x30
 1780 015a 2E       		.byte	0x2e
 1781 015b 9F       		.byte	0x9f
 1782 015c 00000000 		.4byte	0
 1783 0160 00000000 		.4byte	0
 1784              	.LLST9:
 1785 0164 04000000 		.4byte	.LVL33
 1786 0168 28000000 		.4byte	.LVL39
 1787 016c 0200     		.2byte	0x2
 1788 016e 30       		.byte	0x30
 1789 016f 9F       		.byte	0x9f
 1790 0170 28000000 		.4byte	.LVL39
 1791 0174 39000000 		.4byte	.LVL40-1
 1792 0178 0100     		.2byte	0x1
 1793 017a 52       		.byte	0x52
 1794 017b 00000000 		.4byte	0
 1795 017f 00000000 		.4byte	0
 1796              	.LLST10:
 1797 0183 16000000 		.4byte	.LVL36
 1798 0187 1D000000 		.4byte	.LVL37-1
 1799 018b 0100     		.2byte	0x1
 1800 018d 50       		.byte	0x50
 1801 018e 00000000 		.4byte	0
 1802 0192 00000000 		.4byte	0
 1803              		.section	.debug_aranges,"",%progbits
 1804 0000 44000000 		.4byte	0x44
 1805 0004 0200     		.2byte	0x2
 1806 0006 00000000 		.4byte	.Ldebug_info0
 1807 000a 04       		.byte	0x4
 1808 000b 00       		.byte	0
 1809 000c 0000     		.2byte	0
 1810 000e 0000     		.2byte	0
 1811 0010 00000000 		.4byte	.LFB38
 1812 0014 68000000 		.4byte	.LFE38-.LFB38
ARM GAS  C:\Users\Tim\AppData\Local\Temp\cct1Hglg.s 			page 36


 1813 0018 00000000 		.4byte	.LFB34
 1814 001c 0E000000 		.4byte	.LFE34-.LFB34
 1815 0020 00000000 		.4byte	.LFB35
 1816 0024 CC000000 		.4byte	.LFE35-.LFB35
 1817 0028 00000000 		.4byte	.LFB36
 1818 002c 10000000 		.4byte	.LFE36-.LFB36
 1819 0030 00000000 		.4byte	.LFB37
 1820 0034 18000000 		.4byte	.LFE37-.LFB37
 1821 0038 00000000 		.4byte	.LFB39
 1822 003c 7C000000 		.4byte	.LFE39-.LFB39
 1823 0040 00000000 		.4byte	0
 1824 0044 00000000 		.4byte	0
 1825              		.section	.debug_ranges,"",%progbits
 1826              	.Ldebug_ranges0:
 1827 0000 00000000 		.4byte	.LFB38
 1828 0004 68000000 		.4byte	.LFE38
 1829 0008 00000000 		.4byte	.LFB34
 1830 000c 0E000000 		.4byte	.LFE34
 1831 0010 00000000 		.4byte	.LFB35
 1832 0014 CC000000 		.4byte	.LFE35
 1833 0018 00000000 		.4byte	.LFB36
 1834 001c 10000000 		.4byte	.LFE36
 1835 0020 00000000 		.4byte	.LFB37
 1836 0024 18000000 		.4byte	.LFE37
 1837 0028 00000000 		.4byte	.LFB39
 1838 002c 7C000000 		.4byte	.LFE39
 1839 0030 00000000 		.4byte	0
 1840 0034 00000000 		.4byte	0
 1841              		.section	.debug_line,"",%progbits
 1842              	.Ldebug_line0:
 1843 0000 1A020000 		.section	.debug_str,"MS",%progbits,1
 1843      02008D01 
 1843      00000201 
 1843      FB0E0D00 
 1843      01010101 
 1844              	.LASF54:
 1845 0000 4D6F746F 		.ascii	"Motor_SetOutput\000"
 1845      725F5365 
 1845      744F7574 
 1845      70757400 
 1846              	.LASF31:
 1847 0010 64696666 		.ascii	"diff\000"
 1847      00
 1848              	.LASF4:
 1849 0015 73686F72 		.ascii	"short int\000"
 1849      7420696E 
 1849      7400
 1850              	.LASF14:
 1851 001f 73697A65 		.ascii	"size_t\000"
 1851      5F7400
 1852              	.LASF39:
 1853 0026 696E7075 		.ascii	"input\000"
 1853      7400
 1854              	.LASF10:
 1855 002c 73697A65 		.ascii	"sizetype\000"
 1855      74797065 
 1855      00
ARM GAS  C:\Users\Tim\AppData\Local\Temp\cct1Hglg.s 			page 37


 1856              	.LASF40:
 1857 0035 64656C74 		.ascii	"delta_time\000"
 1857      615F7469 
 1857      6D6500
 1858              	.LASF18:
 1859 0040 63686172 		.ascii	"char8\000"
 1859      3800
 1860              	.LASF50:
 1861 0046 5049445F 		.ascii	"PID_Start\000"
 1861      53746172 
 1861      7400
 1862              	.LASF26:
 1863 0050 76656C6F 		.ascii	"velocity\000"
 1863      63697479 
 1863      00
 1864              	.LASF34:
 1865 0059 645F7465 		.ascii	"d_term\000"
 1865      726D00
 1866              	.LASF20:
 1867 0060 70726F70 		.ascii	"proportional_gain\000"
 1867      6F727469 
 1867      6F6E616C 
 1867      5F676169 
 1867      6E00
 1868              	.LASF48:
 1869 0072 443A5C70 		.ascii	"D:\\projects\\ArloBot\\ArlobotHw\\Arlobot\\Board2-R"
 1869      726F6A65 
 1869      6374735C 
 1869      41726C6F 
 1869      426F745C 
 1870 00a0 50692E63 		.ascii	"Pi.cydsn\000"
 1870      7964736E 
 1870      00
 1871              	.LASF17:
 1872 00a9 696E7431 		.ascii	"int16\000"
 1872      3600
 1873              	.LASF23:
 1874 00af 70726576 		.ascii	"prev_error\000"
 1874      5F657272 
 1874      6F7200
 1875              	.LASF15:
 1876 00ba 75696E74 		.ascii	"uint8\000"
 1876      3800
 1877              	.LASF49:
 1878 00c0 5072696E 		.ascii	"PrintPid\000"
 1878      74506964 
 1878      00
 1879              	.LASF36:
 1880 00c9 73616D70 		.ascii	"sample_rate\000"
 1880      6C655F72 
 1880      61746500 
 1881              	.LASF12:
 1882 00d5 666C6F61 		.ascii	"float\000"
 1882      7400
 1883              	.LASF8:
 1884 00db 6C6F6E67 		.ascii	"long long int\000"
 1884      206C6F6E 
ARM GAS  C:\Users\Tim\AppData\Local\Temp\cct1Hglg.s 			page 38


 1884      6720696E 
 1884      7400
 1885              	.LASF19:
 1886 00e9 77696E64 		.ascii	"windup_guard\000"
 1886      75705F67 
 1886      75617264 
 1886      00
 1887              	.LASF41:
 1888 00f6 6D656D73 		.ascii	"memset\000"
 1888      657400
 1889              	.LASF6:
 1890 00fd 6C6F6E67 		.ascii	"long int\000"
 1890      20696E74 
 1890      00
 1891              	.LASF44:
 1892 0106 6D696C6C 		.ascii	"millis\000"
 1892      697300
 1893              	.LASF21:
 1894 010d 696E7465 		.ascii	"integral_gain\000"
 1894      6772616C 
 1894      5F676169 
 1894      6E00
 1895              	.LASF3:
 1896 011b 756E7369 		.ascii	"unsigned char\000"
 1896      676E6564 
 1896      20636861 
 1896      7200
 1897              	.LASF29:
 1898 0129 63757272 		.ascii	"curr_error\000"
 1898      5F657272 
 1898      6F7200
 1899              	.LASF53:
 1900 0134 736E7072 		.ascii	"snprintf\000"
 1900      696E7466 
 1900      00
 1901              	.LASF13:
 1902 013d 6C6F6E67 		.ascii	"long double\000"
 1902      20646F75 
 1902      626C6500 
 1903              	.LASF25:
 1904 0149 636F6E74 		.ascii	"control\000"
 1904      726F6C00 
 1905              	.LASF2:
 1906 0151 7369676E 		.ascii	"signed char\000"
 1906      65642063 
 1906      68617200 
 1907              	.LASF9:
 1908 015d 6C6F6E67 		.ascii	"long long unsigned int\000"
 1908      206C6F6E 
 1908      6720756E 
 1908      7369676E 
 1908      65642069 
 1909              	.LASF1:
 1910 0174 756E7369 		.ascii	"unsigned int\000"
 1910      676E6564 
 1910      20696E74 
 1910      00
ARM GAS  C:\Users\Tim\AppData\Local\Temp\cct1Hglg.s 			page 39


 1911              	.LASF45:
 1912 0181 456E636F 		.ascii	"Encoder_GetVelocity\000"
 1912      6465725F 
 1912      47657456 
 1912      656C6F63 
 1912      69747900 
 1913              	.LASF32:
 1914 0195 705F7465 		.ascii	"p_term\000"
 1914      726D00
 1915              	.LASF5:
 1916 019c 73686F72 		.ascii	"short unsigned int\000"
 1916      7420756E 
 1916      7369676E 
 1916      65642069 
 1916      6E7400
 1917              	.LASF11:
 1918 01af 63686172 		.ascii	"char\000"
 1918      00
 1919              	.LASF51:
 1920 01b4 5049445F 		.ascii	"PID_Update\000"
 1920      55706461 
 1920      746500
 1921              	.LASF33:
 1922 01bf 695F7465 		.ascii	"i_term\000"
 1922      726D00
 1923              	.LASF37:
 1924 01c6 6C617374 		.ascii	"last_time\000"
 1924      5F74696D 
 1924      6500
 1925              	.LASF42:
 1926 01d0 55415254 		.ascii	"UARTCOMMS_UartPutString\000"
 1926      434F4D4D 
 1926      535F5561 
 1926      72745075 
 1926      74537472 
 1927              	.LASF30:
 1928 01e8 62756666 		.ascii	"buffer\000"
 1928      657200
 1929              	.LASF16:
 1930 01ef 75696E74 		.ascii	"uint32\000"
 1930      333200
 1931              	.LASF7:
 1932 01f6 6C6F6E67 		.ascii	"long unsigned int\000"
 1932      20756E73 
 1932      69676E65 
 1932      6420696E 
 1932      7400
 1933              	.LASF0:
 1934 0208 646F7562 		.ascii	"double\000"
 1934      6C6500
 1935              	.LASF47:
 1936 020f 2E2E5C73 		.ascii	"..\\source\\pid.c\000"
 1936      6F757263 
 1936      655C7069 
 1936      642E6300 
 1937              	.LASF27:
 1938 021f 7069645F 		.ascii	"pid_zeroize\000"
ARM GAS  C:\Users\Tim\AppData\Local\Temp\cct1Hglg.s 			page 40


 1938      7A65726F 
 1938      697A6500 
 1939              	.LASF35:
 1940 022b 5049445F 		.ascii	"PID_Init\000"
 1940      496E6974 
 1940      00
 1941              	.LASF24:
 1942 0234 696E745F 		.ascii	"int_error\000"
 1942      6572726F 
 1942      7200
 1943              	.LASF52:
 1944 023e 666F726D 		.ascii	"formatted_string\000"
 1944      61747465 
 1944      645F7374 
 1944      72696E67 
 1944      00
 1945              	.LASF28:
 1946 024f 7069645F 		.ascii	"pid_update\000"
 1946      75706461 
 1946      746500
 1947              	.LASF46:
 1948 025a 474E5520 		.ascii	"GNU C 4.9.3 20150303 (release) [ARM/embedded-4_9-br"
 1948      4320342E 
 1948      392E3320 
 1948      32303135 
 1948      30333033 
 1949 028d 616E6368 		.ascii	"anch revision 221220] -mcpu=cortex-m0 -mthumb -g -O"
 1949      20726576 
 1949      6973696F 
 1949      6E203232 
 1949      31323230 
 1950 02c0 67202D66 		.ascii	"g -ffunction-sections -ffat-lto-objects\000"
 1950      66756E63 
 1950      74696F6E 
 1950      2D736563 
 1950      74696F6E 
 1951              	.LASF43:
 1952 02e8 4932635F 		.ascii	"I2c_ReadVelocity\000"
 1952      52656164 
 1952      56656C6F 
 1952      63697479 
 1952      00
 1953              	.LASF22:
 1954 02f9 64657269 		.ascii	"derivative_gain\000"
 1954      76617469 
 1954      76655F67 
 1954      61696E00 
 1955              	.LASF38:
 1956 0309 6E65775F 		.ascii	"new_velocity\000"
 1956      76656C6F 
 1956      63697479 
 1956      00
 1957              		.ident	"GCC: (GNU Tools for ARM Embedded Processors) 4.9.3 20150303 (release) [ARM/embedded-4_9-br
