--------------- Rebuild Started: 04/11/2016 14:28:57 Project: i2c, Configuration: ARM GCC 4.9-2015-q1-update Debug ---------------
Deleting file ".\CortexM0\ARM_GCC_493\Debug\main.o"
Deleting file ".\CortexM0\ARM_GCC_493\Debug\cyfitter_cfg.o"
Deleting file ".\CortexM0\ARM_GCC_493\Debug\cymetadata.o"
Deleting file ".\CortexM0\ARM_GCC_493\Debug\EZI2C_1.o"
Deleting file ".\CortexM0\ARM_GCC_493\Debug\EZI2C_1_PM.o"
Deleting file ".\CortexM0\ARM_GCC_493\Debug\EZI2C_1_BOOT.o"
Deleting file ".\CortexM0\ARM_GCC_493\Debug\EZI2C_1_EZI2C.o"
Deleting file ".\CortexM0\ARM_GCC_493\Debug\EZI2C_1_EZI2C_INT.o"
Deleting file ".\CortexM0\ARM_GCC_493\Debug\EZI2C_1_EZI2C_BOOT.o"
Deleting file ".\CortexM0\ARM_GCC_493\Debug\EZI2C_1_SCBCLK.o"
Deleting file ".\CortexM0\ARM_GCC_493\Debug\EZI2C_1_sda.o"
Deleting file ".\CortexM0\ARM_GCC_493\Debug\EZI2C_1_sda_PM.o"
Deleting file ".\CortexM0\ARM_GCC_493\Debug\EZI2C_1_scl.o"
Deleting file ".\CortexM0\ARM_GCC_493\Debug\EZI2C_1_scl_PM.o"
Deleting file ".\CortexM0\ARM_GCC_493\Debug\EZI2C_1_SCB_IRQ.o"
Deleting file ".\CortexM0\ARM_GCC_493\Debug\Cm0Start.o"
Deleting file ".\CortexM0\ARM_GCC_493\Debug\CyBootAsmGnu.o"
Deleting file ".\CortexM0\ARM_GCC_493\Debug\CyFlash.o"
Deleting file ".\CortexM0\ARM_GCC_493\Debug\CyLib.o"
Deleting file ".\CortexM0\ARM_GCC_493\Debug\cyPm.o"
Deleting file ".\CortexM0\ARM_GCC_493\Debug\cyutils.o"
Deleting file ".\CortexM0\ARM_GCC_493\Debug\CyDMA.o"
Deleting file ".\CortexM0\ARM_GCC_493\Debug\CyLFClk.o"
Deleting file ".\CortexM0\ARM_GCC_493\Debug\i2c.hex"
Deleting file ".\CortexM0\ARM_GCC_493\Debug\i2c.elf"
Deleting file ".\CortexM0\ARM_GCC_493\Debug\i2c.map"
Deleting file ".\i2c.cycdx"
Deleting file ".\i2c.svd"
Deleting file ".\i2c.rpt"
Deleting file ".\i2c_timing.html"
Deleting file ".\CortexM0\ARM_GCC_493\Debug\.deps\C_FILE.P"
Deleting file ".\CortexM0\ARM_GCC_493\Debug\.deps\ARM_C_FILE.P"
Deleting file ".\CortexM0\ARM_GCC_493\Debug\.deps\GNU_ARM_ASM_FILE.P"
cydsfit.exe -.appdatapath "C:\Users\Tim\AppData\Local\Cypress Semiconductor\PSoC Creator\3.3" -.fdsnotice -.fdswarpdepfile=warp_dependencies.txt -.fdselabdepfile=elab_dependencies.txt -.fdsbldfile=generated_files.txt -p D:\projects\ArloBot\ArlobotHw\DualBoard-043\i2c.cydsn\i2c.cyprj -d CY8C4247AZI-M485 -s D:\projects\ArloBot\ArlobotHw\DualBoard-043\i2c.cydsn\Generated_Source\PSoC4 -- -yv2 -q10 -ygs -o2 -v3 -.fftcfgtype=LE
Elaborating Design...
HDL Generation ...
Synthesis ...
Place and Route ...
Tech mapping ...
ADD: pft.M0040: information: The following 2 pin(s) will be assigned a location by the fitter: \EZI2C_1:scl(0)\, \EZI2C_1:sda(0)\
Analog Placement ...
Analog Routing ...
Analog Code Generation ...
Digital Placement ...
Digital Routing ...
Bitstream Generation ...
Static timing analysis ...
API Generation ...
Dependency Generation ...
Clean Temporary Files ...
arm-none-eabi-gcc.exe -mcpu=cortex-m0 -mthumb -Wno-main -I. -IGenerated_Source\PSoC4 -Wa,-alh=.\CortexM0\ARM_GCC_493\Debug/main.lst -g -D DEBUG -Wall -ffunction-sections -Og -ffat-lto-objects -c .\main.c -o .\CortexM0\ARM_GCC_493\Debug\main.o
arm-none-eabi-gcc.exe -mcpu=cortex-m0 -mthumb -Wno-main -I. -IGenerated_Source\PSoC4 -Wa,-alh=.\CortexM0\ARM_GCC_493\Debug/cyfitter_cfg.lst -g -D DEBUG -Wall -ffunction-sections -Og -ffat-lto-objects -c .\Generated_Source\PSoC4\cyfitter_cfg.c -o .\CortexM0\ARM_GCC_493\Debug\cyfitter_cfg.o
arm-none-eabi-gcc.exe -mcpu=cortex-m0 -mthumb -Wno-main -I. -IGenerated_Source\PSoC4 -Wa,-alh=.\CortexM0\ARM_GCC_493\Debug/cymetadata.lst -g -D DEBUG -Wall -ffunction-sections -Og -ffat-lto-objects -c .\Generated_Source\PSoC4\cymetadata.c -o .\CortexM0\ARM_GCC_493\Debug\cymetadata.o
arm-none-eabi-gcc.exe -mcpu=cortex-m0 -mthumb -Wno-main -I. -IGenerated_Source\PSoC4 -Wa,-alh=.\CortexM0\ARM_GCC_493\Debug/EZI2C_1.lst -g -D DEBUG -Wall -ffunction-sections -Og -ffat-lto-objects -c .\Generated_Source\PSoC4\EZI2C_1.c -o .\CortexM0\ARM_GCC_493\Debug\EZI2C_1.o
arm-none-eabi-gcc.exe -mcpu=cortex-m0 -mthumb -Wno-main -I. -IGenerated_Source\PSoC4 -Wa,-alh=.\CortexM0\ARM_GCC_493\Debug/EZI2C_1_PM.lst -g -D DEBUG -Wall -ffunction-sections -Og -ffat-lto-objects -c .\Generated_Source\PSoC4\EZI2C_1_PM.c -o .\CortexM0\ARM_GCC_493\Debug\EZI2C_1_PM.o
arm-none-eabi-gcc.exe -mcpu=cortex-m0 -mthumb -Wno-main -I. -IGenerated_Source\PSoC4 -Wa,-alh=.\CortexM0\ARM_GCC_493\Debug/EZI2C_1_BOOT.lst -g -D DEBUG -Wall -ffunction-sections -Og -ffat-lto-objects -c .\Generated_Source\PSoC4\EZI2C_1_BOOT.c -o .\CortexM0\ARM_GCC_493\Debug\EZI2C_1_BOOT.o
arm-none-eabi-gcc.exe -mcpu=cortex-m0 -mthumb -Wno-main -I. -IGenerated_Source\PSoC4 -Wa,-alh=.\CortexM0\ARM_GCC_493\Debug/EZI2C_1_EZI2C.lst -g -D DEBUG -Wall -ffunction-sections -Og -ffat-lto-objects -c .\Generated_Source\PSoC4\EZI2C_1_EZI2C.c -o .\CortexM0\ARM_GCC_493\Debug\EZI2C_1_EZI2C.o
arm-none-eabi-gcc.exe -mcpu=cortex-m0 -mthumb -Wno-main -I. -IGenerated_Source\PSoC4 -Wa,-alh=.\CortexM0\ARM_GCC_493\Debug/EZI2C_1_EZI2C_INT.lst -g -D DEBUG -Wall -ffunction-sections -Og -ffat-lto-objects -c .\Generated_Source\PSoC4\EZI2C_1_EZI2C_INT.c -o .\CortexM0\ARM_GCC_493\Debug\EZI2C_1_EZI2C_INT.o
arm-none-eabi-gcc.exe -mcpu=cortex-m0 -mthumb -Wno-main -I. -IGenerated_Source\PSoC4 -Wa,-alh=.\CortexM0\ARM_GCC_493\Debug/EZI2C_1_EZI2C_BOOT.lst -g -D DEBUG -Wall -ffunction-sections -Og -ffat-lto-objects -c .\Generated_Source\PSoC4\EZI2C_1_EZI2C_BOOT.c -o .\CortexM0\ARM_GCC_493\Debug\EZI2C_1_EZI2C_BOOT.o
arm-none-eabi-gcc.exe -mcpu=cortex-m0 -mthumb -Wno-main -I. -IGenerated_Source\PSoC4 -Wa,-alh=.\CortexM0\ARM_GCC_493\Debug/EZI2C_1_SCBCLK.lst -g -D DEBUG -Wall -ffunction-sections -Og -ffat-lto-objects -c .\Generated_Source\PSoC4\EZI2C_1_SCBCLK.c -o .\CortexM0\ARM_GCC_493\Debug\EZI2C_1_SCBCLK.o
arm-none-eabi-gcc.exe -mcpu=cortex-m0 -mthumb -Wno-main -I. -IGenerated_Source\PSoC4 -Wa,-alh=.\CortexM0\ARM_GCC_493\Debug/EZI2C_1_sda.lst -g -D DEBUG -Wall -ffunction-sections -Og -ffat-lto-objects -c .\Generated_Source\PSoC4\EZI2C_1_sda.c -o .\CortexM0\ARM_GCC_493\Debug\EZI2C_1_sda.o
arm-none-eabi-gcc.exe -mcpu=cortex-m0 -mthumb -Wno-main -I. -IGenerated_Source\PSoC4 -Wa,-alh=.\CortexM0\ARM_GCC_493\Debug/EZI2C_1_sda_PM.lst -g -D DEBUG -Wall -ffunction-sections -Og -ffat-lto-objects -c .\Generated_Source\PSoC4\EZI2C_1_sda_PM.c -o .\CortexM0\ARM_GCC_493\Debug\EZI2C_1_sda_PM.o
arm-none-eabi-gcc.exe -mcpu=cortex-m0 -mthumb -Wno-main -I. -IGenerated_Source\PSoC4 -Wa,-alh=.\CortexM0\ARM_GCC_493\Debug/EZI2C_1_scl.lst -g -D DEBUG -Wall -ffunction-sections -Og -ffat-lto-objects -c .\Generated_Source\PSoC4\EZI2C_1_scl.c -o .\CortexM0\ARM_GCC_493\Debug\EZI2C_1_scl.o
arm-none-eabi-gcc.exe -mcpu=cortex-m0 -mthumb -Wno-main -I. -IGenerated_Source\PSoC4 -Wa,-alh=.\CortexM0\ARM_GCC_493\Debug/EZI2C_1_scl_PM.lst -g -D DEBUG -Wall -ffunction-sections -Og -ffat-lto-objects -c .\Generated_Source\PSoC4\EZI2C_1_scl_PM.c -o .\CortexM0\ARM_GCC_493\Debug\EZI2C_1_scl_PM.o
arm-none-eabi-gcc.exe -mcpu=cortex-m0 -mthumb -Wno-main -I. -IGenerated_Source\PSoC4 -Wa,-alh=.\CortexM0\ARM_GCC_493\Debug/EZI2C_1_SCB_IRQ.lst -g -D DEBUG -Wall -ffunction-sections -Og -ffat-lto-objects -c .\Generated_Source\PSoC4\EZI2C_1_SCB_IRQ.c -o .\CortexM0\ARM_GCC_493\Debug\EZI2C_1_SCB_IRQ.o
arm-none-eabi-gcc.exe -mcpu=cortex-m0 -mthumb -Wno-main -I. -IGenerated_Source\PSoC4 -Wa,-alh=.\CortexM0\ARM_GCC_493\Debug/Cm0Start.lst -g -D DEBUG -Wall -ffunction-sections -Og -ffat-lto-objects -c .\Generated_Source\PSoC4\Cm0Start.c -o .\CortexM0\ARM_GCC_493\Debug\Cm0Start.o
arm-none-eabi-as.exe -mcpu=cortex-m0 -mthumb -I. -IGenerated_Source\PSoC4 -alh=.\CortexM0\ARM_GCC_493\Debug/CyBootAsmGnu.lst -g -W -o .\CortexM0\ARM_GCC_493\Debug\CyBootAsmGnu.o .\Generated_Source\PSoC4\CyBootAsmGnu.s
arm-none-eabi-gcc.exe -mcpu=cortex-m0 -mthumb -Wno-main -I. -IGenerated_Source\PSoC4 -Wa,-alh=.\CortexM0\ARM_GCC_493\Debug/CyFlash.lst -g -D DEBUG -Wall -ffunction-sections -Og -ffat-lto-objects -c .\Generated_Source\PSoC4\CyFlash.c -o .\CortexM0\ARM_GCC_493\Debug\CyFlash.o
arm-none-eabi-gcc.exe -mcpu=cortex-m0 -mthumb -Wno-main -I. -IGenerated_Source\PSoC4 -Wa,-alh=.\CortexM0\ARM_GCC_493\Debug/CyLib.lst -g -D DEBUG -Wall -ffunction-sections -Og -ffat-lto-objects -c .\Generated_Source\PSoC4\CyLib.c -o .\CortexM0\ARM_GCC_493\Debug\CyLib.o
arm-none-eabi-gcc.exe -mcpu=cortex-m0 -mthumb -Wno-main -I. -IGenerated_Source\PSoC4 -Wa,-alh=.\CortexM0\ARM_GCC_493\Debug/cyPm.lst -g -D DEBUG -Wall -ffunction-sections -Og -ffat-lto-objects -c .\Generated_Source\PSoC4\cyPm.c -o .\CortexM0\ARM_GCC_493\Debug\cyPm.o
arm-none-eabi-gcc.exe -mcpu=cortex-m0 -mthumb -Wno-main -I. -IGenerated_Source\PSoC4 -Wa,-alh=.\CortexM0\ARM_GCC_493\Debug/cyutils.lst -g -D DEBUG -Wall -ffunction-sections -Og -ffat-lto-objects -c .\Generated_Source\PSoC4\cyutils.c -o .\CortexM0\ARM_GCC_493\Debug\cyutils.o
arm-none-eabi-gcc.exe -mcpu=cortex-m0 -mthumb -Wno-main -I. -IGenerated_Source\PSoC4 -Wa,-alh=.\CortexM0\ARM_GCC_493\Debug/CyDMA.lst -g -D DEBUG -Wall -ffunction-sections -Og -ffat-lto-objects -c .\Generated_Source\PSoC4\CyDMA.c -o .\CortexM0\ARM_GCC_493\Debug\CyDMA.o
arm-none-eabi-gcc.exe -mcpu=cortex-m0 -mthumb -Wno-main -I. -IGenerated_Source\PSoC4 -Wa,-alh=.\CortexM0\ARM_GCC_493\Debug/CyLFClk.lst -g -D DEBUG -Wall -ffunction-sections -Og -ffat-lto-objects -c .\Generated_Source\PSoC4\CyLFClk.c -o .\CortexM0\ARM_GCC_493\Debug\CyLFClk.o
arm-none-eabi-ar.exe -rs .\CortexM0\ARM_GCC_493\Debug\i2c.a .\CortexM0\ARM_GCC_493\Debug\cyfitter_cfg.o .\CortexM0\ARM_GCC_493\Debug\EZI2C_1.o .\CortexM0\ARM_GCC_493\Debug\EZI2C_1_PM.o .\CortexM0\ARM_GCC_493\Debug\EZI2C_1_BOOT.o .\CortexM0\ARM_GCC_493\Debug\EZI2C_1_EZI2C.o .\CortexM0\ARM_GCC_493\Debug\EZI2C_1_EZI2C_INT.o .\CortexM0\ARM_GCC_493\Debug\EZI2C_1_EZI2C_BOOT.o .\CortexM0\ARM_GCC_493\Debug\EZI2C_1_SCBCLK.o .\CortexM0\ARM_GCC_493\Debug\EZI2C_1_sda.o .\CortexM0\ARM_GCC_493\Debug\EZI2C_1_sda_PM.o .\CortexM0\ARM_GCC_493\Debug\EZI2C_1_scl.o .\CortexM0\ARM_GCC_493\Debug\EZI2C_1_scl_PM.o .\CortexM0\ARM_GCC_493\Debug\EZI2C_1_SCB_IRQ.o .\CortexM0\ARM_GCC_493\Debug\CyBootAsmGnu.o .\CortexM0\ARM_GCC_493\Debug\CyFlash.o .\CortexM0\ARM_GCC_493\Debug\CyLib.o .\CortexM0\ARM_GCC_493\Debug\cyPm.o .\CortexM0\ARM_GCC_493\Debug\cyutils.o .\CortexM0\ARM_GCC_493\Debug\CyDMA.o .\CortexM0\ARM_GCC_493\Debug\CyLFClk.o
arm-none-eabi-ar.exe: creating .\CortexM0\ARM_GCC_493\Debug\i2c.a
arm-none-eabi-gcc.exe -Wl,--start-group -o .\CortexM0\ARM_GCC_493\Debug\i2c.elf .\CortexM0\ARM_GCC_493\Debug\main.o .\CortexM0\ARM_GCC_493\Debug\cymetadata.o .\CortexM0\ARM_GCC_493\Debug\Cm0Start.o .\CortexM0\ARM_GCC_493\Debug\i2c.a "C:\Program Files (x86)\Cypress\PSoC Creator\3.3\PSoC Creator\psoc\content\cycomponentlibrary\CyComponentLibrary.cylib\CortexM0\ARM_GCC_493\Debug\CyComponentLibrary.a" -mcpu=cortex-m0 -mthumb -g -ffunction-sections -Og -L Generated_Source\PSoC4 -Wl,-Map,.\CortexM0\ARM_GCC_493\Debug/i2c.map -T Generated_Source\PSoC4\cm0gcc.ld -specs=nano.specs -Wl,--gc-sections -Wl,--end-group
cyelftool.exe -C D:\projects\ArloBot\ArlobotHw\DualBoard-043\i2c.cydsn\CortexM0\ARM_GCC_493\Debug\i2c.elf --flash_row_size 128 --flash_size 131072
cyelftool.exe -S D:\projects\ArloBot\ArlobotHw\DualBoard-043\i2c.cydsn\CortexM0\ARM_GCC_493\Debug\i2c.elf
Flash used: 3072 of 131072 bytes (2.3 %).
SRAM used: 2484 of 16384 bytes (15.2 %). Stack: 2048 bytes. Heap: 128 bytes.
--------------- Rebuild Succeeded: 04/11/2016 14:29:08 ---------------
